[2023-03-12T13:16:12.692+0000] {processor.py:153} INFO - Started process (PID=63) to work on /opt/airflow/dags/parent_dag_2.py
[2023-03-12T13:16:12.693+0000] {processor.py:743} INFO - Processing file /opt/airflow/dags/parent_dag_2.py for tasks to queue
[2023-03-12T13:16:12.693+0000] {logging_mixin.py:137} INFO - [2023-03-12T13:16:12.693+0000] {dagbag.py:538} INFO - Filling up the DagBag from /opt/airflow/dags/parent_dag_2.py
[2023-03-12T13:16:12.711+0000] {processor.py:753} INFO - DAG(s) dict_keys(['dag_2']) retrieved from /opt/airflow/dags/parent_dag_2.py
[2023-03-12T13:16:12.925+0000] {logging_mixin.py:137} INFO - [2023-03-12T13:16:12.925+0000] {manager.py:504} INFO - Created Permission View: can delete on DAG:dag_2
[2023-03-12T13:16:12.934+0000] {logging_mixin.py:137} INFO - [2023-03-12T13:16:12.934+0000] {manager.py:504} INFO - Created Permission View: can read on DAG:dag_2
[2023-03-12T13:16:12.940+0000] {logging_mixin.py:137} INFO - [2023-03-12T13:16:12.940+0000] {manager.py:504} INFO - Created Permission View: can edit on DAG:dag_2
[2023-03-12T13:16:12.941+0000] {logging_mixin.py:137} INFO - [2023-03-12T13:16:12.941+0000] {dag.py:2690} INFO - Sync 1 DAGs
[2023-03-12T13:16:12.955+0000] {logging_mixin.py:137} INFO - [2023-03-12T13:16:12.955+0000] {dag.py:2711} INFO - Creating ORM DAG for dag_2
[2023-03-12T13:16:12.978+0000] {logging_mixin.py:137} INFO - [2023-03-12T13:16:12.978+0000] {dag.py:3441} INFO - Setting next_dagrun for dag_2 to 2023-03-12T13:15:00+00:00, run_after=2023-03-12T13:16:00+00:00
[2023-03-12T13:16:12.999+0000] {processor.py:175} INFO - Processing /opt/airflow/dags/parent_dag_2.py took 0.310 seconds
[2023-03-12T13:16:43.655+0000] {processor.py:153} INFO - Started process (PID=178) to work on /opt/airflow/dags/parent_dag_2.py
[2023-03-12T13:16:43.656+0000] {processor.py:743} INFO - Processing file /opt/airflow/dags/parent_dag_2.py for tasks to queue
[2023-03-12T13:16:43.657+0000] {logging_mixin.py:137} INFO - [2023-03-12T13:16:43.657+0000] {dagbag.py:538} INFO - Filling up the DagBag from /opt/airflow/dags/parent_dag_2.py
[2023-03-12T13:16:43.678+0000] {processor.py:753} INFO - DAG(s) dict_keys(['dag_2']) retrieved from /opt/airflow/dags/parent_dag_2.py
[2023-03-12T13:16:43.706+0000] {logging_mixin.py:137} INFO - [2023-03-12T13:16:43.706+0000] {dag.py:2690} INFO - Sync 1 DAGs
[2023-03-12T13:16:43.742+0000] {logging_mixin.py:137} INFO - [2023-03-12T13:16:43.742+0000] {dag.py:3441} INFO - Setting next_dagrun for dag_2 to 2023-03-12T13:15:00+00:00, run_after=2023-03-12T13:16:00+00:00
[2023-03-12T13:16:43.765+0000] {processor.py:175} INFO - Processing /opt/airflow/dags/parent_dag_2.py took 0.114 seconds
[2023-03-12T13:17:14.586+0000] {processor.py:153} INFO - Started process (PID=273) to work on /opt/airflow/dags/parent_dag_2.py
[2023-03-12T13:17:14.588+0000] {processor.py:743} INFO - Processing file /opt/airflow/dags/parent_dag_2.py for tasks to queue
[2023-03-12T13:17:14.588+0000] {logging_mixin.py:137} INFO - [2023-03-12T13:17:14.588+0000] {dagbag.py:538} INFO - Filling up the DagBag from /opt/airflow/dags/parent_dag_2.py
[2023-03-12T13:17:14.605+0000] {processor.py:753} INFO - DAG(s) dict_keys(['dag_2']) retrieved from /opt/airflow/dags/parent_dag_2.py
[2023-03-12T13:17:14.628+0000] {logging_mixin.py:137} INFO - [2023-03-12T13:17:14.628+0000] {dag.py:2690} INFO - Sync 1 DAGs
[2023-03-12T13:17:14.668+0000] {logging_mixin.py:137} INFO - [2023-03-12T13:17:14.667+0000] {dag.py:3441} INFO - Setting next_dagrun for dag_2 to 2023-03-12T13:16:00+00:00, run_after=2023-03-12T13:17:00+00:00
[2023-03-12T13:17:14.694+0000] {processor.py:175} INFO - Processing /opt/airflow/dags/parent_dag_2.py took 0.110 seconds
[2023-03-12T13:17:45.056+0000] {processor.py:153} INFO - Started process (PID=373) to work on /opt/airflow/dags/parent_dag_2.py
[2023-03-12T13:17:45.057+0000] {processor.py:743} INFO - Processing file /opt/airflow/dags/parent_dag_2.py for tasks to queue
[2023-03-12T13:17:45.058+0000] {logging_mixin.py:137} INFO - [2023-03-12T13:17:45.058+0000] {dagbag.py:538} INFO - Filling up the DagBag from /opt/airflow/dags/parent_dag_2.py
[2023-03-12T13:17:45.080+0000] {processor.py:753} INFO - DAG(s) dict_keys(['dag_2']) retrieved from /opt/airflow/dags/parent_dag_2.py
[2023-03-12T13:17:45.111+0000] {logging_mixin.py:137} INFO - [2023-03-12T13:17:45.110+0000] {dag.py:2690} INFO - Sync 1 DAGs
[2023-03-12T13:17:45.159+0000] {logging_mixin.py:137} INFO - [2023-03-12T13:17:45.159+0000] {dag.py:3441} INFO - Setting next_dagrun for dag_2 to 2023-03-12T13:16:00+00:00, run_after=2023-03-12T13:17:00+00:00
[2023-03-12T13:17:45.187+0000] {processor.py:175} INFO - Processing /opt/airflow/dags/parent_dag_2.py took 0.138 seconds
[2023-03-12T13:18:15.492+0000] {processor.py:153} INFO - Started process (PID=486) to work on /opt/airflow/dags/parent_dag_2.py
[2023-03-12T13:18:15.493+0000] {processor.py:743} INFO - Processing file /opt/airflow/dags/parent_dag_2.py for tasks to queue
[2023-03-12T13:18:15.493+0000] {logging_mixin.py:137} INFO - [2023-03-12T13:18:15.493+0000] {dagbag.py:538} INFO - Filling up the DagBag from /opt/airflow/dags/parent_dag_2.py
[2023-03-12T13:18:15.509+0000] {processor.py:753} INFO - DAG(s) dict_keys(['dag_2']) retrieved from /opt/airflow/dags/parent_dag_2.py
[2023-03-12T13:18:15.531+0000] {logging_mixin.py:137} INFO - [2023-03-12T13:18:15.531+0000] {dag.py:2690} INFO - Sync 1 DAGs
[2023-03-12T13:18:15.569+0000] {logging_mixin.py:137} INFO - [2023-03-12T13:18:15.569+0000] {dag.py:3441} INFO - Setting next_dagrun for dag_2 to 2023-03-12T13:17:00+00:00, run_after=2023-03-12T13:18:00+00:00
[2023-03-12T13:18:15.586+0000] {processor.py:175} INFO - Processing /opt/airflow/dags/parent_dag_2.py took 0.097 seconds
[2023-03-12T13:18:45.613+0000] {processor.py:153} INFO - Started process (PID=576) to work on /opt/airflow/dags/parent_dag_2.py
[2023-03-12T13:18:45.614+0000] {processor.py:743} INFO - Processing file /opt/airflow/dags/parent_dag_2.py for tasks to queue
[2023-03-12T13:18:45.615+0000] {logging_mixin.py:137} INFO - [2023-03-12T13:18:45.614+0000] {dagbag.py:538} INFO - Filling up the DagBag from /opt/airflow/dags/parent_dag_2.py
[2023-03-12T13:18:45.630+0000] {processor.py:753} INFO - DAG(s) dict_keys(['dag_2']) retrieved from /opt/airflow/dags/parent_dag_2.py
[2023-03-12T13:18:45.654+0000] {logging_mixin.py:137} INFO - [2023-03-12T13:18:45.654+0000] {dag.py:2690} INFO - Sync 1 DAGs
[2023-03-12T13:18:45.684+0000] {logging_mixin.py:137} INFO - [2023-03-12T13:18:45.683+0000] {dag.py:3441} INFO - Setting next_dagrun for dag_2 to 2023-03-12T13:17:00+00:00, run_after=2023-03-12T13:18:00+00:00
[2023-03-12T13:18:45.700+0000] {processor.py:175} INFO - Processing /opt/airflow/dags/parent_dag_2.py took 0.090 seconds
[2023-03-12T13:19:15.746+0000] {processor.py:153} INFO - Started process (PID=695) to work on /opt/airflow/dags/parent_dag_2.py
[2023-03-12T13:19:15.747+0000] {processor.py:743} INFO - Processing file /opt/airflow/dags/parent_dag_2.py for tasks to queue
[2023-03-12T13:19:15.748+0000] {logging_mixin.py:137} INFO - [2023-03-12T13:19:15.748+0000] {dagbag.py:538} INFO - Filling up the DagBag from /opt/airflow/dags/parent_dag_2.py
[2023-03-12T13:19:15.763+0000] {processor.py:753} INFO - DAG(s) dict_keys(['dag_2']) retrieved from /opt/airflow/dags/parent_dag_2.py
[2023-03-12T13:19:15.786+0000] {logging_mixin.py:137} INFO - [2023-03-12T13:19:15.786+0000] {dag.py:2690} INFO - Sync 1 DAGs
[2023-03-12T13:19:15.816+0000] {logging_mixin.py:137} INFO - [2023-03-12T13:19:15.815+0000] {dag.py:3441} INFO - Setting next_dagrun for dag_2 to 2023-03-12T13:18:00+00:00, run_after=2023-03-12T13:19:00+00:00
[2023-03-12T13:19:15.833+0000] {processor.py:175} INFO - Processing /opt/airflow/dags/parent_dag_2.py took 0.089 seconds
