[2023-03-12T12:54:39.407+0000] {processor.py:153} INFO - Started process (PID=73) to work on /opt/airflow/dags/parent_dag_1.py
[2023-03-12T12:54:39.408+0000] {processor.py:743} INFO - Processing file /opt/airflow/dags/parent_dag_1.py for tasks to queue
[2023-03-12T12:54:39.408+0000] {logging_mixin.py:137} INFO - [2023-03-12T12:54:39.408+0000] {dagbag.py:538} INFO - Filling up the DagBag from /opt/airflow/dags/parent_dag_1.py
[2023-03-12T12:54:39.454+0000] {processor.py:753} INFO - DAG(s) dict_keys(['dag_1']) retrieved from /opt/airflow/dags/parent_dag_1.py
[2023-03-12T12:54:39.675+0000] {logging_mixin.py:137} INFO - [2023-03-12T12:54:39.675+0000] {manager.py:504} INFO - Created Permission View: can delete on DAG:dag_1
[2023-03-12T12:54:39.688+0000] {logging_mixin.py:137} INFO - [2023-03-12T12:54:39.688+0000] {manager.py:504} INFO - Created Permission View: can read on DAG:dag_1
[2023-03-12T12:54:39.696+0000] {logging_mixin.py:137} INFO - [2023-03-12T12:54:39.696+0000] {manager.py:504} INFO - Created Permission View: can edit on DAG:dag_1
[2023-03-12T12:54:39.696+0000] {logging_mixin.py:137} INFO - [2023-03-12T12:54:39.696+0000] {dag.py:2690} INFO - Sync 1 DAGs
[2023-03-12T12:54:39.713+0000] {logging_mixin.py:137} INFO - [2023-03-12T12:54:39.713+0000] {dag.py:2711} INFO - Creating ORM DAG for dag_1
[2023-03-12T12:54:39.731+0000] {logging_mixin.py:137} INFO - [2023-03-12T12:54:39.730+0000] {dag.py:3441} INFO - Setting next_dagrun for dag_1 to 2023-03-12T12:53:00+00:00, run_after=2023-03-12T12:54:00+00:00
[2023-03-12T12:54:39.746+0000] {processor.py:175} INFO - Processing /opt/airflow/dags/parent_dag_1.py took 0.342 seconds
[2023-03-12T12:55:09.801+0000] {processor.py:153} INFO - Started process (PID=179) to work on /opt/airflow/dags/parent_dag_1.py
[2023-03-12T12:55:09.802+0000] {processor.py:743} INFO - Processing file /opt/airflow/dags/parent_dag_1.py for tasks to queue
[2023-03-12T12:55:09.803+0000] {logging_mixin.py:137} INFO - [2023-03-12T12:55:09.803+0000] {dagbag.py:538} INFO - Filling up the DagBag from /opt/airflow/dags/parent_dag_1.py
[2023-03-12T12:55:09.818+0000] {processor.py:753} INFO - DAG(s) dict_keys(['dag_1']) retrieved from /opt/airflow/dags/parent_dag_1.py
[2023-03-12T12:55:09.842+0000] {logging_mixin.py:137} INFO - [2023-03-12T12:55:09.842+0000] {dag.py:2690} INFO - Sync 1 DAGs
[2023-03-12T12:55:09.873+0000] {logging_mixin.py:137} INFO - [2023-03-12T12:55:09.873+0000] {dag.py:3441} INFO - Setting next_dagrun for dag_1 to 2023-03-12T12:54:00+00:00, run_after=2023-03-12T12:55:00+00:00
[2023-03-12T12:55:09.897+0000] {processor.py:175} INFO - Processing /opt/airflow/dags/parent_dag_1.py took 0.099 seconds
[2023-03-12T12:55:40.521+0000] {processor.py:153} INFO - Started process (PID=268) to work on /opt/airflow/dags/parent_dag_1.py
[2023-03-12T12:55:40.522+0000] {processor.py:743} INFO - Processing file /opt/airflow/dags/parent_dag_1.py for tasks to queue
[2023-03-12T12:55:40.522+0000] {logging_mixin.py:137} INFO - [2023-03-12T12:55:40.522+0000] {dagbag.py:538} INFO - Filling up the DagBag from /opt/airflow/dags/parent_dag_1.py
[2023-03-12T12:55:40.538+0000] {processor.py:753} INFO - DAG(s) dict_keys(['dag_1']) retrieved from /opt/airflow/dags/parent_dag_1.py
[2023-03-12T12:55:40.567+0000] {logging_mixin.py:137} INFO - [2023-03-12T12:55:40.567+0000] {dag.py:2690} INFO - Sync 1 DAGs
[2023-03-12T12:55:40.601+0000] {logging_mixin.py:137} INFO - [2023-03-12T12:55:40.601+0000] {dag.py:3441} INFO - Setting next_dagrun for dag_1 to 2023-03-12T12:54:00+00:00, run_after=2023-03-12T12:55:00+00:00
[2023-03-12T12:55:40.618+0000] {processor.py:175} INFO - Processing /opt/airflow/dags/parent_dag_1.py took 0.100 seconds
[2023-03-12T12:56:11.542+0000] {processor.py:153} INFO - Started process (PID=382) to work on /opt/airflow/dags/parent_dag_1.py
[2023-03-12T12:56:11.544+0000] {processor.py:743} INFO - Processing file /opt/airflow/dags/parent_dag_1.py for tasks to queue
[2023-03-12T12:56:11.544+0000] {logging_mixin.py:137} INFO - [2023-03-12T12:56:11.544+0000] {dagbag.py:538} INFO - Filling up the DagBag from /opt/airflow/dags/parent_dag_1.py
[2023-03-12T12:56:11.562+0000] {processor.py:753} INFO - DAG(s) dict_keys(['dag_1']) retrieved from /opt/airflow/dags/parent_dag_1.py
[2023-03-12T12:56:11.585+0000] {logging_mixin.py:137} INFO - [2023-03-12T12:56:11.585+0000] {dag.py:2690} INFO - Sync 1 DAGs
[2023-03-12T12:56:11.616+0000] {logging_mixin.py:137} INFO - [2023-03-12T12:56:11.615+0000] {dag.py:3441} INFO - Setting next_dagrun for dag_1 to 2023-03-12T12:55:00+00:00, run_after=2023-03-12T12:56:00+00:00
[2023-03-12T12:56:11.634+0000] {processor.py:175} INFO - Processing /opt/airflow/dags/parent_dag_1.py took 0.094 seconds
[2023-03-12T12:56:41.731+0000] {processor.py:153} INFO - Started process (PID=472) to work on /opt/airflow/dags/parent_dag_1.py
[2023-03-12T12:56:41.732+0000] {processor.py:743} INFO - Processing file /opt/airflow/dags/parent_dag_1.py for tasks to queue
[2023-03-12T12:56:41.733+0000] {logging_mixin.py:137} INFO - [2023-03-12T12:56:41.732+0000] {dagbag.py:538} INFO - Filling up the DagBag from /opt/airflow/dags/parent_dag_1.py
[2023-03-12T12:56:41.749+0000] {processor.py:753} INFO - DAG(s) dict_keys(['dag_1']) retrieved from /opt/airflow/dags/parent_dag_1.py
[2023-03-12T12:56:41.773+0000] {logging_mixin.py:137} INFO - [2023-03-12T12:56:41.773+0000] {dag.py:2690} INFO - Sync 1 DAGs
[2023-03-12T12:56:41.802+0000] {logging_mixin.py:137} INFO - [2023-03-12T12:56:41.802+0000] {dag.py:3441} INFO - Setting next_dagrun for dag_1 to 2023-03-12T12:55:00+00:00, run_after=2023-03-12T12:56:00+00:00
[2023-03-12T12:56:41.819+0000] {processor.py:175} INFO - Processing /opt/airflow/dags/parent_dag_1.py took 0.091 seconds
[2023-03-12T12:57:12.716+0000] {processor.py:153} INFO - Started process (PID=586) to work on /opt/airflow/dags/parent_dag_1.py
[2023-03-12T12:57:12.717+0000] {processor.py:743} INFO - Processing file /opt/airflow/dags/parent_dag_1.py for tasks to queue
[2023-03-12T12:57:12.717+0000] {logging_mixin.py:137} INFO - [2023-03-12T12:57:12.717+0000] {dagbag.py:538} INFO - Filling up the DagBag from /opt/airflow/dags/parent_dag_1.py
[2023-03-12T12:57:12.733+0000] {processor.py:753} INFO - DAG(s) dict_keys(['dag_1']) retrieved from /opt/airflow/dags/parent_dag_1.py
[2023-03-12T12:57:12.756+0000] {logging_mixin.py:137} INFO - [2023-03-12T12:57:12.756+0000] {dag.py:2690} INFO - Sync 1 DAGs
[2023-03-12T12:57:12.791+0000] {logging_mixin.py:137} INFO - [2023-03-12T12:57:12.791+0000] {dag.py:3441} INFO - Setting next_dagrun for dag_1 to 2023-03-12T12:56:00+00:00, run_after=2023-03-12T12:57:00+00:00
[2023-03-12T12:57:12.812+0000] {processor.py:175} INFO - Processing /opt/airflow/dags/parent_dag_1.py took 0.099 seconds
[2023-03-12T12:57:43.363+0000] {processor.py:153} INFO - Started process (PID=676) to work on /opt/airflow/dags/parent_dag_1.py
[2023-03-12T12:57:43.364+0000] {processor.py:743} INFO - Processing file /opt/airflow/dags/parent_dag_1.py for tasks to queue
[2023-03-12T12:57:43.364+0000] {logging_mixin.py:137} INFO - [2023-03-12T12:57:43.364+0000] {dagbag.py:538} INFO - Filling up the DagBag from /opt/airflow/dags/parent_dag_1.py
[2023-03-12T12:57:43.380+0000] {processor.py:753} INFO - DAG(s) dict_keys(['dag_1']) retrieved from /opt/airflow/dags/parent_dag_1.py
[2023-03-12T12:57:43.404+0000] {logging_mixin.py:137} INFO - [2023-03-12T12:57:43.403+0000] {dag.py:2690} INFO - Sync 1 DAGs
[2023-03-12T12:57:43.433+0000] {logging_mixin.py:137} INFO - [2023-03-12T12:57:43.433+0000] {dag.py:3441} INFO - Setting next_dagrun for dag_1 to 2023-03-12T12:56:00+00:00, run_after=2023-03-12T12:57:00+00:00
[2023-03-12T12:57:43.457+0000] {processor.py:175} INFO - Processing /opt/airflow/dags/parent_dag_1.py took 0.097 seconds
[2023-03-12T12:58:14.145+0000] {processor.py:153} INFO - Started process (PID=775) to work on /opt/airflow/dags/parent_dag_1.py
[2023-03-12T12:58:14.146+0000] {processor.py:743} INFO - Processing file /opt/airflow/dags/parent_dag_1.py for tasks to queue
[2023-03-12T12:58:14.146+0000] {logging_mixin.py:137} INFO - [2023-03-12T12:58:14.146+0000] {dagbag.py:538} INFO - Filling up the DagBag from /opt/airflow/dags/parent_dag_1.py
[2023-03-12T12:58:14.164+0000] {processor.py:753} INFO - DAG(s) dict_keys(['dag_1']) retrieved from /opt/airflow/dags/parent_dag_1.py
[2023-03-12T12:58:14.189+0000] {logging_mixin.py:137} INFO - [2023-03-12T12:58:14.189+0000] {dag.py:2690} INFO - Sync 1 DAGs
[2023-03-12T12:58:14.293+0000] {logging_mixin.py:137} INFO - [2023-03-12T12:58:14.293+0000] {dag.py:3441} INFO - Setting next_dagrun for dag_1 to 2023-03-12T12:57:00+00:00, run_after=2023-03-12T12:58:00+00:00
[2023-03-12T12:58:14.363+0000] {processor.py:175} INFO - Processing /opt/airflow/dags/parent_dag_1.py took 0.221 seconds
[2023-03-12T12:58:44.725+0000] {processor.py:153} INFO - Started process (PID=880) to work on /opt/airflow/dags/parent_dag_1.py
[2023-03-12T12:58:44.726+0000] {processor.py:743} INFO - Processing file /opt/airflow/dags/parent_dag_1.py for tasks to queue
[2023-03-12T12:58:44.726+0000] {logging_mixin.py:137} INFO - [2023-03-12T12:58:44.726+0000] {dagbag.py:538} INFO - Filling up the DagBag from /opt/airflow/dags/parent_dag_1.py
[2023-03-12T12:58:44.743+0000] {processor.py:753} INFO - DAG(s) dict_keys(['dag_1']) retrieved from /opt/airflow/dags/parent_dag_1.py
[2023-03-12T12:58:44.768+0000] {logging_mixin.py:137} INFO - [2023-03-12T12:58:44.768+0000] {dag.py:2690} INFO - Sync 1 DAGs
[2023-03-12T12:58:44.798+0000] {logging_mixin.py:137} INFO - [2023-03-12T12:58:44.798+0000] {dag.py:3441} INFO - Setting next_dagrun for dag_1 to 2023-03-12T12:57:00+00:00, run_after=2023-03-12T12:58:00+00:00
[2023-03-12T12:58:44.815+0000] {processor.py:175} INFO - Processing /opt/airflow/dags/parent_dag_1.py took 0.093 seconds
[2023-03-12T13:00:35.389+0000] {processor.py:153} INFO - Started process (PID=73) to work on /opt/airflow/dags/parent_dag_1.py
[2023-03-12T13:00:35.390+0000] {processor.py:743} INFO - Processing file /opt/airflow/dags/parent_dag_1.py for tasks to queue
[2023-03-12T13:00:35.391+0000] {logging_mixin.py:137} INFO - [2023-03-12T13:00:35.391+0000] {dagbag.py:538} INFO - Filling up the DagBag from /opt/airflow/dags/parent_dag_1.py
[2023-03-12T13:00:35.478+0000] {processor.py:753} INFO - DAG(s) dict_keys(['dag_1']) retrieved from /opt/airflow/dags/parent_dag_1.py
[2023-03-12T13:00:35.576+0000] {logging_mixin.py:137} INFO - [2023-03-12T13:00:35.576+0000] {dag.py:2690} INFO - Sync 1 DAGs
[2023-03-12T13:00:35.612+0000] {logging_mixin.py:137} INFO - [2023-03-12T13:00:35.612+0000] {dag.py:3441} INFO - Setting next_dagrun for dag_1 to 2023-03-12T12:59:00+00:00, run_after=2023-03-12T13:00:00+00:00
[2023-03-12T13:00:35.646+0000] {processor.py:175} INFO - Processing /opt/airflow/dags/parent_dag_1.py took 0.260 seconds
[2023-03-12T13:01:05.729+0000] {processor.py:153} INFO - Started process (PID=179) to work on /opt/airflow/dags/parent_dag_1.py
[2023-03-12T13:01:05.730+0000] {processor.py:743} INFO - Processing file /opt/airflow/dags/parent_dag_1.py for tasks to queue
[2023-03-12T13:01:05.730+0000] {logging_mixin.py:137} INFO - [2023-03-12T13:01:05.730+0000] {dagbag.py:538} INFO - Filling up the DagBag from /opt/airflow/dags/parent_dag_1.py
[2023-03-12T13:01:05.747+0000] {processor.py:753} INFO - DAG(s) dict_keys(['dag_1']) retrieved from /opt/airflow/dags/parent_dag_1.py
[2023-03-12T13:01:05.773+0000] {logging_mixin.py:137} INFO - [2023-03-12T13:01:05.773+0000] {dag.py:2690} INFO - Sync 1 DAGs
[2023-03-12T13:01:05.809+0000] {logging_mixin.py:137} INFO - [2023-03-12T13:01:05.809+0000] {dag.py:3441} INFO - Setting next_dagrun for dag_1 to 2023-03-12T13:00:00+00:00, run_after=2023-03-12T13:01:00+00:00
[2023-03-12T13:01:05.828+0000] {processor.py:175} INFO - Processing /opt/airflow/dags/parent_dag_1.py took 0.102 seconds
[2023-03-12T13:01:36.549+0000] {processor.py:153} INFO - Started process (PID=268) to work on /opt/airflow/dags/parent_dag_1.py
[2023-03-12T13:01:36.551+0000] {processor.py:743} INFO - Processing file /opt/airflow/dags/parent_dag_1.py for tasks to queue
[2023-03-12T13:01:36.552+0000] {logging_mixin.py:137} INFO - [2023-03-12T13:01:36.552+0000] {dagbag.py:538} INFO - Filling up the DagBag from /opt/airflow/dags/parent_dag_1.py
[2023-03-12T13:01:36.572+0000] {processor.py:753} INFO - DAG(s) dict_keys(['dag_1']) retrieved from /opt/airflow/dags/parent_dag_1.py
[2023-03-12T13:01:36.597+0000] {logging_mixin.py:137} INFO - [2023-03-12T13:01:36.597+0000] {dag.py:2690} INFO - Sync 1 DAGs
[2023-03-12T13:01:36.635+0000] {logging_mixin.py:137} INFO - [2023-03-12T13:01:36.635+0000] {dag.py:3441} INFO - Setting next_dagrun for dag_1 to 2023-03-12T13:00:00+00:00, run_after=2023-03-12T13:01:00+00:00
[2023-03-12T13:01:36.662+0000] {processor.py:175} INFO - Processing /opt/airflow/dags/parent_dag_1.py took 0.117 seconds
[2023-03-12T13:02:07.081+0000] {processor.py:153} INFO - Started process (PID=382) to work on /opt/airflow/dags/parent_dag_1.py
[2023-03-12T13:02:07.082+0000] {processor.py:743} INFO - Processing file /opt/airflow/dags/parent_dag_1.py for tasks to queue
[2023-03-12T13:02:07.083+0000] {logging_mixin.py:137} INFO - [2023-03-12T13:02:07.083+0000] {dagbag.py:538} INFO - Filling up the DagBag from /opt/airflow/dags/parent_dag_1.py
[2023-03-12T13:02:07.101+0000] {processor.py:753} INFO - DAG(s) dict_keys(['dag_1']) retrieved from /opt/airflow/dags/parent_dag_1.py
[2023-03-12T13:02:07.125+0000] {logging_mixin.py:137} INFO - [2023-03-12T13:02:07.125+0000] {dag.py:2690} INFO - Sync 1 DAGs
[2023-03-12T13:02:07.167+0000] {logging_mixin.py:137} INFO - [2023-03-12T13:02:07.166+0000] {dag.py:3441} INFO - Setting next_dagrun for dag_1 to 2023-03-12T13:01:00+00:00, run_after=2023-03-12T13:02:00+00:00
[2023-03-12T13:02:07.186+0000] {processor.py:175} INFO - Processing /opt/airflow/dags/parent_dag_1.py took 0.107 seconds
[2023-03-12T13:02:38.019+0000] {processor.py:153} INFO - Started process (PID=472) to work on /opt/airflow/dags/parent_dag_1.py
[2023-03-12T13:02:38.020+0000] {processor.py:743} INFO - Processing file /opt/airflow/dags/parent_dag_1.py for tasks to queue
[2023-03-12T13:02:38.021+0000] {logging_mixin.py:137} INFO - [2023-03-12T13:02:38.021+0000] {dagbag.py:538} INFO - Filling up the DagBag from /opt/airflow/dags/parent_dag_1.py
[2023-03-12T13:02:38.036+0000] {processor.py:753} INFO - DAG(s) dict_keys(['dag_1']) retrieved from /opt/airflow/dags/parent_dag_1.py
[2023-03-12T13:02:38.060+0000] {logging_mixin.py:137} INFO - [2023-03-12T13:02:38.060+0000] {dag.py:2690} INFO - Sync 1 DAGs
[2023-03-12T13:02:38.092+0000] {logging_mixin.py:137} INFO - [2023-03-12T13:02:38.092+0000] {dag.py:3441} INFO - Setting next_dagrun for dag_1 to 2023-03-12T13:01:00+00:00, run_after=2023-03-12T13:02:00+00:00
[2023-03-12T13:02:38.110+0000] {processor.py:175} INFO - Processing /opt/airflow/dags/parent_dag_1.py took 0.093 seconds
[2023-03-12T13:03:08.808+0000] {processor.py:153} INFO - Started process (PID=569) to work on /opt/airflow/dags/parent_dag_1.py
[2023-03-12T13:03:08.809+0000] {processor.py:743} INFO - Processing file /opt/airflow/dags/parent_dag_1.py for tasks to queue
[2023-03-12T13:03:08.810+0000] {logging_mixin.py:137} INFO - [2023-03-12T13:03:08.809+0000] {dagbag.py:538} INFO - Filling up the DagBag from /opt/airflow/dags/parent_dag_1.py
[2023-03-12T13:03:08.830+0000] {processor.py:753} INFO - DAG(s) dict_keys(['dag_1']) retrieved from /opt/airflow/dags/parent_dag_1.py
[2023-03-12T13:03:08.857+0000] {logging_mixin.py:137} INFO - [2023-03-12T13:03:08.856+0000] {dag.py:2690} INFO - Sync 1 DAGs
[2023-03-12T13:03:08.906+0000] {logging_mixin.py:137} INFO - [2023-03-12T13:03:08.906+0000] {dag.py:3441} INFO - Setting next_dagrun for dag_1 to 2023-03-12T13:02:00+00:00, run_after=2023-03-12T13:03:00+00:00
[2023-03-12T13:03:08.925+0000] {processor.py:175} INFO - Processing /opt/airflow/dags/parent_dag_1.py took 0.121 seconds
[2023-03-12T13:03:39.689+0000] {processor.py:153} INFO - Started process (PID=676) to work on /opt/airflow/dags/parent_dag_1.py
[2023-03-12T13:03:39.690+0000] {processor.py:743} INFO - Processing file /opt/airflow/dags/parent_dag_1.py for tasks to queue
[2023-03-12T13:03:39.691+0000] {logging_mixin.py:137} INFO - [2023-03-12T13:03:39.690+0000] {dagbag.py:538} INFO - Filling up the DagBag from /opt/airflow/dags/parent_dag_1.py
[2023-03-12T13:03:39.706+0000] {processor.py:753} INFO - DAG(s) dict_keys(['dag_1']) retrieved from /opt/airflow/dags/parent_dag_1.py
[2023-03-12T13:03:39.727+0000] {logging_mixin.py:137} INFO - [2023-03-12T13:03:39.727+0000] {dag.py:2690} INFO - Sync 1 DAGs
[2023-03-12T13:03:39.761+0000] {logging_mixin.py:137} INFO - [2023-03-12T13:03:39.760+0000] {dag.py:3441} INFO - Setting next_dagrun for dag_1 to 2023-03-12T13:02:00+00:00, run_after=2023-03-12T13:03:00+00:00
[2023-03-12T13:03:39.778+0000] {processor.py:175} INFO - Processing /opt/airflow/dags/parent_dag_1.py took 0.092 seconds
[2023-03-12T13:04:10.436+0000] {processor.py:153} INFO - Started process (PID=766) to work on /opt/airflow/dags/parent_dag_1.py
[2023-03-12T13:04:10.437+0000] {processor.py:743} INFO - Processing file /opt/airflow/dags/parent_dag_1.py for tasks to queue
[2023-03-12T13:04:10.438+0000] {logging_mixin.py:137} INFO - [2023-03-12T13:04:10.438+0000] {dagbag.py:538} INFO - Filling up the DagBag from /opt/airflow/dags/parent_dag_1.py
[2023-03-12T13:04:10.455+0000] {processor.py:753} INFO - DAG(s) dict_keys(['dag_1']) retrieved from /opt/airflow/dags/parent_dag_1.py
[2023-03-12T13:04:10.479+0000] {logging_mixin.py:137} INFO - [2023-03-12T13:04:10.479+0000] {dag.py:2690} INFO - Sync 1 DAGs
[2023-03-12T13:04:10.510+0000] {logging_mixin.py:137} INFO - [2023-03-12T13:04:10.510+0000] {dag.py:3441} INFO - Setting next_dagrun for dag_1 to 2023-03-12T13:03:00+00:00, run_after=2023-03-12T13:04:00+00:00
[2023-03-12T13:04:10.529+0000] {processor.py:175} INFO - Processing /opt/airflow/dags/parent_dag_1.py took 0.096 seconds
[2023-03-12T13:04:41.162+0000] {processor.py:153} INFO - Started process (PID=880) to work on /opt/airflow/dags/parent_dag_1.py
[2023-03-12T13:04:41.163+0000] {processor.py:743} INFO - Processing file /opt/airflow/dags/parent_dag_1.py for tasks to queue
[2023-03-12T13:04:41.164+0000] {logging_mixin.py:137} INFO - [2023-03-12T13:04:41.164+0000] {dagbag.py:538} INFO - Filling up the DagBag from /opt/airflow/dags/parent_dag_1.py
[2023-03-12T13:04:41.180+0000] {processor.py:753} INFO - DAG(s) dict_keys(['dag_1']) retrieved from /opt/airflow/dags/parent_dag_1.py
[2023-03-12T13:04:41.203+0000] {logging_mixin.py:137} INFO - [2023-03-12T13:04:41.202+0000] {dag.py:2690} INFO - Sync 1 DAGs
[2023-03-12T13:04:41.233+0000] {logging_mixin.py:137} INFO - [2023-03-12T13:04:41.233+0000] {dag.py:3441} INFO - Setting next_dagrun for dag_1 to 2023-03-12T13:03:00+00:00, run_after=2023-03-12T13:04:00+00:00
[2023-03-12T13:04:41.252+0000] {processor.py:175} INFO - Processing /opt/airflow/dags/parent_dag_1.py took 0.093 seconds
[2023-03-12T13:05:12.015+0000] {processor.py:153} INFO - Started process (PID=970) to work on /opt/airflow/dags/parent_dag_1.py
[2023-03-12T13:05:12.016+0000] {processor.py:743} INFO - Processing file /opt/airflow/dags/parent_dag_1.py for tasks to queue
[2023-03-12T13:05:12.017+0000] {logging_mixin.py:137} INFO - [2023-03-12T13:05:12.017+0000] {dagbag.py:538} INFO - Filling up the DagBag from /opt/airflow/dags/parent_dag_1.py
[2023-03-12T13:05:12.032+0000] {processor.py:753} INFO - DAG(s) dict_keys(['dag_1']) retrieved from /opt/airflow/dags/parent_dag_1.py
[2023-03-12T13:05:12.054+0000] {logging_mixin.py:137} INFO - [2023-03-12T13:05:12.054+0000] {dag.py:2690} INFO - Sync 1 DAGs
[2023-03-12T13:05:12.086+0000] {logging_mixin.py:137} INFO - [2023-03-12T13:05:12.085+0000] {dag.py:3441} INFO - Setting next_dagrun for dag_1 to 2023-03-12T13:04:00+00:00, run_after=2023-03-12T13:05:00+00:00
[2023-03-12T13:05:12.105+0000] {processor.py:175} INFO - Processing /opt/airflow/dags/parent_dag_1.py took 0.093 seconds
[2023-03-12T13:05:42.606+0000] {processor.py:153} INFO - Started process (PID=1085) to work on /opt/airflow/dags/parent_dag_1.py
[2023-03-12T13:05:42.610+0000] {processor.py:743} INFO - Processing file /opt/airflow/dags/parent_dag_1.py for tasks to queue
[2023-03-12T13:05:42.611+0000] {logging_mixin.py:137} INFO - [2023-03-12T13:05:42.611+0000] {dagbag.py:538} INFO - Filling up the DagBag from /opt/airflow/dags/parent_dag_1.py
[2023-03-12T13:05:42.666+0000] {processor.py:753} INFO - DAG(s) dict_keys(['dag_1']) retrieved from /opt/airflow/dags/parent_dag_1.py
[2023-03-12T13:05:42.693+0000] {logging_mixin.py:137} INFO - [2023-03-12T13:05:42.692+0000] {dag.py:2690} INFO - Sync 1 DAGs
[2023-03-12T13:05:42.725+0000] {logging_mixin.py:137} INFO - [2023-03-12T13:05:42.725+0000] {dag.py:3441} INFO - Setting next_dagrun for dag_1 to 2023-03-12T13:04:00+00:00, run_after=2023-03-12T13:05:00+00:00
[2023-03-12T13:05:42.744+0000] {processor.py:175} INFO - Processing /opt/airflow/dags/parent_dag_1.py took 0.145 seconds
[2023-03-12T13:06:13.494+0000] {processor.py:153} INFO - Started process (PID=1175) to work on /opt/airflow/dags/parent_dag_1.py
[2023-03-12T13:06:13.496+0000] {processor.py:743} INFO - Processing file /opt/airflow/dags/parent_dag_1.py for tasks to queue
[2023-03-12T13:06:13.496+0000] {logging_mixin.py:137} INFO - [2023-03-12T13:06:13.496+0000] {dagbag.py:538} INFO - Filling up the DagBag from /opt/airflow/dags/parent_dag_1.py
[2023-03-12T13:06:13.512+0000] {processor.py:753} INFO - DAG(s) dict_keys(['dag_1']) retrieved from /opt/airflow/dags/parent_dag_1.py
[2023-03-12T13:06:13.534+0000] {logging_mixin.py:137} INFO - [2023-03-12T13:06:13.534+0000] {dag.py:2690} INFO - Sync 1 DAGs
[2023-03-12T13:06:13.567+0000] {logging_mixin.py:137} INFO - [2023-03-12T13:06:13.567+0000] {dag.py:3441} INFO - Setting next_dagrun for dag_1 to 2023-03-12T13:05:00+00:00, run_after=2023-03-12T13:06:00+00:00
[2023-03-12T13:06:13.584+0000] {processor.py:175} INFO - Processing /opt/airflow/dags/parent_dag_1.py took 0.094 seconds
[2023-03-12T13:06:44.162+0000] {processor.py:153} INFO - Started process (PID=1275) to work on /opt/airflow/dags/parent_dag_1.py
[2023-03-12T13:06:44.163+0000] {processor.py:743} INFO - Processing file /opt/airflow/dags/parent_dag_1.py for tasks to queue
[2023-03-12T13:06:44.164+0000] {logging_mixin.py:137} INFO - [2023-03-12T13:06:44.164+0000] {dagbag.py:538} INFO - Filling up the DagBag from /opt/airflow/dags/parent_dag_1.py
[2023-03-12T13:06:44.180+0000] {processor.py:753} INFO - DAG(s) dict_keys(['dag_1']) retrieved from /opt/airflow/dags/parent_dag_1.py
[2023-03-12T13:06:44.202+0000] {logging_mixin.py:137} INFO - [2023-03-12T13:06:44.202+0000] {dag.py:2690} INFO - Sync 1 DAGs
[2023-03-12T13:06:44.237+0000] {logging_mixin.py:137} INFO - [2023-03-12T13:06:44.237+0000] {dag.py:3441} INFO - Setting next_dagrun for dag_1 to 2023-03-12T13:05:00+00:00, run_after=2023-03-12T13:06:00+00:00
[2023-03-12T13:06:44.256+0000] {processor.py:175} INFO - Processing /opt/airflow/dags/parent_dag_1.py took 0.097 seconds
[2023-03-12T13:07:01.914+0000] {processor.py:153} INFO - Started process (PID=64) to work on /opt/airflow/dags/parent_dag_1.py
[2023-03-12T13:07:01.915+0000] {processor.py:743} INFO - Processing file /opt/airflow/dags/parent_dag_1.py for tasks to queue
[2023-03-12T13:07:01.915+0000] {logging_mixin.py:137} INFO - [2023-03-12T13:07:01.915+0000] {dagbag.py:538} INFO - Filling up the DagBag from /opt/airflow/dags/parent_dag_1.py
[2023-03-12T13:07:01.934+0000] {processor.py:753} INFO - DAG(s) dict_keys(['dag_1']) retrieved from /opt/airflow/dags/parent_dag_1.py
[2023-03-12T13:07:02.017+0000] {logging_mixin.py:137} INFO - [2023-03-12T13:07:02.017+0000] {dag.py:2690} INFO - Sync 1 DAGs
[2023-03-12T13:07:02.054+0000] {logging_mixin.py:137} INFO - [2023-03-12T13:07:02.054+0000] {dag.py:3441} INFO - Setting next_dagrun for dag_1 to 2023-03-12T13:06:00+00:00, run_after=2023-03-12T13:07:00+00:00
[2023-03-12T13:07:02.081+0000] {processor.py:175} INFO - Processing /opt/airflow/dags/parent_dag_1.py took 0.170 seconds
[2023-03-12T13:07:32.112+0000] {processor.py:153} INFO - Started process (PID=154) to work on /opt/airflow/dags/parent_dag_1.py
[2023-03-12T13:07:32.113+0000] {processor.py:743} INFO - Processing file /opt/airflow/dags/parent_dag_1.py for tasks to queue
[2023-03-12T13:07:32.114+0000] {logging_mixin.py:137} INFO - [2023-03-12T13:07:32.114+0000] {dagbag.py:538} INFO - Filling up the DagBag from /opt/airflow/dags/parent_dag_1.py
[2023-03-12T13:07:32.131+0000] {processor.py:753} INFO - DAG(s) dict_keys(['dag_1']) retrieved from /opt/airflow/dags/parent_dag_1.py
[2023-03-12T13:07:32.190+0000] {logging_mixin.py:137} INFO - [2023-03-12T13:07:32.189+0000] {dag.py:2690} INFO - Sync 1 DAGs
[2023-03-12T13:07:32.223+0000] {logging_mixin.py:137} INFO - [2023-03-12T13:07:32.223+0000] {dag.py:3441} INFO - Setting next_dagrun for dag_1 to 2023-03-12T13:06:00+00:00, run_after=2023-03-12T13:07:00+00:00
[2023-03-12T13:07:32.241+0000] {processor.py:175} INFO - Processing /opt/airflow/dags/parent_dag_1.py took 0.131 seconds
[2023-03-12T13:08:03.159+0000] {processor.py:153} INFO - Started process (PID=267) to work on /opt/airflow/dags/parent_dag_1.py
[2023-03-12T13:08:03.160+0000] {processor.py:743} INFO - Processing file /opt/airflow/dags/parent_dag_1.py for tasks to queue
[2023-03-12T13:08:03.160+0000] {logging_mixin.py:137} INFO - [2023-03-12T13:08:03.160+0000] {dagbag.py:538} INFO - Filling up the DagBag from /opt/airflow/dags/parent_dag_1.py
[2023-03-12T13:08:03.179+0000] {processor.py:753} INFO - DAG(s) dict_keys(['dag_1']) retrieved from /opt/airflow/dags/parent_dag_1.py
[2023-03-12T13:08:03.204+0000] {logging_mixin.py:137} INFO - [2023-03-12T13:08:03.204+0000] {dag.py:2690} INFO - Sync 1 DAGs
[2023-03-12T13:08:03.237+0000] {logging_mixin.py:137} INFO - [2023-03-12T13:08:03.237+0000] {dag.py:3441} INFO - Setting next_dagrun for dag_1 to 2023-03-12T13:07:00+00:00, run_after=2023-03-12T13:08:00+00:00
[2023-03-12T13:08:03.257+0000] {processor.py:175} INFO - Processing /opt/airflow/dags/parent_dag_1.py took 0.101 seconds
[2023-03-12T13:08:33.944+0000] {processor.py:153} INFO - Started process (PID=358) to work on /opt/airflow/dags/parent_dag_1.py
[2023-03-12T13:08:33.945+0000] {processor.py:743} INFO - Processing file /opt/airflow/dags/parent_dag_1.py for tasks to queue
[2023-03-12T13:08:33.945+0000] {logging_mixin.py:137} INFO - [2023-03-12T13:08:33.945+0000] {dagbag.py:538} INFO - Filling up the DagBag from /opt/airflow/dags/parent_dag_1.py
[2023-03-12T13:08:33.962+0000] {processor.py:753} INFO - DAG(s) dict_keys(['dag_1']) retrieved from /opt/airflow/dags/parent_dag_1.py
[2023-03-12T13:08:33.989+0000] {logging_mixin.py:137} INFO - [2023-03-12T13:08:33.989+0000] {dag.py:2690} INFO - Sync 1 DAGs
[2023-03-12T13:08:34.024+0000] {logging_mixin.py:137} INFO - [2023-03-12T13:08:34.023+0000] {dag.py:3441} INFO - Setting next_dagrun for dag_1 to 2023-03-12T13:07:00+00:00, run_after=2023-03-12T13:08:00+00:00
[2023-03-12T13:08:34.041+0000] {processor.py:175} INFO - Processing /opt/airflow/dags/parent_dag_1.py took 0.100 seconds
[2023-03-12T13:08:56.865+0000] {processor.py:153} INFO - Started process (PID=64) to work on /opt/airflow/dags/parent_dag_1.py
[2023-03-12T13:08:56.866+0000] {processor.py:743} INFO - Processing file /opt/airflow/dags/parent_dag_1.py for tasks to queue
[2023-03-12T13:08:56.866+0000] {logging_mixin.py:137} INFO - [2023-03-12T13:08:56.866+0000] {dagbag.py:538} INFO - Filling up the DagBag from /opt/airflow/dags/parent_dag_1.py
[2023-03-12T13:08:56.884+0000] {processor.py:753} INFO - DAG(s) dict_keys(['dag_1']) retrieved from /opt/airflow/dags/parent_dag_1.py
[2023-03-12T13:08:56.959+0000] {logging_mixin.py:137} INFO - [2023-03-12T13:08:56.959+0000] {dag.py:2690} INFO - Sync 1 DAGs
[2023-03-12T13:08:56.993+0000] {logging_mixin.py:137} INFO - [2023-03-12T13:08:56.993+0000] {dag.py:3441} INFO - Setting next_dagrun for dag_1 to 2023-03-12T13:07:00+00:00, run_after=2023-03-12T13:08:00+00:00
[2023-03-12T13:08:57.012+0000] {processor.py:175} INFO - Processing /opt/airflow/dags/parent_dag_1.py took 0.149 seconds
[2023-03-12T13:09:27.692+0000] {processor.py:153} INFO - Started process (PID=178) to work on /opt/airflow/dags/parent_dag_1.py
[2023-03-12T13:09:27.693+0000] {processor.py:743} INFO - Processing file /opt/airflow/dags/parent_dag_1.py for tasks to queue
[2023-03-12T13:09:27.694+0000] {logging_mixin.py:137} INFO - [2023-03-12T13:09:27.693+0000] {dagbag.py:538} INFO - Filling up the DagBag from /opt/airflow/dags/parent_dag_1.py
[2023-03-12T13:09:27.709+0000] {processor.py:753} INFO - DAG(s) dict_keys(['dag_1']) retrieved from /opt/airflow/dags/parent_dag_1.py
[2023-03-12T13:09:27.732+0000] {logging_mixin.py:137} INFO - [2023-03-12T13:09:27.731+0000] {dag.py:2690} INFO - Sync 1 DAGs
[2023-03-12T13:09:27.774+0000] {logging_mixin.py:137} INFO - [2023-03-12T13:09:27.774+0000] {dag.py:3441} INFO - Setting next_dagrun for dag_1 to 2023-03-12T13:08:00+00:00, run_after=2023-03-12T13:09:00+00:00
[2023-03-12T13:09:27.792+0000] {processor.py:175} INFO - Processing /opt/airflow/dags/parent_dag_1.py took 0.102 seconds
[2023-03-12T13:09:58.610+0000] {processor.py:153} INFO - Started process (PID=268) to work on /opt/airflow/dags/parent_dag_1.py
[2023-03-12T13:09:58.610+0000] {processor.py:743} INFO - Processing file /opt/airflow/dags/parent_dag_1.py for tasks to queue
[2023-03-12T13:09:58.611+0000] {logging_mixin.py:137} INFO - [2023-03-12T13:09:58.611+0000] {dagbag.py:538} INFO - Filling up the DagBag from /opt/airflow/dags/parent_dag_1.py
[2023-03-12T13:09:58.627+0000] {processor.py:753} INFO - DAG(s) dict_keys(['dag_1']) retrieved from /opt/airflow/dags/parent_dag_1.py
[2023-03-12T13:09:58.647+0000] {logging_mixin.py:137} INFO - [2023-03-12T13:09:58.647+0000] {dag.py:2690} INFO - Sync 1 DAGs
[2023-03-12T13:09:58.681+0000] {logging_mixin.py:137} INFO - [2023-03-12T13:09:58.681+0000] {dag.py:3441} INFO - Setting next_dagrun for dag_1 to 2023-03-12T13:08:00+00:00, run_after=2023-03-12T13:09:00+00:00
[2023-03-12T13:09:58.697+0000] {processor.py:175} INFO - Processing /opt/airflow/dags/parent_dag_1.py took 0.090 seconds
[2023-03-12T13:10:29.460+0000] {processor.py:153} INFO - Started process (PID=375) to work on /opt/airflow/dags/parent_dag_1.py
[2023-03-12T13:10:29.461+0000] {processor.py:743} INFO - Processing file /opt/airflow/dags/parent_dag_1.py for tasks to queue
[2023-03-12T13:10:29.461+0000] {logging_mixin.py:137} INFO - [2023-03-12T13:10:29.461+0000] {dagbag.py:538} INFO - Filling up the DagBag from /opt/airflow/dags/parent_dag_1.py
[2023-03-12T13:10:29.477+0000] {processor.py:753} INFO - DAG(s) dict_keys(['dag_1']) retrieved from /opt/airflow/dags/parent_dag_1.py
[2023-03-12T13:10:29.498+0000] {logging_mixin.py:137} INFO - [2023-03-12T13:10:29.498+0000] {dag.py:2690} INFO - Sync 1 DAGs
[2023-03-12T13:10:29.529+0000] {logging_mixin.py:137} INFO - [2023-03-12T13:10:29.529+0000] {dag.py:3441} INFO - Setting next_dagrun for dag_1 to 2023-03-12T13:09:00+00:00, run_after=2023-03-12T13:10:00+00:00
[2023-03-12T13:10:29.552+0000] {processor.py:175} INFO - Processing /opt/airflow/dags/parent_dag_1.py took 0.095 seconds
[2023-03-12T13:10:59.689+0000] {processor.py:153} INFO - Started process (PID=482) to work on /opt/airflow/dags/parent_dag_1.py
[2023-03-12T13:10:59.690+0000] {processor.py:743} INFO - Processing file /opt/airflow/dags/parent_dag_1.py for tasks to queue
[2023-03-12T13:10:59.691+0000] {logging_mixin.py:137} INFO - [2023-03-12T13:10:59.691+0000] {dagbag.py:538} INFO - Filling up the DagBag from /opt/airflow/dags/parent_dag_1.py
[2023-03-12T13:10:59.706+0000] {processor.py:753} INFO - DAG(s) dict_keys(['dag_1']) retrieved from /opt/airflow/dags/parent_dag_1.py
[2023-03-12T13:10:59.726+0000] {logging_mixin.py:137} INFO - [2023-03-12T13:10:59.726+0000] {dag.py:2690} INFO - Sync 1 DAGs
[2023-03-12T13:10:59.759+0000] {logging_mixin.py:137} INFO - [2023-03-12T13:10:59.759+0000] {dag.py:3441} INFO - Setting next_dagrun for dag_1 to 2023-03-12T13:09:00+00:00, run_after=2023-03-12T13:10:00+00:00
[2023-03-12T13:10:59.777+0000] {processor.py:175} INFO - Processing /opt/airflow/dags/parent_dag_1.py took 0.090 seconds
[2023-03-12T13:11:29.907+0000] {processor.py:153} INFO - Started process (PID=576) to work on /opt/airflow/dags/parent_dag_1.py
[2023-03-12T13:11:29.909+0000] {processor.py:743} INFO - Processing file /opt/airflow/dags/parent_dag_1.py for tasks to queue
[2023-03-12T13:11:29.910+0000] {logging_mixin.py:137} INFO - [2023-03-12T13:11:29.910+0000] {dagbag.py:538} INFO - Filling up the DagBag from /opt/airflow/dags/parent_dag_1.py
[2023-03-12T13:11:29.928+0000] {processor.py:753} INFO - DAG(s) dict_keys(['dag_1']) retrieved from /opt/airflow/dags/parent_dag_1.py
[2023-03-12T13:11:29.952+0000] {logging_mixin.py:137} INFO - [2023-03-12T13:11:29.952+0000] {dag.py:2690} INFO - Sync 1 DAGs
[2023-03-12T13:11:29.987+0000] {logging_mixin.py:137} INFO - [2023-03-12T13:11:29.987+0000] {dag.py:3441} INFO - Setting next_dagrun for dag_1 to 2023-03-12T13:10:00+00:00, run_after=2023-03-12T13:11:00+00:00
[2023-03-12T13:11:30.007+0000] {processor.py:175} INFO - Processing /opt/airflow/dags/parent_dag_1.py took 0.102 seconds
[2023-03-12T13:12:00.105+0000] {processor.py:153} INFO - Started process (PID=690) to work on /opt/airflow/dags/parent_dag_1.py
[2023-03-12T13:12:00.106+0000] {processor.py:743} INFO - Processing file /opt/airflow/dags/parent_dag_1.py for tasks to queue
[2023-03-12T13:12:00.107+0000] {logging_mixin.py:137} INFO - [2023-03-12T13:12:00.107+0000] {dagbag.py:538} INFO - Filling up the DagBag from /opt/airflow/dags/parent_dag_1.py
[2023-03-12T13:12:00.123+0000] {processor.py:753} INFO - DAG(s) dict_keys(['dag_1']) retrieved from /opt/airflow/dags/parent_dag_1.py
[2023-03-12T13:12:00.144+0000] {logging_mixin.py:137} INFO - [2023-03-12T13:12:00.144+0000] {dag.py:2690} INFO - Sync 1 DAGs
[2023-03-12T13:12:00.177+0000] {logging_mixin.py:137} INFO - [2023-03-12T13:12:00.177+0000] {dag.py:3441} INFO - Setting next_dagrun for dag_1 to 2023-03-12T13:11:00+00:00, run_after=2023-03-12T13:12:00+00:00
[2023-03-12T13:12:00.195+0000] {processor.py:175} INFO - Processing /opt/airflow/dags/parent_dag_1.py took 0.093 seconds
[2023-03-12T13:12:30.258+0000] {processor.py:153} INFO - Started process (PID=784) to work on /opt/airflow/dags/parent_dag_1.py
[2023-03-12T13:12:30.259+0000] {processor.py:743} INFO - Processing file /opt/airflow/dags/parent_dag_1.py for tasks to queue
[2023-03-12T13:12:30.260+0000] {logging_mixin.py:137} INFO - [2023-03-12T13:12:30.259+0000] {dagbag.py:538} INFO - Filling up the DagBag from /opt/airflow/dags/parent_dag_1.py
[2023-03-12T13:12:30.275+0000] {processor.py:753} INFO - DAG(s) dict_keys(['dag_1']) retrieved from /opt/airflow/dags/parent_dag_1.py
[2023-03-12T13:12:30.295+0000] {logging_mixin.py:137} INFO - [2023-03-12T13:12:30.295+0000] {dag.py:2690} INFO - Sync 1 DAGs
[2023-03-12T13:12:30.326+0000] {logging_mixin.py:137} INFO - [2023-03-12T13:12:30.326+0000] {dag.py:3441} INFO - Setting next_dagrun for dag_1 to 2023-03-12T13:11:00+00:00, run_after=2023-03-12T13:12:00+00:00
[2023-03-12T13:12:30.346+0000] {processor.py:175} INFO - Processing /opt/airflow/dags/parent_dag_1.py took 0.093 seconds
[2023-03-12T13:13:00.447+0000] {processor.py:153} INFO - Started process (PID=885) to work on /opt/airflow/dags/parent_dag_1.py
[2023-03-12T13:13:00.448+0000] {processor.py:743} INFO - Processing file /opt/airflow/dags/parent_dag_1.py for tasks to queue
[2023-03-12T13:13:00.449+0000] {logging_mixin.py:137} INFO - [2023-03-12T13:13:00.449+0000] {dagbag.py:538} INFO - Filling up the DagBag from /opt/airflow/dags/parent_dag_1.py
[2023-03-12T13:13:00.466+0000] {processor.py:753} INFO - DAG(s) dict_keys(['dag_1']) retrieved from /opt/airflow/dags/parent_dag_1.py
[2023-03-12T13:13:00.488+0000] {logging_mixin.py:137} INFO - [2023-03-12T13:13:00.487+0000] {dag.py:2690} INFO - Sync 1 DAGs
[2023-03-12T13:13:00.520+0000] {logging_mixin.py:137} INFO - [2023-03-12T13:13:00.520+0000] {dag.py:3441} INFO - Setting next_dagrun for dag_1 to 2023-03-12T13:12:00+00:00, run_after=2023-03-12T13:13:00+00:00
[2023-03-12T13:13:00.544+0000] {processor.py:175} INFO - Processing /opt/airflow/dags/parent_dag_1.py took 0.100 seconds
[2023-03-12T13:13:30.609+0000] {processor.py:153} INFO - Started process (PID=992) to work on /opt/airflow/dags/parent_dag_1.py
[2023-03-12T13:13:30.610+0000] {processor.py:743} INFO - Processing file /opt/airflow/dags/parent_dag_1.py for tasks to queue
[2023-03-12T13:13:30.610+0000] {logging_mixin.py:137} INFO - [2023-03-12T13:13:30.610+0000] {dagbag.py:538} INFO - Filling up the DagBag from /opt/airflow/dags/parent_dag_1.py
[2023-03-12T13:13:30.627+0000] {processor.py:753} INFO - DAG(s) dict_keys(['dag_1']) retrieved from /opt/airflow/dags/parent_dag_1.py
[2023-03-12T13:13:30.652+0000] {logging_mixin.py:137} INFO - [2023-03-12T13:13:30.652+0000] {dag.py:2690} INFO - Sync 1 DAGs
[2023-03-12T13:13:30.687+0000] {logging_mixin.py:137} INFO - [2023-03-12T13:13:30.687+0000] {dag.py:3441} INFO - Setting next_dagrun for dag_1 to 2023-03-12T13:12:00+00:00, run_after=2023-03-12T13:13:00+00:00
[2023-03-12T13:13:30.708+0000] {processor.py:175} INFO - Processing /opt/airflow/dags/parent_dag_1.py took 0.102 seconds
[2023-03-12T13:14:00.759+0000] {processor.py:153} INFO - Started process (PID=1082) to work on /opt/airflow/dags/parent_dag_1.py
[2023-03-12T13:14:00.760+0000] {processor.py:743} INFO - Processing file /opt/airflow/dags/parent_dag_1.py for tasks to queue
[2023-03-12T13:14:00.761+0000] {logging_mixin.py:137} INFO - [2023-03-12T13:14:00.761+0000] {dagbag.py:538} INFO - Filling up the DagBag from /opt/airflow/dags/parent_dag_1.py
[2023-03-12T13:14:00.779+0000] {processor.py:753} INFO - DAG(s) dict_keys(['dag_1']) retrieved from /opt/airflow/dags/parent_dag_1.py
[2023-03-12T13:14:00.803+0000] {logging_mixin.py:137} INFO - [2023-03-12T13:14:00.803+0000] {dag.py:2690} INFO - Sync 1 DAGs
[2023-03-12T13:14:00.834+0000] {logging_mixin.py:137} INFO - [2023-03-12T13:14:00.834+0000] {dag.py:3441} INFO - Setting next_dagrun for dag_1 to 2023-03-12T13:13:00+00:00, run_after=2023-03-12T13:14:00+00:00
[2023-03-12T13:14:00.857+0000] {processor.py:175} INFO - Processing /opt/airflow/dags/parent_dag_1.py took 0.101 seconds
[2023-03-12T13:14:30.924+0000] {processor.py:153} INFO - Started process (PID=1200) to work on /opt/airflow/dags/parent_dag_1.py
[2023-03-12T13:14:30.925+0000] {processor.py:743} INFO - Processing file /opt/airflow/dags/parent_dag_1.py for tasks to queue
[2023-03-12T13:14:30.926+0000] {logging_mixin.py:137} INFO - [2023-03-12T13:14:30.926+0000] {dagbag.py:538} INFO - Filling up the DagBag from /opt/airflow/dags/parent_dag_1.py
[2023-03-12T13:14:30.942+0000] {processor.py:753} INFO - DAG(s) dict_keys(['dag_1']) retrieved from /opt/airflow/dags/parent_dag_1.py
[2023-03-12T13:14:30.972+0000] {logging_mixin.py:137} INFO - [2023-03-12T13:14:30.971+0000] {dag.py:2690} INFO - Sync 1 DAGs
[2023-03-12T13:14:31.019+0000] {logging_mixin.py:137} INFO - [2023-03-12T13:14:31.019+0000] {dag.py:3441} INFO - Setting next_dagrun for dag_1 to 2023-03-12T13:13:00+00:00, run_after=2023-03-12T13:14:00+00:00
[2023-03-12T13:14:31.040+0000] {processor.py:175} INFO - Processing /opt/airflow/dags/parent_dag_1.py took 0.118 seconds
[2023-03-12T13:15:01.313+0000] {processor.py:153} INFO - Started process (PID=1294) to work on /opt/airflow/dags/parent_dag_1.py
[2023-03-12T13:15:01.313+0000] {processor.py:743} INFO - Processing file /opt/airflow/dags/parent_dag_1.py for tasks to queue
[2023-03-12T13:15:01.314+0000] {logging_mixin.py:137} INFO - [2023-03-12T13:15:01.314+0000] {dagbag.py:538} INFO - Filling up the DagBag from /opt/airflow/dags/parent_dag_1.py
[2023-03-12T13:15:01.331+0000] {processor.py:753} INFO - DAG(s) dict_keys(['dag_1']) retrieved from /opt/airflow/dags/parent_dag_1.py
[2023-03-12T13:15:01.353+0000] {logging_mixin.py:137} INFO - [2023-03-12T13:15:01.353+0000] {dag.py:2690} INFO - Sync 1 DAGs
[2023-03-12T13:15:01.384+0000] {logging_mixin.py:137} INFO - [2023-03-12T13:15:01.384+0000] {dag.py:3441} INFO - Setting next_dagrun for dag_1 to 2023-03-12T13:14:00+00:00, run_after=2023-03-12T13:15:00+00:00
[2023-03-12T13:15:01.402+0000] {processor.py:175} INFO - Processing /opt/airflow/dags/parent_dag_1.py took 0.092 seconds
[2023-03-12T13:15:31.627+0000] {processor.py:153} INFO - Started process (PID=1384) to work on /opt/airflow/dags/parent_dag_1.py
[2023-03-12T13:15:31.628+0000] {processor.py:743} INFO - Processing file /opt/airflow/dags/parent_dag_1.py for tasks to queue
[2023-03-12T13:15:31.629+0000] {logging_mixin.py:137} INFO - [2023-03-12T13:15:31.629+0000] {dagbag.py:538} INFO - Filling up the DagBag from /opt/airflow/dags/parent_dag_1.py
[2023-03-12T13:15:31.645+0000] {processor.py:753} INFO - DAG(s) dict_keys(['dag_1']) retrieved from /opt/airflow/dags/parent_dag_1.py
[2023-03-12T13:15:31.675+0000] {logging_mixin.py:137} INFO - [2023-03-12T13:15:31.675+0000] {dag.py:2690} INFO - Sync 1 DAGs
[2023-03-12T13:15:31.710+0000] {logging_mixin.py:137} INFO - [2023-03-12T13:15:31.710+0000] {dag.py:3441} INFO - Setting next_dagrun for dag_1 to 2023-03-12T13:14:00+00:00, run_after=2023-03-12T13:15:00+00:00
[2023-03-12T13:15:31.729+0000] {processor.py:175} INFO - Processing /opt/airflow/dags/parent_dag_1.py took 0.104 seconds
[2023-03-12T13:16:01.794+0000] {processor.py:153} INFO - Started process (PID=1502) to work on /opt/airflow/dags/parent_dag_1.py
[2023-03-12T13:16:01.795+0000] {processor.py:743} INFO - Processing file /opt/airflow/dags/parent_dag_1.py for tasks to queue
[2023-03-12T13:16:01.796+0000] {logging_mixin.py:137} INFO - [2023-03-12T13:16:01.796+0000] {dagbag.py:538} INFO - Filling up the DagBag from /opt/airflow/dags/parent_dag_1.py
[2023-03-12T13:16:01.813+0000] {processor.py:753} INFO - DAG(s) dict_keys(['dag_1']) retrieved from /opt/airflow/dags/parent_dag_1.py
[2023-03-12T13:16:01.861+0000] {logging_mixin.py:137} INFO - [2023-03-12T13:16:01.860+0000] {dag.py:2690} INFO - Sync 1 DAGs
[2023-03-12T13:16:01.891+0000] {logging_mixin.py:137} INFO - [2023-03-12T13:16:01.891+0000] {dag.py:3441} INFO - Setting next_dagrun for dag_1 to 2023-03-12T13:15:00+00:00, run_after=2023-03-12T13:16:00+00:00
[2023-03-12T13:16:01.913+0000] {processor.py:175} INFO - Processing /opt/airflow/dags/parent_dag_1.py took 0.122 seconds
[2023-03-12T13:16:12.939+0000] {processor.py:153} INFO - Started process (PID=65) to work on /opt/airflow/dags/parent_dag_1.py
[2023-03-12T13:16:12.940+0000] {processor.py:743} INFO - Processing file /opt/airflow/dags/parent_dag_1.py for tasks to queue
[2023-03-12T13:16:12.940+0000] {logging_mixin.py:137} INFO - [2023-03-12T13:16:12.940+0000] {dagbag.py:538} INFO - Filling up the DagBag from /opt/airflow/dags/parent_dag_1.py
[2023-03-12T13:16:12.957+0000] {processor.py:753} INFO - DAG(s) dict_keys(['dag_1']) retrieved from /opt/airflow/dags/parent_dag_1.py
[2023-03-12T13:16:13.025+0000] {logging_mixin.py:137} INFO - [2023-03-12T13:16:13.024+0000] {dag.py:2690} INFO - Sync 1 DAGs
[2023-03-12T13:16:13.060+0000] {logging_mixin.py:137} INFO - [2023-03-12T13:16:13.060+0000] {dag.py:3441} INFO - Setting next_dagrun for dag_1 to 2023-03-12T13:15:00+00:00, run_after=2023-03-12T13:16:00+00:00
[2023-03-12T13:16:13.082+0000] {processor.py:175} INFO - Processing /opt/airflow/dags/parent_dag_1.py took 0.146 seconds
[2023-03-12T13:16:43.784+0000] {processor.py:153} INFO - Started process (PID=180) to work on /opt/airflow/dags/parent_dag_1.py
[2023-03-12T13:16:43.785+0000] {processor.py:743} INFO - Processing file /opt/airflow/dags/parent_dag_1.py for tasks to queue
[2023-03-12T13:16:43.785+0000] {logging_mixin.py:137} INFO - [2023-03-12T13:16:43.785+0000] {dagbag.py:538} INFO - Filling up the DagBag from /opt/airflow/dags/parent_dag_1.py
[2023-03-12T13:16:43.800+0000] {processor.py:753} INFO - DAG(s) dict_keys(['dag_1']) retrieved from /opt/airflow/dags/parent_dag_1.py
[2023-03-12T13:16:43.820+0000] {logging_mixin.py:137} INFO - [2023-03-12T13:16:43.820+0000] {dag.py:2690} INFO - Sync 1 DAGs
[2023-03-12T13:16:43.851+0000] {logging_mixin.py:137} INFO - [2023-03-12T13:16:43.851+0000] {dag.py:3441} INFO - Setting next_dagrun for dag_1 to 2023-03-12T13:15:00+00:00, run_after=2023-03-12T13:16:00+00:00
[2023-03-12T13:16:43.871+0000] {processor.py:175} INFO - Processing /opt/airflow/dags/parent_dag_1.py took 0.089 seconds
[2023-03-12T13:17:14.724+0000] {processor.py:153} INFO - Started process (PID=275) to work on /opt/airflow/dags/parent_dag_1.py
[2023-03-12T13:17:14.725+0000] {processor.py:743} INFO - Processing file /opt/airflow/dags/parent_dag_1.py for tasks to queue
[2023-03-12T13:17:14.726+0000] {logging_mixin.py:137} INFO - [2023-03-12T13:17:14.726+0000] {dagbag.py:538} INFO - Filling up the DagBag from /opt/airflow/dags/parent_dag_1.py
[2023-03-12T13:17:14.749+0000] {processor.py:753} INFO - DAG(s) dict_keys(['dag_1']) retrieved from /opt/airflow/dags/parent_dag_1.py
[2023-03-12T13:17:14.776+0000] {logging_mixin.py:137} INFO - [2023-03-12T13:17:14.776+0000] {dag.py:2690} INFO - Sync 1 DAGs
[2023-03-12T13:17:14.819+0000] {logging_mixin.py:137} INFO - [2023-03-12T13:17:14.819+0000] {dag.py:3441} INFO - Setting next_dagrun for dag_1 to 2023-03-12T13:16:00+00:00, run_after=2023-03-12T13:17:00+00:00
[2023-03-12T13:17:14.845+0000] {processor.py:175} INFO - Processing /opt/airflow/dags/parent_dag_1.py took 0.126 seconds
[2023-03-12T13:17:45.201+0000] {processor.py:153} INFO - Started process (PID=375) to work on /opt/airflow/dags/parent_dag_1.py
[2023-03-12T13:17:45.202+0000] {processor.py:743} INFO - Processing file /opt/airflow/dags/parent_dag_1.py for tasks to queue
[2023-03-12T13:17:45.203+0000] {logging_mixin.py:137} INFO - [2023-03-12T13:17:45.202+0000] {dagbag.py:538} INFO - Filling up the DagBag from /opt/airflow/dags/parent_dag_1.py
[2023-03-12T13:17:45.224+0000] {processor.py:753} INFO - DAG(s) dict_keys(['dag_1']) retrieved from /opt/airflow/dags/parent_dag_1.py
[2023-03-12T13:17:45.256+0000] {logging_mixin.py:137} INFO - [2023-03-12T13:17:45.256+0000] {dag.py:2690} INFO - Sync 1 DAGs
[2023-03-12T13:17:45.302+0000] {logging_mixin.py:137} INFO - [2023-03-12T13:17:45.302+0000] {dag.py:3441} INFO - Setting next_dagrun for dag_1 to 2023-03-12T13:16:00+00:00, run_after=2023-03-12T13:17:00+00:00
[2023-03-12T13:17:45.369+0000] {processor.py:175} INFO - Processing /opt/airflow/dags/parent_dag_1.py took 0.171 seconds
[2023-03-12T13:18:15.606+0000] {processor.py:153} INFO - Started process (PID=488) to work on /opt/airflow/dags/parent_dag_1.py
[2023-03-12T13:18:15.607+0000] {processor.py:743} INFO - Processing file /opt/airflow/dags/parent_dag_1.py for tasks to queue
[2023-03-12T13:18:15.607+0000] {logging_mixin.py:137} INFO - [2023-03-12T13:18:15.607+0000] {dagbag.py:538} INFO - Filling up the DagBag from /opt/airflow/dags/parent_dag_1.py
[2023-03-12T13:18:15.623+0000] {processor.py:753} INFO - DAG(s) dict_keys(['dag_1']) retrieved from /opt/airflow/dags/parent_dag_1.py
[2023-03-12T13:18:15.646+0000] {logging_mixin.py:137} INFO - [2023-03-12T13:18:15.646+0000] {dag.py:2690} INFO - Sync 1 DAGs
[2023-03-12T13:18:15.681+0000] {logging_mixin.py:137} INFO - [2023-03-12T13:18:15.681+0000] {dag.py:3441} INFO - Setting next_dagrun for dag_1 to 2023-03-12T13:17:00+00:00, run_after=2023-03-12T13:18:00+00:00
[2023-03-12T13:18:15.700+0000] {processor.py:175} INFO - Processing /opt/airflow/dags/parent_dag_1.py took 0.097 seconds
[2023-03-12T13:18:45.734+0000] {processor.py:153} INFO - Started process (PID=578) to work on /opt/airflow/dags/parent_dag_1.py
[2023-03-12T13:18:45.735+0000] {processor.py:743} INFO - Processing file /opt/airflow/dags/parent_dag_1.py for tasks to queue
[2023-03-12T13:18:45.735+0000] {logging_mixin.py:137} INFO - [2023-03-12T13:18:45.735+0000] {dagbag.py:538} INFO - Filling up the DagBag from /opt/airflow/dags/parent_dag_1.py
[2023-03-12T13:18:45.753+0000] {processor.py:753} INFO - DAG(s) dict_keys(['dag_1']) retrieved from /opt/airflow/dags/parent_dag_1.py
[2023-03-12T13:18:45.776+0000] {logging_mixin.py:137} INFO - [2023-03-12T13:18:45.776+0000] {dag.py:2690} INFO - Sync 1 DAGs
[2023-03-12T13:18:45.807+0000] {logging_mixin.py:137} INFO - [2023-03-12T13:18:45.807+0000] {dag.py:3441} INFO - Setting next_dagrun for dag_1 to 2023-03-12T13:17:00+00:00, run_after=2023-03-12T13:18:00+00:00
[2023-03-12T13:18:45.825+0000] {processor.py:175} INFO - Processing /opt/airflow/dags/parent_dag_1.py took 0.094 seconds
[2023-03-12T13:19:15.862+0000] {processor.py:153} INFO - Started process (PID=697) to work on /opt/airflow/dags/parent_dag_1.py
[2023-03-12T13:19:15.862+0000] {processor.py:743} INFO - Processing file /opt/airflow/dags/parent_dag_1.py for tasks to queue
[2023-03-12T13:19:15.863+0000] {logging_mixin.py:137} INFO - [2023-03-12T13:19:15.863+0000] {dagbag.py:538} INFO - Filling up the DagBag from /opt/airflow/dags/parent_dag_1.py
[2023-03-12T13:19:15.880+0000] {processor.py:753} INFO - DAG(s) dict_keys(['dag_1']) retrieved from /opt/airflow/dags/parent_dag_1.py
[2023-03-12T13:19:15.901+0000] {logging_mixin.py:137} INFO - [2023-03-12T13:19:15.901+0000] {dag.py:2690} INFO - Sync 1 DAGs
[2023-03-12T13:19:15.932+0000] {logging_mixin.py:137} INFO - [2023-03-12T13:19:15.932+0000] {dag.py:3441} INFO - Setting next_dagrun for dag_1 to 2023-03-12T13:18:00+00:00, run_after=2023-03-12T13:19:00+00:00
[2023-03-12T13:19:15.952+0000] {processor.py:175} INFO - Processing /opt/airflow/dags/parent_dag_1.py took 0.094 seconds
