[2023-03-12T12:43:38.661+0000] {processor.py:153} INFO - Started process (PID=108) to work on /home/airflow/.local/lib/python3.7/site-packages/airflow/example_dags/example_sensors.py
[2023-03-12T12:43:38.661+0000] {processor.py:743} INFO - Processing file /home/airflow/.local/lib/python3.7/site-packages/airflow/example_dags/example_sensors.py for tasks to queue
[2023-03-12T12:43:38.662+0000] {logging_mixin.py:137} INFO - [2023-03-12T12:43:38.662+0000] {dagbag.py:538} INFO - Filling up the DagBag from /home/airflow/.local/lib/python3.7/site-packages/airflow/example_dags/example_sensors.py
[2023-03-12T12:43:38.686+0000] {processor.py:753} INFO - DAG(s) dict_keys(['example_sensors']) retrieved from /home/airflow/.local/lib/python3.7/site-packages/airflow/example_dags/example_sensors.py
[2023-03-12T12:43:38.701+0000] {logging_mixin.py:137} INFO - [2023-03-12T12:43:38.701+0000] {dag.py:2690} INFO - Sync 1 DAGs
[2023-03-12T12:43:38.728+0000] {logging_mixin.py:137} INFO - [2023-03-12T12:43:38.728+0000] {dag.py:3441} INFO - Setting next_dagrun for example_sensors to None, run_after=None
[2023-03-12T12:43:38.747+0000] {processor.py:175} INFO - Processing /home/airflow/.local/lib/python3.7/site-packages/airflow/example_dags/example_sensors.py took 0.089 seconds
[2023-03-12T12:44:09.655+0000] {processor.py:153} INFO - Started process (PID=196) to work on /home/airflow/.local/lib/python3.7/site-packages/airflow/example_dags/example_sensors.py
[2023-03-12T12:44:09.656+0000] {processor.py:743} INFO - Processing file /home/airflow/.local/lib/python3.7/site-packages/airflow/example_dags/example_sensors.py for tasks to queue
[2023-03-12T12:44:09.656+0000] {logging_mixin.py:137} INFO - [2023-03-12T12:44:09.656+0000] {dagbag.py:538} INFO - Filling up the DagBag from /home/airflow/.local/lib/python3.7/site-packages/airflow/example_dags/example_sensors.py
[2023-03-12T12:44:09.674+0000] {processor.py:753} INFO - DAG(s) dict_keys(['example_sensors']) retrieved from /home/airflow/.local/lib/python3.7/site-packages/airflow/example_dags/example_sensors.py
[2023-03-12T12:44:09.703+0000] {logging_mixin.py:137} INFO - [2023-03-12T12:44:09.702+0000] {dag.py:2690} INFO - Sync 1 DAGs
[2023-03-12T12:44:09.730+0000] {logging_mixin.py:137} INFO - [2023-03-12T12:44:09.730+0000] {dag.py:3441} INFO - Setting next_dagrun for example_sensors to None, run_after=None
[2023-03-12T12:44:09.753+0000] {processor.py:175} INFO - Processing /home/airflow/.local/lib/python3.7/site-packages/airflow/example_dags/example_sensors.py took 0.101 seconds
[2023-03-12T12:44:40.352+0000] {processor.py:153} INFO - Started process (PID=293) to work on /home/airflow/.local/lib/python3.7/site-packages/airflow/example_dags/example_sensors.py
[2023-03-12T12:44:40.353+0000] {processor.py:743} INFO - Processing file /home/airflow/.local/lib/python3.7/site-packages/airflow/example_dags/example_sensors.py for tasks to queue
[2023-03-12T12:44:40.354+0000] {logging_mixin.py:137} INFO - [2023-03-12T12:44:40.354+0000] {dagbag.py:538} INFO - Filling up the DagBag from /home/airflow/.local/lib/python3.7/site-packages/airflow/example_dags/example_sensors.py
[2023-03-12T12:44:40.380+0000] {processor.py:753} INFO - DAG(s) dict_keys(['example_sensors']) retrieved from /home/airflow/.local/lib/python3.7/site-packages/airflow/example_dags/example_sensors.py
[2023-03-12T12:44:40.413+0000] {logging_mixin.py:137} INFO - [2023-03-12T12:44:40.413+0000] {dag.py:2690} INFO - Sync 1 DAGs
[2023-03-12T12:44:40.439+0000] {logging_mixin.py:137} INFO - [2023-03-12T12:44:40.439+0000] {dag.py:3441} INFO - Setting next_dagrun for example_sensors to None, run_after=None
[2023-03-12T12:44:40.464+0000] {processor.py:175} INFO - Processing /home/airflow/.local/lib/python3.7/site-packages/airflow/example_dags/example_sensors.py took 0.115 seconds
[2023-03-12T12:45:11.245+0000] {processor.py:153} INFO - Started process (PID=396) to work on /home/airflow/.local/lib/python3.7/site-packages/airflow/example_dags/example_sensors.py
[2023-03-12T12:45:11.246+0000] {processor.py:743} INFO - Processing file /home/airflow/.local/lib/python3.7/site-packages/airflow/example_dags/example_sensors.py for tasks to queue
[2023-03-12T12:45:11.247+0000] {logging_mixin.py:137} INFO - [2023-03-12T12:45:11.247+0000] {dagbag.py:538} INFO - Filling up the DagBag from /home/airflow/.local/lib/python3.7/site-packages/airflow/example_dags/example_sensors.py
[2023-03-12T12:45:11.268+0000] {processor.py:753} INFO - DAG(s) dict_keys(['example_sensors']) retrieved from /home/airflow/.local/lib/python3.7/site-packages/airflow/example_dags/example_sensors.py
[2023-03-12T12:45:11.297+0000] {logging_mixin.py:137} INFO - [2023-03-12T12:45:11.297+0000] {dag.py:2690} INFO - Sync 1 DAGs
[2023-03-12T12:45:11.322+0000] {logging_mixin.py:137} INFO - [2023-03-12T12:45:11.322+0000] {dag.py:3441} INFO - Setting next_dagrun for example_sensors to None, run_after=None
[2023-03-12T12:45:11.340+0000] {processor.py:175} INFO - Processing /home/airflow/.local/lib/python3.7/site-packages/airflow/example_dags/example_sensors.py took 0.097 seconds
[2023-03-12T12:45:41.975+0000] {processor.py:153} INFO - Started process (PID=484) to work on /home/airflow/.local/lib/python3.7/site-packages/airflow/example_dags/example_sensors.py
[2023-03-12T12:45:41.976+0000] {processor.py:743} INFO - Processing file /home/airflow/.local/lib/python3.7/site-packages/airflow/example_dags/example_sensors.py for tasks to queue
[2023-03-12T12:45:41.977+0000] {logging_mixin.py:137} INFO - [2023-03-12T12:45:41.977+0000] {dagbag.py:538} INFO - Filling up the DagBag from /home/airflow/.local/lib/python3.7/site-packages/airflow/example_dags/example_sensors.py
[2023-03-12T12:45:41.995+0000] {processor.py:753} INFO - DAG(s) dict_keys(['example_sensors']) retrieved from /home/airflow/.local/lib/python3.7/site-packages/airflow/example_dags/example_sensors.py
[2023-03-12T12:45:42.022+0000] {logging_mixin.py:137} INFO - [2023-03-12T12:45:42.022+0000] {dag.py:2690} INFO - Sync 1 DAGs
[2023-03-12T12:45:42.046+0000] {logging_mixin.py:137} INFO - [2023-03-12T12:45:42.046+0000] {dag.py:3441} INFO - Setting next_dagrun for example_sensors to None, run_after=None
[2023-03-12T12:45:42.068+0000] {processor.py:175} INFO - Processing /home/airflow/.local/lib/python3.7/site-packages/airflow/example_dags/example_sensors.py took 0.096 seconds
[2023-03-12T12:46:12.797+0000] {processor.py:153} INFO - Started process (PID=596) to work on /home/airflow/.local/lib/python3.7/site-packages/airflow/example_dags/example_sensors.py
[2023-03-12T12:46:12.797+0000] {processor.py:743} INFO - Processing file /home/airflow/.local/lib/python3.7/site-packages/airflow/example_dags/example_sensors.py for tasks to queue
[2023-03-12T12:46:12.798+0000] {logging_mixin.py:137} INFO - [2023-03-12T12:46:12.798+0000] {dagbag.py:538} INFO - Filling up the DagBag from /home/airflow/.local/lib/python3.7/site-packages/airflow/example_dags/example_sensors.py
[2023-03-12T12:46:12.816+0000] {processor.py:753} INFO - DAG(s) dict_keys(['example_sensors']) retrieved from /home/airflow/.local/lib/python3.7/site-packages/airflow/example_dags/example_sensors.py
[2023-03-12T12:46:12.844+0000] {logging_mixin.py:137} INFO - [2023-03-12T12:46:12.844+0000] {dag.py:2690} INFO - Sync 1 DAGs
[2023-03-12T12:46:12.872+0000] {logging_mixin.py:137} INFO - [2023-03-12T12:46:12.871+0000] {dag.py:3441} INFO - Setting next_dagrun for example_sensors to None, run_after=None
[2023-03-12T12:46:12.890+0000] {processor.py:175} INFO - Processing /home/airflow/.local/lib/python3.7/site-packages/airflow/example_dags/example_sensors.py took 0.096 seconds
[2023-03-12T12:54:41.468+0000] {processor.py:153} INFO - Started process (PID=110) to work on /home/airflow/.local/lib/python3.7/site-packages/airflow/example_dags/example_sensors.py
[2023-03-12T12:54:41.469+0000] {processor.py:743} INFO - Processing file /home/airflow/.local/lib/python3.7/site-packages/airflow/example_dags/example_sensors.py for tasks to queue
[2023-03-12T12:54:41.469+0000] {logging_mixin.py:137} INFO - [2023-03-12T12:54:41.469+0000] {dagbag.py:538} INFO - Filling up the DagBag from /home/airflow/.local/lib/python3.7/site-packages/airflow/example_dags/example_sensors.py
[2023-03-12T12:54:41.492+0000] {processor.py:753} INFO - DAG(s) dict_keys(['example_sensors']) retrieved from /home/airflow/.local/lib/python3.7/site-packages/airflow/example_dags/example_sensors.py
[2023-03-12T12:54:41.503+0000] {logging_mixin.py:137} INFO - [2023-03-12T12:54:41.503+0000] {dag.py:2690} INFO - Sync 1 DAGs
[2023-03-12T12:54:41.529+0000] {logging_mixin.py:137} INFO - [2023-03-12T12:54:41.529+0000] {dag.py:3441} INFO - Setting next_dagrun for example_sensors to None, run_after=None
[2023-03-12T12:54:41.554+0000] {processor.py:175} INFO - Processing /home/airflow/.local/lib/python3.7/site-packages/airflow/example_dags/example_sensors.py took 0.089 seconds
[2023-03-12T12:55:12.282+0000] {processor.py:153} INFO - Started process (PID=200) to work on /home/airflow/.local/lib/python3.7/site-packages/airflow/example_dags/example_sensors.py
[2023-03-12T12:55:12.283+0000] {processor.py:743} INFO - Processing file /home/airflow/.local/lib/python3.7/site-packages/airflow/example_dags/example_sensors.py for tasks to queue
[2023-03-12T12:55:12.284+0000] {logging_mixin.py:137} INFO - [2023-03-12T12:55:12.284+0000] {dagbag.py:538} INFO - Filling up the DagBag from /home/airflow/.local/lib/python3.7/site-packages/airflow/example_dags/example_sensors.py
[2023-03-12T12:55:12.306+0000] {processor.py:753} INFO - DAG(s) dict_keys(['example_sensors']) retrieved from /home/airflow/.local/lib/python3.7/site-packages/airflow/example_dags/example_sensors.py
[2023-03-12T12:55:12.333+0000] {logging_mixin.py:137} INFO - [2023-03-12T12:55:12.333+0000] {dag.py:2690} INFO - Sync 1 DAGs
[2023-03-12T12:55:12.360+0000] {logging_mixin.py:137} INFO - [2023-03-12T12:55:12.360+0000] {dag.py:3441} INFO - Setting next_dagrun for example_sensors to None, run_after=None
[2023-03-12T12:55:12.381+0000] {processor.py:175} INFO - Processing /home/airflow/.local/lib/python3.7/site-packages/airflow/example_dags/example_sensors.py took 0.102 seconds
[2023-03-12T12:55:42.987+0000] {processor.py:153} INFO - Started process (PID=299) to work on /home/airflow/.local/lib/python3.7/site-packages/airflow/example_dags/example_sensors.py
[2023-03-12T12:55:42.988+0000] {processor.py:743} INFO - Processing file /home/airflow/.local/lib/python3.7/site-packages/airflow/example_dags/example_sensors.py for tasks to queue
[2023-03-12T12:55:42.989+0000] {logging_mixin.py:137} INFO - [2023-03-12T12:55:42.988+0000] {dagbag.py:538} INFO - Filling up the DagBag from /home/airflow/.local/lib/python3.7/site-packages/airflow/example_dags/example_sensors.py
[2023-03-12T12:55:43.006+0000] {processor.py:753} INFO - DAG(s) dict_keys(['example_sensors']) retrieved from /home/airflow/.local/lib/python3.7/site-packages/airflow/example_dags/example_sensors.py
[2023-03-12T12:55:43.034+0000] {logging_mixin.py:137} INFO - [2023-03-12T12:55:43.034+0000] {dag.py:2690} INFO - Sync 1 DAGs
[2023-03-12T12:55:43.062+0000] {logging_mixin.py:137} INFO - [2023-03-12T12:55:43.062+0000] {dag.py:3441} INFO - Setting next_dagrun for example_sensors to None, run_after=None
[2023-03-12T12:55:43.081+0000] {processor.py:175} INFO - Processing /home/airflow/.local/lib/python3.7/site-packages/airflow/example_dags/example_sensors.py took 0.097 seconds
[2023-03-12T12:56:13.368+0000] {processor.py:153} INFO - Started process (PID=404) to work on /home/airflow/.local/lib/python3.7/site-packages/airflow/example_dags/example_sensors.py
[2023-03-12T12:56:13.369+0000] {processor.py:743} INFO - Processing file /home/airflow/.local/lib/python3.7/site-packages/airflow/example_dags/example_sensors.py for tasks to queue
[2023-03-12T12:56:13.369+0000] {logging_mixin.py:137} INFO - [2023-03-12T12:56:13.369+0000] {dagbag.py:538} INFO - Filling up the DagBag from /home/airflow/.local/lib/python3.7/site-packages/airflow/example_dags/example_sensors.py
[2023-03-12T12:56:13.388+0000] {processor.py:753} INFO - DAG(s) dict_keys(['example_sensors']) retrieved from /home/airflow/.local/lib/python3.7/site-packages/airflow/example_dags/example_sensors.py
[2023-03-12T12:56:13.417+0000] {logging_mixin.py:137} INFO - [2023-03-12T12:56:13.416+0000] {dag.py:2690} INFO - Sync 1 DAGs
[2023-03-12T12:56:13.440+0000] {logging_mixin.py:137} INFO - [2023-03-12T12:56:13.440+0000] {dag.py:3441} INFO - Setting next_dagrun for example_sensors to None, run_after=None
[2023-03-12T12:56:13.465+0000] {processor.py:175} INFO - Processing /home/airflow/.local/lib/python3.7/site-packages/airflow/example_dags/example_sensors.py took 0.100 seconds
[2023-03-12T12:56:44.236+0000] {processor.py:153} INFO - Started process (PID=494) to work on /home/airflow/.local/lib/python3.7/site-packages/airflow/example_dags/example_sensors.py
[2023-03-12T12:56:44.237+0000] {processor.py:743} INFO - Processing file /home/airflow/.local/lib/python3.7/site-packages/airflow/example_dags/example_sensors.py for tasks to queue
[2023-03-12T12:56:44.238+0000] {logging_mixin.py:137} INFO - [2023-03-12T12:56:44.237+0000] {dagbag.py:538} INFO - Filling up the DagBag from /home/airflow/.local/lib/python3.7/site-packages/airflow/example_dags/example_sensors.py
[2023-03-12T12:56:44.256+0000] {processor.py:753} INFO - DAG(s) dict_keys(['example_sensors']) retrieved from /home/airflow/.local/lib/python3.7/site-packages/airflow/example_dags/example_sensors.py
[2023-03-12T12:56:44.283+0000] {logging_mixin.py:137} INFO - [2023-03-12T12:56:44.282+0000] {dag.py:2690} INFO - Sync 1 DAGs
[2023-03-12T12:56:44.308+0000] {logging_mixin.py:137} INFO - [2023-03-12T12:56:44.307+0000] {dag.py:3441} INFO - Setting next_dagrun for example_sensors to None, run_after=None
[2023-03-12T12:56:44.326+0000] {processor.py:175} INFO - Processing /home/airflow/.local/lib/python3.7/site-packages/airflow/example_dags/example_sensors.py took 0.093 seconds
[2023-03-12T12:57:15.089+0000] {processor.py:153} INFO - Started process (PID=608) to work on /home/airflow/.local/lib/python3.7/site-packages/airflow/example_dags/example_sensors.py
[2023-03-12T12:57:15.090+0000] {processor.py:743} INFO - Processing file /home/airflow/.local/lib/python3.7/site-packages/airflow/example_dags/example_sensors.py for tasks to queue
[2023-03-12T12:57:15.091+0000] {logging_mixin.py:137} INFO - [2023-03-12T12:57:15.090+0000] {dagbag.py:538} INFO - Filling up the DagBag from /home/airflow/.local/lib/python3.7/site-packages/airflow/example_dags/example_sensors.py
[2023-03-12T12:57:15.109+0000] {processor.py:753} INFO - DAG(s) dict_keys(['example_sensors']) retrieved from /home/airflow/.local/lib/python3.7/site-packages/airflow/example_dags/example_sensors.py
[2023-03-12T12:57:15.138+0000] {logging_mixin.py:137} INFO - [2023-03-12T12:57:15.138+0000] {dag.py:2690} INFO - Sync 1 DAGs
[2023-03-12T12:57:15.168+0000] {logging_mixin.py:137} INFO - [2023-03-12T12:57:15.168+0000] {dag.py:3441} INFO - Setting next_dagrun for example_sensors to None, run_after=None
[2023-03-12T12:57:15.187+0000] {processor.py:175} INFO - Processing /home/airflow/.local/lib/python3.7/site-packages/airflow/example_dags/example_sensors.py took 0.100 seconds
[2023-03-12T12:57:45.857+0000] {processor.py:153} INFO - Started process (PID=698) to work on /home/airflow/.local/lib/python3.7/site-packages/airflow/example_dags/example_sensors.py
[2023-03-12T12:57:45.858+0000] {processor.py:743} INFO - Processing file /home/airflow/.local/lib/python3.7/site-packages/airflow/example_dags/example_sensors.py for tasks to queue
[2023-03-12T12:57:45.859+0000] {logging_mixin.py:137} INFO - [2023-03-12T12:57:45.859+0000] {dagbag.py:538} INFO - Filling up the DagBag from /home/airflow/.local/lib/python3.7/site-packages/airflow/example_dags/example_sensors.py
[2023-03-12T12:57:45.879+0000] {processor.py:753} INFO - DAG(s) dict_keys(['example_sensors']) retrieved from /home/airflow/.local/lib/python3.7/site-packages/airflow/example_dags/example_sensors.py
[2023-03-12T12:57:45.907+0000] {logging_mixin.py:137} INFO - [2023-03-12T12:57:45.907+0000] {dag.py:2690} INFO - Sync 1 DAGs
[2023-03-12T12:57:45.933+0000] {logging_mixin.py:137} INFO - [2023-03-12T12:57:45.933+0000] {dag.py:3441} INFO - Setting next_dagrun for example_sensors to None, run_after=None
[2023-03-12T12:57:45.957+0000] {processor.py:175} INFO - Processing /home/airflow/.local/lib/python3.7/site-packages/airflow/example_dags/example_sensors.py took 0.103 seconds
[2023-03-12T12:58:17.376+0000] {processor.py:153} INFO - Started process (PID=812) to work on /home/airflow/.local/lib/python3.7/site-packages/airflow/example_dags/example_sensors.py
[2023-03-12T12:58:17.377+0000] {processor.py:743} INFO - Processing file /home/airflow/.local/lib/python3.7/site-packages/airflow/example_dags/example_sensors.py for tasks to queue
[2023-03-12T12:58:17.378+0000] {logging_mixin.py:137} INFO - [2023-03-12T12:58:17.378+0000] {dagbag.py:538} INFO - Filling up the DagBag from /home/airflow/.local/lib/python3.7/site-packages/airflow/example_dags/example_sensors.py
[2023-03-12T12:58:17.397+0000] {processor.py:753} INFO - DAG(s) dict_keys(['example_sensors']) retrieved from /home/airflow/.local/lib/python3.7/site-packages/airflow/example_dags/example_sensors.py
[2023-03-12T12:58:17.425+0000] {logging_mixin.py:137} INFO - [2023-03-12T12:58:17.424+0000] {dag.py:2690} INFO - Sync 1 DAGs
[2023-03-12T12:58:17.459+0000] {logging_mixin.py:137} INFO - [2023-03-12T12:58:17.458+0000] {dag.py:3441} INFO - Setting next_dagrun for example_sensors to None, run_after=None
[2023-03-12T12:58:17.482+0000] {processor.py:175} INFO - Processing /home/airflow/.local/lib/python3.7/site-packages/airflow/example_dags/example_sensors.py took 0.109 seconds
[2023-03-12T13:00:37.339+0000] {processor.py:153} INFO - Started process (PID=110) to work on /home/airflow/.local/lib/python3.7/site-packages/airflow/example_dags/example_sensors.py
[2023-03-12T13:00:37.340+0000] {processor.py:743} INFO - Processing file /home/airflow/.local/lib/python3.7/site-packages/airflow/example_dags/example_sensors.py for tasks to queue
[2023-03-12T13:00:37.341+0000] {logging_mixin.py:137} INFO - [2023-03-12T13:00:37.341+0000] {dagbag.py:538} INFO - Filling up the DagBag from /home/airflow/.local/lib/python3.7/site-packages/airflow/example_dags/example_sensors.py
[2023-03-12T13:00:37.375+0000] {processor.py:753} INFO - DAG(s) dict_keys(['example_sensors']) retrieved from /home/airflow/.local/lib/python3.7/site-packages/airflow/example_dags/example_sensors.py
[2023-03-12T13:00:37.388+0000] {logging_mixin.py:137} INFO - [2023-03-12T13:00:37.388+0000] {dag.py:2690} INFO - Sync 1 DAGs
[2023-03-12T13:00:37.415+0000] {logging_mixin.py:137} INFO - [2023-03-12T13:00:37.414+0000] {dag.py:3441} INFO - Setting next_dagrun for example_sensors to None, run_after=None
[2023-03-12T13:00:37.434+0000] {processor.py:175} INFO - Processing /home/airflow/.local/lib/python3.7/site-packages/airflow/example_dags/example_sensors.py took 0.097 seconds
[2023-03-12T13:01:08.247+0000] {processor.py:153} INFO - Started process (PID=200) to work on /home/airflow/.local/lib/python3.7/site-packages/airflow/example_dags/example_sensors.py
[2023-03-12T13:01:08.248+0000] {processor.py:743} INFO - Processing file /home/airflow/.local/lib/python3.7/site-packages/airflow/example_dags/example_sensors.py for tasks to queue
[2023-03-12T13:01:08.248+0000] {logging_mixin.py:137} INFO - [2023-03-12T13:01:08.248+0000] {dagbag.py:538} INFO - Filling up the DagBag from /home/airflow/.local/lib/python3.7/site-packages/airflow/example_dags/example_sensors.py
[2023-03-12T13:01:08.270+0000] {processor.py:753} INFO - DAG(s) dict_keys(['example_sensors']) retrieved from /home/airflow/.local/lib/python3.7/site-packages/airflow/example_dags/example_sensors.py
[2023-03-12T13:01:08.300+0000] {logging_mixin.py:137} INFO - [2023-03-12T13:01:08.300+0000] {dag.py:2690} INFO - Sync 1 DAGs
[2023-03-12T13:01:08.329+0000] {logging_mixin.py:137} INFO - [2023-03-12T13:01:08.329+0000] {dag.py:3441} INFO - Setting next_dagrun for example_sensors to None, run_after=None
[2023-03-12T13:01:08.348+0000] {processor.py:175} INFO - Processing /home/airflow/.local/lib/python3.7/site-packages/airflow/example_dags/example_sensors.py took 0.104 seconds
[2023-03-12T13:01:39.383+0000] {processor.py:153} INFO - Started process (PID=292) to work on /home/airflow/.local/lib/python3.7/site-packages/airflow/example_dags/example_sensors.py
[2023-03-12T13:01:39.384+0000] {processor.py:743} INFO - Processing file /home/airflow/.local/lib/python3.7/site-packages/airflow/example_dags/example_sensors.py for tasks to queue
[2023-03-12T13:01:39.384+0000] {logging_mixin.py:137} INFO - [2023-03-12T13:01:39.384+0000] {dagbag.py:538} INFO - Filling up the DagBag from /home/airflow/.local/lib/python3.7/site-packages/airflow/example_dags/example_sensors.py
[2023-03-12T13:01:39.414+0000] {processor.py:753} INFO - DAG(s) dict_keys(['example_sensors']) retrieved from /home/airflow/.local/lib/python3.7/site-packages/airflow/example_dags/example_sensors.py
[2023-03-12T13:01:39.480+0000] {logging_mixin.py:137} INFO - [2023-03-12T13:01:39.480+0000] {dag.py:2690} INFO - Sync 1 DAGs
[2023-03-12T13:01:39.510+0000] {logging_mixin.py:137} INFO - [2023-03-12T13:01:39.509+0000] {dag.py:3441} INFO - Setting next_dagrun for example_sensors to None, run_after=None
[2023-03-12T13:01:39.534+0000] {processor.py:175} INFO - Processing /home/airflow/.local/lib/python3.7/site-packages/airflow/example_dags/example_sensors.py took 0.155 seconds
[2023-03-12T13:02:10.477+0000] {processor.py:153} INFO - Started process (PID=404) to work on /home/airflow/.local/lib/python3.7/site-packages/airflow/example_dags/example_sensors.py
[2023-03-12T13:02:10.478+0000] {processor.py:743} INFO - Processing file /home/airflow/.local/lib/python3.7/site-packages/airflow/example_dags/example_sensors.py for tasks to queue
[2023-03-12T13:02:10.479+0000] {logging_mixin.py:137} INFO - [2023-03-12T13:02:10.479+0000] {dagbag.py:538} INFO - Filling up the DagBag from /home/airflow/.local/lib/python3.7/site-packages/airflow/example_dags/example_sensors.py
[2023-03-12T13:02:10.499+0000] {processor.py:753} INFO - DAG(s) dict_keys(['example_sensors']) retrieved from /home/airflow/.local/lib/python3.7/site-packages/airflow/example_dags/example_sensors.py
[2023-03-12T13:02:10.527+0000] {logging_mixin.py:137} INFO - [2023-03-12T13:02:10.527+0000] {dag.py:2690} INFO - Sync 1 DAGs
[2023-03-12T13:02:10.555+0000] {logging_mixin.py:137} INFO - [2023-03-12T13:02:10.555+0000] {dag.py:3441} INFO - Setting next_dagrun for example_sensors to None, run_after=None
[2023-03-12T13:02:10.574+0000] {processor.py:175} INFO - Processing /home/airflow/.local/lib/python3.7/site-packages/airflow/example_dags/example_sensors.py took 0.099 seconds
[2023-03-12T13:02:41.509+0000] {processor.py:153} INFO - Started process (PID=494) to work on /home/airflow/.local/lib/python3.7/site-packages/airflow/example_dags/example_sensors.py
[2023-03-12T13:02:41.510+0000] {processor.py:743} INFO - Processing file /home/airflow/.local/lib/python3.7/site-packages/airflow/example_dags/example_sensors.py for tasks to queue
[2023-03-12T13:02:41.510+0000] {logging_mixin.py:137} INFO - [2023-03-12T13:02:41.510+0000] {dagbag.py:538} INFO - Filling up the DagBag from /home/airflow/.local/lib/python3.7/site-packages/airflow/example_dags/example_sensors.py
[2023-03-12T13:02:41.529+0000] {processor.py:753} INFO - DAG(s) dict_keys(['example_sensors']) retrieved from /home/airflow/.local/lib/python3.7/site-packages/airflow/example_dags/example_sensors.py
[2023-03-12T13:02:41.566+0000] {logging_mixin.py:137} INFO - [2023-03-12T13:02:41.565+0000] {dag.py:2690} INFO - Sync 1 DAGs
[2023-03-12T13:02:41.591+0000] {logging_mixin.py:137} INFO - [2023-03-12T13:02:41.591+0000] {dag.py:3441} INFO - Setting next_dagrun for example_sensors to None, run_after=None
[2023-03-12T13:02:41.610+0000] {processor.py:175} INFO - Processing /home/airflow/.local/lib/python3.7/site-packages/airflow/example_dags/example_sensors.py took 0.104 seconds
[2023-03-12T13:03:12.222+0000] {processor.py:153} INFO - Started process (PID=608) to work on /home/airflow/.local/lib/python3.7/site-packages/airflow/example_dags/example_sensors.py
[2023-03-12T13:03:12.223+0000] {processor.py:743} INFO - Processing file /home/airflow/.local/lib/python3.7/site-packages/airflow/example_dags/example_sensors.py for tasks to queue
[2023-03-12T13:03:12.224+0000] {logging_mixin.py:137} INFO - [2023-03-12T13:03:12.224+0000] {dagbag.py:538} INFO - Filling up the DagBag from /home/airflow/.local/lib/python3.7/site-packages/airflow/example_dags/example_sensors.py
[2023-03-12T13:03:12.243+0000] {processor.py:753} INFO - DAG(s) dict_keys(['example_sensors']) retrieved from /home/airflow/.local/lib/python3.7/site-packages/airflow/example_dags/example_sensors.py
[2023-03-12T13:03:12.274+0000] {logging_mixin.py:137} INFO - [2023-03-12T13:03:12.274+0000] {dag.py:2690} INFO - Sync 1 DAGs
[2023-03-12T13:03:12.302+0000] {logging_mixin.py:137} INFO - [2023-03-12T13:03:12.302+0000] {dag.py:3441} INFO - Setting next_dagrun for example_sensors to None, run_after=None
[2023-03-12T13:03:12.320+0000] {processor.py:175} INFO - Processing /home/airflow/.local/lib/python3.7/site-packages/airflow/example_dags/example_sensors.py took 0.102 seconds
[2023-03-12T13:03:43.131+0000] {processor.py:153} INFO - Started process (PID=698) to work on /home/airflow/.local/lib/python3.7/site-packages/airflow/example_dags/example_sensors.py
[2023-03-12T13:03:43.132+0000] {processor.py:743} INFO - Processing file /home/airflow/.local/lib/python3.7/site-packages/airflow/example_dags/example_sensors.py for tasks to queue
[2023-03-12T13:03:43.133+0000] {logging_mixin.py:137} INFO - [2023-03-12T13:03:43.133+0000] {dagbag.py:538} INFO - Filling up the DagBag from /home/airflow/.local/lib/python3.7/site-packages/airflow/example_dags/example_sensors.py
[2023-03-12T13:03:43.152+0000] {processor.py:753} INFO - DAG(s) dict_keys(['example_sensors']) retrieved from /home/airflow/.local/lib/python3.7/site-packages/airflow/example_dags/example_sensors.py
[2023-03-12T13:03:43.181+0000] {logging_mixin.py:137} INFO - [2023-03-12T13:03:43.181+0000] {dag.py:2690} INFO - Sync 1 DAGs
[2023-03-12T13:03:43.205+0000] {logging_mixin.py:137} INFO - [2023-03-12T13:03:43.205+0000] {dag.py:3441} INFO - Setting next_dagrun for example_sensors to None, run_after=None
[2023-03-12T13:03:43.223+0000] {processor.py:175} INFO - Processing /home/airflow/.local/lib/python3.7/site-packages/airflow/example_dags/example_sensors.py took 0.094 seconds
[2023-03-12T13:04:13.947+0000] {processor.py:153} INFO - Started process (PID=812) to work on /home/airflow/.local/lib/python3.7/site-packages/airflow/example_dags/example_sensors.py
[2023-03-12T13:04:13.948+0000] {processor.py:743} INFO - Processing file /home/airflow/.local/lib/python3.7/site-packages/airflow/example_dags/example_sensors.py for tasks to queue
[2023-03-12T13:04:13.949+0000] {logging_mixin.py:137} INFO - [2023-03-12T13:04:13.949+0000] {dagbag.py:538} INFO - Filling up the DagBag from /home/airflow/.local/lib/python3.7/site-packages/airflow/example_dags/example_sensors.py
[2023-03-12T13:04:13.969+0000] {processor.py:753} INFO - DAG(s) dict_keys(['example_sensors']) retrieved from /home/airflow/.local/lib/python3.7/site-packages/airflow/example_dags/example_sensors.py
[2023-03-12T13:04:13.996+0000] {logging_mixin.py:137} INFO - [2023-03-12T13:04:13.995+0000] {dag.py:2690} INFO - Sync 1 DAGs
[2023-03-12T13:04:14.020+0000] {logging_mixin.py:137} INFO - [2023-03-12T13:04:14.020+0000] {dag.py:3441} INFO - Setting next_dagrun for example_sensors to None, run_after=None
[2023-03-12T13:04:14.039+0000] {processor.py:175} INFO - Processing /home/airflow/.local/lib/python3.7/site-packages/airflow/example_dags/example_sensors.py took 0.094 seconds
[2023-03-12T13:04:44.721+0000] {processor.py:153} INFO - Started process (PID=902) to work on /home/airflow/.local/lib/python3.7/site-packages/airflow/example_dags/example_sensors.py
[2023-03-12T13:04:44.722+0000] {processor.py:743} INFO - Processing file /home/airflow/.local/lib/python3.7/site-packages/airflow/example_dags/example_sensors.py for tasks to queue
[2023-03-12T13:04:44.723+0000] {logging_mixin.py:137} INFO - [2023-03-12T13:04:44.723+0000] {dagbag.py:538} INFO - Filling up the DagBag from /home/airflow/.local/lib/python3.7/site-packages/airflow/example_dags/example_sensors.py
[2023-03-12T13:04:44.742+0000] {processor.py:753} INFO - DAG(s) dict_keys(['example_sensors']) retrieved from /home/airflow/.local/lib/python3.7/site-packages/airflow/example_dags/example_sensors.py
[2023-03-12T13:04:44.781+0000] {logging_mixin.py:137} INFO - [2023-03-12T13:04:44.781+0000] {dag.py:2690} INFO - Sync 1 DAGs
[2023-03-12T13:04:44.813+0000] {logging_mixin.py:137} INFO - [2023-03-12T13:04:44.813+0000] {dag.py:3441} INFO - Setting next_dagrun for example_sensors to None, run_after=None
[2023-03-12T13:04:44.830+0000] {processor.py:175} INFO - Processing /home/airflow/.local/lib/python3.7/site-packages/airflow/example_dags/example_sensors.py took 0.111 seconds
[2023-03-12T13:05:15.373+0000] {processor.py:153} INFO - Started process (PID=1000) to work on /home/airflow/.local/lib/python3.7/site-packages/airflow/example_dags/example_sensors.py
[2023-03-12T13:05:15.374+0000] {processor.py:743} INFO - Processing file /home/airflow/.local/lib/python3.7/site-packages/airflow/example_dags/example_sensors.py for tasks to queue
[2023-03-12T13:05:15.376+0000] {logging_mixin.py:137} INFO - [2023-03-12T13:05:15.376+0000] {dagbag.py:538} INFO - Filling up the DagBag from /home/airflow/.local/lib/python3.7/site-packages/airflow/example_dags/example_sensors.py
[2023-03-12T13:05:15.412+0000] {processor.py:753} INFO - DAG(s) dict_keys(['example_sensors']) retrieved from /home/airflow/.local/lib/python3.7/site-packages/airflow/example_dags/example_sensors.py
[2023-03-12T13:05:15.458+0000] {logging_mixin.py:137} INFO - [2023-03-12T13:05:15.458+0000] {dag.py:2690} INFO - Sync 1 DAGs
[2023-03-12T13:05:15.498+0000] {logging_mixin.py:137} INFO - [2023-03-12T13:05:15.498+0000] {dag.py:3441} INFO - Setting next_dagrun for example_sensors to None, run_after=None
[2023-03-12T13:05:15.525+0000] {processor.py:175} INFO - Processing /home/airflow/.local/lib/python3.7/site-packages/airflow/example_dags/example_sensors.py took 0.156 seconds
[2023-03-12T13:05:46.151+0000] {processor.py:153} INFO - Started process (PID=1107) to work on /home/airflow/.local/lib/python3.7/site-packages/airflow/example_dags/example_sensors.py
[2023-03-12T13:05:46.152+0000] {processor.py:743} INFO - Processing file /home/airflow/.local/lib/python3.7/site-packages/airflow/example_dags/example_sensors.py for tasks to queue
[2023-03-12T13:05:46.153+0000] {logging_mixin.py:137} INFO - [2023-03-12T13:05:46.153+0000] {dagbag.py:538} INFO - Filling up the DagBag from /home/airflow/.local/lib/python3.7/site-packages/airflow/example_dags/example_sensors.py
[2023-03-12T13:05:46.175+0000] {processor.py:753} INFO - DAG(s) dict_keys(['example_sensors']) retrieved from /home/airflow/.local/lib/python3.7/site-packages/airflow/example_dags/example_sensors.py
[2023-03-12T13:05:46.208+0000] {logging_mixin.py:137} INFO - [2023-03-12T13:05:46.208+0000] {dag.py:2690} INFO - Sync 1 DAGs
[2023-03-12T13:05:46.238+0000] {logging_mixin.py:137} INFO - [2023-03-12T13:05:46.238+0000] {dag.py:3441} INFO - Setting next_dagrun for example_sensors to None, run_after=None
[2023-03-12T13:05:46.261+0000] {processor.py:175} INFO - Processing /home/airflow/.local/lib/python3.7/site-packages/airflow/example_dags/example_sensors.py took 0.113 seconds
[2023-03-12T13:06:16.299+0000] {processor.py:153} INFO - Started process (PID=1197) to work on /home/airflow/.local/lib/python3.7/site-packages/airflow/example_dags/example_sensors.py
[2023-03-12T13:06:16.300+0000] {processor.py:743} INFO - Processing file /home/airflow/.local/lib/python3.7/site-packages/airflow/example_dags/example_sensors.py for tasks to queue
[2023-03-12T13:06:16.301+0000] {logging_mixin.py:137} INFO - [2023-03-12T13:06:16.301+0000] {dagbag.py:538} INFO - Filling up the DagBag from /home/airflow/.local/lib/python3.7/site-packages/airflow/example_dags/example_sensors.py
[2023-03-12T13:06:16.321+0000] {processor.py:753} INFO - DAG(s) dict_keys(['example_sensors']) retrieved from /home/airflow/.local/lib/python3.7/site-packages/airflow/example_dags/example_sensors.py
[2023-03-12T13:06:16.350+0000] {logging_mixin.py:137} INFO - [2023-03-12T13:06:16.350+0000] {dag.py:2690} INFO - Sync 1 DAGs
[2023-03-12T13:06:16.378+0000] {logging_mixin.py:137} INFO - [2023-03-12T13:06:16.378+0000] {dag.py:3441} INFO - Setting next_dagrun for example_sensors to None, run_after=None
[2023-03-12T13:06:16.401+0000] {processor.py:175} INFO - Processing /home/airflow/.local/lib/python3.7/site-packages/airflow/example_dags/example_sensors.py took 0.104 seconds
[2023-03-12T13:06:46.965+0000] {processor.py:153} INFO - Started process (PID=1321) to work on /home/airflow/.local/lib/python3.7/site-packages/airflow/example_dags/example_sensors.py
[2023-03-12T13:06:46.966+0000] {processor.py:743} INFO - Processing file /home/airflow/.local/lib/python3.7/site-packages/airflow/example_dags/example_sensors.py for tasks to queue
[2023-03-12T13:06:46.967+0000] {logging_mixin.py:137} INFO - [2023-03-12T13:06:46.966+0000] {dagbag.py:538} INFO - Filling up the DagBag from /home/airflow/.local/lib/python3.7/site-packages/airflow/example_dags/example_sensors.py
[2023-03-12T13:06:46.985+0000] {processor.py:753} INFO - DAG(s) dict_keys(['example_sensors']) retrieved from /home/airflow/.local/lib/python3.7/site-packages/airflow/example_dags/example_sensors.py
[2023-03-12T13:06:47.014+0000] {logging_mixin.py:137} INFO - [2023-03-12T13:06:47.014+0000] {dag.py:2690} INFO - Sync 1 DAGs
[2023-03-12T13:06:47.042+0000] {logging_mixin.py:137} INFO - [2023-03-12T13:06:47.042+0000] {dag.py:3441} INFO - Setting next_dagrun for example_sensors to None, run_after=None
[2023-03-12T13:06:47.069+0000] {processor.py:175} INFO - Processing /home/airflow/.local/lib/python3.7/site-packages/airflow/example_dags/example_sensors.py took 0.107 seconds
[2023-03-12T13:07:05.086+0000] {processor.py:153} INFO - Started process (PID=93) to work on /home/airflow/.local/lib/python3.7/site-packages/airflow/example_dags/example_sensors.py
[2023-03-12T13:07:05.087+0000] {processor.py:743} INFO - Processing file /home/airflow/.local/lib/python3.7/site-packages/airflow/example_dags/example_sensors.py for tasks to queue
[2023-03-12T13:07:05.088+0000] {logging_mixin.py:137} INFO - [2023-03-12T13:07:05.088+0000] {dagbag.py:538} INFO - Filling up the DagBag from /home/airflow/.local/lib/python3.7/site-packages/airflow/example_dags/example_sensors.py
[2023-03-12T13:07:05.165+0000] {processor.py:753} INFO - DAG(s) dict_keys(['example_sensors']) retrieved from /home/airflow/.local/lib/python3.7/site-packages/airflow/example_dags/example_sensors.py
[2023-03-12T13:07:05.179+0000] {logging_mixin.py:137} INFO - [2023-03-12T13:07:05.179+0000] {dag.py:2690} INFO - Sync 1 DAGs
[2023-03-12T13:07:05.266+0000] {logging_mixin.py:137} INFO - [2023-03-12T13:07:05.266+0000] {dag.py:3441} INFO - Setting next_dagrun for example_sensors to None, run_after=None
[2023-03-12T13:07:05.357+0000] {processor.py:175} INFO - Processing /home/airflow/.local/lib/python3.7/site-packages/airflow/example_dags/example_sensors.py took 0.273 seconds
[2023-03-12T13:07:35.574+0000] {processor.py:153} INFO - Started process (PID=184) to work on /home/airflow/.local/lib/python3.7/site-packages/airflow/example_dags/example_sensors.py
[2023-03-12T13:07:35.575+0000] {processor.py:743} INFO - Processing file /home/airflow/.local/lib/python3.7/site-packages/airflow/example_dags/example_sensors.py for tasks to queue
[2023-03-12T13:07:35.575+0000] {logging_mixin.py:137} INFO - [2023-03-12T13:07:35.575+0000] {dagbag.py:538} INFO - Filling up the DagBag from /home/airflow/.local/lib/python3.7/site-packages/airflow/example_dags/example_sensors.py
[2023-03-12T13:07:35.595+0000] {processor.py:753} INFO - DAG(s) dict_keys(['example_sensors']) retrieved from /home/airflow/.local/lib/python3.7/site-packages/airflow/example_dags/example_sensors.py
[2023-03-12T13:07:35.661+0000] {logging_mixin.py:137} INFO - [2023-03-12T13:07:35.660+0000] {dag.py:2690} INFO - Sync 1 DAGs
[2023-03-12T13:07:35.785+0000] {logging_mixin.py:137} INFO - [2023-03-12T13:07:35.784+0000] {dag.py:3441} INFO - Setting next_dagrun for example_sensors to None, run_after=None
[2023-03-12T13:07:35.869+0000] {processor.py:175} INFO - Processing /home/airflow/.local/lib/python3.7/site-packages/airflow/example_dags/example_sensors.py took 0.298 seconds
[2023-03-12T13:08:06.553+0000] {processor.py:153} INFO - Started process (PID=289) to work on /home/airflow/.local/lib/python3.7/site-packages/airflow/example_dags/example_sensors.py
[2023-03-12T13:08:06.555+0000] {processor.py:743} INFO - Processing file /home/airflow/.local/lib/python3.7/site-packages/airflow/example_dags/example_sensors.py for tasks to queue
[2023-03-12T13:08:06.555+0000] {logging_mixin.py:137} INFO - [2023-03-12T13:08:06.555+0000] {dagbag.py:538} INFO - Filling up the DagBag from /home/airflow/.local/lib/python3.7/site-packages/airflow/example_dags/example_sensors.py
[2023-03-12T13:08:06.581+0000] {processor.py:753} INFO - DAG(s) dict_keys(['example_sensors']) retrieved from /home/airflow/.local/lib/python3.7/site-packages/airflow/example_dags/example_sensors.py
[2023-03-12T13:08:06.614+0000] {logging_mixin.py:137} INFO - [2023-03-12T13:08:06.614+0000] {dag.py:2690} INFO - Sync 1 DAGs
[2023-03-12T13:08:06.641+0000] {logging_mixin.py:137} INFO - [2023-03-12T13:08:06.641+0000] {dag.py:3441} INFO - Setting next_dagrun for example_sensors to None, run_after=None
[2023-03-12T13:08:06.664+0000] {processor.py:175} INFO - Processing /home/airflow/.local/lib/python3.7/site-packages/airflow/example_dags/example_sensors.py took 0.114 seconds
[2023-03-12T13:08:37.429+0000] {processor.py:153} INFO - Started process (PID=380) to work on /home/airflow/.local/lib/python3.7/site-packages/airflow/example_dags/example_sensors.py
[2023-03-12T13:08:37.430+0000] {processor.py:743} INFO - Processing file /home/airflow/.local/lib/python3.7/site-packages/airflow/example_dags/example_sensors.py for tasks to queue
[2023-03-12T13:08:37.431+0000] {logging_mixin.py:137} INFO - [2023-03-12T13:08:37.430+0000] {dagbag.py:538} INFO - Filling up the DagBag from /home/airflow/.local/lib/python3.7/site-packages/airflow/example_dags/example_sensors.py
[2023-03-12T13:08:37.448+0000] {processor.py:753} INFO - DAG(s) dict_keys(['example_sensors']) retrieved from /home/airflow/.local/lib/python3.7/site-packages/airflow/example_dags/example_sensors.py
[2023-03-12T13:08:37.473+0000] {logging_mixin.py:137} INFO - [2023-03-12T13:08:37.473+0000] {dag.py:2690} INFO - Sync 1 DAGs
[2023-03-12T13:08:37.497+0000] {logging_mixin.py:137} INFO - [2023-03-12T13:08:37.497+0000] {dag.py:3441} INFO - Setting next_dagrun for example_sensors to None, run_after=None
[2023-03-12T13:08:37.513+0000] {processor.py:175} INFO - Processing /home/airflow/.local/lib/python3.7/site-packages/airflow/example_dags/example_sensors.py took 0.086 seconds
[2023-03-12T13:08:58.488+0000] {processor.py:153} INFO - Started process (PID=86) to work on /home/airflow/.local/lib/python3.7/site-packages/airflow/example_dags/example_sensors.py
[2023-03-12T13:08:58.489+0000] {processor.py:743} INFO - Processing file /home/airflow/.local/lib/python3.7/site-packages/airflow/example_dags/example_sensors.py for tasks to queue
[2023-03-12T13:08:58.489+0000] {logging_mixin.py:137} INFO - [2023-03-12T13:08:58.489+0000] {dagbag.py:538} INFO - Filling up the DagBag from /home/airflow/.local/lib/python3.7/site-packages/airflow/example_dags/example_sensors.py
[2023-03-12T13:08:58.507+0000] {processor.py:753} INFO - DAG(s) dict_keys(['example_sensors']) retrieved from /home/airflow/.local/lib/python3.7/site-packages/airflow/example_dags/example_sensors.py
[2023-03-12T13:08:58.521+0000] {logging_mixin.py:137} INFO - [2023-03-12T13:08:58.521+0000] {dag.py:2690} INFO - Sync 1 DAGs
[2023-03-12T13:08:58.557+0000] {logging_mixin.py:137} INFO - [2023-03-12T13:08:58.557+0000] {dag.py:3441} INFO - Setting next_dagrun for example_sensors to None, run_after=None
[2023-03-12T13:08:58.581+0000] {processor.py:175} INFO - Processing /home/airflow/.local/lib/python3.7/site-packages/airflow/example_dags/example_sensors.py took 0.096 seconds
[2023-03-12T13:09:29.331+0000] {processor.py:153} INFO - Started process (PID=200) to work on /home/airflow/.local/lib/python3.7/site-packages/airflow/example_dags/example_sensors.py
[2023-03-12T13:09:29.332+0000] {processor.py:743} INFO - Processing file /home/airflow/.local/lib/python3.7/site-packages/airflow/example_dags/example_sensors.py for tasks to queue
[2023-03-12T13:09:29.333+0000] {logging_mixin.py:137} INFO - [2023-03-12T13:09:29.333+0000] {dagbag.py:538} INFO - Filling up the DagBag from /home/airflow/.local/lib/python3.7/site-packages/airflow/example_dags/example_sensors.py
[2023-03-12T13:09:29.351+0000] {processor.py:753} INFO - DAG(s) dict_keys(['example_sensors']) retrieved from /home/airflow/.local/lib/python3.7/site-packages/airflow/example_dags/example_sensors.py
[2023-03-12T13:09:29.379+0000] {logging_mixin.py:137} INFO - [2023-03-12T13:09:29.378+0000] {dag.py:2690} INFO - Sync 1 DAGs
[2023-03-12T13:09:29.404+0000] {logging_mixin.py:137} INFO - [2023-03-12T13:09:29.404+0000] {dag.py:3441} INFO - Setting next_dagrun for example_sensors to None, run_after=None
[2023-03-12T13:09:29.423+0000] {processor.py:175} INFO - Processing /home/airflow/.local/lib/python3.7/site-packages/airflow/example_dags/example_sensors.py took 0.094 seconds
[2023-03-12T13:10:00.261+0000] {processor.py:153} INFO - Started process (PID=290) to work on /home/airflow/.local/lib/python3.7/site-packages/airflow/example_dags/example_sensors.py
[2023-03-12T13:10:00.262+0000] {processor.py:743} INFO - Processing file /home/airflow/.local/lib/python3.7/site-packages/airflow/example_dags/example_sensors.py for tasks to queue
[2023-03-12T13:10:00.262+0000] {logging_mixin.py:137} INFO - [2023-03-12T13:10:00.262+0000] {dagbag.py:538} INFO - Filling up the DagBag from /home/airflow/.local/lib/python3.7/site-packages/airflow/example_dags/example_sensors.py
[2023-03-12T13:10:00.282+0000] {processor.py:753} INFO - DAG(s) dict_keys(['example_sensors']) retrieved from /home/airflow/.local/lib/python3.7/site-packages/airflow/example_dags/example_sensors.py
[2023-03-12T13:10:00.308+0000] {logging_mixin.py:137} INFO - [2023-03-12T13:10:00.308+0000] {dag.py:2690} INFO - Sync 1 DAGs
[2023-03-12T13:10:00.334+0000] {logging_mixin.py:137} INFO - [2023-03-12T13:10:00.334+0000] {dag.py:3441} INFO - Setting next_dagrun for example_sensors to None, run_after=None
[2023-03-12T13:10:00.355+0000] {processor.py:175} INFO - Processing /home/airflow/.local/lib/python3.7/site-packages/airflow/example_dags/example_sensors.py took 0.096 seconds
[2023-03-12T13:10:31.420+0000] {processor.py:153} INFO - Started process (PID=414) to work on /home/airflow/.local/lib/python3.7/site-packages/airflow/example_dags/example_sensors.py
[2023-03-12T13:10:31.421+0000] {processor.py:743} INFO - Processing file /home/airflow/.local/lib/python3.7/site-packages/airflow/example_dags/example_sensors.py for tasks to queue
[2023-03-12T13:10:31.422+0000] {logging_mixin.py:137} INFO - [2023-03-12T13:10:31.422+0000] {dagbag.py:538} INFO - Filling up the DagBag from /home/airflow/.local/lib/python3.7/site-packages/airflow/example_dags/example_sensors.py
[2023-03-12T13:10:31.439+0000] {processor.py:753} INFO - DAG(s) dict_keys(['example_sensors']) retrieved from /home/airflow/.local/lib/python3.7/site-packages/airflow/example_dags/example_sensors.py
[2023-03-12T13:10:31.472+0000] {logging_mixin.py:137} INFO - [2023-03-12T13:10:31.472+0000] {dag.py:2690} INFO - Sync 1 DAGs
[2023-03-12T13:10:31.510+0000] {logging_mixin.py:137} INFO - [2023-03-12T13:10:31.509+0000] {dag.py:3441} INFO - Setting next_dagrun for example_sensors to None, run_after=None
[2023-03-12T13:10:31.534+0000] {processor.py:175} INFO - Processing /home/airflow/.local/lib/python3.7/site-packages/airflow/example_dags/example_sensors.py took 0.117 seconds
[2023-03-12T13:11:02.493+0000] {processor.py:153} INFO - Started process (PID=508) to work on /home/airflow/.local/lib/python3.7/site-packages/airflow/example_dags/example_sensors.py
[2023-03-12T13:11:02.493+0000] {processor.py:743} INFO - Processing file /home/airflow/.local/lib/python3.7/site-packages/airflow/example_dags/example_sensors.py for tasks to queue
[2023-03-12T13:11:02.494+0000] {logging_mixin.py:137} INFO - [2023-03-12T13:11:02.494+0000] {dagbag.py:538} INFO - Filling up the DagBag from /home/airflow/.local/lib/python3.7/site-packages/airflow/example_dags/example_sensors.py
[2023-03-12T13:11:02.511+0000] {processor.py:753} INFO - DAG(s) dict_keys(['example_sensors']) retrieved from /home/airflow/.local/lib/python3.7/site-packages/airflow/example_dags/example_sensors.py
[2023-03-12T13:11:02.537+0000] {logging_mixin.py:137} INFO - [2023-03-12T13:11:02.537+0000] {dag.py:2690} INFO - Sync 1 DAGs
[2023-03-12T13:11:02.564+0000] {logging_mixin.py:137} INFO - [2023-03-12T13:11:02.564+0000] {dag.py:3441} INFO - Setting next_dagrun for example_sensors to None, run_after=None
[2023-03-12T13:11:02.583+0000] {processor.py:175} INFO - Processing /home/airflow/.local/lib/python3.7/site-packages/airflow/example_dags/example_sensors.py took 0.092 seconds
[2023-03-12T13:11:33.685+0000] {processor.py:153} INFO - Started process (PID=622) to work on /home/airflow/.local/lib/python3.7/site-packages/airflow/example_dags/example_sensors.py
[2023-03-12T13:11:33.686+0000] {processor.py:743} INFO - Processing file /home/airflow/.local/lib/python3.7/site-packages/airflow/example_dags/example_sensors.py for tasks to queue
[2023-03-12T13:11:33.686+0000] {logging_mixin.py:137} INFO - [2023-03-12T13:11:33.686+0000] {dagbag.py:538} INFO - Filling up the DagBag from /home/airflow/.local/lib/python3.7/site-packages/airflow/example_dags/example_sensors.py
[2023-03-12T13:11:33.704+0000] {processor.py:753} INFO - DAG(s) dict_keys(['example_sensors']) retrieved from /home/airflow/.local/lib/python3.7/site-packages/airflow/example_dags/example_sensors.py
[2023-03-12T13:11:33.732+0000] {logging_mixin.py:137} INFO - [2023-03-12T13:11:33.732+0000] {dag.py:2690} INFO - Sync 1 DAGs
[2023-03-12T13:11:33.761+0000] {logging_mixin.py:137} INFO - [2023-03-12T13:11:33.761+0000] {dag.py:3441} INFO - Setting next_dagrun for example_sensors to None, run_after=None
[2023-03-12T13:11:33.781+0000] {processor.py:175} INFO - Processing /home/airflow/.local/lib/python3.7/site-packages/airflow/example_dags/example_sensors.py took 0.099 seconds
[2023-03-12T13:12:04.783+0000] {processor.py:153} INFO - Started process (PID=716) to work on /home/airflow/.local/lib/python3.7/site-packages/airflow/example_dags/example_sensors.py
[2023-03-12T13:12:04.784+0000] {processor.py:743} INFO - Processing file /home/airflow/.local/lib/python3.7/site-packages/airflow/example_dags/example_sensors.py for tasks to queue
[2023-03-12T13:12:04.785+0000] {logging_mixin.py:137} INFO - [2023-03-12T13:12:04.785+0000] {dagbag.py:538} INFO - Filling up the DagBag from /home/airflow/.local/lib/python3.7/site-packages/airflow/example_dags/example_sensors.py
[2023-03-12T13:12:04.802+0000] {processor.py:753} INFO - DAG(s) dict_keys(['example_sensors']) retrieved from /home/airflow/.local/lib/python3.7/site-packages/airflow/example_dags/example_sensors.py
[2023-03-12T13:12:04.827+0000] {logging_mixin.py:137} INFO - [2023-03-12T13:12:04.826+0000] {dag.py:2690} INFO - Sync 1 DAGs
[2023-03-12T13:12:04.852+0000] {logging_mixin.py:137} INFO - [2023-03-12T13:12:04.852+0000] {dag.py:3441} INFO - Setting next_dagrun for example_sensors to None, run_after=None
[2023-03-12T13:12:04.871+0000] {processor.py:175} INFO - Processing /home/airflow/.local/lib/python3.7/site-packages/airflow/example_dags/example_sensors.py took 0.090 seconds
[2023-03-12T13:12:35.819+0000] {processor.py:153} INFO - Started process (PID=815) to work on /home/airflow/.local/lib/python3.7/site-packages/airflow/example_dags/example_sensors.py
[2023-03-12T13:12:35.820+0000] {processor.py:743} INFO - Processing file /home/airflow/.local/lib/python3.7/site-packages/airflow/example_dags/example_sensors.py for tasks to queue
[2023-03-12T13:12:35.820+0000] {logging_mixin.py:137} INFO - [2023-03-12T13:12:35.820+0000] {dagbag.py:538} INFO - Filling up the DagBag from /home/airflow/.local/lib/python3.7/site-packages/airflow/example_dags/example_sensors.py
[2023-03-12T13:12:35.840+0000] {processor.py:753} INFO - DAG(s) dict_keys(['example_sensors']) retrieved from /home/airflow/.local/lib/python3.7/site-packages/airflow/example_dags/example_sensors.py
[2023-03-12T13:12:35.879+0000] {logging_mixin.py:137} INFO - [2023-03-12T13:12:35.879+0000] {dag.py:2690} INFO - Sync 1 DAGs
[2023-03-12T13:12:35.909+0000] {logging_mixin.py:137} INFO - [2023-03-12T13:12:35.908+0000] {dag.py:3441} INFO - Setting next_dagrun for example_sensors to None, run_after=None
[2023-03-12T13:12:35.929+0000] {processor.py:175} INFO - Processing /home/airflow/.local/lib/python3.7/site-packages/airflow/example_dags/example_sensors.py took 0.113 seconds
[2023-03-12T13:13:06.092+0000] {processor.py:153} INFO - Started process (PID=924) to work on /home/airflow/.local/lib/python3.7/site-packages/airflow/example_dags/example_sensors.py
[2023-03-12T13:13:06.093+0000] {processor.py:743} INFO - Processing file /home/airflow/.local/lib/python3.7/site-packages/airflow/example_dags/example_sensors.py for tasks to queue
[2023-03-12T13:13:06.094+0000] {logging_mixin.py:137} INFO - [2023-03-12T13:13:06.094+0000] {dagbag.py:538} INFO - Filling up the DagBag from /home/airflow/.local/lib/python3.7/site-packages/airflow/example_dags/example_sensors.py
[2023-03-12T13:13:06.113+0000] {processor.py:753} INFO - DAG(s) dict_keys(['example_sensors']) retrieved from /home/airflow/.local/lib/python3.7/site-packages/airflow/example_dags/example_sensors.py
[2023-03-12T13:13:06.144+0000] {logging_mixin.py:137} INFO - [2023-03-12T13:13:06.144+0000] {dag.py:2690} INFO - Sync 1 DAGs
[2023-03-12T13:13:06.172+0000] {logging_mixin.py:137} INFO - [2023-03-12T13:13:06.172+0000] {dag.py:3441} INFO - Setting next_dagrun for example_sensors to None, run_after=None
[2023-03-12T13:13:06.192+0000] {processor.py:175} INFO - Processing /home/airflow/.local/lib/python3.7/site-packages/airflow/example_dags/example_sensors.py took 0.102 seconds
[2023-03-12T13:13:36.378+0000] {processor.py:153} INFO - Started process (PID=1014) to work on /home/airflow/.local/lib/python3.7/site-packages/airflow/example_dags/example_sensors.py
[2023-03-12T13:13:36.379+0000] {processor.py:743} INFO - Processing file /home/airflow/.local/lib/python3.7/site-packages/airflow/example_dags/example_sensors.py for tasks to queue
[2023-03-12T13:13:36.380+0000] {logging_mixin.py:137} INFO - [2023-03-12T13:13:36.380+0000] {dagbag.py:538} INFO - Filling up the DagBag from /home/airflow/.local/lib/python3.7/site-packages/airflow/example_dags/example_sensors.py
[2023-03-12T13:13:36.398+0000] {processor.py:753} INFO - DAG(s) dict_keys(['example_sensors']) retrieved from /home/airflow/.local/lib/python3.7/site-packages/airflow/example_dags/example_sensors.py
[2023-03-12T13:13:36.426+0000] {logging_mixin.py:137} INFO - [2023-03-12T13:13:36.426+0000] {dag.py:2690} INFO - Sync 1 DAGs
[2023-03-12T13:13:36.457+0000] {logging_mixin.py:137} INFO - [2023-03-12T13:13:36.457+0000] {dag.py:3441} INFO - Setting next_dagrun for example_sensors to None, run_after=None
[2023-03-12T13:13:36.474+0000] {processor.py:175} INFO - Processing /home/airflow/.local/lib/python3.7/site-packages/airflow/example_dags/example_sensors.py took 0.098 seconds
[2023-03-12T13:14:07.381+0000] {processor.py:153} INFO - Started process (PID=1132) to work on /home/airflow/.local/lib/python3.7/site-packages/airflow/example_dags/example_sensors.py
[2023-03-12T13:14:07.382+0000] {processor.py:743} INFO - Processing file /home/airflow/.local/lib/python3.7/site-packages/airflow/example_dags/example_sensors.py for tasks to queue
[2023-03-12T13:14:07.382+0000] {logging_mixin.py:137} INFO - [2023-03-12T13:14:07.382+0000] {dagbag.py:538} INFO - Filling up the DagBag from /home/airflow/.local/lib/python3.7/site-packages/airflow/example_dags/example_sensors.py
[2023-03-12T13:14:07.402+0000] {processor.py:753} INFO - DAG(s) dict_keys(['example_sensors']) retrieved from /home/airflow/.local/lib/python3.7/site-packages/airflow/example_dags/example_sensors.py
[2023-03-12T13:14:07.431+0000] {logging_mixin.py:137} INFO - [2023-03-12T13:14:07.430+0000] {dag.py:2690} INFO - Sync 1 DAGs
[2023-03-12T13:14:07.458+0000] {logging_mixin.py:137} INFO - [2023-03-12T13:14:07.458+0000] {dag.py:3441} INFO - Setting next_dagrun for example_sensors to None, run_after=None
[2023-03-12T13:14:07.476+0000] {processor.py:175} INFO - Processing /home/airflow/.local/lib/python3.7/site-packages/airflow/example_dags/example_sensors.py took 0.098 seconds
[2023-03-12T13:14:37.652+0000] {processor.py:153} INFO - Started process (PID=1222) to work on /home/airflow/.local/lib/python3.7/site-packages/airflow/example_dags/example_sensors.py
[2023-03-12T13:14:37.653+0000] {processor.py:743} INFO - Processing file /home/airflow/.local/lib/python3.7/site-packages/airflow/example_dags/example_sensors.py for tasks to queue
[2023-03-12T13:14:37.653+0000] {logging_mixin.py:137} INFO - [2023-03-12T13:14:37.653+0000] {dagbag.py:538} INFO - Filling up the DagBag from /home/airflow/.local/lib/python3.7/site-packages/airflow/example_dags/example_sensors.py
[2023-03-12T13:14:37.672+0000] {processor.py:753} INFO - DAG(s) dict_keys(['example_sensors']) retrieved from /home/airflow/.local/lib/python3.7/site-packages/airflow/example_dags/example_sensors.py
[2023-03-12T13:14:37.699+0000] {logging_mixin.py:137} INFO - [2023-03-12T13:14:37.699+0000] {dag.py:2690} INFO - Sync 1 DAGs
[2023-03-12T13:14:37.726+0000] {logging_mixin.py:137} INFO - [2023-03-12T13:14:37.726+0000] {dag.py:3441} INFO - Setting next_dagrun for example_sensors to None, run_after=None
[2023-03-12T13:14:37.744+0000] {processor.py:175} INFO - Processing /home/airflow/.local/lib/python3.7/site-packages/airflow/example_dags/example_sensors.py took 0.096 seconds
[2023-03-12T13:15:08.225+0000] {processor.py:153} INFO - Started process (PID=1340) to work on /home/airflow/.local/lib/python3.7/site-packages/airflow/example_dags/example_sensors.py
[2023-03-12T13:15:08.226+0000] {processor.py:743} INFO - Processing file /home/airflow/.local/lib/python3.7/site-packages/airflow/example_dags/example_sensors.py for tasks to queue
[2023-03-12T13:15:08.227+0000] {logging_mixin.py:137} INFO - [2023-03-12T13:15:08.227+0000] {dagbag.py:538} INFO - Filling up the DagBag from /home/airflow/.local/lib/python3.7/site-packages/airflow/example_dags/example_sensors.py
[2023-03-12T13:15:08.245+0000] {processor.py:753} INFO - DAG(s) dict_keys(['example_sensors']) retrieved from /home/airflow/.local/lib/python3.7/site-packages/airflow/example_dags/example_sensors.py
[2023-03-12T13:15:08.277+0000] {logging_mixin.py:137} INFO - [2023-03-12T13:15:08.277+0000] {dag.py:2690} INFO - Sync 1 DAGs
[2023-03-12T13:15:08.304+0000] {logging_mixin.py:137} INFO - [2023-03-12T13:15:08.304+0000] {dag.py:3441} INFO - Setting next_dagrun for example_sensors to None, run_after=None
[2023-03-12T13:15:08.326+0000] {processor.py:175} INFO - Processing /home/airflow/.local/lib/python3.7/site-packages/airflow/example_dags/example_sensors.py took 0.103 seconds
[2023-03-12T13:15:38.400+0000] {processor.py:153} INFO - Started process (PID=1430) to work on /home/airflow/.local/lib/python3.7/site-packages/airflow/example_dags/example_sensors.py
[2023-03-12T13:15:38.401+0000] {processor.py:743} INFO - Processing file /home/airflow/.local/lib/python3.7/site-packages/airflow/example_dags/example_sensors.py for tasks to queue
[2023-03-12T13:15:38.402+0000] {logging_mixin.py:137} INFO - [2023-03-12T13:15:38.401+0000] {dagbag.py:538} INFO - Filling up the DagBag from /home/airflow/.local/lib/python3.7/site-packages/airflow/example_dags/example_sensors.py
[2023-03-12T13:15:38.420+0000] {processor.py:753} INFO - DAG(s) dict_keys(['example_sensors']) retrieved from /home/airflow/.local/lib/python3.7/site-packages/airflow/example_dags/example_sensors.py
[2023-03-12T13:15:38.449+0000] {logging_mixin.py:137} INFO - [2023-03-12T13:15:38.448+0000] {dag.py:2690} INFO - Sync 1 DAGs
[2023-03-12T13:15:38.477+0000] {logging_mixin.py:137} INFO - [2023-03-12T13:15:38.476+0000] {dag.py:3441} INFO - Setting next_dagrun for example_sensors to None, run_after=None
[2023-03-12T13:15:38.494+0000] {processor.py:175} INFO - Processing /home/airflow/.local/lib/python3.7/site-packages/airflow/example_dags/example_sensors.py took 0.096 seconds
[2023-03-12T13:16:14.426+0000] {processor.py:153} INFO - Started process (PID=87) to work on /home/airflow/.local/lib/python3.7/site-packages/airflow/example_dags/example_sensors.py
[2023-03-12T13:16:14.427+0000] {processor.py:743} INFO - Processing file /home/airflow/.local/lib/python3.7/site-packages/airflow/example_dags/example_sensors.py for tasks to queue
[2023-03-12T13:16:14.427+0000] {logging_mixin.py:137} INFO - [2023-03-12T13:16:14.427+0000] {dagbag.py:538} INFO - Filling up the DagBag from /home/airflow/.local/lib/python3.7/site-packages/airflow/example_dags/example_sensors.py
[2023-03-12T13:16:14.448+0000] {processor.py:753} INFO - DAG(s) dict_keys(['example_sensors']) retrieved from /home/airflow/.local/lib/python3.7/site-packages/airflow/example_dags/example_sensors.py
[2023-03-12T13:16:14.464+0000] {logging_mixin.py:137} INFO - [2023-03-12T13:16:14.464+0000] {dag.py:2690} INFO - Sync 1 DAGs
[2023-03-12T13:16:14.503+0000] {logging_mixin.py:137} INFO - [2023-03-12T13:16:14.503+0000] {dag.py:3441} INFO - Setting next_dagrun for example_sensors to None, run_after=None
[2023-03-12T13:16:14.523+0000] {processor.py:175} INFO - Processing /home/airflow/.local/lib/python3.7/site-packages/airflow/example_dags/example_sensors.py took 0.100 seconds
[2023-03-12T13:16:45.409+0000] {processor.py:153} INFO - Started process (PID=202) to work on /home/airflow/.local/lib/python3.7/site-packages/airflow/example_dags/example_sensors.py
[2023-03-12T13:16:45.410+0000] {processor.py:743} INFO - Processing file /home/airflow/.local/lib/python3.7/site-packages/airflow/example_dags/example_sensors.py for tasks to queue
[2023-03-12T13:16:45.410+0000] {logging_mixin.py:137} INFO - [2023-03-12T13:16:45.410+0000] {dagbag.py:538} INFO - Filling up the DagBag from /home/airflow/.local/lib/python3.7/site-packages/airflow/example_dags/example_sensors.py
[2023-03-12T13:16:45.428+0000] {processor.py:753} INFO - DAG(s) dict_keys(['example_sensors']) retrieved from /home/airflow/.local/lib/python3.7/site-packages/airflow/example_dags/example_sensors.py
[2023-03-12T13:16:45.456+0000] {logging_mixin.py:137} INFO - [2023-03-12T13:16:45.456+0000] {dag.py:2690} INFO - Sync 1 DAGs
[2023-03-12T13:16:45.482+0000] {logging_mixin.py:137} INFO - [2023-03-12T13:16:45.482+0000] {dag.py:3441} INFO - Setting next_dagrun for example_sensors to None, run_after=None
[2023-03-12T13:16:45.500+0000] {processor.py:175} INFO - Processing /home/airflow/.local/lib/python3.7/site-packages/airflow/example_dags/example_sensors.py took 0.094 seconds
[2023-03-12T13:17:16.697+0000] {processor.py:153} INFO - Started process (PID=297) to work on /home/airflow/.local/lib/python3.7/site-packages/airflow/example_dags/example_sensors.py
[2023-03-12T13:17:16.698+0000] {processor.py:743} INFO - Processing file /home/airflow/.local/lib/python3.7/site-packages/airflow/example_dags/example_sensors.py for tasks to queue
[2023-03-12T13:17:16.699+0000] {logging_mixin.py:137} INFO - [2023-03-12T13:17:16.698+0000] {dagbag.py:538} INFO - Filling up the DagBag from /home/airflow/.local/lib/python3.7/site-packages/airflow/example_dags/example_sensors.py
[2023-03-12T13:17:16.716+0000] {processor.py:753} INFO - DAG(s) dict_keys(['example_sensors']) retrieved from /home/airflow/.local/lib/python3.7/site-packages/airflow/example_dags/example_sensors.py
[2023-03-12T13:17:16.742+0000] {logging_mixin.py:137} INFO - [2023-03-12T13:17:16.742+0000] {dag.py:2690} INFO - Sync 1 DAGs
[2023-03-12T13:17:16.768+0000] {logging_mixin.py:137} INFO - [2023-03-12T13:17:16.768+0000] {dag.py:3441} INFO - Setting next_dagrun for example_sensors to None, run_after=None
[2023-03-12T13:17:16.785+0000] {processor.py:175} INFO - Processing /home/airflow/.local/lib/python3.7/site-packages/airflow/example_dags/example_sensors.py took 0.090 seconds
[2023-03-12T13:17:47.175+0000] {processor.py:153} INFO - Started process (PID=412) to work on /home/airflow/.local/lib/python3.7/site-packages/airflow/example_dags/example_sensors.py
[2023-03-12T13:17:47.176+0000] {processor.py:743} INFO - Processing file /home/airflow/.local/lib/python3.7/site-packages/airflow/example_dags/example_sensors.py for tasks to queue
[2023-03-12T13:17:47.176+0000] {logging_mixin.py:137} INFO - [2023-03-12T13:17:47.176+0000] {dagbag.py:538} INFO - Filling up the DagBag from /home/airflow/.local/lib/python3.7/site-packages/airflow/example_dags/example_sensors.py
[2023-03-12T13:17:47.193+0000] {processor.py:753} INFO - DAG(s) dict_keys(['example_sensors']) retrieved from /home/airflow/.local/lib/python3.7/site-packages/airflow/example_dags/example_sensors.py
[2023-03-12T13:17:47.221+0000] {logging_mixin.py:137} INFO - [2023-03-12T13:17:47.221+0000] {dag.py:2690} INFO - Sync 1 DAGs
[2023-03-12T13:17:47.250+0000] {logging_mixin.py:137} INFO - [2023-03-12T13:17:47.250+0000] {dag.py:3441} INFO - Setting next_dagrun for example_sensors to None, run_after=None
[2023-03-12T13:17:47.272+0000] {processor.py:175} INFO - Processing /home/airflow/.local/lib/python3.7/site-packages/airflow/example_dags/example_sensors.py took 0.101 seconds
[2023-03-12T13:18:17.393+0000] {processor.py:153} INFO - Started process (PID=510) to work on /home/airflow/.local/lib/python3.7/site-packages/airflow/example_dags/example_sensors.py
[2023-03-12T13:18:17.394+0000] {processor.py:743} INFO - Processing file /home/airflow/.local/lib/python3.7/site-packages/airflow/example_dags/example_sensors.py for tasks to queue
[2023-03-12T13:18:17.395+0000] {logging_mixin.py:137} INFO - [2023-03-12T13:18:17.395+0000] {dagbag.py:538} INFO - Filling up the DagBag from /home/airflow/.local/lib/python3.7/site-packages/airflow/example_dags/example_sensors.py
[2023-03-12T13:18:17.412+0000] {processor.py:753} INFO - DAG(s) dict_keys(['example_sensors']) retrieved from /home/airflow/.local/lib/python3.7/site-packages/airflow/example_dags/example_sensors.py
[2023-03-12T13:18:17.440+0000] {logging_mixin.py:137} INFO - [2023-03-12T13:18:17.440+0000] {dag.py:2690} INFO - Sync 1 DAGs
[2023-03-12T13:18:17.470+0000] {logging_mixin.py:137} INFO - [2023-03-12T13:18:17.470+0000] {dag.py:3441} INFO - Setting next_dagrun for example_sensors to None, run_after=None
[2023-03-12T13:18:17.489+0000] {processor.py:175} INFO - Processing /home/airflow/.local/lib/python3.7/site-packages/airflow/example_dags/example_sensors.py took 0.098 seconds
[2023-03-12T13:18:48.362+0000] {processor.py:153} INFO - Started process (PID=624) to work on /home/airflow/.local/lib/python3.7/site-packages/airflow/example_dags/example_sensors.py
[2023-03-12T13:18:48.363+0000] {processor.py:743} INFO - Processing file /home/airflow/.local/lib/python3.7/site-packages/airflow/example_dags/example_sensors.py for tasks to queue
[2023-03-12T13:18:48.363+0000] {logging_mixin.py:137} INFO - [2023-03-12T13:18:48.363+0000] {dagbag.py:538} INFO - Filling up the DagBag from /home/airflow/.local/lib/python3.7/site-packages/airflow/example_dags/example_sensors.py
[2023-03-12T13:18:48.381+0000] {processor.py:753} INFO - DAG(s) dict_keys(['example_sensors']) retrieved from /home/airflow/.local/lib/python3.7/site-packages/airflow/example_dags/example_sensors.py
[2023-03-12T13:18:48.407+0000] {logging_mixin.py:137} INFO - [2023-03-12T13:18:48.407+0000] {dag.py:2690} INFO - Sync 1 DAGs
[2023-03-12T13:18:48.432+0000] {logging_mixin.py:137} INFO - [2023-03-12T13:18:48.432+0000] {dag.py:3441} INFO - Setting next_dagrun for example_sensors to None, run_after=None
[2023-03-12T13:18:48.453+0000] {processor.py:175} INFO - Processing /home/airflow/.local/lib/python3.7/site-packages/airflow/example_dags/example_sensors.py took 0.093 seconds
[2023-03-12T13:19:18.510+0000] {processor.py:153} INFO - Started process (PID=719) to work on /home/airflow/.local/lib/python3.7/site-packages/airflow/example_dags/example_sensors.py
[2023-03-12T13:19:18.511+0000] {processor.py:743} INFO - Processing file /home/airflow/.local/lib/python3.7/site-packages/airflow/example_dags/example_sensors.py for tasks to queue
[2023-03-12T13:19:18.511+0000] {logging_mixin.py:137} INFO - [2023-03-12T13:19:18.511+0000] {dagbag.py:538} INFO - Filling up the DagBag from /home/airflow/.local/lib/python3.7/site-packages/airflow/example_dags/example_sensors.py
[2023-03-12T13:19:18.530+0000] {processor.py:753} INFO - DAG(s) dict_keys(['example_sensors']) retrieved from /home/airflow/.local/lib/python3.7/site-packages/airflow/example_dags/example_sensors.py
[2023-03-12T13:19:18.562+0000] {logging_mixin.py:137} INFO - [2023-03-12T13:19:18.561+0000] {dag.py:2690} INFO - Sync 1 DAGs
[2023-03-12T13:19:18.586+0000] {logging_mixin.py:137} INFO - [2023-03-12T13:19:18.585+0000] {dag.py:3441} INFO - Setting next_dagrun for example_sensors to None, run_after=None
[2023-03-12T13:19:18.604+0000] {processor.py:175} INFO - Processing /home/airflow/.local/lib/python3.7/site-packages/airflow/example_dags/example_sensors.py took 0.097 seconds
