[2023-03-12T12:43:37.396+0000] {processor.py:153} INFO - Started process (PID=79) to work on /home/airflow/.local/lib/python3.7/site-packages/airflow/example_dags/example_branch_python_dop_operator_3.py
[2023-03-12T12:43:37.396+0000] {processor.py:743} INFO - Processing file /home/airflow/.local/lib/python3.7/site-packages/airflow/example_dags/example_branch_python_dop_operator_3.py for tasks to queue
[2023-03-12T12:43:37.397+0000] {logging_mixin.py:137} INFO - [2023-03-12T12:43:37.397+0000] {dagbag.py:538} INFO - Filling up the DagBag from /home/airflow/.local/lib/python3.7/site-packages/airflow/example_dags/example_branch_python_dop_operator_3.py
[2023-03-12T12:43:37.423+0000] {processor.py:753} INFO - DAG(s) dict_keys(['example_branch_dop_operator_v3']) retrieved from /home/airflow/.local/lib/python3.7/site-packages/airflow/example_dags/example_branch_python_dop_operator_3.py
[2023-03-12T12:43:37.438+0000] {logging_mixin.py:137} INFO - [2023-03-12T12:43:37.438+0000] {dag.py:2690} INFO - Sync 1 DAGs
[2023-03-12T12:43:37.494+0000] {logging_mixin.py:137} INFO - [2023-03-12T12:43:37.494+0000] {dag.py:3441} INFO - Setting next_dagrun for example_branch_dop_operator_v3 to 2023-03-12T12:42:00+00:00, run_after=2023-03-12T12:43:00+00:00
[2023-03-12T12:43:37.571+0000] {processor.py:175} INFO - Processing /home/airflow/.local/lib/python3.7/site-packages/airflow/example_dags/example_branch_python_dop_operator_3.py took 0.178 seconds
[2023-03-12T12:44:07.681+0000] {processor.py:153} INFO - Started process (PID=182) to work on /home/airflow/.local/lib/python3.7/site-packages/airflow/example_dags/example_branch_python_dop_operator_3.py
[2023-03-12T12:44:07.681+0000] {processor.py:743} INFO - Processing file /home/airflow/.local/lib/python3.7/site-packages/airflow/example_dags/example_branch_python_dop_operator_3.py for tasks to queue
[2023-03-12T12:44:07.682+0000] {logging_mixin.py:137} INFO - [2023-03-12T12:44:07.682+0000] {dagbag.py:538} INFO - Filling up the DagBag from /home/airflow/.local/lib/python3.7/site-packages/airflow/example_dags/example_branch_python_dop_operator_3.py
[2023-03-12T12:44:07.705+0000] {processor.py:753} INFO - DAG(s) dict_keys(['example_branch_dop_operator_v3']) retrieved from /home/airflow/.local/lib/python3.7/site-packages/airflow/example_dags/example_branch_python_dop_operator_3.py
[2023-03-12T12:44:07.729+0000] {logging_mixin.py:137} INFO - [2023-03-12T12:44:07.729+0000] {dag.py:2690} INFO - Sync 1 DAGs
[2023-03-12T12:44:07.764+0000] {logging_mixin.py:137} INFO - [2023-03-12T12:44:07.764+0000] {dag.py:3441} INFO - Setting next_dagrun for example_branch_dop_operator_v3 to 2023-03-12T12:43:00+00:00, run_after=2023-03-12T12:44:00+00:00
[2023-03-12T12:44:07.787+0000] {processor.py:175} INFO - Processing /home/airflow/.local/lib/python3.7/site-packages/airflow/example_dags/example_branch_python_dop_operator_3.py took 0.109 seconds
[2023-03-12T12:44:38.386+0000] {processor.py:153} INFO - Started process (PID=270) to work on /home/airflow/.local/lib/python3.7/site-packages/airflow/example_dags/example_branch_python_dop_operator_3.py
[2023-03-12T12:44:38.387+0000] {processor.py:743} INFO - Processing file /home/airflow/.local/lib/python3.7/site-packages/airflow/example_dags/example_branch_python_dop_operator_3.py for tasks to queue
[2023-03-12T12:44:38.388+0000] {logging_mixin.py:137} INFO - [2023-03-12T12:44:38.388+0000] {dagbag.py:538} INFO - Filling up the DagBag from /home/airflow/.local/lib/python3.7/site-packages/airflow/example_dags/example_branch_python_dop_operator_3.py
[2023-03-12T12:44:38.411+0000] {processor.py:753} INFO - DAG(s) dict_keys(['example_branch_dop_operator_v3']) retrieved from /home/airflow/.local/lib/python3.7/site-packages/airflow/example_dags/example_branch_python_dop_operator_3.py
[2023-03-12T12:44:38.437+0000] {logging_mixin.py:137} INFO - [2023-03-12T12:44:38.437+0000] {dag.py:2690} INFO - Sync 1 DAGs
[2023-03-12T12:44:38.471+0000] {logging_mixin.py:137} INFO - [2023-03-12T12:44:38.471+0000] {dag.py:3441} INFO - Setting next_dagrun for example_branch_dop_operator_v3 to 2023-03-12T12:43:00+00:00, run_after=2023-03-12T12:44:00+00:00
[2023-03-12T12:44:38.489+0000] {processor.py:175} INFO - Processing /home/airflow/.local/lib/python3.7/site-packages/airflow/example_dags/example_branch_python_dop_operator_3.py took 0.106 seconds
[2023-03-12T12:45:09.324+0000] {processor.py:153} INFO - Started process (PID=382) to work on /home/airflow/.local/lib/python3.7/site-packages/airflow/example_dags/example_branch_python_dop_operator_3.py
[2023-03-12T12:45:09.325+0000] {processor.py:743} INFO - Processing file /home/airflow/.local/lib/python3.7/site-packages/airflow/example_dags/example_branch_python_dop_operator_3.py for tasks to queue
[2023-03-12T12:45:09.326+0000] {logging_mixin.py:137} INFO - [2023-03-12T12:45:09.326+0000] {dagbag.py:538} INFO - Filling up the DagBag from /home/airflow/.local/lib/python3.7/site-packages/airflow/example_dags/example_branch_python_dop_operator_3.py
[2023-03-12T12:45:09.349+0000] {processor.py:753} INFO - DAG(s) dict_keys(['example_branch_dop_operator_v3']) retrieved from /home/airflow/.local/lib/python3.7/site-packages/airflow/example_dags/example_branch_python_dop_operator_3.py
[2023-03-12T12:45:09.375+0000] {logging_mixin.py:137} INFO - [2023-03-12T12:45:09.375+0000] {dag.py:2690} INFO - Sync 1 DAGs
[2023-03-12T12:45:09.404+0000] {logging_mixin.py:137} INFO - [2023-03-12T12:45:09.404+0000] {dag.py:3441} INFO - Setting next_dagrun for example_branch_dop_operator_v3 to 2023-03-12T12:44:00+00:00, run_after=2023-03-12T12:45:00+00:00
[2023-03-12T12:45:09.422+0000] {processor.py:175} INFO - Processing /home/airflow/.local/lib/python3.7/site-packages/airflow/example_dags/example_branch_python_dop_operator_3.py took 0.101 seconds
[2023-03-12T12:45:40.043+0000] {processor.py:153} INFO - Started process (PID=470) to work on /home/airflow/.local/lib/python3.7/site-packages/airflow/example_dags/example_branch_python_dop_operator_3.py
[2023-03-12T12:45:40.044+0000] {processor.py:743} INFO - Processing file /home/airflow/.local/lib/python3.7/site-packages/airflow/example_dags/example_branch_python_dop_operator_3.py for tasks to queue
[2023-03-12T12:45:40.045+0000] {logging_mixin.py:137} INFO - [2023-03-12T12:45:40.045+0000] {dagbag.py:538} INFO - Filling up the DagBag from /home/airflow/.local/lib/python3.7/site-packages/airflow/example_dags/example_branch_python_dop_operator_3.py
[2023-03-12T12:45:40.070+0000] {processor.py:753} INFO - DAG(s) dict_keys(['example_branch_dop_operator_v3']) retrieved from /home/airflow/.local/lib/python3.7/site-packages/airflow/example_dags/example_branch_python_dop_operator_3.py
[2023-03-12T12:45:40.097+0000] {logging_mixin.py:137} INFO - [2023-03-12T12:45:40.097+0000] {dag.py:2690} INFO - Sync 1 DAGs
[2023-03-12T12:45:40.129+0000] {logging_mixin.py:137} INFO - [2023-03-12T12:45:40.129+0000] {dag.py:3441} INFO - Setting next_dagrun for example_branch_dop_operator_v3 to 2023-03-12T12:44:00+00:00, run_after=2023-03-12T12:45:00+00:00
[2023-03-12T12:45:40.148+0000] {processor.py:175} INFO - Processing /home/airflow/.local/lib/python3.7/site-packages/airflow/example_dags/example_branch_python_dop_operator_3.py took 0.108 seconds
[2023-03-12T12:46:10.793+0000] {processor.py:153} INFO - Started process (PID=582) to work on /home/airflow/.local/lib/python3.7/site-packages/airflow/example_dags/example_branch_python_dop_operator_3.py
[2023-03-12T12:46:10.794+0000] {processor.py:743} INFO - Processing file /home/airflow/.local/lib/python3.7/site-packages/airflow/example_dags/example_branch_python_dop_operator_3.py for tasks to queue
[2023-03-12T12:46:10.794+0000] {logging_mixin.py:137} INFO - [2023-03-12T12:46:10.794+0000] {dagbag.py:538} INFO - Filling up the DagBag from /home/airflow/.local/lib/python3.7/site-packages/airflow/example_dags/example_branch_python_dop_operator_3.py
[2023-03-12T12:46:10.818+0000] {processor.py:753} INFO - DAG(s) dict_keys(['example_branch_dop_operator_v3']) retrieved from /home/airflow/.local/lib/python3.7/site-packages/airflow/example_dags/example_branch_python_dop_operator_3.py
[2023-03-12T12:46:10.842+0000] {logging_mixin.py:137} INFO - [2023-03-12T12:46:10.842+0000] {dag.py:2690} INFO - Sync 1 DAGs
[2023-03-12T12:46:10.879+0000] {logging_mixin.py:137} INFO - [2023-03-12T12:46:10.879+0000] {dag.py:3441} INFO - Setting next_dagrun for example_branch_dop_operator_v3 to 2023-03-12T12:45:00+00:00, run_after=2023-03-12T12:46:00+00:00
[2023-03-12T12:46:10.901+0000] {processor.py:175} INFO - Processing /home/airflow/.local/lib/python3.7/site-packages/airflow/example_dags/example_branch_python_dop_operator_3.py took 0.111 seconds
[2023-03-12T12:54:40.176+0000] {processor.py:153} INFO - Started process (PID=96) to work on /home/airflow/.local/lib/python3.7/site-packages/airflow/example_dags/example_branch_python_dop_operator_3.py
[2023-03-12T12:54:40.177+0000] {processor.py:743} INFO - Processing file /home/airflow/.local/lib/python3.7/site-packages/airflow/example_dags/example_branch_python_dop_operator_3.py for tasks to queue
[2023-03-12T12:54:40.178+0000] {logging_mixin.py:137} INFO - [2023-03-12T12:54:40.177+0000] {dagbag.py:538} INFO - Filling up the DagBag from /home/airflow/.local/lib/python3.7/site-packages/airflow/example_dags/example_branch_python_dop_operator_3.py
[2023-03-12T12:54:40.201+0000] {processor.py:753} INFO - DAG(s) dict_keys(['example_branch_dop_operator_v3']) retrieved from /home/airflow/.local/lib/python3.7/site-packages/airflow/example_dags/example_branch_python_dop_operator_3.py
[2023-03-12T12:54:40.214+0000] {logging_mixin.py:137} INFO - [2023-03-12T12:54:40.213+0000] {dag.py:2690} INFO - Sync 1 DAGs
[2023-03-12T12:54:40.265+0000] {logging_mixin.py:137} INFO - [2023-03-12T12:54:40.264+0000] {dag.py:3441} INFO - Setting next_dagrun for example_branch_dop_operator_v3 to 2023-03-12T12:53:00+00:00, run_after=2023-03-12T12:54:00+00:00
[2023-03-12T12:54:40.286+0000] {processor.py:175} INFO - Processing /home/airflow/.local/lib/python3.7/site-packages/airflow/example_dags/example_branch_python_dop_operator_3.py took 0.113 seconds
[2023-03-12T12:55:11.183+0000] {processor.py:153} INFO - Started process (PID=186) to work on /home/airflow/.local/lib/python3.7/site-packages/airflow/example_dags/example_branch_python_dop_operator_3.py
[2023-03-12T12:55:11.184+0000] {processor.py:743} INFO - Processing file /home/airflow/.local/lib/python3.7/site-packages/airflow/example_dags/example_branch_python_dop_operator_3.py for tasks to queue
[2023-03-12T12:55:11.184+0000] {logging_mixin.py:137} INFO - [2023-03-12T12:55:11.184+0000] {dagbag.py:538} INFO - Filling up the DagBag from /home/airflow/.local/lib/python3.7/site-packages/airflow/example_dags/example_branch_python_dop_operator_3.py
[2023-03-12T12:55:11.208+0000] {processor.py:753} INFO - DAG(s) dict_keys(['example_branch_dop_operator_v3']) retrieved from /home/airflow/.local/lib/python3.7/site-packages/airflow/example_dags/example_branch_python_dop_operator_3.py
[2023-03-12T12:55:11.232+0000] {logging_mixin.py:137} INFO - [2023-03-12T12:55:11.232+0000] {dag.py:2690} INFO - Sync 1 DAGs
[2023-03-12T12:55:11.267+0000] {logging_mixin.py:137} INFO - [2023-03-12T12:55:11.267+0000] {dag.py:3441} INFO - Setting next_dagrun for example_branch_dop_operator_v3 to 2023-03-12T12:54:00+00:00, run_after=2023-03-12T12:55:00+00:00
[2023-03-12T12:55:11.287+0000] {processor.py:175} INFO - Processing /home/airflow/.local/lib/python3.7/site-packages/airflow/example_dags/example_branch_python_dop_operator_3.py took 0.107 seconds
[2023-03-12T12:55:42.042+0000] {processor.py:153} INFO - Started process (PID=276) to work on /home/airflow/.local/lib/python3.7/site-packages/airflow/example_dags/example_branch_python_dop_operator_3.py
[2023-03-12T12:55:42.042+0000] {processor.py:743} INFO - Processing file /home/airflow/.local/lib/python3.7/site-packages/airflow/example_dags/example_branch_python_dop_operator_3.py for tasks to queue
[2023-03-12T12:55:42.043+0000] {logging_mixin.py:137} INFO - [2023-03-12T12:55:42.043+0000] {dagbag.py:538} INFO - Filling up the DagBag from /home/airflow/.local/lib/python3.7/site-packages/airflow/example_dags/example_branch_python_dop_operator_3.py
[2023-03-12T12:55:42.068+0000] {processor.py:753} INFO - DAG(s) dict_keys(['example_branch_dop_operator_v3']) retrieved from /home/airflow/.local/lib/python3.7/site-packages/airflow/example_dags/example_branch_python_dop_operator_3.py
[2023-03-12T12:55:42.093+0000] {logging_mixin.py:137} INFO - [2023-03-12T12:55:42.093+0000] {dag.py:2690} INFO - Sync 1 DAGs
[2023-03-12T12:55:42.122+0000] {logging_mixin.py:137} INFO - [2023-03-12T12:55:42.122+0000] {dag.py:3441} INFO - Setting next_dagrun for example_branch_dop_operator_v3 to 2023-03-12T12:54:00+00:00, run_after=2023-03-12T12:55:00+00:00
[2023-03-12T12:55:42.140+0000] {processor.py:175} INFO - Processing /home/airflow/.local/lib/python3.7/site-packages/airflow/example_dags/example_branch_python_dop_operator_3.py took 0.102 seconds
[2023-03-12T12:56:12.184+0000] {processor.py:153} INFO - Started process (PID=390) to work on /home/airflow/.local/lib/python3.7/site-packages/airflow/example_dags/example_branch_python_dop_operator_3.py
[2023-03-12T12:56:12.185+0000] {processor.py:743} INFO - Processing file /home/airflow/.local/lib/python3.7/site-packages/airflow/example_dags/example_branch_python_dop_operator_3.py for tasks to queue
[2023-03-12T12:56:12.185+0000] {logging_mixin.py:137} INFO - [2023-03-12T12:56:12.185+0000] {dagbag.py:538} INFO - Filling up the DagBag from /home/airflow/.local/lib/python3.7/site-packages/airflow/example_dags/example_branch_python_dop_operator_3.py
[2023-03-12T12:56:12.209+0000] {processor.py:753} INFO - DAG(s) dict_keys(['example_branch_dop_operator_v3']) retrieved from /home/airflow/.local/lib/python3.7/site-packages/airflow/example_dags/example_branch_python_dop_operator_3.py
[2023-03-12T12:56:12.237+0000] {logging_mixin.py:137} INFO - [2023-03-12T12:56:12.237+0000] {dag.py:2690} INFO - Sync 1 DAGs
[2023-03-12T12:56:12.270+0000] {logging_mixin.py:137} INFO - [2023-03-12T12:56:12.270+0000] {dag.py:3441} INFO - Setting next_dagrun for example_branch_dop_operator_v3 to 2023-03-12T12:55:00+00:00, run_after=2023-03-12T12:56:00+00:00
[2023-03-12T12:56:12.289+0000] {processor.py:175} INFO - Processing /home/airflow/.local/lib/python3.7/site-packages/airflow/example_dags/example_branch_python_dop_operator_3.py took 0.108 seconds
[2023-03-12T12:56:42.346+0000] {processor.py:153} INFO - Started process (PID=480) to work on /home/airflow/.local/lib/python3.7/site-packages/airflow/example_dags/example_branch_python_dop_operator_3.py
[2023-03-12T12:56:42.347+0000] {processor.py:743} INFO - Processing file /home/airflow/.local/lib/python3.7/site-packages/airflow/example_dags/example_branch_python_dop_operator_3.py for tasks to queue
[2023-03-12T12:56:42.347+0000] {logging_mixin.py:137} INFO - [2023-03-12T12:56:42.347+0000] {dagbag.py:538} INFO - Filling up the DagBag from /home/airflow/.local/lib/python3.7/site-packages/airflow/example_dags/example_branch_python_dop_operator_3.py
[2023-03-12T12:56:42.372+0000] {processor.py:753} INFO - DAG(s) dict_keys(['example_branch_dop_operator_v3']) retrieved from /home/airflow/.local/lib/python3.7/site-packages/airflow/example_dags/example_branch_python_dop_operator_3.py
[2023-03-12T12:56:42.396+0000] {logging_mixin.py:137} INFO - [2023-03-12T12:56:42.395+0000] {dag.py:2690} INFO - Sync 1 DAGs
[2023-03-12T12:56:42.426+0000] {logging_mixin.py:137} INFO - [2023-03-12T12:56:42.425+0000] {dag.py:3441} INFO - Setting next_dagrun for example_branch_dop_operator_v3 to 2023-03-12T12:55:00+00:00, run_after=2023-03-12T12:56:00+00:00
[2023-03-12T12:56:42.444+0000] {processor.py:175} INFO - Processing /home/airflow/.local/lib/python3.7/site-packages/airflow/example_dags/example_branch_python_dop_operator_3.py took 0.101 seconds
[2023-03-12T12:57:13.322+0000] {processor.py:153} INFO - Started process (PID=594) to work on /home/airflow/.local/lib/python3.7/site-packages/airflow/example_dags/example_branch_python_dop_operator_3.py
[2023-03-12T12:57:13.323+0000] {processor.py:743} INFO - Processing file /home/airflow/.local/lib/python3.7/site-packages/airflow/example_dags/example_branch_python_dop_operator_3.py for tasks to queue
[2023-03-12T12:57:13.324+0000] {logging_mixin.py:137} INFO - [2023-03-12T12:57:13.324+0000] {dagbag.py:538} INFO - Filling up the DagBag from /home/airflow/.local/lib/python3.7/site-packages/airflow/example_dags/example_branch_python_dop_operator_3.py
[2023-03-12T12:57:13.346+0000] {processor.py:753} INFO - DAG(s) dict_keys(['example_branch_dop_operator_v3']) retrieved from /home/airflow/.local/lib/python3.7/site-packages/airflow/example_dags/example_branch_python_dop_operator_3.py
[2023-03-12T12:57:13.373+0000] {logging_mixin.py:137} INFO - [2023-03-12T12:57:13.373+0000] {dag.py:2690} INFO - Sync 1 DAGs
[2023-03-12T12:57:13.402+0000] {logging_mixin.py:137} INFO - [2023-03-12T12:57:13.402+0000] {dag.py:3441} INFO - Setting next_dagrun for example_branch_dop_operator_v3 to 2023-03-12T12:56:00+00:00, run_after=2023-03-12T12:57:00+00:00
[2023-03-12T12:57:13.420+0000] {processor.py:175} INFO - Processing /home/airflow/.local/lib/python3.7/site-packages/airflow/example_dags/example_branch_python_dop_operator_3.py took 0.100 seconds
[2023-03-12T12:57:43.862+0000] {processor.py:153} INFO - Started process (PID=684) to work on /home/airflow/.local/lib/python3.7/site-packages/airflow/example_dags/example_branch_python_dop_operator_3.py
[2023-03-12T12:57:43.863+0000] {processor.py:743} INFO - Processing file /home/airflow/.local/lib/python3.7/site-packages/airflow/example_dags/example_branch_python_dop_operator_3.py for tasks to queue
[2023-03-12T12:57:43.864+0000] {logging_mixin.py:137} INFO - [2023-03-12T12:57:43.864+0000] {dagbag.py:538} INFO - Filling up the DagBag from /home/airflow/.local/lib/python3.7/site-packages/airflow/example_dags/example_branch_python_dop_operator_3.py
[2023-03-12T12:57:43.887+0000] {processor.py:753} INFO - DAG(s) dict_keys(['example_branch_dop_operator_v3']) retrieved from /home/airflow/.local/lib/python3.7/site-packages/airflow/example_dags/example_branch_python_dop_operator_3.py
[2023-03-12T12:57:43.913+0000] {logging_mixin.py:137} INFO - [2023-03-12T12:57:43.913+0000] {dag.py:2690} INFO - Sync 1 DAGs
[2023-03-12T12:57:43.943+0000] {logging_mixin.py:137} INFO - [2023-03-12T12:57:43.943+0000] {dag.py:3441} INFO - Setting next_dagrun for example_branch_dop_operator_v3 to 2023-03-12T12:56:00+00:00, run_after=2023-03-12T12:57:00+00:00
[2023-03-12T12:57:43.965+0000] {processor.py:175} INFO - Processing /home/airflow/.local/lib/python3.7/site-packages/airflow/example_dags/example_branch_python_dop_operator_3.py took 0.106 seconds
[2023-03-12T12:58:14.894+0000] {processor.py:153} INFO - Started process (PID=798) to work on /home/airflow/.local/lib/python3.7/site-packages/airflow/example_dags/example_branch_python_dop_operator_3.py
[2023-03-12T12:58:14.895+0000] {processor.py:743} INFO - Processing file /home/airflow/.local/lib/python3.7/site-packages/airflow/example_dags/example_branch_python_dop_operator_3.py for tasks to queue
[2023-03-12T12:58:14.896+0000] {logging_mixin.py:137} INFO - [2023-03-12T12:58:14.896+0000] {dagbag.py:538} INFO - Filling up the DagBag from /home/airflow/.local/lib/python3.7/site-packages/airflow/example_dags/example_branch_python_dop_operator_3.py
[2023-03-12T12:58:14.919+0000] {processor.py:753} INFO - DAG(s) dict_keys(['example_branch_dop_operator_v3']) retrieved from /home/airflow/.local/lib/python3.7/site-packages/airflow/example_dags/example_branch_python_dop_operator_3.py
[2023-03-12T12:58:14.946+0000] {logging_mixin.py:137} INFO - [2023-03-12T12:58:14.946+0000] {dag.py:2690} INFO - Sync 1 DAGs
[2023-03-12T12:58:14.983+0000] {logging_mixin.py:137} INFO - [2023-03-12T12:58:14.983+0000] {dag.py:3441} INFO - Setting next_dagrun for example_branch_dop_operator_v3 to 2023-03-12T12:57:00+00:00, run_after=2023-03-12T12:58:00+00:00
[2023-03-12T12:58:15.005+0000] {processor.py:175} INFO - Processing /home/airflow/.local/lib/python3.7/site-packages/airflow/example_dags/example_branch_python_dop_operator_3.py took 0.113 seconds
[2023-03-12T12:58:45.225+0000] {processor.py:153} INFO - Started process (PID=888) to work on /home/airflow/.local/lib/python3.7/site-packages/airflow/example_dags/example_branch_python_dop_operator_3.py
[2023-03-12T12:58:45.226+0000] {processor.py:743} INFO - Processing file /home/airflow/.local/lib/python3.7/site-packages/airflow/example_dags/example_branch_python_dop_operator_3.py for tasks to queue
[2023-03-12T12:58:45.227+0000] {logging_mixin.py:137} INFO - [2023-03-12T12:58:45.227+0000] {dagbag.py:538} INFO - Filling up the DagBag from /home/airflow/.local/lib/python3.7/site-packages/airflow/example_dags/example_branch_python_dop_operator_3.py
[2023-03-12T12:58:45.253+0000] {processor.py:753} INFO - DAG(s) dict_keys(['example_branch_dop_operator_v3']) retrieved from /home/airflow/.local/lib/python3.7/site-packages/airflow/example_dags/example_branch_python_dop_operator_3.py
[2023-03-12T12:58:45.280+0000] {logging_mixin.py:137} INFO - [2023-03-12T12:58:45.280+0000] {dag.py:2690} INFO - Sync 1 DAGs
[2023-03-12T12:58:45.311+0000] {logging_mixin.py:137} INFO - [2023-03-12T12:58:45.311+0000] {dag.py:3441} INFO - Setting next_dagrun for example_branch_dop_operator_v3 to 2023-03-12T12:57:00+00:00, run_after=2023-03-12T12:58:00+00:00
[2023-03-12T12:58:45.330+0000] {processor.py:175} INFO - Processing /home/airflow/.local/lib/python3.7/site-packages/airflow/example_dags/example_branch_python_dop_operator_3.py took 0.108 seconds
[2023-03-12T13:00:36.374+0000] {processor.py:153} INFO - Started process (PID=96) to work on /home/airflow/.local/lib/python3.7/site-packages/airflow/example_dags/example_branch_python_dop_operator_3.py
[2023-03-12T13:00:36.376+0000] {processor.py:743} INFO - Processing file /home/airflow/.local/lib/python3.7/site-packages/airflow/example_dags/example_branch_python_dop_operator_3.py for tasks to queue
[2023-03-12T13:00:36.376+0000] {logging_mixin.py:137} INFO - [2023-03-12T13:00:36.376+0000] {dagbag.py:538} INFO - Filling up the DagBag from /home/airflow/.local/lib/python3.7/site-packages/airflow/example_dags/example_branch_python_dop_operator_3.py
[2023-03-12T13:00:36.405+0000] {processor.py:753} INFO - DAG(s) dict_keys(['example_branch_dop_operator_v3']) retrieved from /home/airflow/.local/lib/python3.7/site-packages/airflow/example_dags/example_branch_python_dop_operator_3.py
[2023-03-12T13:00:36.419+0000] {logging_mixin.py:137} INFO - [2023-03-12T13:00:36.419+0000] {dag.py:2690} INFO - Sync 1 DAGs
[2023-03-12T13:00:36.452+0000] {logging_mixin.py:137} INFO - [2023-03-12T13:00:36.452+0000] {dag.py:3441} INFO - Setting next_dagrun for example_branch_dop_operator_v3 to 2023-03-12T12:59:00+00:00, run_after=2023-03-12T13:00:00+00:00
[2023-03-12T13:00:36.477+0000] {processor.py:175} INFO - Processing /home/airflow/.local/lib/python3.7/site-packages/airflow/example_dags/example_branch_python_dop_operator_3.py took 0.105 seconds
[2023-03-12T13:01:07.138+0000] {processor.py:153} INFO - Started process (PID=186) to work on /home/airflow/.local/lib/python3.7/site-packages/airflow/example_dags/example_branch_python_dop_operator_3.py
[2023-03-12T13:01:07.139+0000] {processor.py:743} INFO - Processing file /home/airflow/.local/lib/python3.7/site-packages/airflow/example_dags/example_branch_python_dop_operator_3.py for tasks to queue
[2023-03-12T13:01:07.139+0000] {logging_mixin.py:137} INFO - [2023-03-12T13:01:07.139+0000] {dagbag.py:538} INFO - Filling up the DagBag from /home/airflow/.local/lib/python3.7/site-packages/airflow/example_dags/example_branch_python_dop_operator_3.py
[2023-03-12T13:01:07.166+0000] {processor.py:753} INFO - DAG(s) dict_keys(['example_branch_dop_operator_v3']) retrieved from /home/airflow/.local/lib/python3.7/site-packages/airflow/example_dags/example_branch_python_dop_operator_3.py
[2023-03-12T13:01:07.192+0000] {logging_mixin.py:137} INFO - [2023-03-12T13:01:07.192+0000] {dag.py:2690} INFO - Sync 1 DAGs
[2023-03-12T13:01:07.232+0000] {logging_mixin.py:137} INFO - [2023-03-12T13:01:07.232+0000] {dag.py:3441} INFO - Setting next_dagrun for example_branch_dop_operator_v3 to 2023-03-12T13:00:00+00:00, run_after=2023-03-12T13:01:00+00:00
[2023-03-12T13:01:07.256+0000] {processor.py:175} INFO - Processing /home/airflow/.local/lib/python3.7/site-packages/airflow/example_dags/example_branch_python_dop_operator_3.py took 0.122 seconds
[2023-03-12T13:01:38.106+0000] {processor.py:153} INFO - Started process (PID=276) to work on /home/airflow/.local/lib/python3.7/site-packages/airflow/example_dags/example_branch_python_dop_operator_3.py
[2023-03-12T13:01:38.106+0000] {processor.py:743} INFO - Processing file /home/airflow/.local/lib/python3.7/site-packages/airflow/example_dags/example_branch_python_dop_operator_3.py for tasks to queue
[2023-03-12T13:01:38.107+0000] {logging_mixin.py:137} INFO - [2023-03-12T13:01:38.107+0000] {dagbag.py:538} INFO - Filling up the DagBag from /home/airflow/.local/lib/python3.7/site-packages/airflow/example_dags/example_branch_python_dop_operator_3.py
[2023-03-12T13:01:38.131+0000] {processor.py:753} INFO - DAG(s) dict_keys(['example_branch_dop_operator_v3']) retrieved from /home/airflow/.local/lib/python3.7/site-packages/airflow/example_dags/example_branch_python_dop_operator_3.py
[2023-03-12T13:01:38.159+0000] {logging_mixin.py:137} INFO - [2023-03-12T13:01:38.158+0000] {dag.py:2690} INFO - Sync 1 DAGs
[2023-03-12T13:01:38.192+0000] {logging_mixin.py:137} INFO - [2023-03-12T13:01:38.192+0000] {dag.py:3441} INFO - Setting next_dagrun for example_branch_dop_operator_v3 to 2023-03-12T13:00:00+00:00, run_after=2023-03-12T13:01:00+00:00
[2023-03-12T13:01:38.212+0000] {processor.py:175} INFO - Processing /home/airflow/.local/lib/python3.7/site-packages/airflow/example_dags/example_branch_python_dop_operator_3.py took 0.109 seconds
[2023-03-12T13:02:08.523+0000] {processor.py:153} INFO - Started process (PID=390) to work on /home/airflow/.local/lib/python3.7/site-packages/airflow/example_dags/example_branch_python_dop_operator_3.py
[2023-03-12T13:02:08.524+0000] {processor.py:743} INFO - Processing file /home/airflow/.local/lib/python3.7/site-packages/airflow/example_dags/example_branch_python_dop_operator_3.py for tasks to queue
[2023-03-12T13:02:08.525+0000] {logging_mixin.py:137} INFO - [2023-03-12T13:02:08.525+0000] {dagbag.py:538} INFO - Filling up the DagBag from /home/airflow/.local/lib/python3.7/site-packages/airflow/example_dags/example_branch_python_dop_operator_3.py
[2023-03-12T13:02:08.552+0000] {processor.py:753} INFO - DAG(s) dict_keys(['example_branch_dop_operator_v3']) retrieved from /home/airflow/.local/lib/python3.7/site-packages/airflow/example_dags/example_branch_python_dop_operator_3.py
[2023-03-12T13:02:08.582+0000] {logging_mixin.py:137} INFO - [2023-03-12T13:02:08.582+0000] {dag.py:2690} INFO - Sync 1 DAGs
[2023-03-12T13:02:08.616+0000] {logging_mixin.py:137} INFO - [2023-03-12T13:02:08.615+0000] {dag.py:3441} INFO - Setting next_dagrun for example_branch_dop_operator_v3 to 2023-03-12T13:01:00+00:00, run_after=2023-03-12T13:02:00+00:00
[2023-03-12T13:02:08.636+0000] {processor.py:175} INFO - Processing /home/airflow/.local/lib/python3.7/site-packages/airflow/example_dags/example_branch_python_dop_operator_3.py took 0.116 seconds
[2023-03-12T13:02:39.419+0000] {processor.py:153} INFO - Started process (PID=480) to work on /home/airflow/.local/lib/python3.7/site-packages/airflow/example_dags/example_branch_python_dop_operator_3.py
[2023-03-12T13:02:39.420+0000] {processor.py:743} INFO - Processing file /home/airflow/.local/lib/python3.7/site-packages/airflow/example_dags/example_branch_python_dop_operator_3.py for tasks to queue
[2023-03-12T13:02:39.420+0000] {logging_mixin.py:137} INFO - [2023-03-12T13:02:39.420+0000] {dagbag.py:538} INFO - Filling up the DagBag from /home/airflow/.local/lib/python3.7/site-packages/airflow/example_dags/example_branch_python_dop_operator_3.py
[2023-03-12T13:02:39.445+0000] {processor.py:753} INFO - DAG(s) dict_keys(['example_branch_dop_operator_v3']) retrieved from /home/airflow/.local/lib/python3.7/site-packages/airflow/example_dags/example_branch_python_dop_operator_3.py
[2023-03-12T13:02:39.472+0000] {logging_mixin.py:137} INFO - [2023-03-12T13:02:39.472+0000] {dag.py:2690} INFO - Sync 1 DAGs
[2023-03-12T13:02:39.500+0000] {logging_mixin.py:137} INFO - [2023-03-12T13:02:39.500+0000] {dag.py:3441} INFO - Setting next_dagrun for example_branch_dop_operator_v3 to 2023-03-12T13:01:00+00:00, run_after=2023-03-12T13:02:00+00:00
[2023-03-12T13:02:39.519+0000] {processor.py:175} INFO - Processing /home/airflow/.local/lib/python3.7/site-packages/airflow/example_dags/example_branch_python_dop_operator_3.py took 0.102 seconds
[2023-03-12T13:03:10.256+0000] {processor.py:153} INFO - Started process (PID=594) to work on /home/airflow/.local/lib/python3.7/site-packages/airflow/example_dags/example_branch_python_dop_operator_3.py
[2023-03-12T13:03:10.257+0000] {processor.py:743} INFO - Processing file /home/airflow/.local/lib/python3.7/site-packages/airflow/example_dags/example_branch_python_dop_operator_3.py for tasks to queue
[2023-03-12T13:03:10.258+0000] {logging_mixin.py:137} INFO - [2023-03-12T13:03:10.258+0000] {dagbag.py:538} INFO - Filling up the DagBag from /home/airflow/.local/lib/python3.7/site-packages/airflow/example_dags/example_branch_python_dop_operator_3.py
[2023-03-12T13:03:10.289+0000] {processor.py:753} INFO - DAG(s) dict_keys(['example_branch_dop_operator_v3']) retrieved from /home/airflow/.local/lib/python3.7/site-packages/airflow/example_dags/example_branch_python_dop_operator_3.py
[2023-03-12T13:03:10.318+0000] {logging_mixin.py:137} INFO - [2023-03-12T13:03:10.318+0000] {dag.py:2690} INFO - Sync 1 DAGs
[2023-03-12T13:03:10.350+0000] {logging_mixin.py:137} INFO - [2023-03-12T13:03:10.349+0000] {dag.py:3441} INFO - Setting next_dagrun for example_branch_dop_operator_v3 to 2023-03-12T13:02:00+00:00, run_after=2023-03-12T13:03:00+00:00
[2023-03-12T13:03:10.372+0000] {processor.py:175} INFO - Processing /home/airflow/.local/lib/python3.7/site-packages/airflow/example_dags/example_branch_python_dop_operator_3.py took 0.118 seconds
[2023-03-12T13:03:41.201+0000] {processor.py:153} INFO - Started process (PID=684) to work on /home/airflow/.local/lib/python3.7/site-packages/airflow/example_dags/example_branch_python_dop_operator_3.py
[2023-03-12T13:03:41.202+0000] {processor.py:743} INFO - Processing file /home/airflow/.local/lib/python3.7/site-packages/airflow/example_dags/example_branch_python_dop_operator_3.py for tasks to queue
[2023-03-12T13:03:41.202+0000] {logging_mixin.py:137} INFO - [2023-03-12T13:03:41.202+0000] {dagbag.py:538} INFO - Filling up the DagBag from /home/airflow/.local/lib/python3.7/site-packages/airflow/example_dags/example_branch_python_dop_operator_3.py
[2023-03-12T13:03:41.225+0000] {processor.py:753} INFO - DAG(s) dict_keys(['example_branch_dop_operator_v3']) retrieved from /home/airflow/.local/lib/python3.7/site-packages/airflow/example_dags/example_branch_python_dop_operator_3.py
[2023-03-12T13:03:41.252+0000] {logging_mixin.py:137} INFO - [2023-03-12T13:03:41.252+0000] {dag.py:2690} INFO - Sync 1 DAGs
[2023-03-12T13:03:41.285+0000] {logging_mixin.py:137} INFO - [2023-03-12T13:03:41.285+0000] {dag.py:3441} INFO - Setting next_dagrun for example_branch_dop_operator_v3 to 2023-03-12T13:02:00+00:00, run_after=2023-03-12T13:03:00+00:00
[2023-03-12T13:03:41.304+0000] {processor.py:175} INFO - Processing /home/airflow/.local/lib/python3.7/site-packages/airflow/example_dags/example_branch_python_dop_operator_3.py took 0.106 seconds
[2023-03-12T13:04:11.839+0000] {processor.py:153} INFO - Started process (PID=774) to work on /home/airflow/.local/lib/python3.7/site-packages/airflow/example_dags/example_branch_python_dop_operator_3.py
[2023-03-12T13:04:11.840+0000] {processor.py:743} INFO - Processing file /home/airflow/.local/lib/python3.7/site-packages/airflow/example_dags/example_branch_python_dop_operator_3.py for tasks to queue
[2023-03-12T13:04:11.841+0000] {logging_mixin.py:137} INFO - [2023-03-12T13:04:11.841+0000] {dagbag.py:538} INFO - Filling up the DagBag from /home/airflow/.local/lib/python3.7/site-packages/airflow/example_dags/example_branch_python_dop_operator_3.py
[2023-03-12T13:04:11.870+0000] {processor.py:753} INFO - DAG(s) dict_keys(['example_branch_dop_operator_v3']) retrieved from /home/airflow/.local/lib/python3.7/site-packages/airflow/example_dags/example_branch_python_dop_operator_3.py
[2023-03-12T13:04:11.974+0000] {logging_mixin.py:137} INFO - [2023-03-12T13:04:11.974+0000] {dag.py:2690} INFO - Sync 1 DAGs
[2023-03-12T13:04:12.018+0000] {logging_mixin.py:137} INFO - [2023-03-12T13:04:12.018+0000] {dag.py:3441} INFO - Setting next_dagrun for example_branch_dop_operator_v3 to 2023-03-12T13:03:00+00:00, run_after=2023-03-12T13:04:00+00:00
[2023-03-12T13:04:12.043+0000] {processor.py:175} INFO - Processing /home/airflow/.local/lib/python3.7/site-packages/airflow/example_dags/example_branch_python_dop_operator_3.py took 0.208 seconds
[2023-03-12T13:04:42.652+0000] {processor.py:153} INFO - Started process (PID=888) to work on /home/airflow/.local/lib/python3.7/site-packages/airflow/example_dags/example_branch_python_dop_operator_3.py
[2023-03-12T13:04:42.653+0000] {processor.py:743} INFO - Processing file /home/airflow/.local/lib/python3.7/site-packages/airflow/example_dags/example_branch_python_dop_operator_3.py for tasks to queue
[2023-03-12T13:04:42.654+0000] {logging_mixin.py:137} INFO - [2023-03-12T13:04:42.653+0000] {dagbag.py:538} INFO - Filling up the DagBag from /home/airflow/.local/lib/python3.7/site-packages/airflow/example_dags/example_branch_python_dop_operator_3.py
[2023-03-12T13:04:42.676+0000] {processor.py:753} INFO - DAG(s) dict_keys(['example_branch_dop_operator_v3']) retrieved from /home/airflow/.local/lib/python3.7/site-packages/airflow/example_dags/example_branch_python_dop_operator_3.py
[2023-03-12T13:04:42.701+0000] {logging_mixin.py:137} INFO - [2023-03-12T13:04:42.701+0000] {dag.py:2690} INFO - Sync 1 DAGs
[2023-03-12T13:04:42.730+0000] {logging_mixin.py:137} INFO - [2023-03-12T13:04:42.730+0000] {dag.py:3441} INFO - Setting next_dagrun for example_branch_dop_operator_v3 to 2023-03-12T13:03:00+00:00, run_after=2023-03-12T13:04:00+00:00
[2023-03-12T13:04:42.752+0000] {processor.py:175} INFO - Processing /home/airflow/.local/lib/python3.7/site-packages/airflow/example_dags/example_branch_python_dop_operator_3.py took 0.104 seconds
[2023-03-12T13:05:13.430+0000] {processor.py:153} INFO - Started process (PID=978) to work on /home/airflow/.local/lib/python3.7/site-packages/airflow/example_dags/example_branch_python_dop_operator_3.py
[2023-03-12T13:05:13.431+0000] {processor.py:743} INFO - Processing file /home/airflow/.local/lib/python3.7/site-packages/airflow/example_dags/example_branch_python_dop_operator_3.py for tasks to queue
[2023-03-12T13:05:13.431+0000] {logging_mixin.py:137} INFO - [2023-03-12T13:05:13.431+0000] {dagbag.py:538} INFO - Filling up the DagBag from /home/airflow/.local/lib/python3.7/site-packages/airflow/example_dags/example_branch_python_dop_operator_3.py
[2023-03-12T13:05:13.459+0000] {processor.py:753} INFO - DAG(s) dict_keys(['example_branch_dop_operator_v3']) retrieved from /home/airflow/.local/lib/python3.7/site-packages/airflow/example_dags/example_branch_python_dop_operator_3.py
[2023-03-12T13:05:13.485+0000] {logging_mixin.py:137} INFO - [2023-03-12T13:05:13.485+0000] {dag.py:2690} INFO - Sync 1 DAGs
[2023-03-12T13:05:13.519+0000] {logging_mixin.py:137} INFO - [2023-03-12T13:05:13.518+0000] {dag.py:3441} INFO - Setting next_dagrun for example_branch_dop_operator_v3 to 2023-03-12T13:04:00+00:00, run_after=2023-03-12T13:05:00+00:00
[2023-03-12T13:05:13.539+0000] {processor.py:175} INFO - Processing /home/airflow/.local/lib/python3.7/site-packages/airflow/example_dags/example_branch_python_dop_operator_3.py took 0.112 seconds
[2023-03-12T13:05:44.170+0000] {processor.py:153} INFO - Started process (PID=1093) to work on /home/airflow/.local/lib/python3.7/site-packages/airflow/example_dags/example_branch_python_dop_operator_3.py
[2023-03-12T13:05:44.172+0000] {processor.py:743} INFO - Processing file /home/airflow/.local/lib/python3.7/site-packages/airflow/example_dags/example_branch_python_dop_operator_3.py for tasks to queue
[2023-03-12T13:05:44.172+0000] {logging_mixin.py:137} INFO - [2023-03-12T13:05:44.172+0000] {dagbag.py:538} INFO - Filling up the DagBag from /home/airflow/.local/lib/python3.7/site-packages/airflow/example_dags/example_branch_python_dop_operator_3.py
[2023-03-12T13:05:44.195+0000] {processor.py:753} INFO - DAG(s) dict_keys(['example_branch_dop_operator_v3']) retrieved from /home/airflow/.local/lib/python3.7/site-packages/airflow/example_dags/example_branch_python_dop_operator_3.py
[2023-03-12T13:05:44.219+0000] {logging_mixin.py:137} INFO - [2023-03-12T13:05:44.219+0000] {dag.py:2690} INFO - Sync 1 DAGs
[2023-03-12T13:05:44.248+0000] {logging_mixin.py:137} INFO - [2023-03-12T13:05:44.248+0000] {dag.py:3441} INFO - Setting next_dagrun for example_branch_dop_operator_v3 to 2023-03-12T13:04:00+00:00, run_after=2023-03-12T13:05:00+00:00
[2023-03-12T13:05:44.269+0000] {processor.py:175} INFO - Processing /home/airflow/.local/lib/python3.7/site-packages/airflow/example_dags/example_branch_python_dop_operator_3.py took 0.102 seconds
[2023-03-12T13:06:14.851+0000] {processor.py:153} INFO - Started process (PID=1183) to work on /home/airflow/.local/lib/python3.7/site-packages/airflow/example_dags/example_branch_python_dop_operator_3.py
[2023-03-12T13:06:14.852+0000] {processor.py:743} INFO - Processing file /home/airflow/.local/lib/python3.7/site-packages/airflow/example_dags/example_branch_python_dop_operator_3.py for tasks to queue
[2023-03-12T13:06:14.853+0000] {logging_mixin.py:137} INFO - [2023-03-12T13:06:14.853+0000] {dagbag.py:538} INFO - Filling up the DagBag from /home/airflow/.local/lib/python3.7/site-packages/airflow/example_dags/example_branch_python_dop_operator_3.py
[2023-03-12T13:06:14.875+0000] {processor.py:753} INFO - DAG(s) dict_keys(['example_branch_dop_operator_v3']) retrieved from /home/airflow/.local/lib/python3.7/site-packages/airflow/example_dags/example_branch_python_dop_operator_3.py
[2023-03-12T13:06:14.897+0000] {logging_mixin.py:137} INFO - [2023-03-12T13:06:14.897+0000] {dag.py:2690} INFO - Sync 1 DAGs
[2023-03-12T13:06:14.925+0000] {logging_mixin.py:137} INFO - [2023-03-12T13:06:14.925+0000] {dag.py:3441} INFO - Setting next_dagrun for example_branch_dop_operator_v3 to 2023-03-12T13:05:00+00:00, run_after=2023-03-12T13:06:00+00:00
[2023-03-12T13:06:14.942+0000] {processor.py:175} INFO - Processing /home/airflow/.local/lib/python3.7/site-packages/airflow/example_dags/example_branch_python_dop_operator_3.py took 0.094 seconds
[2023-03-12T13:06:45.610+0000] {processor.py:153} INFO - Started process (PID=1292) to work on /home/airflow/.local/lib/python3.7/site-packages/airflow/example_dags/example_branch_python_dop_operator_3.py
[2023-03-12T13:06:45.611+0000] {processor.py:743} INFO - Processing file /home/airflow/.local/lib/python3.7/site-packages/airflow/example_dags/example_branch_python_dop_operator_3.py for tasks to queue
[2023-03-12T13:06:45.612+0000] {logging_mixin.py:137} INFO - [2023-03-12T13:06:45.611+0000] {dagbag.py:538} INFO - Filling up the DagBag from /home/airflow/.local/lib/python3.7/site-packages/airflow/example_dags/example_branch_python_dop_operator_3.py
[2023-03-12T13:06:45.634+0000] {processor.py:753} INFO - DAG(s) dict_keys(['example_branch_dop_operator_v3']) retrieved from /home/airflow/.local/lib/python3.7/site-packages/airflow/example_dags/example_branch_python_dop_operator_3.py
[2023-03-12T13:06:45.659+0000] {logging_mixin.py:137} INFO - [2023-03-12T13:06:45.659+0000] {dag.py:2690} INFO - Sync 1 DAGs
[2023-03-12T13:06:45.692+0000] {logging_mixin.py:137} INFO - [2023-03-12T13:06:45.692+0000] {dag.py:3441} INFO - Setting next_dagrun for example_branch_dop_operator_v3 to 2023-03-12T13:05:00+00:00, run_after=2023-03-12T13:06:00+00:00
[2023-03-12T13:06:45.713+0000] {processor.py:175} INFO - Processing /home/airflow/.local/lib/python3.7/site-packages/airflow/example_dags/example_branch_python_dop_operator_3.py took 0.106 seconds
[2023-03-12T13:07:02.471+0000] {processor.py:153} INFO - Started process (PID=72) to work on /home/airflow/.local/lib/python3.7/site-packages/airflow/example_dags/example_branch_python_dop_operator_3.py
[2023-03-12T13:07:02.472+0000] {processor.py:743} INFO - Processing file /home/airflow/.local/lib/python3.7/site-packages/airflow/example_dags/example_branch_python_dop_operator_3.py for tasks to queue
[2023-03-12T13:07:02.472+0000] {logging_mixin.py:137} INFO - [2023-03-12T13:07:02.472+0000] {dagbag.py:538} INFO - Filling up the DagBag from /home/airflow/.local/lib/python3.7/site-packages/airflow/example_dags/example_branch_python_dop_operator_3.py
[2023-03-12T13:07:02.496+0000] {processor.py:753} INFO - DAG(s) dict_keys(['example_branch_dop_operator_v3']) retrieved from /home/airflow/.local/lib/python3.7/site-packages/airflow/example_dags/example_branch_python_dop_operator_3.py
[2023-03-12T13:07:02.507+0000] {logging_mixin.py:137} INFO - [2023-03-12T13:07:02.507+0000] {dag.py:2690} INFO - Sync 1 DAGs
[2023-03-12T13:07:02.571+0000] {logging_mixin.py:137} INFO - [2023-03-12T13:07:02.571+0000] {dag.py:3441} INFO - Setting next_dagrun for example_branch_dop_operator_v3 to 2023-03-12T13:06:00+00:00, run_after=2023-03-12T13:07:00+00:00
[2023-03-12T13:07:02.589+0000] {processor.py:175} INFO - Processing /home/airflow/.local/lib/python3.7/site-packages/airflow/example_dags/example_branch_python_dop_operator_3.py took 0.121 seconds
[2023-03-12T13:07:32.753+0000] {processor.py:153} INFO - Started process (PID=162) to work on /home/airflow/.local/lib/python3.7/site-packages/airflow/example_dags/example_branch_python_dop_operator_3.py
[2023-03-12T13:07:32.756+0000] {processor.py:743} INFO - Processing file /home/airflow/.local/lib/python3.7/site-packages/airflow/example_dags/example_branch_python_dop_operator_3.py for tasks to queue
[2023-03-12T13:07:32.756+0000] {logging_mixin.py:137} INFO - [2023-03-12T13:07:32.756+0000] {dagbag.py:538} INFO - Filling up the DagBag from /home/airflow/.local/lib/python3.7/site-packages/airflow/example_dags/example_branch_python_dop_operator_3.py
[2023-03-12T13:07:32.781+0000] {processor.py:753} INFO - DAG(s) dict_keys(['example_branch_dop_operator_v3']) retrieved from /home/airflow/.local/lib/python3.7/site-packages/airflow/example_dags/example_branch_python_dop_operator_3.py
[2023-03-12T13:07:32.808+0000] {logging_mixin.py:137} INFO - [2023-03-12T13:07:32.808+0000] {dag.py:2690} INFO - Sync 1 DAGs
[2023-03-12T13:07:32.885+0000] {logging_mixin.py:137} INFO - [2023-03-12T13:07:32.885+0000] {dag.py:3441} INFO - Setting next_dagrun for example_branch_dop_operator_v3 to 2023-03-12T13:06:00+00:00, run_after=2023-03-12T13:07:00+00:00
[2023-03-12T13:07:32.908+0000] {processor.py:175} INFO - Processing /home/airflow/.local/lib/python3.7/site-packages/airflow/example_dags/example_branch_python_dop_operator_3.py took 0.158 seconds
[2023-03-12T13:08:03.666+0000] {processor.py:153} INFO - Started process (PID=275) to work on /home/airflow/.local/lib/python3.7/site-packages/airflow/example_dags/example_branch_python_dop_operator_3.py
[2023-03-12T13:08:03.667+0000] {processor.py:743} INFO - Processing file /home/airflow/.local/lib/python3.7/site-packages/airflow/example_dags/example_branch_python_dop_operator_3.py for tasks to queue
[2023-03-12T13:08:03.667+0000] {logging_mixin.py:137} INFO - [2023-03-12T13:08:03.667+0000] {dagbag.py:538} INFO - Filling up the DagBag from /home/airflow/.local/lib/python3.7/site-packages/airflow/example_dags/example_branch_python_dop_operator_3.py
[2023-03-12T13:08:03.691+0000] {processor.py:753} INFO - DAG(s) dict_keys(['example_branch_dop_operator_v3']) retrieved from /home/airflow/.local/lib/python3.7/site-packages/airflow/example_dags/example_branch_python_dop_operator_3.py
[2023-03-12T13:08:03.714+0000] {logging_mixin.py:137} INFO - [2023-03-12T13:08:03.713+0000] {dag.py:2690} INFO - Sync 1 DAGs
[2023-03-12T13:08:03.743+0000] {logging_mixin.py:137} INFO - [2023-03-12T13:08:03.743+0000] {dag.py:3441} INFO - Setting next_dagrun for example_branch_dop_operator_v3 to 2023-03-12T13:07:00+00:00, run_after=2023-03-12T13:08:00+00:00
[2023-03-12T13:08:03.766+0000] {processor.py:175} INFO - Processing /home/airflow/.local/lib/python3.7/site-packages/airflow/example_dags/example_branch_python_dop_operator_3.py took 0.103 seconds
[2023-03-12T13:08:34.536+0000] {processor.py:153} INFO - Started process (PID=366) to work on /home/airflow/.local/lib/python3.7/site-packages/airflow/example_dags/example_branch_python_dop_operator_3.py
[2023-03-12T13:08:34.537+0000] {processor.py:743} INFO - Processing file /home/airflow/.local/lib/python3.7/site-packages/airflow/example_dags/example_branch_python_dop_operator_3.py for tasks to queue
[2023-03-12T13:08:34.538+0000] {logging_mixin.py:137} INFO - [2023-03-12T13:08:34.537+0000] {dagbag.py:538} INFO - Filling up the DagBag from /home/airflow/.local/lib/python3.7/site-packages/airflow/example_dags/example_branch_python_dop_operator_3.py
[2023-03-12T13:08:34.563+0000] {processor.py:753} INFO - DAG(s) dict_keys(['example_branch_dop_operator_v3']) retrieved from /home/airflow/.local/lib/python3.7/site-packages/airflow/example_dags/example_branch_python_dop_operator_3.py
[2023-03-12T13:08:34.586+0000] {logging_mixin.py:137} INFO - [2023-03-12T13:08:34.586+0000] {dag.py:2690} INFO - Sync 1 DAGs
[2023-03-12T13:08:34.617+0000] {logging_mixin.py:137} INFO - [2023-03-12T13:08:34.617+0000] {dag.py:3441} INFO - Setting next_dagrun for example_branch_dop_operator_v3 to 2023-03-12T13:07:00+00:00, run_after=2023-03-12T13:08:00+00:00
[2023-03-12T13:08:34.635+0000] {processor.py:175} INFO - Processing /home/airflow/.local/lib/python3.7/site-packages/airflow/example_dags/example_branch_python_dop_operator_3.py took 0.102 seconds
[2023-03-12T13:08:57.583+0000] {processor.py:153} INFO - Started process (PID=72) to work on /home/airflow/.local/lib/python3.7/site-packages/airflow/example_dags/example_branch_python_dop_operator_3.py
[2023-03-12T13:08:57.584+0000] {processor.py:743} INFO - Processing file /home/airflow/.local/lib/python3.7/site-packages/airflow/example_dags/example_branch_python_dop_operator_3.py for tasks to queue
[2023-03-12T13:08:57.585+0000] {logging_mixin.py:137} INFO - [2023-03-12T13:08:57.585+0000] {dagbag.py:538} INFO - Filling up the DagBag from /home/airflow/.local/lib/python3.7/site-packages/airflow/example_dags/example_branch_python_dop_operator_3.py
[2023-03-12T13:08:57.608+0000] {processor.py:753} INFO - DAG(s) dict_keys(['example_branch_dop_operator_v3']) retrieved from /home/airflow/.local/lib/python3.7/site-packages/airflow/example_dags/example_branch_python_dop_operator_3.py
[2023-03-12T13:08:57.663+0000] {logging_mixin.py:137} INFO - [2023-03-12T13:08:57.663+0000] {dag.py:2690} INFO - Sync 1 DAGs
[2023-03-12T13:08:57.705+0000] {logging_mixin.py:137} INFO - [2023-03-12T13:08:57.705+0000] {dag.py:3441} INFO - Setting next_dagrun for example_branch_dop_operator_v3 to 2023-03-12T13:07:00+00:00, run_after=2023-03-12T13:08:00+00:00
[2023-03-12T13:08:57.725+0000] {processor.py:175} INFO - Processing /home/airflow/.local/lib/python3.7/site-packages/airflow/example_dags/example_branch_python_dop_operator_3.py took 0.144 seconds
[2023-03-12T13:09:28.220+0000] {processor.py:153} INFO - Started process (PID=186) to work on /home/airflow/.local/lib/python3.7/site-packages/airflow/example_dags/example_branch_python_dop_operator_3.py
[2023-03-12T13:09:28.221+0000] {processor.py:743} INFO - Processing file /home/airflow/.local/lib/python3.7/site-packages/airflow/example_dags/example_branch_python_dop_operator_3.py for tasks to queue
[2023-03-12T13:09:28.221+0000] {logging_mixin.py:137} INFO - [2023-03-12T13:09:28.221+0000] {dagbag.py:538} INFO - Filling up the DagBag from /home/airflow/.local/lib/python3.7/site-packages/airflow/example_dags/example_branch_python_dop_operator_3.py
[2023-03-12T13:09:28.247+0000] {processor.py:753} INFO - DAG(s) dict_keys(['example_branch_dop_operator_v3']) retrieved from /home/airflow/.local/lib/python3.7/site-packages/airflow/example_dags/example_branch_python_dop_operator_3.py
[2023-03-12T13:09:28.274+0000] {logging_mixin.py:137} INFO - [2023-03-12T13:09:28.274+0000] {dag.py:2690} INFO - Sync 1 DAGs
[2023-03-12T13:09:28.304+0000] {logging_mixin.py:137} INFO - [2023-03-12T13:09:28.304+0000] {dag.py:3441} INFO - Setting next_dagrun for example_branch_dop_operator_v3 to 2023-03-12T13:08:00+00:00, run_after=2023-03-12T13:09:00+00:00
[2023-03-12T13:09:28.322+0000] {processor.py:175} INFO - Processing /home/airflow/.local/lib/python3.7/site-packages/airflow/example_dags/example_branch_python_dop_operator_3.py took 0.105 seconds
[2023-03-12T13:09:59.301+0000] {processor.py:153} INFO - Started process (PID=276) to work on /home/airflow/.local/lib/python3.7/site-packages/airflow/example_dags/example_branch_python_dop_operator_3.py
[2023-03-12T13:09:59.302+0000] {processor.py:743} INFO - Processing file /home/airflow/.local/lib/python3.7/site-packages/airflow/example_dags/example_branch_python_dop_operator_3.py for tasks to queue
[2023-03-12T13:09:59.303+0000] {logging_mixin.py:137} INFO - [2023-03-12T13:09:59.302+0000] {dagbag.py:538} INFO - Filling up the DagBag from /home/airflow/.local/lib/python3.7/site-packages/airflow/example_dags/example_branch_python_dop_operator_3.py
[2023-03-12T13:09:59.325+0000] {processor.py:753} INFO - DAG(s) dict_keys(['example_branch_dop_operator_v3']) retrieved from /home/airflow/.local/lib/python3.7/site-packages/airflow/example_dags/example_branch_python_dop_operator_3.py
[2023-03-12T13:09:59.349+0000] {logging_mixin.py:137} INFO - [2023-03-12T13:09:59.349+0000] {dag.py:2690} INFO - Sync 1 DAGs
[2023-03-12T13:09:59.379+0000] {logging_mixin.py:137} INFO - [2023-03-12T13:09:59.379+0000] {dag.py:3441} INFO - Setting next_dagrun for example_branch_dop_operator_v3 to 2023-03-12T13:08:00+00:00, run_after=2023-03-12T13:09:00+00:00
[2023-03-12T13:09:59.397+0000] {processor.py:175} INFO - Processing /home/airflow/.local/lib/python3.7/site-packages/airflow/example_dags/example_branch_python_dop_operator_3.py took 0.099 seconds
[2023-03-12T13:10:30.177+0000] {processor.py:153} INFO - Started process (PID=385) to work on /home/airflow/.local/lib/python3.7/site-packages/airflow/example_dags/example_branch_python_dop_operator_3.py
[2023-03-12T13:10:30.178+0000] {processor.py:743} INFO - Processing file /home/airflow/.local/lib/python3.7/site-packages/airflow/example_dags/example_branch_python_dop_operator_3.py for tasks to queue
[2023-03-12T13:10:30.179+0000] {logging_mixin.py:137} INFO - [2023-03-12T13:10:30.178+0000] {dagbag.py:538} INFO - Filling up the DagBag from /home/airflow/.local/lib/python3.7/site-packages/airflow/example_dags/example_branch_python_dop_operator_3.py
[2023-03-12T13:10:30.203+0000] {processor.py:753} INFO - DAG(s) dict_keys(['example_branch_dop_operator_v3']) retrieved from /home/airflow/.local/lib/python3.7/site-packages/airflow/example_dags/example_branch_python_dop_operator_3.py
[2023-03-12T13:10:30.250+0000] {logging_mixin.py:137} INFO - [2023-03-12T13:10:30.250+0000] {dag.py:2690} INFO - Sync 1 DAGs
[2023-03-12T13:10:30.294+0000] {logging_mixin.py:137} INFO - [2023-03-12T13:10:30.294+0000] {dag.py:3441} INFO - Setting next_dagrun for example_branch_dop_operator_v3 to 2023-03-12T13:09:00+00:00, run_after=2023-03-12T13:10:00+00:00
[2023-03-12T13:10:30.317+0000] {processor.py:175} INFO - Processing /home/airflow/.local/lib/python3.7/site-packages/airflow/example_dags/example_branch_python_dop_operator_3.py took 0.143 seconds
[2023-03-12T13:11:00.376+0000] {processor.py:153} INFO - Started process (PID=490) to work on /home/airflow/.local/lib/python3.7/site-packages/airflow/example_dags/example_branch_python_dop_operator_3.py
[2023-03-12T13:11:00.377+0000] {processor.py:743} INFO - Processing file /home/airflow/.local/lib/python3.7/site-packages/airflow/example_dags/example_branch_python_dop_operator_3.py for tasks to queue
[2023-03-12T13:11:00.377+0000] {logging_mixin.py:137} INFO - [2023-03-12T13:11:00.377+0000] {dagbag.py:538} INFO - Filling up the DagBag from /home/airflow/.local/lib/python3.7/site-packages/airflow/example_dags/example_branch_python_dop_operator_3.py
[2023-03-12T13:11:00.408+0000] {processor.py:753} INFO - DAG(s) dict_keys(['example_branch_dop_operator_v3']) retrieved from /home/airflow/.local/lib/python3.7/site-packages/airflow/example_dags/example_branch_python_dop_operator_3.py
[2023-03-12T13:11:00.440+0000] {logging_mixin.py:137} INFO - [2023-03-12T13:11:00.439+0000] {dag.py:2690} INFO - Sync 1 DAGs
[2023-03-12T13:11:00.482+0000] {logging_mixin.py:137} INFO - [2023-03-12T13:11:00.482+0000] {dag.py:3441} INFO - Setting next_dagrun for example_branch_dop_operator_v3 to 2023-03-12T13:10:00+00:00, run_after=2023-03-12T13:11:00+00:00
[2023-03-12T13:11:00.506+0000] {processor.py:175} INFO - Processing /home/airflow/.local/lib/python3.7/site-packages/airflow/example_dags/example_branch_python_dop_operator_3.py took 0.132 seconds
[2023-03-12T13:11:30.563+0000] {processor.py:153} INFO - Started process (PID=584) to work on /home/airflow/.local/lib/python3.7/site-packages/airflow/example_dags/example_branch_python_dop_operator_3.py
[2023-03-12T13:11:30.564+0000] {processor.py:743} INFO - Processing file /home/airflow/.local/lib/python3.7/site-packages/airflow/example_dags/example_branch_python_dop_operator_3.py for tasks to queue
[2023-03-12T13:11:30.565+0000] {logging_mixin.py:137} INFO - [2023-03-12T13:11:30.565+0000] {dagbag.py:538} INFO - Filling up the DagBag from /home/airflow/.local/lib/python3.7/site-packages/airflow/example_dags/example_branch_python_dop_operator_3.py
[2023-03-12T13:11:30.585+0000] {processor.py:753} INFO - DAG(s) dict_keys(['example_branch_dop_operator_v3']) retrieved from /home/airflow/.local/lib/python3.7/site-packages/airflow/example_dags/example_branch_python_dop_operator_3.py
[2023-03-12T13:11:30.609+0000] {logging_mixin.py:137} INFO - [2023-03-12T13:11:30.609+0000] {dag.py:2690} INFO - Sync 1 DAGs
[2023-03-12T13:11:30.640+0000] {logging_mixin.py:137} INFO - [2023-03-12T13:11:30.640+0000] {dag.py:3441} INFO - Setting next_dagrun for example_branch_dop_operator_v3 to 2023-03-12T13:10:00+00:00, run_after=2023-03-12T13:11:00+00:00
[2023-03-12T13:11:30.661+0000] {processor.py:175} INFO - Processing /home/airflow/.local/lib/python3.7/site-packages/airflow/example_dags/example_branch_python_dop_operator_3.py took 0.100 seconds
[2023-03-12T13:12:00.815+0000] {processor.py:153} INFO - Started process (PID=702) to work on /home/airflow/.local/lib/python3.7/site-packages/airflow/example_dags/example_branch_python_dop_operator_3.py
[2023-03-12T13:12:00.816+0000] {processor.py:743} INFO - Processing file /home/airflow/.local/lib/python3.7/site-packages/airflow/example_dags/example_branch_python_dop_operator_3.py for tasks to queue
[2023-03-12T13:12:00.816+0000] {logging_mixin.py:137} INFO - [2023-03-12T13:12:00.816+0000] {dagbag.py:538} INFO - Filling up the DagBag from /home/airflow/.local/lib/python3.7/site-packages/airflow/example_dags/example_branch_python_dop_operator_3.py
[2023-03-12T13:12:00.840+0000] {processor.py:753} INFO - DAG(s) dict_keys(['example_branch_dop_operator_v3']) retrieved from /home/airflow/.local/lib/python3.7/site-packages/airflow/example_dags/example_branch_python_dop_operator_3.py
[2023-03-12T13:12:00.865+0000] {logging_mixin.py:137} INFO - [2023-03-12T13:12:00.864+0000] {dag.py:2690} INFO - Sync 1 DAGs
[2023-03-12T13:12:00.895+0000] {logging_mixin.py:137} INFO - [2023-03-12T13:12:00.895+0000] {dag.py:3441} INFO - Setting next_dagrun for example_branch_dop_operator_v3 to 2023-03-12T13:11:00+00:00, run_after=2023-03-12T13:12:00+00:00
[2023-03-12T13:12:00.914+0000] {processor.py:175} INFO - Processing /home/airflow/.local/lib/python3.7/site-packages/airflow/example_dags/example_branch_python_dop_operator_3.py took 0.102 seconds
[2023-03-12T13:12:30.941+0000] {processor.py:153} INFO - Started process (PID=792) to work on /home/airflow/.local/lib/python3.7/site-packages/airflow/example_dags/example_branch_python_dop_operator_3.py
[2023-03-12T13:12:30.942+0000] {processor.py:743} INFO - Processing file /home/airflow/.local/lib/python3.7/site-packages/airflow/example_dags/example_branch_python_dop_operator_3.py for tasks to queue
[2023-03-12T13:12:30.943+0000] {logging_mixin.py:137} INFO - [2023-03-12T13:12:30.943+0000] {dagbag.py:538} INFO - Filling up the DagBag from /home/airflow/.local/lib/python3.7/site-packages/airflow/example_dags/example_branch_python_dop_operator_3.py
[2023-03-12T13:12:30.966+0000] {processor.py:753} INFO - DAG(s) dict_keys(['example_branch_dop_operator_v3']) retrieved from /home/airflow/.local/lib/python3.7/site-packages/airflow/example_dags/example_branch_python_dop_operator_3.py
[2023-03-12T13:12:30.991+0000] {logging_mixin.py:137} INFO - [2023-03-12T13:12:30.991+0000] {dag.py:2690} INFO - Sync 1 DAGs
[2023-03-12T13:12:31.023+0000] {logging_mixin.py:137} INFO - [2023-03-12T13:12:31.023+0000] {dag.py:3441} INFO - Setting next_dagrun for example_branch_dop_operator_v3 to 2023-03-12T13:11:00+00:00, run_after=2023-03-12T13:12:00+00:00
[2023-03-12T13:12:31.042+0000] {processor.py:175} INFO - Processing /home/airflow/.local/lib/python3.7/site-packages/airflow/example_dags/example_branch_python_dop_operator_3.py took 0.104 seconds
[2023-03-12T13:13:01.102+0000] {processor.py:153} INFO - Started process (PID=895) to work on /home/airflow/.local/lib/python3.7/site-packages/airflow/example_dags/example_branch_python_dop_operator_3.py
[2023-03-12T13:13:01.102+0000] {processor.py:743} INFO - Processing file /home/airflow/.local/lib/python3.7/site-packages/airflow/example_dags/example_branch_python_dop_operator_3.py for tasks to queue
[2023-03-12T13:13:01.103+0000] {logging_mixin.py:137} INFO - [2023-03-12T13:13:01.103+0000] {dagbag.py:538} INFO - Filling up the DagBag from /home/airflow/.local/lib/python3.7/site-packages/airflow/example_dags/example_branch_python_dop_operator_3.py
[2023-03-12T13:13:01.126+0000] {processor.py:753} INFO - DAG(s) dict_keys(['example_branch_dop_operator_v3']) retrieved from /home/airflow/.local/lib/python3.7/site-packages/airflow/example_dags/example_branch_python_dop_operator_3.py
[2023-03-12T13:13:01.154+0000] {logging_mixin.py:137} INFO - [2023-03-12T13:13:01.154+0000] {dag.py:2690} INFO - Sync 1 DAGs
[2023-03-12T13:13:01.186+0000] {logging_mixin.py:137} INFO - [2023-03-12T13:13:01.186+0000] {dag.py:3441} INFO - Setting next_dagrun for example_branch_dop_operator_v3 to 2023-03-12T13:12:00+00:00, run_after=2023-03-12T13:13:00+00:00
[2023-03-12T13:13:01.208+0000] {processor.py:175} INFO - Processing /home/airflow/.local/lib/python3.7/site-packages/airflow/example_dags/example_branch_python_dop_operator_3.py took 0.109 seconds
[2023-03-12T13:13:31.432+0000] {processor.py:153} INFO - Started process (PID=1000) to work on /home/airflow/.local/lib/python3.7/site-packages/airflow/example_dags/example_branch_python_dop_operator_3.py
[2023-03-12T13:13:31.433+0000] {processor.py:743} INFO - Processing file /home/airflow/.local/lib/python3.7/site-packages/airflow/example_dags/example_branch_python_dop_operator_3.py for tasks to queue
[2023-03-12T13:13:31.434+0000] {logging_mixin.py:137} INFO - [2023-03-12T13:13:31.434+0000] {dagbag.py:538} INFO - Filling up the DagBag from /home/airflow/.local/lib/python3.7/site-packages/airflow/example_dags/example_branch_python_dop_operator_3.py
[2023-03-12T13:13:31.459+0000] {processor.py:753} INFO - DAG(s) dict_keys(['example_branch_dop_operator_v3']) retrieved from /home/airflow/.local/lib/python3.7/site-packages/airflow/example_dags/example_branch_python_dop_operator_3.py
[2023-03-12T13:13:31.485+0000] {logging_mixin.py:137} INFO - [2023-03-12T13:13:31.485+0000] {dag.py:2690} INFO - Sync 1 DAGs
[2023-03-12T13:13:31.518+0000] {logging_mixin.py:137} INFO - [2023-03-12T13:13:31.518+0000] {dag.py:3441} INFO - Setting next_dagrun for example_branch_dop_operator_v3 to 2023-03-12T13:12:00+00:00, run_after=2023-03-12T13:13:00+00:00
[2023-03-12T13:13:31.540+0000] {processor.py:175} INFO - Processing /home/airflow/.local/lib/python3.7/site-packages/airflow/example_dags/example_branch_python_dop_operator_3.py took 0.110 seconds
[2023-03-12T13:14:02.307+0000] {processor.py:153} INFO - Started process (PID=1094) to work on /home/airflow/.local/lib/python3.7/site-packages/airflow/example_dags/example_branch_python_dop_operator_3.py
[2023-03-12T13:14:02.308+0000] {processor.py:743} INFO - Processing file /home/airflow/.local/lib/python3.7/site-packages/airflow/example_dags/example_branch_python_dop_operator_3.py for tasks to queue
[2023-03-12T13:14:02.309+0000] {logging_mixin.py:137} INFO - [2023-03-12T13:14:02.309+0000] {dagbag.py:538} INFO - Filling up the DagBag from /home/airflow/.local/lib/python3.7/site-packages/airflow/example_dags/example_branch_python_dop_operator_3.py
[2023-03-12T13:14:02.332+0000] {processor.py:753} INFO - DAG(s) dict_keys(['example_branch_dop_operator_v3']) retrieved from /home/airflow/.local/lib/python3.7/site-packages/airflow/example_dags/example_branch_python_dop_operator_3.py
[2023-03-12T13:14:02.356+0000] {logging_mixin.py:137} INFO - [2023-03-12T13:14:02.356+0000] {dag.py:2690} INFO - Sync 1 DAGs
[2023-03-12T13:14:02.388+0000] {logging_mixin.py:137} INFO - [2023-03-12T13:14:02.388+0000] {dag.py:3441} INFO - Setting next_dagrun for example_branch_dop_operator_v3 to 2023-03-12T13:13:00+00:00, run_after=2023-03-12T13:14:00+00:00
[2023-03-12T13:14:02.409+0000] {processor.py:175} INFO - Processing /home/airflow/.local/lib/python3.7/site-packages/airflow/example_dags/example_branch_python_dop_operator_3.py took 0.104 seconds
[2023-03-12T13:14:32.563+0000] {processor.py:153} INFO - Started process (PID=1208) to work on /home/airflow/.local/lib/python3.7/site-packages/airflow/example_dags/example_branch_python_dop_operator_3.py
[2023-03-12T13:14:32.564+0000] {processor.py:743} INFO - Processing file /home/airflow/.local/lib/python3.7/site-packages/airflow/example_dags/example_branch_python_dop_operator_3.py for tasks to queue
[2023-03-12T13:14:32.565+0000] {logging_mixin.py:137} INFO - [2023-03-12T13:14:32.565+0000] {dagbag.py:538} INFO - Filling up the DagBag from /home/airflow/.local/lib/python3.7/site-packages/airflow/example_dags/example_branch_python_dop_operator_3.py
[2023-03-12T13:14:32.587+0000] {processor.py:753} INFO - DAG(s) dict_keys(['example_branch_dop_operator_v3']) retrieved from /home/airflow/.local/lib/python3.7/site-packages/airflow/example_dags/example_branch_python_dop_operator_3.py
[2023-03-12T13:14:32.610+0000] {logging_mixin.py:137} INFO - [2023-03-12T13:14:32.610+0000] {dag.py:2690} INFO - Sync 1 DAGs
[2023-03-12T13:14:32.641+0000] {logging_mixin.py:137} INFO - [2023-03-12T13:14:32.641+0000] {dag.py:3441} INFO - Setting next_dagrun for example_branch_dop_operator_v3 to 2023-03-12T13:13:00+00:00, run_after=2023-03-12T13:14:00+00:00
[2023-03-12T13:14:32.663+0000] {processor.py:175} INFO - Processing /home/airflow/.local/lib/python3.7/site-packages/airflow/example_dags/example_branch_python_dop_operator_3.py took 0.102 seconds
[2023-03-12T13:15:02.861+0000] {processor.py:153} INFO - Started process (PID=1302) to work on /home/airflow/.local/lib/python3.7/site-packages/airflow/example_dags/example_branch_python_dop_operator_3.py
[2023-03-12T13:15:02.862+0000] {processor.py:743} INFO - Processing file /home/airflow/.local/lib/python3.7/site-packages/airflow/example_dags/example_branch_python_dop_operator_3.py for tasks to queue
[2023-03-12T13:15:02.863+0000] {logging_mixin.py:137} INFO - [2023-03-12T13:15:02.863+0000] {dagbag.py:538} INFO - Filling up the DagBag from /home/airflow/.local/lib/python3.7/site-packages/airflow/example_dags/example_branch_python_dop_operator_3.py
[2023-03-12T13:15:02.888+0000] {processor.py:753} INFO - DAG(s) dict_keys(['example_branch_dop_operator_v3']) retrieved from /home/airflow/.local/lib/python3.7/site-packages/airflow/example_dags/example_branch_python_dop_operator_3.py
[2023-03-12T13:15:02.916+0000] {logging_mixin.py:137} INFO - [2023-03-12T13:15:02.916+0000] {dag.py:2690} INFO - Sync 1 DAGs
[2023-03-12T13:15:02.952+0000] {logging_mixin.py:137} INFO - [2023-03-12T13:15:02.952+0000] {dag.py:3441} INFO - Setting next_dagrun for example_branch_dop_operator_v3 to 2023-03-12T13:14:00+00:00, run_after=2023-03-12T13:15:00+00:00
[2023-03-12T13:15:02.978+0000] {processor.py:175} INFO - Processing /home/airflow/.local/lib/python3.7/site-packages/airflow/example_dags/example_branch_python_dop_operator_3.py took 0.120 seconds
[2023-03-12T13:15:33.272+0000] {processor.py:153} INFO - Started process (PID=1401) to work on /home/airflow/.local/lib/python3.7/site-packages/airflow/example_dags/example_branch_python_dop_operator_3.py
[2023-03-12T13:15:33.273+0000] {processor.py:743} INFO - Processing file /home/airflow/.local/lib/python3.7/site-packages/airflow/example_dags/example_branch_python_dop_operator_3.py for tasks to queue
[2023-03-12T13:15:33.273+0000] {logging_mixin.py:137} INFO - [2023-03-12T13:15:33.273+0000] {dagbag.py:538} INFO - Filling up the DagBag from /home/airflow/.local/lib/python3.7/site-packages/airflow/example_dags/example_branch_python_dop_operator_3.py
[2023-03-12T13:15:33.296+0000] {processor.py:753} INFO - DAG(s) dict_keys(['example_branch_dop_operator_v3']) retrieved from /home/airflow/.local/lib/python3.7/site-packages/airflow/example_dags/example_branch_python_dop_operator_3.py
[2023-03-12T13:15:33.322+0000] {logging_mixin.py:137} INFO - [2023-03-12T13:15:33.321+0000] {dag.py:2690} INFO - Sync 1 DAGs
[2023-03-12T13:15:33.352+0000] {logging_mixin.py:137} INFO - [2023-03-12T13:15:33.352+0000] {dag.py:3441} INFO - Setting next_dagrun for example_branch_dop_operator_v3 to 2023-03-12T13:14:00+00:00, run_after=2023-03-12T13:15:00+00:00
[2023-03-12T13:15:33.369+0000] {processor.py:175} INFO - Processing /home/airflow/.local/lib/python3.7/site-packages/airflow/example_dags/example_branch_python_dop_operator_3.py took 0.101 seconds
[2023-03-12T13:16:13.470+0000] {processor.py:153} INFO - Started process (PID=73) to work on /home/airflow/.local/lib/python3.7/site-packages/airflow/example_dags/example_branch_python_dop_operator_3.py
[2023-03-12T13:16:13.471+0000] {processor.py:743} INFO - Processing file /home/airflow/.local/lib/python3.7/site-packages/airflow/example_dags/example_branch_python_dop_operator_3.py for tasks to queue
[2023-03-12T13:16:13.472+0000] {logging_mixin.py:137} INFO - [2023-03-12T13:16:13.472+0000] {dagbag.py:538} INFO - Filling up the DagBag from /home/airflow/.local/lib/python3.7/site-packages/airflow/example_dags/example_branch_python_dop_operator_3.py
[2023-03-12T13:16:13.497+0000] {processor.py:753} INFO - DAG(s) dict_keys(['example_branch_dop_operator_v3']) retrieved from /home/airflow/.local/lib/python3.7/site-packages/airflow/example_dags/example_branch_python_dop_operator_3.py
[2023-03-12T13:16:13.510+0000] {logging_mixin.py:137} INFO - [2023-03-12T13:16:13.510+0000] {dag.py:2690} INFO - Sync 1 DAGs
[2023-03-12T13:16:13.547+0000] {logging_mixin.py:137} INFO - [2023-03-12T13:16:13.547+0000] {dag.py:3441} INFO - Setting next_dagrun for example_branch_dop_operator_v3 to 2023-03-12T13:15:00+00:00, run_after=2023-03-12T13:16:00+00:00
[2023-03-12T13:16:13.576+0000] {processor.py:175} INFO - Processing /home/airflow/.local/lib/python3.7/site-packages/airflow/example_dags/example_branch_python_dop_operator_3.py took 0.109 seconds
[2023-03-12T13:16:44.281+0000] {processor.py:153} INFO - Started process (PID=188) to work on /home/airflow/.local/lib/python3.7/site-packages/airflow/example_dags/example_branch_python_dop_operator_3.py
[2023-03-12T13:16:44.281+0000] {processor.py:743} INFO - Processing file /home/airflow/.local/lib/python3.7/site-packages/airflow/example_dags/example_branch_python_dop_operator_3.py for tasks to queue
[2023-03-12T13:16:44.282+0000] {logging_mixin.py:137} INFO - [2023-03-12T13:16:44.282+0000] {dagbag.py:538} INFO - Filling up the DagBag from /home/airflow/.local/lib/python3.7/site-packages/airflow/example_dags/example_branch_python_dop_operator_3.py
[2023-03-12T13:16:44.305+0000] {processor.py:753} INFO - DAG(s) dict_keys(['example_branch_dop_operator_v3']) retrieved from /home/airflow/.local/lib/python3.7/site-packages/airflow/example_dags/example_branch_python_dop_operator_3.py
[2023-03-12T13:16:44.328+0000] {logging_mixin.py:137} INFO - [2023-03-12T13:16:44.328+0000] {dag.py:2690} INFO - Sync 1 DAGs
[2023-03-12T13:16:44.363+0000] {logging_mixin.py:137} INFO - [2023-03-12T13:16:44.363+0000] {dag.py:3441} INFO - Setting next_dagrun for example_branch_dop_operator_v3 to 2023-03-12T13:15:00+00:00, run_after=2023-03-12T13:16:00+00:00
[2023-03-12T13:16:44.380+0000] {processor.py:175} INFO - Processing /home/airflow/.local/lib/python3.7/site-packages/airflow/example_dags/example_branch_python_dop_operator_3.py took 0.102 seconds
[2023-03-12T13:17:15.462+0000] {processor.py:153} INFO - Started process (PID=283) to work on /home/airflow/.local/lib/python3.7/site-packages/airflow/example_dags/example_branch_python_dop_operator_3.py
[2023-03-12T13:17:15.463+0000] {processor.py:743} INFO - Processing file /home/airflow/.local/lib/python3.7/site-packages/airflow/example_dags/example_branch_python_dop_operator_3.py for tasks to queue
[2023-03-12T13:17:15.463+0000] {logging_mixin.py:137} INFO - [2023-03-12T13:17:15.463+0000] {dagbag.py:538} INFO - Filling up the DagBag from /home/airflow/.local/lib/python3.7/site-packages/airflow/example_dags/example_branch_python_dop_operator_3.py
[2023-03-12T13:17:15.485+0000] {processor.py:753} INFO - DAG(s) dict_keys(['example_branch_dop_operator_v3']) retrieved from /home/airflow/.local/lib/python3.7/site-packages/airflow/example_dags/example_branch_python_dop_operator_3.py
[2023-03-12T13:17:15.511+0000] {logging_mixin.py:137} INFO - [2023-03-12T13:17:15.510+0000] {dag.py:2690} INFO - Sync 1 DAGs
[2023-03-12T13:17:15.545+0000] {logging_mixin.py:137} INFO - [2023-03-12T13:17:15.545+0000] {dag.py:3441} INFO - Setting next_dagrun for example_branch_dop_operator_v3 to 2023-03-12T13:16:00+00:00, run_after=2023-03-12T13:17:00+00:00
[2023-03-12T13:17:15.569+0000] {processor.py:175} INFO - Processing /home/airflow/.local/lib/python3.7/site-packages/airflow/example_dags/example_branch_python_dop_operator_3.py took 0.110 seconds
[2023-03-12T13:17:45.949+0000] {processor.py:153} INFO - Started process (PID=398) to work on /home/airflow/.local/lib/python3.7/site-packages/airflow/example_dags/example_branch_python_dop_operator_3.py
[2023-03-12T13:17:45.953+0000] {processor.py:743} INFO - Processing file /home/airflow/.local/lib/python3.7/site-packages/airflow/example_dags/example_branch_python_dop_operator_3.py for tasks to queue
[2023-03-12T13:17:45.954+0000] {logging_mixin.py:137} INFO - [2023-03-12T13:17:45.953+0000] {dagbag.py:538} INFO - Filling up the DagBag from /home/airflow/.local/lib/python3.7/site-packages/airflow/example_dags/example_branch_python_dop_operator_3.py
[2023-03-12T13:17:45.980+0000] {processor.py:753} INFO - DAG(s) dict_keys(['example_branch_dop_operator_v3']) retrieved from /home/airflow/.local/lib/python3.7/site-packages/airflow/example_dags/example_branch_python_dop_operator_3.py
[2023-03-12T13:17:46.006+0000] {logging_mixin.py:137} INFO - [2023-03-12T13:17:46.006+0000] {dag.py:2690} INFO - Sync 1 DAGs
[2023-03-12T13:17:46.043+0000] {logging_mixin.py:137} INFO - [2023-03-12T13:17:46.043+0000] {dag.py:3441} INFO - Setting next_dagrun for example_branch_dop_operator_v3 to 2023-03-12T13:16:00+00:00, run_after=2023-03-12T13:17:00+00:00
[2023-03-12T13:17:46.069+0000] {processor.py:175} INFO - Processing /home/airflow/.local/lib/python3.7/site-packages/airflow/example_dags/example_branch_python_dop_operator_3.py took 0.123 seconds
[2023-03-12T13:18:16.316+0000] {processor.py:153} INFO - Started process (PID=496) to work on /home/airflow/.local/lib/python3.7/site-packages/airflow/example_dags/example_branch_python_dop_operator_3.py
[2023-03-12T13:18:16.317+0000] {processor.py:743} INFO - Processing file /home/airflow/.local/lib/python3.7/site-packages/airflow/example_dags/example_branch_python_dop_operator_3.py for tasks to queue
[2023-03-12T13:18:16.317+0000] {logging_mixin.py:137} INFO - [2023-03-12T13:18:16.317+0000] {dagbag.py:538} INFO - Filling up the DagBag from /home/airflow/.local/lib/python3.7/site-packages/airflow/example_dags/example_branch_python_dop_operator_3.py
[2023-03-12T13:18:16.341+0000] {processor.py:753} INFO - DAG(s) dict_keys(['example_branch_dop_operator_v3']) retrieved from /home/airflow/.local/lib/python3.7/site-packages/airflow/example_dags/example_branch_python_dop_operator_3.py
[2023-03-12T13:18:16.372+0000] {logging_mixin.py:137} INFO - [2023-03-12T13:18:16.372+0000] {dag.py:2690} INFO - Sync 1 DAGs
[2023-03-12T13:18:16.403+0000] {logging_mixin.py:137} INFO - [2023-03-12T13:18:16.402+0000] {dag.py:3441} INFO - Setting next_dagrun for example_branch_dop_operator_v3 to 2023-03-12T13:17:00+00:00, run_after=2023-03-12T13:18:00+00:00
[2023-03-12T13:18:16.420+0000] {processor.py:175} INFO - Processing /home/airflow/.local/lib/python3.7/site-packages/airflow/example_dags/example_branch_python_dop_operator_3.py took 0.107 seconds
[2023-03-12T13:18:47.237+0000] {processor.py:153} INFO - Started process (PID=595) to work on /home/airflow/.local/lib/python3.7/site-packages/airflow/example_dags/example_branch_python_dop_operator_3.py
[2023-03-12T13:18:47.238+0000] {processor.py:743} INFO - Processing file /home/airflow/.local/lib/python3.7/site-packages/airflow/example_dags/example_branch_python_dop_operator_3.py for tasks to queue
[2023-03-12T13:18:47.238+0000] {logging_mixin.py:137} INFO - [2023-03-12T13:18:47.238+0000] {dagbag.py:538} INFO - Filling up the DagBag from /home/airflow/.local/lib/python3.7/site-packages/airflow/example_dags/example_branch_python_dop_operator_3.py
[2023-03-12T13:18:47.263+0000] {processor.py:753} INFO - DAG(s) dict_keys(['example_branch_dop_operator_v3']) retrieved from /home/airflow/.local/lib/python3.7/site-packages/airflow/example_dags/example_branch_python_dop_operator_3.py
[2023-03-12T13:18:47.287+0000] {logging_mixin.py:137} INFO - [2023-03-12T13:18:47.286+0000] {dag.py:2690} INFO - Sync 1 DAGs
[2023-03-12T13:18:47.317+0000] {logging_mixin.py:137} INFO - [2023-03-12T13:18:47.317+0000] {dag.py:3441} INFO - Setting next_dagrun for example_branch_dop_operator_v3 to 2023-03-12T13:17:00+00:00, run_after=2023-03-12T13:18:00+00:00
[2023-03-12T13:18:47.334+0000] {processor.py:175} INFO - Processing /home/airflow/.local/lib/python3.7/site-packages/airflow/example_dags/example_branch_python_dop_operator_3.py took 0.099 seconds
[2023-03-12T13:19:17.530+0000] {processor.py:153} INFO - Started process (PID=705) to work on /home/airflow/.local/lib/python3.7/site-packages/airflow/example_dags/example_branch_python_dop_operator_3.py
[2023-03-12T13:19:17.531+0000] {processor.py:743} INFO - Processing file /home/airflow/.local/lib/python3.7/site-packages/airflow/example_dags/example_branch_python_dop_operator_3.py for tasks to queue
[2023-03-12T13:19:17.532+0000] {logging_mixin.py:137} INFO - [2023-03-12T13:19:17.532+0000] {dagbag.py:538} INFO - Filling up the DagBag from /home/airflow/.local/lib/python3.7/site-packages/airflow/example_dags/example_branch_python_dop_operator_3.py
[2023-03-12T13:19:17.557+0000] {processor.py:753} INFO - DAG(s) dict_keys(['example_branch_dop_operator_v3']) retrieved from /home/airflow/.local/lib/python3.7/site-packages/airflow/example_dags/example_branch_python_dop_operator_3.py
[2023-03-12T13:19:17.586+0000] {logging_mixin.py:137} INFO - [2023-03-12T13:19:17.586+0000] {dag.py:2690} INFO - Sync 1 DAGs
[2023-03-12T13:19:17.625+0000] {logging_mixin.py:137} INFO - [2023-03-12T13:19:17.624+0000] {dag.py:3441} INFO - Setting next_dagrun for example_branch_dop_operator_v3 to 2023-03-12T13:18:00+00:00, run_after=2023-03-12T13:19:00+00:00
[2023-03-12T13:19:17.645+0000] {processor.py:175} INFO - Processing /home/airflow/.local/lib/python3.7/site-packages/airflow/example_dags/example_branch_python_dop_operator_3.py took 0.118 seconds
