[2023-03-12T12:43:37.939+0000] {processor.py:153} INFO - Started process (PID=100) to work on /home/airflow/.local/lib/python3.7/site-packages/airflow/example_dags/example_kubernetes_executor.py
[2023-03-12T12:43:37.940+0000] {processor.py:743} INFO - Processing file /home/airflow/.local/lib/python3.7/site-packages/airflow/example_dags/example_kubernetes_executor.py for tasks to queue
[2023-03-12T12:43:37.940+0000] {logging_mixin.py:137} INFO - [2023-03-12T12:43:37.940+0000] {dagbag.py:538} INFO - Filling up the DagBag from /home/airflow/.local/lib/python3.7/site-packages/airflow/example_dags/example_kubernetes_executor.py
[2023-03-12T12:43:37.974+0000] {processor.py:753} INFO - DAG(s) dict_keys(['example_kubernetes_executor']) retrieved from /home/airflow/.local/lib/python3.7/site-packages/airflow/example_dags/example_kubernetes_executor.py
[2023-03-12T12:43:37.989+0000] {logging_mixin.py:137} INFO - [2023-03-12T12:43:37.988+0000] {dag.py:2690} INFO - Sync 1 DAGs
[2023-03-12T12:43:38.027+0000] {logging_mixin.py:137} INFO - [2023-03-12T12:43:38.027+0000] {dag.py:3441} INFO - Setting next_dagrun for example_kubernetes_executor to None, run_after=None
[2023-03-12T12:43:38.048+0000] {processor.py:175} INFO - Processing /home/airflow/.local/lib/python3.7/site-packages/airflow/example_dags/example_kubernetes_executor.py took 0.112 seconds
[2023-03-12T12:44:08.142+0000] {processor.py:153} INFO - Started process (PID=188) to work on /home/airflow/.local/lib/python3.7/site-packages/airflow/example_dags/example_kubernetes_executor.py
[2023-03-12T12:44:08.143+0000] {processor.py:743} INFO - Processing file /home/airflow/.local/lib/python3.7/site-packages/airflow/example_dags/example_kubernetes_executor.py for tasks to queue
[2023-03-12T12:44:08.144+0000] {logging_mixin.py:137} INFO - [2023-03-12T12:44:08.143+0000] {dagbag.py:538} INFO - Filling up the DagBag from /home/airflow/.local/lib/python3.7/site-packages/airflow/example_dags/example_kubernetes_executor.py
[2023-03-12T12:44:08.176+0000] {processor.py:753} INFO - DAG(s) dict_keys(['example_kubernetes_executor']) retrieved from /home/airflow/.local/lib/python3.7/site-packages/airflow/example_dags/example_kubernetes_executor.py
[2023-03-12T12:44:08.213+0000] {logging_mixin.py:137} INFO - [2023-03-12T12:44:08.213+0000] {dag.py:2690} INFO - Sync 1 DAGs
[2023-03-12T12:44:08.240+0000] {logging_mixin.py:137} INFO - [2023-03-12T12:44:08.240+0000] {dag.py:3441} INFO - Setting next_dagrun for example_kubernetes_executor to None, run_after=None
[2023-03-12T12:44:08.265+0000] {processor.py:175} INFO - Processing /home/airflow/.local/lib/python3.7/site-packages/airflow/example_dags/example_kubernetes_executor.py took 0.126 seconds
[2023-03-12T12:44:38.823+0000] {processor.py:153} INFO - Started process (PID=276) to work on /home/airflow/.local/lib/python3.7/site-packages/airflow/example_dags/example_kubernetes_executor.py
[2023-03-12T12:44:38.824+0000] {processor.py:743} INFO - Processing file /home/airflow/.local/lib/python3.7/site-packages/airflow/example_dags/example_kubernetes_executor.py for tasks to queue
[2023-03-12T12:44:38.825+0000] {logging_mixin.py:137} INFO - [2023-03-12T12:44:38.825+0000] {dagbag.py:538} INFO - Filling up the DagBag from /home/airflow/.local/lib/python3.7/site-packages/airflow/example_dags/example_kubernetes_executor.py
[2023-03-12T12:44:38.855+0000] {processor.py:753} INFO - DAG(s) dict_keys(['example_kubernetes_executor']) retrieved from /home/airflow/.local/lib/python3.7/site-packages/airflow/example_dags/example_kubernetes_executor.py
[2023-03-12T12:44:38.887+0000] {logging_mixin.py:137} INFO - [2023-03-12T12:44:38.887+0000] {dag.py:2690} INFO - Sync 1 DAGs
[2023-03-12T12:44:38.913+0000] {logging_mixin.py:137} INFO - [2023-03-12T12:44:38.913+0000] {dag.py:3441} INFO - Setting next_dagrun for example_kubernetes_executor to None, run_after=None
[2023-03-12T12:44:38.934+0000] {processor.py:175} INFO - Processing /home/airflow/.local/lib/python3.7/site-packages/airflow/example_dags/example_kubernetes_executor.py took 0.114 seconds
[2023-03-12T12:45:09.728+0000] {processor.py:153} INFO - Started process (PID=388) to work on /home/airflow/.local/lib/python3.7/site-packages/airflow/example_dags/example_kubernetes_executor.py
[2023-03-12T12:45:09.729+0000] {processor.py:743} INFO - Processing file /home/airflow/.local/lib/python3.7/site-packages/airflow/example_dags/example_kubernetes_executor.py for tasks to queue
[2023-03-12T12:45:09.730+0000] {logging_mixin.py:137} INFO - [2023-03-12T12:45:09.730+0000] {dagbag.py:538} INFO - Filling up the DagBag from /home/airflow/.local/lib/python3.7/site-packages/airflow/example_dags/example_kubernetes_executor.py
[2023-03-12T12:45:09.759+0000] {processor.py:753} INFO - DAG(s) dict_keys(['example_kubernetes_executor']) retrieved from /home/airflow/.local/lib/python3.7/site-packages/airflow/example_dags/example_kubernetes_executor.py
[2023-03-12T12:45:09.787+0000] {logging_mixin.py:137} INFO - [2023-03-12T12:45:09.787+0000] {dag.py:2690} INFO - Sync 1 DAGs
[2023-03-12T12:45:09.811+0000] {logging_mixin.py:137} INFO - [2023-03-12T12:45:09.810+0000] {dag.py:3441} INFO - Setting next_dagrun for example_kubernetes_executor to None, run_after=None
[2023-03-12T12:45:09.828+0000] {processor.py:175} INFO - Processing /home/airflow/.local/lib/python3.7/site-packages/airflow/example_dags/example_kubernetes_executor.py took 0.103 seconds
[2023-03-12T12:45:40.469+0000] {processor.py:153} INFO - Started process (PID=476) to work on /home/airflow/.local/lib/python3.7/site-packages/airflow/example_dags/example_kubernetes_executor.py
[2023-03-12T12:45:40.470+0000] {processor.py:743} INFO - Processing file /home/airflow/.local/lib/python3.7/site-packages/airflow/example_dags/example_kubernetes_executor.py for tasks to queue
[2023-03-12T12:45:40.470+0000] {logging_mixin.py:137} INFO - [2023-03-12T12:45:40.470+0000] {dagbag.py:538} INFO - Filling up the DagBag from /home/airflow/.local/lib/python3.7/site-packages/airflow/example_dags/example_kubernetes_executor.py
[2023-03-12T12:45:40.498+0000] {processor.py:753} INFO - DAG(s) dict_keys(['example_kubernetes_executor']) retrieved from /home/airflow/.local/lib/python3.7/site-packages/airflow/example_dags/example_kubernetes_executor.py
[2023-03-12T12:45:40.525+0000] {logging_mixin.py:137} INFO - [2023-03-12T12:45:40.525+0000] {dag.py:2690} INFO - Sync 1 DAGs
[2023-03-12T12:45:40.557+0000] {logging_mixin.py:137} INFO - [2023-03-12T12:45:40.557+0000] {dag.py:3441} INFO - Setting next_dagrun for example_kubernetes_executor to None, run_after=None
[2023-03-12T12:45:40.577+0000] {processor.py:175} INFO - Processing /home/airflow/.local/lib/python3.7/site-packages/airflow/example_dags/example_kubernetes_executor.py took 0.111 seconds
[2023-03-12T12:46:11.287+0000] {processor.py:153} INFO - Started process (PID=588) to work on /home/airflow/.local/lib/python3.7/site-packages/airflow/example_dags/example_kubernetes_executor.py
[2023-03-12T12:46:11.288+0000] {processor.py:743} INFO - Processing file /home/airflow/.local/lib/python3.7/site-packages/airflow/example_dags/example_kubernetes_executor.py for tasks to queue
[2023-03-12T12:46:11.288+0000] {logging_mixin.py:137} INFO - [2023-03-12T12:46:11.288+0000] {dagbag.py:538} INFO - Filling up the DagBag from /home/airflow/.local/lib/python3.7/site-packages/airflow/example_dags/example_kubernetes_executor.py
[2023-03-12T12:46:11.319+0000] {processor.py:753} INFO - DAG(s) dict_keys(['example_kubernetes_executor']) retrieved from /home/airflow/.local/lib/python3.7/site-packages/airflow/example_dags/example_kubernetes_executor.py
[2023-03-12T12:46:11.347+0000] {logging_mixin.py:137} INFO - [2023-03-12T12:46:11.347+0000] {dag.py:2690} INFO - Sync 1 DAGs
[2023-03-12T12:46:11.374+0000] {logging_mixin.py:137} INFO - [2023-03-12T12:46:11.374+0000] {dag.py:3441} INFO - Setting next_dagrun for example_kubernetes_executor to None, run_after=None
[2023-03-12T12:46:11.392+0000] {processor.py:175} INFO - Processing /home/airflow/.local/lib/python3.7/site-packages/airflow/example_dags/example_kubernetes_executor.py took 0.108 seconds
[2023-03-12T12:54:40.767+0000] {processor.py:153} INFO - Started process (PID=102) to work on /home/airflow/.local/lib/python3.7/site-packages/airflow/example_dags/example_kubernetes_executor.py
[2023-03-12T12:54:40.768+0000] {processor.py:743} INFO - Processing file /home/airflow/.local/lib/python3.7/site-packages/airflow/example_dags/example_kubernetes_executor.py for tasks to queue
[2023-03-12T12:54:40.769+0000] {logging_mixin.py:137} INFO - [2023-03-12T12:54:40.769+0000] {dagbag.py:538} INFO - Filling up the DagBag from /home/airflow/.local/lib/python3.7/site-packages/airflow/example_dags/example_kubernetes_executor.py
[2023-03-12T12:54:40.806+0000] {processor.py:753} INFO - DAG(s) dict_keys(['example_kubernetes_executor']) retrieved from /home/airflow/.local/lib/python3.7/site-packages/airflow/example_dags/example_kubernetes_executor.py
[2023-03-12T12:54:40.831+0000] {logging_mixin.py:137} INFO - [2023-03-12T12:54:40.831+0000] {dag.py:2690} INFO - Sync 1 DAGs
[2023-03-12T12:54:40.883+0000] {logging_mixin.py:137} INFO - [2023-03-12T12:54:40.883+0000] {dag.py:3441} INFO - Setting next_dagrun for example_kubernetes_executor to None, run_after=None
[2023-03-12T12:54:40.909+0000] {processor.py:175} INFO - Processing /home/airflow/.local/lib/python3.7/site-packages/airflow/example_dags/example_kubernetes_executor.py took 0.146 seconds
[2023-03-12T12:55:11.689+0000] {processor.py:153} INFO - Started process (PID=192) to work on /home/airflow/.local/lib/python3.7/site-packages/airflow/example_dags/example_kubernetes_executor.py
[2023-03-12T12:55:11.690+0000] {processor.py:743} INFO - Processing file /home/airflow/.local/lib/python3.7/site-packages/airflow/example_dags/example_kubernetes_executor.py for tasks to queue
[2023-03-12T12:55:11.691+0000] {logging_mixin.py:137} INFO - [2023-03-12T12:55:11.691+0000] {dagbag.py:538} INFO - Filling up the DagBag from /home/airflow/.local/lib/python3.7/site-packages/airflow/example_dags/example_kubernetes_executor.py
[2023-03-12T12:55:11.718+0000] {processor.py:753} INFO - DAG(s) dict_keys(['example_kubernetes_executor']) retrieved from /home/airflow/.local/lib/python3.7/site-packages/airflow/example_dags/example_kubernetes_executor.py
[2023-03-12T12:55:11.754+0000] {logging_mixin.py:137} INFO - [2023-03-12T12:55:11.754+0000] {dag.py:2690} INFO - Sync 1 DAGs
[2023-03-12T12:55:11.786+0000] {logging_mixin.py:137} INFO - [2023-03-12T12:55:11.786+0000] {dag.py:3441} INFO - Setting next_dagrun for example_kubernetes_executor to None, run_after=None
[2023-03-12T12:55:11.807+0000] {processor.py:175} INFO - Processing /home/airflow/.local/lib/python3.7/site-packages/airflow/example_dags/example_kubernetes_executor.py took 0.121 seconds
[2023-03-12T12:55:42.469+0000] {processor.py:153} INFO - Started process (PID=289) to work on /home/airflow/.local/lib/python3.7/site-packages/airflow/example_dags/example_kubernetes_executor.py
[2023-03-12T12:55:42.470+0000] {processor.py:743} INFO - Processing file /home/airflow/.local/lib/python3.7/site-packages/airflow/example_dags/example_kubernetes_executor.py for tasks to queue
[2023-03-12T12:55:42.471+0000] {logging_mixin.py:137} INFO - [2023-03-12T12:55:42.471+0000] {dagbag.py:538} INFO - Filling up the DagBag from /home/airflow/.local/lib/python3.7/site-packages/airflow/example_dags/example_kubernetes_executor.py
[2023-03-12T12:55:42.502+0000] {processor.py:753} INFO - DAG(s) dict_keys(['example_kubernetes_executor']) retrieved from /home/airflow/.local/lib/python3.7/site-packages/airflow/example_dags/example_kubernetes_executor.py
[2023-03-12T12:55:42.544+0000] {logging_mixin.py:137} INFO - [2023-03-12T12:55:42.543+0000] {dag.py:2690} INFO - Sync 1 DAGs
[2023-03-12T12:55:42.573+0000] {logging_mixin.py:137} INFO - [2023-03-12T12:55:42.572+0000] {dag.py:3441} INFO - Setting next_dagrun for example_kubernetes_executor to None, run_after=None
[2023-03-12T12:55:42.593+0000] {processor.py:175} INFO - Processing /home/airflow/.local/lib/python3.7/site-packages/airflow/example_dags/example_kubernetes_executor.py took 0.126 seconds
[2023-03-12T12:56:12.870+0000] {processor.py:153} INFO - Started process (PID=396) to work on /home/airflow/.local/lib/python3.7/site-packages/airflow/example_dags/example_kubernetes_executor.py
[2023-03-12T12:56:12.871+0000] {processor.py:743} INFO - Processing file /home/airflow/.local/lib/python3.7/site-packages/airflow/example_dags/example_kubernetes_executor.py for tasks to queue
[2023-03-12T12:56:12.872+0000] {logging_mixin.py:137} INFO - [2023-03-12T12:56:12.872+0000] {dagbag.py:538} INFO - Filling up the DagBag from /home/airflow/.local/lib/python3.7/site-packages/airflow/example_dags/example_kubernetes_executor.py
[2023-03-12T12:56:12.901+0000] {processor.py:753} INFO - DAG(s) dict_keys(['example_kubernetes_executor']) retrieved from /home/airflow/.local/lib/python3.7/site-packages/airflow/example_dags/example_kubernetes_executor.py
[2023-03-12T12:56:12.928+0000] {logging_mixin.py:137} INFO - [2023-03-12T12:56:12.928+0000] {dag.py:2690} INFO - Sync 1 DAGs
[2023-03-12T12:56:12.952+0000] {logging_mixin.py:137} INFO - [2023-03-12T12:56:12.952+0000] {dag.py:3441} INFO - Setting next_dagrun for example_kubernetes_executor to None, run_after=None
[2023-03-12T12:56:12.973+0000] {processor.py:175} INFO - Processing /home/airflow/.local/lib/python3.7/site-packages/airflow/example_dags/example_kubernetes_executor.py took 0.106 seconds
[2023-03-12T12:56:43.765+0000] {processor.py:153} INFO - Started process (PID=486) to work on /home/airflow/.local/lib/python3.7/site-packages/airflow/example_dags/example_kubernetes_executor.py
[2023-03-12T12:56:43.766+0000] {processor.py:743} INFO - Processing file /home/airflow/.local/lib/python3.7/site-packages/airflow/example_dags/example_kubernetes_executor.py for tasks to queue
[2023-03-12T12:56:43.766+0000] {logging_mixin.py:137} INFO - [2023-03-12T12:56:43.766+0000] {dagbag.py:538} INFO - Filling up the DagBag from /home/airflow/.local/lib/python3.7/site-packages/airflow/example_dags/example_kubernetes_executor.py
[2023-03-12T12:56:43.794+0000] {processor.py:753} INFO - DAG(s) dict_keys(['example_kubernetes_executor']) retrieved from /home/airflow/.local/lib/python3.7/site-packages/airflow/example_dags/example_kubernetes_executor.py
[2023-03-12T12:56:43.821+0000] {logging_mixin.py:137} INFO - [2023-03-12T12:56:43.821+0000] {dag.py:2690} INFO - Sync 1 DAGs
[2023-03-12T12:56:43.845+0000] {logging_mixin.py:137} INFO - [2023-03-12T12:56:43.845+0000] {dag.py:3441} INFO - Setting next_dagrun for example_kubernetes_executor to None, run_after=None
[2023-03-12T12:56:43.865+0000] {processor.py:175} INFO - Processing /home/airflow/.local/lib/python3.7/site-packages/airflow/example_dags/example_kubernetes_executor.py took 0.102 seconds
[2023-03-12T12:57:14.610+0000] {processor.py:153} INFO - Started process (PID=600) to work on /home/airflow/.local/lib/python3.7/site-packages/airflow/example_dags/example_kubernetes_executor.py
[2023-03-12T12:57:14.611+0000] {processor.py:743} INFO - Processing file /home/airflow/.local/lib/python3.7/site-packages/airflow/example_dags/example_kubernetes_executor.py for tasks to queue
[2023-03-12T12:57:14.612+0000] {logging_mixin.py:137} INFO - [2023-03-12T12:57:14.612+0000] {dagbag.py:538} INFO - Filling up the DagBag from /home/airflow/.local/lib/python3.7/site-packages/airflow/example_dags/example_kubernetes_executor.py
[2023-03-12T12:57:14.639+0000] {processor.py:753} INFO - DAG(s) dict_keys(['example_kubernetes_executor']) retrieved from /home/airflow/.local/lib/python3.7/site-packages/airflow/example_dags/example_kubernetes_executor.py
[2023-03-12T12:57:14.670+0000] {logging_mixin.py:137} INFO - [2023-03-12T12:57:14.670+0000] {dag.py:2690} INFO - Sync 1 DAGs
[2023-03-12T12:57:14.694+0000] {logging_mixin.py:137} INFO - [2023-03-12T12:57:14.694+0000] {dag.py:3441} INFO - Setting next_dagrun for example_kubernetes_executor to None, run_after=None
[2023-03-12T12:57:14.713+0000] {processor.py:175} INFO - Processing /home/airflow/.local/lib/python3.7/site-packages/airflow/example_dags/example_kubernetes_executor.py took 0.106 seconds
[2023-03-12T12:57:45.286+0000] {processor.py:153} INFO - Started process (PID=690) to work on /home/airflow/.local/lib/python3.7/site-packages/airflow/example_dags/example_kubernetes_executor.py
[2023-03-12T12:57:45.287+0000] {processor.py:743} INFO - Processing file /home/airflow/.local/lib/python3.7/site-packages/airflow/example_dags/example_kubernetes_executor.py for tasks to queue
[2023-03-12T12:57:45.287+0000] {logging_mixin.py:137} INFO - [2023-03-12T12:57:45.287+0000] {dagbag.py:538} INFO - Filling up the DagBag from /home/airflow/.local/lib/python3.7/site-packages/airflow/example_dags/example_kubernetes_executor.py
[2023-03-12T12:57:45.315+0000] {processor.py:753} INFO - DAG(s) dict_keys(['example_kubernetes_executor']) retrieved from /home/airflow/.local/lib/python3.7/site-packages/airflow/example_dags/example_kubernetes_executor.py
[2023-03-12T12:57:45.351+0000] {logging_mixin.py:137} INFO - [2023-03-12T12:57:45.351+0000] {dag.py:2690} INFO - Sync 1 DAGs
[2023-03-12T12:57:45.376+0000] {logging_mixin.py:137} INFO - [2023-03-12T12:57:45.376+0000] {dag.py:3441} INFO - Setting next_dagrun for example_kubernetes_executor to None, run_after=None
[2023-03-12T12:57:45.393+0000] {processor.py:175} INFO - Processing /home/airflow/.local/lib/python3.7/site-packages/airflow/example_dags/example_kubernetes_executor.py took 0.110 seconds
[2023-03-12T12:58:16.429+0000] {processor.py:153} INFO - Started process (PID=804) to work on /home/airflow/.local/lib/python3.7/site-packages/airflow/example_dags/example_kubernetes_executor.py
[2023-03-12T12:58:16.431+0000] {processor.py:743} INFO - Processing file /home/airflow/.local/lib/python3.7/site-packages/airflow/example_dags/example_kubernetes_executor.py for tasks to queue
[2023-03-12T12:58:16.432+0000] {logging_mixin.py:137} INFO - [2023-03-12T12:58:16.432+0000] {dagbag.py:538} INFO - Filling up the DagBag from /home/airflow/.local/lib/python3.7/site-packages/airflow/example_dags/example_kubernetes_executor.py
[2023-03-12T12:58:16.478+0000] {processor.py:753} INFO - DAG(s) dict_keys(['example_kubernetes_executor']) retrieved from /home/airflow/.local/lib/python3.7/site-packages/airflow/example_dags/example_kubernetes_executor.py
[2023-03-12T12:58:16.523+0000] {logging_mixin.py:137} INFO - [2023-03-12T12:58:16.523+0000] {dag.py:2690} INFO - Sync 1 DAGs
[2023-03-12T12:58:16.573+0000] {logging_mixin.py:137} INFO - [2023-03-12T12:58:16.573+0000] {dag.py:3441} INFO - Setting next_dagrun for example_kubernetes_executor to None, run_after=None
[2023-03-12T12:58:16.604+0000] {processor.py:175} INFO - Processing /home/airflow/.local/lib/python3.7/site-packages/airflow/example_dags/example_kubernetes_executor.py took 0.180 seconds
[2023-03-12T12:58:46.665+0000] {processor.py:153} INFO - Started process (PID=894) to work on /home/airflow/.local/lib/python3.7/site-packages/airflow/example_dags/example_kubernetes_executor.py
[2023-03-12T12:58:46.666+0000] {processor.py:743} INFO - Processing file /home/airflow/.local/lib/python3.7/site-packages/airflow/example_dags/example_kubernetes_executor.py for tasks to queue
[2023-03-12T12:58:46.666+0000] {logging_mixin.py:137} INFO - [2023-03-12T12:58:46.666+0000] {dagbag.py:538} INFO - Filling up the DagBag from /home/airflow/.local/lib/python3.7/site-packages/airflow/example_dags/example_kubernetes_executor.py
[2023-03-12T12:58:46.694+0000] {processor.py:753} INFO - DAG(s) dict_keys(['example_kubernetes_executor']) retrieved from /home/airflow/.local/lib/python3.7/site-packages/airflow/example_dags/example_kubernetes_executor.py
[2023-03-12T12:58:46.730+0000] {logging_mixin.py:137} INFO - [2023-03-12T12:58:46.730+0000] {dag.py:2690} INFO - Sync 1 DAGs
[2023-03-12T12:58:46.762+0000] {logging_mixin.py:137} INFO - [2023-03-12T12:58:46.762+0000] {dag.py:3441} INFO - Setting next_dagrun for example_kubernetes_executor to None, run_after=None
[2023-03-12T12:58:46.780+0000] {processor.py:175} INFO - Processing /home/airflow/.local/lib/python3.7/site-packages/airflow/example_dags/example_kubernetes_executor.py took 0.118 seconds
[2023-03-12T13:00:36.811+0000] {processor.py:153} INFO - Started process (PID=102) to work on /home/airflow/.local/lib/python3.7/site-packages/airflow/example_dags/example_kubernetes_executor.py
[2023-03-12T13:00:36.813+0000] {processor.py:743} INFO - Processing file /home/airflow/.local/lib/python3.7/site-packages/airflow/example_dags/example_kubernetes_executor.py for tasks to queue
[2023-03-12T13:00:36.814+0000] {logging_mixin.py:137} INFO - [2023-03-12T13:00:36.814+0000] {dagbag.py:538} INFO - Filling up the DagBag from /home/airflow/.local/lib/python3.7/site-packages/airflow/example_dags/example_kubernetes_executor.py
[2023-03-12T13:00:36.848+0000] {processor.py:753} INFO - DAG(s) dict_keys(['example_kubernetes_executor']) retrieved from /home/airflow/.local/lib/python3.7/site-packages/airflow/example_dags/example_kubernetes_executor.py
[2023-03-12T13:00:36.863+0000] {logging_mixin.py:137} INFO - [2023-03-12T13:00:36.863+0000] {dag.py:2690} INFO - Sync 1 DAGs
[2023-03-12T13:00:36.893+0000] {logging_mixin.py:137} INFO - [2023-03-12T13:00:36.893+0000] {dag.py:3441} INFO - Setting next_dagrun for example_kubernetes_executor to None, run_after=None
[2023-03-12T13:00:36.915+0000] {processor.py:175} INFO - Processing /home/airflow/.local/lib/python3.7/site-packages/airflow/example_dags/example_kubernetes_executor.py took 0.106 seconds
[2023-03-12T13:01:07.665+0000] {processor.py:153} INFO - Started process (PID=192) to work on /home/airflow/.local/lib/python3.7/site-packages/airflow/example_dags/example_kubernetes_executor.py
[2023-03-12T13:01:07.666+0000] {processor.py:743} INFO - Processing file /home/airflow/.local/lib/python3.7/site-packages/airflow/example_dags/example_kubernetes_executor.py for tasks to queue
[2023-03-12T13:01:07.667+0000] {logging_mixin.py:137} INFO - [2023-03-12T13:01:07.667+0000] {dagbag.py:538} INFO - Filling up the DagBag from /home/airflow/.local/lib/python3.7/site-packages/airflow/example_dags/example_kubernetes_executor.py
[2023-03-12T13:01:07.696+0000] {processor.py:753} INFO - DAG(s) dict_keys(['example_kubernetes_executor']) retrieved from /home/airflow/.local/lib/python3.7/site-packages/airflow/example_dags/example_kubernetes_executor.py
[2023-03-12T13:01:07.729+0000] {logging_mixin.py:137} INFO - [2023-03-12T13:01:07.729+0000] {dag.py:2690} INFO - Sync 1 DAGs
[2023-03-12T13:01:07.759+0000] {logging_mixin.py:137} INFO - [2023-03-12T13:01:07.759+0000] {dag.py:3441} INFO - Setting next_dagrun for example_kubernetes_executor to None, run_after=None
[2023-03-12T13:01:07.781+0000] {processor.py:175} INFO - Processing /home/airflow/.local/lib/python3.7/site-packages/airflow/example_dags/example_kubernetes_executor.py took 0.118 seconds
[2023-03-12T13:01:38.559+0000] {processor.py:153} INFO - Started process (PID=282) to work on /home/airflow/.local/lib/python3.7/site-packages/airflow/example_dags/example_kubernetes_executor.py
[2023-03-12T13:01:38.560+0000] {processor.py:743} INFO - Processing file /home/airflow/.local/lib/python3.7/site-packages/airflow/example_dags/example_kubernetes_executor.py for tasks to queue
[2023-03-12T13:01:38.561+0000] {logging_mixin.py:137} INFO - [2023-03-12T13:01:38.561+0000] {dagbag.py:538} INFO - Filling up the DagBag from /home/airflow/.local/lib/python3.7/site-packages/airflow/example_dags/example_kubernetes_executor.py
[2023-03-12T13:01:38.591+0000] {processor.py:753} INFO - DAG(s) dict_keys(['example_kubernetes_executor']) retrieved from /home/airflow/.local/lib/python3.7/site-packages/airflow/example_dags/example_kubernetes_executor.py
[2023-03-12T13:01:38.625+0000] {logging_mixin.py:137} INFO - [2023-03-12T13:01:38.625+0000] {dag.py:2690} INFO - Sync 1 DAGs
[2023-03-12T13:01:38.656+0000] {logging_mixin.py:137} INFO - [2023-03-12T13:01:38.656+0000] {dag.py:3441} INFO - Setting next_dagrun for example_kubernetes_executor to None, run_after=None
[2023-03-12T13:01:38.678+0000] {processor.py:175} INFO - Processing /home/airflow/.local/lib/python3.7/site-packages/airflow/example_dags/example_kubernetes_executor.py took 0.122 seconds
[2023-03-12T13:02:08.957+0000] {processor.py:153} INFO - Started process (PID=396) to work on /home/airflow/.local/lib/python3.7/site-packages/airflow/example_dags/example_kubernetes_executor.py
[2023-03-12T13:02:08.958+0000] {processor.py:743} INFO - Processing file /home/airflow/.local/lib/python3.7/site-packages/airflow/example_dags/example_kubernetes_executor.py for tasks to queue
[2023-03-12T13:02:08.959+0000] {logging_mixin.py:137} INFO - [2023-03-12T13:02:08.959+0000] {dagbag.py:538} INFO - Filling up the DagBag from /home/airflow/.local/lib/python3.7/site-packages/airflow/example_dags/example_kubernetes_executor.py
[2023-03-12T13:02:08.988+0000] {processor.py:753} INFO - DAG(s) dict_keys(['example_kubernetes_executor']) retrieved from /home/airflow/.local/lib/python3.7/site-packages/airflow/example_dags/example_kubernetes_executor.py
[2023-03-12T13:02:09.025+0000] {logging_mixin.py:137} INFO - [2023-03-12T13:02:09.025+0000] {dag.py:2690} INFO - Sync 1 DAGs
[2023-03-12T13:02:09.055+0000] {logging_mixin.py:137} INFO - [2023-03-12T13:02:09.055+0000] {dag.py:3441} INFO - Setting next_dagrun for example_kubernetes_executor to None, run_after=None
[2023-03-12T13:02:09.078+0000] {processor.py:175} INFO - Processing /home/airflow/.local/lib/python3.7/site-packages/airflow/example_dags/example_kubernetes_executor.py took 0.124 seconds
[2023-03-12T13:02:39.883+0000] {processor.py:153} INFO - Started process (PID=486) to work on /home/airflow/.local/lib/python3.7/site-packages/airflow/example_dags/example_kubernetes_executor.py
[2023-03-12T13:02:39.884+0000] {processor.py:743} INFO - Processing file /home/airflow/.local/lib/python3.7/site-packages/airflow/example_dags/example_kubernetes_executor.py for tasks to queue
[2023-03-12T13:02:39.884+0000] {logging_mixin.py:137} INFO - [2023-03-12T13:02:39.884+0000] {dagbag.py:538} INFO - Filling up the DagBag from /home/airflow/.local/lib/python3.7/site-packages/airflow/example_dags/example_kubernetes_executor.py
[2023-03-12T13:02:39.916+0000] {processor.py:753} INFO - DAG(s) dict_keys(['example_kubernetes_executor']) retrieved from /home/airflow/.local/lib/python3.7/site-packages/airflow/example_dags/example_kubernetes_executor.py
[2023-03-12T13:02:39.946+0000] {logging_mixin.py:137} INFO - [2023-03-12T13:02:39.946+0000] {dag.py:2690} INFO - Sync 1 DAGs
[2023-03-12T13:02:39.980+0000] {logging_mixin.py:137} INFO - [2023-03-12T13:02:39.980+0000] {dag.py:3441} INFO - Setting next_dagrun for example_kubernetes_executor to None, run_after=None
[2023-03-12T13:02:40.001+0000] {processor.py:175} INFO - Processing /home/airflow/.local/lib/python3.7/site-packages/airflow/example_dags/example_kubernetes_executor.py took 0.121 seconds
[2023-03-12T13:03:10.690+0000] {processor.py:153} INFO - Started process (PID=600) to work on /home/airflow/.local/lib/python3.7/site-packages/airflow/example_dags/example_kubernetes_executor.py
[2023-03-12T13:03:10.691+0000] {processor.py:743} INFO - Processing file /home/airflow/.local/lib/python3.7/site-packages/airflow/example_dags/example_kubernetes_executor.py for tasks to queue
[2023-03-12T13:03:10.692+0000] {logging_mixin.py:137} INFO - [2023-03-12T13:03:10.692+0000] {dagbag.py:538} INFO - Filling up the DagBag from /home/airflow/.local/lib/python3.7/site-packages/airflow/example_dags/example_kubernetes_executor.py
[2023-03-12T13:03:10.722+0000] {processor.py:753} INFO - DAG(s) dict_keys(['example_kubernetes_executor']) retrieved from /home/airflow/.local/lib/python3.7/site-packages/airflow/example_dags/example_kubernetes_executor.py
[2023-03-12T13:03:10.756+0000] {logging_mixin.py:137} INFO - [2023-03-12T13:03:10.755+0000] {dag.py:2690} INFO - Sync 1 DAGs
[2023-03-12T13:03:10.787+0000] {logging_mixin.py:137} INFO - [2023-03-12T13:03:10.786+0000] {dag.py:3441} INFO - Setting next_dagrun for example_kubernetes_executor to None, run_after=None
[2023-03-12T13:03:10.810+0000] {processor.py:175} INFO - Processing /home/airflow/.local/lib/python3.7/site-packages/airflow/example_dags/example_kubernetes_executor.py took 0.123 seconds
[2023-03-12T13:03:41.645+0000] {processor.py:153} INFO - Started process (PID=690) to work on /home/airflow/.local/lib/python3.7/site-packages/airflow/example_dags/example_kubernetes_executor.py
[2023-03-12T13:03:41.645+0000] {processor.py:743} INFO - Processing file /home/airflow/.local/lib/python3.7/site-packages/airflow/example_dags/example_kubernetes_executor.py for tasks to queue
[2023-03-12T13:03:41.646+0000] {logging_mixin.py:137} INFO - [2023-03-12T13:03:41.646+0000] {dagbag.py:538} INFO - Filling up the DagBag from /home/airflow/.local/lib/python3.7/site-packages/airflow/example_dags/example_kubernetes_executor.py
[2023-03-12T13:03:41.682+0000] {processor.py:753} INFO - DAG(s) dict_keys(['example_kubernetes_executor']) retrieved from /home/airflow/.local/lib/python3.7/site-packages/airflow/example_dags/example_kubernetes_executor.py
[2023-03-12T13:03:41.711+0000] {logging_mixin.py:137} INFO - [2023-03-12T13:03:41.711+0000] {dag.py:2690} INFO - Sync 1 DAGs
[2023-03-12T13:03:41.736+0000] {logging_mixin.py:137} INFO - [2023-03-12T13:03:41.735+0000] {dag.py:3441} INFO - Setting next_dagrun for example_kubernetes_executor to None, run_after=None
[2023-03-12T13:03:41.753+0000] {processor.py:175} INFO - Processing /home/airflow/.local/lib/python3.7/site-packages/airflow/example_dags/example_kubernetes_executor.py took 0.111 seconds
[2023-03-12T13:04:12.418+0000] {processor.py:153} INFO - Started process (PID=789) to work on /home/airflow/.local/lib/python3.7/site-packages/airflow/example_dags/example_kubernetes_executor.py
[2023-03-12T13:04:12.418+0000] {processor.py:743} INFO - Processing file /home/airflow/.local/lib/python3.7/site-packages/airflow/example_dags/example_kubernetes_executor.py for tasks to queue
[2023-03-12T13:04:12.419+0000] {logging_mixin.py:137} INFO - [2023-03-12T13:04:12.419+0000] {dagbag.py:538} INFO - Filling up the DagBag from /home/airflow/.local/lib/python3.7/site-packages/airflow/example_dags/example_kubernetes_executor.py
[2023-03-12T13:04:12.448+0000] {processor.py:753} INFO - DAG(s) dict_keys(['example_kubernetes_executor']) retrieved from /home/airflow/.local/lib/python3.7/site-packages/airflow/example_dags/example_kubernetes_executor.py
[2023-03-12T13:04:12.480+0000] {logging_mixin.py:137} INFO - [2023-03-12T13:04:12.480+0000] {dag.py:2690} INFO - Sync 1 DAGs
[2023-03-12T13:04:12.504+0000] {logging_mixin.py:137} INFO - [2023-03-12T13:04:12.504+0000] {dag.py:3441} INFO - Setting next_dagrun for example_kubernetes_executor to None, run_after=None
[2023-03-12T13:04:12.524+0000] {processor.py:175} INFO - Processing /home/airflow/.local/lib/python3.7/site-packages/airflow/example_dags/example_kubernetes_executor.py took 0.109 seconds
[2023-03-12T13:04:43.243+0000] {processor.py:153} INFO - Started process (PID=894) to work on /home/airflow/.local/lib/python3.7/site-packages/airflow/example_dags/example_kubernetes_executor.py
[2023-03-12T13:04:43.244+0000] {processor.py:743} INFO - Processing file /home/airflow/.local/lib/python3.7/site-packages/airflow/example_dags/example_kubernetes_executor.py for tasks to queue
[2023-03-12T13:04:43.244+0000] {logging_mixin.py:137} INFO - [2023-03-12T13:04:43.244+0000] {dagbag.py:538} INFO - Filling up the DagBag from /home/airflow/.local/lib/python3.7/site-packages/airflow/example_dags/example_kubernetes_executor.py
[2023-03-12T13:04:43.275+0000] {processor.py:753} INFO - DAG(s) dict_keys(['example_kubernetes_executor']) retrieved from /home/airflow/.local/lib/python3.7/site-packages/airflow/example_dags/example_kubernetes_executor.py
[2023-03-12T13:04:43.302+0000] {logging_mixin.py:137} INFO - [2023-03-12T13:04:43.302+0000] {dag.py:2690} INFO - Sync 1 DAGs
[2023-03-12T13:04:43.328+0000] {logging_mixin.py:137} INFO - [2023-03-12T13:04:43.328+0000] {dag.py:3441} INFO - Setting next_dagrun for example_kubernetes_executor to None, run_after=None
[2023-03-12T13:04:43.345+0000] {processor.py:175} INFO - Processing /home/airflow/.local/lib/python3.7/site-packages/airflow/example_dags/example_kubernetes_executor.py took 0.105 seconds
[2023-03-12T13:05:13.857+0000] {processor.py:153} INFO - Started process (PID=984) to work on /home/airflow/.local/lib/python3.7/site-packages/airflow/example_dags/example_kubernetes_executor.py
[2023-03-12T13:05:13.858+0000] {processor.py:743} INFO - Processing file /home/airflow/.local/lib/python3.7/site-packages/airflow/example_dags/example_kubernetes_executor.py for tasks to queue
[2023-03-12T13:05:13.859+0000] {logging_mixin.py:137} INFO - [2023-03-12T13:05:13.859+0000] {dagbag.py:538} INFO - Filling up the DagBag from /home/airflow/.local/lib/python3.7/site-packages/airflow/example_dags/example_kubernetes_executor.py
[2023-03-12T13:05:13.888+0000] {processor.py:753} INFO - DAG(s) dict_keys(['example_kubernetes_executor']) retrieved from /home/airflow/.local/lib/python3.7/site-packages/airflow/example_dags/example_kubernetes_executor.py
[2023-03-12T13:05:13.923+0000] {logging_mixin.py:137} INFO - [2023-03-12T13:05:13.922+0000] {dag.py:2690} INFO - Sync 1 DAGs
[2023-03-12T13:05:13.951+0000] {logging_mixin.py:137} INFO - [2023-03-12T13:05:13.951+0000] {dag.py:3441} INFO - Setting next_dagrun for example_kubernetes_executor to None, run_after=None
[2023-03-12T13:05:13.971+0000] {processor.py:175} INFO - Processing /home/airflow/.local/lib/python3.7/site-packages/airflow/example_dags/example_kubernetes_executor.py took 0.117 seconds
[2023-03-12T13:05:44.593+0000] {processor.py:153} INFO - Started process (PID=1099) to work on /home/airflow/.local/lib/python3.7/site-packages/airflow/example_dags/example_kubernetes_executor.py
[2023-03-12T13:05:44.594+0000] {processor.py:743} INFO - Processing file /home/airflow/.local/lib/python3.7/site-packages/airflow/example_dags/example_kubernetes_executor.py for tasks to queue
[2023-03-12T13:05:44.595+0000] {logging_mixin.py:137} INFO - [2023-03-12T13:05:44.595+0000] {dagbag.py:538} INFO - Filling up the DagBag from /home/airflow/.local/lib/python3.7/site-packages/airflow/example_dags/example_kubernetes_executor.py
[2023-03-12T13:05:44.624+0000] {processor.py:753} INFO - DAG(s) dict_keys(['example_kubernetes_executor']) retrieved from /home/airflow/.local/lib/python3.7/site-packages/airflow/example_dags/example_kubernetes_executor.py
[2023-03-12T13:05:44.654+0000] {logging_mixin.py:137} INFO - [2023-03-12T13:05:44.654+0000] {dag.py:2690} INFO - Sync 1 DAGs
[2023-03-12T13:05:44.681+0000] {logging_mixin.py:137} INFO - [2023-03-12T13:05:44.681+0000] {dag.py:3441} INFO - Setting next_dagrun for example_kubernetes_executor to None, run_after=None
[2023-03-12T13:05:44.702+0000] {processor.py:175} INFO - Processing /home/airflow/.local/lib/python3.7/site-packages/airflow/example_dags/example_kubernetes_executor.py took 0.112 seconds
[2023-03-12T13:06:15.343+0000] {processor.py:153} INFO - Started process (PID=1189) to work on /home/airflow/.local/lib/python3.7/site-packages/airflow/example_dags/example_kubernetes_executor.py
[2023-03-12T13:06:15.344+0000] {processor.py:743} INFO - Processing file /home/airflow/.local/lib/python3.7/site-packages/airflow/example_dags/example_kubernetes_executor.py for tasks to queue
[2023-03-12T13:06:15.344+0000] {logging_mixin.py:137} INFO - [2023-03-12T13:06:15.344+0000] {dagbag.py:538} INFO - Filling up the DagBag from /home/airflow/.local/lib/python3.7/site-packages/airflow/example_dags/example_kubernetes_executor.py
[2023-03-12T13:06:15.376+0000] {processor.py:753} INFO - DAG(s) dict_keys(['example_kubernetes_executor']) retrieved from /home/airflow/.local/lib/python3.7/site-packages/airflow/example_dags/example_kubernetes_executor.py
[2023-03-12T13:06:15.419+0000] {logging_mixin.py:137} INFO - [2023-03-12T13:06:15.419+0000] {dag.py:2690} INFO - Sync 1 DAGs
[2023-03-12T13:06:15.462+0000] {logging_mixin.py:137} INFO - [2023-03-12T13:06:15.462+0000] {dag.py:3441} INFO - Setting next_dagrun for example_kubernetes_executor to None, run_after=None
[2023-03-12T13:06:15.489+0000] {processor.py:175} INFO - Processing /home/airflow/.local/lib/python3.7/site-packages/airflow/example_dags/example_kubernetes_executor.py took 0.149 seconds
[2023-03-12T13:06:46.066+0000] {processor.py:153} INFO - Started process (PID=1313) to work on /home/airflow/.local/lib/python3.7/site-packages/airflow/example_dags/example_kubernetes_executor.py
[2023-03-12T13:06:46.074+0000] {processor.py:743} INFO - Processing file /home/airflow/.local/lib/python3.7/site-packages/airflow/example_dags/example_kubernetes_executor.py for tasks to queue
[2023-03-12T13:06:46.075+0000] {logging_mixin.py:137} INFO - [2023-03-12T13:06:46.075+0000] {dagbag.py:538} INFO - Filling up the DagBag from /home/airflow/.local/lib/python3.7/site-packages/airflow/example_dags/example_kubernetes_executor.py
[2023-03-12T13:06:46.164+0000] {processor.py:753} INFO - DAG(s) dict_keys(['example_kubernetes_executor']) retrieved from /home/airflow/.local/lib/python3.7/site-packages/airflow/example_dags/example_kubernetes_executor.py
[2023-03-12T13:06:46.195+0000] {logging_mixin.py:137} INFO - [2023-03-12T13:06:46.195+0000] {dag.py:2690} INFO - Sync 1 DAGs
[2023-03-12T13:06:46.222+0000] {logging_mixin.py:137} INFO - [2023-03-12T13:06:46.222+0000] {dag.py:3441} INFO - Setting next_dagrun for example_kubernetes_executor to None, run_after=None
[2023-03-12T13:06:46.243+0000] {processor.py:175} INFO - Processing /home/airflow/.local/lib/python3.7/site-packages/airflow/example_dags/example_kubernetes_executor.py took 0.180 seconds
[2023-03-12T13:07:03.566+0000] {processor.py:153} INFO - Started process (PID=78) to work on /home/airflow/.local/lib/python3.7/site-packages/airflow/example_dags/example_kubernetes_executor.py
[2023-03-12T13:07:03.567+0000] {processor.py:743} INFO - Processing file /home/airflow/.local/lib/python3.7/site-packages/airflow/example_dags/example_kubernetes_executor.py for tasks to queue
[2023-03-12T13:07:03.568+0000] {logging_mixin.py:137} INFO - [2023-03-12T13:07:03.568+0000] {dagbag.py:538} INFO - Filling up the DagBag from /home/airflow/.local/lib/python3.7/site-packages/airflow/example_dags/example_kubernetes_executor.py
[2023-03-12T13:07:03.660+0000] {processor.py:753} INFO - DAG(s) dict_keys(['example_kubernetes_executor']) retrieved from /home/airflow/.local/lib/python3.7/site-packages/airflow/example_dags/example_kubernetes_executor.py
[2023-03-12T13:07:03.675+0000] {logging_mixin.py:137} INFO - [2023-03-12T13:07:03.675+0000] {dag.py:2690} INFO - Sync 1 DAGs
[2023-03-12T13:07:03.760+0000] {logging_mixin.py:137} INFO - [2023-03-12T13:07:03.760+0000] {dag.py:3441} INFO - Setting next_dagrun for example_kubernetes_executor to None, run_after=None
[2023-03-12T13:07:03.785+0000] {processor.py:175} INFO - Processing /home/airflow/.local/lib/python3.7/site-packages/airflow/example_dags/example_kubernetes_executor.py took 0.222 seconds
[2023-03-12T13:07:34.282+0000] {processor.py:153} INFO - Started process (PID=176) to work on /home/airflow/.local/lib/python3.7/site-packages/airflow/example_dags/example_kubernetes_executor.py
[2023-03-12T13:07:34.283+0000] {processor.py:743} INFO - Processing file /home/airflow/.local/lib/python3.7/site-packages/airflow/example_dags/example_kubernetes_executor.py for tasks to queue
[2023-03-12T13:07:34.284+0000] {logging_mixin.py:137} INFO - [2023-03-12T13:07:34.284+0000] {dagbag.py:538} INFO - Filling up the DagBag from /home/airflow/.local/lib/python3.7/site-packages/airflow/example_dags/example_kubernetes_executor.py
[2023-03-12T13:07:34.471+0000] {processor.py:753} INFO - DAG(s) dict_keys(['example_kubernetes_executor']) retrieved from /home/airflow/.local/lib/python3.7/site-packages/airflow/example_dags/example_kubernetes_executor.py
[2023-03-12T13:07:34.549+0000] {logging_mixin.py:137} INFO - [2023-03-12T13:07:34.549+0000] {dag.py:2690} INFO - Sync 1 DAGs
[2023-03-12T13:07:34.582+0000] {logging_mixin.py:137} INFO - [2023-03-12T13:07:34.582+0000] {dag.py:3441} INFO - Setting next_dagrun for example_kubernetes_executor to None, run_after=None
[2023-03-12T13:07:34.604+0000] {processor.py:175} INFO - Processing /home/airflow/.local/lib/python3.7/site-packages/airflow/example_dags/example_kubernetes_executor.py took 0.325 seconds
[2023-03-12T13:08:05.082+0000] {processor.py:153} INFO - Started process (PID=281) to work on /home/airflow/.local/lib/python3.7/site-packages/airflow/example_dags/example_kubernetes_executor.py
[2023-03-12T13:08:05.083+0000] {processor.py:743} INFO - Processing file /home/airflow/.local/lib/python3.7/site-packages/airflow/example_dags/example_kubernetes_executor.py for tasks to queue
[2023-03-12T13:08:05.084+0000] {logging_mixin.py:137} INFO - [2023-03-12T13:08:05.084+0000] {dagbag.py:538} INFO - Filling up the DagBag from /home/airflow/.local/lib/python3.7/site-packages/airflow/example_dags/example_kubernetes_executor.py
[2023-03-12T13:08:05.114+0000] {processor.py:753} INFO - DAG(s) dict_keys(['example_kubernetes_executor']) retrieved from /home/airflow/.local/lib/python3.7/site-packages/airflow/example_dags/example_kubernetes_executor.py
[2023-03-12T13:08:05.146+0000] {logging_mixin.py:137} INFO - [2023-03-12T13:08:05.146+0000] {dag.py:2690} INFO - Sync 1 DAGs
[2023-03-12T13:08:05.172+0000] {logging_mixin.py:137} INFO - [2023-03-12T13:08:05.172+0000] {dag.py:3441} INFO - Setting next_dagrun for example_kubernetes_executor to None, run_after=None
[2023-03-12T13:08:05.194+0000] {processor.py:175} INFO - Processing /home/airflow/.local/lib/python3.7/site-packages/airflow/example_dags/example_kubernetes_executor.py took 0.114 seconds
[2023-03-12T13:08:35.947+0000] {processor.py:153} INFO - Started process (PID=372) to work on /home/airflow/.local/lib/python3.7/site-packages/airflow/example_dags/example_kubernetes_executor.py
[2023-03-12T13:08:35.948+0000] {processor.py:743} INFO - Processing file /home/airflow/.local/lib/python3.7/site-packages/airflow/example_dags/example_kubernetes_executor.py for tasks to queue
[2023-03-12T13:08:35.949+0000] {logging_mixin.py:137} INFO - [2023-03-12T13:08:35.949+0000] {dagbag.py:538} INFO - Filling up the DagBag from /home/airflow/.local/lib/python3.7/site-packages/airflow/example_dags/example_kubernetes_executor.py
[2023-03-12T13:08:35.980+0000] {processor.py:753} INFO - DAG(s) dict_keys(['example_kubernetes_executor']) retrieved from /home/airflow/.local/lib/python3.7/site-packages/airflow/example_dags/example_kubernetes_executor.py
[2023-03-12T13:08:36.010+0000] {logging_mixin.py:137} INFO - [2023-03-12T13:08:36.009+0000] {dag.py:2690} INFO - Sync 1 DAGs
[2023-03-12T13:08:36.036+0000] {logging_mixin.py:137} INFO - [2023-03-12T13:08:36.036+0000] {dag.py:3441} INFO - Setting next_dagrun for example_kubernetes_executor to None, run_after=None
[2023-03-12T13:08:36.057+0000] {processor.py:175} INFO - Processing /home/airflow/.local/lib/python3.7/site-packages/airflow/example_dags/example_kubernetes_executor.py took 0.113 seconds
[2023-03-12T13:08:57.993+0000] {processor.py:153} INFO - Started process (PID=78) to work on /home/airflow/.local/lib/python3.7/site-packages/airflow/example_dags/example_kubernetes_executor.py
[2023-03-12T13:08:57.994+0000] {processor.py:743} INFO - Processing file /home/airflow/.local/lib/python3.7/site-packages/airflow/example_dags/example_kubernetes_executor.py for tasks to queue
[2023-03-12T13:08:57.994+0000] {logging_mixin.py:137} INFO - [2023-03-12T13:08:57.994+0000] {dagbag.py:538} INFO - Filling up the DagBag from /home/airflow/.local/lib/python3.7/site-packages/airflow/example_dags/example_kubernetes_executor.py
[2023-03-12T13:08:58.021+0000] {processor.py:753} INFO - DAG(s) dict_keys(['example_kubernetes_executor']) retrieved from /home/airflow/.local/lib/python3.7/site-packages/airflow/example_dags/example_kubernetes_executor.py
[2023-03-12T13:08:58.036+0000] {logging_mixin.py:137} INFO - [2023-03-12T13:08:58.036+0000] {dag.py:2690} INFO - Sync 1 DAGs
[2023-03-12T13:08:58.084+0000] {logging_mixin.py:137} INFO - [2023-03-12T13:08:58.083+0000] {dag.py:3441} INFO - Setting next_dagrun for example_kubernetes_executor to None, run_after=None
[2023-03-12T13:08:58.108+0000] {processor.py:175} INFO - Processing /home/airflow/.local/lib/python3.7/site-packages/airflow/example_dags/example_kubernetes_executor.py took 0.118 seconds
[2023-03-12T13:09:28.767+0000] {processor.py:153} INFO - Started process (PID=192) to work on /home/airflow/.local/lib/python3.7/site-packages/airflow/example_dags/example_kubernetes_executor.py
[2023-03-12T13:09:28.768+0000] {processor.py:743} INFO - Processing file /home/airflow/.local/lib/python3.7/site-packages/airflow/example_dags/example_kubernetes_executor.py for tasks to queue
[2023-03-12T13:09:28.770+0000] {logging_mixin.py:137} INFO - [2023-03-12T13:09:28.769+0000] {dagbag.py:538} INFO - Filling up the DagBag from /home/airflow/.local/lib/python3.7/site-packages/airflow/example_dags/example_kubernetes_executor.py
[2023-03-12T13:09:28.799+0000] {processor.py:753} INFO - DAG(s) dict_keys(['example_kubernetes_executor']) retrieved from /home/airflow/.local/lib/python3.7/site-packages/airflow/example_dags/example_kubernetes_executor.py
[2023-03-12T13:09:28.828+0000] {logging_mixin.py:137} INFO - [2023-03-12T13:09:28.828+0000] {dag.py:2690} INFO - Sync 1 DAGs
[2023-03-12T13:09:28.856+0000] {logging_mixin.py:137} INFO - [2023-03-12T13:09:28.856+0000] {dag.py:3441} INFO - Setting next_dagrun for example_kubernetes_executor to None, run_after=None
[2023-03-12T13:09:28.880+0000] {processor.py:175} INFO - Processing /home/airflow/.local/lib/python3.7/site-packages/airflow/example_dags/example_kubernetes_executor.py took 0.116 seconds
[2023-03-12T13:09:59.757+0000] {processor.py:153} INFO - Started process (PID=282) to work on /home/airflow/.local/lib/python3.7/site-packages/airflow/example_dags/example_kubernetes_executor.py
[2023-03-12T13:09:59.758+0000] {processor.py:743} INFO - Processing file /home/airflow/.local/lib/python3.7/site-packages/airflow/example_dags/example_kubernetes_executor.py for tasks to queue
[2023-03-12T13:09:59.759+0000] {logging_mixin.py:137} INFO - [2023-03-12T13:09:59.759+0000] {dagbag.py:538} INFO - Filling up the DagBag from /home/airflow/.local/lib/python3.7/site-packages/airflow/example_dags/example_kubernetes_executor.py
[2023-03-12T13:09:59.787+0000] {processor.py:753} INFO - DAG(s) dict_keys(['example_kubernetes_executor']) retrieved from /home/airflow/.local/lib/python3.7/site-packages/airflow/example_dags/example_kubernetes_executor.py
[2023-03-12T13:09:59.815+0000] {logging_mixin.py:137} INFO - [2023-03-12T13:09:59.815+0000] {dag.py:2690} INFO - Sync 1 DAGs
[2023-03-12T13:09:59.841+0000] {logging_mixin.py:137} INFO - [2023-03-12T13:09:59.841+0000] {dag.py:3441} INFO - Setting next_dagrun for example_kubernetes_executor to None, run_after=None
[2023-03-12T13:09:59.861+0000] {processor.py:175} INFO - Processing /home/airflow/.local/lib/python3.7/site-packages/airflow/example_dags/example_kubernetes_executor.py took 0.111 seconds
[2023-03-12T13:10:30.862+0000] {processor.py:153} INFO - Started process (PID=406) to work on /home/airflow/.local/lib/python3.7/site-packages/airflow/example_dags/example_kubernetes_executor.py
[2023-03-12T13:10:30.863+0000] {processor.py:743} INFO - Processing file /home/airflow/.local/lib/python3.7/site-packages/airflow/example_dags/example_kubernetes_executor.py for tasks to queue
[2023-03-12T13:10:30.864+0000] {logging_mixin.py:137} INFO - [2023-03-12T13:10:30.864+0000] {dagbag.py:538} INFO - Filling up the DagBag from /home/airflow/.local/lib/python3.7/site-packages/airflow/example_dags/example_kubernetes_executor.py
[2023-03-12T13:10:30.893+0000] {processor.py:753} INFO - DAG(s) dict_keys(['example_kubernetes_executor']) retrieved from /home/airflow/.local/lib/python3.7/site-packages/airflow/example_dags/example_kubernetes_executor.py
[2023-03-12T13:10:30.921+0000] {logging_mixin.py:137} INFO - [2023-03-12T13:10:30.921+0000] {dag.py:2690} INFO - Sync 1 DAGs
[2023-03-12T13:10:30.947+0000] {logging_mixin.py:137} INFO - [2023-03-12T13:10:30.947+0000] {dag.py:3441} INFO - Setting next_dagrun for example_kubernetes_executor to None, run_after=None
[2023-03-12T13:10:30.967+0000] {processor.py:175} INFO - Processing /home/airflow/.local/lib/python3.7/site-packages/airflow/example_dags/example_kubernetes_executor.py took 0.107 seconds
[2023-03-12T13:11:01.867+0000] {processor.py:153} INFO - Started process (PID=500) to work on /home/airflow/.local/lib/python3.7/site-packages/airflow/example_dags/example_kubernetes_executor.py
[2023-03-12T13:11:01.868+0000] {processor.py:743} INFO - Processing file /home/airflow/.local/lib/python3.7/site-packages/airflow/example_dags/example_kubernetes_executor.py for tasks to queue
[2023-03-12T13:11:01.868+0000] {logging_mixin.py:137} INFO - [2023-03-12T13:11:01.868+0000] {dagbag.py:538} INFO - Filling up the DagBag from /home/airflow/.local/lib/python3.7/site-packages/airflow/example_dags/example_kubernetes_executor.py
[2023-03-12T13:11:01.896+0000] {processor.py:753} INFO - DAG(s) dict_keys(['example_kubernetes_executor']) retrieved from /home/airflow/.local/lib/python3.7/site-packages/airflow/example_dags/example_kubernetes_executor.py
[2023-03-12T13:11:01.923+0000] {logging_mixin.py:137} INFO - [2023-03-12T13:11:01.923+0000] {dag.py:2690} INFO - Sync 1 DAGs
[2023-03-12T13:11:01.948+0000] {logging_mixin.py:137} INFO - [2023-03-12T13:11:01.948+0000] {dag.py:3441} INFO - Setting next_dagrun for example_kubernetes_executor to None, run_after=None
[2023-03-12T13:11:01.966+0000] {processor.py:175} INFO - Processing /home/airflow/.local/lib/python3.7/site-packages/airflow/example_dags/example_kubernetes_executor.py took 0.102 seconds
[2023-03-12T13:11:33.009+0000] {processor.py:153} INFO - Started process (PID=599) to work on /home/airflow/.local/lib/python3.7/site-packages/airflow/example_dags/example_kubernetes_executor.py
[2023-03-12T13:11:33.010+0000] {processor.py:743} INFO - Processing file /home/airflow/.local/lib/python3.7/site-packages/airflow/example_dags/example_kubernetes_executor.py for tasks to queue
[2023-03-12T13:11:33.011+0000] {logging_mixin.py:137} INFO - [2023-03-12T13:11:33.011+0000] {dagbag.py:538} INFO - Filling up the DagBag from /home/airflow/.local/lib/python3.7/site-packages/airflow/example_dags/example_kubernetes_executor.py
[2023-03-12T13:11:33.039+0000] {processor.py:753} INFO - DAG(s) dict_keys(['example_kubernetes_executor']) retrieved from /home/airflow/.local/lib/python3.7/site-packages/airflow/example_dags/example_kubernetes_executor.py
[2023-03-12T13:11:33.074+0000] {logging_mixin.py:137} INFO - [2023-03-12T13:11:33.073+0000] {dag.py:2690} INFO - Sync 1 DAGs
[2023-03-12T13:11:33.100+0000] {logging_mixin.py:137} INFO - [2023-03-12T13:11:33.099+0000] {dag.py:3441} INFO - Setting next_dagrun for example_kubernetes_executor to None, run_after=None
[2023-03-12T13:11:33.117+0000] {processor.py:175} INFO - Processing /home/airflow/.local/lib/python3.7/site-packages/airflow/example_dags/example_kubernetes_executor.py took 0.110 seconds
[2023-03-12T13:12:03.322+0000] {processor.py:153} INFO - Started process (PID=708) to work on /home/airflow/.local/lib/python3.7/site-packages/airflow/example_dags/example_kubernetes_executor.py
[2023-03-12T13:12:03.323+0000] {processor.py:743} INFO - Processing file /home/airflow/.local/lib/python3.7/site-packages/airflow/example_dags/example_kubernetes_executor.py for tasks to queue
[2023-03-12T13:12:03.323+0000] {logging_mixin.py:137} INFO - [2023-03-12T13:12:03.323+0000] {dagbag.py:538} INFO - Filling up the DagBag from /home/airflow/.local/lib/python3.7/site-packages/airflow/example_dags/example_kubernetes_executor.py
[2023-03-12T13:12:03.351+0000] {processor.py:753} INFO - DAG(s) dict_keys(['example_kubernetes_executor']) retrieved from /home/airflow/.local/lib/python3.7/site-packages/airflow/example_dags/example_kubernetes_executor.py
[2023-03-12T13:12:03.378+0000] {logging_mixin.py:137} INFO - [2023-03-12T13:12:03.377+0000] {dag.py:2690} INFO - Sync 1 DAGs
[2023-03-12T13:12:03.401+0000] {logging_mixin.py:137} INFO - [2023-03-12T13:12:03.401+0000] {dag.py:3441} INFO - Setting next_dagrun for example_kubernetes_executor to None, run_after=None
[2023-03-12T13:12:03.420+0000] {processor.py:175} INFO - Processing /home/airflow/.local/lib/python3.7/site-packages/airflow/example_dags/example_kubernetes_executor.py took 0.100 seconds
[2023-03-12T13:12:34.245+0000] {processor.py:153} INFO - Started process (PID=798) to work on /home/airflow/.local/lib/python3.7/site-packages/airflow/example_dags/example_kubernetes_executor.py
[2023-03-12T13:12:34.246+0000] {processor.py:743} INFO - Processing file /home/airflow/.local/lib/python3.7/site-packages/airflow/example_dags/example_kubernetes_executor.py for tasks to queue
[2023-03-12T13:12:34.246+0000] {logging_mixin.py:137} INFO - [2023-03-12T13:12:34.246+0000] {dagbag.py:538} INFO - Filling up the DagBag from /home/airflow/.local/lib/python3.7/site-packages/airflow/example_dags/example_kubernetes_executor.py
[2023-03-12T13:12:34.279+0000] {processor.py:753} INFO - DAG(s) dict_keys(['example_kubernetes_executor']) retrieved from /home/airflow/.local/lib/python3.7/site-packages/airflow/example_dags/example_kubernetes_executor.py
[2023-03-12T13:12:34.306+0000] {logging_mixin.py:137} INFO - [2023-03-12T13:12:34.306+0000] {dag.py:2690} INFO - Sync 1 DAGs
[2023-03-12T13:12:34.333+0000] {logging_mixin.py:137} INFO - [2023-03-12T13:12:34.333+0000] {dag.py:3441} INFO - Setting next_dagrun for example_kubernetes_executor to None, run_after=None
[2023-03-12T13:12:34.354+0000] {processor.py:175} INFO - Processing /home/airflow/.local/lib/python3.7/site-packages/airflow/example_dags/example_kubernetes_executor.py took 0.112 seconds
[2023-03-12T13:13:04.547+0000] {processor.py:153} INFO - Started process (PID=916) to work on /home/airflow/.local/lib/python3.7/site-packages/airflow/example_dags/example_kubernetes_executor.py
[2023-03-12T13:13:04.548+0000] {processor.py:743} INFO - Processing file /home/airflow/.local/lib/python3.7/site-packages/airflow/example_dags/example_kubernetes_executor.py for tasks to queue
[2023-03-12T13:13:04.549+0000] {logging_mixin.py:137} INFO - [2023-03-12T13:13:04.549+0000] {dagbag.py:538} INFO - Filling up the DagBag from /home/airflow/.local/lib/python3.7/site-packages/airflow/example_dags/example_kubernetes_executor.py
[2023-03-12T13:13:04.581+0000] {processor.py:753} INFO - DAG(s) dict_keys(['example_kubernetes_executor']) retrieved from /home/airflow/.local/lib/python3.7/site-packages/airflow/example_dags/example_kubernetes_executor.py
[2023-03-12T13:13:04.614+0000] {logging_mixin.py:137} INFO - [2023-03-12T13:13:04.613+0000] {dag.py:2690} INFO - Sync 1 DAGs
[2023-03-12T13:13:04.641+0000] {logging_mixin.py:137} INFO - [2023-03-12T13:13:04.641+0000] {dag.py:3441} INFO - Setting next_dagrun for example_kubernetes_executor to None, run_after=None
[2023-03-12T13:13:04.668+0000] {processor.py:175} INFO - Processing /home/airflow/.local/lib/python3.7/site-packages/airflow/example_dags/example_kubernetes_executor.py took 0.124 seconds
[2023-03-12T13:13:34.871+0000] {processor.py:153} INFO - Started process (PID=1006) to work on /home/airflow/.local/lib/python3.7/site-packages/airflow/example_dags/example_kubernetes_executor.py
[2023-03-12T13:13:34.872+0000] {processor.py:743} INFO - Processing file /home/airflow/.local/lib/python3.7/site-packages/airflow/example_dags/example_kubernetes_executor.py for tasks to queue
[2023-03-12T13:13:34.873+0000] {logging_mixin.py:137} INFO - [2023-03-12T13:13:34.873+0000] {dagbag.py:538} INFO - Filling up the DagBag from /home/airflow/.local/lib/python3.7/site-packages/airflow/example_dags/example_kubernetes_executor.py
[2023-03-12T13:13:34.902+0000] {processor.py:753} INFO - DAG(s) dict_keys(['example_kubernetes_executor']) retrieved from /home/airflow/.local/lib/python3.7/site-packages/airflow/example_dags/example_kubernetes_executor.py
[2023-03-12T13:13:34.931+0000] {logging_mixin.py:137} INFO - [2023-03-12T13:13:34.930+0000] {dag.py:2690} INFO - Sync 1 DAGs
[2023-03-12T13:13:34.960+0000] {logging_mixin.py:137} INFO - [2023-03-12T13:13:34.960+0000] {dag.py:3441} INFO - Setting next_dagrun for example_kubernetes_executor to None, run_after=None
[2023-03-12T13:13:34.979+0000] {processor.py:175} INFO - Processing /home/airflow/.local/lib/python3.7/site-packages/airflow/example_dags/example_kubernetes_executor.py took 0.111 seconds
[2023-03-12T13:14:05.815+0000] {processor.py:153} INFO - Started process (PID=1124) to work on /home/airflow/.local/lib/python3.7/site-packages/airflow/example_dags/example_kubernetes_executor.py
[2023-03-12T13:14:05.816+0000] {processor.py:743} INFO - Processing file /home/airflow/.local/lib/python3.7/site-packages/airflow/example_dags/example_kubernetes_executor.py for tasks to queue
[2023-03-12T13:14:05.817+0000] {logging_mixin.py:137} INFO - [2023-03-12T13:14:05.817+0000] {dagbag.py:538} INFO - Filling up the DagBag from /home/airflow/.local/lib/python3.7/site-packages/airflow/example_dags/example_kubernetes_executor.py
[2023-03-12T13:14:05.847+0000] {processor.py:753} INFO - DAG(s) dict_keys(['example_kubernetes_executor']) retrieved from /home/airflow/.local/lib/python3.7/site-packages/airflow/example_dags/example_kubernetes_executor.py
[2023-03-12T13:14:05.881+0000] {logging_mixin.py:137} INFO - [2023-03-12T13:14:05.881+0000] {dag.py:2690} INFO - Sync 1 DAGs
[2023-03-12T13:14:05.911+0000] {logging_mixin.py:137} INFO - [2023-03-12T13:14:05.911+0000] {dag.py:3441} INFO - Setting next_dagrun for example_kubernetes_executor to None, run_after=None
[2023-03-12T13:14:05.932+0000] {processor.py:175} INFO - Processing /home/airflow/.local/lib/python3.7/site-packages/airflow/example_dags/example_kubernetes_executor.py took 0.121 seconds
[2023-03-12T13:14:36.073+0000] {processor.py:153} INFO - Started process (PID=1214) to work on /home/airflow/.local/lib/python3.7/site-packages/airflow/example_dags/example_kubernetes_executor.py
[2023-03-12T13:14:36.074+0000] {processor.py:743} INFO - Processing file /home/airflow/.local/lib/python3.7/site-packages/airflow/example_dags/example_kubernetes_executor.py for tasks to queue
[2023-03-12T13:14:36.075+0000] {logging_mixin.py:137} INFO - [2023-03-12T13:14:36.075+0000] {dagbag.py:538} INFO - Filling up the DagBag from /home/airflow/.local/lib/python3.7/site-packages/airflow/example_dags/example_kubernetes_executor.py
[2023-03-12T13:14:36.107+0000] {processor.py:753} INFO - DAG(s) dict_keys(['example_kubernetes_executor']) retrieved from /home/airflow/.local/lib/python3.7/site-packages/airflow/example_dags/example_kubernetes_executor.py
[2023-03-12T13:14:36.142+0000] {logging_mixin.py:137} INFO - [2023-03-12T13:14:36.142+0000] {dag.py:2690} INFO - Sync 1 DAGs
[2023-03-12T13:14:36.178+0000] {logging_mixin.py:137} INFO - [2023-03-12T13:14:36.178+0000] {dag.py:3441} INFO - Setting next_dagrun for example_kubernetes_executor to None, run_after=None
[2023-03-12T13:14:36.205+0000] {processor.py:175} INFO - Processing /home/airflow/.local/lib/python3.7/site-packages/airflow/example_dags/example_kubernetes_executor.py took 0.135 seconds
[2023-03-12T13:15:06.546+0000] {processor.py:153} INFO - Started process (PID=1308) to work on /home/airflow/.local/lib/python3.7/site-packages/airflow/example_dags/example_kubernetes_executor.py
[2023-03-12T13:15:06.547+0000] {processor.py:743} INFO - Processing file /home/airflow/.local/lib/python3.7/site-packages/airflow/example_dags/example_kubernetes_executor.py for tasks to queue
[2023-03-12T13:15:06.548+0000] {logging_mixin.py:137} INFO - [2023-03-12T13:15:06.548+0000] {dagbag.py:538} INFO - Filling up the DagBag from /home/airflow/.local/lib/python3.7/site-packages/airflow/example_dags/example_kubernetes_executor.py
[2023-03-12T13:15:06.581+0000] {processor.py:753} INFO - DAG(s) dict_keys(['example_kubernetes_executor']) retrieved from /home/airflow/.local/lib/python3.7/site-packages/airflow/example_dags/example_kubernetes_executor.py
[2023-03-12T13:15:06.622+0000] {logging_mixin.py:137} INFO - [2023-03-12T13:15:06.622+0000] {dag.py:2690} INFO - Sync 1 DAGs
[2023-03-12T13:15:06.657+0000] {logging_mixin.py:137} INFO - [2023-03-12T13:15:06.657+0000] {dag.py:3441} INFO - Setting next_dagrun for example_kubernetes_executor to None, run_after=None
[2023-03-12T13:15:06.683+0000] {processor.py:175} INFO - Processing /home/airflow/.local/lib/python3.7/site-packages/airflow/example_dags/example_kubernetes_executor.py took 0.140 seconds
[2023-03-12T13:15:36.807+0000] {processor.py:153} INFO - Started process (PID=1422) to work on /home/airflow/.local/lib/python3.7/site-packages/airflow/example_dags/example_kubernetes_executor.py
[2023-03-12T13:15:36.808+0000] {processor.py:743} INFO - Processing file /home/airflow/.local/lib/python3.7/site-packages/airflow/example_dags/example_kubernetes_executor.py for tasks to queue
[2023-03-12T13:15:36.808+0000] {logging_mixin.py:137} INFO - [2023-03-12T13:15:36.808+0000] {dagbag.py:538} INFO - Filling up the DagBag from /home/airflow/.local/lib/python3.7/site-packages/airflow/example_dags/example_kubernetes_executor.py
[2023-03-12T13:15:36.835+0000] {processor.py:753} INFO - DAG(s) dict_keys(['example_kubernetes_executor']) retrieved from /home/airflow/.local/lib/python3.7/site-packages/airflow/example_dags/example_kubernetes_executor.py
[2023-03-12T13:15:36.868+0000] {logging_mixin.py:137} INFO - [2023-03-12T13:15:36.868+0000] {dag.py:2690} INFO - Sync 1 DAGs
[2023-03-12T13:15:36.894+0000] {logging_mixin.py:137} INFO - [2023-03-12T13:15:36.894+0000] {dag.py:3441} INFO - Setting next_dagrun for example_kubernetes_executor to None, run_after=None
[2023-03-12T13:15:36.912+0000] {processor.py:175} INFO - Processing /home/airflow/.local/lib/python3.7/site-packages/airflow/example_dags/example_kubernetes_executor.py took 0.109 seconds
[2023-03-12T13:16:13.953+0000] {processor.py:153} INFO - Started process (PID=79) to work on /home/airflow/.local/lib/python3.7/site-packages/airflow/example_dags/example_kubernetes_executor.py
[2023-03-12T13:16:13.958+0000] {processor.py:743} INFO - Processing file /home/airflow/.local/lib/python3.7/site-packages/airflow/example_dags/example_kubernetes_executor.py for tasks to queue
[2023-03-12T13:16:13.958+0000] {logging_mixin.py:137} INFO - [2023-03-12T13:16:13.958+0000] {dagbag.py:538} INFO - Filling up the DagBag from /home/airflow/.local/lib/python3.7/site-packages/airflow/example_dags/example_kubernetes_executor.py
[2023-03-12T13:16:13.997+0000] {processor.py:753} INFO - DAG(s) dict_keys(['example_kubernetes_executor']) retrieved from /home/airflow/.local/lib/python3.7/site-packages/airflow/example_dags/example_kubernetes_executor.py
[2023-03-12T13:16:14.010+0000] {logging_mixin.py:137} INFO - [2023-03-12T13:16:14.010+0000] {dag.py:2690} INFO - Sync 1 DAGs
[2023-03-12T13:16:14.039+0000] {logging_mixin.py:137} INFO - [2023-03-12T13:16:14.038+0000] {dag.py:3441} INFO - Setting next_dagrun for example_kubernetes_executor to None, run_after=None
[2023-03-12T13:16:14.061+0000] {processor.py:175} INFO - Processing /home/airflow/.local/lib/python3.7/site-packages/airflow/example_dags/example_kubernetes_executor.py took 0.111 seconds
[2023-03-12T13:16:44.714+0000] {processor.py:153} INFO - Started process (PID=194) to work on /home/airflow/.local/lib/python3.7/site-packages/airflow/example_dags/example_kubernetes_executor.py
[2023-03-12T13:16:44.715+0000] {processor.py:743} INFO - Processing file /home/airflow/.local/lib/python3.7/site-packages/airflow/example_dags/example_kubernetes_executor.py for tasks to queue
[2023-03-12T13:16:44.716+0000] {logging_mixin.py:137} INFO - [2023-03-12T13:16:44.716+0000] {dagbag.py:538} INFO - Filling up the DagBag from /home/airflow/.local/lib/python3.7/site-packages/airflow/example_dags/example_kubernetes_executor.py
[2023-03-12T13:16:44.746+0000] {processor.py:753} INFO - DAG(s) dict_keys(['example_kubernetes_executor']) retrieved from /home/airflow/.local/lib/python3.7/site-packages/airflow/example_dags/example_kubernetes_executor.py
[2023-03-12T13:16:44.782+0000] {logging_mixin.py:137} INFO - [2023-03-12T13:16:44.782+0000] {dag.py:2690} INFO - Sync 1 DAGs
[2023-03-12T13:16:44.817+0000] {logging_mixin.py:137} INFO - [2023-03-12T13:16:44.817+0000] {dag.py:3441} INFO - Setting next_dagrun for example_kubernetes_executor to None, run_after=None
[2023-03-12T13:16:44.840+0000] {processor.py:175} INFO - Processing /home/airflow/.local/lib/python3.7/site-packages/airflow/example_dags/example_kubernetes_executor.py took 0.129 seconds
[2023-03-12T13:17:16.030+0000] {processor.py:153} INFO - Started process (PID=289) to work on /home/airflow/.local/lib/python3.7/site-packages/airflow/example_dags/example_kubernetes_executor.py
[2023-03-12T13:17:16.031+0000] {processor.py:743} INFO - Processing file /home/airflow/.local/lib/python3.7/site-packages/airflow/example_dags/example_kubernetes_executor.py for tasks to queue
[2023-03-12T13:17:16.032+0000] {logging_mixin.py:137} INFO - [2023-03-12T13:17:16.032+0000] {dagbag.py:538} INFO - Filling up the DagBag from /home/airflow/.local/lib/python3.7/site-packages/airflow/example_dags/example_kubernetes_executor.py
[2023-03-12T13:17:16.066+0000] {processor.py:753} INFO - DAG(s) dict_keys(['example_kubernetes_executor']) retrieved from /home/airflow/.local/lib/python3.7/site-packages/airflow/example_dags/example_kubernetes_executor.py
[2023-03-12T13:17:16.096+0000] {logging_mixin.py:137} INFO - [2023-03-12T13:17:16.096+0000] {dag.py:2690} INFO - Sync 1 DAGs
[2023-03-12T13:17:16.121+0000] {logging_mixin.py:137} INFO - [2023-03-12T13:17:16.121+0000] {dag.py:3441} INFO - Setting next_dagrun for example_kubernetes_executor to None, run_after=None
[2023-03-12T13:17:16.140+0000] {processor.py:175} INFO - Processing /home/airflow/.local/lib/python3.7/site-packages/airflow/example_dags/example_kubernetes_executor.py took 0.112 seconds
[2023-03-12T13:17:46.548+0000] {processor.py:153} INFO - Started process (PID=404) to work on /home/airflow/.local/lib/python3.7/site-packages/airflow/example_dags/example_kubernetes_executor.py
[2023-03-12T13:17:46.553+0000] {processor.py:743} INFO - Processing file /home/airflow/.local/lib/python3.7/site-packages/airflow/example_dags/example_kubernetes_executor.py for tasks to queue
[2023-03-12T13:17:46.554+0000] {logging_mixin.py:137} INFO - [2023-03-12T13:17:46.553+0000] {dagbag.py:538} INFO - Filling up the DagBag from /home/airflow/.local/lib/python3.7/site-packages/airflow/example_dags/example_kubernetes_executor.py
[2023-03-12T13:17:46.582+0000] {processor.py:753} INFO - DAG(s) dict_keys(['example_kubernetes_executor']) retrieved from /home/airflow/.local/lib/python3.7/site-packages/airflow/example_dags/example_kubernetes_executor.py
[2023-03-12T13:17:46.612+0000] {logging_mixin.py:137} INFO - [2023-03-12T13:17:46.611+0000] {dag.py:2690} INFO - Sync 1 DAGs
[2023-03-12T13:17:46.638+0000] {logging_mixin.py:137} INFO - [2023-03-12T13:17:46.637+0000] {dag.py:3441} INFO - Setting next_dagrun for example_kubernetes_executor to None, run_after=None
[2023-03-12T13:17:46.657+0000] {processor.py:175} INFO - Processing /home/airflow/.local/lib/python3.7/site-packages/airflow/example_dags/example_kubernetes_executor.py took 0.112 seconds
[2023-03-12T13:18:16.859+0000] {processor.py:153} INFO - Started process (PID=502) to work on /home/airflow/.local/lib/python3.7/site-packages/airflow/example_dags/example_kubernetes_executor.py
[2023-03-12T13:18:16.860+0000] {processor.py:743} INFO - Processing file /home/airflow/.local/lib/python3.7/site-packages/airflow/example_dags/example_kubernetes_executor.py for tasks to queue
[2023-03-12T13:18:16.860+0000] {logging_mixin.py:137} INFO - [2023-03-12T13:18:16.860+0000] {dagbag.py:538} INFO - Filling up the DagBag from /home/airflow/.local/lib/python3.7/site-packages/airflow/example_dags/example_kubernetes_executor.py
[2023-03-12T13:18:16.889+0000] {processor.py:753} INFO - DAG(s) dict_keys(['example_kubernetes_executor']) retrieved from /home/airflow/.local/lib/python3.7/site-packages/airflow/example_dags/example_kubernetes_executor.py
[2023-03-12T13:18:16.925+0000] {logging_mixin.py:137} INFO - [2023-03-12T13:18:16.925+0000] {dag.py:2690} INFO - Sync 1 DAGs
[2023-03-12T13:18:16.952+0000] {logging_mixin.py:137} INFO - [2023-03-12T13:18:16.952+0000] {dag.py:3441} INFO - Setting next_dagrun for example_kubernetes_executor to None, run_after=None
[2023-03-12T13:18:16.972+0000] {processor.py:175} INFO - Processing /home/airflow/.local/lib/python3.7/site-packages/airflow/example_dags/example_kubernetes_executor.py took 0.117 seconds
[2023-03-12T13:18:47.665+0000] {processor.py:153} INFO - Started process (PID=601) to work on /home/airflow/.local/lib/python3.7/site-packages/airflow/example_dags/example_kubernetes_executor.py
[2023-03-12T13:18:47.665+0000] {processor.py:743} INFO - Processing file /home/airflow/.local/lib/python3.7/site-packages/airflow/example_dags/example_kubernetes_executor.py for tasks to queue
[2023-03-12T13:18:47.666+0000] {logging_mixin.py:137} INFO - [2023-03-12T13:18:47.666+0000] {dagbag.py:538} INFO - Filling up the DagBag from /home/airflow/.local/lib/python3.7/site-packages/airflow/example_dags/example_kubernetes_executor.py
[2023-03-12T13:18:47.694+0000] {processor.py:753} INFO - DAG(s) dict_keys(['example_kubernetes_executor']) retrieved from /home/airflow/.local/lib/python3.7/site-packages/airflow/example_dags/example_kubernetes_executor.py
[2023-03-12T13:18:47.724+0000] {logging_mixin.py:137} INFO - [2023-03-12T13:18:47.723+0000] {dag.py:2690} INFO - Sync 1 DAGs
[2023-03-12T13:18:47.750+0000] {logging_mixin.py:137} INFO - [2023-03-12T13:18:47.750+0000] {dag.py:3441} INFO - Setting next_dagrun for example_kubernetes_executor to None, run_after=None
[2023-03-12T13:18:47.775+0000] {processor.py:175} INFO - Processing /home/airflow/.local/lib/python3.7/site-packages/airflow/example_dags/example_kubernetes_executor.py took 0.113 seconds
[2023-03-12T13:19:18.048+0000] {processor.py:153} INFO - Started process (PID=711) to work on /home/airflow/.local/lib/python3.7/site-packages/airflow/example_dags/example_kubernetes_executor.py
[2023-03-12T13:19:18.049+0000] {processor.py:743} INFO - Processing file /home/airflow/.local/lib/python3.7/site-packages/airflow/example_dags/example_kubernetes_executor.py for tasks to queue
[2023-03-12T13:19:18.050+0000] {logging_mixin.py:137} INFO - [2023-03-12T13:19:18.050+0000] {dagbag.py:538} INFO - Filling up the DagBag from /home/airflow/.local/lib/python3.7/site-packages/airflow/example_dags/example_kubernetes_executor.py
[2023-03-12T13:19:18.078+0000] {processor.py:753} INFO - DAG(s) dict_keys(['example_kubernetes_executor']) retrieved from /home/airflow/.local/lib/python3.7/site-packages/airflow/example_dags/example_kubernetes_executor.py
[2023-03-12T13:19:18.105+0000] {logging_mixin.py:137} INFO - [2023-03-12T13:19:18.105+0000] {dag.py:2690} INFO - Sync 1 DAGs
[2023-03-12T13:19:18.130+0000] {logging_mixin.py:137} INFO - [2023-03-12T13:19:18.130+0000] {dag.py:3441} INFO - Setting next_dagrun for example_kubernetes_executor to None, run_after=None
[2023-03-12T13:19:18.148+0000] {processor.py:175} INFO - Processing /home/airflow/.local/lib/python3.7/site-packages/airflow/example_dags/example_kubernetes_executor.py took 0.103 seconds
