[2023-03-12T12:43:39.019+0000] {processor.py:153} INFO - Started process (PID=112) to work on /home/airflow/.local/lib/python3.7/site-packages/airflow/example_dags/example_sla_dag.py
[2023-03-12T12:43:39.020+0000] {processor.py:743} INFO - Processing file /home/airflow/.local/lib/python3.7/site-packages/airflow/example_dags/example_sla_dag.py for tasks to queue
[2023-03-12T12:43:39.020+0000] {logging_mixin.py:137} INFO - [2023-03-12T12:43:39.020+0000] {dagbag.py:538} INFO - Filling up the DagBag from /home/airflow/.local/lib/python3.7/site-packages/airflow/example_dags/example_sla_dag.py
[2023-03-12T12:43:39.047+0000] {processor.py:753} INFO - DAG(s) dict_keys(['example_sla_dag']) retrieved from /home/airflow/.local/lib/python3.7/site-packages/airflow/example_dags/example_sla_dag.py
[2023-03-12T12:43:39.093+0000] {logging_mixin.py:137} INFO - [2023-03-12T12:43:39.093+0000] {dag.py:2690} INFO - Sync 1 DAGs
[2023-03-12T12:43:39.128+0000] {logging_mixin.py:137} INFO - [2023-03-12T12:43:39.128+0000] {dag.py:3441} INFO - Setting next_dagrun for example_sla_dag to 2023-03-12T12:40:00+00:00, run_after=2023-03-12T12:42:00+00:00
[2023-03-12T12:43:39.153+0000] {processor.py:175} INFO - Processing /home/airflow/.local/lib/python3.7/site-packages/airflow/example_dags/example_sla_dag.py took 0.137 seconds
[2023-03-12T12:44:09.902+0000] {processor.py:153} INFO - Started process (PID=200) to work on /home/airflow/.local/lib/python3.7/site-packages/airflow/example_dags/example_sla_dag.py
[2023-03-12T12:44:09.904+0000] {processor.py:743} INFO - Processing file /home/airflow/.local/lib/python3.7/site-packages/airflow/example_dags/example_sla_dag.py for tasks to queue
[2023-03-12T12:44:09.904+0000] {logging_mixin.py:137} INFO - [2023-03-12T12:44:09.904+0000] {dagbag.py:538} INFO - Filling up the DagBag from /home/airflow/.local/lib/python3.7/site-packages/airflow/example_dags/example_sla_dag.py
[2023-03-12T12:44:09.929+0000] {processor.py:753} INFO - DAG(s) dict_keys(['example_sla_dag']) retrieved from /home/airflow/.local/lib/python3.7/site-packages/airflow/example_dags/example_sla_dag.py
[2023-03-12T12:44:09.956+0000] {logging_mixin.py:137} INFO - [2023-03-12T12:44:09.956+0000] {dag.py:2690} INFO - Sync 1 DAGs
[2023-03-12T12:44:09.988+0000] {logging_mixin.py:137} INFO - [2023-03-12T12:44:09.987+0000] {dag.py:3441} INFO - Setting next_dagrun for example_sla_dag to 2023-03-12T12:42:00+00:00, run_after=2023-03-12T12:44:00+00:00
[2023-03-12T12:44:10.010+0000] {processor.py:175} INFO - Processing /home/airflow/.local/lib/python3.7/site-packages/airflow/example_dags/example_sla_dag.py took 0.111 seconds
[2023-03-12T12:44:40.761+0000] {processor.py:153} INFO - Started process (PID=297) to work on /home/airflow/.local/lib/python3.7/site-packages/airflow/example_dags/example_sla_dag.py
[2023-03-12T12:44:40.762+0000] {processor.py:743} INFO - Processing file /home/airflow/.local/lib/python3.7/site-packages/airflow/example_dags/example_sla_dag.py for tasks to queue
[2023-03-12T12:44:40.762+0000] {logging_mixin.py:137} INFO - [2023-03-12T12:44:40.762+0000] {dagbag.py:538} INFO - Filling up the DagBag from /home/airflow/.local/lib/python3.7/site-packages/airflow/example_dags/example_sla_dag.py
[2023-03-12T12:44:40.787+0000] {processor.py:753} INFO - DAG(s) dict_keys(['example_sla_dag']) retrieved from /home/airflow/.local/lib/python3.7/site-packages/airflow/example_dags/example_sla_dag.py
[2023-03-12T12:44:40.812+0000] {logging_mixin.py:137} INFO - [2023-03-12T12:44:40.812+0000] {dag.py:2690} INFO - Sync 1 DAGs
[2023-03-12T12:44:40.842+0000] {logging_mixin.py:137} INFO - [2023-03-12T12:44:40.841+0000] {dag.py:3441} INFO - Setting next_dagrun for example_sla_dag to 2023-03-12T12:42:00+00:00, run_after=2023-03-12T12:44:00+00:00
[2023-03-12T12:44:40.863+0000] {processor.py:175} INFO - Processing /home/airflow/.local/lib/python3.7/site-packages/airflow/example_dags/example_sla_dag.py took 0.105 seconds
[2023-03-12T12:45:11.486+0000] {processor.py:153} INFO - Started process (PID=400) to work on /home/airflow/.local/lib/python3.7/site-packages/airflow/example_dags/example_sla_dag.py
[2023-03-12T12:45:11.487+0000] {processor.py:743} INFO - Processing file /home/airflow/.local/lib/python3.7/site-packages/airflow/example_dags/example_sla_dag.py for tasks to queue
[2023-03-12T12:45:11.487+0000] {logging_mixin.py:137} INFO - [2023-03-12T12:45:11.487+0000] {dagbag.py:538} INFO - Filling up the DagBag from /home/airflow/.local/lib/python3.7/site-packages/airflow/example_dags/example_sla_dag.py
[2023-03-12T12:45:11.510+0000] {processor.py:753} INFO - DAG(s) dict_keys(['example_sla_dag']) retrieved from /home/airflow/.local/lib/python3.7/site-packages/airflow/example_dags/example_sla_dag.py
[2023-03-12T12:45:11.532+0000] {logging_mixin.py:137} INFO - [2023-03-12T12:45:11.532+0000] {dag.py:2690} INFO - Sync 1 DAGs
[2023-03-12T12:45:11.561+0000] {logging_mixin.py:137} INFO - [2023-03-12T12:45:11.561+0000] {dag.py:3441} INFO - Setting next_dagrun for example_sla_dag to 2023-03-12T12:42:00+00:00, run_after=2023-03-12T12:44:00+00:00
[2023-03-12T12:45:11.581+0000] {processor.py:175} INFO - Processing /home/airflow/.local/lib/python3.7/site-packages/airflow/example_dags/example_sla_dag.py took 0.097 seconds
[2023-03-12T12:45:42.324+0000] {processor.py:153} INFO - Started process (PID=488) to work on /home/airflow/.local/lib/python3.7/site-packages/airflow/example_dags/example_sla_dag.py
[2023-03-12T12:45:42.325+0000] {processor.py:743} INFO - Processing file /home/airflow/.local/lib/python3.7/site-packages/airflow/example_dags/example_sla_dag.py for tasks to queue
[2023-03-12T12:45:42.325+0000] {logging_mixin.py:137} INFO - [2023-03-12T12:45:42.325+0000] {dagbag.py:538} INFO - Filling up the DagBag from /home/airflow/.local/lib/python3.7/site-packages/airflow/example_dags/example_sla_dag.py
[2023-03-12T12:45:42.349+0000] {processor.py:753} INFO - DAG(s) dict_keys(['example_sla_dag']) retrieved from /home/airflow/.local/lib/python3.7/site-packages/airflow/example_dags/example_sla_dag.py
[2023-03-12T12:45:42.376+0000] {logging_mixin.py:137} INFO - [2023-03-12T12:45:42.376+0000] {dag.py:2690} INFO - Sync 1 DAGs
[2023-03-12T12:45:42.404+0000] {logging_mixin.py:137} INFO - [2023-03-12T12:45:42.404+0000] {dag.py:3441} INFO - Setting next_dagrun for example_sla_dag to 2023-03-12T12:42:00+00:00, run_after=2023-03-12T12:44:00+00:00
[2023-03-12T12:45:42.421+0000] {processor.py:175} INFO - Processing /home/airflow/.local/lib/python3.7/site-packages/airflow/example_dags/example_sla_dag.py took 0.100 seconds
[2023-03-12T12:46:13.150+0000] {processor.py:153} INFO - Started process (PID=600) to work on /home/airflow/.local/lib/python3.7/site-packages/airflow/example_dags/example_sla_dag.py
[2023-03-12T12:46:13.151+0000] {processor.py:743} INFO - Processing file /home/airflow/.local/lib/python3.7/site-packages/airflow/example_dags/example_sla_dag.py for tasks to queue
[2023-03-12T12:46:13.152+0000] {logging_mixin.py:137} INFO - [2023-03-12T12:46:13.151+0000] {dagbag.py:538} INFO - Filling up the DagBag from /home/airflow/.local/lib/python3.7/site-packages/airflow/example_dags/example_sla_dag.py
[2023-03-12T12:46:13.176+0000] {processor.py:753} INFO - DAG(s) dict_keys(['example_sla_dag']) retrieved from /home/airflow/.local/lib/python3.7/site-packages/airflow/example_dags/example_sla_dag.py
[2023-03-12T12:46:13.203+0000] {logging_mixin.py:137} INFO - [2023-03-12T12:46:13.202+0000] {dag.py:2690} INFO - Sync 1 DAGs
[2023-03-12T12:46:13.234+0000] {logging_mixin.py:137} INFO - [2023-03-12T12:46:13.234+0000] {dag.py:3441} INFO - Setting next_dagrun for example_sla_dag to 2023-03-12T12:44:00+00:00, run_after=2023-03-12T12:46:00+00:00
[2023-03-12T12:46:13.258+0000] {processor.py:175} INFO - Processing /home/airflow/.local/lib/python3.7/site-packages/airflow/example_dags/example_sla_dag.py took 0.112 seconds
[2023-03-12T12:54:41.802+0000] {processor.py:153} INFO - Started process (PID=114) to work on /home/airflow/.local/lib/python3.7/site-packages/airflow/example_dags/example_sla_dag.py
[2023-03-12T12:54:41.803+0000] {processor.py:743} INFO - Processing file /home/airflow/.local/lib/python3.7/site-packages/airflow/example_dags/example_sla_dag.py for tasks to queue
[2023-03-12T12:54:41.803+0000] {logging_mixin.py:137} INFO - [2023-03-12T12:54:41.803+0000] {dagbag.py:538} INFO - Filling up the DagBag from /home/airflow/.local/lib/python3.7/site-packages/airflow/example_dags/example_sla_dag.py
[2023-03-12T12:54:41.827+0000] {processor.py:753} INFO - DAG(s) dict_keys(['example_sla_dag']) retrieved from /home/airflow/.local/lib/python3.7/site-packages/airflow/example_dags/example_sla_dag.py
[2023-03-12T12:54:41.840+0000] {logging_mixin.py:137} INFO - [2023-03-12T12:54:41.840+0000] {dag.py:2690} INFO - Sync 1 DAGs
[2023-03-12T12:54:41.874+0000] {logging_mixin.py:137} INFO - [2023-03-12T12:54:41.874+0000] {dag.py:3441} INFO - Setting next_dagrun for example_sla_dag to 2023-03-12T12:52:00+00:00, run_after=2023-03-12T12:54:00+00:00
[2023-03-12T12:54:41.893+0000] {processor.py:175} INFO - Processing /home/airflow/.local/lib/python3.7/site-packages/airflow/example_dags/example_sla_dag.py took 0.094 seconds
[2023-03-12T12:55:12.524+0000] {processor.py:153} INFO - Started process (PID=204) to work on /home/airflow/.local/lib/python3.7/site-packages/airflow/example_dags/example_sla_dag.py
[2023-03-12T12:55:12.525+0000] {processor.py:743} INFO - Processing file /home/airflow/.local/lib/python3.7/site-packages/airflow/example_dags/example_sla_dag.py for tasks to queue
[2023-03-12T12:55:12.526+0000] {logging_mixin.py:137} INFO - [2023-03-12T12:55:12.526+0000] {dagbag.py:538} INFO - Filling up the DagBag from /home/airflow/.local/lib/python3.7/site-packages/airflow/example_dags/example_sla_dag.py
[2023-03-12T12:55:12.549+0000] {processor.py:753} INFO - DAG(s) dict_keys(['example_sla_dag']) retrieved from /home/airflow/.local/lib/python3.7/site-packages/airflow/example_dags/example_sla_dag.py
[2023-03-12T12:55:12.576+0000] {logging_mixin.py:137} INFO - [2023-03-12T12:55:12.576+0000] {dag.py:2690} INFO - Sync 1 DAGs
[2023-03-12T12:55:12.607+0000] {logging_mixin.py:137} INFO - [2023-03-12T12:55:12.607+0000] {dag.py:3441} INFO - Setting next_dagrun for example_sla_dag to 2023-03-12T12:52:00+00:00, run_after=2023-03-12T12:54:00+00:00
[2023-03-12T12:55:12.625+0000] {processor.py:175} INFO - Processing /home/airflow/.local/lib/python3.7/site-packages/airflow/example_dags/example_sla_dag.py took 0.104 seconds
[2023-03-12T12:55:43.220+0000] {processor.py:153} INFO - Started process (PID=303) to work on /home/airflow/.local/lib/python3.7/site-packages/airflow/example_dags/example_sla_dag.py
[2023-03-12T12:55:43.221+0000] {processor.py:743} INFO - Processing file /home/airflow/.local/lib/python3.7/site-packages/airflow/example_dags/example_sla_dag.py for tasks to queue
[2023-03-12T12:55:43.221+0000] {logging_mixin.py:137} INFO - [2023-03-12T12:55:43.221+0000] {dagbag.py:538} INFO - Filling up the DagBag from /home/airflow/.local/lib/python3.7/site-packages/airflow/example_dags/example_sla_dag.py
[2023-03-12T12:55:43.245+0000] {processor.py:753} INFO - DAG(s) dict_keys(['example_sla_dag']) retrieved from /home/airflow/.local/lib/python3.7/site-packages/airflow/example_dags/example_sla_dag.py
[2023-03-12T12:55:43.276+0000] {logging_mixin.py:137} INFO - [2023-03-12T12:55:43.276+0000] {dag.py:2690} INFO - Sync 1 DAGs
[2023-03-12T12:55:43.305+0000] {logging_mixin.py:137} INFO - [2023-03-12T12:55:43.305+0000] {dag.py:3441} INFO - Setting next_dagrun for example_sla_dag to 2023-03-12T12:52:00+00:00, run_after=2023-03-12T12:54:00+00:00
[2023-03-12T12:55:43.326+0000] {processor.py:175} INFO - Processing /home/airflow/.local/lib/python3.7/site-packages/airflow/example_dags/example_sla_dag.py took 0.109 seconds
[2023-03-12T12:56:13.610+0000] {processor.py:153} INFO - Started process (PID=408) to work on /home/airflow/.local/lib/python3.7/site-packages/airflow/example_dags/example_sla_dag.py
[2023-03-12T12:56:13.610+0000] {processor.py:743} INFO - Processing file /home/airflow/.local/lib/python3.7/site-packages/airflow/example_dags/example_sla_dag.py for tasks to queue
[2023-03-12T12:56:13.611+0000] {logging_mixin.py:137} INFO - [2023-03-12T12:56:13.611+0000] {dagbag.py:538} INFO - Filling up the DagBag from /home/airflow/.local/lib/python3.7/site-packages/airflow/example_dags/example_sla_dag.py
[2023-03-12T12:56:13.633+0000] {processor.py:753} INFO - DAG(s) dict_keys(['example_sla_dag']) retrieved from /home/airflow/.local/lib/python3.7/site-packages/airflow/example_dags/example_sla_dag.py
[2023-03-12T12:56:13.656+0000] {logging_mixin.py:137} INFO - [2023-03-12T12:56:13.656+0000] {dag.py:2690} INFO - Sync 1 DAGs
[2023-03-12T12:56:13.685+0000] {logging_mixin.py:137} INFO - [2023-03-12T12:56:13.685+0000] {dag.py:3441} INFO - Setting next_dagrun for example_sla_dag to 2023-03-12T12:54:00+00:00, run_after=2023-03-12T12:56:00+00:00
[2023-03-12T12:56:13.703+0000] {processor.py:175} INFO - Processing /home/airflow/.local/lib/python3.7/site-packages/airflow/example_dags/example_sla_dag.py took 0.096 seconds
[2023-03-12T12:56:44.477+0000] {processor.py:153} INFO - Started process (PID=498) to work on /home/airflow/.local/lib/python3.7/site-packages/airflow/example_dags/example_sla_dag.py
[2023-03-12T12:56:44.478+0000] {processor.py:743} INFO - Processing file /home/airflow/.local/lib/python3.7/site-packages/airflow/example_dags/example_sla_dag.py for tasks to queue
[2023-03-12T12:56:44.478+0000] {logging_mixin.py:137} INFO - [2023-03-12T12:56:44.478+0000] {dagbag.py:538} INFO - Filling up the DagBag from /home/airflow/.local/lib/python3.7/site-packages/airflow/example_dags/example_sla_dag.py
[2023-03-12T12:56:44.500+0000] {processor.py:753} INFO - DAG(s) dict_keys(['example_sla_dag']) retrieved from /home/airflow/.local/lib/python3.7/site-packages/airflow/example_dags/example_sla_dag.py
[2023-03-12T12:56:44.526+0000] {logging_mixin.py:137} INFO - [2023-03-12T12:56:44.525+0000] {dag.py:2690} INFO - Sync 1 DAGs
[2023-03-12T12:56:44.557+0000] {logging_mixin.py:137} INFO - [2023-03-12T12:56:44.557+0000] {dag.py:3441} INFO - Setting next_dagrun for example_sla_dag to 2023-03-12T12:54:00+00:00, run_after=2023-03-12T12:56:00+00:00
[2023-03-12T12:56:44.575+0000] {processor.py:175} INFO - Processing /home/airflow/.local/lib/python3.7/site-packages/airflow/example_dags/example_sla_dag.py took 0.101 seconds
[2023-03-12T12:57:15.421+0000] {processor.py:153} INFO - Started process (PID=612) to work on /home/airflow/.local/lib/python3.7/site-packages/airflow/example_dags/example_sla_dag.py
[2023-03-12T12:57:15.422+0000] {processor.py:743} INFO - Processing file /home/airflow/.local/lib/python3.7/site-packages/airflow/example_dags/example_sla_dag.py for tasks to queue
[2023-03-12T12:57:15.422+0000] {logging_mixin.py:137} INFO - [2023-03-12T12:57:15.422+0000] {dagbag.py:538} INFO - Filling up the DagBag from /home/airflow/.local/lib/python3.7/site-packages/airflow/example_dags/example_sla_dag.py
[2023-03-12T12:57:15.445+0000] {processor.py:753} INFO - DAG(s) dict_keys(['example_sla_dag']) retrieved from /home/airflow/.local/lib/python3.7/site-packages/airflow/example_dags/example_sla_dag.py
[2023-03-12T12:57:15.472+0000] {logging_mixin.py:137} INFO - [2023-03-12T12:57:15.472+0000] {dag.py:2690} INFO - Sync 1 DAGs
[2023-03-12T12:57:15.500+0000] {logging_mixin.py:137} INFO - [2023-03-12T12:57:15.500+0000] {dag.py:3441} INFO - Setting next_dagrun for example_sla_dag to 2023-03-12T12:54:00+00:00, run_after=2023-03-12T12:56:00+00:00
[2023-03-12T12:57:15.517+0000] {processor.py:175} INFO - Processing /home/airflow/.local/lib/python3.7/site-packages/airflow/example_dags/example_sla_dag.py took 0.099 seconds
[2023-03-12T12:57:46.204+0000] {processor.py:153} INFO - Started process (PID=702) to work on /home/airflow/.local/lib/python3.7/site-packages/airflow/example_dags/example_sla_dag.py
[2023-03-12T12:57:46.205+0000] {processor.py:743} INFO - Processing file /home/airflow/.local/lib/python3.7/site-packages/airflow/example_dags/example_sla_dag.py for tasks to queue
[2023-03-12T12:57:46.206+0000] {logging_mixin.py:137} INFO - [2023-03-12T12:57:46.206+0000] {dagbag.py:538} INFO - Filling up the DagBag from /home/airflow/.local/lib/python3.7/site-packages/airflow/example_dags/example_sla_dag.py
[2023-03-12T12:57:46.230+0000] {processor.py:753} INFO - DAG(s) dict_keys(['example_sla_dag']) retrieved from /home/airflow/.local/lib/python3.7/site-packages/airflow/example_dags/example_sla_dag.py
[2023-03-12T12:57:46.259+0000] {logging_mixin.py:137} INFO - [2023-03-12T12:57:46.258+0000] {dag.py:2690} INFO - Sync 1 DAGs
[2023-03-12T12:57:46.288+0000] {logging_mixin.py:137} INFO - [2023-03-12T12:57:46.288+0000] {dag.py:3441} INFO - Setting next_dagrun for example_sla_dag to 2023-03-12T12:54:00+00:00, run_after=2023-03-12T12:56:00+00:00
[2023-03-12T12:57:46.307+0000] {processor.py:175} INFO - Processing /home/airflow/.local/lib/python3.7/site-packages/airflow/example_dags/example_sla_dag.py took 0.105 seconds
[2023-03-12T12:58:17.758+0000] {processor.py:153} INFO - Started process (PID=816) to work on /home/airflow/.local/lib/python3.7/site-packages/airflow/example_dags/example_sla_dag.py
[2023-03-12T12:58:17.759+0000] {processor.py:743} INFO - Processing file /home/airflow/.local/lib/python3.7/site-packages/airflow/example_dags/example_sla_dag.py for tasks to queue
[2023-03-12T12:58:17.760+0000] {logging_mixin.py:137} INFO - [2023-03-12T12:58:17.760+0000] {dagbag.py:538} INFO - Filling up the DagBag from /home/airflow/.local/lib/python3.7/site-packages/airflow/example_dags/example_sla_dag.py
[2023-03-12T12:58:17.784+0000] {processor.py:753} INFO - DAG(s) dict_keys(['example_sla_dag']) retrieved from /home/airflow/.local/lib/python3.7/site-packages/airflow/example_dags/example_sla_dag.py
[2023-03-12T12:58:17.811+0000] {logging_mixin.py:137} INFO - [2023-03-12T12:58:17.811+0000] {dag.py:2690} INFO - Sync 1 DAGs
[2023-03-12T12:58:17.839+0000] {logging_mixin.py:137} INFO - [2023-03-12T12:58:17.839+0000] {dag.py:3441} INFO - Setting next_dagrun for example_sla_dag to 2023-03-12T12:56:00+00:00, run_after=2023-03-12T12:58:00+00:00
[2023-03-12T12:58:17.864+0000] {processor.py:175} INFO - Processing /home/airflow/.local/lib/python3.7/site-packages/airflow/example_dags/example_sla_dag.py took 0.109 seconds
[2023-03-12T13:00:37.683+0000] {processor.py:153} INFO - Started process (PID=114) to work on /home/airflow/.local/lib/python3.7/site-packages/airflow/example_dags/example_sla_dag.py
[2023-03-12T13:00:37.684+0000] {processor.py:743} INFO - Processing file /home/airflow/.local/lib/python3.7/site-packages/airflow/example_dags/example_sla_dag.py for tasks to queue
[2023-03-12T13:00:37.684+0000] {logging_mixin.py:137} INFO - [2023-03-12T13:00:37.684+0000] {dagbag.py:538} INFO - Filling up the DagBag from /home/airflow/.local/lib/python3.7/site-packages/airflow/example_dags/example_sla_dag.py
[2023-03-12T13:00:37.719+0000] {processor.py:753} INFO - DAG(s) dict_keys(['example_sla_dag']) retrieved from /home/airflow/.local/lib/python3.7/site-packages/airflow/example_dags/example_sla_dag.py
[2023-03-12T13:00:37.734+0000] {logging_mixin.py:137} INFO - [2023-03-12T13:00:37.733+0000] {dag.py:2690} INFO - Sync 1 DAGs
[2023-03-12T13:00:37.774+0000] {logging_mixin.py:137} INFO - [2023-03-12T13:00:37.774+0000] {dag.py:3441} INFO - Setting next_dagrun for example_sla_dag to 2023-03-12T12:58:00+00:00, run_after=2023-03-12T13:00:00+00:00
[2023-03-12T13:00:37.796+0000] {processor.py:175} INFO - Processing /home/airflow/.local/lib/python3.7/site-packages/airflow/example_dags/example_sla_dag.py took 0.117 seconds
[2023-03-12T13:01:08.501+0000] {processor.py:153} INFO - Started process (PID=204) to work on /home/airflow/.local/lib/python3.7/site-packages/airflow/example_dags/example_sla_dag.py
[2023-03-12T13:01:08.502+0000] {processor.py:743} INFO - Processing file /home/airflow/.local/lib/python3.7/site-packages/airflow/example_dags/example_sla_dag.py for tasks to queue
[2023-03-12T13:01:08.503+0000] {logging_mixin.py:137} INFO - [2023-03-12T13:01:08.502+0000] {dagbag.py:538} INFO - Filling up the DagBag from /home/airflow/.local/lib/python3.7/site-packages/airflow/example_dags/example_sla_dag.py
[2023-03-12T13:01:08.526+0000] {processor.py:753} INFO - DAG(s) dict_keys(['example_sla_dag']) retrieved from /home/airflow/.local/lib/python3.7/site-packages/airflow/example_dags/example_sla_dag.py
[2023-03-12T13:01:08.555+0000] {logging_mixin.py:137} INFO - [2023-03-12T13:01:08.554+0000] {dag.py:2690} INFO - Sync 1 DAGs
[2023-03-12T13:01:08.586+0000] {logging_mixin.py:137} INFO - [2023-03-12T13:01:08.586+0000] {dag.py:3441} INFO - Setting next_dagrun for example_sla_dag to 2023-03-12T12:58:00+00:00, run_after=2023-03-12T13:00:00+00:00
[2023-03-12T13:01:08.606+0000] {processor.py:175} INFO - Processing /home/airflow/.local/lib/python3.7/site-packages/airflow/example_dags/example_sla_dag.py took 0.108 seconds
[2023-03-12T13:01:39.713+0000] {processor.py:153} INFO - Started process (PID=303) to work on /home/airflow/.local/lib/python3.7/site-packages/airflow/example_dags/example_sla_dag.py
[2023-03-12T13:01:39.714+0000] {processor.py:743} INFO - Processing file /home/airflow/.local/lib/python3.7/site-packages/airflow/example_dags/example_sla_dag.py for tasks to queue
[2023-03-12T13:01:39.715+0000] {logging_mixin.py:137} INFO - [2023-03-12T13:01:39.714+0000] {dagbag.py:538} INFO - Filling up the DagBag from /home/airflow/.local/lib/python3.7/site-packages/airflow/example_dags/example_sla_dag.py
[2023-03-12T13:01:39.741+0000] {processor.py:753} INFO - DAG(s) dict_keys(['example_sla_dag']) retrieved from /home/airflow/.local/lib/python3.7/site-packages/airflow/example_dags/example_sla_dag.py
[2023-03-12T13:01:39.777+0000] {logging_mixin.py:137} INFO - [2023-03-12T13:01:39.777+0000] {dag.py:2690} INFO - Sync 1 DAGs
[2023-03-12T13:01:39.823+0000] {logging_mixin.py:137} INFO - [2023-03-12T13:01:39.823+0000] {dag.py:3441} INFO - Setting next_dagrun for example_sla_dag to 2023-03-12T12:58:00+00:00, run_after=2023-03-12T13:00:00+00:00
[2023-03-12T13:01:39.864+0000] {processor.py:175} INFO - Processing /home/airflow/.local/lib/python3.7/site-packages/airflow/example_dags/example_sla_dag.py took 0.154 seconds
[2023-03-12T13:02:10.717+0000] {processor.py:153} INFO - Started process (PID=408) to work on /home/airflow/.local/lib/python3.7/site-packages/airflow/example_dags/example_sla_dag.py
[2023-03-12T13:02:10.718+0000] {processor.py:743} INFO - Processing file /home/airflow/.local/lib/python3.7/site-packages/airflow/example_dags/example_sla_dag.py for tasks to queue
[2023-03-12T13:02:10.718+0000] {logging_mixin.py:137} INFO - [2023-03-12T13:02:10.718+0000] {dagbag.py:538} INFO - Filling up the DagBag from /home/airflow/.local/lib/python3.7/site-packages/airflow/example_dags/example_sla_dag.py
[2023-03-12T13:02:10.742+0000] {processor.py:753} INFO - DAG(s) dict_keys(['example_sla_dag']) retrieved from /home/airflow/.local/lib/python3.7/site-packages/airflow/example_dags/example_sla_dag.py
[2023-03-12T13:02:10.769+0000] {logging_mixin.py:137} INFO - [2023-03-12T13:02:10.769+0000] {dag.py:2690} INFO - Sync 1 DAGs
[2023-03-12T13:02:10.798+0000] {logging_mixin.py:137} INFO - [2023-03-12T13:02:10.798+0000] {dag.py:3441} INFO - Setting next_dagrun for example_sla_dag to 2023-03-12T13:00:00+00:00, run_after=2023-03-12T13:02:00+00:00
[2023-03-12T13:02:10.816+0000] {processor.py:175} INFO - Processing /home/airflow/.local/lib/python3.7/site-packages/airflow/example_dags/example_sla_dag.py took 0.101 seconds
[2023-03-12T13:02:41.756+0000] {processor.py:153} INFO - Started process (PID=498) to work on /home/airflow/.local/lib/python3.7/site-packages/airflow/example_dags/example_sla_dag.py
[2023-03-12T13:02:41.757+0000] {processor.py:743} INFO - Processing file /home/airflow/.local/lib/python3.7/site-packages/airflow/example_dags/example_sla_dag.py for tasks to queue
[2023-03-12T13:02:41.758+0000] {logging_mixin.py:137} INFO - [2023-03-12T13:02:41.758+0000] {dagbag.py:538} INFO - Filling up the DagBag from /home/airflow/.local/lib/python3.7/site-packages/airflow/example_dags/example_sla_dag.py
[2023-03-12T13:02:41.779+0000] {processor.py:753} INFO - DAG(s) dict_keys(['example_sla_dag']) retrieved from /home/airflow/.local/lib/python3.7/site-packages/airflow/example_dags/example_sla_dag.py
[2023-03-12T13:02:41.802+0000] {logging_mixin.py:137} INFO - [2023-03-12T13:02:41.802+0000] {dag.py:2690} INFO - Sync 1 DAGs
[2023-03-12T13:02:41.836+0000] {logging_mixin.py:137} INFO - [2023-03-12T13:02:41.836+0000] {dag.py:3441} INFO - Setting next_dagrun for example_sla_dag to 2023-03-12T13:00:00+00:00, run_after=2023-03-12T13:02:00+00:00
[2023-03-12T13:02:41.856+0000] {processor.py:175} INFO - Processing /home/airflow/.local/lib/python3.7/site-packages/airflow/example_dags/example_sla_dag.py took 0.107 seconds
[2023-03-12T13:03:12.490+0000] {processor.py:153} INFO - Started process (PID=612) to work on /home/airflow/.local/lib/python3.7/site-packages/airflow/example_dags/example_sla_dag.py
[2023-03-12T13:03:12.491+0000] {processor.py:743} INFO - Processing file /home/airflow/.local/lib/python3.7/site-packages/airflow/example_dags/example_sla_dag.py for tasks to queue
[2023-03-12T13:03:12.492+0000] {logging_mixin.py:137} INFO - [2023-03-12T13:03:12.492+0000] {dagbag.py:538} INFO - Filling up the DagBag from /home/airflow/.local/lib/python3.7/site-packages/airflow/example_dags/example_sla_dag.py
[2023-03-12T13:03:12.513+0000] {processor.py:753} INFO - DAG(s) dict_keys(['example_sla_dag']) retrieved from /home/airflow/.local/lib/python3.7/site-packages/airflow/example_dags/example_sla_dag.py
[2023-03-12T13:03:12.536+0000] {logging_mixin.py:137} INFO - [2023-03-12T13:03:12.536+0000] {dag.py:2690} INFO - Sync 1 DAGs
[2023-03-12T13:03:12.571+0000] {logging_mixin.py:137} INFO - [2023-03-12T13:03:12.571+0000] {dag.py:3441} INFO - Setting next_dagrun for example_sla_dag to 2023-03-12T13:00:00+00:00, run_after=2023-03-12T13:02:00+00:00
[2023-03-12T13:03:12.593+0000] {processor.py:175} INFO - Processing /home/airflow/.local/lib/python3.7/site-packages/airflow/example_dags/example_sla_dag.py took 0.105 seconds
[2023-03-12T13:03:43.357+0000] {processor.py:153} INFO - Started process (PID=702) to work on /home/airflow/.local/lib/python3.7/site-packages/airflow/example_dags/example_sla_dag.py
[2023-03-12T13:03:43.358+0000] {processor.py:743} INFO - Processing file /home/airflow/.local/lib/python3.7/site-packages/airflow/example_dags/example_sla_dag.py for tasks to queue
[2023-03-12T13:03:43.359+0000] {logging_mixin.py:137} INFO - [2023-03-12T13:03:43.359+0000] {dagbag.py:538} INFO - Filling up the DagBag from /home/airflow/.local/lib/python3.7/site-packages/airflow/example_dags/example_sla_dag.py
[2023-03-12T13:03:43.383+0000] {processor.py:753} INFO - DAG(s) dict_keys(['example_sla_dag']) retrieved from /home/airflow/.local/lib/python3.7/site-packages/airflow/example_dags/example_sla_dag.py
[2023-03-12T13:03:43.411+0000] {logging_mixin.py:137} INFO - [2023-03-12T13:03:43.411+0000] {dag.py:2690} INFO - Sync 1 DAGs
[2023-03-12T13:03:43.456+0000] {logging_mixin.py:137} INFO - [2023-03-12T13:03:43.456+0000] {dag.py:3441} INFO - Setting next_dagrun for example_sla_dag to 2023-03-12T13:00:00+00:00, run_after=2023-03-12T13:02:00+00:00
[2023-03-12T13:03:43.476+0000] {processor.py:175} INFO - Processing /home/airflow/.local/lib/python3.7/site-packages/airflow/example_dags/example_sla_dag.py took 0.123 seconds
[2023-03-12T13:04:14.177+0000] {processor.py:153} INFO - Started process (PID=816) to work on /home/airflow/.local/lib/python3.7/site-packages/airflow/example_dags/example_sla_dag.py
[2023-03-12T13:04:14.178+0000] {processor.py:743} INFO - Processing file /home/airflow/.local/lib/python3.7/site-packages/airflow/example_dags/example_sla_dag.py for tasks to queue
[2023-03-12T13:04:14.178+0000] {logging_mixin.py:137} INFO - [2023-03-12T13:04:14.178+0000] {dagbag.py:538} INFO - Filling up the DagBag from /home/airflow/.local/lib/python3.7/site-packages/airflow/example_dags/example_sla_dag.py
[2023-03-12T13:04:14.201+0000] {processor.py:753} INFO - DAG(s) dict_keys(['example_sla_dag']) retrieved from /home/airflow/.local/lib/python3.7/site-packages/airflow/example_dags/example_sla_dag.py
[2023-03-12T13:04:14.227+0000] {logging_mixin.py:137} INFO - [2023-03-12T13:04:14.227+0000] {dag.py:2690} INFO - Sync 1 DAGs
[2023-03-12T13:04:14.268+0000] {logging_mixin.py:137} INFO - [2023-03-12T13:04:14.268+0000] {dag.py:3441} INFO - Setting next_dagrun for example_sla_dag to 2023-03-12T13:02:00+00:00, run_after=2023-03-12T13:04:00+00:00
[2023-03-12T13:04:14.294+0000] {processor.py:175} INFO - Processing /home/airflow/.local/lib/python3.7/site-packages/airflow/example_dags/example_sla_dag.py took 0.119 seconds
[2023-03-12T13:04:44.970+0000] {processor.py:153} INFO - Started process (PID=906) to work on /home/airflow/.local/lib/python3.7/site-packages/airflow/example_dags/example_sla_dag.py
[2023-03-12T13:04:44.971+0000] {processor.py:743} INFO - Processing file /home/airflow/.local/lib/python3.7/site-packages/airflow/example_dags/example_sla_dag.py for tasks to queue
[2023-03-12T13:04:44.972+0000] {logging_mixin.py:137} INFO - [2023-03-12T13:04:44.972+0000] {dagbag.py:538} INFO - Filling up the DagBag from /home/airflow/.local/lib/python3.7/site-packages/airflow/example_dags/example_sla_dag.py
[2023-03-12T13:04:44.997+0000] {processor.py:753} INFO - DAG(s) dict_keys(['example_sla_dag']) retrieved from /home/airflow/.local/lib/python3.7/site-packages/airflow/example_dags/example_sla_dag.py
[2023-03-12T13:04:45.025+0000] {logging_mixin.py:137} INFO - [2023-03-12T13:04:45.025+0000] {dag.py:2690} INFO - Sync 1 DAGs
[2023-03-12T13:04:45.064+0000] {logging_mixin.py:137} INFO - [2023-03-12T13:04:45.063+0000] {dag.py:3441} INFO - Setting next_dagrun for example_sla_dag to 2023-03-12T13:02:00+00:00, run_after=2023-03-12T13:04:00+00:00
[2023-03-12T13:04:45.086+0000] {processor.py:175} INFO - Processing /home/airflow/.local/lib/python3.7/site-packages/airflow/example_dags/example_sla_dag.py took 0.118 seconds
[2023-03-12T13:05:15.842+0000] {processor.py:153} INFO - Started process (PID=1006) to work on /home/airflow/.local/lib/python3.7/site-packages/airflow/example_dags/example_sla_dag.py
[2023-03-12T13:05:15.844+0000] {processor.py:743} INFO - Processing file /home/airflow/.local/lib/python3.7/site-packages/airflow/example_dags/example_sla_dag.py for tasks to queue
[2023-03-12T13:05:15.845+0000] {logging_mixin.py:137} INFO - [2023-03-12T13:05:15.845+0000] {dagbag.py:538} INFO - Filling up the DagBag from /home/airflow/.local/lib/python3.7/site-packages/airflow/example_dags/example_sla_dag.py
[2023-03-12T13:05:15.908+0000] {processor.py:753} INFO - DAG(s) dict_keys(['example_sla_dag']) retrieved from /home/airflow/.local/lib/python3.7/site-packages/airflow/example_dags/example_sla_dag.py
[2023-03-12T13:05:15.953+0000] {logging_mixin.py:137} INFO - [2023-03-12T13:05:15.952+0000] {dag.py:2690} INFO - Sync 1 DAGs
[2023-03-12T13:05:16.003+0000] {logging_mixin.py:137} INFO - [2023-03-12T13:05:16.003+0000] {dag.py:3441} INFO - Setting next_dagrun for example_sla_dag to 2023-03-12T13:02:00+00:00, run_after=2023-03-12T13:04:00+00:00
[2023-03-12T13:05:16.039+0000] {processor.py:175} INFO - Processing /home/airflow/.local/lib/python3.7/site-packages/airflow/example_dags/example_sla_dag.py took 0.204 seconds
[2023-03-12T13:05:46.388+0000] {processor.py:153} INFO - Started process (PID=1111) to work on /home/airflow/.local/lib/python3.7/site-packages/airflow/example_dags/example_sla_dag.py
[2023-03-12T13:05:46.389+0000] {processor.py:743} INFO - Processing file /home/airflow/.local/lib/python3.7/site-packages/airflow/example_dags/example_sla_dag.py for tasks to queue
[2023-03-12T13:05:46.390+0000] {logging_mixin.py:137} INFO - [2023-03-12T13:05:46.390+0000] {dagbag.py:538} INFO - Filling up the DagBag from /home/airflow/.local/lib/python3.7/site-packages/airflow/example_dags/example_sla_dag.py
[2023-03-12T13:05:46.413+0000] {processor.py:753} INFO - DAG(s) dict_keys(['example_sla_dag']) retrieved from /home/airflow/.local/lib/python3.7/site-packages/airflow/example_dags/example_sla_dag.py
[2023-03-12T13:05:46.438+0000] {logging_mixin.py:137} INFO - [2023-03-12T13:05:46.438+0000] {dag.py:2690} INFO - Sync 1 DAGs
[2023-03-12T13:05:46.468+0000] {logging_mixin.py:137} INFO - [2023-03-12T13:05:46.468+0000] {dag.py:3441} INFO - Setting next_dagrun for example_sla_dag to 2023-03-12T13:02:00+00:00, run_after=2023-03-12T13:04:00+00:00
[2023-03-12T13:05:46.487+0000] {processor.py:175} INFO - Processing /home/airflow/.local/lib/python3.7/site-packages/airflow/example_dags/example_sla_dag.py took 0.101 seconds
[2023-03-12T13:06:16.704+0000] {processor.py:153} INFO - Started process (PID=1201) to work on /home/airflow/.local/lib/python3.7/site-packages/airflow/example_dags/example_sla_dag.py
[2023-03-12T13:06:16.705+0000] {processor.py:743} INFO - Processing file /home/airflow/.local/lib/python3.7/site-packages/airflow/example_dags/example_sla_dag.py for tasks to queue
[2023-03-12T13:06:16.706+0000] {logging_mixin.py:137} INFO - [2023-03-12T13:06:16.706+0000] {dagbag.py:538} INFO - Filling up the DagBag from /home/airflow/.local/lib/python3.7/site-packages/airflow/example_dags/example_sla_dag.py
[2023-03-12T13:06:16.735+0000] {processor.py:753} INFO - DAG(s) dict_keys(['example_sla_dag']) retrieved from /home/airflow/.local/lib/python3.7/site-packages/airflow/example_dags/example_sla_dag.py
[2023-03-12T13:06:16.764+0000] {logging_mixin.py:137} INFO - [2023-03-12T13:06:16.764+0000] {dag.py:2690} INFO - Sync 1 DAGs
[2023-03-12T13:06:16.805+0000] {logging_mixin.py:137} INFO - [2023-03-12T13:06:16.805+0000] {dag.py:3441} INFO - Setting next_dagrun for example_sla_dag to 2023-03-12T13:04:00+00:00, run_after=2023-03-12T13:06:00+00:00
[2023-03-12T13:06:16.828+0000] {processor.py:175} INFO - Processing /home/airflow/.local/lib/python3.7/site-packages/airflow/example_dags/example_sla_dag.py took 0.127 seconds
[2023-03-12T13:06:47.336+0000] {processor.py:153} INFO - Started process (PID=1325) to work on /home/airflow/.local/lib/python3.7/site-packages/airflow/example_dags/example_sla_dag.py
[2023-03-12T13:06:47.336+0000] {processor.py:743} INFO - Processing file /home/airflow/.local/lib/python3.7/site-packages/airflow/example_dags/example_sla_dag.py for tasks to queue
[2023-03-12T13:06:47.337+0000] {logging_mixin.py:137} INFO - [2023-03-12T13:06:47.337+0000] {dagbag.py:538} INFO - Filling up the DagBag from /home/airflow/.local/lib/python3.7/site-packages/airflow/example_dags/example_sla_dag.py
[2023-03-12T13:06:47.366+0000] {processor.py:753} INFO - DAG(s) dict_keys(['example_sla_dag']) retrieved from /home/airflow/.local/lib/python3.7/site-packages/airflow/example_dags/example_sla_dag.py
[2023-03-12T13:06:47.396+0000] {logging_mixin.py:137} INFO - [2023-03-12T13:06:47.396+0000] {dag.py:2690} INFO - Sync 1 DAGs
[2023-03-12T13:06:47.436+0000] {logging_mixin.py:137} INFO - [2023-03-12T13:06:47.436+0000] {dag.py:3441} INFO - Setting next_dagrun for example_sla_dag to 2023-03-12T13:04:00+00:00, run_after=2023-03-12T13:06:00+00:00
[2023-03-12T13:06:47.455+0000] {processor.py:175} INFO - Processing /home/airflow/.local/lib/python3.7/site-packages/airflow/example_dags/example_sla_dag.py took 0.122 seconds
[2023-03-12T13:07:06.091+0000] {processor.py:153} INFO - Started process (PID=99) to work on /home/airflow/.local/lib/python3.7/site-packages/airflow/example_dags/example_sla_dag.py
[2023-03-12T13:07:06.092+0000] {processor.py:743} INFO - Processing file /home/airflow/.local/lib/python3.7/site-packages/airflow/example_dags/example_sla_dag.py for tasks to queue
[2023-03-12T13:07:06.093+0000] {logging_mixin.py:137} INFO - [2023-03-12T13:07:06.093+0000] {dagbag.py:538} INFO - Filling up the DagBag from /home/airflow/.local/lib/python3.7/site-packages/airflow/example_dags/example_sla_dag.py
[2023-03-12T13:07:06.172+0000] {processor.py:753} INFO - DAG(s) dict_keys(['example_sla_dag']) retrieved from /home/airflow/.local/lib/python3.7/site-packages/airflow/example_dags/example_sla_dag.py
[2023-03-12T13:07:06.184+0000] {logging_mixin.py:137} INFO - [2023-03-12T13:07:06.183+0000] {dag.py:2690} INFO - Sync 1 DAGs
[2023-03-12T13:07:06.270+0000] {logging_mixin.py:137} INFO - [2023-03-12T13:07:06.270+0000] {dag.py:3441} INFO - Setting next_dagrun for example_sla_dag to 2023-03-12T13:04:00+00:00, run_after=2023-03-12T13:06:00+00:00
[2023-03-12T13:07:06.349+0000] {processor.py:175} INFO - Processing /home/airflow/.local/lib/python3.7/site-packages/airflow/example_dags/example_sla_dag.py took 0.260 seconds
[2023-03-12T13:07:37.025+0000] {processor.py:153} INFO - Started process (PID=203) to work on /home/airflow/.local/lib/python3.7/site-packages/airflow/example_dags/example_sla_dag.py
[2023-03-12T13:07:37.026+0000] {processor.py:743} INFO - Processing file /home/airflow/.local/lib/python3.7/site-packages/airflow/example_dags/example_sla_dag.py for tasks to queue
[2023-03-12T13:07:37.027+0000] {logging_mixin.py:137} INFO - [2023-03-12T13:07:37.026+0000] {dagbag.py:538} INFO - Filling up the DagBag from /home/airflow/.local/lib/python3.7/site-packages/airflow/example_dags/example_sla_dag.py
[2023-03-12T13:07:37.055+0000] {processor.py:753} INFO - DAG(s) dict_keys(['example_sla_dag']) retrieved from /home/airflow/.local/lib/python3.7/site-packages/airflow/example_dags/example_sla_dag.py
[2023-03-12T13:07:37.084+0000] {logging_mixin.py:137} INFO - [2023-03-12T13:07:37.084+0000] {dag.py:2690} INFO - Sync 1 DAGs
[2023-03-12T13:07:37.118+0000] {logging_mixin.py:137} INFO - [2023-03-12T13:07:37.118+0000] {dag.py:3441} INFO - Setting next_dagrun for example_sla_dag to 2023-03-12T13:04:00+00:00, run_after=2023-03-12T13:06:00+00:00
[2023-03-12T13:07:37.138+0000] {processor.py:175} INFO - Processing /home/airflow/.local/lib/python3.7/site-packages/airflow/example_dags/example_sla_dag.py took 0.116 seconds
[2023-03-12T13:08:07.818+0000] {processor.py:153} INFO - Started process (PID=293) to work on /home/airflow/.local/lib/python3.7/site-packages/airflow/example_dags/example_sla_dag.py
[2023-03-12T13:08:07.819+0000] {processor.py:743} INFO - Processing file /home/airflow/.local/lib/python3.7/site-packages/airflow/example_dags/example_sla_dag.py for tasks to queue
[2023-03-12T13:08:07.820+0000] {logging_mixin.py:137} INFO - [2023-03-12T13:08:07.820+0000] {dagbag.py:538} INFO - Filling up the DagBag from /home/airflow/.local/lib/python3.7/site-packages/airflow/example_dags/example_sla_dag.py
[2023-03-12T13:08:07.841+0000] {processor.py:753} INFO - DAG(s) dict_keys(['example_sla_dag']) retrieved from /home/airflow/.local/lib/python3.7/site-packages/airflow/example_dags/example_sla_dag.py
[2023-03-12T13:08:07.865+0000] {logging_mixin.py:137} INFO - [2023-03-12T13:08:07.864+0000] {dag.py:2690} INFO - Sync 1 DAGs
[2023-03-12T13:08:07.891+0000] {logging_mixin.py:137} INFO - [2023-03-12T13:08:07.891+0000] {dag.py:3441} INFO - Setting next_dagrun for example_sla_dag to 2023-03-12T13:06:00+00:00, run_after=2023-03-12T13:08:00+00:00
[2023-03-12T13:08:07.907+0000] {processor.py:175} INFO - Processing /home/airflow/.local/lib/python3.7/site-packages/airflow/example_dags/example_sla_dag.py took 0.092 seconds
[2023-03-12T13:08:38.654+0000] {processor.py:153} INFO - Started process (PID=393) to work on /home/airflow/.local/lib/python3.7/site-packages/airflow/example_dags/example_sla_dag.py
[2023-03-12T13:08:38.655+0000] {processor.py:743} INFO - Processing file /home/airflow/.local/lib/python3.7/site-packages/airflow/example_dags/example_sla_dag.py for tasks to queue
[2023-03-12T13:08:38.656+0000] {logging_mixin.py:137} INFO - [2023-03-12T13:08:38.656+0000] {dagbag.py:538} INFO - Filling up the DagBag from /home/airflow/.local/lib/python3.7/site-packages/airflow/example_dags/example_sla_dag.py
[2023-03-12T13:08:38.687+0000] {processor.py:753} INFO - DAG(s) dict_keys(['example_sla_dag']) retrieved from /home/airflow/.local/lib/python3.7/site-packages/airflow/example_dags/example_sla_dag.py
[2023-03-12T13:08:38.758+0000] {logging_mixin.py:137} INFO - [2023-03-12T13:08:38.758+0000] {dag.py:2690} INFO - Sync 1 DAGs
[2023-03-12T13:08:38.795+0000] {logging_mixin.py:137} INFO - [2023-03-12T13:08:38.795+0000] {dag.py:3441} INFO - Setting next_dagrun for example_sla_dag to 2023-03-12T13:06:00+00:00, run_after=2023-03-12T13:08:00+00:00
[2023-03-12T13:08:38.811+0000] {processor.py:175} INFO - Processing /home/airflow/.local/lib/python3.7/site-packages/airflow/example_dags/example_sla_dag.py took 0.163 seconds
[2023-03-12T13:08:58.709+0000] {processor.py:153} INFO - Started process (PID=90) to work on /home/airflow/.local/lib/python3.7/site-packages/airflow/example_dags/example_sla_dag.py
[2023-03-12T13:08:58.710+0000] {processor.py:743} INFO - Processing file /home/airflow/.local/lib/python3.7/site-packages/airflow/example_dags/example_sla_dag.py for tasks to queue
[2023-03-12T13:08:58.710+0000] {logging_mixin.py:137} INFO - [2023-03-12T13:08:58.710+0000] {dagbag.py:538} INFO - Filling up the DagBag from /home/airflow/.local/lib/python3.7/site-packages/airflow/example_dags/example_sla_dag.py
[2023-03-12T13:08:58.733+0000] {processor.py:753} INFO - DAG(s) dict_keys(['example_sla_dag']) retrieved from /home/airflow/.local/lib/python3.7/site-packages/airflow/example_dags/example_sla_dag.py
[2023-03-12T13:08:58.765+0000] {logging_mixin.py:137} INFO - [2023-03-12T13:08:58.765+0000] {dag.py:2690} INFO - Sync 1 DAGs
[2023-03-12T13:08:58.801+0000] {logging_mixin.py:137} INFO - [2023-03-12T13:08:58.800+0000] {dag.py:3441} INFO - Setting next_dagrun for example_sla_dag to 2023-03-12T13:06:00+00:00, run_after=2023-03-12T13:08:00+00:00
[2023-03-12T13:08:58.820+0000] {processor.py:175} INFO - Processing /home/airflow/.local/lib/python3.7/site-packages/airflow/example_dags/example_sla_dag.py took 0.113 seconds
[2023-03-12T13:09:29.569+0000] {processor.py:153} INFO - Started process (PID=204) to work on /home/airflow/.local/lib/python3.7/site-packages/airflow/example_dags/example_sla_dag.py
[2023-03-12T13:09:29.569+0000] {processor.py:743} INFO - Processing file /home/airflow/.local/lib/python3.7/site-packages/airflow/example_dags/example_sla_dag.py for tasks to queue
[2023-03-12T13:09:29.570+0000] {logging_mixin.py:137} INFO - [2023-03-12T13:09:29.570+0000] {dagbag.py:538} INFO - Filling up the DagBag from /home/airflow/.local/lib/python3.7/site-packages/airflow/example_dags/example_sla_dag.py
[2023-03-12T13:09:29.592+0000] {processor.py:753} INFO - DAG(s) dict_keys(['example_sla_dag']) retrieved from /home/airflow/.local/lib/python3.7/site-packages/airflow/example_dags/example_sla_dag.py
[2023-03-12T13:09:29.615+0000] {logging_mixin.py:137} INFO - [2023-03-12T13:09:29.615+0000] {dag.py:2690} INFO - Sync 1 DAGs
[2023-03-12T13:09:29.647+0000] {logging_mixin.py:137} INFO - [2023-03-12T13:09:29.647+0000] {dag.py:3441} INFO - Setting next_dagrun for example_sla_dag to 2023-03-12T13:06:00+00:00, run_after=2023-03-12T13:08:00+00:00
[2023-03-12T13:09:29.667+0000] {processor.py:175} INFO - Processing /home/airflow/.local/lib/python3.7/site-packages/airflow/example_dags/example_sla_dag.py took 0.101 seconds
[2023-03-12T13:10:00.485+0000] {processor.py:153} INFO - Started process (PID=294) to work on /home/airflow/.local/lib/python3.7/site-packages/airflow/example_dags/example_sla_dag.py
[2023-03-12T13:10:00.486+0000] {processor.py:743} INFO - Processing file /home/airflow/.local/lib/python3.7/site-packages/airflow/example_dags/example_sla_dag.py for tasks to queue
[2023-03-12T13:10:00.487+0000] {logging_mixin.py:137} INFO - [2023-03-12T13:10:00.487+0000] {dagbag.py:538} INFO - Filling up the DagBag from /home/airflow/.local/lib/python3.7/site-packages/airflow/example_dags/example_sla_dag.py
[2023-03-12T13:10:00.508+0000] {processor.py:753} INFO - DAG(s) dict_keys(['example_sla_dag']) retrieved from /home/airflow/.local/lib/python3.7/site-packages/airflow/example_dags/example_sla_dag.py
[2023-03-12T13:10:00.531+0000] {logging_mixin.py:137} INFO - [2023-03-12T13:10:00.531+0000] {dag.py:2690} INFO - Sync 1 DAGs
[2023-03-12T13:10:00.562+0000] {logging_mixin.py:137} INFO - [2023-03-12T13:10:00.562+0000] {dag.py:3441} INFO - Setting next_dagrun for example_sla_dag to 2023-03-12T13:08:00+00:00, run_after=2023-03-12T13:10:00+00:00
[2023-03-12T13:10:00.581+0000] {processor.py:175} INFO - Processing /home/airflow/.local/lib/python3.7/site-packages/airflow/example_dags/example_sla_dag.py took 0.098 seconds
[2023-03-12T13:10:31.691+0000] {processor.py:153} INFO - Started process (PID=418) to work on /home/airflow/.local/lib/python3.7/site-packages/airflow/example_dags/example_sla_dag.py
[2023-03-12T13:10:31.693+0000] {processor.py:743} INFO - Processing file /home/airflow/.local/lib/python3.7/site-packages/airflow/example_dags/example_sla_dag.py for tasks to queue
[2023-03-12T13:10:31.693+0000] {logging_mixin.py:137} INFO - [2023-03-12T13:10:31.693+0000] {dagbag.py:538} INFO - Filling up the DagBag from /home/airflow/.local/lib/python3.7/site-packages/airflow/example_dags/example_sla_dag.py
[2023-03-12T13:10:31.717+0000] {processor.py:753} INFO - DAG(s) dict_keys(['example_sla_dag']) retrieved from /home/airflow/.local/lib/python3.7/site-packages/airflow/example_dags/example_sla_dag.py
[2023-03-12T13:10:31.742+0000] {logging_mixin.py:137} INFO - [2023-03-12T13:10:31.741+0000] {dag.py:2690} INFO - Sync 1 DAGs
[2023-03-12T13:10:31.779+0000] {logging_mixin.py:137} INFO - [2023-03-12T13:10:31.779+0000] {dag.py:3441} INFO - Setting next_dagrun for example_sla_dag to 2023-03-12T13:08:00+00:00, run_after=2023-03-12T13:10:00+00:00
[2023-03-12T13:10:31.799+0000] {processor.py:175} INFO - Processing /home/airflow/.local/lib/python3.7/site-packages/airflow/example_dags/example_sla_dag.py took 0.110 seconds
[2023-03-12T13:11:02.861+0000] {processor.py:153} INFO - Started process (PID=512) to work on /home/airflow/.local/lib/python3.7/site-packages/airflow/example_dags/example_sla_dag.py
[2023-03-12T13:11:02.862+0000] {processor.py:743} INFO - Processing file /home/airflow/.local/lib/python3.7/site-packages/airflow/example_dags/example_sla_dag.py for tasks to queue
[2023-03-12T13:11:02.863+0000] {logging_mixin.py:137} INFO - [2023-03-12T13:11:02.863+0000] {dagbag.py:538} INFO - Filling up the DagBag from /home/airflow/.local/lib/python3.7/site-packages/airflow/example_dags/example_sla_dag.py
[2023-03-12T13:11:02.886+0000] {processor.py:753} INFO - DAG(s) dict_keys(['example_sla_dag']) retrieved from /home/airflow/.local/lib/python3.7/site-packages/airflow/example_dags/example_sla_dag.py
[2023-03-12T13:11:02.914+0000] {logging_mixin.py:137} INFO - [2023-03-12T13:11:02.914+0000] {dag.py:2690} INFO - Sync 1 DAGs
[2023-03-12T13:11:02.943+0000] {logging_mixin.py:137} INFO - [2023-03-12T13:11:02.943+0000] {dag.py:3441} INFO - Setting next_dagrun for example_sla_dag to 2023-03-12T13:08:00+00:00, run_after=2023-03-12T13:10:00+00:00
[2023-03-12T13:11:02.962+0000] {processor.py:175} INFO - Processing /home/airflow/.local/lib/python3.7/site-packages/airflow/example_dags/example_sla_dag.py took 0.104 seconds
[2023-03-12T13:11:34.055+0000] {processor.py:153} INFO - Started process (PID=626) to work on /home/airflow/.local/lib/python3.7/site-packages/airflow/example_dags/example_sla_dag.py
[2023-03-12T13:11:34.057+0000] {processor.py:743} INFO - Processing file /home/airflow/.local/lib/python3.7/site-packages/airflow/example_dags/example_sla_dag.py for tasks to queue
[2023-03-12T13:11:34.058+0000] {logging_mixin.py:137} INFO - [2023-03-12T13:11:34.058+0000] {dagbag.py:538} INFO - Filling up the DagBag from /home/airflow/.local/lib/python3.7/site-packages/airflow/example_dags/example_sla_dag.py
[2023-03-12T13:11:34.103+0000] {processor.py:753} INFO - DAG(s) dict_keys(['example_sla_dag']) retrieved from /home/airflow/.local/lib/python3.7/site-packages/airflow/example_dags/example_sla_dag.py
[2023-03-12T13:11:34.154+0000] {logging_mixin.py:137} INFO - [2023-03-12T13:11:34.154+0000] {dag.py:2690} INFO - Sync 1 DAGs
[2023-03-12T13:11:34.184+0000] {logging_mixin.py:137} INFO - [2023-03-12T13:11:34.184+0000] {dag.py:3441} INFO - Setting next_dagrun for example_sla_dag to 2023-03-12T13:08:00+00:00, run_after=2023-03-12T13:10:00+00:00
[2023-03-12T13:11:34.200+0000] {processor.py:175} INFO - Processing /home/airflow/.local/lib/python3.7/site-packages/airflow/example_dags/example_sla_dag.py took 0.152 seconds
[2023-03-12T13:12:05.112+0000] {processor.py:153} INFO - Started process (PID=720) to work on /home/airflow/.local/lib/python3.7/site-packages/airflow/example_dags/example_sla_dag.py
[2023-03-12T13:12:05.114+0000] {processor.py:743} INFO - Processing file /home/airflow/.local/lib/python3.7/site-packages/airflow/example_dags/example_sla_dag.py for tasks to queue
[2023-03-12T13:12:05.114+0000] {logging_mixin.py:137} INFO - [2023-03-12T13:12:05.114+0000] {dagbag.py:538} INFO - Filling up the DagBag from /home/airflow/.local/lib/python3.7/site-packages/airflow/example_dags/example_sla_dag.py
[2023-03-12T13:12:05.138+0000] {processor.py:753} INFO - DAG(s) dict_keys(['example_sla_dag']) retrieved from /home/airflow/.local/lib/python3.7/site-packages/airflow/example_dags/example_sla_dag.py
[2023-03-12T13:12:05.164+0000] {logging_mixin.py:137} INFO - [2023-03-12T13:12:05.164+0000] {dag.py:2690} INFO - Sync 1 DAGs
[2023-03-12T13:12:05.192+0000] {logging_mixin.py:137} INFO - [2023-03-12T13:12:05.192+0000] {dag.py:3441} INFO - Setting next_dagrun for example_sla_dag to 2023-03-12T13:10:00+00:00, run_after=2023-03-12T13:12:00+00:00
[2023-03-12T13:12:05.210+0000] {processor.py:175} INFO - Processing /home/airflow/.local/lib/python3.7/site-packages/airflow/example_dags/example_sla_dag.py took 0.101 seconds
[2023-03-12T13:12:36.304+0000] {processor.py:153} INFO - Started process (PID=834) to work on /home/airflow/.local/lib/python3.7/site-packages/airflow/example_dags/example_sla_dag.py
[2023-03-12T13:12:36.305+0000] {processor.py:743} INFO - Processing file /home/airflow/.local/lib/python3.7/site-packages/airflow/example_dags/example_sla_dag.py for tasks to queue
[2023-03-12T13:12:36.305+0000] {logging_mixin.py:137} INFO - [2023-03-12T13:12:36.305+0000] {dagbag.py:538} INFO - Filling up the DagBag from /home/airflow/.local/lib/python3.7/site-packages/airflow/example_dags/example_sla_dag.py
[2023-03-12T13:12:36.330+0000] {processor.py:753} INFO - DAG(s) dict_keys(['example_sla_dag']) retrieved from /home/airflow/.local/lib/python3.7/site-packages/airflow/example_dags/example_sla_dag.py
[2023-03-12T13:12:36.355+0000] {logging_mixin.py:137} INFO - [2023-03-12T13:12:36.354+0000] {dag.py:2690} INFO - Sync 1 DAGs
[2023-03-12T13:12:36.392+0000] {logging_mixin.py:137} INFO - [2023-03-12T13:12:36.391+0000] {dag.py:3441} INFO - Setting next_dagrun for example_sla_dag to 2023-03-12T13:10:00+00:00, run_after=2023-03-12T13:12:00+00:00
[2023-03-12T13:12:36.412+0000] {processor.py:175} INFO - Processing /home/airflow/.local/lib/python3.7/site-packages/airflow/example_dags/example_sla_dag.py took 0.111 seconds
[2023-03-12T13:13:06.473+0000] {processor.py:153} INFO - Started process (PID=928) to work on /home/airflow/.local/lib/python3.7/site-packages/airflow/example_dags/example_sla_dag.py
[2023-03-12T13:13:06.474+0000] {processor.py:743} INFO - Processing file /home/airflow/.local/lib/python3.7/site-packages/airflow/example_dags/example_sla_dag.py for tasks to queue
[2023-03-12T13:13:06.474+0000] {logging_mixin.py:137} INFO - [2023-03-12T13:13:06.474+0000] {dagbag.py:538} INFO - Filling up the DagBag from /home/airflow/.local/lib/python3.7/site-packages/airflow/example_dags/example_sla_dag.py
[2023-03-12T13:13:06.497+0000] {processor.py:753} INFO - DAG(s) dict_keys(['example_sla_dag']) retrieved from /home/airflow/.local/lib/python3.7/site-packages/airflow/example_dags/example_sla_dag.py
[2023-03-12T13:13:06.531+0000] {logging_mixin.py:137} INFO - [2023-03-12T13:13:06.531+0000] {dag.py:2690} INFO - Sync 1 DAGs
[2023-03-12T13:13:06.562+0000] {logging_mixin.py:137} INFO - [2023-03-12T13:13:06.562+0000] {dag.py:3441} INFO - Setting next_dagrun for example_sla_dag to 2023-03-12T13:10:00+00:00, run_after=2023-03-12T13:12:00+00:00
[2023-03-12T13:13:06.581+0000] {processor.py:175} INFO - Processing /home/airflow/.local/lib/python3.7/site-packages/airflow/example_dags/example_sla_dag.py took 0.111 seconds
[2023-03-12T13:13:36.617+0000] {processor.py:153} INFO - Started process (PID=1018) to work on /home/airflow/.local/lib/python3.7/site-packages/airflow/example_dags/example_sla_dag.py
[2023-03-12T13:13:36.617+0000] {processor.py:743} INFO - Processing file /home/airflow/.local/lib/python3.7/site-packages/airflow/example_dags/example_sla_dag.py for tasks to queue
[2023-03-12T13:13:36.618+0000] {logging_mixin.py:137} INFO - [2023-03-12T13:13:36.618+0000] {dagbag.py:538} INFO - Filling up the DagBag from /home/airflow/.local/lib/python3.7/site-packages/airflow/example_dags/example_sla_dag.py
[2023-03-12T13:13:36.640+0000] {processor.py:753} INFO - DAG(s) dict_keys(['example_sla_dag']) retrieved from /home/airflow/.local/lib/python3.7/site-packages/airflow/example_dags/example_sla_dag.py
[2023-03-12T13:13:36.664+0000] {logging_mixin.py:137} INFO - [2023-03-12T13:13:36.664+0000] {dag.py:2690} INFO - Sync 1 DAGs
[2023-03-12T13:13:36.693+0000] {logging_mixin.py:137} INFO - [2023-03-12T13:13:36.692+0000] {dag.py:3441} INFO - Setting next_dagrun for example_sla_dag to 2023-03-12T13:10:00+00:00, run_after=2023-03-12T13:12:00+00:00
[2023-03-12T13:13:36.710+0000] {processor.py:175} INFO - Processing /home/airflow/.local/lib/python3.7/site-packages/airflow/example_dags/example_sla_dag.py took 0.096 seconds
[2023-03-12T13:14:07.715+0000] {processor.py:153} INFO - Started process (PID=1136) to work on /home/airflow/.local/lib/python3.7/site-packages/airflow/example_dags/example_sla_dag.py
[2023-03-12T13:14:07.716+0000] {processor.py:743} INFO - Processing file /home/airflow/.local/lib/python3.7/site-packages/airflow/example_dags/example_sla_dag.py for tasks to queue
[2023-03-12T13:14:07.716+0000] {logging_mixin.py:137} INFO - [2023-03-12T13:14:07.716+0000] {dagbag.py:538} INFO - Filling up the DagBag from /home/airflow/.local/lib/python3.7/site-packages/airflow/example_dags/example_sla_dag.py
[2023-03-12T13:14:07.742+0000] {processor.py:753} INFO - DAG(s) dict_keys(['example_sla_dag']) retrieved from /home/airflow/.local/lib/python3.7/site-packages/airflow/example_dags/example_sla_dag.py
[2023-03-12T13:14:07.804+0000] {logging_mixin.py:137} INFO - [2023-03-12T13:14:07.804+0000] {dag.py:2690} INFO - Sync 1 DAGs
[2023-03-12T13:14:07.836+0000] {logging_mixin.py:137} INFO - [2023-03-12T13:14:07.836+0000] {dag.py:3441} INFO - Setting next_dagrun for example_sla_dag to 2023-03-12T13:12:00+00:00, run_after=2023-03-12T13:14:00+00:00
[2023-03-12T13:14:07.858+0000] {processor.py:175} INFO - Processing /home/airflow/.local/lib/python3.7/site-packages/airflow/example_dags/example_sla_dag.py took 0.145 seconds
[2023-03-12T13:14:37.993+0000] {processor.py:153} INFO - Started process (PID=1226) to work on /home/airflow/.local/lib/python3.7/site-packages/airflow/example_dags/example_sla_dag.py
[2023-03-12T13:14:37.994+0000] {processor.py:743} INFO - Processing file /home/airflow/.local/lib/python3.7/site-packages/airflow/example_dags/example_sla_dag.py for tasks to queue
[2023-03-12T13:14:37.995+0000] {logging_mixin.py:137} INFO - [2023-03-12T13:14:37.995+0000] {dagbag.py:538} INFO - Filling up the DagBag from /home/airflow/.local/lib/python3.7/site-packages/airflow/example_dags/example_sla_dag.py
[2023-03-12T13:14:38.016+0000] {processor.py:753} INFO - DAG(s) dict_keys(['example_sla_dag']) retrieved from /home/airflow/.local/lib/python3.7/site-packages/airflow/example_dags/example_sla_dag.py
[2023-03-12T13:14:38.039+0000] {logging_mixin.py:137} INFO - [2023-03-12T13:14:38.039+0000] {dag.py:2690} INFO - Sync 1 DAGs
[2023-03-12T13:14:38.071+0000] {logging_mixin.py:137} INFO - [2023-03-12T13:14:38.071+0000] {dag.py:3441} INFO - Setting next_dagrun for example_sla_dag to 2023-03-12T13:12:00+00:00, run_after=2023-03-12T13:14:00+00:00
[2023-03-12T13:14:38.088+0000] {processor.py:175} INFO - Processing /home/airflow/.local/lib/python3.7/site-packages/airflow/example_dags/example_sla_dag.py took 0.097 seconds
[2023-03-12T13:15:08.565+0000] {processor.py:153} INFO - Started process (PID=1344) to work on /home/airflow/.local/lib/python3.7/site-packages/airflow/example_dags/example_sla_dag.py
[2023-03-12T13:15:08.566+0000] {processor.py:743} INFO - Processing file /home/airflow/.local/lib/python3.7/site-packages/airflow/example_dags/example_sla_dag.py for tasks to queue
[2023-03-12T13:15:08.566+0000] {logging_mixin.py:137} INFO - [2023-03-12T13:15:08.566+0000] {dagbag.py:538} INFO - Filling up the DagBag from /home/airflow/.local/lib/python3.7/site-packages/airflow/example_dags/example_sla_dag.py
[2023-03-12T13:15:08.589+0000] {processor.py:753} INFO - DAG(s) dict_keys(['example_sla_dag']) retrieved from /home/airflow/.local/lib/python3.7/site-packages/airflow/example_dags/example_sla_dag.py
[2023-03-12T13:15:08.615+0000] {logging_mixin.py:137} INFO - [2023-03-12T13:15:08.615+0000] {dag.py:2690} INFO - Sync 1 DAGs
[2023-03-12T13:15:08.644+0000] {logging_mixin.py:137} INFO - [2023-03-12T13:15:08.644+0000] {dag.py:3441} INFO - Setting next_dagrun for example_sla_dag to 2023-03-12T13:12:00+00:00, run_after=2023-03-12T13:14:00+00:00
[2023-03-12T13:15:08.665+0000] {processor.py:175} INFO - Processing /home/airflow/.local/lib/python3.7/site-packages/airflow/example_dags/example_sla_dag.py took 0.103 seconds
[2023-03-12T13:15:38.719+0000] {processor.py:153} INFO - Started process (PID=1434) to work on /home/airflow/.local/lib/python3.7/site-packages/airflow/example_dags/example_sla_dag.py
[2023-03-12T13:15:38.720+0000] {processor.py:743} INFO - Processing file /home/airflow/.local/lib/python3.7/site-packages/airflow/example_dags/example_sla_dag.py for tasks to queue
[2023-03-12T13:15:38.720+0000] {logging_mixin.py:137} INFO - [2023-03-12T13:15:38.720+0000] {dagbag.py:538} INFO - Filling up the DagBag from /home/airflow/.local/lib/python3.7/site-packages/airflow/example_dags/example_sla_dag.py
[2023-03-12T13:15:38.742+0000] {processor.py:753} INFO - DAG(s) dict_keys(['example_sla_dag']) retrieved from /home/airflow/.local/lib/python3.7/site-packages/airflow/example_dags/example_sla_dag.py
[2023-03-12T13:15:38.768+0000] {logging_mixin.py:137} INFO - [2023-03-12T13:15:38.768+0000] {dag.py:2690} INFO - Sync 1 DAGs
[2023-03-12T13:15:38.798+0000] {logging_mixin.py:137} INFO - [2023-03-12T13:15:38.798+0000] {dag.py:3441} INFO - Setting next_dagrun for example_sla_dag to 2023-03-12T13:12:00+00:00, run_after=2023-03-12T13:14:00+00:00
[2023-03-12T13:15:38.819+0000] {processor.py:175} INFO - Processing /home/airflow/.local/lib/python3.7/site-packages/airflow/example_dags/example_sla_dag.py took 0.103 seconds
[2023-03-12T13:16:14.751+0000] {processor.py:153} INFO - Started process (PID=91) to work on /home/airflow/.local/lib/python3.7/site-packages/airflow/example_dags/example_sla_dag.py
[2023-03-12T13:16:14.752+0000] {processor.py:743} INFO - Processing file /home/airflow/.local/lib/python3.7/site-packages/airflow/example_dags/example_sla_dag.py for tasks to queue
[2023-03-12T13:16:14.753+0000] {logging_mixin.py:137} INFO - [2023-03-12T13:16:14.753+0000] {dagbag.py:538} INFO - Filling up the DagBag from /home/airflow/.local/lib/python3.7/site-packages/airflow/example_dags/example_sla_dag.py
[2023-03-12T13:16:14.775+0000] {processor.py:753} INFO - DAG(s) dict_keys(['example_sla_dag']) retrieved from /home/airflow/.local/lib/python3.7/site-packages/airflow/example_dags/example_sla_dag.py
[2023-03-12T13:16:14.787+0000] {logging_mixin.py:137} INFO - [2023-03-12T13:16:14.787+0000] {dag.py:2690} INFO - Sync 1 DAGs
[2023-03-12T13:16:14.818+0000] {logging_mixin.py:137} INFO - [2023-03-12T13:16:14.818+0000] {dag.py:3441} INFO - Setting next_dagrun for example_sla_dag to 2023-03-12T13:14:00+00:00, run_after=2023-03-12T13:16:00+00:00
[2023-03-12T13:16:14.837+0000] {processor.py:175} INFO - Processing /home/airflow/.local/lib/python3.7/site-packages/airflow/example_dags/example_sla_dag.py took 0.089 seconds
[2023-03-12T13:16:45.636+0000] {processor.py:153} INFO - Started process (PID=206) to work on /home/airflow/.local/lib/python3.7/site-packages/airflow/example_dags/example_sla_dag.py
[2023-03-12T13:16:45.637+0000] {processor.py:743} INFO - Processing file /home/airflow/.local/lib/python3.7/site-packages/airflow/example_dags/example_sla_dag.py for tasks to queue
[2023-03-12T13:16:45.638+0000] {logging_mixin.py:137} INFO - [2023-03-12T13:16:45.638+0000] {dagbag.py:538} INFO - Filling up the DagBag from /home/airflow/.local/lib/python3.7/site-packages/airflow/example_dags/example_sla_dag.py
[2023-03-12T13:16:45.661+0000] {processor.py:753} INFO - DAG(s) dict_keys(['example_sla_dag']) retrieved from /home/airflow/.local/lib/python3.7/site-packages/airflow/example_dags/example_sla_dag.py
[2023-03-12T13:16:45.685+0000] {logging_mixin.py:137} INFO - [2023-03-12T13:16:45.685+0000] {dag.py:2690} INFO - Sync 1 DAGs
[2023-03-12T13:16:45.716+0000] {logging_mixin.py:137} INFO - [2023-03-12T13:16:45.715+0000] {dag.py:3441} INFO - Setting next_dagrun for example_sla_dag to 2023-03-12T13:14:00+00:00, run_after=2023-03-12T13:16:00+00:00
[2023-03-12T13:16:45.734+0000] {processor.py:175} INFO - Processing /home/airflow/.local/lib/python3.7/site-packages/airflow/example_dags/example_sla_dag.py took 0.100 seconds
[2023-03-12T13:17:17.036+0000] {processor.py:153} INFO - Started process (PID=301) to work on /home/airflow/.local/lib/python3.7/site-packages/airflow/example_dags/example_sla_dag.py
[2023-03-12T13:17:17.036+0000] {processor.py:743} INFO - Processing file /home/airflow/.local/lib/python3.7/site-packages/airflow/example_dags/example_sla_dag.py for tasks to queue
[2023-03-12T13:17:17.037+0000] {logging_mixin.py:137} INFO - [2023-03-12T13:17:17.037+0000] {dagbag.py:538} INFO - Filling up the DagBag from /home/airflow/.local/lib/python3.7/site-packages/airflow/example_dags/example_sla_dag.py
[2023-03-12T13:17:17.060+0000] {processor.py:753} INFO - DAG(s) dict_keys(['example_sla_dag']) retrieved from /home/airflow/.local/lib/python3.7/site-packages/airflow/example_dags/example_sla_dag.py
[2023-03-12T13:17:17.082+0000] {logging_mixin.py:137} INFO - [2023-03-12T13:17:17.082+0000] {dag.py:2690} INFO - Sync 1 DAGs
[2023-03-12T13:17:17.110+0000] {logging_mixin.py:137} INFO - [2023-03-12T13:17:17.110+0000] {dag.py:3441} INFO - Setting next_dagrun for example_sla_dag to 2023-03-12T13:14:00+00:00, run_after=2023-03-12T13:16:00+00:00
[2023-03-12T13:17:17.130+0000] {processor.py:175} INFO - Processing /home/airflow/.local/lib/python3.7/site-packages/airflow/example_dags/example_sla_dag.py took 0.096 seconds
[2023-03-12T13:17:47.521+0000] {processor.py:153} INFO - Started process (PID=416) to work on /home/airflow/.local/lib/python3.7/site-packages/airflow/example_dags/example_sla_dag.py
[2023-03-12T13:17:47.522+0000] {processor.py:743} INFO - Processing file /home/airflow/.local/lib/python3.7/site-packages/airflow/example_dags/example_sla_dag.py for tasks to queue
[2023-03-12T13:17:47.523+0000] {logging_mixin.py:137} INFO - [2023-03-12T13:17:47.523+0000] {dagbag.py:538} INFO - Filling up the DagBag from /home/airflow/.local/lib/python3.7/site-packages/airflow/example_dags/example_sla_dag.py
[2023-03-12T13:17:47.550+0000] {processor.py:753} INFO - DAG(s) dict_keys(['example_sla_dag']) retrieved from /home/airflow/.local/lib/python3.7/site-packages/airflow/example_dags/example_sla_dag.py
[2023-03-12T13:17:47.576+0000] {logging_mixin.py:137} INFO - [2023-03-12T13:17:47.575+0000] {dag.py:2690} INFO - Sync 1 DAGs
[2023-03-12T13:17:47.608+0000] {logging_mixin.py:137} INFO - [2023-03-12T13:17:47.607+0000] {dag.py:3441} INFO - Setting next_dagrun for example_sla_dag to 2023-03-12T13:14:00+00:00, run_after=2023-03-12T13:16:00+00:00
[2023-03-12T13:17:47.626+0000] {processor.py:175} INFO - Processing /home/airflow/.local/lib/python3.7/site-packages/airflow/example_dags/example_sla_dag.py took 0.107 seconds
[2023-03-12T13:18:17.654+0000] {processor.py:153} INFO - Started process (PID=514) to work on /home/airflow/.local/lib/python3.7/site-packages/airflow/example_dags/example_sla_dag.py
[2023-03-12T13:18:17.655+0000] {processor.py:743} INFO - Processing file /home/airflow/.local/lib/python3.7/site-packages/airflow/example_dags/example_sla_dag.py for tasks to queue
[2023-03-12T13:18:17.655+0000] {logging_mixin.py:137} INFO - [2023-03-12T13:18:17.655+0000] {dagbag.py:538} INFO - Filling up the DagBag from /home/airflow/.local/lib/python3.7/site-packages/airflow/example_dags/example_sla_dag.py
[2023-03-12T13:18:17.677+0000] {processor.py:753} INFO - DAG(s) dict_keys(['example_sla_dag']) retrieved from /home/airflow/.local/lib/python3.7/site-packages/airflow/example_dags/example_sla_dag.py
[2023-03-12T13:18:17.701+0000] {logging_mixin.py:137} INFO - [2023-03-12T13:18:17.701+0000] {dag.py:2690} INFO - Sync 1 DAGs
[2023-03-12T13:18:17.730+0000] {logging_mixin.py:137} INFO - [2023-03-12T13:18:17.730+0000] {dag.py:3441} INFO - Setting next_dagrun for example_sla_dag to 2023-03-12T13:16:00+00:00, run_after=2023-03-12T13:18:00+00:00
[2023-03-12T13:18:17.747+0000] {processor.py:175} INFO - Processing /home/airflow/.local/lib/python3.7/site-packages/airflow/example_dags/example_sla_dag.py took 0.096 seconds
[2023-03-12T13:18:48.616+0000] {processor.py:153} INFO - Started process (PID=628) to work on /home/airflow/.local/lib/python3.7/site-packages/airflow/example_dags/example_sla_dag.py
[2023-03-12T13:18:48.617+0000] {processor.py:743} INFO - Processing file /home/airflow/.local/lib/python3.7/site-packages/airflow/example_dags/example_sla_dag.py for tasks to queue
[2023-03-12T13:18:48.617+0000] {logging_mixin.py:137} INFO - [2023-03-12T13:18:48.617+0000] {dagbag.py:538} INFO - Filling up the DagBag from /home/airflow/.local/lib/python3.7/site-packages/airflow/example_dags/example_sla_dag.py
[2023-03-12T13:18:48.641+0000] {processor.py:753} INFO - DAG(s) dict_keys(['example_sla_dag']) retrieved from /home/airflow/.local/lib/python3.7/site-packages/airflow/example_dags/example_sla_dag.py
[2023-03-12T13:18:48.668+0000] {logging_mixin.py:137} INFO - [2023-03-12T13:18:48.668+0000] {dag.py:2690} INFO - Sync 1 DAGs
[2023-03-12T13:18:48.696+0000] {logging_mixin.py:137} INFO - [2023-03-12T13:18:48.696+0000] {dag.py:3441} INFO - Setting next_dagrun for example_sla_dag to 2023-03-12T13:16:00+00:00, run_after=2023-03-12T13:18:00+00:00
[2023-03-12T13:18:48.712+0000] {processor.py:175} INFO - Processing /home/airflow/.local/lib/python3.7/site-packages/airflow/example_dags/example_sla_dag.py took 0.100 seconds
[2023-03-12T13:19:18.838+0000] {processor.py:153} INFO - Started process (PID=723) to work on /home/airflow/.local/lib/python3.7/site-packages/airflow/example_dags/example_sla_dag.py
[2023-03-12T13:19:18.839+0000] {processor.py:743} INFO - Processing file /home/airflow/.local/lib/python3.7/site-packages/airflow/example_dags/example_sla_dag.py for tasks to queue
[2023-03-12T13:19:18.840+0000] {logging_mixin.py:137} INFO - [2023-03-12T13:19:18.839+0000] {dagbag.py:538} INFO - Filling up the DagBag from /home/airflow/.local/lib/python3.7/site-packages/airflow/example_dags/example_sla_dag.py
[2023-03-12T13:19:18.865+0000] {processor.py:753} INFO - DAG(s) dict_keys(['example_sla_dag']) retrieved from /home/airflow/.local/lib/python3.7/site-packages/airflow/example_dags/example_sla_dag.py
[2023-03-12T13:19:18.889+0000] {logging_mixin.py:137} INFO - [2023-03-12T13:19:18.889+0000] {dag.py:2690} INFO - Sync 1 DAGs
[2023-03-12T13:19:18.917+0000] {logging_mixin.py:137} INFO - [2023-03-12T13:19:18.916+0000] {dag.py:3441} INFO - Setting next_dagrun for example_sla_dag to 2023-03-12T13:16:00+00:00, run_after=2023-03-12T13:18:00+00:00
[2023-03-12T13:19:18.934+0000] {processor.py:175} INFO - Processing /home/airflow/.local/lib/python3.7/site-packages/airflow/example_dags/example_sla_dag.py took 0.099 seconds
