[2023-03-12T12:43:39.530+0000] {processor.py:153} INFO - Started process (PID=120) to work on /home/airflow/.local/lib/python3.7/site-packages/airflow/example_dags/example_xcomargs.py
[2023-03-12T12:43:39.531+0000] {processor.py:743} INFO - Processing file /home/airflow/.local/lib/python3.7/site-packages/airflow/example_dags/example_xcomargs.py for tasks to queue
[2023-03-12T12:43:39.531+0000] {logging_mixin.py:137} INFO - [2023-03-12T12:43:39.531+0000] {dagbag.py:538} INFO - Filling up the DagBag from /home/airflow/.local/lib/python3.7/site-packages/airflow/example_dags/example_xcomargs.py
[2023-03-12T12:43:39.562+0000] {processor.py:753} INFO - DAG(s) dict_keys(['example_xcom_args_with_operators', 'example_xcom_args']) retrieved from /home/airflow/.local/lib/python3.7/site-packages/airflow/example_dags/example_xcomargs.py
[2023-03-12T12:43:39.576+0000] {logging_mixin.py:137} INFO - [2023-03-12T12:43:39.575+0000] {dag.py:2690} INFO - Sync 2 DAGs
[2023-03-12T12:43:39.602+0000] {logging_mixin.py:137} INFO - [2023-03-12T12:43:39.602+0000] {dag.py:3441} INFO - Setting next_dagrun for example_xcom_args to None, run_after=None
[2023-03-12T12:43:39.605+0000] {logging_mixin.py:137} INFO - [2023-03-12T12:43:39.605+0000] {dag.py:3441} INFO - Setting next_dagrun for example_xcom_args_with_operators to None, run_after=None
[2023-03-12T12:43:39.621+0000] {processor.py:175} INFO - Processing /home/airflow/.local/lib/python3.7/site-packages/airflow/example_dags/example_xcomargs.py took 0.094 seconds
[2023-03-12T12:44:10.401+0000] {processor.py:153} INFO - Started process (PID=208) to work on /home/airflow/.local/lib/python3.7/site-packages/airflow/example_dags/example_xcomargs.py
[2023-03-12T12:44:10.402+0000] {processor.py:743} INFO - Processing file /home/airflow/.local/lib/python3.7/site-packages/airflow/example_dags/example_xcomargs.py for tasks to queue
[2023-03-12T12:44:10.403+0000] {logging_mixin.py:137} INFO - [2023-03-12T12:44:10.403+0000] {dagbag.py:538} INFO - Filling up the DagBag from /home/airflow/.local/lib/python3.7/site-packages/airflow/example_dags/example_xcomargs.py
[2023-03-12T12:44:10.428+0000] {processor.py:753} INFO - DAG(s) dict_keys(['example_xcom_args', 'example_xcom_args_with_operators']) retrieved from /home/airflow/.local/lib/python3.7/site-packages/airflow/example_dags/example_xcomargs.py
[2023-03-12T12:44:10.461+0000] {logging_mixin.py:137} INFO - [2023-03-12T12:44:10.461+0000] {dag.py:2690} INFO - Sync 2 DAGs
[2023-03-12T12:44:10.490+0000] {logging_mixin.py:137} INFO - [2023-03-12T12:44:10.490+0000] {dag.py:3441} INFO - Setting next_dagrun for example_xcom_args to None, run_after=None
[2023-03-12T12:44:10.494+0000] {logging_mixin.py:137} INFO - [2023-03-12T12:44:10.493+0000] {dag.py:3441} INFO - Setting next_dagrun for example_xcom_args_with_operators to None, run_after=None
[2023-03-12T12:44:10.509+0000] {processor.py:175} INFO - Processing /home/airflow/.local/lib/python3.7/site-packages/airflow/example_dags/example_xcomargs.py took 0.111 seconds
[2023-03-12T12:44:41.432+0000] {processor.py:153} INFO - Started process (PID=320) to work on /home/airflow/.local/lib/python3.7/site-packages/airflow/example_dags/example_xcomargs.py
[2023-03-12T12:44:41.433+0000] {processor.py:743} INFO - Processing file /home/airflow/.local/lib/python3.7/site-packages/airflow/example_dags/example_xcomargs.py for tasks to queue
[2023-03-12T12:44:41.434+0000] {logging_mixin.py:137} INFO - [2023-03-12T12:44:41.434+0000] {dagbag.py:538} INFO - Filling up the DagBag from /home/airflow/.local/lib/python3.7/site-packages/airflow/example_dags/example_xcomargs.py
[2023-03-12T12:44:41.459+0000] {processor.py:753} INFO - DAG(s) dict_keys(['example_xcom_args', 'example_xcom_args_with_operators']) retrieved from /home/airflow/.local/lib/python3.7/site-packages/airflow/example_dags/example_xcomargs.py
[2023-03-12T12:44:41.489+0000] {logging_mixin.py:137} INFO - [2023-03-12T12:44:41.489+0000] {dag.py:2690} INFO - Sync 2 DAGs
[2023-03-12T12:44:41.515+0000] {logging_mixin.py:137} INFO - [2023-03-12T12:44:41.515+0000] {dag.py:3441} INFO - Setting next_dagrun for example_xcom_args to None, run_after=None
[2023-03-12T12:44:41.519+0000] {logging_mixin.py:137} INFO - [2023-03-12T12:44:41.519+0000] {dag.py:3441} INFO - Setting next_dagrun for example_xcom_args_with_operators to None, run_after=None
[2023-03-12T12:44:41.535+0000] {processor.py:175} INFO - Processing /home/airflow/.local/lib/python3.7/site-packages/airflow/example_dags/example_xcomargs.py took 0.106 seconds
[2023-03-12T12:45:12.036+0000] {processor.py:153} INFO - Started process (PID=408) to work on /home/airflow/.local/lib/python3.7/site-packages/airflow/example_dags/example_xcomargs.py
[2023-03-12T12:45:12.037+0000] {processor.py:743} INFO - Processing file /home/airflow/.local/lib/python3.7/site-packages/airflow/example_dags/example_xcomargs.py for tasks to queue
[2023-03-12T12:45:12.038+0000] {logging_mixin.py:137} INFO - [2023-03-12T12:45:12.037+0000] {dagbag.py:538} INFO - Filling up the DagBag from /home/airflow/.local/lib/python3.7/site-packages/airflow/example_dags/example_xcomargs.py
[2023-03-12T12:45:12.062+0000] {processor.py:753} INFO - DAG(s) dict_keys(['example_xcom_args', 'example_xcom_args_with_operators']) retrieved from /home/airflow/.local/lib/python3.7/site-packages/airflow/example_dags/example_xcomargs.py
[2023-03-12T12:45:12.089+0000] {logging_mixin.py:137} INFO - [2023-03-12T12:45:12.089+0000] {dag.py:2690} INFO - Sync 2 DAGs
[2023-03-12T12:45:12.113+0000] {logging_mixin.py:137} INFO - [2023-03-12T12:45:12.113+0000] {dag.py:3441} INFO - Setting next_dagrun for example_xcom_args to None, run_after=None
[2023-03-12T12:45:12.116+0000] {logging_mixin.py:137} INFO - [2023-03-12T12:45:12.116+0000] {dag.py:3441} INFO - Setting next_dagrun for example_xcom_args_with_operators to None, run_after=None
[2023-03-12T12:45:12.132+0000] {processor.py:175} INFO - Processing /home/airflow/.local/lib/python3.7/site-packages/airflow/example_dags/example_xcomargs.py took 0.098 seconds
[2023-03-12T12:45:42.907+0000] {processor.py:153} INFO - Started process (PID=496) to work on /home/airflow/.local/lib/python3.7/site-packages/airflow/example_dags/example_xcomargs.py
[2023-03-12T12:45:42.908+0000] {processor.py:743} INFO - Processing file /home/airflow/.local/lib/python3.7/site-packages/airflow/example_dags/example_xcomargs.py for tasks to queue
[2023-03-12T12:45:42.909+0000] {logging_mixin.py:137} INFO - [2023-03-12T12:45:42.909+0000] {dagbag.py:538} INFO - Filling up the DagBag from /home/airflow/.local/lib/python3.7/site-packages/airflow/example_dags/example_xcomargs.py
[2023-03-12T12:45:42.932+0000] {processor.py:753} INFO - DAG(s) dict_keys(['example_xcom_args_with_operators', 'example_xcom_args']) retrieved from /home/airflow/.local/lib/python3.7/site-packages/airflow/example_dags/example_xcomargs.py
[2023-03-12T12:45:42.965+0000] {logging_mixin.py:137} INFO - [2023-03-12T12:45:42.965+0000] {dag.py:2690} INFO - Sync 2 DAGs
[2023-03-12T12:45:42.994+0000] {logging_mixin.py:137} INFO - [2023-03-12T12:45:42.994+0000] {dag.py:3441} INFO - Setting next_dagrun for example_xcom_args to None, run_after=None
[2023-03-12T12:45:42.998+0000] {logging_mixin.py:137} INFO - [2023-03-12T12:45:42.998+0000] {dag.py:3441} INFO - Setting next_dagrun for example_xcom_args_with_operators to None, run_after=None
[2023-03-12T12:45:43.018+0000] {processor.py:175} INFO - Processing /home/airflow/.local/lib/python3.7/site-packages/airflow/example_dags/example_xcomargs.py took 0.113 seconds
[2023-03-12T12:46:13.792+0000] {processor.py:153} INFO - Started process (PID=608) to work on /home/airflow/.local/lib/python3.7/site-packages/airflow/example_dags/example_xcomargs.py
[2023-03-12T12:46:13.793+0000] {processor.py:743} INFO - Processing file /home/airflow/.local/lib/python3.7/site-packages/airflow/example_dags/example_xcomargs.py for tasks to queue
[2023-03-12T12:46:13.793+0000] {logging_mixin.py:137} INFO - [2023-03-12T12:46:13.793+0000] {dagbag.py:538} INFO - Filling up the DagBag from /home/airflow/.local/lib/python3.7/site-packages/airflow/example_dags/example_xcomargs.py
[2023-03-12T12:46:13.816+0000] {processor.py:753} INFO - DAG(s) dict_keys(['example_xcom_args_with_operators', 'example_xcom_args']) retrieved from /home/airflow/.local/lib/python3.7/site-packages/airflow/example_dags/example_xcomargs.py
[2023-03-12T12:46:13.843+0000] {logging_mixin.py:137} INFO - [2023-03-12T12:46:13.843+0000] {dag.py:2690} INFO - Sync 2 DAGs
[2023-03-12T12:46:13.871+0000] {logging_mixin.py:137} INFO - [2023-03-12T12:46:13.871+0000] {dag.py:3441} INFO - Setting next_dagrun for example_xcom_args to None, run_after=None
[2023-03-12T12:46:13.874+0000] {logging_mixin.py:137} INFO - [2023-03-12T12:46:13.874+0000] {dag.py:3441} INFO - Setting next_dagrun for example_xcom_args_with_operators to None, run_after=None
[2023-03-12T12:46:13.894+0000] {processor.py:175} INFO - Processing /home/airflow/.local/lib/python3.7/site-packages/airflow/example_dags/example_xcomargs.py took 0.105 seconds
[2023-03-12T12:54:42.225+0000] {processor.py:153} INFO - Started process (PID=122) to work on /home/airflow/.local/lib/python3.7/site-packages/airflow/example_dags/example_xcomargs.py
[2023-03-12T12:54:42.226+0000] {processor.py:743} INFO - Processing file /home/airflow/.local/lib/python3.7/site-packages/airflow/example_dags/example_xcomargs.py for tasks to queue
[2023-03-12T12:54:42.227+0000] {logging_mixin.py:137} INFO - [2023-03-12T12:54:42.226+0000] {dagbag.py:538} INFO - Filling up the DagBag from /home/airflow/.local/lib/python3.7/site-packages/airflow/example_dags/example_xcomargs.py
[2023-03-12T12:54:42.256+0000] {processor.py:753} INFO - DAG(s) dict_keys(['example_xcom_args_with_operators', 'example_xcom_args']) retrieved from /home/airflow/.local/lib/python3.7/site-packages/airflow/example_dags/example_xcomargs.py
[2023-03-12T12:54:42.270+0000] {logging_mixin.py:137} INFO - [2023-03-12T12:54:42.270+0000] {dag.py:2690} INFO - Sync 2 DAGs
[2023-03-12T12:54:42.300+0000] {logging_mixin.py:137} INFO - [2023-03-12T12:54:42.300+0000] {dag.py:3441} INFO - Setting next_dagrun for example_xcom_args to None, run_after=None
[2023-03-12T12:54:42.303+0000] {logging_mixin.py:137} INFO - [2023-03-12T12:54:42.303+0000] {dag.py:3441} INFO - Setting next_dagrun for example_xcom_args_with_operators to None, run_after=None
[2023-03-12T12:54:42.320+0000] {processor.py:175} INFO - Processing /home/airflow/.local/lib/python3.7/site-packages/airflow/example_dags/example_xcomargs.py took 0.097 seconds
[2023-03-12T12:55:12.988+0000] {processor.py:153} INFO - Started process (PID=212) to work on /home/airflow/.local/lib/python3.7/site-packages/airflow/example_dags/example_xcomargs.py
[2023-03-12T12:55:12.989+0000] {processor.py:743} INFO - Processing file /home/airflow/.local/lib/python3.7/site-packages/airflow/example_dags/example_xcomargs.py for tasks to queue
[2023-03-12T12:55:12.990+0000] {logging_mixin.py:137} INFO - [2023-03-12T12:55:12.990+0000] {dagbag.py:538} INFO - Filling up the DagBag from /home/airflow/.local/lib/python3.7/site-packages/airflow/example_dags/example_xcomargs.py
[2023-03-12T12:55:13.012+0000] {processor.py:753} INFO - DAG(s) dict_keys(['example_xcom_args_with_operators', 'example_xcom_args']) retrieved from /home/airflow/.local/lib/python3.7/site-packages/airflow/example_dags/example_xcomargs.py
[2023-03-12T12:55:13.040+0000] {logging_mixin.py:137} INFO - [2023-03-12T12:55:13.039+0000] {dag.py:2690} INFO - Sync 2 DAGs
[2023-03-12T12:55:13.067+0000] {logging_mixin.py:137} INFO - [2023-03-12T12:55:13.067+0000] {dag.py:3441} INFO - Setting next_dagrun for example_xcom_args to None, run_after=None
[2023-03-12T12:55:13.071+0000] {logging_mixin.py:137} INFO - [2023-03-12T12:55:13.071+0000] {dag.py:3441} INFO - Setting next_dagrun for example_xcom_args_with_operators to None, run_after=None
[2023-03-12T12:55:13.090+0000] {processor.py:175} INFO - Processing /home/airflow/.local/lib/python3.7/site-packages/airflow/example_dags/example_xcomargs.py took 0.104 seconds
[2023-03-12T12:55:43.966+0000] {processor.py:153} INFO - Started process (PID=326) to work on /home/airflow/.local/lib/python3.7/site-packages/airflow/example_dags/example_xcomargs.py
[2023-03-12T12:55:43.967+0000] {processor.py:743} INFO - Processing file /home/airflow/.local/lib/python3.7/site-packages/airflow/example_dags/example_xcomargs.py for tasks to queue
[2023-03-12T12:55:43.968+0000] {logging_mixin.py:137} INFO - [2023-03-12T12:55:43.968+0000] {dagbag.py:538} INFO - Filling up the DagBag from /home/airflow/.local/lib/python3.7/site-packages/airflow/example_dags/example_xcomargs.py
[2023-03-12T12:55:43.991+0000] {processor.py:753} INFO - DAG(s) dict_keys(['example_xcom_args_with_operators', 'example_xcom_args']) retrieved from /home/airflow/.local/lib/python3.7/site-packages/airflow/example_dags/example_xcomargs.py
[2023-03-12T12:55:44.021+0000] {logging_mixin.py:137} INFO - [2023-03-12T12:55:44.021+0000] {dag.py:2690} INFO - Sync 2 DAGs
[2023-03-12T12:55:44.048+0000] {logging_mixin.py:137} INFO - [2023-03-12T12:55:44.048+0000] {dag.py:3441} INFO - Setting next_dagrun for example_xcom_args to None, run_after=None
[2023-03-12T12:55:44.052+0000] {logging_mixin.py:137} INFO - [2023-03-12T12:55:44.052+0000] {dag.py:3441} INFO - Setting next_dagrun for example_xcom_args_with_operators to None, run_after=None
[2023-03-12T12:55:44.069+0000] {processor.py:175} INFO - Processing /home/airflow/.local/lib/python3.7/site-packages/airflow/example_dags/example_xcomargs.py took 0.105 seconds
[2023-03-12T12:56:14.178+0000] {processor.py:153} INFO - Started process (PID=416) to work on /home/airflow/.local/lib/python3.7/site-packages/airflow/example_dags/example_xcomargs.py
[2023-03-12T12:56:14.179+0000] {processor.py:743} INFO - Processing file /home/airflow/.local/lib/python3.7/site-packages/airflow/example_dags/example_xcomargs.py for tasks to queue
[2023-03-12T12:56:14.180+0000] {logging_mixin.py:137} INFO - [2023-03-12T12:56:14.180+0000] {dagbag.py:538} INFO - Filling up the DagBag from /home/airflow/.local/lib/python3.7/site-packages/airflow/example_dags/example_xcomargs.py
[2023-03-12T12:56:14.203+0000] {processor.py:753} INFO - DAG(s) dict_keys(['example_xcom_args', 'example_xcom_args_with_operators']) retrieved from /home/airflow/.local/lib/python3.7/site-packages/airflow/example_dags/example_xcomargs.py
[2023-03-12T12:56:14.232+0000] {logging_mixin.py:137} INFO - [2023-03-12T12:56:14.232+0000] {dag.py:2690} INFO - Sync 2 DAGs
[2023-03-12T12:56:14.257+0000] {logging_mixin.py:137} INFO - [2023-03-12T12:56:14.257+0000] {dag.py:3441} INFO - Setting next_dagrun for example_xcom_args to None, run_after=None
[2023-03-12T12:56:14.260+0000] {logging_mixin.py:137} INFO - [2023-03-12T12:56:14.260+0000] {dag.py:3441} INFO - Setting next_dagrun for example_xcom_args_with_operators to None, run_after=None
[2023-03-12T12:56:14.277+0000] {processor.py:175} INFO - Processing /home/airflow/.local/lib/python3.7/site-packages/airflow/example_dags/example_xcomargs.py took 0.101 seconds
[2023-03-12T12:56:45.114+0000] {processor.py:153} INFO - Started process (PID=506) to work on /home/airflow/.local/lib/python3.7/site-packages/airflow/example_dags/example_xcomargs.py
[2023-03-12T12:56:45.115+0000] {processor.py:743} INFO - Processing file /home/airflow/.local/lib/python3.7/site-packages/airflow/example_dags/example_xcomargs.py for tasks to queue
[2023-03-12T12:56:45.115+0000] {logging_mixin.py:137} INFO - [2023-03-12T12:56:45.115+0000] {dagbag.py:538} INFO - Filling up the DagBag from /home/airflow/.local/lib/python3.7/site-packages/airflow/example_dags/example_xcomargs.py
[2023-03-12T12:56:45.137+0000] {processor.py:753} INFO - DAG(s) dict_keys(['example_xcom_args_with_operators', 'example_xcom_args']) retrieved from /home/airflow/.local/lib/python3.7/site-packages/airflow/example_dags/example_xcomargs.py
[2023-03-12T12:56:45.165+0000] {logging_mixin.py:137} INFO - [2023-03-12T12:56:45.165+0000] {dag.py:2690} INFO - Sync 2 DAGs
[2023-03-12T12:56:45.192+0000] {logging_mixin.py:137} INFO - [2023-03-12T12:56:45.192+0000] {dag.py:3441} INFO - Setting next_dagrun for example_xcom_args to None, run_after=None
[2023-03-12T12:56:45.195+0000] {logging_mixin.py:137} INFO - [2023-03-12T12:56:45.195+0000] {dag.py:3441} INFO - Setting next_dagrun for example_xcom_args_with_operators to None, run_after=None
[2023-03-12T12:56:45.212+0000] {processor.py:175} INFO - Processing /home/airflow/.local/lib/python3.7/site-packages/airflow/example_dags/example_xcomargs.py took 0.101 seconds
[2023-03-12T12:57:15.874+0000] {processor.py:153} INFO - Started process (PID=620) to work on /home/airflow/.local/lib/python3.7/site-packages/airflow/example_dags/example_xcomargs.py
[2023-03-12T12:57:15.875+0000] {processor.py:743} INFO - Processing file /home/airflow/.local/lib/python3.7/site-packages/airflow/example_dags/example_xcomargs.py for tasks to queue
[2023-03-12T12:57:15.875+0000] {logging_mixin.py:137} INFO - [2023-03-12T12:57:15.875+0000] {dagbag.py:538} INFO - Filling up the DagBag from /home/airflow/.local/lib/python3.7/site-packages/airflow/example_dags/example_xcomargs.py
[2023-03-12T12:57:15.900+0000] {processor.py:753} INFO - DAG(s) dict_keys(['example_xcom_args_with_operators', 'example_xcom_args']) retrieved from /home/airflow/.local/lib/python3.7/site-packages/airflow/example_dags/example_xcomargs.py
[2023-03-12T12:57:15.929+0000] {logging_mixin.py:137} INFO - [2023-03-12T12:57:15.929+0000] {dag.py:2690} INFO - Sync 2 DAGs
[2023-03-12T12:57:15.960+0000] {logging_mixin.py:137} INFO - [2023-03-12T12:57:15.959+0000] {dag.py:3441} INFO - Setting next_dagrun for example_xcom_args to None, run_after=None
[2023-03-12T12:57:15.963+0000] {logging_mixin.py:137} INFO - [2023-03-12T12:57:15.963+0000] {dag.py:3441} INFO - Setting next_dagrun for example_xcom_args_with_operators to None, run_after=None
[2023-03-12T12:57:15.980+0000] {processor.py:175} INFO - Processing /home/airflow/.local/lib/python3.7/site-packages/airflow/example_dags/example_xcomargs.py took 0.109 seconds
[2023-03-12T12:57:46.670+0000] {processor.py:153} INFO - Started process (PID=710) to work on /home/airflow/.local/lib/python3.7/site-packages/airflow/example_dags/example_xcomargs.py
[2023-03-12T12:57:46.670+0000] {processor.py:743} INFO - Processing file /home/airflow/.local/lib/python3.7/site-packages/airflow/example_dags/example_xcomargs.py for tasks to queue
[2023-03-12T12:57:46.671+0000] {logging_mixin.py:137} INFO - [2023-03-12T12:57:46.671+0000] {dagbag.py:538} INFO - Filling up the DagBag from /home/airflow/.local/lib/python3.7/site-packages/airflow/example_dags/example_xcomargs.py
[2023-03-12T12:57:46.693+0000] {processor.py:753} INFO - DAG(s) dict_keys(['example_xcom_args', 'example_xcom_args_with_operators']) retrieved from /home/airflow/.local/lib/python3.7/site-packages/airflow/example_dags/example_xcomargs.py
[2023-03-12T12:57:46.719+0000] {logging_mixin.py:137} INFO - [2023-03-12T12:57:46.719+0000] {dag.py:2690} INFO - Sync 2 DAGs
[2023-03-12T12:57:46.743+0000] {logging_mixin.py:137} INFO - [2023-03-12T12:57:46.743+0000] {dag.py:3441} INFO - Setting next_dagrun for example_xcom_args to None, run_after=None
[2023-03-12T12:57:46.746+0000] {logging_mixin.py:137} INFO - [2023-03-12T12:57:46.746+0000] {dag.py:3441} INFO - Setting next_dagrun for example_xcom_args_with_operators to None, run_after=None
[2023-03-12T12:57:46.765+0000] {processor.py:175} INFO - Processing /home/airflow/.local/lib/python3.7/site-packages/airflow/example_dags/example_xcomargs.py took 0.098 seconds
[2023-03-12T12:58:18.225+0000] {processor.py:153} INFO - Started process (PID=824) to work on /home/airflow/.local/lib/python3.7/site-packages/airflow/example_dags/example_xcomargs.py
[2023-03-12T12:58:18.226+0000] {processor.py:743} INFO - Processing file /home/airflow/.local/lib/python3.7/site-packages/airflow/example_dags/example_xcomargs.py for tasks to queue
[2023-03-12T12:58:18.226+0000] {logging_mixin.py:137} INFO - [2023-03-12T12:58:18.226+0000] {dagbag.py:538} INFO - Filling up the DagBag from /home/airflow/.local/lib/python3.7/site-packages/airflow/example_dags/example_xcomargs.py
[2023-03-12T12:58:18.251+0000] {processor.py:753} INFO - DAG(s) dict_keys(['example_xcom_args', 'example_xcom_args_with_operators']) retrieved from /home/airflow/.local/lib/python3.7/site-packages/airflow/example_dags/example_xcomargs.py
[2023-03-12T12:58:18.280+0000] {logging_mixin.py:137} INFO - [2023-03-12T12:58:18.280+0000] {dag.py:2690} INFO - Sync 2 DAGs
[2023-03-12T12:58:18.304+0000] {logging_mixin.py:137} INFO - [2023-03-12T12:58:18.304+0000] {dag.py:3441} INFO - Setting next_dagrun for example_xcom_args to None, run_after=None
[2023-03-12T12:58:18.307+0000] {logging_mixin.py:137} INFO - [2023-03-12T12:58:18.307+0000] {dag.py:3441} INFO - Setting next_dagrun for example_xcom_args_with_operators to None, run_after=None
[2023-03-12T12:58:18.323+0000] {processor.py:175} INFO - Processing /home/airflow/.local/lib/python3.7/site-packages/airflow/example_dags/example_xcomargs.py took 0.101 seconds
[2023-03-12T13:00:38.195+0000] {processor.py:153} INFO - Started process (PID=122) to work on /home/airflow/.local/lib/python3.7/site-packages/airflow/example_dags/example_xcomargs.py
[2023-03-12T13:00:38.196+0000] {processor.py:743} INFO - Processing file /home/airflow/.local/lib/python3.7/site-packages/airflow/example_dags/example_xcomargs.py for tasks to queue
[2023-03-12T13:00:38.196+0000] {logging_mixin.py:137} INFO - [2023-03-12T13:00:38.196+0000] {dagbag.py:538} INFO - Filling up the DagBag from /home/airflow/.local/lib/python3.7/site-packages/airflow/example_dags/example_xcomargs.py
[2023-03-12T13:00:38.224+0000] {processor.py:753} INFO - DAG(s) dict_keys(['example_xcom_args', 'example_xcom_args_with_operators']) retrieved from /home/airflow/.local/lib/python3.7/site-packages/airflow/example_dags/example_xcomargs.py
[2023-03-12T13:00:38.238+0000] {logging_mixin.py:137} INFO - [2023-03-12T13:00:38.238+0000] {dag.py:2690} INFO - Sync 2 DAGs
[2023-03-12T13:00:38.269+0000] {logging_mixin.py:137} INFO - [2023-03-12T13:00:38.269+0000] {dag.py:3441} INFO - Setting next_dagrun for example_xcom_args to None, run_after=None
[2023-03-12T13:00:38.273+0000] {logging_mixin.py:137} INFO - [2023-03-12T13:00:38.273+0000] {dag.py:3441} INFO - Setting next_dagrun for example_xcom_args_with_operators to None, run_after=None
[2023-03-12T13:00:38.290+0000] {processor.py:175} INFO - Processing /home/airflow/.local/lib/python3.7/site-packages/airflow/example_dags/example_xcomargs.py took 0.098 seconds
[2023-03-12T13:01:08.997+0000] {processor.py:153} INFO - Started process (PID=212) to work on /home/airflow/.local/lib/python3.7/site-packages/airflow/example_dags/example_xcomargs.py
[2023-03-12T13:01:08.998+0000] {processor.py:743} INFO - Processing file /home/airflow/.local/lib/python3.7/site-packages/airflow/example_dags/example_xcomargs.py for tasks to queue
[2023-03-12T13:01:08.998+0000] {logging_mixin.py:137} INFO - [2023-03-12T13:01:08.998+0000] {dagbag.py:538} INFO - Filling up the DagBag from /home/airflow/.local/lib/python3.7/site-packages/airflow/example_dags/example_xcomargs.py
[2023-03-12T13:01:09.024+0000] {processor.py:753} INFO - DAG(s) dict_keys(['example_xcom_args', 'example_xcom_args_with_operators']) retrieved from /home/airflow/.local/lib/python3.7/site-packages/airflow/example_dags/example_xcomargs.py
[2023-03-12T13:01:09.064+0000] {logging_mixin.py:137} INFO - [2023-03-12T13:01:09.064+0000] {dag.py:2690} INFO - Sync 2 DAGs
[2023-03-12T13:01:09.101+0000] {logging_mixin.py:137} INFO - [2023-03-12T13:01:09.101+0000] {dag.py:3441} INFO - Setting next_dagrun for example_xcom_args to None, run_after=None
[2023-03-12T13:01:09.108+0000] {logging_mixin.py:137} INFO - [2023-03-12T13:01:09.108+0000] {dag.py:3441} INFO - Setting next_dagrun for example_xcom_args_with_operators to None, run_after=None
[2023-03-12T13:01:09.127+0000] {processor.py:175} INFO - Processing /home/airflow/.local/lib/python3.7/site-packages/airflow/example_dags/example_xcomargs.py took 0.133 seconds
[2023-03-12T13:01:40.413+0000] {processor.py:153} INFO - Started process (PID=311) to work on /home/airflow/.local/lib/python3.7/site-packages/airflow/example_dags/example_xcomargs.py
[2023-03-12T13:01:40.414+0000] {processor.py:743} INFO - Processing file /home/airflow/.local/lib/python3.7/site-packages/airflow/example_dags/example_xcomargs.py for tasks to queue
[2023-03-12T13:01:40.415+0000] {logging_mixin.py:137} INFO - [2023-03-12T13:01:40.415+0000] {dagbag.py:538} INFO - Filling up the DagBag from /home/airflow/.local/lib/python3.7/site-packages/airflow/example_dags/example_xcomargs.py
[2023-03-12T13:01:40.441+0000] {processor.py:753} INFO - DAG(s) dict_keys(['example_xcom_args', 'example_xcom_args_with_operators']) retrieved from /home/airflow/.local/lib/python3.7/site-packages/airflow/example_dags/example_xcomargs.py
[2023-03-12T13:01:40.488+0000] {logging_mixin.py:137} INFO - [2023-03-12T13:01:40.488+0000] {dag.py:2690} INFO - Sync 2 DAGs
[2023-03-12T13:01:40.518+0000] {logging_mixin.py:137} INFO - [2023-03-12T13:01:40.517+0000] {dag.py:3441} INFO - Setting next_dagrun for example_xcom_args to None, run_after=None
[2023-03-12T13:01:40.521+0000] {logging_mixin.py:137} INFO - [2023-03-12T13:01:40.521+0000] {dag.py:3441} INFO - Setting next_dagrun for example_xcom_args_with_operators to None, run_after=None
[2023-03-12T13:01:40.540+0000] {processor.py:175} INFO - Processing /home/airflow/.local/lib/python3.7/site-packages/airflow/example_dags/example_xcomargs.py took 0.131 seconds
[2023-03-12T13:02:11.424+0000] {processor.py:153} INFO - Started process (PID=416) to work on /home/airflow/.local/lib/python3.7/site-packages/airflow/example_dags/example_xcomargs.py
[2023-03-12T13:02:11.424+0000] {processor.py:743} INFO - Processing file /home/airflow/.local/lib/python3.7/site-packages/airflow/example_dags/example_xcomargs.py for tasks to queue
[2023-03-12T13:02:11.425+0000] {logging_mixin.py:137} INFO - [2023-03-12T13:02:11.425+0000] {dagbag.py:538} INFO - Filling up the DagBag from /home/airflow/.local/lib/python3.7/site-packages/airflow/example_dags/example_xcomargs.py
[2023-03-12T13:02:11.448+0000] {processor.py:753} INFO - DAG(s) dict_keys(['example_xcom_args', 'example_xcom_args_with_operators']) retrieved from /home/airflow/.local/lib/python3.7/site-packages/airflow/example_dags/example_xcomargs.py
[2023-03-12T13:02:11.478+0000] {logging_mixin.py:137} INFO - [2023-03-12T13:02:11.478+0000] {dag.py:2690} INFO - Sync 2 DAGs
[2023-03-12T13:02:11.502+0000] {logging_mixin.py:137} INFO - [2023-03-12T13:02:11.502+0000] {dag.py:3441} INFO - Setting next_dagrun for example_xcom_args to None, run_after=None
[2023-03-12T13:02:11.505+0000] {logging_mixin.py:137} INFO - [2023-03-12T13:02:11.505+0000] {dag.py:3441} INFO - Setting next_dagrun for example_xcom_args_with_operators to None, run_after=None
[2023-03-12T13:02:11.527+0000] {processor.py:175} INFO - Processing /home/airflow/.local/lib/python3.7/site-packages/airflow/example_dags/example_xcomargs.py took 0.106 seconds
[2023-03-12T13:02:42.235+0000] {processor.py:153} INFO - Started process (PID=506) to work on /home/airflow/.local/lib/python3.7/site-packages/airflow/example_dags/example_xcomargs.py
[2023-03-12T13:02:42.236+0000] {processor.py:743} INFO - Processing file /home/airflow/.local/lib/python3.7/site-packages/airflow/example_dags/example_xcomargs.py for tasks to queue
[2023-03-12T13:02:42.236+0000] {logging_mixin.py:137} INFO - [2023-03-12T13:02:42.236+0000] {dagbag.py:538} INFO - Filling up the DagBag from /home/airflow/.local/lib/python3.7/site-packages/airflow/example_dags/example_xcomargs.py
[2023-03-12T13:02:42.265+0000] {processor.py:753} INFO - DAG(s) dict_keys(['example_xcom_args_with_operators', 'example_xcom_args']) retrieved from /home/airflow/.local/lib/python3.7/site-packages/airflow/example_dags/example_xcomargs.py
[2023-03-12T13:02:42.292+0000] {logging_mixin.py:137} INFO - [2023-03-12T13:02:42.292+0000] {dag.py:2690} INFO - Sync 2 DAGs
[2023-03-12T13:02:42.320+0000] {logging_mixin.py:137} INFO - [2023-03-12T13:02:42.319+0000] {dag.py:3441} INFO - Setting next_dagrun for example_xcom_args to None, run_after=None
[2023-03-12T13:02:42.323+0000] {logging_mixin.py:137} INFO - [2023-03-12T13:02:42.323+0000] {dag.py:3441} INFO - Setting next_dagrun for example_xcom_args_with_operators to None, run_after=None
[2023-03-12T13:02:42.338+0000] {processor.py:175} INFO - Processing /home/airflow/.local/lib/python3.7/site-packages/airflow/example_dags/example_xcomargs.py took 0.106 seconds
[2023-03-12T13:03:13.061+0000] {processor.py:153} INFO - Started process (PID=620) to work on /home/airflow/.local/lib/python3.7/site-packages/airflow/example_dags/example_xcomargs.py
[2023-03-12T13:03:13.061+0000] {processor.py:743} INFO - Processing file /home/airflow/.local/lib/python3.7/site-packages/airflow/example_dags/example_xcomargs.py for tasks to queue
[2023-03-12T13:03:13.062+0000] {logging_mixin.py:137} INFO - [2023-03-12T13:03:13.062+0000] {dagbag.py:538} INFO - Filling up the DagBag from /home/airflow/.local/lib/python3.7/site-packages/airflow/example_dags/example_xcomargs.py
[2023-03-12T13:03:13.085+0000] {processor.py:753} INFO - DAG(s) dict_keys(['example_xcom_args', 'example_xcom_args_with_operators']) retrieved from /home/airflow/.local/lib/python3.7/site-packages/airflow/example_dags/example_xcomargs.py
[2023-03-12T13:03:13.113+0000] {logging_mixin.py:137} INFO - [2023-03-12T13:03:13.113+0000] {dag.py:2690} INFO - Sync 2 DAGs
[2023-03-12T13:03:13.140+0000] {logging_mixin.py:137} INFO - [2023-03-12T13:03:13.140+0000] {dag.py:3441} INFO - Setting next_dagrun for example_xcom_args to None, run_after=None
[2023-03-12T13:03:13.143+0000] {logging_mixin.py:137} INFO - [2023-03-12T13:03:13.143+0000] {dag.py:3441} INFO - Setting next_dagrun for example_xcom_args_with_operators to None, run_after=None
[2023-03-12T13:03:13.161+0000] {processor.py:175} INFO - Processing /home/airflow/.local/lib/python3.7/site-packages/airflow/example_dags/example_xcomargs.py took 0.103 seconds
[2023-03-12T13:03:43.846+0000] {processor.py:153} INFO - Started process (PID=710) to work on /home/airflow/.local/lib/python3.7/site-packages/airflow/example_dags/example_xcomargs.py
[2023-03-12T13:03:43.847+0000] {processor.py:743} INFO - Processing file /home/airflow/.local/lib/python3.7/site-packages/airflow/example_dags/example_xcomargs.py for tasks to queue
[2023-03-12T13:03:43.848+0000] {logging_mixin.py:137} INFO - [2023-03-12T13:03:43.848+0000] {dagbag.py:538} INFO - Filling up the DagBag from /home/airflow/.local/lib/python3.7/site-packages/airflow/example_dags/example_xcomargs.py
[2023-03-12T13:03:43.874+0000] {processor.py:753} INFO - DAG(s) dict_keys(['example_xcom_args_with_operators', 'example_xcom_args']) retrieved from /home/airflow/.local/lib/python3.7/site-packages/airflow/example_dags/example_xcomargs.py
[2023-03-12T13:03:43.902+0000] {logging_mixin.py:137} INFO - [2023-03-12T13:03:43.902+0000] {dag.py:2690} INFO - Sync 2 DAGs
[2023-03-12T13:03:43.929+0000] {logging_mixin.py:137} INFO - [2023-03-12T13:03:43.929+0000] {dag.py:3441} INFO - Setting next_dagrun for example_xcom_args to None, run_after=None
[2023-03-12T13:03:43.932+0000] {logging_mixin.py:137} INFO - [2023-03-12T13:03:43.932+0000] {dag.py:3441} INFO - Setting next_dagrun for example_xcom_args_with_operators to None, run_after=None
[2023-03-12T13:03:43.952+0000] {processor.py:175} INFO - Processing /home/airflow/.local/lib/python3.7/site-packages/airflow/example_dags/example_xcomargs.py took 0.109 seconds
[2023-03-12T13:04:14.672+0000] {processor.py:153} INFO - Started process (PID=824) to work on /home/airflow/.local/lib/python3.7/site-packages/airflow/example_dags/example_xcomargs.py
[2023-03-12T13:04:14.673+0000] {processor.py:743} INFO - Processing file /home/airflow/.local/lib/python3.7/site-packages/airflow/example_dags/example_xcomargs.py for tasks to queue
[2023-03-12T13:04:14.673+0000] {logging_mixin.py:137} INFO - [2023-03-12T13:04:14.673+0000] {dagbag.py:538} INFO - Filling up the DagBag from /home/airflow/.local/lib/python3.7/site-packages/airflow/example_dags/example_xcomargs.py
[2023-03-12T13:04:14.696+0000] {processor.py:753} INFO - DAG(s) dict_keys(['example_xcom_args', 'example_xcom_args_with_operators']) retrieved from /home/airflow/.local/lib/python3.7/site-packages/airflow/example_dags/example_xcomargs.py
[2023-03-12T13:04:14.724+0000] {logging_mixin.py:137} INFO - [2023-03-12T13:04:14.724+0000] {dag.py:2690} INFO - Sync 2 DAGs
[2023-03-12T13:04:14.753+0000] {logging_mixin.py:137} INFO - [2023-03-12T13:04:14.752+0000] {dag.py:3441} INFO - Setting next_dagrun for example_xcom_args to None, run_after=None
[2023-03-12T13:04:14.757+0000] {logging_mixin.py:137} INFO - [2023-03-12T13:04:14.757+0000] {dag.py:3441} INFO - Setting next_dagrun for example_xcom_args_with_operators to None, run_after=None
[2023-03-12T13:04:14.778+0000] {processor.py:175} INFO - Processing /home/airflow/.local/lib/python3.7/site-packages/airflow/example_dags/example_xcomargs.py took 0.108 seconds
[2023-03-12T13:04:45.477+0000] {processor.py:153} INFO - Started process (PID=914) to work on /home/airflow/.local/lib/python3.7/site-packages/airflow/example_dags/example_xcomargs.py
[2023-03-12T13:04:45.477+0000] {processor.py:743} INFO - Processing file /home/airflow/.local/lib/python3.7/site-packages/airflow/example_dags/example_xcomargs.py for tasks to queue
[2023-03-12T13:04:45.478+0000] {logging_mixin.py:137} INFO - [2023-03-12T13:04:45.478+0000] {dagbag.py:538} INFO - Filling up the DagBag from /home/airflow/.local/lib/python3.7/site-packages/airflow/example_dags/example_xcomargs.py
[2023-03-12T13:04:45.501+0000] {processor.py:753} INFO - DAG(s) dict_keys(['example_xcom_args', 'example_xcom_args_with_operators']) retrieved from /home/airflow/.local/lib/python3.7/site-packages/airflow/example_dags/example_xcomargs.py
[2023-03-12T13:04:45.528+0000] {logging_mixin.py:137} INFO - [2023-03-12T13:04:45.527+0000] {dag.py:2690} INFO - Sync 2 DAGs
[2023-03-12T13:04:45.556+0000] {logging_mixin.py:137} INFO - [2023-03-12T13:04:45.556+0000] {dag.py:3441} INFO - Setting next_dagrun for example_xcom_args to None, run_after=None
[2023-03-12T13:04:45.560+0000] {logging_mixin.py:137} INFO - [2023-03-12T13:04:45.560+0000] {dag.py:3441} INFO - Setting next_dagrun for example_xcom_args_with_operators to None, run_after=None
[2023-03-12T13:04:45.577+0000] {processor.py:175} INFO - Processing /home/airflow/.local/lib/python3.7/site-packages/airflow/example_dags/example_xcomargs.py took 0.104 seconds
[2023-03-12T13:05:16.890+0000] {processor.py:153} INFO - Started process (PID=1014) to work on /home/airflow/.local/lib/python3.7/site-packages/airflow/example_dags/example_xcomargs.py
[2023-03-12T13:05:16.891+0000] {processor.py:743} INFO - Processing file /home/airflow/.local/lib/python3.7/site-packages/airflow/example_dags/example_xcomargs.py for tasks to queue
[2023-03-12T13:05:16.892+0000] {logging_mixin.py:137} INFO - [2023-03-12T13:05:16.892+0000] {dagbag.py:538} INFO - Filling up the DagBag from /home/airflow/.local/lib/python3.7/site-packages/airflow/example_dags/example_xcomargs.py
[2023-03-12T13:05:16.949+0000] {processor.py:753} INFO - DAG(s) dict_keys(['example_xcom_args', 'example_xcom_args_with_operators']) retrieved from /home/airflow/.local/lib/python3.7/site-packages/airflow/example_dags/example_xcomargs.py
[2023-03-12T13:05:16.999+0000] {logging_mixin.py:137} INFO - [2023-03-12T13:05:16.998+0000] {dag.py:2690} INFO - Sync 2 DAGs
[2023-03-12T13:05:17.044+0000] {logging_mixin.py:137} INFO - [2023-03-12T13:05:17.044+0000] {dag.py:3441} INFO - Setting next_dagrun for example_xcom_args to None, run_after=None
[2023-03-12T13:05:17.051+0000] {logging_mixin.py:137} INFO - [2023-03-12T13:05:17.050+0000] {dag.py:3441} INFO - Setting next_dagrun for example_xcom_args_with_operators to None, run_after=None
[2023-03-12T13:05:17.090+0000] {processor.py:175} INFO - Processing /home/airflow/.local/lib/python3.7/site-packages/airflow/example_dags/example_xcomargs.py took 0.203 seconds
[2023-03-12T13:05:48.063+0000] {processor.py:153} INFO - Started process (PID=1119) to work on /home/airflow/.local/lib/python3.7/site-packages/airflow/example_dags/example_xcomargs.py
[2023-03-12T13:05:48.064+0000] {processor.py:743} INFO - Processing file /home/airflow/.local/lib/python3.7/site-packages/airflow/example_dags/example_xcomargs.py for tasks to queue
[2023-03-12T13:05:48.065+0000] {logging_mixin.py:137} INFO - [2023-03-12T13:05:48.065+0000] {dagbag.py:538} INFO - Filling up the DagBag from /home/airflow/.local/lib/python3.7/site-packages/airflow/example_dags/example_xcomargs.py
[2023-03-12T13:05:48.089+0000] {processor.py:753} INFO - DAG(s) dict_keys(['example_xcom_args_with_operators', 'example_xcom_args']) retrieved from /home/airflow/.local/lib/python3.7/site-packages/airflow/example_dags/example_xcomargs.py
[2023-03-12T13:05:48.117+0000] {logging_mixin.py:137} INFO - [2023-03-12T13:05:48.116+0000] {dag.py:2690} INFO - Sync 2 DAGs
[2023-03-12T13:05:48.141+0000] {logging_mixin.py:137} INFO - [2023-03-12T13:05:48.141+0000] {dag.py:3441} INFO - Setting next_dagrun for example_xcom_args to None, run_after=None
[2023-03-12T13:05:48.144+0000] {logging_mixin.py:137} INFO - [2023-03-12T13:05:48.144+0000] {dag.py:3441} INFO - Setting next_dagrun for example_xcom_args_with_operators to None, run_after=None
[2023-03-12T13:05:48.160+0000] {processor.py:175} INFO - Processing /home/airflow/.local/lib/python3.7/site-packages/airflow/example_dags/example_xcomargs.py took 0.100 seconds
[2023-03-12T13:06:18.276+0000] {processor.py:153} INFO - Started process (PID=1209) to work on /home/airflow/.local/lib/python3.7/site-packages/airflow/example_dags/example_xcomargs.py
[2023-03-12T13:06:18.277+0000] {processor.py:743} INFO - Processing file /home/airflow/.local/lib/python3.7/site-packages/airflow/example_dags/example_xcomargs.py for tasks to queue
[2023-03-12T13:06:18.277+0000] {logging_mixin.py:137} INFO - [2023-03-12T13:06:18.277+0000] {dagbag.py:538} INFO - Filling up the DagBag from /home/airflow/.local/lib/python3.7/site-packages/airflow/example_dags/example_xcomargs.py
[2023-03-12T13:06:18.306+0000] {processor.py:753} INFO - DAG(s) dict_keys(['example_xcom_args_with_operators', 'example_xcom_args']) retrieved from /home/airflow/.local/lib/python3.7/site-packages/airflow/example_dags/example_xcomargs.py
[2023-03-12T13:06:18.336+0000] {logging_mixin.py:137} INFO - [2023-03-12T13:06:18.336+0000] {dag.py:2690} INFO - Sync 2 DAGs
[2023-03-12T13:06:18.369+0000] {logging_mixin.py:137} INFO - [2023-03-12T13:06:18.369+0000] {dag.py:3441} INFO - Setting next_dagrun for example_xcom_args to None, run_after=None
[2023-03-12T13:06:18.375+0000] {logging_mixin.py:137} INFO - [2023-03-12T13:06:18.375+0000] {dag.py:3441} INFO - Setting next_dagrun for example_xcom_args_with_operators to None, run_after=None
[2023-03-12T13:06:18.394+0000] {processor.py:175} INFO - Processing /home/airflow/.local/lib/python3.7/site-packages/airflow/example_dags/example_xcomargs.py took 0.121 seconds
[2023-03-12T13:06:49.066+0000] {processor.py:153} INFO - Started process (PID=1333) to work on /home/airflow/.local/lib/python3.7/site-packages/airflow/example_dags/example_xcomargs.py
[2023-03-12T13:06:49.067+0000] {processor.py:743} INFO - Processing file /home/airflow/.local/lib/python3.7/site-packages/airflow/example_dags/example_xcomargs.py for tasks to queue
[2023-03-12T13:06:49.068+0000] {logging_mixin.py:137} INFO - [2023-03-12T13:06:49.068+0000] {dagbag.py:538} INFO - Filling up the DagBag from /home/airflow/.local/lib/python3.7/site-packages/airflow/example_dags/example_xcomargs.py
[2023-03-12T13:06:49.091+0000] {processor.py:753} INFO - DAG(s) dict_keys(['example_xcom_args', 'example_xcom_args_with_operators']) retrieved from /home/airflow/.local/lib/python3.7/site-packages/airflow/example_dags/example_xcomargs.py
[2023-03-12T13:06:49.120+0000] {logging_mixin.py:137} INFO - [2023-03-12T13:06:49.120+0000] {dag.py:2690} INFO - Sync 2 DAGs
[2023-03-12T13:06:49.149+0000] {logging_mixin.py:137} INFO - [2023-03-12T13:06:49.149+0000] {dag.py:3441} INFO - Setting next_dagrun for example_xcom_args to None, run_after=None
[2023-03-12T13:06:49.157+0000] {logging_mixin.py:137} INFO - [2023-03-12T13:06:49.157+0000] {dag.py:3441} INFO - Setting next_dagrun for example_xcom_args_with_operators to None, run_after=None
[2023-03-12T13:06:49.173+0000] {processor.py:175} INFO - Processing /home/airflow/.local/lib/python3.7/site-packages/airflow/example_dags/example_xcomargs.py took 0.110 seconds
[2023-03-12T13:07:07.772+0000] {processor.py:153} INFO - Started process (PID=107) to work on /home/airflow/.local/lib/python3.7/site-packages/airflow/example_dags/example_xcomargs.py
[2023-03-12T13:07:07.774+0000] {processor.py:743} INFO - Processing file /home/airflow/.local/lib/python3.7/site-packages/airflow/example_dags/example_xcomargs.py for tasks to queue
[2023-03-12T13:07:07.774+0000] {logging_mixin.py:137} INFO - [2023-03-12T13:07:07.774+0000] {dagbag.py:538} INFO - Filling up the DagBag from /home/airflow/.local/lib/python3.7/site-packages/airflow/example_dags/example_xcomargs.py
[2023-03-12T13:07:07.861+0000] {processor.py:753} INFO - DAG(s) dict_keys(['example_xcom_args_with_operators', 'example_xcom_args']) retrieved from /home/airflow/.local/lib/python3.7/site-packages/airflow/example_dags/example_xcomargs.py
[2023-03-12T13:07:07.876+0000] {logging_mixin.py:137} INFO - [2023-03-12T13:07:07.876+0000] {dag.py:2690} INFO - Sync 2 DAGs
[2023-03-12T13:07:07.972+0000] {logging_mixin.py:137} INFO - [2023-03-12T13:07:07.972+0000] {dag.py:3441} INFO - Setting next_dagrun for example_xcom_args to None, run_after=None
[2023-03-12T13:07:07.976+0000] {logging_mixin.py:137} INFO - [2023-03-12T13:07:07.976+0000] {dag.py:3441} INFO - Setting next_dagrun for example_xcom_args_with_operators to None, run_after=None
[2023-03-12T13:07:08.163+0000] {processor.py:175} INFO - Processing /home/airflow/.local/lib/python3.7/site-packages/airflow/example_dags/example_xcomargs.py took 0.394 seconds
[2023-03-12T13:07:38.553+0000] {processor.py:153} INFO - Started process (PID=211) to work on /home/airflow/.local/lib/python3.7/site-packages/airflow/example_dags/example_xcomargs.py
[2023-03-12T13:07:38.554+0000] {processor.py:743} INFO - Processing file /home/airflow/.local/lib/python3.7/site-packages/airflow/example_dags/example_xcomargs.py for tasks to queue
[2023-03-12T13:07:38.555+0000] {logging_mixin.py:137} INFO - [2023-03-12T13:07:38.555+0000] {dagbag.py:538} INFO - Filling up the DagBag from /home/airflow/.local/lib/python3.7/site-packages/airflow/example_dags/example_xcomargs.py
[2023-03-12T13:07:38.579+0000] {processor.py:753} INFO - DAG(s) dict_keys(['example_xcom_args_with_operators', 'example_xcom_args']) retrieved from /home/airflow/.local/lib/python3.7/site-packages/airflow/example_dags/example_xcomargs.py
[2023-03-12T13:07:38.607+0000] {logging_mixin.py:137} INFO - [2023-03-12T13:07:38.607+0000] {dag.py:2690} INFO - Sync 2 DAGs
[2023-03-12T13:07:38.633+0000] {logging_mixin.py:137} INFO - [2023-03-12T13:07:38.632+0000] {dag.py:3441} INFO - Setting next_dagrun for example_xcom_args to None, run_after=None
[2023-03-12T13:07:38.636+0000] {logging_mixin.py:137} INFO - [2023-03-12T13:07:38.636+0000] {dag.py:3441} INFO - Setting next_dagrun for example_xcom_args_with_operators to None, run_after=None
[2023-03-12T13:07:38.654+0000] {processor.py:175} INFO - Processing /home/airflow/.local/lib/python3.7/site-packages/airflow/example_dags/example_xcomargs.py took 0.105 seconds
[2023-03-12T13:08:09.313+0000] {processor.py:153} INFO - Started process (PID=301) to work on /home/airflow/.local/lib/python3.7/site-packages/airflow/example_dags/example_xcomargs.py
[2023-03-12T13:08:09.314+0000] {processor.py:743} INFO - Processing file /home/airflow/.local/lib/python3.7/site-packages/airflow/example_dags/example_xcomargs.py for tasks to queue
[2023-03-12T13:08:09.315+0000] {logging_mixin.py:137} INFO - [2023-03-12T13:08:09.315+0000] {dagbag.py:538} INFO - Filling up the DagBag from /home/airflow/.local/lib/python3.7/site-packages/airflow/example_dags/example_xcomargs.py
[2023-03-12T13:08:09.338+0000] {processor.py:753} INFO - DAG(s) dict_keys(['example_xcom_args', 'example_xcom_args_with_operators']) retrieved from /home/airflow/.local/lib/python3.7/site-packages/airflow/example_dags/example_xcomargs.py
[2023-03-12T13:08:09.368+0000] {logging_mixin.py:137} INFO - [2023-03-12T13:08:09.367+0000] {dag.py:2690} INFO - Sync 2 DAGs
[2023-03-12T13:08:09.391+0000] {logging_mixin.py:137} INFO - [2023-03-12T13:08:09.391+0000] {dag.py:3441} INFO - Setting next_dagrun for example_xcom_args to None, run_after=None
[2023-03-12T13:08:09.394+0000] {logging_mixin.py:137} INFO - [2023-03-12T13:08:09.394+0000] {dag.py:3441} INFO - Setting next_dagrun for example_xcom_args_with_operators to None, run_after=None
[2023-03-12T13:08:09.410+0000] {processor.py:175} INFO - Processing /home/airflow/.local/lib/python3.7/site-packages/airflow/example_dags/example_xcomargs.py took 0.099 seconds
[2023-03-12T13:08:40.262+0000] {processor.py:153} INFO - Started process (PID=416) to work on /home/airflow/.local/lib/python3.7/site-packages/airflow/example_dags/example_xcomargs.py
[2023-03-12T13:08:40.262+0000] {processor.py:743} INFO - Processing file /home/airflow/.local/lib/python3.7/site-packages/airflow/example_dags/example_xcomargs.py for tasks to queue
[2023-03-12T13:08:40.263+0000] {logging_mixin.py:137} INFO - [2023-03-12T13:08:40.263+0000] {dagbag.py:538} INFO - Filling up the DagBag from /home/airflow/.local/lib/python3.7/site-packages/airflow/example_dags/example_xcomargs.py
[2023-03-12T13:08:40.288+0000] {processor.py:753} INFO - DAG(s) dict_keys(['example_xcom_args_with_operators', 'example_xcom_args']) retrieved from /home/airflow/.local/lib/python3.7/site-packages/airflow/example_dags/example_xcomargs.py
[2023-03-12T13:08:40.318+0000] {logging_mixin.py:137} INFO - [2023-03-12T13:08:40.318+0000] {dag.py:2690} INFO - Sync 2 DAGs
[2023-03-12T13:08:40.344+0000] {logging_mixin.py:137} INFO - [2023-03-12T13:08:40.344+0000] {dag.py:3441} INFO - Setting next_dagrun for example_xcom_args to None, run_after=None
[2023-03-12T13:08:40.347+0000] {logging_mixin.py:137} INFO - [2023-03-12T13:08:40.347+0000] {dag.py:3441} INFO - Setting next_dagrun for example_xcom_args_with_operators to None, run_after=None
[2023-03-12T13:08:40.365+0000] {processor.py:175} INFO - Processing /home/airflow/.local/lib/python3.7/site-packages/airflow/example_dags/example_xcomargs.py took 0.106 seconds
[2023-03-12T13:08:59.151+0000] {processor.py:153} INFO - Started process (PID=98) to work on /home/airflow/.local/lib/python3.7/site-packages/airflow/example_dags/example_xcomargs.py
[2023-03-12T13:08:59.153+0000] {processor.py:743} INFO - Processing file /home/airflow/.local/lib/python3.7/site-packages/airflow/example_dags/example_xcomargs.py for tasks to queue
[2023-03-12T13:08:59.154+0000] {logging_mixin.py:137} INFO - [2023-03-12T13:08:59.153+0000] {dagbag.py:538} INFO - Filling up the DagBag from /home/airflow/.local/lib/python3.7/site-packages/airflow/example_dags/example_xcomargs.py
[2023-03-12T13:08:59.183+0000] {processor.py:753} INFO - DAG(s) dict_keys(['example_xcom_args_with_operators', 'example_xcom_args']) retrieved from /home/airflow/.local/lib/python3.7/site-packages/airflow/example_dags/example_xcomargs.py
[2023-03-12T13:08:59.198+0000] {logging_mixin.py:137} INFO - [2023-03-12T13:08:59.197+0000] {dag.py:2690} INFO - Sync 2 DAGs
[2023-03-12T13:08:59.233+0000] {logging_mixin.py:137} INFO - [2023-03-12T13:08:59.232+0000] {dag.py:3441} INFO - Setting next_dagrun for example_xcom_args to None, run_after=None
[2023-03-12T13:08:59.237+0000] {logging_mixin.py:137} INFO - [2023-03-12T13:08:59.236+0000] {dag.py:3441} INFO - Setting next_dagrun for example_xcom_args_with_operators to None, run_after=None
[2023-03-12T13:08:59.262+0000] {processor.py:175} INFO - Processing /home/airflow/.local/lib/python3.7/site-packages/airflow/example_dags/example_xcomargs.py took 0.113 seconds
[2023-03-12T13:09:30.159+0000] {processor.py:153} INFO - Started process (PID=212) to work on /home/airflow/.local/lib/python3.7/site-packages/airflow/example_dags/example_xcomargs.py
[2023-03-12T13:09:30.160+0000] {processor.py:743} INFO - Processing file /home/airflow/.local/lib/python3.7/site-packages/airflow/example_dags/example_xcomargs.py for tasks to queue
[2023-03-12T13:09:30.160+0000] {logging_mixin.py:137} INFO - [2023-03-12T13:09:30.160+0000] {dagbag.py:538} INFO - Filling up the DagBag from /home/airflow/.local/lib/python3.7/site-packages/airflow/example_dags/example_xcomargs.py
[2023-03-12T13:09:30.186+0000] {processor.py:753} INFO - DAG(s) dict_keys(['example_xcom_args_with_operators', 'example_xcom_args']) retrieved from /home/airflow/.local/lib/python3.7/site-packages/airflow/example_dags/example_xcomargs.py
[2023-03-12T13:09:30.213+0000] {logging_mixin.py:137} INFO - [2023-03-12T13:09:30.213+0000] {dag.py:2690} INFO - Sync 2 DAGs
[2023-03-12T13:09:30.238+0000] {logging_mixin.py:137} INFO - [2023-03-12T13:09:30.238+0000] {dag.py:3441} INFO - Setting next_dagrun for example_xcom_args to None, run_after=None
[2023-03-12T13:09:30.241+0000] {logging_mixin.py:137} INFO - [2023-03-12T13:09:30.241+0000] {dag.py:3441} INFO - Setting next_dagrun for example_xcom_args_with_operators to None, run_after=None
[2023-03-12T13:09:30.259+0000] {processor.py:175} INFO - Processing /home/airflow/.local/lib/python3.7/site-packages/airflow/example_dags/example_xcomargs.py took 0.103 seconds
[2023-03-12T13:10:00.955+0000] {processor.py:153} INFO - Started process (PID=302) to work on /home/airflow/.local/lib/python3.7/site-packages/airflow/example_dags/example_xcomargs.py
[2023-03-12T13:10:00.956+0000] {processor.py:743} INFO - Processing file /home/airflow/.local/lib/python3.7/site-packages/airflow/example_dags/example_xcomargs.py for tasks to queue
[2023-03-12T13:10:00.956+0000] {logging_mixin.py:137} INFO - [2023-03-12T13:10:00.956+0000] {dagbag.py:538} INFO - Filling up the DagBag from /home/airflow/.local/lib/python3.7/site-packages/airflow/example_dags/example_xcomargs.py
[2023-03-12T13:10:00.979+0000] {processor.py:753} INFO - DAG(s) dict_keys(['example_xcom_args_with_operators', 'example_xcom_args']) retrieved from /home/airflow/.local/lib/python3.7/site-packages/airflow/example_dags/example_xcomargs.py
[2023-03-12T13:10:01.008+0000] {logging_mixin.py:137} INFO - [2023-03-12T13:10:01.008+0000] {dag.py:2690} INFO - Sync 2 DAGs
[2023-03-12T13:10:01.035+0000] {logging_mixin.py:137} INFO - [2023-03-12T13:10:01.035+0000] {dag.py:3441} INFO - Setting next_dagrun for example_xcom_args to None, run_after=None
[2023-03-12T13:10:01.039+0000] {logging_mixin.py:137} INFO - [2023-03-12T13:10:01.039+0000] {dag.py:3441} INFO - Setting next_dagrun for example_xcom_args_with_operators to None, run_after=None
[2023-03-12T13:10:01.062+0000] {processor.py:175} INFO - Processing /home/airflow/.local/lib/python3.7/site-packages/airflow/example_dags/example_xcomargs.py took 0.110 seconds
[2023-03-12T13:10:32.194+0000] {processor.py:153} INFO - Started process (PID=426) to work on /home/airflow/.local/lib/python3.7/site-packages/airflow/example_dags/example_xcomargs.py
[2023-03-12T13:10:32.195+0000] {processor.py:743} INFO - Processing file /home/airflow/.local/lib/python3.7/site-packages/airflow/example_dags/example_xcomargs.py for tasks to queue
[2023-03-12T13:10:32.196+0000] {logging_mixin.py:137} INFO - [2023-03-12T13:10:32.196+0000] {dagbag.py:538} INFO - Filling up the DagBag from /home/airflow/.local/lib/python3.7/site-packages/airflow/example_dags/example_xcomargs.py
[2023-03-12T13:10:32.220+0000] {processor.py:753} INFO - DAG(s) dict_keys(['example_xcom_args_with_operators', 'example_xcom_args']) retrieved from /home/airflow/.local/lib/python3.7/site-packages/airflow/example_dags/example_xcomargs.py
[2023-03-12T13:10:32.252+0000] {logging_mixin.py:137} INFO - [2023-03-12T13:10:32.252+0000] {dag.py:2690} INFO - Sync 2 DAGs
[2023-03-12T13:10:32.281+0000] {logging_mixin.py:137} INFO - [2023-03-12T13:10:32.281+0000] {dag.py:3441} INFO - Setting next_dagrun for example_xcom_args to None, run_after=None
[2023-03-12T13:10:32.284+0000] {logging_mixin.py:137} INFO - [2023-03-12T13:10:32.284+0000] {dag.py:3441} INFO - Setting next_dagrun for example_xcom_args_with_operators to None, run_after=None
[2023-03-12T13:10:32.301+0000] {processor.py:175} INFO - Processing /home/airflow/.local/lib/python3.7/site-packages/airflow/example_dags/example_xcomargs.py took 0.110 seconds
[2023-03-12T13:11:03.422+0000] {processor.py:153} INFO - Started process (PID=520) to work on /home/airflow/.local/lib/python3.7/site-packages/airflow/example_dags/example_xcomargs.py
[2023-03-12T13:11:03.423+0000] {processor.py:743} INFO - Processing file /home/airflow/.local/lib/python3.7/site-packages/airflow/example_dags/example_xcomargs.py for tasks to queue
[2023-03-12T13:11:03.424+0000] {logging_mixin.py:137} INFO - [2023-03-12T13:11:03.424+0000] {dagbag.py:538} INFO - Filling up the DagBag from /home/airflow/.local/lib/python3.7/site-packages/airflow/example_dags/example_xcomargs.py
[2023-03-12T13:11:03.445+0000] {processor.py:753} INFO - DAG(s) dict_keys(['example_xcom_args', 'example_xcom_args_with_operators']) retrieved from /home/airflow/.local/lib/python3.7/site-packages/airflow/example_dags/example_xcomargs.py
[2023-03-12T13:11:03.476+0000] {logging_mixin.py:137} INFO - [2023-03-12T13:11:03.475+0000] {dag.py:2690} INFO - Sync 2 DAGs
[2023-03-12T13:11:03.500+0000] {logging_mixin.py:137} INFO - [2023-03-12T13:11:03.500+0000] {dag.py:3441} INFO - Setting next_dagrun for example_xcom_args to None, run_after=None
[2023-03-12T13:11:03.504+0000] {logging_mixin.py:137} INFO - [2023-03-12T13:11:03.504+0000] {dag.py:3441} INFO - Setting next_dagrun for example_xcom_args_with_operators to None, run_after=None
[2023-03-12T13:11:03.520+0000] {processor.py:175} INFO - Processing /home/airflow/.local/lib/python3.7/site-packages/airflow/example_dags/example_xcomargs.py took 0.099 seconds
[2023-03-12T13:11:34.600+0000] {processor.py:153} INFO - Started process (PID=634) to work on /home/airflow/.local/lib/python3.7/site-packages/airflow/example_dags/example_xcomargs.py
[2023-03-12T13:11:34.601+0000] {processor.py:743} INFO - Processing file /home/airflow/.local/lib/python3.7/site-packages/airflow/example_dags/example_xcomargs.py for tasks to queue
[2023-03-12T13:11:34.601+0000] {logging_mixin.py:137} INFO - [2023-03-12T13:11:34.601+0000] {dagbag.py:538} INFO - Filling up the DagBag from /home/airflow/.local/lib/python3.7/site-packages/airflow/example_dags/example_xcomargs.py
[2023-03-12T13:11:34.623+0000] {processor.py:753} INFO - DAG(s) dict_keys(['example_xcom_args', 'example_xcom_args_with_operators']) retrieved from /home/airflow/.local/lib/python3.7/site-packages/airflow/example_dags/example_xcomargs.py
[2023-03-12T13:11:34.651+0000] {logging_mixin.py:137} INFO - [2023-03-12T13:11:34.651+0000] {dag.py:2690} INFO - Sync 2 DAGs
[2023-03-12T13:11:34.680+0000] {logging_mixin.py:137} INFO - [2023-03-12T13:11:34.680+0000] {dag.py:3441} INFO - Setting next_dagrun for example_xcom_args to None, run_after=None
[2023-03-12T13:11:34.683+0000] {logging_mixin.py:137} INFO - [2023-03-12T13:11:34.683+0000] {dag.py:3441} INFO - Setting next_dagrun for example_xcom_args_with_operators to None, run_after=None
[2023-03-12T13:11:34.702+0000] {processor.py:175} INFO - Processing /home/airflow/.local/lib/python3.7/site-packages/airflow/example_dags/example_xcomargs.py took 0.106 seconds
[2023-03-12T13:12:05.705+0000] {processor.py:153} INFO - Started process (PID=728) to work on /home/airflow/.local/lib/python3.7/site-packages/airflow/example_dags/example_xcomargs.py
[2023-03-12T13:12:05.706+0000] {processor.py:743} INFO - Processing file /home/airflow/.local/lib/python3.7/site-packages/airflow/example_dags/example_xcomargs.py for tasks to queue
[2023-03-12T13:12:05.706+0000] {logging_mixin.py:137} INFO - [2023-03-12T13:12:05.706+0000] {dagbag.py:538} INFO - Filling up the DagBag from /home/airflow/.local/lib/python3.7/site-packages/airflow/example_dags/example_xcomargs.py
[2023-03-12T13:12:05.729+0000] {processor.py:753} INFO - DAG(s) dict_keys(['example_xcom_args_with_operators', 'example_xcom_args']) retrieved from /home/airflow/.local/lib/python3.7/site-packages/airflow/example_dags/example_xcomargs.py
[2023-03-12T13:12:05.758+0000] {logging_mixin.py:137} INFO - [2023-03-12T13:12:05.758+0000] {dag.py:2690} INFO - Sync 2 DAGs
[2023-03-12T13:12:05.785+0000] {logging_mixin.py:137} INFO - [2023-03-12T13:12:05.785+0000] {dag.py:3441} INFO - Setting next_dagrun for example_xcom_args to None, run_after=None
[2023-03-12T13:12:05.790+0000] {logging_mixin.py:137} INFO - [2023-03-12T13:12:05.789+0000] {dag.py:3441} INFO - Setting next_dagrun for example_xcom_args_with_operators to None, run_after=None
[2023-03-12T13:12:05.807+0000] {processor.py:175} INFO - Processing /home/airflow/.local/lib/python3.7/site-packages/airflow/example_dags/example_xcomargs.py took 0.105 seconds
[2023-03-12T13:12:36.877+0000] {processor.py:153} INFO - Started process (PID=842) to work on /home/airflow/.local/lib/python3.7/site-packages/airflow/example_dags/example_xcomargs.py
[2023-03-12T13:12:36.878+0000] {processor.py:743} INFO - Processing file /home/airflow/.local/lib/python3.7/site-packages/airflow/example_dags/example_xcomargs.py for tasks to queue
[2023-03-12T13:12:36.879+0000] {logging_mixin.py:137} INFO - [2023-03-12T13:12:36.878+0000] {dagbag.py:538} INFO - Filling up the DagBag from /home/airflow/.local/lib/python3.7/site-packages/airflow/example_dags/example_xcomargs.py
[2023-03-12T13:12:36.956+0000] {processor.py:753} INFO - DAG(s) dict_keys(['example_xcom_args_with_operators', 'example_xcom_args']) retrieved from /home/airflow/.local/lib/python3.7/site-packages/airflow/example_dags/example_xcomargs.py
[2023-03-12T13:12:36.989+0000] {logging_mixin.py:137} INFO - [2023-03-12T13:12:36.989+0000] {dag.py:2690} INFO - Sync 2 DAGs
[2023-03-12T13:12:37.018+0000] {logging_mixin.py:137} INFO - [2023-03-12T13:12:37.018+0000] {dag.py:3441} INFO - Setting next_dagrun for example_xcom_args to None, run_after=None
[2023-03-12T13:12:37.022+0000] {logging_mixin.py:137} INFO - [2023-03-12T13:12:37.022+0000] {dag.py:3441} INFO - Setting next_dagrun for example_xcom_args_with_operators to None, run_after=None
[2023-03-12T13:12:37.039+0000] {processor.py:175} INFO - Processing /home/airflow/.local/lib/python3.7/site-packages/airflow/example_dags/example_xcomargs.py took 0.167 seconds
[2023-03-12T13:13:07.094+0000] {processor.py:153} INFO - Started process (PID=936) to work on /home/airflow/.local/lib/python3.7/site-packages/airflow/example_dags/example_xcomargs.py
[2023-03-12T13:13:07.095+0000] {processor.py:743} INFO - Processing file /home/airflow/.local/lib/python3.7/site-packages/airflow/example_dags/example_xcomargs.py for tasks to queue
[2023-03-12T13:13:07.096+0000] {logging_mixin.py:137} INFO - [2023-03-12T13:13:07.096+0000] {dagbag.py:538} INFO - Filling up the DagBag from /home/airflow/.local/lib/python3.7/site-packages/airflow/example_dags/example_xcomargs.py
[2023-03-12T13:13:07.119+0000] {processor.py:753} INFO - DAG(s) dict_keys(['example_xcom_args', 'example_xcom_args_with_operators']) retrieved from /home/airflow/.local/lib/python3.7/site-packages/airflow/example_dags/example_xcomargs.py
[2023-03-12T13:13:07.147+0000] {logging_mixin.py:137} INFO - [2023-03-12T13:13:07.147+0000] {dag.py:2690} INFO - Sync 2 DAGs
[2023-03-12T13:13:07.178+0000] {logging_mixin.py:137} INFO - [2023-03-12T13:13:07.178+0000] {dag.py:3441} INFO - Setting next_dagrun for example_xcom_args to None, run_after=None
[2023-03-12T13:13:07.182+0000] {logging_mixin.py:137} INFO - [2023-03-12T13:13:07.181+0000] {dag.py:3441} INFO - Setting next_dagrun for example_xcom_args_with_operators to None, run_after=None
[2023-03-12T13:13:07.200+0000] {processor.py:175} INFO - Processing /home/airflow/.local/lib/python3.7/site-packages/airflow/example_dags/example_xcomargs.py took 0.109 seconds
[2023-03-12T13:13:38.160+0000] {processor.py:153} INFO - Started process (PID=1032) to work on /home/airflow/.local/lib/python3.7/site-packages/airflow/example_dags/example_xcomargs.py
[2023-03-12T13:13:38.161+0000] {processor.py:743} INFO - Processing file /home/airflow/.local/lib/python3.7/site-packages/airflow/example_dags/example_xcomargs.py for tasks to queue
[2023-03-12T13:13:38.161+0000] {logging_mixin.py:137} INFO - [2023-03-12T13:13:38.161+0000] {dagbag.py:538} INFO - Filling up the DagBag from /home/airflow/.local/lib/python3.7/site-packages/airflow/example_dags/example_xcomargs.py
[2023-03-12T13:13:38.185+0000] {processor.py:753} INFO - DAG(s) dict_keys(['example_xcom_args_with_operators', 'example_xcom_args']) retrieved from /home/airflow/.local/lib/python3.7/site-packages/airflow/example_dags/example_xcomargs.py
[2023-03-12T13:13:38.222+0000] {logging_mixin.py:137} INFO - [2023-03-12T13:13:38.222+0000] {dag.py:2690} INFO - Sync 2 DAGs
[2023-03-12T13:13:38.260+0000] {logging_mixin.py:137} INFO - [2023-03-12T13:13:38.260+0000] {dag.py:3441} INFO - Setting next_dagrun for example_xcom_args to None, run_after=None
[2023-03-12T13:13:38.263+0000] {logging_mixin.py:137} INFO - [2023-03-12T13:13:38.263+0000] {dag.py:3441} INFO - Setting next_dagrun for example_xcom_args_with_operators to None, run_after=None
[2023-03-12T13:13:38.281+0000] {processor.py:175} INFO - Processing /home/airflow/.local/lib/python3.7/site-packages/airflow/example_dags/example_xcomargs.py took 0.124 seconds
[2023-03-12T13:14:08.393+0000] {processor.py:153} INFO - Started process (PID=1144) to work on /home/airflow/.local/lib/python3.7/site-packages/airflow/example_dags/example_xcomargs.py
[2023-03-12T13:14:08.394+0000] {processor.py:743} INFO - Processing file /home/airflow/.local/lib/python3.7/site-packages/airflow/example_dags/example_xcomargs.py for tasks to queue
[2023-03-12T13:14:08.394+0000] {logging_mixin.py:137} INFO - [2023-03-12T13:14:08.394+0000] {dagbag.py:538} INFO - Filling up the DagBag from /home/airflow/.local/lib/python3.7/site-packages/airflow/example_dags/example_xcomargs.py
[2023-03-12T13:14:08.417+0000] {processor.py:753} INFO - DAG(s) dict_keys(['example_xcom_args_with_operators', 'example_xcom_args']) retrieved from /home/airflow/.local/lib/python3.7/site-packages/airflow/example_dags/example_xcomargs.py
[2023-03-12T13:14:08.445+0000] {logging_mixin.py:137} INFO - [2023-03-12T13:14:08.445+0000] {dag.py:2690} INFO - Sync 2 DAGs
[2023-03-12T13:14:08.475+0000] {logging_mixin.py:137} INFO - [2023-03-12T13:14:08.474+0000] {dag.py:3441} INFO - Setting next_dagrun for example_xcom_args to None, run_after=None
[2023-03-12T13:14:08.478+0000] {logging_mixin.py:137} INFO - [2023-03-12T13:14:08.478+0000] {dag.py:3441} INFO - Setting next_dagrun for example_xcom_args_with_operators to None, run_after=None
[2023-03-12T13:14:08.496+0000] {processor.py:175} INFO - Processing /home/airflow/.local/lib/python3.7/site-packages/airflow/example_dags/example_xcomargs.py took 0.105 seconds
[2023-03-12T13:14:38.608+0000] {processor.py:153} INFO - Started process (PID=1234) to work on /home/airflow/.local/lib/python3.7/site-packages/airflow/example_dags/example_xcomargs.py
[2023-03-12T13:14:38.609+0000] {processor.py:743} INFO - Processing file /home/airflow/.local/lib/python3.7/site-packages/airflow/example_dags/example_xcomargs.py for tasks to queue
[2023-03-12T13:14:38.610+0000] {logging_mixin.py:137} INFO - [2023-03-12T13:14:38.610+0000] {dagbag.py:538} INFO - Filling up the DagBag from /home/airflow/.local/lib/python3.7/site-packages/airflow/example_dags/example_xcomargs.py
[2023-03-12T13:14:38.631+0000] {processor.py:753} INFO - DAG(s) dict_keys(['example_xcom_args', 'example_xcom_args_with_operators']) retrieved from /home/airflow/.local/lib/python3.7/site-packages/airflow/example_dags/example_xcomargs.py
[2023-03-12T13:14:38.664+0000] {logging_mixin.py:137} INFO - [2023-03-12T13:14:38.664+0000] {dag.py:2690} INFO - Sync 2 DAGs
[2023-03-12T13:14:38.691+0000] {logging_mixin.py:137} INFO - [2023-03-12T13:14:38.690+0000] {dag.py:3441} INFO - Setting next_dagrun for example_xcom_args to None, run_after=None
[2023-03-12T13:14:38.695+0000] {logging_mixin.py:137} INFO - [2023-03-12T13:14:38.694+0000] {dag.py:3441} INFO - Setting next_dagrun for example_xcom_args_with_operators to None, run_after=None
[2023-03-12T13:14:38.717+0000] {processor.py:175} INFO - Processing /home/airflow/.local/lib/python3.7/site-packages/airflow/example_dags/example_xcomargs.py took 0.111 seconds
[2023-03-12T13:15:09.162+0000] {processor.py:153} INFO - Started process (PID=1352) to work on /home/airflow/.local/lib/python3.7/site-packages/airflow/example_dags/example_xcomargs.py
[2023-03-12T13:15:09.163+0000] {processor.py:743} INFO - Processing file /home/airflow/.local/lib/python3.7/site-packages/airflow/example_dags/example_xcomargs.py for tasks to queue
[2023-03-12T13:15:09.164+0000] {logging_mixin.py:137} INFO - [2023-03-12T13:15:09.164+0000] {dagbag.py:538} INFO - Filling up the DagBag from /home/airflow/.local/lib/python3.7/site-packages/airflow/example_dags/example_xcomargs.py
[2023-03-12T13:15:09.191+0000] {processor.py:753} INFO - DAG(s) dict_keys(['example_xcom_args_with_operators', 'example_xcom_args']) retrieved from /home/airflow/.local/lib/python3.7/site-packages/airflow/example_dags/example_xcomargs.py
[2023-03-12T13:15:09.226+0000] {logging_mixin.py:137} INFO - [2023-03-12T13:15:09.226+0000] {dag.py:2690} INFO - Sync 2 DAGs
[2023-03-12T13:15:09.255+0000] {logging_mixin.py:137} INFO - [2023-03-12T13:15:09.255+0000] {dag.py:3441} INFO - Setting next_dagrun for example_xcom_args to None, run_after=None
[2023-03-12T13:15:09.259+0000] {logging_mixin.py:137} INFO - [2023-03-12T13:15:09.259+0000] {dag.py:3441} INFO - Setting next_dagrun for example_xcom_args_with_operators to None, run_after=None
[2023-03-12T13:15:09.282+0000] {processor.py:175} INFO - Processing /home/airflow/.local/lib/python3.7/site-packages/airflow/example_dags/example_xcomargs.py took 0.123 seconds
[2023-03-12T13:15:39.309+0000] {processor.py:153} INFO - Started process (PID=1442) to work on /home/airflow/.local/lib/python3.7/site-packages/airflow/example_dags/example_xcomargs.py
[2023-03-12T13:15:39.310+0000] {processor.py:743} INFO - Processing file /home/airflow/.local/lib/python3.7/site-packages/airflow/example_dags/example_xcomargs.py for tasks to queue
[2023-03-12T13:15:39.310+0000] {logging_mixin.py:137} INFO - [2023-03-12T13:15:39.310+0000] {dagbag.py:538} INFO - Filling up the DagBag from /home/airflow/.local/lib/python3.7/site-packages/airflow/example_dags/example_xcomargs.py
[2023-03-12T13:15:39.334+0000] {processor.py:753} INFO - DAG(s) dict_keys(['example_xcom_args', 'example_xcom_args_with_operators']) retrieved from /home/airflow/.local/lib/python3.7/site-packages/airflow/example_dags/example_xcomargs.py
[2023-03-12T13:15:39.362+0000] {logging_mixin.py:137} INFO - [2023-03-12T13:15:39.362+0000] {dag.py:2690} INFO - Sync 2 DAGs
[2023-03-12T13:15:39.387+0000] {logging_mixin.py:137} INFO - [2023-03-12T13:15:39.387+0000] {dag.py:3441} INFO - Setting next_dagrun for example_xcom_args to None, run_after=None
[2023-03-12T13:15:39.390+0000] {logging_mixin.py:137} INFO - [2023-03-12T13:15:39.390+0000] {dag.py:3441} INFO - Setting next_dagrun for example_xcom_args_with_operators to None, run_after=None
[2023-03-12T13:15:39.408+0000] {processor.py:175} INFO - Processing /home/airflow/.local/lib/python3.7/site-packages/airflow/example_dags/example_xcomargs.py took 0.101 seconds
[2023-03-12T13:16:15.212+0000] {processor.py:153} INFO - Started process (PID=99) to work on /home/airflow/.local/lib/python3.7/site-packages/airflow/example_dags/example_xcomargs.py
[2023-03-12T13:16:15.213+0000] {processor.py:743} INFO - Processing file /home/airflow/.local/lib/python3.7/site-packages/airflow/example_dags/example_xcomargs.py for tasks to queue
[2023-03-12T13:16:15.213+0000] {logging_mixin.py:137} INFO - [2023-03-12T13:16:15.213+0000] {dagbag.py:538} INFO - Filling up the DagBag from /home/airflow/.local/lib/python3.7/site-packages/airflow/example_dags/example_xcomargs.py
[2023-03-12T13:16:15.239+0000] {processor.py:753} INFO - DAG(s) dict_keys(['example_xcom_args', 'example_xcom_args_with_operators']) retrieved from /home/airflow/.local/lib/python3.7/site-packages/airflow/example_dags/example_xcomargs.py
[2023-03-12T13:16:15.255+0000] {logging_mixin.py:137} INFO - [2023-03-12T13:16:15.255+0000] {dag.py:2690} INFO - Sync 2 DAGs
[2023-03-12T13:16:15.297+0000] {logging_mixin.py:137} INFO - [2023-03-12T13:16:15.297+0000] {dag.py:3441} INFO - Setting next_dagrun for example_xcom_args to None, run_after=None
[2023-03-12T13:16:15.301+0000] {logging_mixin.py:137} INFO - [2023-03-12T13:16:15.301+0000] {dag.py:3441} INFO - Setting next_dagrun for example_xcom_args_with_operators to None, run_after=None
[2023-03-12T13:16:15.317+0000] {processor.py:175} INFO - Processing /home/airflow/.local/lib/python3.7/site-packages/airflow/example_dags/example_xcomargs.py took 0.108 seconds
[2023-03-12T13:16:46.096+0000] {processor.py:153} INFO - Started process (PID=214) to work on /home/airflow/.local/lib/python3.7/site-packages/airflow/example_dags/example_xcomargs.py
[2023-03-12T13:16:46.097+0000] {processor.py:743} INFO - Processing file /home/airflow/.local/lib/python3.7/site-packages/airflow/example_dags/example_xcomargs.py for tasks to queue
[2023-03-12T13:16:46.097+0000] {logging_mixin.py:137} INFO - [2023-03-12T13:16:46.097+0000] {dagbag.py:538} INFO - Filling up the DagBag from /home/airflow/.local/lib/python3.7/site-packages/airflow/example_dags/example_xcomargs.py
[2023-03-12T13:16:46.121+0000] {processor.py:753} INFO - DAG(s) dict_keys(['example_xcom_args_with_operators', 'example_xcom_args']) retrieved from /home/airflow/.local/lib/python3.7/site-packages/airflow/example_dags/example_xcomargs.py
[2023-03-12T13:16:46.153+0000] {logging_mixin.py:137} INFO - [2023-03-12T13:16:46.152+0000] {dag.py:2690} INFO - Sync 2 DAGs
[2023-03-12T13:16:46.180+0000] {logging_mixin.py:137} INFO - [2023-03-12T13:16:46.180+0000] {dag.py:3441} INFO - Setting next_dagrun for example_xcom_args to None, run_after=None
[2023-03-12T13:16:46.184+0000] {logging_mixin.py:137} INFO - [2023-03-12T13:16:46.183+0000] {dag.py:3441} INFO - Setting next_dagrun for example_xcom_args_with_operators to None, run_after=None
[2023-03-12T13:16:46.199+0000] {processor.py:175} INFO - Processing /home/airflow/.local/lib/python3.7/site-packages/airflow/example_dags/example_xcomargs.py took 0.106 seconds
[2023-03-12T13:17:17.490+0000] {processor.py:153} INFO - Started process (PID=309) to work on /home/airflow/.local/lib/python3.7/site-packages/airflow/example_dags/example_xcomargs.py
[2023-03-12T13:17:17.491+0000] {processor.py:743} INFO - Processing file /home/airflow/.local/lib/python3.7/site-packages/airflow/example_dags/example_xcomargs.py for tasks to queue
[2023-03-12T13:17:17.492+0000] {logging_mixin.py:137} INFO - [2023-03-12T13:17:17.492+0000] {dagbag.py:538} INFO - Filling up the DagBag from /home/airflow/.local/lib/python3.7/site-packages/airflow/example_dags/example_xcomargs.py
[2023-03-12T13:17:17.515+0000] {processor.py:753} INFO - DAG(s) dict_keys(['example_xcom_args', 'example_xcom_args_with_operators']) retrieved from /home/airflow/.local/lib/python3.7/site-packages/airflow/example_dags/example_xcomargs.py
[2023-03-12T13:17:17.556+0000] {logging_mixin.py:137} INFO - [2023-03-12T13:17:17.556+0000] {dag.py:2690} INFO - Sync 2 DAGs
[2023-03-12T13:17:17.582+0000] {logging_mixin.py:137} INFO - [2023-03-12T13:17:17.582+0000] {dag.py:3441} INFO - Setting next_dagrun for example_xcom_args to None, run_after=None
[2023-03-12T13:17:17.586+0000] {logging_mixin.py:137} INFO - [2023-03-12T13:17:17.586+0000] {dag.py:3441} INFO - Setting next_dagrun for example_xcom_args_with_operators to None, run_after=None
[2023-03-12T13:17:17.608+0000] {processor.py:175} INFO - Processing /home/airflow/.local/lib/python3.7/site-packages/airflow/example_dags/example_xcomargs.py took 0.121 seconds
[2023-03-12T13:17:47.993+0000] {processor.py:153} INFO - Started process (PID=424) to work on /home/airflow/.local/lib/python3.7/site-packages/airflow/example_dags/example_xcomargs.py
[2023-03-12T13:17:47.994+0000] {processor.py:743} INFO - Processing file /home/airflow/.local/lib/python3.7/site-packages/airflow/example_dags/example_xcomargs.py for tasks to queue
[2023-03-12T13:17:47.995+0000] {logging_mixin.py:137} INFO - [2023-03-12T13:17:47.995+0000] {dagbag.py:538} INFO - Filling up the DagBag from /home/airflow/.local/lib/python3.7/site-packages/airflow/example_dags/example_xcomargs.py
[2023-03-12T13:17:48.018+0000] {processor.py:753} INFO - DAG(s) dict_keys(['example_xcom_args', 'example_xcom_args_with_operators']) retrieved from /home/airflow/.local/lib/python3.7/site-packages/airflow/example_dags/example_xcomargs.py
[2023-03-12T13:17:48.044+0000] {logging_mixin.py:137} INFO - [2023-03-12T13:17:48.044+0000] {dag.py:2690} INFO - Sync 2 DAGs
[2023-03-12T13:17:48.079+0000] {logging_mixin.py:137} INFO - [2023-03-12T13:17:48.079+0000] {dag.py:3441} INFO - Setting next_dagrun for example_xcom_args to None, run_after=None
[2023-03-12T13:17:48.084+0000] {logging_mixin.py:137} INFO - [2023-03-12T13:17:48.083+0000] {dag.py:3441} INFO - Setting next_dagrun for example_xcom_args_with_operators to None, run_after=None
[2023-03-12T13:17:48.106+0000] {processor.py:175} INFO - Processing /home/airflow/.local/lib/python3.7/site-packages/airflow/example_dags/example_xcomargs.py took 0.115 seconds
[2023-03-12T13:18:18.133+0000] {processor.py:153} INFO - Started process (PID=522) to work on /home/airflow/.local/lib/python3.7/site-packages/airflow/example_dags/example_xcomargs.py
[2023-03-12T13:18:18.134+0000] {processor.py:743} INFO - Processing file /home/airflow/.local/lib/python3.7/site-packages/airflow/example_dags/example_xcomargs.py for tasks to queue
[2023-03-12T13:18:18.135+0000] {logging_mixin.py:137} INFO - [2023-03-12T13:18:18.134+0000] {dagbag.py:538} INFO - Filling up the DagBag from /home/airflow/.local/lib/python3.7/site-packages/airflow/example_dags/example_xcomargs.py
[2023-03-12T13:18:18.159+0000] {processor.py:753} INFO - DAG(s) dict_keys(['example_xcom_args_with_operators', 'example_xcom_args']) retrieved from /home/airflow/.local/lib/python3.7/site-packages/airflow/example_dags/example_xcomargs.py
[2023-03-12T13:18:18.185+0000] {logging_mixin.py:137} INFO - [2023-03-12T13:18:18.185+0000] {dag.py:2690} INFO - Sync 2 DAGs
[2023-03-12T13:18:18.212+0000] {logging_mixin.py:137} INFO - [2023-03-12T13:18:18.212+0000] {dag.py:3441} INFO - Setting next_dagrun for example_xcom_args to None, run_after=None
[2023-03-12T13:18:18.215+0000] {logging_mixin.py:137} INFO - [2023-03-12T13:18:18.215+0000] {dag.py:3441} INFO - Setting next_dagrun for example_xcom_args_with_operators to None, run_after=None
[2023-03-12T13:18:18.231+0000] {processor.py:175} INFO - Processing /home/airflow/.local/lib/python3.7/site-packages/airflow/example_dags/example_xcomargs.py took 0.101 seconds
[2023-03-12T13:18:49.219+0000] {processor.py:153} INFO - Started process (PID=636) to work on /home/airflow/.local/lib/python3.7/site-packages/airflow/example_dags/example_xcomargs.py
[2023-03-12T13:18:49.220+0000] {processor.py:743} INFO - Processing file /home/airflow/.local/lib/python3.7/site-packages/airflow/example_dags/example_xcomargs.py for tasks to queue
[2023-03-12T13:18:49.220+0000] {logging_mixin.py:137} INFO - [2023-03-12T13:18:49.220+0000] {dagbag.py:538} INFO - Filling up the DagBag from /home/airflow/.local/lib/python3.7/site-packages/airflow/example_dags/example_xcomargs.py
[2023-03-12T13:18:49.243+0000] {processor.py:753} INFO - DAG(s) dict_keys(['example_xcom_args_with_operators', 'example_xcom_args']) retrieved from /home/airflow/.local/lib/python3.7/site-packages/airflow/example_dags/example_xcomargs.py
[2023-03-12T13:18:49.276+0000] {logging_mixin.py:137} INFO - [2023-03-12T13:18:49.276+0000] {dag.py:2690} INFO - Sync 2 DAGs
[2023-03-12T13:18:49.301+0000] {logging_mixin.py:137} INFO - [2023-03-12T13:18:49.300+0000] {dag.py:3441} INFO - Setting next_dagrun for example_xcom_args to None, run_after=None
[2023-03-12T13:18:49.304+0000] {logging_mixin.py:137} INFO - [2023-03-12T13:18:49.304+0000] {dag.py:3441} INFO - Setting next_dagrun for example_xcom_args_with_operators to None, run_after=None
[2023-03-12T13:18:49.320+0000] {processor.py:175} INFO - Processing /home/airflow/.local/lib/python3.7/site-packages/airflow/example_dags/example_xcomargs.py took 0.104 seconds
[2023-03-12T13:19:19.405+0000] {processor.py:153} INFO - Started process (PID=731) to work on /home/airflow/.local/lib/python3.7/site-packages/airflow/example_dags/example_xcomargs.py
[2023-03-12T13:19:19.406+0000] {processor.py:743} INFO - Processing file /home/airflow/.local/lib/python3.7/site-packages/airflow/example_dags/example_xcomargs.py for tasks to queue
[2023-03-12T13:19:19.406+0000] {logging_mixin.py:137} INFO - [2023-03-12T13:19:19.406+0000] {dagbag.py:538} INFO - Filling up the DagBag from /home/airflow/.local/lib/python3.7/site-packages/airflow/example_dags/example_xcomargs.py
[2023-03-12T13:19:19.427+0000] {processor.py:753} INFO - DAG(s) dict_keys(['example_xcom_args_with_operators', 'example_xcom_args']) retrieved from /home/airflow/.local/lib/python3.7/site-packages/airflow/example_dags/example_xcomargs.py
[2023-03-12T13:19:19.456+0000] {logging_mixin.py:137} INFO - [2023-03-12T13:19:19.456+0000] {dag.py:2690} INFO - Sync 2 DAGs
[2023-03-12T13:19:19.480+0000] {logging_mixin.py:137} INFO - [2023-03-12T13:19:19.480+0000] {dag.py:3441} INFO - Setting next_dagrun for example_xcom_args to None, run_after=None
[2023-03-12T13:19:19.485+0000] {logging_mixin.py:137} INFO - [2023-03-12T13:19:19.484+0000] {dag.py:3441} INFO - Setting next_dagrun for example_xcom_args_with_operators to None, run_after=None
[2023-03-12T13:19:19.499+0000] {processor.py:175} INFO - Processing /home/airflow/.local/lib/python3.7/site-packages/airflow/example_dags/example_xcomargs.py took 0.097 seconds
