[2023-03-12T12:43:37.205+0000] {processor.py:153} INFO - Started process (PID=76) to work on /home/airflow/.local/lib/python3.7/site-packages/airflow/example_dags/example_branch_labels.py
[2023-03-12T12:43:37.206+0000] {processor.py:743} INFO - Processing file /home/airflow/.local/lib/python3.7/site-packages/airflow/example_dags/example_branch_labels.py for tasks to queue
[2023-03-12T12:43:37.206+0000] {logging_mixin.py:137} INFO - [2023-03-12T12:43:37.206+0000] {dagbag.py:538} INFO - Filling up the DagBag from /home/airflow/.local/lib/python3.7/site-packages/airflow/example_dags/example_branch_labels.py
[2023-03-12T12:43:37.221+0000] {processor.py:753} INFO - DAG(s) dict_keys(['example_branch_labels']) retrieved from /home/airflow/.local/lib/python3.7/site-packages/airflow/example_dags/example_branch_labels.py
[2023-03-12T12:43:37.238+0000] {logging_mixin.py:137} INFO - [2023-03-12T12:43:37.238+0000] {dag.py:2690} INFO - Sync 1 DAGs
[2023-03-12T12:43:37.283+0000] {logging_mixin.py:137} INFO - [2023-03-12T12:43:37.283+0000] {dag.py:3441} INFO - Setting next_dagrun for example_branch_labels to 2023-03-11T00:00:00+00:00, run_after=2023-03-12T00:00:00+00:00
[2023-03-12T12:43:37.309+0000] {processor.py:175} INFO - Processing /home/airflow/.local/lib/python3.7/site-packages/airflow/example_dags/example_branch_labels.py took 0.106 seconds
[2023-03-12T12:44:07.428+0000] {processor.py:153} INFO - Started process (PID=179) to work on /home/airflow/.local/lib/python3.7/site-packages/airflow/example_dags/example_branch_labels.py
[2023-03-12T12:44:07.429+0000] {processor.py:743} INFO - Processing file /home/airflow/.local/lib/python3.7/site-packages/airflow/example_dags/example_branch_labels.py for tasks to queue
[2023-03-12T12:44:07.430+0000] {logging_mixin.py:137} INFO - [2023-03-12T12:44:07.429+0000] {dagbag.py:538} INFO - Filling up the DagBag from /home/airflow/.local/lib/python3.7/site-packages/airflow/example_dags/example_branch_labels.py
[2023-03-12T12:44:07.443+0000] {processor.py:753} INFO - DAG(s) dict_keys(['example_branch_labels']) retrieved from /home/airflow/.local/lib/python3.7/site-packages/airflow/example_dags/example_branch_labels.py
[2023-03-12T12:44:07.480+0000] {logging_mixin.py:137} INFO - [2023-03-12T12:44:07.480+0000] {dag.py:2690} INFO - Sync 1 DAGs
[2023-03-12T12:44:07.516+0000] {logging_mixin.py:137} INFO - [2023-03-12T12:44:07.516+0000] {dag.py:3441} INFO - Setting next_dagrun for example_branch_labels to 2023-03-11T00:00:00+00:00, run_after=2023-03-12T00:00:00+00:00
[2023-03-12T12:44:07.537+0000] {processor.py:175} INFO - Processing /home/airflow/.local/lib/python3.7/site-packages/airflow/example_dags/example_branch_labels.py took 0.112 seconds
[2023-03-12T12:44:38.161+0000] {processor.py:153} INFO - Started process (PID=267) to work on /home/airflow/.local/lib/python3.7/site-packages/airflow/example_dags/example_branch_labels.py
[2023-03-12T12:44:38.162+0000] {processor.py:743} INFO - Processing file /home/airflow/.local/lib/python3.7/site-packages/airflow/example_dags/example_branch_labels.py for tasks to queue
[2023-03-12T12:44:38.163+0000] {logging_mixin.py:137} INFO - [2023-03-12T12:44:38.162+0000] {dagbag.py:538} INFO - Filling up the DagBag from /home/airflow/.local/lib/python3.7/site-packages/airflow/example_dags/example_branch_labels.py
[2023-03-12T12:44:38.176+0000] {processor.py:753} INFO - DAG(s) dict_keys(['example_branch_labels']) retrieved from /home/airflow/.local/lib/python3.7/site-packages/airflow/example_dags/example_branch_labels.py
[2023-03-12T12:44:38.201+0000] {logging_mixin.py:137} INFO - [2023-03-12T12:44:38.200+0000] {dag.py:2690} INFO - Sync 1 DAGs
[2023-03-12T12:44:38.229+0000] {logging_mixin.py:137} INFO - [2023-03-12T12:44:38.229+0000] {dag.py:3441} INFO - Setting next_dagrun for example_branch_labels to 2023-03-11T00:00:00+00:00, run_after=2023-03-12T00:00:00+00:00
[2023-03-12T12:44:38.246+0000] {processor.py:175} INFO - Processing /home/airflow/.local/lib/python3.7/site-packages/airflow/example_dags/example_branch_labels.py took 0.087 seconds
[2023-03-12T12:45:09.183+0000] {processor.py:153} INFO - Started process (PID=379) to work on /home/airflow/.local/lib/python3.7/site-packages/airflow/example_dags/example_branch_labels.py
[2023-03-12T12:45:09.184+0000] {processor.py:743} INFO - Processing file /home/airflow/.local/lib/python3.7/site-packages/airflow/example_dags/example_branch_labels.py for tasks to queue
[2023-03-12T12:45:09.184+0000] {logging_mixin.py:137} INFO - [2023-03-12T12:45:09.184+0000] {dagbag.py:538} INFO - Filling up the DagBag from /home/airflow/.local/lib/python3.7/site-packages/airflow/example_dags/example_branch_labels.py
[2023-03-12T12:45:09.197+0000] {processor.py:753} INFO - DAG(s) dict_keys(['example_branch_labels']) retrieved from /home/airflow/.local/lib/python3.7/site-packages/airflow/example_dags/example_branch_labels.py
[2023-03-12T12:45:09.222+0000] {logging_mixin.py:137} INFO - [2023-03-12T12:45:09.221+0000] {dag.py:2690} INFO - Sync 1 DAGs
[2023-03-12T12:45:09.249+0000] {logging_mixin.py:137} INFO - [2023-03-12T12:45:09.249+0000] {dag.py:3441} INFO - Setting next_dagrun for example_branch_labels to 2023-03-11T00:00:00+00:00, run_after=2023-03-12T00:00:00+00:00
[2023-03-12T12:45:09.271+0000] {processor.py:175} INFO - Processing /home/airflow/.local/lib/python3.7/site-packages/airflow/example_dags/example_branch_labels.py took 0.092 seconds
[2023-03-12T12:45:39.912+0000] {processor.py:153} INFO - Started process (PID=467) to work on /home/airflow/.local/lib/python3.7/site-packages/airflow/example_dags/example_branch_labels.py
[2023-03-12T12:45:39.913+0000] {processor.py:743} INFO - Processing file /home/airflow/.local/lib/python3.7/site-packages/airflow/example_dags/example_branch_labels.py for tasks to queue
[2023-03-12T12:45:39.914+0000] {logging_mixin.py:137} INFO - [2023-03-12T12:45:39.914+0000] {dagbag.py:538} INFO - Filling up the DagBag from /home/airflow/.local/lib/python3.7/site-packages/airflow/example_dags/example_branch_labels.py
[2023-03-12T12:45:39.928+0000] {processor.py:753} INFO - DAG(s) dict_keys(['example_branch_labels']) retrieved from /home/airflow/.local/lib/python3.7/site-packages/airflow/example_dags/example_branch_labels.py
[2023-03-12T12:45:39.954+0000] {logging_mixin.py:137} INFO - [2023-03-12T12:45:39.954+0000] {dag.py:2690} INFO - Sync 1 DAGs
[2023-03-12T12:45:39.983+0000] {logging_mixin.py:137} INFO - [2023-03-12T12:45:39.983+0000] {dag.py:3441} INFO - Setting next_dagrun for example_branch_labels to 2023-03-11T00:00:00+00:00, run_after=2023-03-12T00:00:00+00:00
[2023-03-12T12:45:40.003+0000] {processor.py:175} INFO - Processing /home/airflow/.local/lib/python3.7/site-packages/airflow/example_dags/example_branch_labels.py took 0.093 seconds
[2023-03-12T12:46:10.659+0000] {processor.py:153} INFO - Started process (PID=579) to work on /home/airflow/.local/lib/python3.7/site-packages/airflow/example_dags/example_branch_labels.py
[2023-03-12T12:46:10.660+0000] {processor.py:743} INFO - Processing file /home/airflow/.local/lib/python3.7/site-packages/airflow/example_dags/example_branch_labels.py for tasks to queue
[2023-03-12T12:46:10.661+0000] {logging_mixin.py:137} INFO - [2023-03-12T12:46:10.661+0000] {dagbag.py:538} INFO - Filling up the DagBag from /home/airflow/.local/lib/python3.7/site-packages/airflow/example_dags/example_branch_labels.py
[2023-03-12T12:46:10.675+0000] {processor.py:753} INFO - DAG(s) dict_keys(['example_branch_labels']) retrieved from /home/airflow/.local/lib/python3.7/site-packages/airflow/example_dags/example_branch_labels.py
[2023-03-12T12:46:10.699+0000] {logging_mixin.py:137} INFO - [2023-03-12T12:46:10.699+0000] {dag.py:2690} INFO - Sync 1 DAGs
[2023-03-12T12:46:10.726+0000] {logging_mixin.py:137} INFO - [2023-03-12T12:46:10.726+0000] {dag.py:3441} INFO - Setting next_dagrun for example_branch_labels to 2023-03-11T00:00:00+00:00, run_after=2023-03-12T00:00:00+00:00
[2023-03-12T12:46:10.747+0000] {processor.py:175} INFO - Processing /home/airflow/.local/lib/python3.7/site-packages/airflow/example_dags/example_branch_labels.py took 0.090 seconds
[2023-03-12T12:54:39.968+0000] {processor.py:153} INFO - Started process (PID=93) to work on /home/airflow/.local/lib/python3.7/site-packages/airflow/example_dags/example_branch_labels.py
[2023-03-12T12:54:39.969+0000] {processor.py:743} INFO - Processing file /home/airflow/.local/lib/python3.7/site-packages/airflow/example_dags/example_branch_labels.py for tasks to queue
[2023-03-12T12:54:39.969+0000] {logging_mixin.py:137} INFO - [2023-03-12T12:54:39.969+0000] {dagbag.py:538} INFO - Filling up the DagBag from /home/airflow/.local/lib/python3.7/site-packages/airflow/example_dags/example_branch_labels.py
[2023-03-12T12:54:39.984+0000] {processor.py:753} INFO - DAG(s) dict_keys(['example_branch_labels']) retrieved from /home/airflow/.local/lib/python3.7/site-packages/airflow/example_dags/example_branch_labels.py
[2023-03-12T12:54:39.997+0000] {logging_mixin.py:137} INFO - [2023-03-12T12:54:39.997+0000] {dag.py:2690} INFO - Sync 1 DAGs
[2023-03-12T12:54:40.024+0000] {logging_mixin.py:137} INFO - [2023-03-12T12:54:40.024+0000] {dag.py:3441} INFO - Setting next_dagrun for example_branch_labels to 2023-03-11T00:00:00+00:00, run_after=2023-03-12T00:00:00+00:00
[2023-03-12T12:54:40.042+0000] {processor.py:175} INFO - Processing /home/airflow/.local/lib/python3.7/site-packages/airflow/example_dags/example_branch_labels.py took 0.078 seconds
[2023-03-12T12:55:11.039+0000] {processor.py:153} INFO - Started process (PID=183) to work on /home/airflow/.local/lib/python3.7/site-packages/airflow/example_dags/example_branch_labels.py
[2023-03-12T12:55:11.040+0000] {processor.py:743} INFO - Processing file /home/airflow/.local/lib/python3.7/site-packages/airflow/example_dags/example_branch_labels.py for tasks to queue
[2023-03-12T12:55:11.041+0000] {logging_mixin.py:137} INFO - [2023-03-12T12:55:11.041+0000] {dagbag.py:538} INFO - Filling up the DagBag from /home/airflow/.local/lib/python3.7/site-packages/airflow/example_dags/example_branch_labels.py
[2023-03-12T12:55:11.056+0000] {processor.py:753} INFO - DAG(s) dict_keys(['example_branch_labels']) retrieved from /home/airflow/.local/lib/python3.7/site-packages/airflow/example_dags/example_branch_labels.py
[2023-03-12T12:55:11.079+0000] {logging_mixin.py:137} INFO - [2023-03-12T12:55:11.079+0000] {dag.py:2690} INFO - Sync 1 DAGs
[2023-03-12T12:55:11.107+0000] {logging_mixin.py:137} INFO - [2023-03-12T12:55:11.107+0000] {dag.py:3441} INFO - Setting next_dagrun for example_branch_labels to 2023-03-11T00:00:00+00:00, run_after=2023-03-12T00:00:00+00:00
[2023-03-12T12:55:11.128+0000] {processor.py:175} INFO - Processing /home/airflow/.local/lib/python3.7/site-packages/airflow/example_dags/example_branch_labels.py took 0.091 seconds
[2023-03-12T12:55:41.808+0000] {processor.py:153} INFO - Started process (PID=273) to work on /home/airflow/.local/lib/python3.7/site-packages/airflow/example_dags/example_branch_labels.py
[2023-03-12T12:55:41.810+0000] {processor.py:743} INFO - Processing file /home/airflow/.local/lib/python3.7/site-packages/airflow/example_dags/example_branch_labels.py for tasks to queue
[2023-03-12T12:55:41.810+0000] {logging_mixin.py:137} INFO - [2023-03-12T12:55:41.810+0000] {dagbag.py:538} INFO - Filling up the DagBag from /home/airflow/.local/lib/python3.7/site-packages/airflow/example_dags/example_branch_labels.py
[2023-03-12T12:55:41.824+0000] {processor.py:753} INFO - DAG(s) dict_keys(['example_branch_labels']) retrieved from /home/airflow/.local/lib/python3.7/site-packages/airflow/example_dags/example_branch_labels.py
[2023-03-12T12:55:41.852+0000] {logging_mixin.py:137} INFO - [2023-03-12T12:55:41.852+0000] {dag.py:2690} INFO - Sync 1 DAGs
[2023-03-12T12:55:41.882+0000] {logging_mixin.py:137} INFO - [2023-03-12T12:55:41.882+0000] {dag.py:3441} INFO - Setting next_dagrun for example_branch_labels to 2023-03-11T00:00:00+00:00, run_after=2023-03-12T00:00:00+00:00
[2023-03-12T12:55:41.900+0000] {processor.py:175} INFO - Processing /home/airflow/.local/lib/python3.7/site-packages/airflow/example_dags/example_branch_labels.py took 0.094 seconds
[2023-03-12T12:56:11.941+0000] {processor.py:153} INFO - Started process (PID=387) to work on /home/airflow/.local/lib/python3.7/site-packages/airflow/example_dags/example_branch_labels.py
[2023-03-12T12:56:11.942+0000] {processor.py:743} INFO - Processing file /home/airflow/.local/lib/python3.7/site-packages/airflow/example_dags/example_branch_labels.py for tasks to queue
[2023-03-12T12:56:11.943+0000] {logging_mixin.py:137} INFO - [2023-03-12T12:56:11.942+0000] {dagbag.py:538} INFO - Filling up the DagBag from /home/airflow/.local/lib/python3.7/site-packages/airflow/example_dags/example_branch_labels.py
[2023-03-12T12:56:11.958+0000] {processor.py:753} INFO - DAG(s) dict_keys(['example_branch_labels']) retrieved from /home/airflow/.local/lib/python3.7/site-packages/airflow/example_dags/example_branch_labels.py
[2023-03-12T12:56:11.986+0000] {logging_mixin.py:137} INFO - [2023-03-12T12:56:11.986+0000] {dag.py:2690} INFO - Sync 1 DAGs
[2023-03-12T12:56:12.012+0000] {logging_mixin.py:137} INFO - [2023-03-12T12:56:12.012+0000] {dag.py:3441} INFO - Setting next_dagrun for example_branch_labels to 2023-03-11T00:00:00+00:00, run_after=2023-03-12T00:00:00+00:00
[2023-03-12T12:56:12.032+0000] {processor.py:175} INFO - Processing /home/airflow/.local/lib/python3.7/site-packages/airflow/example_dags/example_branch_labels.py took 0.094 seconds
[2023-03-12T12:56:42.098+0000] {processor.py:153} INFO - Started process (PID=477) to work on /home/airflow/.local/lib/python3.7/site-packages/airflow/example_dags/example_branch_labels.py
[2023-03-12T12:56:42.099+0000] {processor.py:743} INFO - Processing file /home/airflow/.local/lib/python3.7/site-packages/airflow/example_dags/example_branch_labels.py for tasks to queue
[2023-03-12T12:56:42.100+0000] {logging_mixin.py:137} INFO - [2023-03-12T12:56:42.100+0000] {dagbag.py:538} INFO - Filling up the DagBag from /home/airflow/.local/lib/python3.7/site-packages/airflow/example_dags/example_branch_labels.py
[2023-03-12T12:56:42.114+0000] {processor.py:753} INFO - DAG(s) dict_keys(['example_branch_labels']) retrieved from /home/airflow/.local/lib/python3.7/site-packages/airflow/example_dags/example_branch_labels.py
[2023-03-12T12:56:42.157+0000] {logging_mixin.py:137} INFO - [2023-03-12T12:56:42.157+0000] {dag.py:2690} INFO - Sync 1 DAGs
[2023-03-12T12:56:42.183+0000] {logging_mixin.py:137} INFO - [2023-03-12T12:56:42.183+0000] {dag.py:3441} INFO - Setting next_dagrun for example_branch_labels to 2023-03-11T00:00:00+00:00, run_after=2023-03-12T00:00:00+00:00
[2023-03-12T12:56:42.202+0000] {processor.py:175} INFO - Processing /home/airflow/.local/lib/python3.7/site-packages/airflow/example_dags/example_branch_labels.py took 0.106 seconds
[2023-03-12T12:57:13.095+0000] {processor.py:153} INFO - Started process (PID=591) to work on /home/airflow/.local/lib/python3.7/site-packages/airflow/example_dags/example_branch_labels.py
[2023-03-12T12:57:13.096+0000] {processor.py:743} INFO - Processing file /home/airflow/.local/lib/python3.7/site-packages/airflow/example_dags/example_branch_labels.py for tasks to queue
[2023-03-12T12:57:13.097+0000] {logging_mixin.py:137} INFO - [2023-03-12T12:57:13.097+0000] {dagbag.py:538} INFO - Filling up the DagBag from /home/airflow/.local/lib/python3.7/site-packages/airflow/example_dags/example_branch_labels.py
[2023-03-12T12:57:13.112+0000] {processor.py:753} INFO - DAG(s) dict_keys(['example_branch_labels']) retrieved from /home/airflow/.local/lib/python3.7/site-packages/airflow/example_dags/example_branch_labels.py
[2023-03-12T12:57:13.138+0000] {logging_mixin.py:137} INFO - [2023-03-12T12:57:13.138+0000] {dag.py:2690} INFO - Sync 1 DAGs
[2023-03-12T12:57:13.165+0000] {logging_mixin.py:137} INFO - [2023-03-12T12:57:13.165+0000] {dag.py:3441} INFO - Setting next_dagrun for example_branch_labels to 2023-03-11T00:00:00+00:00, run_after=2023-03-12T00:00:00+00:00
[2023-03-12T12:57:13.185+0000] {processor.py:175} INFO - Processing /home/airflow/.local/lib/python3.7/site-packages/airflow/example_dags/example_branch_labels.py took 0.092 seconds
[2023-03-12T12:57:43.671+0000] {processor.py:153} INFO - Started process (PID=681) to work on /home/airflow/.local/lib/python3.7/site-packages/airflow/example_dags/example_branch_labels.py
[2023-03-12T12:57:43.672+0000] {processor.py:743} INFO - Processing file /home/airflow/.local/lib/python3.7/site-packages/airflow/example_dags/example_branch_labels.py for tasks to queue
[2023-03-12T12:57:43.673+0000] {logging_mixin.py:137} INFO - [2023-03-12T12:57:43.673+0000] {dagbag.py:538} INFO - Filling up the DagBag from /home/airflow/.local/lib/python3.7/site-packages/airflow/example_dags/example_branch_labels.py
[2023-03-12T12:57:43.685+0000] {processor.py:753} INFO - DAG(s) dict_keys(['example_branch_labels']) retrieved from /home/airflow/.local/lib/python3.7/site-packages/airflow/example_dags/example_branch_labels.py
[2023-03-12T12:57:43.710+0000] {logging_mixin.py:137} INFO - [2023-03-12T12:57:43.709+0000] {dag.py:2690} INFO - Sync 1 DAGs
[2023-03-12T12:57:43.738+0000] {logging_mixin.py:137} INFO - [2023-03-12T12:57:43.738+0000] {dag.py:3441} INFO - Setting next_dagrun for example_branch_labels to 2023-03-11T00:00:00+00:00, run_after=2023-03-12T00:00:00+00:00
[2023-03-12T12:57:43.759+0000] {processor.py:175} INFO - Processing /home/airflow/.local/lib/python3.7/site-packages/airflow/example_dags/example_branch_labels.py took 0.091 seconds
[2023-03-12T12:58:14.645+0000] {processor.py:153} INFO - Started process (PID=795) to work on /home/airflow/.local/lib/python3.7/site-packages/airflow/example_dags/example_branch_labels.py
[2023-03-12T12:58:14.646+0000] {processor.py:743} INFO - Processing file /home/airflow/.local/lib/python3.7/site-packages/airflow/example_dags/example_branch_labels.py for tasks to queue
[2023-03-12T12:58:14.646+0000] {logging_mixin.py:137} INFO - [2023-03-12T12:58:14.646+0000] {dagbag.py:538} INFO - Filling up the DagBag from /home/airflow/.local/lib/python3.7/site-packages/airflow/example_dags/example_branch_labels.py
[2023-03-12T12:58:14.661+0000] {processor.py:753} INFO - DAG(s) dict_keys(['example_branch_labels']) retrieved from /home/airflow/.local/lib/python3.7/site-packages/airflow/example_dags/example_branch_labels.py
[2023-03-12T12:58:14.689+0000] {logging_mixin.py:137} INFO - [2023-03-12T12:58:14.688+0000] {dag.py:2690} INFO - Sync 1 DAGs
[2023-03-12T12:58:14.718+0000] {logging_mixin.py:137} INFO - [2023-03-12T12:58:14.718+0000] {dag.py:3441} INFO - Setting next_dagrun for example_branch_labels to 2023-03-11T00:00:00+00:00, run_after=2023-03-12T00:00:00+00:00
[2023-03-12T12:58:14.739+0000] {processor.py:175} INFO - Processing /home/airflow/.local/lib/python3.7/site-packages/airflow/example_dags/example_branch_labels.py took 0.097 seconds
[2023-03-12T12:58:45.005+0000] {processor.py:153} INFO - Started process (PID=885) to work on /home/airflow/.local/lib/python3.7/site-packages/airflow/example_dags/example_branch_labels.py
[2023-03-12T12:58:45.006+0000] {processor.py:743} INFO - Processing file /home/airflow/.local/lib/python3.7/site-packages/airflow/example_dags/example_branch_labels.py for tasks to queue
[2023-03-12T12:58:45.006+0000] {logging_mixin.py:137} INFO - [2023-03-12T12:58:45.006+0000] {dagbag.py:538} INFO - Filling up the DagBag from /home/airflow/.local/lib/python3.7/site-packages/airflow/example_dags/example_branch_labels.py
[2023-03-12T12:58:45.021+0000] {processor.py:753} INFO - DAG(s) dict_keys(['example_branch_labels']) retrieved from /home/airflow/.local/lib/python3.7/site-packages/airflow/example_dags/example_branch_labels.py
[2023-03-12T12:58:45.045+0000] {logging_mixin.py:137} INFO - [2023-03-12T12:58:45.045+0000] {dag.py:2690} INFO - Sync 1 DAGs
[2023-03-12T12:58:45.080+0000] {logging_mixin.py:137} INFO - [2023-03-12T12:58:45.080+0000] {dag.py:3441} INFO - Setting next_dagrun for example_branch_labels to 2023-03-11T00:00:00+00:00, run_after=2023-03-12T00:00:00+00:00
[2023-03-12T12:58:45.099+0000] {processor.py:175} INFO - Processing /home/airflow/.local/lib/python3.7/site-packages/airflow/example_dags/example_branch_labels.py took 0.098 seconds
[2023-03-12T13:00:36.045+0000] {processor.py:153} INFO - Started process (PID=93) to work on /home/airflow/.local/lib/python3.7/site-packages/airflow/example_dags/example_branch_labels.py
[2023-03-12T13:00:36.046+0000] {processor.py:743} INFO - Processing file /home/airflow/.local/lib/python3.7/site-packages/airflow/example_dags/example_branch_labels.py for tasks to queue
[2023-03-12T13:00:36.046+0000] {logging_mixin.py:137} INFO - [2023-03-12T13:00:36.046+0000] {dagbag.py:538} INFO - Filling up the DagBag from /home/airflow/.local/lib/python3.7/site-packages/airflow/example_dags/example_branch_labels.py
[2023-03-12T13:00:36.090+0000] {processor.py:753} INFO - DAG(s) dict_keys(['example_branch_labels']) retrieved from /home/airflow/.local/lib/python3.7/site-packages/airflow/example_dags/example_branch_labels.py
[2023-03-12T13:00:36.107+0000] {logging_mixin.py:137} INFO - [2023-03-12T13:00:36.107+0000] {dag.py:2690} INFO - Sync 1 DAGs
[2023-03-12T13:00:36.182+0000] {logging_mixin.py:137} INFO - [2023-03-12T13:00:36.182+0000] {dag.py:3441} INFO - Setting next_dagrun for example_branch_labels to 2023-03-11T00:00:00+00:00, run_after=2023-03-12T00:00:00+00:00
[2023-03-12T13:00:36.207+0000] {processor.py:175} INFO - Processing /home/airflow/.local/lib/python3.7/site-packages/airflow/example_dags/example_branch_labels.py took 0.165 seconds
[2023-03-12T13:01:06.998+0000] {processor.py:153} INFO - Started process (PID=183) to work on /home/airflow/.local/lib/python3.7/site-packages/airflow/example_dags/example_branch_labels.py
[2023-03-12T13:01:06.999+0000] {processor.py:743} INFO - Processing file /home/airflow/.local/lib/python3.7/site-packages/airflow/example_dags/example_branch_labels.py for tasks to queue
[2023-03-12T13:01:07.000+0000] {logging_mixin.py:137} INFO - [2023-03-12T13:01:07.000+0000] {dagbag.py:538} INFO - Filling up the DagBag from /home/airflow/.local/lib/python3.7/site-packages/airflow/example_dags/example_branch_labels.py
[2023-03-12T13:01:07.015+0000] {processor.py:753} INFO - DAG(s) dict_keys(['example_branch_labels']) retrieved from /home/airflow/.local/lib/python3.7/site-packages/airflow/example_dags/example_branch_labels.py
[2023-03-12T13:01:07.039+0000] {logging_mixin.py:137} INFO - [2023-03-12T13:01:07.039+0000] {dag.py:2690} INFO - Sync 1 DAGs
[2023-03-12T13:01:07.070+0000] {logging_mixin.py:137} INFO - [2023-03-12T13:01:07.070+0000] {dag.py:3441} INFO - Setting next_dagrun for example_branch_labels to 2023-03-11T00:00:00+00:00, run_after=2023-03-12T00:00:00+00:00
[2023-03-12T13:01:07.097+0000] {processor.py:175} INFO - Processing /home/airflow/.local/lib/python3.7/site-packages/airflow/example_dags/example_branch_labels.py took 0.101 seconds
[2023-03-12T13:01:37.858+0000] {processor.py:153} INFO - Started process (PID=273) to work on /home/airflow/.local/lib/python3.7/site-packages/airflow/example_dags/example_branch_labels.py
[2023-03-12T13:01:37.859+0000] {processor.py:743} INFO - Processing file /home/airflow/.local/lib/python3.7/site-packages/airflow/example_dags/example_branch_labels.py for tasks to queue
[2023-03-12T13:01:37.859+0000] {logging_mixin.py:137} INFO - [2023-03-12T13:01:37.859+0000] {dagbag.py:538} INFO - Filling up the DagBag from /home/airflow/.local/lib/python3.7/site-packages/airflow/example_dags/example_branch_labels.py
[2023-03-12T13:01:37.873+0000] {processor.py:753} INFO - DAG(s) dict_keys(['example_branch_labels']) retrieved from /home/airflow/.local/lib/python3.7/site-packages/airflow/example_dags/example_branch_labels.py
[2023-03-12T13:01:37.897+0000] {logging_mixin.py:137} INFO - [2023-03-12T13:01:37.897+0000] {dag.py:2690} INFO - Sync 1 DAGs
[2023-03-12T13:01:37.927+0000] {logging_mixin.py:137} INFO - [2023-03-12T13:01:37.927+0000] {dag.py:3441} INFO - Setting next_dagrun for example_branch_labels to 2023-03-11T00:00:00+00:00, run_after=2023-03-12T00:00:00+00:00
[2023-03-12T13:01:37.946+0000] {processor.py:175} INFO - Processing /home/airflow/.local/lib/python3.7/site-packages/airflow/example_dags/example_branch_labels.py took 0.092 seconds
[2023-03-12T13:02:08.359+0000] {processor.py:153} INFO - Started process (PID=387) to work on /home/airflow/.local/lib/python3.7/site-packages/airflow/example_dags/example_branch_labels.py
[2023-03-12T13:02:08.360+0000] {processor.py:743} INFO - Processing file /home/airflow/.local/lib/python3.7/site-packages/airflow/example_dags/example_branch_labels.py for tasks to queue
[2023-03-12T13:02:08.360+0000] {logging_mixin.py:137} INFO - [2023-03-12T13:02:08.360+0000] {dagbag.py:538} INFO - Filling up the DagBag from /home/airflow/.local/lib/python3.7/site-packages/airflow/example_dags/example_branch_labels.py
[2023-03-12T13:02:08.374+0000] {processor.py:753} INFO - DAG(s) dict_keys(['example_branch_labels']) retrieved from /home/airflow/.local/lib/python3.7/site-packages/airflow/example_dags/example_branch_labels.py
[2023-03-12T13:02:08.398+0000] {logging_mixin.py:137} INFO - [2023-03-12T13:02:08.398+0000] {dag.py:2690} INFO - Sync 1 DAGs
[2023-03-12T13:02:08.425+0000] {logging_mixin.py:137} INFO - [2023-03-12T13:02:08.425+0000] {dag.py:3441} INFO - Setting next_dagrun for example_branch_labels to 2023-03-11T00:00:00+00:00, run_after=2023-03-12T00:00:00+00:00
[2023-03-12T13:02:08.444+0000] {processor.py:175} INFO - Processing /home/airflow/.local/lib/python3.7/site-packages/airflow/example_dags/example_branch_labels.py took 0.088 seconds
[2023-03-12T13:02:39.284+0000] {processor.py:153} INFO - Started process (PID=477) to work on /home/airflow/.local/lib/python3.7/site-packages/airflow/example_dags/example_branch_labels.py
[2023-03-12T13:02:39.285+0000] {processor.py:743} INFO - Processing file /home/airflow/.local/lib/python3.7/site-packages/airflow/example_dags/example_branch_labels.py for tasks to queue
[2023-03-12T13:02:39.285+0000] {logging_mixin.py:137} INFO - [2023-03-12T13:02:39.285+0000] {dagbag.py:538} INFO - Filling up the DagBag from /home/airflow/.local/lib/python3.7/site-packages/airflow/example_dags/example_branch_labels.py
[2023-03-12T13:02:39.298+0000] {processor.py:753} INFO - DAG(s) dict_keys(['example_branch_labels']) retrieved from /home/airflow/.local/lib/python3.7/site-packages/airflow/example_dags/example_branch_labels.py
[2023-03-12T13:02:39.321+0000] {logging_mixin.py:137} INFO - [2023-03-12T13:02:39.321+0000] {dag.py:2690} INFO - Sync 1 DAGs
[2023-03-12T13:02:39.348+0000] {logging_mixin.py:137} INFO - [2023-03-12T13:02:39.348+0000] {dag.py:3441} INFO - Setting next_dagrun for example_branch_labels to 2023-03-11T00:00:00+00:00, run_after=2023-03-12T00:00:00+00:00
[2023-03-12T13:02:39.369+0000] {processor.py:175} INFO - Processing /home/airflow/.local/lib/python3.7/site-packages/airflow/example_dags/example_branch_labels.py took 0.087 seconds
[2023-03-12T13:03:10.105+0000] {processor.py:153} INFO - Started process (PID=591) to work on /home/airflow/.local/lib/python3.7/site-packages/airflow/example_dags/example_branch_labels.py
[2023-03-12T13:03:10.105+0000] {processor.py:743} INFO - Processing file /home/airflow/.local/lib/python3.7/site-packages/airflow/example_dags/example_branch_labels.py for tasks to queue
[2023-03-12T13:03:10.106+0000] {logging_mixin.py:137} INFO - [2023-03-12T13:03:10.106+0000] {dagbag.py:538} INFO - Filling up the DagBag from /home/airflow/.local/lib/python3.7/site-packages/airflow/example_dags/example_branch_labels.py
[2023-03-12T13:03:10.121+0000] {processor.py:753} INFO - DAG(s) dict_keys(['example_branch_labels']) retrieved from /home/airflow/.local/lib/python3.7/site-packages/airflow/example_dags/example_branch_labels.py
[2023-03-12T13:03:10.148+0000] {logging_mixin.py:137} INFO - [2023-03-12T13:03:10.148+0000] {dag.py:2690} INFO - Sync 1 DAGs
[2023-03-12T13:03:10.184+0000] {logging_mixin.py:137} INFO - [2023-03-12T13:03:10.183+0000] {dag.py:3441} INFO - Setting next_dagrun for example_branch_labels to 2023-03-11T00:00:00+00:00, run_after=2023-03-12T00:00:00+00:00
[2023-03-12T13:03:10.205+0000] {processor.py:175} INFO - Processing /home/airflow/.local/lib/python3.7/site-packages/airflow/example_dags/example_branch_labels.py took 0.104 seconds
[2023-03-12T13:03:40.953+0000] {processor.py:153} INFO - Started process (PID=681) to work on /home/airflow/.local/lib/python3.7/site-packages/airflow/example_dags/example_branch_labels.py
[2023-03-12T13:03:40.954+0000] {processor.py:743} INFO - Processing file /home/airflow/.local/lib/python3.7/site-packages/airflow/example_dags/example_branch_labels.py for tasks to queue
[2023-03-12T13:03:40.955+0000] {logging_mixin.py:137} INFO - [2023-03-12T13:03:40.955+0000] {dagbag.py:538} INFO - Filling up the DagBag from /home/airflow/.local/lib/python3.7/site-packages/airflow/example_dags/example_branch_labels.py
[2023-03-12T13:03:40.968+0000] {processor.py:753} INFO - DAG(s) dict_keys(['example_branch_labels']) retrieved from /home/airflow/.local/lib/python3.7/site-packages/airflow/example_dags/example_branch_labels.py
[2023-03-12T13:03:40.991+0000] {logging_mixin.py:137} INFO - [2023-03-12T13:03:40.990+0000] {dag.py:2690} INFO - Sync 1 DAGs
[2023-03-12T13:03:41.020+0000] {logging_mixin.py:137} INFO - [2023-03-12T13:03:41.020+0000] {dag.py:3441} INFO - Setting next_dagrun for example_branch_labels to 2023-03-11T00:00:00+00:00, run_after=2023-03-12T00:00:00+00:00
[2023-03-12T13:03:41.039+0000] {processor.py:175} INFO - Processing /home/airflow/.local/lib/python3.7/site-packages/airflow/example_dags/example_branch_labels.py took 0.091 seconds
[2023-03-12T13:04:11.706+0000] {processor.py:153} INFO - Started process (PID=771) to work on /home/airflow/.local/lib/python3.7/site-packages/airflow/example_dags/example_branch_labels.py
[2023-03-12T13:04:11.707+0000] {processor.py:743} INFO - Processing file /home/airflow/.local/lib/python3.7/site-packages/airflow/example_dags/example_branch_labels.py for tasks to queue
[2023-03-12T13:04:11.708+0000] {logging_mixin.py:137} INFO - [2023-03-12T13:04:11.707+0000] {dagbag.py:538} INFO - Filling up the DagBag from /home/airflow/.local/lib/python3.7/site-packages/airflow/example_dags/example_branch_labels.py
[2023-03-12T13:04:11.722+0000] {processor.py:753} INFO - DAG(s) dict_keys(['example_branch_labels']) retrieved from /home/airflow/.local/lib/python3.7/site-packages/airflow/example_dags/example_branch_labels.py
[2023-03-12T13:04:11.747+0000] {logging_mixin.py:137} INFO - [2023-03-12T13:04:11.746+0000] {dag.py:2690} INFO - Sync 1 DAGs
[2023-03-12T13:04:11.776+0000] {logging_mixin.py:137} INFO - [2023-03-12T13:04:11.775+0000] {dag.py:3441} INFO - Setting next_dagrun for example_branch_labels to 2023-03-11T00:00:00+00:00, run_after=2023-03-12T00:00:00+00:00
[2023-03-12T13:04:11.794+0000] {processor.py:175} INFO - Processing /home/airflow/.local/lib/python3.7/site-packages/airflow/example_dags/example_branch_labels.py took 0.092 seconds
[2023-03-12T13:04:42.419+0000] {processor.py:153} INFO - Started process (PID=885) to work on /home/airflow/.local/lib/python3.7/site-packages/airflow/example_dags/example_branch_labels.py
[2023-03-12T13:04:42.420+0000] {processor.py:743} INFO - Processing file /home/airflow/.local/lib/python3.7/site-packages/airflow/example_dags/example_branch_labels.py for tasks to queue
[2023-03-12T13:04:42.420+0000] {logging_mixin.py:137} INFO - [2023-03-12T13:04:42.420+0000] {dagbag.py:538} INFO - Filling up the DagBag from /home/airflow/.local/lib/python3.7/site-packages/airflow/example_dags/example_branch_labels.py
[2023-03-12T13:04:42.434+0000] {processor.py:753} INFO - DAG(s) dict_keys(['example_branch_labels']) retrieved from /home/airflow/.local/lib/python3.7/site-packages/airflow/example_dags/example_branch_labels.py
[2023-03-12T13:04:42.459+0000] {logging_mixin.py:137} INFO - [2023-03-12T13:04:42.459+0000] {dag.py:2690} INFO - Sync 1 DAGs
[2023-03-12T13:04:42.486+0000] {logging_mixin.py:137} INFO - [2023-03-12T13:04:42.486+0000] {dag.py:3441} INFO - Setting next_dagrun for example_branch_labels to 2023-03-11T00:00:00+00:00, run_after=2023-03-12T00:00:00+00:00
[2023-03-12T13:04:42.505+0000] {processor.py:175} INFO - Processing /home/airflow/.local/lib/python3.7/site-packages/airflow/example_dags/example_branch_labels.py took 0.089 seconds
[2023-03-12T13:05:13.296+0000] {processor.py:153} INFO - Started process (PID=975) to work on /home/airflow/.local/lib/python3.7/site-packages/airflow/example_dags/example_branch_labels.py
[2023-03-12T13:05:13.297+0000] {processor.py:743} INFO - Processing file /home/airflow/.local/lib/python3.7/site-packages/airflow/example_dags/example_branch_labels.py for tasks to queue
[2023-03-12T13:05:13.298+0000] {logging_mixin.py:137} INFO - [2023-03-12T13:05:13.298+0000] {dagbag.py:538} INFO - Filling up the DagBag from /home/airflow/.local/lib/python3.7/site-packages/airflow/example_dags/example_branch_labels.py
[2023-03-12T13:05:13.311+0000] {processor.py:753} INFO - DAG(s) dict_keys(['example_branch_labels']) retrieved from /home/airflow/.local/lib/python3.7/site-packages/airflow/example_dags/example_branch_labels.py
[2023-03-12T13:05:13.337+0000] {logging_mixin.py:137} INFO - [2023-03-12T13:05:13.337+0000] {dag.py:2690} INFO - Sync 1 DAGs
[2023-03-12T13:05:13.373+0000] {logging_mixin.py:137} INFO - [2023-03-12T13:05:13.372+0000] {dag.py:3441} INFO - Setting next_dagrun for example_branch_labels to 2023-03-11T00:00:00+00:00, run_after=2023-03-12T00:00:00+00:00
[2023-03-12T13:05:13.390+0000] {processor.py:175} INFO - Processing /home/airflow/.local/lib/python3.7/site-packages/airflow/example_dags/example_branch_labels.py took 0.096 seconds
[2023-03-12T13:05:43.939+0000] {processor.py:153} INFO - Started process (PID=1090) to work on /home/airflow/.local/lib/python3.7/site-packages/airflow/example_dags/example_branch_labels.py
[2023-03-12T13:05:43.940+0000] {processor.py:743} INFO - Processing file /home/airflow/.local/lib/python3.7/site-packages/airflow/example_dags/example_branch_labels.py for tasks to queue
[2023-03-12T13:05:43.940+0000] {logging_mixin.py:137} INFO - [2023-03-12T13:05:43.940+0000] {dagbag.py:538} INFO - Filling up the DagBag from /home/airflow/.local/lib/python3.7/site-packages/airflow/example_dags/example_branch_labels.py
[2023-03-12T13:05:43.954+0000] {processor.py:753} INFO - DAG(s) dict_keys(['example_branch_labels']) retrieved from /home/airflow/.local/lib/python3.7/site-packages/airflow/example_dags/example_branch_labels.py
[2023-03-12T13:05:43.980+0000] {logging_mixin.py:137} INFO - [2023-03-12T13:05:43.980+0000] {dag.py:2690} INFO - Sync 1 DAGs
[2023-03-12T13:05:44.010+0000] {logging_mixin.py:137} INFO - [2023-03-12T13:05:44.010+0000] {dag.py:3441} INFO - Setting next_dagrun for example_branch_labels to 2023-03-11T00:00:00+00:00, run_after=2023-03-12T00:00:00+00:00
[2023-03-12T13:05:44.029+0000] {processor.py:175} INFO - Processing /home/airflow/.local/lib/python3.7/site-packages/airflow/example_dags/example_branch_labels.py took 0.093 seconds
[2023-03-12T13:06:14.734+0000] {processor.py:153} INFO - Started process (PID=1180) to work on /home/airflow/.local/lib/python3.7/site-packages/airflow/example_dags/example_branch_labels.py
[2023-03-12T13:06:14.735+0000] {processor.py:743} INFO - Processing file /home/airflow/.local/lib/python3.7/site-packages/airflow/example_dags/example_branch_labels.py for tasks to queue
[2023-03-12T13:06:14.736+0000] {logging_mixin.py:137} INFO - [2023-03-12T13:06:14.736+0000] {dagbag.py:538} INFO - Filling up the DagBag from /home/airflow/.local/lib/python3.7/site-packages/airflow/example_dags/example_branch_labels.py
[2023-03-12T13:06:14.749+0000] {processor.py:753} INFO - DAG(s) dict_keys(['example_branch_labels']) retrieved from /home/airflow/.local/lib/python3.7/site-packages/airflow/example_dags/example_branch_labels.py
[2023-03-12T13:06:14.774+0000] {logging_mixin.py:137} INFO - [2023-03-12T13:06:14.774+0000] {dag.py:2690} INFO - Sync 1 DAGs
[2023-03-12T13:06:14.802+0000] {logging_mixin.py:137} INFO - [2023-03-12T13:06:14.801+0000] {dag.py:3441} INFO - Setting next_dagrun for example_branch_labels to 2023-03-11T00:00:00+00:00, run_after=2023-03-12T00:00:00+00:00
[2023-03-12T13:06:14.818+0000] {processor.py:175} INFO - Processing /home/airflow/.local/lib/python3.7/site-packages/airflow/example_dags/example_branch_labels.py took 0.086 seconds
[2023-03-12T13:06:45.444+0000] {processor.py:153} INFO - Started process (PID=1289) to work on /home/airflow/.local/lib/python3.7/site-packages/airflow/example_dags/example_branch_labels.py
[2023-03-12T13:06:45.444+0000] {processor.py:743} INFO - Processing file /home/airflow/.local/lib/python3.7/site-packages/airflow/example_dags/example_branch_labels.py for tasks to queue
[2023-03-12T13:06:45.445+0000] {logging_mixin.py:137} INFO - [2023-03-12T13:06:45.445+0000] {dagbag.py:538} INFO - Filling up the DagBag from /home/airflow/.local/lib/python3.7/site-packages/airflow/example_dags/example_branch_labels.py
[2023-03-12T13:06:45.460+0000] {processor.py:753} INFO - DAG(s) dict_keys(['example_branch_labels']) retrieved from /home/airflow/.local/lib/python3.7/site-packages/airflow/example_dags/example_branch_labels.py
[2023-03-12T13:06:45.483+0000] {logging_mixin.py:137} INFO - [2023-03-12T13:06:45.483+0000] {dag.py:2690} INFO - Sync 1 DAGs
[2023-03-12T13:06:45.510+0000] {logging_mixin.py:137} INFO - [2023-03-12T13:06:45.510+0000] {dag.py:3441} INFO - Setting next_dagrun for example_branch_labels to 2023-03-11T00:00:00+00:00, run_after=2023-03-12T00:00:00+00:00
[2023-03-12T13:06:45.529+0000] {processor.py:175} INFO - Processing /home/airflow/.local/lib/python3.7/site-packages/airflow/example_dags/example_branch_labels.py took 0.088 seconds
[2023-03-12T13:07:02.305+0000] {processor.py:153} INFO - Started process (PID=69) to work on /home/airflow/.local/lib/python3.7/site-packages/airflow/example_dags/example_branch_labels.py
[2023-03-12T13:07:02.306+0000] {processor.py:743} INFO - Processing file /home/airflow/.local/lib/python3.7/site-packages/airflow/example_dags/example_branch_labels.py for tasks to queue
[2023-03-12T13:07:02.307+0000] {logging_mixin.py:137} INFO - [2023-03-12T13:07:02.307+0000] {dagbag.py:538} INFO - Filling up the DagBag from /home/airflow/.local/lib/python3.7/site-packages/airflow/example_dags/example_branch_labels.py
[2023-03-12T13:07:02.322+0000] {processor.py:753} INFO - DAG(s) dict_keys(['example_branch_labels']) retrieved from /home/airflow/.local/lib/python3.7/site-packages/airflow/example_dags/example_branch_labels.py
[2023-03-12T13:07:02.334+0000] {logging_mixin.py:137} INFO - [2023-03-12T13:07:02.334+0000] {dag.py:2690} INFO - Sync 1 DAGs
[2023-03-12T13:07:02.367+0000] {logging_mixin.py:137} INFO - [2023-03-12T13:07:02.367+0000] {dag.py:3441} INFO - Setting next_dagrun for example_branch_labels to 2023-03-11T00:00:00+00:00, run_after=2023-03-12T00:00:00+00:00
[2023-03-12T13:07:02.394+0000] {processor.py:175} INFO - Processing /home/airflow/.local/lib/python3.7/site-packages/airflow/example_dags/example_branch_labels.py took 0.091 seconds
[2023-03-12T13:07:32.572+0000] {processor.py:153} INFO - Started process (PID=159) to work on /home/airflow/.local/lib/python3.7/site-packages/airflow/example_dags/example_branch_labels.py
[2023-03-12T13:07:32.573+0000] {processor.py:743} INFO - Processing file /home/airflow/.local/lib/python3.7/site-packages/airflow/example_dags/example_branch_labels.py for tasks to queue
[2023-03-12T13:07:32.573+0000] {logging_mixin.py:137} INFO - [2023-03-12T13:07:32.573+0000] {dagbag.py:538} INFO - Filling up the DagBag from /home/airflow/.local/lib/python3.7/site-packages/airflow/example_dags/example_branch_labels.py
[2023-03-12T13:07:32.587+0000] {processor.py:753} INFO - DAG(s) dict_keys(['example_branch_labels']) retrieved from /home/airflow/.local/lib/python3.7/site-packages/airflow/example_dags/example_branch_labels.py
[2023-03-12T13:07:32.613+0000] {logging_mixin.py:137} INFO - [2023-03-12T13:07:32.613+0000] {dag.py:2690} INFO - Sync 1 DAGs
[2023-03-12T13:07:32.667+0000] {logging_mixin.py:137} INFO - [2023-03-12T13:07:32.667+0000] {dag.py:3441} INFO - Setting next_dagrun for example_branch_labels to 2023-03-11T00:00:00+00:00, run_after=2023-03-12T00:00:00+00:00
[2023-03-12T13:07:32.690+0000] {processor.py:175} INFO - Processing /home/airflow/.local/lib/python3.7/site-packages/airflow/example_dags/example_branch_labels.py took 0.120 seconds
[2023-03-12T13:08:03.532+0000] {processor.py:153} INFO - Started process (PID=272) to work on /home/airflow/.local/lib/python3.7/site-packages/airflow/example_dags/example_branch_labels.py
[2023-03-12T13:08:03.533+0000] {processor.py:743} INFO - Processing file /home/airflow/.local/lib/python3.7/site-packages/airflow/example_dags/example_branch_labels.py for tasks to queue
[2023-03-12T13:08:03.533+0000] {logging_mixin.py:137} INFO - [2023-03-12T13:08:03.533+0000] {dagbag.py:538} INFO - Filling up the DagBag from /home/airflow/.local/lib/python3.7/site-packages/airflow/example_dags/example_branch_labels.py
[2023-03-12T13:08:03.546+0000] {processor.py:753} INFO - DAG(s) dict_keys(['example_branch_labels']) retrieved from /home/airflow/.local/lib/python3.7/site-packages/airflow/example_dags/example_branch_labels.py
[2023-03-12T13:08:03.571+0000] {logging_mixin.py:137} INFO - [2023-03-12T13:08:03.571+0000] {dag.py:2690} INFO - Sync 1 DAGs
[2023-03-12T13:08:03.597+0000] {logging_mixin.py:137} INFO - [2023-03-12T13:08:03.597+0000] {dag.py:3441} INFO - Setting next_dagrun for example_branch_labels to 2023-03-11T00:00:00+00:00, run_after=2023-03-12T00:00:00+00:00
[2023-03-12T13:08:03.613+0000] {processor.py:175} INFO - Processing /home/airflow/.local/lib/python3.7/site-packages/airflow/example_dags/example_branch_labels.py took 0.084 seconds
[2023-03-12T13:08:34.303+0000] {processor.py:153} INFO - Started process (PID=363) to work on /home/airflow/.local/lib/python3.7/site-packages/airflow/example_dags/example_branch_labels.py
[2023-03-12T13:08:34.304+0000] {processor.py:743} INFO - Processing file /home/airflow/.local/lib/python3.7/site-packages/airflow/example_dags/example_branch_labels.py for tasks to queue
[2023-03-12T13:08:34.305+0000] {logging_mixin.py:137} INFO - [2023-03-12T13:08:34.305+0000] {dagbag.py:538} INFO - Filling up the DagBag from /home/airflow/.local/lib/python3.7/site-packages/airflow/example_dags/example_branch_labels.py
[2023-03-12T13:08:34.318+0000] {processor.py:753} INFO - DAG(s) dict_keys(['example_branch_labels']) retrieved from /home/airflow/.local/lib/python3.7/site-packages/airflow/example_dags/example_branch_labels.py
[2023-03-12T13:08:34.341+0000] {logging_mixin.py:137} INFO - [2023-03-12T13:08:34.341+0000] {dag.py:2690} INFO - Sync 1 DAGs
[2023-03-12T13:08:34.372+0000] {logging_mixin.py:137} INFO - [2023-03-12T13:08:34.372+0000] {dag.py:3441} INFO - Setting next_dagrun for example_branch_labels to 2023-03-11T00:00:00+00:00, run_after=2023-03-12T00:00:00+00:00
[2023-03-12T13:08:34.388+0000] {processor.py:175} INFO - Processing /home/airflow/.local/lib/python3.7/site-packages/airflow/example_dags/example_branch_labels.py took 0.088 seconds
[2023-03-12T13:08:57.463+0000] {processor.py:153} INFO - Started process (PID=69) to work on /home/airflow/.local/lib/python3.7/site-packages/airflow/example_dags/example_branch_labels.py
[2023-03-12T13:08:57.464+0000] {processor.py:743} INFO - Processing file /home/airflow/.local/lib/python3.7/site-packages/airflow/example_dags/example_branch_labels.py for tasks to queue
[2023-03-12T13:08:57.465+0000] {logging_mixin.py:137} INFO - [2023-03-12T13:08:57.464+0000] {dagbag.py:538} INFO - Filling up the DagBag from /home/airflow/.local/lib/python3.7/site-packages/airflow/example_dags/example_branch_labels.py
[2023-03-12T13:08:57.479+0000] {processor.py:753} INFO - DAG(s) dict_keys(['example_branch_labels']) retrieved from /home/airflow/.local/lib/python3.7/site-packages/airflow/example_dags/example_branch_labels.py
[2023-03-12T13:08:57.492+0000] {logging_mixin.py:137} INFO - [2023-03-12T13:08:57.492+0000] {dag.py:2690} INFO - Sync 1 DAGs
[2023-03-12T13:08:57.534+0000] {logging_mixin.py:137} INFO - [2023-03-12T13:08:57.534+0000] {dag.py:3441} INFO - Setting next_dagrun for example_branch_labels to 2023-03-11T00:00:00+00:00, run_after=2023-03-12T00:00:00+00:00
[2023-03-12T13:08:57.563+0000] {processor.py:175} INFO - Processing /home/airflow/.local/lib/python3.7/site-packages/airflow/example_dags/example_branch_labels.py took 0.103 seconds
[2023-03-12T13:09:28.074+0000] {processor.py:153} INFO - Started process (PID=183) to work on /home/airflow/.local/lib/python3.7/site-packages/airflow/example_dags/example_branch_labels.py
[2023-03-12T13:09:28.075+0000] {processor.py:743} INFO - Processing file /home/airflow/.local/lib/python3.7/site-packages/airflow/example_dags/example_branch_labels.py for tasks to queue
[2023-03-12T13:09:28.075+0000] {logging_mixin.py:137} INFO - [2023-03-12T13:09:28.075+0000] {dagbag.py:538} INFO - Filling up the DagBag from /home/airflow/.local/lib/python3.7/site-packages/airflow/example_dags/example_branch_labels.py
[2023-03-12T13:09:28.091+0000] {processor.py:753} INFO - DAG(s) dict_keys(['example_branch_labels']) retrieved from /home/airflow/.local/lib/python3.7/site-packages/airflow/example_dags/example_branch_labels.py
[2023-03-12T13:09:28.116+0000] {logging_mixin.py:137} INFO - [2023-03-12T13:09:28.115+0000] {dag.py:2690} INFO - Sync 1 DAGs
[2023-03-12T13:09:28.146+0000] {logging_mixin.py:137} INFO - [2023-03-12T13:09:28.146+0000] {dag.py:3441} INFO - Setting next_dagrun for example_branch_labels to 2023-03-11T00:00:00+00:00, run_after=2023-03-12T00:00:00+00:00
[2023-03-12T13:09:28.171+0000] {processor.py:175} INFO - Processing /home/airflow/.local/lib/python3.7/site-packages/airflow/example_dags/example_branch_labels.py took 0.101 seconds
[2023-03-12T13:09:59.073+0000] {processor.py:153} INFO - Started process (PID=273) to work on /home/airflow/.local/lib/python3.7/site-packages/airflow/example_dags/example_branch_labels.py
[2023-03-12T13:09:59.074+0000] {processor.py:743} INFO - Processing file /home/airflow/.local/lib/python3.7/site-packages/airflow/example_dags/example_branch_labels.py for tasks to queue
[2023-03-12T13:09:59.075+0000] {logging_mixin.py:137} INFO - [2023-03-12T13:09:59.075+0000] {dagbag.py:538} INFO - Filling up the DagBag from /home/airflow/.local/lib/python3.7/site-packages/airflow/example_dags/example_branch_labels.py
[2023-03-12T13:09:59.089+0000] {processor.py:753} INFO - DAG(s) dict_keys(['example_branch_labels']) retrieved from /home/airflow/.local/lib/python3.7/site-packages/airflow/example_dags/example_branch_labels.py
[2023-03-12T13:09:59.114+0000] {logging_mixin.py:137} INFO - [2023-03-12T13:09:59.114+0000] {dag.py:2690} INFO - Sync 1 DAGs
[2023-03-12T13:09:59.139+0000] {logging_mixin.py:137} INFO - [2023-03-12T13:09:59.139+0000] {dag.py:3441} INFO - Setting next_dagrun for example_branch_labels to 2023-03-11T00:00:00+00:00, run_after=2023-03-12T00:00:00+00:00
[2023-03-12T13:09:59.160+0000] {processor.py:175} INFO - Processing /home/airflow/.local/lib/python3.7/site-packages/airflow/example_dags/example_branch_labels.py took 0.089 seconds
[2023-03-12T13:10:29.894+0000] {processor.py:153} INFO - Started process (PID=382) to work on /home/airflow/.local/lib/python3.7/site-packages/airflow/example_dags/example_branch_labels.py
[2023-03-12T13:10:29.895+0000] {processor.py:743} INFO - Processing file /home/airflow/.local/lib/python3.7/site-packages/airflow/example_dags/example_branch_labels.py for tasks to queue
[2023-03-12T13:10:29.896+0000] {logging_mixin.py:137} INFO - [2023-03-12T13:10:29.895+0000] {dagbag.py:538} INFO - Filling up the DagBag from /home/airflow/.local/lib/python3.7/site-packages/airflow/example_dags/example_branch_labels.py
[2023-03-12T13:10:29.910+0000] {processor.py:753} INFO - DAG(s) dict_keys(['example_branch_labels']) retrieved from /home/airflow/.local/lib/python3.7/site-packages/airflow/example_dags/example_branch_labels.py
[2023-03-12T13:10:29.937+0000] {logging_mixin.py:137} INFO - [2023-03-12T13:10:29.937+0000] {dag.py:2690} INFO - Sync 1 DAGs
[2023-03-12T13:10:29.974+0000] {logging_mixin.py:137} INFO - [2023-03-12T13:10:29.974+0000] {dag.py:3441} INFO - Setting next_dagrun for example_branch_labels to 2023-03-11T00:00:00+00:00, run_after=2023-03-12T00:00:00+00:00
[2023-03-12T13:10:29.995+0000] {processor.py:175} INFO - Processing /home/airflow/.local/lib/python3.7/site-packages/airflow/example_dags/example_branch_labels.py took 0.104 seconds
[2023-03-12T13:11:00.041+0000] {processor.py:153} INFO - Started process (PID=486) to work on /home/airflow/.local/lib/python3.7/site-packages/airflow/example_dags/example_branch_labels.py
[2023-03-12T13:11:00.042+0000] {processor.py:743} INFO - Processing file /home/airflow/.local/lib/python3.7/site-packages/airflow/example_dags/example_branch_labels.py for tasks to queue
[2023-03-12T13:11:00.043+0000] {logging_mixin.py:137} INFO - [2023-03-12T13:11:00.042+0000] {dagbag.py:538} INFO - Filling up the DagBag from /home/airflow/.local/lib/python3.7/site-packages/airflow/example_dags/example_branch_labels.py
[2023-03-12T13:11:00.056+0000] {processor.py:753} INFO - DAG(s) dict_keys(['example_branch_labels']) retrieved from /home/airflow/.local/lib/python3.7/site-packages/airflow/example_dags/example_branch_labels.py
[2023-03-12T13:11:00.078+0000] {logging_mixin.py:137} INFO - [2023-03-12T13:11:00.078+0000] {dag.py:2690} INFO - Sync 1 DAGs
[2023-03-12T13:11:00.109+0000] {logging_mixin.py:137} INFO - [2023-03-12T13:11:00.109+0000] {dag.py:3441} INFO - Setting next_dagrun for example_branch_labels to 2023-03-11T00:00:00+00:00, run_after=2023-03-12T00:00:00+00:00
[2023-03-12T13:11:00.127+0000] {processor.py:175} INFO - Processing /home/airflow/.local/lib/python3.7/site-packages/airflow/example_dags/example_branch_labels.py took 0.088 seconds
[2023-03-12T13:11:30.297+0000] {processor.py:153} INFO - Started process (PID=581) to work on /home/airflow/.local/lib/python3.7/site-packages/airflow/example_dags/example_branch_labels.py
[2023-03-12T13:11:30.298+0000] {processor.py:743} INFO - Processing file /home/airflow/.local/lib/python3.7/site-packages/airflow/example_dags/example_branch_labels.py for tasks to queue
[2023-03-12T13:11:30.299+0000] {logging_mixin.py:137} INFO - [2023-03-12T13:11:30.299+0000] {dagbag.py:538} INFO - Filling up the DagBag from /home/airflow/.local/lib/python3.7/site-packages/airflow/example_dags/example_branch_labels.py
[2023-03-12T13:11:30.363+0000] {processor.py:753} INFO - DAG(s) dict_keys(['example_branch_labels']) retrieved from /home/airflow/.local/lib/python3.7/site-packages/airflow/example_dags/example_branch_labels.py
[2023-03-12T13:11:30.395+0000] {logging_mixin.py:137} INFO - [2023-03-12T13:11:30.395+0000] {dag.py:2690} INFO - Sync 1 DAGs
[2023-03-12T13:11:30.436+0000] {logging_mixin.py:137} INFO - [2023-03-12T13:11:30.436+0000] {dag.py:3441} INFO - Setting next_dagrun for example_branch_labels to 2023-03-11T00:00:00+00:00, run_after=2023-03-12T00:00:00+00:00
[2023-03-12T13:11:30.466+0000] {processor.py:175} INFO - Processing /home/airflow/.local/lib/python3.7/site-packages/airflow/example_dags/example_branch_labels.py took 0.172 seconds
[2023-03-12T13:12:00.569+0000] {processor.py:153} INFO - Started process (PID=699) to work on /home/airflow/.local/lib/python3.7/site-packages/airflow/example_dags/example_branch_labels.py
[2023-03-12T13:12:00.569+0000] {processor.py:743} INFO - Processing file /home/airflow/.local/lib/python3.7/site-packages/airflow/example_dags/example_branch_labels.py for tasks to queue
[2023-03-12T13:12:00.570+0000] {logging_mixin.py:137} INFO - [2023-03-12T13:12:00.570+0000] {dagbag.py:538} INFO - Filling up the DagBag from /home/airflow/.local/lib/python3.7/site-packages/airflow/example_dags/example_branch_labels.py
[2023-03-12T13:12:00.583+0000] {processor.py:753} INFO - DAG(s) dict_keys(['example_branch_labels']) retrieved from /home/airflow/.local/lib/python3.7/site-packages/airflow/example_dags/example_branch_labels.py
[2023-03-12T13:12:00.609+0000] {logging_mixin.py:137} INFO - [2023-03-12T13:12:00.609+0000] {dag.py:2690} INFO - Sync 1 DAGs
[2023-03-12T13:12:00.638+0000] {logging_mixin.py:137} INFO - [2023-03-12T13:12:00.638+0000] {dag.py:3441} INFO - Setting next_dagrun for example_branch_labels to 2023-03-11T00:00:00+00:00, run_after=2023-03-12T00:00:00+00:00
[2023-03-12T13:12:00.661+0000] {processor.py:175} INFO - Processing /home/airflow/.local/lib/python3.7/site-packages/airflow/example_dags/example_branch_labels.py took 0.096 seconds
[2023-03-12T13:12:30.701+0000] {processor.py:153} INFO - Started process (PID=789) to work on /home/airflow/.local/lib/python3.7/site-packages/airflow/example_dags/example_branch_labels.py
[2023-03-12T13:12:30.701+0000] {processor.py:743} INFO - Processing file /home/airflow/.local/lib/python3.7/site-packages/airflow/example_dags/example_branch_labels.py for tasks to queue
[2023-03-12T13:12:30.702+0000] {logging_mixin.py:137} INFO - [2023-03-12T13:12:30.702+0000] {dagbag.py:538} INFO - Filling up the DagBag from /home/airflow/.local/lib/python3.7/site-packages/airflow/example_dags/example_branch_labels.py
[2023-03-12T13:12:30.718+0000] {processor.py:753} INFO - DAG(s) dict_keys(['example_branch_labels']) retrieved from /home/airflow/.local/lib/python3.7/site-packages/airflow/example_dags/example_branch_labels.py
[2023-03-12T13:12:30.743+0000] {logging_mixin.py:137} INFO - [2023-03-12T13:12:30.743+0000] {dag.py:2690} INFO - Sync 1 DAGs
[2023-03-12T13:12:30.772+0000] {logging_mixin.py:137} INFO - [2023-03-12T13:12:30.772+0000] {dag.py:3441} INFO - Setting next_dagrun for example_branch_labels to 2023-03-11T00:00:00+00:00, run_after=2023-03-12T00:00:00+00:00
[2023-03-12T13:12:30.791+0000] {processor.py:175} INFO - Processing /home/airflow/.local/lib/python3.7/site-packages/airflow/example_dags/example_branch_labels.py took 0.093 seconds
[2023-03-12T13:13:00.837+0000] {processor.py:153} INFO - Started process (PID=892) to work on /home/airflow/.local/lib/python3.7/site-packages/airflow/example_dags/example_branch_labels.py
[2023-03-12T13:13:00.838+0000] {processor.py:743} INFO - Processing file /home/airflow/.local/lib/python3.7/site-packages/airflow/example_dags/example_branch_labels.py for tasks to queue
[2023-03-12T13:13:00.839+0000] {logging_mixin.py:137} INFO - [2023-03-12T13:13:00.839+0000] {dagbag.py:538} INFO - Filling up the DagBag from /home/airflow/.local/lib/python3.7/site-packages/airflow/example_dags/example_branch_labels.py
[2023-03-12T13:13:00.856+0000] {processor.py:753} INFO - DAG(s) dict_keys(['example_branch_labels']) retrieved from /home/airflow/.local/lib/python3.7/site-packages/airflow/example_dags/example_branch_labels.py
[2023-03-12T13:13:00.885+0000] {logging_mixin.py:137} INFO - [2023-03-12T13:13:00.885+0000] {dag.py:2690} INFO - Sync 1 DAGs
[2023-03-12T13:13:00.914+0000] {logging_mixin.py:137} INFO - [2023-03-12T13:13:00.914+0000] {dag.py:3441} INFO - Setting next_dagrun for example_branch_labels to 2023-03-11T00:00:00+00:00, run_after=2023-03-12T00:00:00+00:00
[2023-03-12T13:13:00.939+0000] {processor.py:175} INFO - Processing /home/airflow/.local/lib/python3.7/site-packages/airflow/example_dags/example_branch_labels.py took 0.105 seconds
[2023-03-12T13:13:31.148+0000] {processor.py:153} INFO - Started process (PID=997) to work on /home/airflow/.local/lib/python3.7/site-packages/airflow/example_dags/example_branch_labels.py
[2023-03-12T13:13:31.150+0000] {processor.py:743} INFO - Processing file /home/airflow/.local/lib/python3.7/site-packages/airflow/example_dags/example_branch_labels.py for tasks to queue
[2023-03-12T13:13:31.151+0000] {logging_mixin.py:137} INFO - [2023-03-12T13:13:31.151+0000] {dagbag.py:538} INFO - Filling up the DagBag from /home/airflow/.local/lib/python3.7/site-packages/airflow/example_dags/example_branch_labels.py
[2023-03-12T13:13:31.170+0000] {processor.py:753} INFO - DAG(s) dict_keys(['example_branch_labels']) retrieved from /home/airflow/.local/lib/python3.7/site-packages/airflow/example_dags/example_branch_labels.py
[2023-03-12T13:13:31.203+0000] {logging_mixin.py:137} INFO - [2023-03-12T13:13:31.203+0000] {dag.py:2690} INFO - Sync 1 DAGs
[2023-03-12T13:13:31.237+0000] {logging_mixin.py:137} INFO - [2023-03-12T13:13:31.237+0000] {dag.py:3441} INFO - Setting next_dagrun for example_branch_labels to 2023-03-11T00:00:00+00:00, run_after=2023-03-12T00:00:00+00:00
[2023-03-12T13:13:31.260+0000] {processor.py:175} INFO - Processing /home/airflow/.local/lib/python3.7/site-packages/airflow/example_dags/example_branch_labels.py took 0.116 seconds
[2023-03-12T13:14:02.178+0000] {processor.py:153} INFO - Started process (PID=1091) to work on /home/airflow/.local/lib/python3.7/site-packages/airflow/example_dags/example_branch_labels.py
[2023-03-12T13:14:02.179+0000] {processor.py:743} INFO - Processing file /home/airflow/.local/lib/python3.7/site-packages/airflow/example_dags/example_branch_labels.py for tasks to queue
[2023-03-12T13:14:02.180+0000] {logging_mixin.py:137} INFO - [2023-03-12T13:14:02.180+0000] {dagbag.py:538} INFO - Filling up the DagBag from /home/airflow/.local/lib/python3.7/site-packages/airflow/example_dags/example_branch_labels.py
[2023-03-12T13:14:02.194+0000] {processor.py:753} INFO - DAG(s) dict_keys(['example_branch_labels']) retrieved from /home/airflow/.local/lib/python3.7/site-packages/airflow/example_dags/example_branch_labels.py
[2023-03-12T13:14:02.218+0000] {logging_mixin.py:137} INFO - [2023-03-12T13:14:02.218+0000] {dag.py:2690} INFO - Sync 1 DAGs
[2023-03-12T13:14:02.248+0000] {logging_mixin.py:137} INFO - [2023-03-12T13:14:02.248+0000] {dag.py:3441} INFO - Setting next_dagrun for example_branch_labels to 2023-03-11T00:00:00+00:00, run_after=2023-03-12T00:00:00+00:00
[2023-03-12T13:14:02.268+0000] {processor.py:175} INFO - Processing /home/airflow/.local/lib/python3.7/site-packages/airflow/example_dags/example_branch_labels.py took 0.093 seconds
[2023-03-12T13:14:32.328+0000] {processor.py:153} INFO - Started process (PID=1205) to work on /home/airflow/.local/lib/python3.7/site-packages/airflow/example_dags/example_branch_labels.py
[2023-03-12T13:14:32.329+0000] {processor.py:743} INFO - Processing file /home/airflow/.local/lib/python3.7/site-packages/airflow/example_dags/example_branch_labels.py for tasks to queue
[2023-03-12T13:14:32.329+0000] {logging_mixin.py:137} INFO - [2023-03-12T13:14:32.329+0000] {dagbag.py:538} INFO - Filling up the DagBag from /home/airflow/.local/lib/python3.7/site-packages/airflow/example_dags/example_branch_labels.py
[2023-03-12T13:14:32.344+0000] {processor.py:753} INFO - DAG(s) dict_keys(['example_branch_labels']) retrieved from /home/airflow/.local/lib/python3.7/site-packages/airflow/example_dags/example_branch_labels.py
[2023-03-12T13:14:32.375+0000] {logging_mixin.py:137} INFO - [2023-03-12T13:14:32.375+0000] {dag.py:2690} INFO - Sync 1 DAGs
[2023-03-12T13:14:32.408+0000] {logging_mixin.py:137} INFO - [2023-03-12T13:14:32.408+0000] {dag.py:3441} INFO - Setting next_dagrun for example_branch_labels to 2023-03-11T00:00:00+00:00, run_after=2023-03-12T00:00:00+00:00
[2023-03-12T13:14:32.428+0000] {processor.py:175} INFO - Processing /home/airflow/.local/lib/python3.7/site-packages/airflow/example_dags/example_branch_labels.py took 0.104 seconds
[2023-03-12T13:15:02.715+0000] {processor.py:153} INFO - Started process (PID=1299) to work on /home/airflow/.local/lib/python3.7/site-packages/airflow/example_dags/example_branch_labels.py
[2023-03-12T13:15:02.716+0000] {processor.py:743} INFO - Processing file /home/airflow/.local/lib/python3.7/site-packages/airflow/example_dags/example_branch_labels.py for tasks to queue
[2023-03-12T13:15:02.717+0000] {logging_mixin.py:137} INFO - [2023-03-12T13:15:02.717+0000] {dagbag.py:538} INFO - Filling up the DagBag from /home/airflow/.local/lib/python3.7/site-packages/airflow/example_dags/example_branch_labels.py
[2023-03-12T13:15:02.731+0000] {processor.py:753} INFO - DAG(s) dict_keys(['example_branch_labels']) retrieved from /home/airflow/.local/lib/python3.7/site-packages/airflow/example_dags/example_branch_labels.py
[2023-03-12T13:15:02.758+0000] {logging_mixin.py:137} INFO - [2023-03-12T13:15:02.758+0000] {dag.py:2690} INFO - Sync 1 DAGs
[2023-03-12T13:15:02.787+0000] {logging_mixin.py:137} INFO - [2023-03-12T13:15:02.787+0000] {dag.py:3441} INFO - Setting next_dagrun for example_branch_labels to 2023-03-11T00:00:00+00:00, run_after=2023-03-12T00:00:00+00:00
[2023-03-12T13:15:02.806+0000] {processor.py:175} INFO - Processing /home/airflow/.local/lib/python3.7/site-packages/airflow/example_dags/example_branch_labels.py took 0.094 seconds
[2023-03-12T13:15:32.998+0000] {processor.py:153} INFO - Started process (PID=1398) to work on /home/airflow/.local/lib/python3.7/site-packages/airflow/example_dags/example_branch_labels.py
[2023-03-12T13:15:33.000+0000] {processor.py:743} INFO - Processing file /home/airflow/.local/lib/python3.7/site-packages/airflow/example_dags/example_branch_labels.py for tasks to queue
[2023-03-12T13:15:33.000+0000] {logging_mixin.py:137} INFO - [2023-03-12T13:15:33.000+0000] {dagbag.py:538} INFO - Filling up the DagBag from /home/airflow/.local/lib/python3.7/site-packages/airflow/example_dags/example_branch_labels.py
[2023-03-12T13:15:33.013+0000] {processor.py:753} INFO - DAG(s) dict_keys(['example_branch_labels']) retrieved from /home/airflow/.local/lib/python3.7/site-packages/airflow/example_dags/example_branch_labels.py
[2023-03-12T13:15:33.040+0000] {logging_mixin.py:137} INFO - [2023-03-12T13:15:33.040+0000] {dag.py:2690} INFO - Sync 1 DAGs
[2023-03-12T13:15:33.079+0000] {logging_mixin.py:137} INFO - [2023-03-12T13:15:33.079+0000] {dag.py:3441} INFO - Setting next_dagrun for example_branch_labels to 2023-03-11T00:00:00+00:00, run_after=2023-03-12T00:00:00+00:00
[2023-03-12T13:15:33.098+0000] {processor.py:175} INFO - Processing /home/airflow/.local/lib/python3.7/site-packages/airflow/example_dags/example_branch_labels.py took 0.102 seconds
[2023-03-12T13:16:03.198+0000] {processor.py:153} INFO - Started process (PID=1507) to work on /home/airflow/.local/lib/python3.7/site-packages/airflow/example_dags/example_branch_labels.py
[2023-03-12T13:16:03.199+0000] {processor.py:743} INFO - Processing file /home/airflow/.local/lib/python3.7/site-packages/airflow/example_dags/example_branch_labels.py for tasks to queue
[2023-03-12T13:16:03.200+0000] {logging_mixin.py:137} INFO - [2023-03-12T13:16:03.200+0000] {dagbag.py:538} INFO - Filling up the DagBag from /home/airflow/.local/lib/python3.7/site-packages/airflow/example_dags/example_branch_labels.py
[2023-03-12T13:16:03.214+0000] {processor.py:753} INFO - DAG(s) dict_keys(['example_branch_labels']) retrieved from /home/airflow/.local/lib/python3.7/site-packages/airflow/example_dags/example_branch_labels.py
[2023-03-12T13:16:03.240+0000] {logging_mixin.py:137} INFO - [2023-03-12T13:16:03.240+0000] {dag.py:2690} INFO - Sync 1 DAGs
[2023-03-12T13:16:03.270+0000] {logging_mixin.py:137} INFO - [2023-03-12T13:16:03.270+0000] {dag.py:3441} INFO - Setting next_dagrun for example_branch_labels to 2023-03-11T00:00:00+00:00, run_after=2023-03-12T00:00:00+00:00
[2023-03-12T13:16:03.288+0000] {processor.py:175} INFO - Processing /home/airflow/.local/lib/python3.7/site-packages/airflow/example_dags/example_branch_labels.py took 0.092 seconds
[2023-03-12T13:16:13.291+0000] {processor.py:153} INFO - Started process (PID=70) to work on /home/airflow/.local/lib/python3.7/site-packages/airflow/example_dags/example_branch_labels.py
[2023-03-12T13:16:13.292+0000] {processor.py:743} INFO - Processing file /home/airflow/.local/lib/python3.7/site-packages/airflow/example_dags/example_branch_labels.py for tasks to queue
[2023-03-12T13:16:13.292+0000] {logging_mixin.py:137} INFO - [2023-03-12T13:16:13.292+0000] {dagbag.py:538} INFO - Filling up the DagBag from /home/airflow/.local/lib/python3.7/site-packages/airflow/example_dags/example_branch_labels.py
[2023-03-12T13:16:13.307+0000] {processor.py:753} INFO - DAG(s) dict_keys(['example_branch_labels']) retrieved from /home/airflow/.local/lib/python3.7/site-packages/airflow/example_dags/example_branch_labels.py
[2023-03-12T13:16:13.321+0000] {logging_mixin.py:137} INFO - [2023-03-12T13:16:13.321+0000] {dag.py:2690} INFO - Sync 1 DAGs
[2023-03-12T13:16:13.360+0000] {logging_mixin.py:137} INFO - [2023-03-12T13:16:13.360+0000] {dag.py:3441} INFO - Setting next_dagrun for example_branch_labels to 2023-03-11T00:00:00+00:00, run_after=2023-03-12T00:00:00+00:00
[2023-03-12T13:16:13.390+0000] {processor.py:175} INFO - Processing /home/airflow/.local/lib/python3.7/site-packages/airflow/example_dags/example_branch_labels.py took 0.101 seconds
[2023-03-12T13:16:44.143+0000] {processor.py:153} INFO - Started process (PID=185) to work on /home/airflow/.local/lib/python3.7/site-packages/airflow/example_dags/example_branch_labels.py
[2023-03-12T13:16:44.143+0000] {processor.py:743} INFO - Processing file /home/airflow/.local/lib/python3.7/site-packages/airflow/example_dags/example_branch_labels.py for tasks to queue
[2023-03-12T13:16:44.144+0000] {logging_mixin.py:137} INFO - [2023-03-12T13:16:44.144+0000] {dagbag.py:538} INFO - Filling up the DagBag from /home/airflow/.local/lib/python3.7/site-packages/airflow/example_dags/example_branch_labels.py
[2023-03-12T13:16:44.160+0000] {processor.py:753} INFO - DAG(s) dict_keys(['example_branch_labels']) retrieved from /home/airflow/.local/lib/python3.7/site-packages/airflow/example_dags/example_branch_labels.py
[2023-03-12T13:16:44.185+0000] {logging_mixin.py:137} INFO - [2023-03-12T13:16:44.184+0000] {dag.py:2690} INFO - Sync 1 DAGs
[2023-03-12T13:16:44.211+0000] {logging_mixin.py:137} INFO - [2023-03-12T13:16:44.211+0000] {dag.py:3441} INFO - Setting next_dagrun for example_branch_labels to 2023-03-11T00:00:00+00:00, run_after=2023-03-12T00:00:00+00:00
[2023-03-12T13:16:44.228+0000] {processor.py:175} INFO - Processing /home/airflow/.local/lib/python3.7/site-packages/airflow/example_dags/example_branch_labels.py took 0.088 seconds
[2023-03-12T13:17:15.183+0000] {processor.py:153} INFO - Started process (PID=280) to work on /home/airflow/.local/lib/python3.7/site-packages/airflow/example_dags/example_branch_labels.py
[2023-03-12T13:17:15.184+0000] {processor.py:743} INFO - Processing file /home/airflow/.local/lib/python3.7/site-packages/airflow/example_dags/example_branch_labels.py for tasks to queue
[2023-03-12T13:17:15.184+0000] {logging_mixin.py:137} INFO - [2023-03-12T13:17:15.184+0000] {dagbag.py:538} INFO - Filling up the DagBag from /home/airflow/.local/lib/python3.7/site-packages/airflow/example_dags/example_branch_labels.py
[2023-03-12T13:17:15.200+0000] {processor.py:753} INFO - DAG(s) dict_keys(['example_branch_labels']) retrieved from /home/airflow/.local/lib/python3.7/site-packages/airflow/example_dags/example_branch_labels.py
[2023-03-12T13:17:15.229+0000] {logging_mixin.py:137} INFO - [2023-03-12T13:17:15.228+0000] {dag.py:2690} INFO - Sync 1 DAGs
[2023-03-12T13:17:15.260+0000] {logging_mixin.py:137} INFO - [2023-03-12T13:17:15.260+0000] {dag.py:3441} INFO - Setting next_dagrun for example_branch_labels to 2023-03-11T00:00:00+00:00, run_after=2023-03-12T00:00:00+00:00
[2023-03-12T13:17:15.279+0000] {processor.py:175} INFO - Processing /home/airflow/.local/lib/python3.7/site-packages/airflow/example_dags/example_branch_labels.py took 0.098 seconds
[2023-03-12T13:17:45.687+0000] {processor.py:153} INFO - Started process (PID=395) to work on /home/airflow/.local/lib/python3.7/site-packages/airflow/example_dags/example_branch_labels.py
[2023-03-12T13:17:45.688+0000] {processor.py:743} INFO - Processing file /home/airflow/.local/lib/python3.7/site-packages/airflow/example_dags/example_branch_labels.py for tasks to queue
[2023-03-12T13:17:45.688+0000] {logging_mixin.py:137} INFO - [2023-03-12T13:17:45.688+0000] {dagbag.py:538} INFO - Filling up the DagBag from /home/airflow/.local/lib/python3.7/site-packages/airflow/example_dags/example_branch_labels.py
[2023-03-12T13:17:45.703+0000] {processor.py:753} INFO - DAG(s) dict_keys(['example_branch_labels']) retrieved from /home/airflow/.local/lib/python3.7/site-packages/airflow/example_dags/example_branch_labels.py
[2023-03-12T13:17:45.728+0000] {logging_mixin.py:137} INFO - [2023-03-12T13:17:45.728+0000] {dag.py:2690} INFO - Sync 1 DAGs
[2023-03-12T13:17:45.758+0000] {logging_mixin.py:137} INFO - [2023-03-12T13:17:45.757+0000] {dag.py:3441} INFO - Setting next_dagrun for example_branch_labels to 2023-03-11T00:00:00+00:00, run_after=2023-03-12T00:00:00+00:00
[2023-03-12T13:17:45.778+0000] {processor.py:175} INFO - Processing /home/airflow/.local/lib/python3.7/site-packages/airflow/example_dags/example_branch_labels.py took 0.093 seconds
[2023-03-12T13:18:16.094+0000] {processor.py:153} INFO - Started process (PID=493) to work on /home/airflow/.local/lib/python3.7/site-packages/airflow/example_dags/example_branch_labels.py
[2023-03-12T13:18:16.094+0000] {processor.py:743} INFO - Processing file /home/airflow/.local/lib/python3.7/site-packages/airflow/example_dags/example_branch_labels.py for tasks to queue
[2023-03-12T13:18:16.095+0000] {logging_mixin.py:137} INFO - [2023-03-12T13:18:16.095+0000] {dagbag.py:538} INFO - Filling up the DagBag from /home/airflow/.local/lib/python3.7/site-packages/airflow/example_dags/example_branch_labels.py
[2023-03-12T13:18:16.109+0000] {processor.py:753} INFO - DAG(s) dict_keys(['example_branch_labels']) retrieved from /home/airflow/.local/lib/python3.7/site-packages/airflow/example_dags/example_branch_labels.py
[2023-03-12T13:18:16.133+0000] {logging_mixin.py:137} INFO - [2023-03-12T13:18:16.133+0000] {dag.py:2690} INFO - Sync 1 DAGs
[2023-03-12T13:18:16.165+0000] {logging_mixin.py:137} INFO - [2023-03-12T13:18:16.165+0000] {dag.py:3441} INFO - Setting next_dagrun for example_branch_labels to 2023-03-11T00:00:00+00:00, run_after=2023-03-12T00:00:00+00:00
[2023-03-12T13:18:16.182+0000] {processor.py:175} INFO - Processing /home/airflow/.local/lib/python3.7/site-packages/airflow/example_dags/example_branch_labels.py took 0.091 seconds
[2023-03-12T13:18:47.095+0000] {processor.py:153} INFO - Started process (PID=592) to work on /home/airflow/.local/lib/python3.7/site-packages/airflow/example_dags/example_branch_labels.py
[2023-03-12T13:18:47.096+0000] {processor.py:743} INFO - Processing file /home/airflow/.local/lib/python3.7/site-packages/airflow/example_dags/example_branch_labels.py for tasks to queue
[2023-03-12T13:18:47.096+0000] {logging_mixin.py:137} INFO - [2023-03-12T13:18:47.096+0000] {dagbag.py:538} INFO - Filling up the DagBag from /home/airflow/.local/lib/python3.7/site-packages/airflow/example_dags/example_branch_labels.py
[2023-03-12T13:18:47.109+0000] {processor.py:753} INFO - DAG(s) dict_keys(['example_branch_labels']) retrieved from /home/airflow/.local/lib/python3.7/site-packages/airflow/example_dags/example_branch_labels.py
[2023-03-12T13:18:47.134+0000] {logging_mixin.py:137} INFO - [2023-03-12T13:18:47.133+0000] {dag.py:2690} INFO - Sync 1 DAGs
[2023-03-12T13:18:47.163+0000] {logging_mixin.py:137} INFO - [2023-03-12T13:18:47.163+0000] {dag.py:3441} INFO - Setting next_dagrun for example_branch_labels to 2023-03-11T00:00:00+00:00, run_after=2023-03-12T00:00:00+00:00
[2023-03-12T13:18:47.184+0000] {processor.py:175} INFO - Processing /home/airflow/.local/lib/python3.7/site-packages/airflow/example_dags/example_branch_labels.py took 0.092 seconds
[2023-03-12T13:19:17.311+0000] {processor.py:153} INFO - Started process (PID=702) to work on /home/airflow/.local/lib/python3.7/site-packages/airflow/example_dags/example_branch_labels.py
[2023-03-12T13:19:17.311+0000] {processor.py:743} INFO - Processing file /home/airflow/.local/lib/python3.7/site-packages/airflow/example_dags/example_branch_labels.py for tasks to queue
[2023-03-12T13:19:17.312+0000] {logging_mixin.py:137} INFO - [2023-03-12T13:19:17.312+0000] {dagbag.py:538} INFO - Filling up the DagBag from /home/airflow/.local/lib/python3.7/site-packages/airflow/example_dags/example_branch_labels.py
[2023-03-12T13:19:17.325+0000] {processor.py:753} INFO - DAG(s) dict_keys(['example_branch_labels']) retrieved from /home/airflow/.local/lib/python3.7/site-packages/airflow/example_dags/example_branch_labels.py
[2023-03-12T13:19:17.348+0000] {logging_mixin.py:137} INFO - [2023-03-12T13:19:17.348+0000] {dag.py:2690} INFO - Sync 1 DAGs
[2023-03-12T13:19:17.377+0000] {logging_mixin.py:137} INFO - [2023-03-12T13:19:17.377+0000] {dag.py:3441} INFO - Setting next_dagrun for example_branch_labels to 2023-03-11T00:00:00+00:00, run_after=2023-03-12T00:00:00+00:00
[2023-03-12T13:19:17.393+0000] {processor.py:175} INFO - Processing /home/airflow/.local/lib/python3.7/site-packages/airflow/example_dags/example_branch_labels.py took 0.085 seconds
