[2023-03-12T12:43:37.919+0000] {processor.py:153} INFO - Started process (PID=99) to work on /home/airflow/.local/lib/python3.7/site-packages/airflow/example_dags/example_external_task_marker_dag.py
[2023-03-12T12:43:37.920+0000] {processor.py:743} INFO - Processing file /home/airflow/.local/lib/python3.7/site-packages/airflow/example_dags/example_external_task_marker_dag.py for tasks to queue
[2023-03-12T12:43:37.920+0000] {logging_mixin.py:137} INFO - [2023-03-12T12:43:37.920+0000] {dagbag.py:538} INFO - Filling up the DagBag from /home/airflow/.local/lib/python3.7/site-packages/airflow/example_dags/example_external_task_marker_dag.py
[2023-03-12T12:43:37.937+0000] {processor.py:753} INFO - DAG(s) dict_keys(['example_external_task_marker_child', 'example_external_task_marker_parent']) retrieved from /home/airflow/.local/lib/python3.7/site-packages/airflow/example_dags/example_external_task_marker_dag.py
[2023-03-12T12:43:37.959+0000] {logging_mixin.py:137} INFO - [2023-03-12T12:43:37.958+0000] {dag.py:2690} INFO - Sync 2 DAGs
[2023-03-12T12:43:37.992+0000] {logging_mixin.py:137} INFO - [2023-03-12T12:43:37.991+0000] {dag.py:3441} INFO - Setting next_dagrun for example_external_task_marker_child to None, run_after=None
[2023-03-12T12:43:37.995+0000] {logging_mixin.py:137} INFO - [2023-03-12T12:43:37.995+0000] {dag.py:3441} INFO - Setting next_dagrun for example_external_task_marker_parent to None, run_after=None
[2023-03-12T12:43:38.016+0000] {processor.py:175} INFO - Processing /home/airflow/.local/lib/python3.7/site-packages/airflow/example_dags/example_external_task_marker_dag.py took 0.100 seconds
[2023-03-12T12:44:08.106+0000] {processor.py:153} INFO - Started process (PID=187) to work on /home/airflow/.local/lib/python3.7/site-packages/airflow/example_dags/example_external_task_marker_dag.py
[2023-03-12T12:44:08.107+0000] {processor.py:743} INFO - Processing file /home/airflow/.local/lib/python3.7/site-packages/airflow/example_dags/example_external_task_marker_dag.py for tasks to queue
[2023-03-12T12:44:08.108+0000] {logging_mixin.py:137} INFO - [2023-03-12T12:44:08.107+0000] {dagbag.py:538} INFO - Filling up the DagBag from /home/airflow/.local/lib/python3.7/site-packages/airflow/example_dags/example_external_task_marker_dag.py
[2023-03-12T12:44:08.124+0000] {processor.py:753} INFO - DAG(s) dict_keys(['example_external_task_marker_child', 'example_external_task_marker_parent']) retrieved from /home/airflow/.local/lib/python3.7/site-packages/airflow/example_dags/example_external_task_marker_dag.py
[2023-03-12T12:44:08.164+0000] {logging_mixin.py:137} INFO - [2023-03-12T12:44:08.164+0000] {dag.py:2690} INFO - Sync 2 DAGs
[2023-03-12T12:44:08.192+0000] {logging_mixin.py:137} INFO - [2023-03-12T12:44:08.191+0000] {dag.py:3441} INFO - Setting next_dagrun for example_external_task_marker_child to None, run_after=None
[2023-03-12T12:44:08.198+0000] {logging_mixin.py:137} INFO - [2023-03-12T12:44:08.197+0000] {dag.py:3441} INFO - Setting next_dagrun for example_external_task_marker_parent to None, run_after=None
[2023-03-12T12:44:08.215+0000] {processor.py:175} INFO - Processing /home/airflow/.local/lib/python3.7/site-packages/airflow/example_dags/example_external_task_marker_dag.py took 0.112 seconds
[2023-03-12T12:44:38.797+0000] {processor.py:153} INFO - Started process (PID=275) to work on /home/airflow/.local/lib/python3.7/site-packages/airflow/example_dags/example_external_task_marker_dag.py
[2023-03-12T12:44:38.798+0000] {processor.py:743} INFO - Processing file /home/airflow/.local/lib/python3.7/site-packages/airflow/example_dags/example_external_task_marker_dag.py for tasks to queue
[2023-03-12T12:44:38.798+0000] {logging_mixin.py:137} INFO - [2023-03-12T12:44:38.798+0000] {dagbag.py:538} INFO - Filling up the DagBag from /home/airflow/.local/lib/python3.7/site-packages/airflow/example_dags/example_external_task_marker_dag.py
[2023-03-12T12:44:38.810+0000] {processor.py:753} INFO - DAG(s) dict_keys(['example_external_task_marker_child', 'example_external_task_marker_parent']) retrieved from /home/airflow/.local/lib/python3.7/site-packages/airflow/example_dags/example_external_task_marker_dag.py
[2023-03-12T12:44:38.835+0000] {logging_mixin.py:137} INFO - [2023-03-12T12:44:38.835+0000] {dag.py:2690} INFO - Sync 2 DAGs
[2023-03-12T12:44:38.865+0000] {logging_mixin.py:137} INFO - [2023-03-12T12:44:38.865+0000] {dag.py:3441} INFO - Setting next_dagrun for example_external_task_marker_child to None, run_after=None
[2023-03-12T12:44:38.869+0000] {logging_mixin.py:137} INFO - [2023-03-12T12:44:38.869+0000] {dag.py:3441} INFO - Setting next_dagrun for example_external_task_marker_parent to None, run_after=None
[2023-03-12T12:44:38.887+0000] {processor.py:175} INFO - Processing /home/airflow/.local/lib/python3.7/site-packages/airflow/example_dags/example_external_task_marker_dag.py took 0.094 seconds
[2023-03-12T12:45:09.703+0000] {processor.py:153} INFO - Started process (PID=387) to work on /home/airflow/.local/lib/python3.7/site-packages/airflow/example_dags/example_external_task_marker_dag.py
[2023-03-12T12:45:09.704+0000] {processor.py:743} INFO - Processing file /home/airflow/.local/lib/python3.7/site-packages/airflow/example_dags/example_external_task_marker_dag.py for tasks to queue
[2023-03-12T12:45:09.705+0000] {logging_mixin.py:137} INFO - [2023-03-12T12:45:09.704+0000] {dagbag.py:538} INFO - Filling up the DagBag from /home/airflow/.local/lib/python3.7/site-packages/airflow/example_dags/example_external_task_marker_dag.py
[2023-03-12T12:45:09.717+0000] {processor.py:753} INFO - DAG(s) dict_keys(['example_external_task_marker_parent', 'example_external_task_marker_child']) retrieved from /home/airflow/.local/lib/python3.7/site-packages/airflow/example_dags/example_external_task_marker_dag.py
[2023-03-12T12:45:09.746+0000] {logging_mixin.py:137} INFO - [2023-03-12T12:45:09.746+0000] {dag.py:2690} INFO - Sync 2 DAGs
[2023-03-12T12:45:09.774+0000] {logging_mixin.py:137} INFO - [2023-03-12T12:45:09.773+0000] {dag.py:3441} INFO - Setting next_dagrun for example_external_task_marker_child to None, run_after=None
[2023-03-12T12:45:09.777+0000] {logging_mixin.py:137} INFO - [2023-03-12T12:45:09.777+0000] {dag.py:3441} INFO - Setting next_dagrun for example_external_task_marker_parent to None, run_after=None
[2023-03-12T12:45:09.794+0000] {processor.py:175} INFO - Processing /home/airflow/.local/lib/python3.7/site-packages/airflow/example_dags/example_external_task_marker_dag.py took 0.094 seconds
[2023-03-12T12:45:40.437+0000] {processor.py:153} INFO - Started process (PID=475) to work on /home/airflow/.local/lib/python3.7/site-packages/airflow/example_dags/example_external_task_marker_dag.py
[2023-03-12T12:45:40.438+0000] {processor.py:743} INFO - Processing file /home/airflow/.local/lib/python3.7/site-packages/airflow/example_dags/example_external_task_marker_dag.py for tasks to queue
[2023-03-12T12:45:40.439+0000] {logging_mixin.py:137} INFO - [2023-03-12T12:45:40.438+0000] {dagbag.py:538} INFO - Filling up the DagBag from /home/airflow/.local/lib/python3.7/site-packages/airflow/example_dags/example_external_task_marker_dag.py
[2023-03-12T12:45:40.452+0000] {processor.py:753} INFO - DAG(s) dict_keys(['example_external_task_marker_parent', 'example_external_task_marker_child']) retrieved from /home/airflow/.local/lib/python3.7/site-packages/airflow/example_dags/example_external_task_marker_dag.py
[2023-03-12T12:45:40.483+0000] {logging_mixin.py:137} INFO - [2023-03-12T12:45:40.483+0000] {dag.py:2690} INFO - Sync 2 DAGs
[2023-03-12T12:45:40.512+0000] {logging_mixin.py:137} INFO - [2023-03-12T12:45:40.511+0000] {dag.py:3441} INFO - Setting next_dagrun for example_external_task_marker_child to None, run_after=None
[2023-03-12T12:45:40.515+0000] {logging_mixin.py:137} INFO - [2023-03-12T12:45:40.515+0000] {dag.py:3441} INFO - Setting next_dagrun for example_external_task_marker_parent to None, run_after=None
[2023-03-12T12:45:40.533+0000] {processor.py:175} INFO - Processing /home/airflow/.local/lib/python3.7/site-packages/airflow/example_dags/example_external_task_marker_dag.py took 0.099 seconds
[2023-03-12T12:46:11.214+0000] {processor.py:153} INFO - Started process (PID=587) to work on /home/airflow/.local/lib/python3.7/site-packages/airflow/example_dags/example_external_task_marker_dag.py
[2023-03-12T12:46:11.215+0000] {processor.py:743} INFO - Processing file /home/airflow/.local/lib/python3.7/site-packages/airflow/example_dags/example_external_task_marker_dag.py for tasks to queue
[2023-03-12T12:46:11.216+0000] {logging_mixin.py:137} INFO - [2023-03-12T12:46:11.215+0000] {dagbag.py:538} INFO - Filling up the DagBag from /home/airflow/.local/lib/python3.7/site-packages/airflow/example_dags/example_external_task_marker_dag.py
[2023-03-12T12:46:11.228+0000] {processor.py:753} INFO - DAG(s) dict_keys(['example_external_task_marker_parent', 'example_external_task_marker_child']) retrieved from /home/airflow/.local/lib/python3.7/site-packages/airflow/example_dags/example_external_task_marker_dag.py
[2023-03-12T12:46:11.258+0000] {logging_mixin.py:137} INFO - [2023-03-12T12:46:11.258+0000] {dag.py:2690} INFO - Sync 2 DAGs
[2023-03-12T12:46:11.285+0000] {logging_mixin.py:137} INFO - [2023-03-12T12:46:11.285+0000] {dag.py:3441} INFO - Setting next_dagrun for example_external_task_marker_child to None, run_after=None
[2023-03-12T12:46:11.288+0000] {logging_mixin.py:137} INFO - [2023-03-12T12:46:11.288+0000] {dag.py:3441} INFO - Setting next_dagrun for example_external_task_marker_parent to None, run_after=None
[2023-03-12T12:46:11.303+0000] {processor.py:175} INFO - Processing /home/airflow/.local/lib/python3.7/site-packages/airflow/example_dags/example_external_task_marker_dag.py took 0.092 seconds
[2023-03-12T12:54:40.597+0000] {processor.py:153} INFO - Started process (PID=101) to work on /home/airflow/.local/lib/python3.7/site-packages/airflow/example_dags/example_external_task_marker_dag.py
[2023-03-12T12:54:40.598+0000] {processor.py:743} INFO - Processing file /home/airflow/.local/lib/python3.7/site-packages/airflow/example_dags/example_external_task_marker_dag.py for tasks to queue
[2023-03-12T12:54:40.599+0000] {logging_mixin.py:137} INFO - [2023-03-12T12:54:40.599+0000] {dagbag.py:538} INFO - Filling up the DagBag from /home/airflow/.local/lib/python3.7/site-packages/airflow/example_dags/example_external_task_marker_dag.py
[2023-03-12T12:54:40.649+0000] {processor.py:753} INFO - DAG(s) dict_keys(['example_external_task_marker_child', 'example_external_task_marker_parent']) retrieved from /home/airflow/.local/lib/python3.7/site-packages/airflow/example_dags/example_external_task_marker_dag.py
[2023-03-12T12:54:40.665+0000] {logging_mixin.py:137} INFO - [2023-03-12T12:54:40.665+0000] {dag.py:2690} INFO - Sync 2 DAGs
[2023-03-12T12:54:40.705+0000] {logging_mixin.py:137} INFO - [2023-03-12T12:54:40.704+0000] {dag.py:3441} INFO - Setting next_dagrun for example_external_task_marker_child to None, run_after=None
[2023-03-12T12:54:40.709+0000] {logging_mixin.py:137} INFO - [2023-03-12T12:54:40.709+0000] {dag.py:3441} INFO - Setting next_dagrun for example_external_task_marker_parent to None, run_after=None
[2023-03-12T12:54:40.733+0000] {processor.py:175} INFO - Processing /home/airflow/.local/lib/python3.7/site-packages/airflow/example_dags/example_external_task_marker_dag.py took 0.140 seconds
[2023-03-12T12:55:11.636+0000] {processor.py:153} INFO - Started process (PID=191) to work on /home/airflow/.local/lib/python3.7/site-packages/airflow/example_dags/example_external_task_marker_dag.py
[2023-03-12T12:55:11.637+0000] {processor.py:743} INFO - Processing file /home/airflow/.local/lib/python3.7/site-packages/airflow/example_dags/example_external_task_marker_dag.py for tasks to queue
[2023-03-12T12:55:11.638+0000] {logging_mixin.py:137} INFO - [2023-03-12T12:55:11.637+0000] {dagbag.py:538} INFO - Filling up the DagBag from /home/airflow/.local/lib/python3.7/site-packages/airflow/example_dags/example_external_task_marker_dag.py
[2023-03-12T12:55:11.654+0000] {processor.py:753} INFO - DAG(s) dict_keys(['example_external_task_marker_parent', 'example_external_task_marker_child']) retrieved from /home/airflow/.local/lib/python3.7/site-packages/airflow/example_dags/example_external_task_marker_dag.py
[2023-03-12T12:55:11.724+0000] {logging_mixin.py:137} INFO - [2023-03-12T12:55:11.723+0000] {dag.py:2690} INFO - Sync 2 DAGs
[2023-03-12T12:55:11.753+0000] {logging_mixin.py:137} INFO - [2023-03-12T12:55:11.752+0000] {dag.py:3441} INFO - Setting next_dagrun for example_external_task_marker_child to None, run_after=None
[2023-03-12T12:55:11.757+0000] {logging_mixin.py:137} INFO - [2023-03-12T12:55:11.757+0000] {dag.py:3441} INFO - Setting next_dagrun for example_external_task_marker_parent to None, run_after=None
[2023-03-12T12:55:11.781+0000] {processor.py:175} INFO - Processing /home/airflow/.local/lib/python3.7/site-packages/airflow/example_dags/example_external_task_marker_dag.py took 0.148 seconds
[2023-03-12T12:55:42.360+0000] {processor.py:153} INFO - Started process (PID=288) to work on /home/airflow/.local/lib/python3.7/site-packages/airflow/example_dags/example_external_task_marker_dag.py
[2023-03-12T12:55:42.361+0000] {processor.py:743} INFO - Processing file /home/airflow/.local/lib/python3.7/site-packages/airflow/example_dags/example_external_task_marker_dag.py for tasks to queue
[2023-03-12T12:55:42.361+0000] {logging_mixin.py:137} INFO - [2023-03-12T12:55:42.361+0000] {dagbag.py:538} INFO - Filling up the DagBag from /home/airflow/.local/lib/python3.7/site-packages/airflow/example_dags/example_external_task_marker_dag.py
[2023-03-12T12:55:42.375+0000] {processor.py:753} INFO - DAG(s) dict_keys(['example_external_task_marker_parent', 'example_external_task_marker_child']) retrieved from /home/airflow/.local/lib/python3.7/site-packages/airflow/example_dags/example_external_task_marker_dag.py
[2023-03-12T12:55:42.403+0000] {logging_mixin.py:137} INFO - [2023-03-12T12:55:42.403+0000] {dag.py:2690} INFO - Sync 2 DAGs
[2023-03-12T12:55:42.430+0000] {logging_mixin.py:137} INFO - [2023-03-12T12:55:42.430+0000] {dag.py:3441} INFO - Setting next_dagrun for example_external_task_marker_child to None, run_after=None
[2023-03-12T12:55:42.434+0000] {logging_mixin.py:137} INFO - [2023-03-12T12:55:42.434+0000] {dag.py:3441} INFO - Setting next_dagrun for example_external_task_marker_parent to None, run_after=None
[2023-03-12T12:55:42.456+0000] {processor.py:175} INFO - Processing /home/airflow/.local/lib/python3.7/site-packages/airflow/example_dags/example_external_task_marker_dag.py took 0.108 seconds
[2023-03-12T12:56:12.760+0000] {processor.py:153} INFO - Started process (PID=395) to work on /home/airflow/.local/lib/python3.7/site-packages/airflow/example_dags/example_external_task_marker_dag.py
[2023-03-12T12:56:12.761+0000] {processor.py:743} INFO - Processing file /home/airflow/.local/lib/python3.7/site-packages/airflow/example_dags/example_external_task_marker_dag.py for tasks to queue
[2023-03-12T12:56:12.762+0000] {logging_mixin.py:137} INFO - [2023-03-12T12:56:12.762+0000] {dagbag.py:538} INFO - Filling up the DagBag from /home/airflow/.local/lib/python3.7/site-packages/airflow/example_dags/example_external_task_marker_dag.py
[2023-03-12T12:56:12.774+0000] {processor.py:753} INFO - DAG(s) dict_keys(['example_external_task_marker_parent', 'example_external_task_marker_child']) retrieved from /home/airflow/.local/lib/python3.7/site-packages/airflow/example_dags/example_external_task_marker_dag.py
[2023-03-12T12:56:12.802+0000] {logging_mixin.py:137} INFO - [2023-03-12T12:56:12.802+0000] {dag.py:2690} INFO - Sync 2 DAGs
[2023-03-12T12:56:12.826+0000] {logging_mixin.py:137} INFO - [2023-03-12T12:56:12.826+0000] {dag.py:3441} INFO - Setting next_dagrun for example_external_task_marker_child to None, run_after=None
[2023-03-12T12:56:12.830+0000] {logging_mixin.py:137} INFO - [2023-03-12T12:56:12.829+0000] {dag.py:3441} INFO - Setting next_dagrun for example_external_task_marker_parent to None, run_after=None
[2023-03-12T12:56:12.845+0000] {processor.py:175} INFO - Processing /home/airflow/.local/lib/python3.7/site-packages/airflow/example_dags/example_external_task_marker_dag.py took 0.088 seconds
[2023-03-12T12:56:43.757+0000] {processor.py:153} INFO - Started process (PID=485) to work on /home/airflow/.local/lib/python3.7/site-packages/airflow/example_dags/example_external_task_marker_dag.py
[2023-03-12T12:56:43.758+0000] {processor.py:743} INFO - Processing file /home/airflow/.local/lib/python3.7/site-packages/airflow/example_dags/example_external_task_marker_dag.py for tasks to queue
[2023-03-12T12:56:43.758+0000] {logging_mixin.py:137} INFO - [2023-03-12T12:56:43.758+0000] {dagbag.py:538} INFO - Filling up the DagBag from /home/airflow/.local/lib/python3.7/site-packages/airflow/example_dags/example_external_task_marker_dag.py
[2023-03-12T12:56:43.771+0000] {processor.py:753} INFO - DAG(s) dict_keys(['example_external_task_marker_child', 'example_external_task_marker_parent']) retrieved from /home/airflow/.local/lib/python3.7/site-packages/airflow/example_dags/example_external_task_marker_dag.py
[2023-03-12T12:56:43.797+0000] {logging_mixin.py:137} INFO - [2023-03-12T12:56:43.797+0000] {dag.py:2690} INFO - Sync 2 DAGs
[2023-03-12T12:56:43.821+0000] {logging_mixin.py:137} INFO - [2023-03-12T12:56:43.821+0000] {dag.py:3441} INFO - Setting next_dagrun for example_external_task_marker_child to None, run_after=None
[2023-03-12T12:56:43.825+0000] {logging_mixin.py:137} INFO - [2023-03-12T12:56:43.825+0000] {dag.py:3441} INFO - Setting next_dagrun for example_external_task_marker_parent to None, run_after=None
[2023-03-12T12:56:43.840+0000] {processor.py:175} INFO - Processing /home/airflow/.local/lib/python3.7/site-packages/airflow/example_dags/example_external_task_marker_dag.py took 0.087 seconds
[2023-03-12T12:57:14.510+0000] {processor.py:153} INFO - Started process (PID=599) to work on /home/airflow/.local/lib/python3.7/site-packages/airflow/example_dags/example_external_task_marker_dag.py
[2023-03-12T12:57:14.511+0000] {processor.py:743} INFO - Processing file /home/airflow/.local/lib/python3.7/site-packages/airflow/example_dags/example_external_task_marker_dag.py for tasks to queue
[2023-03-12T12:57:14.511+0000] {logging_mixin.py:137} INFO - [2023-03-12T12:57:14.511+0000] {dagbag.py:538} INFO - Filling up the DagBag from /home/airflow/.local/lib/python3.7/site-packages/airflow/example_dags/example_external_task_marker_dag.py
[2023-03-12T12:57:14.523+0000] {processor.py:753} INFO - DAG(s) dict_keys(['example_external_task_marker_child', 'example_external_task_marker_parent']) retrieved from /home/airflow/.local/lib/python3.7/site-packages/airflow/example_dags/example_external_task_marker_dag.py
[2023-03-12T12:57:14.552+0000] {logging_mixin.py:137} INFO - [2023-03-12T12:57:14.552+0000] {dag.py:2690} INFO - Sync 2 DAGs
[2023-03-12T12:57:14.578+0000] {logging_mixin.py:137} INFO - [2023-03-12T12:57:14.578+0000] {dag.py:3441} INFO - Setting next_dagrun for example_external_task_marker_child to None, run_after=None
[2023-03-12T12:57:14.582+0000] {logging_mixin.py:137} INFO - [2023-03-12T12:57:14.582+0000] {dag.py:3441} INFO - Setting next_dagrun for example_external_task_marker_parent to None, run_after=None
[2023-03-12T12:57:14.599+0000] {processor.py:175} INFO - Processing /home/airflow/.local/lib/python3.7/site-packages/airflow/example_dags/example_external_task_marker_dag.py took 0.092 seconds
[2023-03-12T12:57:45.184+0000] {processor.py:153} INFO - Started process (PID=689) to work on /home/airflow/.local/lib/python3.7/site-packages/airflow/example_dags/example_external_task_marker_dag.py
[2023-03-12T12:57:45.185+0000] {processor.py:743} INFO - Processing file /home/airflow/.local/lib/python3.7/site-packages/airflow/example_dags/example_external_task_marker_dag.py for tasks to queue
[2023-03-12T12:57:45.185+0000] {logging_mixin.py:137} INFO - [2023-03-12T12:57:45.185+0000] {dagbag.py:538} INFO - Filling up the DagBag from /home/airflow/.local/lib/python3.7/site-packages/airflow/example_dags/example_external_task_marker_dag.py
[2023-03-12T12:57:45.200+0000] {processor.py:753} INFO - DAG(s) dict_keys(['example_external_task_marker_child', 'example_external_task_marker_parent']) retrieved from /home/airflow/.local/lib/python3.7/site-packages/airflow/example_dags/example_external_task_marker_dag.py
[2023-03-12T12:57:45.227+0000] {logging_mixin.py:137} INFO - [2023-03-12T12:57:45.227+0000] {dag.py:2690} INFO - Sync 2 DAGs
[2023-03-12T12:57:45.256+0000] {logging_mixin.py:137} INFO - [2023-03-12T12:57:45.256+0000] {dag.py:3441} INFO - Setting next_dagrun for example_external_task_marker_child to None, run_after=None
[2023-03-12T12:57:45.260+0000] {logging_mixin.py:137} INFO - [2023-03-12T12:57:45.260+0000] {dag.py:3441} INFO - Setting next_dagrun for example_external_task_marker_parent to None, run_after=None
[2023-03-12T12:57:45.278+0000] {processor.py:175} INFO - Processing /home/airflow/.local/lib/python3.7/site-packages/airflow/example_dags/example_external_task_marker_dag.py took 0.097 seconds
[2023-03-12T12:58:16.252+0000] {processor.py:153} INFO - Started process (PID=803) to work on /home/airflow/.local/lib/python3.7/site-packages/airflow/example_dags/example_external_task_marker_dag.py
[2023-03-12T12:58:16.253+0000] {processor.py:743} INFO - Processing file /home/airflow/.local/lib/python3.7/site-packages/airflow/example_dags/example_external_task_marker_dag.py for tasks to queue
[2023-03-12T12:58:16.254+0000] {logging_mixin.py:137} INFO - [2023-03-12T12:58:16.254+0000] {dagbag.py:538} INFO - Filling up the DagBag from /home/airflow/.local/lib/python3.7/site-packages/airflow/example_dags/example_external_task_marker_dag.py
[2023-03-12T12:58:16.277+0000] {processor.py:753} INFO - DAG(s) dict_keys(['example_external_task_marker_parent', 'example_external_task_marker_child']) retrieved from /home/airflow/.local/lib/python3.7/site-packages/airflow/example_dags/example_external_task_marker_dag.py
[2023-03-12T12:58:16.336+0000] {logging_mixin.py:137} INFO - [2023-03-12T12:58:16.335+0000] {dag.py:2690} INFO - Sync 2 DAGs
[2023-03-12T12:58:16.390+0000] {logging_mixin.py:137} INFO - [2023-03-12T12:58:16.389+0000] {dag.py:3441} INFO - Setting next_dagrun for example_external_task_marker_child to None, run_after=None
[2023-03-12T12:58:16.397+0000] {logging_mixin.py:137} INFO - [2023-03-12T12:58:16.396+0000] {dag.py:3441} INFO - Setting next_dagrun for example_external_task_marker_parent to None, run_after=None
[2023-03-12T12:58:16.422+0000] {processor.py:175} INFO - Processing /home/airflow/.local/lib/python3.7/site-packages/airflow/example_dags/example_external_task_marker_dag.py took 0.174 seconds
[2023-03-12T12:58:46.566+0000] {processor.py:153} INFO - Started process (PID=893) to work on /home/airflow/.local/lib/python3.7/site-packages/airflow/example_dags/example_external_task_marker_dag.py
[2023-03-12T12:58:46.567+0000] {processor.py:743} INFO - Processing file /home/airflow/.local/lib/python3.7/site-packages/airflow/example_dags/example_external_task_marker_dag.py for tasks to queue
[2023-03-12T12:58:46.568+0000] {logging_mixin.py:137} INFO - [2023-03-12T12:58:46.568+0000] {dagbag.py:538} INFO - Filling up the DagBag from /home/airflow/.local/lib/python3.7/site-packages/airflow/example_dags/example_external_task_marker_dag.py
[2023-03-12T12:58:46.580+0000] {processor.py:753} INFO - DAG(s) dict_keys(['example_external_task_marker_parent', 'example_external_task_marker_child']) retrieved from /home/airflow/.local/lib/python3.7/site-packages/airflow/example_dags/example_external_task_marker_dag.py
[2023-03-12T12:58:46.608+0000] {logging_mixin.py:137} INFO - [2023-03-12T12:58:46.608+0000] {dag.py:2690} INFO - Sync 2 DAGs
[2023-03-12T12:58:46.635+0000] {logging_mixin.py:137} INFO - [2023-03-12T12:58:46.635+0000] {dag.py:3441} INFO - Setting next_dagrun for example_external_task_marker_child to None, run_after=None
[2023-03-12T12:58:46.638+0000] {logging_mixin.py:137} INFO - [2023-03-12T12:58:46.638+0000] {dag.py:3441} INFO - Setting next_dagrun for example_external_task_marker_parent to None, run_after=None
[2023-03-12T12:58:46.658+0000] {processor.py:175} INFO - Processing /home/airflow/.local/lib/python3.7/site-packages/airflow/example_dags/example_external_task_marker_dag.py took 0.095 seconds
[2023-03-12T13:00:36.798+0000] {processor.py:153} INFO - Started process (PID=101) to work on /home/airflow/.local/lib/python3.7/site-packages/airflow/example_dags/example_external_task_marker_dag.py
[2023-03-12T13:00:36.799+0000] {processor.py:743} INFO - Processing file /home/airflow/.local/lib/python3.7/site-packages/airflow/example_dags/example_external_task_marker_dag.py for tasks to queue
[2023-03-12T13:00:36.799+0000] {logging_mixin.py:137} INFO - [2023-03-12T13:00:36.799+0000] {dagbag.py:538} INFO - Filling up the DagBag from /home/airflow/.local/lib/python3.7/site-packages/airflow/example_dags/example_external_task_marker_dag.py
[2023-03-12T13:00:36.815+0000] {processor.py:753} INFO - DAG(s) dict_keys(['example_external_task_marker_parent', 'example_external_task_marker_child']) retrieved from /home/airflow/.local/lib/python3.7/site-packages/airflow/example_dags/example_external_task_marker_dag.py
[2023-03-12T13:00:36.829+0000] {logging_mixin.py:137} INFO - [2023-03-12T13:00:36.829+0000] {dag.py:2690} INFO - Sync 2 DAGs
[2023-03-12T13:00:36.864+0000] {logging_mixin.py:137} INFO - [2023-03-12T13:00:36.864+0000] {dag.py:3441} INFO - Setting next_dagrun for example_external_task_marker_child to None, run_after=None
[2023-03-12T13:00:36.868+0000] {logging_mixin.py:137} INFO - [2023-03-12T13:00:36.868+0000] {dag.py:3441} INFO - Setting next_dagrun for example_external_task_marker_parent to None, run_after=None
[2023-03-12T13:00:36.890+0000] {processor.py:175} INFO - Processing /home/airflow/.local/lib/python3.7/site-packages/airflow/example_dags/example_external_task_marker_dag.py took 0.095 seconds
[2023-03-12T13:01:07.610+0000] {processor.py:153} INFO - Started process (PID=191) to work on /home/airflow/.local/lib/python3.7/site-packages/airflow/example_dags/example_external_task_marker_dag.py
[2023-03-12T13:01:07.611+0000] {processor.py:743} INFO - Processing file /home/airflow/.local/lib/python3.7/site-packages/airflow/example_dags/example_external_task_marker_dag.py for tasks to queue
[2023-03-12T13:01:07.612+0000] {logging_mixin.py:137} INFO - [2023-03-12T13:01:07.612+0000] {dagbag.py:538} INFO - Filling up the DagBag from /home/airflow/.local/lib/python3.7/site-packages/airflow/example_dags/example_external_task_marker_dag.py
[2023-03-12T13:01:07.629+0000] {processor.py:753} INFO - DAG(s) dict_keys(['example_external_task_marker_child', 'example_external_task_marker_parent']) retrieved from /home/airflow/.local/lib/python3.7/site-packages/airflow/example_dags/example_external_task_marker_dag.py
[2023-03-12T13:01:07.685+0000] {logging_mixin.py:137} INFO - [2023-03-12T13:01:07.685+0000] {dag.py:2690} INFO - Sync 2 DAGs
[2023-03-12T13:01:07.712+0000] {logging_mixin.py:137} INFO - [2023-03-12T13:01:07.712+0000] {dag.py:3441} INFO - Setting next_dagrun for example_external_task_marker_child to None, run_after=None
[2023-03-12T13:01:07.718+0000] {logging_mixin.py:137} INFO - [2023-03-12T13:01:07.718+0000] {dag.py:3441} INFO - Setting next_dagrun for example_external_task_marker_parent to None, run_after=None
[2023-03-12T13:01:07.739+0000] {processor.py:175} INFO - Processing /home/airflow/.local/lib/python3.7/site-packages/airflow/example_dags/example_external_task_marker_dag.py took 0.132 seconds
[2023-03-12T13:01:38.445+0000] {processor.py:153} INFO - Started process (PID=281) to work on /home/airflow/.local/lib/python3.7/site-packages/airflow/example_dags/example_external_task_marker_dag.py
[2023-03-12T13:01:38.446+0000] {processor.py:743} INFO - Processing file /home/airflow/.local/lib/python3.7/site-packages/airflow/example_dags/example_external_task_marker_dag.py for tasks to queue
[2023-03-12T13:01:38.447+0000] {logging_mixin.py:137} INFO - [2023-03-12T13:01:38.447+0000] {dagbag.py:538} INFO - Filling up the DagBag from /home/airflow/.local/lib/python3.7/site-packages/airflow/example_dags/example_external_task_marker_dag.py
[2023-03-12T13:01:38.462+0000] {processor.py:753} INFO - DAG(s) dict_keys(['example_external_task_marker_parent', 'example_external_task_marker_child']) retrieved from /home/airflow/.local/lib/python3.7/site-packages/airflow/example_dags/example_external_task_marker_dag.py
[2023-03-12T13:01:38.492+0000] {logging_mixin.py:137} INFO - [2023-03-12T13:01:38.492+0000] {dag.py:2690} INFO - Sync 2 DAGs
[2023-03-12T13:01:38.519+0000] {logging_mixin.py:137} INFO - [2023-03-12T13:01:38.519+0000] {dag.py:3441} INFO - Setting next_dagrun for example_external_task_marker_child to None, run_after=None
[2023-03-12T13:01:38.523+0000] {logging_mixin.py:137} INFO - [2023-03-12T13:01:38.523+0000] {dag.py:3441} INFO - Setting next_dagrun for example_external_task_marker_parent to None, run_after=None
[2023-03-12T13:01:38.543+0000] {processor.py:175} INFO - Processing /home/airflow/.local/lib/python3.7/site-packages/airflow/example_dags/example_external_task_marker_dag.py took 0.101 seconds
[2023-03-12T13:02:08.887+0000] {processor.py:153} INFO - Started process (PID=395) to work on /home/airflow/.local/lib/python3.7/site-packages/airflow/example_dags/example_external_task_marker_dag.py
[2023-03-12T13:02:08.888+0000] {processor.py:743} INFO - Processing file /home/airflow/.local/lib/python3.7/site-packages/airflow/example_dags/example_external_task_marker_dag.py for tasks to queue
[2023-03-12T13:02:08.889+0000] {logging_mixin.py:137} INFO - [2023-03-12T13:02:08.889+0000] {dagbag.py:538} INFO - Filling up the DagBag from /home/airflow/.local/lib/python3.7/site-packages/airflow/example_dags/example_external_task_marker_dag.py
[2023-03-12T13:02:08.901+0000] {processor.py:753} INFO - DAG(s) dict_keys(['example_external_task_marker_child', 'example_external_task_marker_parent']) retrieved from /home/airflow/.local/lib/python3.7/site-packages/airflow/example_dags/example_external_task_marker_dag.py
[2023-03-12T13:02:08.931+0000] {logging_mixin.py:137} INFO - [2023-03-12T13:02:08.931+0000] {dag.py:2690} INFO - Sync 2 DAGs
[2023-03-12T13:02:08.960+0000] {logging_mixin.py:137} INFO - [2023-03-12T13:02:08.959+0000] {dag.py:3441} INFO - Setting next_dagrun for example_external_task_marker_child to None, run_after=None
[2023-03-12T13:02:08.963+0000] {logging_mixin.py:137} INFO - [2023-03-12T13:02:08.963+0000] {dag.py:3441} INFO - Setting next_dagrun for example_external_task_marker_parent to None, run_after=None
[2023-03-12T13:02:08.980+0000] {processor.py:175} INFO - Processing /home/airflow/.local/lib/python3.7/site-packages/airflow/example_dags/example_external_task_marker_dag.py took 0.095 seconds
[2023-03-12T13:02:39.792+0000] {processor.py:153} INFO - Started process (PID=485) to work on /home/airflow/.local/lib/python3.7/site-packages/airflow/example_dags/example_external_task_marker_dag.py
[2023-03-12T13:02:39.793+0000] {processor.py:743} INFO - Processing file /home/airflow/.local/lib/python3.7/site-packages/airflow/example_dags/example_external_task_marker_dag.py for tasks to queue
[2023-03-12T13:02:39.794+0000] {logging_mixin.py:137} INFO - [2023-03-12T13:02:39.794+0000] {dagbag.py:538} INFO - Filling up the DagBag from /home/airflow/.local/lib/python3.7/site-packages/airflow/example_dags/example_external_task_marker_dag.py
[2023-03-12T13:02:39.807+0000] {processor.py:753} INFO - DAG(s) dict_keys(['example_external_task_marker_child', 'example_external_task_marker_parent']) retrieved from /home/airflow/.local/lib/python3.7/site-packages/airflow/example_dags/example_external_task_marker_dag.py
[2023-03-12T13:02:39.834+0000] {logging_mixin.py:137} INFO - [2023-03-12T13:02:39.834+0000] {dag.py:2690} INFO - Sync 2 DAGs
[2023-03-12T13:02:39.867+0000] {logging_mixin.py:137} INFO - [2023-03-12T13:02:39.867+0000] {dag.py:3441} INFO - Setting next_dagrun for example_external_task_marker_child to None, run_after=None
[2023-03-12T13:02:39.872+0000] {logging_mixin.py:137} INFO - [2023-03-12T13:02:39.872+0000] {dag.py:3441} INFO - Setting next_dagrun for example_external_task_marker_parent to None, run_after=None
[2023-03-12T13:02:39.892+0000] {processor.py:175} INFO - Processing /home/airflow/.local/lib/python3.7/site-packages/airflow/example_dags/example_external_task_marker_dag.py took 0.103 seconds
[2023-03-12T13:03:10.651+0000] {processor.py:153} INFO - Started process (PID=599) to work on /home/airflow/.local/lib/python3.7/site-packages/airflow/example_dags/example_external_task_marker_dag.py
[2023-03-12T13:03:10.652+0000] {processor.py:743} INFO - Processing file /home/airflow/.local/lib/python3.7/site-packages/airflow/example_dags/example_external_task_marker_dag.py for tasks to queue
[2023-03-12T13:03:10.653+0000] {logging_mixin.py:137} INFO - [2023-03-12T13:03:10.653+0000] {dagbag.py:538} INFO - Filling up the DagBag from /home/airflow/.local/lib/python3.7/site-packages/airflow/example_dags/example_external_task_marker_dag.py
[2023-03-12T13:03:10.673+0000] {processor.py:753} INFO - DAG(s) dict_keys(['example_external_task_marker_parent', 'example_external_task_marker_child']) retrieved from /home/airflow/.local/lib/python3.7/site-packages/airflow/example_dags/example_external_task_marker_dag.py
[2023-03-12T13:03:10.708+0000] {logging_mixin.py:137} INFO - [2023-03-12T13:03:10.707+0000] {dag.py:2690} INFO - Sync 2 DAGs
[2023-03-12T13:03:10.742+0000] {logging_mixin.py:137} INFO - [2023-03-12T13:03:10.742+0000] {dag.py:3441} INFO - Setting next_dagrun for example_external_task_marker_child to None, run_after=None
[2023-03-12T13:03:10.745+0000] {logging_mixin.py:137} INFO - [2023-03-12T13:03:10.745+0000] {dag.py:3441} INFO - Setting next_dagrun for example_external_task_marker_parent to None, run_after=None
[2023-03-12T13:03:10.767+0000] {processor.py:175} INFO - Processing /home/airflow/.local/lib/python3.7/site-packages/airflow/example_dags/example_external_task_marker_dag.py took 0.119 seconds
[2023-03-12T13:03:41.616+0000] {processor.py:153} INFO - Started process (PID=689) to work on /home/airflow/.local/lib/python3.7/site-packages/airflow/example_dags/example_external_task_marker_dag.py
[2023-03-12T13:03:41.616+0000] {processor.py:743} INFO - Processing file /home/airflow/.local/lib/python3.7/site-packages/airflow/example_dags/example_external_task_marker_dag.py for tasks to queue
[2023-03-12T13:03:41.617+0000] {logging_mixin.py:137} INFO - [2023-03-12T13:03:41.617+0000] {dagbag.py:538} INFO - Filling up the DagBag from /home/airflow/.local/lib/python3.7/site-packages/airflow/example_dags/example_external_task_marker_dag.py
[2023-03-12T13:03:41.629+0000] {processor.py:753} INFO - DAG(s) dict_keys(['example_external_task_marker_parent', 'example_external_task_marker_child']) retrieved from /home/airflow/.local/lib/python3.7/site-packages/airflow/example_dags/example_external_task_marker_dag.py
[2023-03-12T13:03:41.659+0000] {logging_mixin.py:137} INFO - [2023-03-12T13:03:41.658+0000] {dag.py:2690} INFO - Sync 2 DAGs
[2023-03-12T13:03:41.693+0000] {logging_mixin.py:137} INFO - [2023-03-12T13:03:41.693+0000] {dag.py:3441} INFO - Setting next_dagrun for example_external_task_marker_child to None, run_after=None
[2023-03-12T13:03:41.698+0000] {logging_mixin.py:137} INFO - [2023-03-12T13:03:41.697+0000] {dag.py:3441} INFO - Setting next_dagrun for example_external_task_marker_parent to None, run_after=None
[2023-03-12T13:03:41.718+0000] {processor.py:175} INFO - Processing /home/airflow/.local/lib/python3.7/site-packages/airflow/example_dags/example_external_task_marker_dag.py took 0.105 seconds
[2023-03-12T13:04:12.411+0000] {processor.py:153} INFO - Started process (PID=788) to work on /home/airflow/.local/lib/python3.7/site-packages/airflow/example_dags/example_external_task_marker_dag.py
[2023-03-12T13:04:12.412+0000] {processor.py:743} INFO - Processing file /home/airflow/.local/lib/python3.7/site-packages/airflow/example_dags/example_external_task_marker_dag.py for tasks to queue
[2023-03-12T13:04:12.413+0000] {logging_mixin.py:137} INFO - [2023-03-12T13:04:12.412+0000] {dagbag.py:538} INFO - Filling up the DagBag from /home/airflow/.local/lib/python3.7/site-packages/airflow/example_dags/example_external_task_marker_dag.py
[2023-03-12T13:04:12.425+0000] {processor.py:753} INFO - DAG(s) dict_keys(['example_external_task_marker_parent', 'example_external_task_marker_child']) retrieved from /home/airflow/.local/lib/python3.7/site-packages/airflow/example_dags/example_external_task_marker_dag.py
[2023-03-12T13:04:12.456+0000] {logging_mixin.py:137} INFO - [2023-03-12T13:04:12.456+0000] {dag.py:2690} INFO - Sync 2 DAGs
[2023-03-12T13:04:12.488+0000] {logging_mixin.py:137} INFO - [2023-03-12T13:04:12.488+0000] {dag.py:3441} INFO - Setting next_dagrun for example_external_task_marker_child to None, run_after=None
[2023-03-12T13:04:12.492+0000] {logging_mixin.py:137} INFO - [2023-03-12T13:04:12.492+0000] {dag.py:3441} INFO - Setting next_dagrun for example_external_task_marker_parent to None, run_after=None
[2023-03-12T13:04:12.511+0000] {processor.py:175} INFO - Processing /home/airflow/.local/lib/python3.7/site-packages/airflow/example_dags/example_external_task_marker_dag.py took 0.103 seconds
[2023-03-12T13:04:43.052+0000] {processor.py:153} INFO - Started process (PID=893) to work on /home/airflow/.local/lib/python3.7/site-packages/airflow/example_dags/example_external_task_marker_dag.py
[2023-03-12T13:04:43.053+0000] {processor.py:743} INFO - Processing file /home/airflow/.local/lib/python3.7/site-packages/airflow/example_dags/example_external_task_marker_dag.py for tasks to queue
[2023-03-12T13:04:43.054+0000] {logging_mixin.py:137} INFO - [2023-03-12T13:04:43.054+0000] {dagbag.py:538} INFO - Filling up the DagBag from /home/airflow/.local/lib/python3.7/site-packages/airflow/example_dags/example_external_task_marker_dag.py
[2023-03-12T13:04:43.066+0000] {processor.py:753} INFO - DAG(s) dict_keys(['example_external_task_marker_parent', 'example_external_task_marker_child']) retrieved from /home/airflow/.local/lib/python3.7/site-packages/airflow/example_dags/example_external_task_marker_dag.py
[2023-03-12T13:04:43.095+0000] {logging_mixin.py:137} INFO - [2023-03-12T13:04:43.095+0000] {dag.py:2690} INFO - Sync 2 DAGs
[2023-03-12T13:04:43.126+0000] {logging_mixin.py:137} INFO - [2023-03-12T13:04:43.125+0000] {dag.py:3441} INFO - Setting next_dagrun for example_external_task_marker_child to None, run_after=None
[2023-03-12T13:04:43.130+0000] {logging_mixin.py:137} INFO - [2023-03-12T13:04:43.129+0000] {dag.py:3441} INFO - Setting next_dagrun for example_external_task_marker_parent to None, run_after=None
[2023-03-12T13:04:43.150+0000] {processor.py:175} INFO - Processing /home/airflow/.local/lib/python3.7/site-packages/airflow/example_dags/example_external_task_marker_dag.py took 0.100 seconds
[2023-03-12T13:05:13.840+0000] {processor.py:153} INFO - Started process (PID=983) to work on /home/airflow/.local/lib/python3.7/site-packages/airflow/example_dags/example_external_task_marker_dag.py
[2023-03-12T13:05:13.841+0000] {processor.py:743} INFO - Processing file /home/airflow/.local/lib/python3.7/site-packages/airflow/example_dags/example_external_task_marker_dag.py for tasks to queue
[2023-03-12T13:05:13.841+0000] {logging_mixin.py:137} INFO - [2023-03-12T13:05:13.841+0000] {dagbag.py:538} INFO - Filling up the DagBag from /home/airflow/.local/lib/python3.7/site-packages/airflow/example_dags/example_external_task_marker_dag.py
[2023-03-12T13:05:13.854+0000] {processor.py:753} INFO - DAG(s) dict_keys(['example_external_task_marker_parent', 'example_external_task_marker_child']) retrieved from /home/airflow/.local/lib/python3.7/site-packages/airflow/example_dags/example_external_task_marker_dag.py
[2023-03-12T13:05:13.881+0000] {logging_mixin.py:137} INFO - [2023-03-12T13:05:13.881+0000] {dag.py:2690} INFO - Sync 2 DAGs
[2023-03-12T13:05:13.909+0000] {logging_mixin.py:137} INFO - [2023-03-12T13:05:13.909+0000] {dag.py:3441} INFO - Setting next_dagrun for example_external_task_marker_child to None, run_after=None
[2023-03-12T13:05:13.913+0000] {logging_mixin.py:137} INFO - [2023-03-12T13:05:13.912+0000] {dag.py:3441} INFO - Setting next_dagrun for example_external_task_marker_parent to None, run_after=None
[2023-03-12T13:05:13.930+0000] {processor.py:175} INFO - Processing /home/airflow/.local/lib/python3.7/site-packages/airflow/example_dags/example_external_task_marker_dag.py took 0.092 seconds
[2023-03-12T13:05:44.587+0000] {processor.py:153} INFO - Started process (PID=1098) to work on /home/airflow/.local/lib/python3.7/site-packages/airflow/example_dags/example_external_task_marker_dag.py
[2023-03-12T13:05:44.588+0000] {processor.py:743} INFO - Processing file /home/airflow/.local/lib/python3.7/site-packages/airflow/example_dags/example_external_task_marker_dag.py for tasks to queue
[2023-03-12T13:05:44.588+0000] {logging_mixin.py:137} INFO - [2023-03-12T13:05:44.588+0000] {dagbag.py:538} INFO - Filling up the DagBag from /home/airflow/.local/lib/python3.7/site-packages/airflow/example_dags/example_external_task_marker_dag.py
[2023-03-12T13:05:44.601+0000] {processor.py:753} INFO - DAG(s) dict_keys(['example_external_task_marker_child', 'example_external_task_marker_parent']) retrieved from /home/airflow/.local/lib/python3.7/site-packages/airflow/example_dags/example_external_task_marker_dag.py
[2023-03-12T13:05:44.629+0000] {logging_mixin.py:137} INFO - [2023-03-12T13:05:44.629+0000] {dag.py:2690} INFO - Sync 2 DAGs
[2023-03-12T13:05:44.657+0000] {logging_mixin.py:137} INFO - [2023-03-12T13:05:44.657+0000] {dag.py:3441} INFO - Setting next_dagrun for example_external_task_marker_child to None, run_after=None
[2023-03-12T13:05:44.660+0000] {logging_mixin.py:137} INFO - [2023-03-12T13:05:44.660+0000] {dag.py:3441} INFO - Setting next_dagrun for example_external_task_marker_parent to None, run_after=None
[2023-03-12T13:05:44.678+0000] {processor.py:175} INFO - Processing /home/airflow/.local/lib/python3.7/site-packages/airflow/example_dags/example_external_task_marker_dag.py took 0.094 seconds
[2023-03-12T13:06:15.339+0000] {processor.py:153} INFO - Started process (PID=1188) to work on /home/airflow/.local/lib/python3.7/site-packages/airflow/example_dags/example_external_task_marker_dag.py
[2023-03-12T13:06:15.340+0000] {processor.py:743} INFO - Processing file /home/airflow/.local/lib/python3.7/site-packages/airflow/example_dags/example_external_task_marker_dag.py for tasks to queue
[2023-03-12T13:06:15.341+0000] {logging_mixin.py:137} INFO - [2023-03-12T13:06:15.341+0000] {dagbag.py:538} INFO - Filling up the DagBag from /home/airflow/.local/lib/python3.7/site-packages/airflow/example_dags/example_external_task_marker_dag.py
[2023-03-12T13:06:15.358+0000] {processor.py:753} INFO - DAG(s) dict_keys(['example_external_task_marker_child', 'example_external_task_marker_parent']) retrieved from /home/airflow/.local/lib/python3.7/site-packages/airflow/example_dags/example_external_task_marker_dag.py
[2023-03-12T13:06:15.390+0000] {logging_mixin.py:137} INFO - [2023-03-12T13:06:15.389+0000] {dag.py:2690} INFO - Sync 2 DAGs
[2023-03-12T13:06:15.440+0000] {logging_mixin.py:137} INFO - [2023-03-12T13:06:15.439+0000] {dag.py:3441} INFO - Setting next_dagrun for example_external_task_marker_child to None, run_after=None
[2023-03-12T13:06:15.445+0000] {logging_mixin.py:137} INFO - [2023-03-12T13:06:15.445+0000] {dag.py:3441} INFO - Setting next_dagrun for example_external_task_marker_parent to None, run_after=None
[2023-03-12T13:06:15.479+0000] {processor.py:175} INFO - Processing /home/airflow/.local/lib/python3.7/site-packages/airflow/example_dags/example_external_task_marker_dag.py took 0.143 seconds
[2023-03-12T13:06:46.021+0000] {processor.py:153} INFO - Started process (PID=1297) to work on /home/airflow/.local/lib/python3.7/site-packages/airflow/example_dags/example_external_task_marker_dag.py
[2023-03-12T13:06:46.022+0000] {processor.py:743} INFO - Processing file /home/airflow/.local/lib/python3.7/site-packages/airflow/example_dags/example_external_task_marker_dag.py for tasks to queue
[2023-03-12T13:06:46.023+0000] {logging_mixin.py:137} INFO - [2023-03-12T13:06:46.023+0000] {dagbag.py:538} INFO - Filling up the DagBag from /home/airflow/.local/lib/python3.7/site-packages/airflow/example_dags/example_external_task_marker_dag.py
[2023-03-12T13:06:46.039+0000] {processor.py:753} INFO - DAG(s) dict_keys(['example_external_task_marker_child', 'example_external_task_marker_parent']) retrieved from /home/airflow/.local/lib/python3.7/site-packages/airflow/example_dags/example_external_task_marker_dag.py
[2023-03-12T13:06:46.103+0000] {logging_mixin.py:137} INFO - [2023-03-12T13:06:46.103+0000] {dag.py:2690} INFO - Sync 2 DAGs
[2023-03-12T13:06:46.167+0000] {logging_mixin.py:137} INFO - [2023-03-12T13:06:46.167+0000] {dag.py:3441} INFO - Setting next_dagrun for example_external_task_marker_child to None, run_after=None
[2023-03-12T13:06:46.170+0000] {logging_mixin.py:137} INFO - [2023-03-12T13:06:46.170+0000] {dag.py:3441} INFO - Setting next_dagrun for example_external_task_marker_parent to None, run_after=None
[2023-03-12T13:06:46.190+0000] {processor.py:175} INFO - Processing /home/airflow/.local/lib/python3.7/site-packages/airflow/example_dags/example_external_task_marker_dag.py took 0.172 seconds
[2023-03-12T13:07:03.272+0000] {processor.py:153} INFO - Started process (PID=77) to work on /home/airflow/.local/lib/python3.7/site-packages/airflow/example_dags/example_external_task_marker_dag.py
[2023-03-12T13:07:03.273+0000] {processor.py:743} INFO - Processing file /home/airflow/.local/lib/python3.7/site-packages/airflow/example_dags/example_external_task_marker_dag.py for tasks to queue
[2023-03-12T13:07:03.273+0000] {logging_mixin.py:137} INFO - [2023-03-12T13:07:03.273+0000] {dagbag.py:538} INFO - Filling up the DagBag from /home/airflow/.local/lib/python3.7/site-packages/airflow/example_dags/example_external_task_marker_dag.py
[2023-03-12T13:07:03.286+0000] {processor.py:753} INFO - DAG(s) dict_keys(['example_external_task_marker_child', 'example_external_task_marker_parent']) retrieved from /home/airflow/.local/lib/python3.7/site-packages/airflow/example_dags/example_external_task_marker_dag.py
[2023-03-12T13:07:03.359+0000] {logging_mixin.py:137} INFO - [2023-03-12T13:07:03.359+0000] {dag.py:2690} INFO - Sync 2 DAGs
[2023-03-12T13:07:03.449+0000] {logging_mixin.py:137} INFO - [2023-03-12T13:07:03.449+0000] {dag.py:3441} INFO - Setting next_dagrun for example_external_task_marker_child to None, run_after=None
[2023-03-12T13:07:03.454+0000] {logging_mixin.py:137} INFO - [2023-03-12T13:07:03.454+0000] {dag.py:3441} INFO - Setting next_dagrun for example_external_task_marker_parent to None, run_after=None
[2023-03-12T13:07:03.480+0000] {processor.py:175} INFO - Processing /home/airflow/.local/lib/python3.7/site-packages/airflow/example_dags/example_external_task_marker_dag.py took 0.211 seconds
[2023-03-12T13:07:33.566+0000] {processor.py:153} INFO - Started process (PID=172) to work on /home/airflow/.local/lib/python3.7/site-packages/airflow/example_dags/example_external_task_marker_dag.py
[2023-03-12T13:07:33.567+0000] {processor.py:743} INFO - Processing file /home/airflow/.local/lib/python3.7/site-packages/airflow/example_dags/example_external_task_marker_dag.py for tasks to queue
[2023-03-12T13:07:33.568+0000] {logging_mixin.py:137} INFO - [2023-03-12T13:07:33.568+0000] {dagbag.py:538} INFO - Filling up the DagBag from /home/airflow/.local/lib/python3.7/site-packages/airflow/example_dags/example_external_task_marker_dag.py
[2023-03-12T13:07:33.582+0000] {processor.py:753} INFO - DAG(s) dict_keys(['example_external_task_marker_parent', 'example_external_task_marker_child']) retrieved from /home/airflow/.local/lib/python3.7/site-packages/airflow/example_dags/example_external_task_marker_dag.py
[2023-03-12T13:07:33.612+0000] {logging_mixin.py:137} INFO - [2023-03-12T13:07:33.612+0000] {dag.py:2690} INFO - Sync 2 DAGs
[2023-03-12T13:07:33.669+0000] {logging_mixin.py:137} INFO - [2023-03-12T13:07:33.668+0000] {dag.py:3441} INFO - Setting next_dagrun for example_external_task_marker_child to None, run_after=None
[2023-03-12T13:07:33.672+0000] {logging_mixin.py:137} INFO - [2023-03-12T13:07:33.672+0000] {dag.py:3441} INFO - Setting next_dagrun for example_external_task_marker_parent to None, run_after=None
[2023-03-12T13:07:33.693+0000] {processor.py:175} INFO - Processing /home/airflow/.local/lib/python3.7/site-packages/airflow/example_dags/example_external_task_marker_dag.py took 0.130 seconds
[2023-03-12T13:08:03.978+0000] {processor.py:153} INFO - Started process (PID=279) to work on /home/airflow/.local/lib/python3.7/site-packages/airflow/example_dags/example_external_task_marker_dag.py
[2023-03-12T13:08:03.979+0000] {processor.py:743} INFO - Processing file /home/airflow/.local/lib/python3.7/site-packages/airflow/example_dags/example_external_task_marker_dag.py for tasks to queue
[2023-03-12T13:08:03.979+0000] {logging_mixin.py:137} INFO - [2023-03-12T13:08:03.979+0000] {dagbag.py:538} INFO - Filling up the DagBag from /home/airflow/.local/lib/python3.7/site-packages/airflow/example_dags/example_external_task_marker_dag.py
[2023-03-12T13:08:03.992+0000] {processor.py:753} INFO - DAG(s) dict_keys(['example_external_task_marker_child', 'example_external_task_marker_parent']) retrieved from /home/airflow/.local/lib/python3.7/site-packages/airflow/example_dags/example_external_task_marker_dag.py
[2023-03-12T13:08:04.019+0000] {logging_mixin.py:137} INFO - [2023-03-12T13:08:04.019+0000] {dag.py:2690} INFO - Sync 2 DAGs
[2023-03-12T13:08:04.053+0000] {logging_mixin.py:137} INFO - [2023-03-12T13:08:04.053+0000] {dag.py:3441} INFO - Setting next_dagrun for example_external_task_marker_child to None, run_after=None
[2023-03-12T13:08:04.057+0000] {logging_mixin.py:137} INFO - [2023-03-12T13:08:04.057+0000] {dag.py:3441} INFO - Setting next_dagrun for example_external_task_marker_parent to None, run_after=None
[2023-03-12T13:08:04.073+0000] {processor.py:175} INFO - Processing /home/airflow/.local/lib/python3.7/site-packages/airflow/example_dags/example_external_task_marker_dag.py took 0.098 seconds
[2023-03-12T13:08:34.822+0000] {processor.py:153} INFO - Started process (PID=370) to work on /home/airflow/.local/lib/python3.7/site-packages/airflow/example_dags/example_external_task_marker_dag.py
[2023-03-12T13:08:34.823+0000] {processor.py:743} INFO - Processing file /home/airflow/.local/lib/python3.7/site-packages/airflow/example_dags/example_external_task_marker_dag.py for tasks to queue
[2023-03-12T13:08:34.824+0000] {logging_mixin.py:137} INFO - [2023-03-12T13:08:34.824+0000] {dagbag.py:538} INFO - Filling up the DagBag from /home/airflow/.local/lib/python3.7/site-packages/airflow/example_dags/example_external_task_marker_dag.py
[2023-03-12T13:08:34.837+0000] {processor.py:753} INFO - DAG(s) dict_keys(['example_external_task_marker_child', 'example_external_task_marker_parent']) retrieved from /home/airflow/.local/lib/python3.7/site-packages/airflow/example_dags/example_external_task_marker_dag.py
[2023-03-12T13:08:34.865+0000] {logging_mixin.py:137} INFO - [2023-03-12T13:08:34.865+0000] {dag.py:2690} INFO - Sync 2 DAGs
[2023-03-12T13:08:34.890+0000] {logging_mixin.py:137} INFO - [2023-03-12T13:08:34.890+0000] {dag.py:3441} INFO - Setting next_dagrun for example_external_task_marker_child to None, run_after=None
[2023-03-12T13:08:34.894+0000] {logging_mixin.py:137} INFO - [2023-03-12T13:08:34.894+0000] {dag.py:3441} INFO - Setting next_dagrun for example_external_task_marker_parent to None, run_after=None
[2023-03-12T13:08:34.912+0000] {processor.py:175} INFO - Processing /home/airflow/.local/lib/python3.7/site-packages/airflow/example_dags/example_external_task_marker_dag.py took 0.093 seconds
[2023-03-12T13:08:57.959+0000] {processor.py:153} INFO - Started process (PID=77) to work on /home/airflow/.local/lib/python3.7/site-packages/airflow/example_dags/example_external_task_marker_dag.py
[2023-03-12T13:08:57.960+0000] {processor.py:743} INFO - Processing file /home/airflow/.local/lib/python3.7/site-packages/airflow/example_dags/example_external_task_marker_dag.py for tasks to queue
[2023-03-12T13:08:57.961+0000] {logging_mixin.py:137} INFO - [2023-03-12T13:08:57.961+0000] {dagbag.py:538} INFO - Filling up the DagBag from /home/airflow/.local/lib/python3.7/site-packages/airflow/example_dags/example_external_task_marker_dag.py
[2023-03-12T13:08:57.972+0000] {processor.py:753} INFO - DAG(s) dict_keys(['example_external_task_marker_parent', 'example_external_task_marker_child']) retrieved from /home/airflow/.local/lib/python3.7/site-packages/airflow/example_dags/example_external_task_marker_dag.py
[2023-03-12T13:08:57.985+0000] {logging_mixin.py:137} INFO - [2023-03-12T13:08:57.985+0000] {dag.py:2690} INFO - Sync 2 DAGs
[2023-03-12T13:08:58.012+0000] {logging_mixin.py:137} INFO - [2023-03-12T13:08:58.012+0000] {dag.py:3441} INFO - Setting next_dagrun for example_external_task_marker_child to None, run_after=None
[2023-03-12T13:08:58.015+0000] {logging_mixin.py:137} INFO - [2023-03-12T13:08:58.015+0000] {dag.py:3441} INFO - Setting next_dagrun for example_external_task_marker_parent to None, run_after=None
[2023-03-12T13:08:58.035+0000] {processor.py:175} INFO - Processing /home/airflow/.local/lib/python3.7/site-packages/airflow/example_dags/example_external_task_marker_dag.py took 0.079 seconds
[2023-03-12T13:09:28.696+0000] {processor.py:153} INFO - Started process (PID=191) to work on /home/airflow/.local/lib/python3.7/site-packages/airflow/example_dags/example_external_task_marker_dag.py
[2023-03-12T13:09:28.697+0000] {processor.py:743} INFO - Processing file /home/airflow/.local/lib/python3.7/site-packages/airflow/example_dags/example_external_task_marker_dag.py for tasks to queue
[2023-03-12T13:09:28.697+0000] {logging_mixin.py:137} INFO - [2023-03-12T13:09:28.697+0000] {dagbag.py:538} INFO - Filling up the DagBag from /home/airflow/.local/lib/python3.7/site-packages/airflow/example_dags/example_external_task_marker_dag.py
[2023-03-12T13:09:28.709+0000] {processor.py:753} INFO - DAG(s) dict_keys(['example_external_task_marker_parent', 'example_external_task_marker_child']) retrieved from /home/airflow/.local/lib/python3.7/site-packages/airflow/example_dags/example_external_task_marker_dag.py
[2023-03-12T13:09:28.779+0000] {logging_mixin.py:137} INFO - [2023-03-12T13:09:28.779+0000] {dag.py:2690} INFO - Sync 2 DAGs
[2023-03-12T13:09:28.804+0000] {logging_mixin.py:137} INFO - [2023-03-12T13:09:28.804+0000] {dag.py:3441} INFO - Setting next_dagrun for example_external_task_marker_child to None, run_after=None
[2023-03-12T13:09:28.807+0000] {logging_mixin.py:137} INFO - [2023-03-12T13:09:28.807+0000] {dag.py:3441} INFO - Setting next_dagrun for example_external_task_marker_parent to None, run_after=None
[2023-03-12T13:09:28.825+0000] {processor.py:175} INFO - Processing /home/airflow/.local/lib/python3.7/site-packages/airflow/example_dags/example_external_task_marker_dag.py took 0.132 seconds
[2023-03-12T13:09:59.704+0000] {processor.py:153} INFO - Started process (PID=281) to work on /home/airflow/.local/lib/python3.7/site-packages/airflow/example_dags/example_external_task_marker_dag.py
[2023-03-12T13:09:59.704+0000] {processor.py:743} INFO - Processing file /home/airflow/.local/lib/python3.7/site-packages/airflow/example_dags/example_external_task_marker_dag.py for tasks to queue
[2023-03-12T13:09:59.705+0000] {logging_mixin.py:137} INFO - [2023-03-12T13:09:59.705+0000] {dagbag.py:538} INFO - Filling up the DagBag from /home/airflow/.local/lib/python3.7/site-packages/airflow/example_dags/example_external_task_marker_dag.py
[2023-03-12T13:09:59.718+0000] {processor.py:753} INFO - DAG(s) dict_keys(['example_external_task_marker_child', 'example_external_task_marker_parent']) retrieved from /home/airflow/.local/lib/python3.7/site-packages/airflow/example_dags/example_external_task_marker_dag.py
[2023-03-12T13:09:59.744+0000] {logging_mixin.py:137} INFO - [2023-03-12T13:09:59.744+0000] {dag.py:2690} INFO - Sync 2 DAGs
[2023-03-12T13:09:59.775+0000] {logging_mixin.py:137} INFO - [2023-03-12T13:09:59.775+0000] {dag.py:3441} INFO - Setting next_dagrun for example_external_task_marker_child to None, run_after=None
[2023-03-12T13:09:59.778+0000] {logging_mixin.py:137} INFO - [2023-03-12T13:09:59.778+0000] {dag.py:3441} INFO - Setting next_dagrun for example_external_task_marker_parent to None, run_after=None
[2023-03-12T13:09:59.794+0000] {processor.py:175} INFO - Processing /home/airflow/.local/lib/python3.7/site-packages/airflow/example_dags/example_external_task_marker_dag.py took 0.094 seconds
[2023-03-12T13:10:30.853+0000] {processor.py:153} INFO - Started process (PID=405) to work on /home/airflow/.local/lib/python3.7/site-packages/airflow/example_dags/example_external_task_marker_dag.py
[2023-03-12T13:10:30.856+0000] {processor.py:743} INFO - Processing file /home/airflow/.local/lib/python3.7/site-packages/airflow/example_dags/example_external_task_marker_dag.py for tasks to queue
[2023-03-12T13:10:30.856+0000] {logging_mixin.py:137} INFO - [2023-03-12T13:10:30.856+0000] {dagbag.py:538} INFO - Filling up the DagBag from /home/airflow/.local/lib/python3.7/site-packages/airflow/example_dags/example_external_task_marker_dag.py
[2023-03-12T13:10:30.871+0000] {processor.py:753} INFO - DAG(s) dict_keys(['example_external_task_marker_child', 'example_external_task_marker_parent']) retrieved from /home/airflow/.local/lib/python3.7/site-packages/airflow/example_dags/example_external_task_marker_dag.py
[2023-03-12T13:10:30.898+0000] {logging_mixin.py:137} INFO - [2023-03-12T13:10:30.898+0000] {dag.py:2690} INFO - Sync 2 DAGs
[2023-03-12T13:10:30.924+0000] {logging_mixin.py:137} INFO - [2023-03-12T13:10:30.924+0000] {dag.py:3441} INFO - Setting next_dagrun for example_external_task_marker_child to None, run_after=None
[2023-03-12T13:10:30.928+0000] {logging_mixin.py:137} INFO - [2023-03-12T13:10:30.928+0000] {dag.py:3441} INFO - Setting next_dagrun for example_external_task_marker_parent to None, run_after=None
[2023-03-12T13:10:30.946+0000] {processor.py:175} INFO - Processing /home/airflow/.local/lib/python3.7/site-packages/airflow/example_dags/example_external_task_marker_dag.py took 0.096 seconds
[2023-03-12T13:11:01.860+0000] {processor.py:153} INFO - Started process (PID=499) to work on /home/airflow/.local/lib/python3.7/site-packages/airflow/example_dags/example_external_task_marker_dag.py
[2023-03-12T13:11:01.861+0000] {processor.py:743} INFO - Processing file /home/airflow/.local/lib/python3.7/site-packages/airflow/example_dags/example_external_task_marker_dag.py for tasks to queue
[2023-03-12T13:11:01.861+0000] {logging_mixin.py:137} INFO - [2023-03-12T13:11:01.861+0000] {dagbag.py:538} INFO - Filling up the DagBag from /home/airflow/.local/lib/python3.7/site-packages/airflow/example_dags/example_external_task_marker_dag.py
[2023-03-12T13:11:01.875+0000] {processor.py:753} INFO - DAG(s) dict_keys(['example_external_task_marker_child', 'example_external_task_marker_parent']) retrieved from /home/airflow/.local/lib/python3.7/site-packages/airflow/example_dags/example_external_task_marker_dag.py
[2023-03-12T13:11:01.902+0000] {logging_mixin.py:137} INFO - [2023-03-12T13:11:01.902+0000] {dag.py:2690} INFO - Sync 2 DAGs
[2023-03-12T13:11:01.929+0000] {logging_mixin.py:137} INFO - [2023-03-12T13:11:01.929+0000] {dag.py:3441} INFO - Setting next_dagrun for example_external_task_marker_child to None, run_after=None
[2023-03-12T13:11:01.932+0000] {logging_mixin.py:137} INFO - [2023-03-12T13:11:01.932+0000] {dag.py:3441} INFO - Setting next_dagrun for example_external_task_marker_parent to None, run_after=None
[2023-03-12T13:11:01.948+0000] {processor.py:175} INFO - Processing /home/airflow/.local/lib/python3.7/site-packages/airflow/example_dags/example_external_task_marker_dag.py took 0.092 seconds
[2023-03-12T13:11:32.889+0000] {processor.py:153} INFO - Started process (PID=598) to work on /home/airflow/.local/lib/python3.7/site-packages/airflow/example_dags/example_external_task_marker_dag.py
[2023-03-12T13:11:32.890+0000] {processor.py:743} INFO - Processing file /home/airflow/.local/lib/python3.7/site-packages/airflow/example_dags/example_external_task_marker_dag.py for tasks to queue
[2023-03-12T13:11:32.891+0000] {logging_mixin.py:137} INFO - [2023-03-12T13:11:32.891+0000] {dagbag.py:538} INFO - Filling up the DagBag from /home/airflow/.local/lib/python3.7/site-packages/airflow/example_dags/example_external_task_marker_dag.py
[2023-03-12T13:11:32.902+0000] {processor.py:753} INFO - DAG(s) dict_keys(['example_external_task_marker_child', 'example_external_task_marker_parent']) retrieved from /home/airflow/.local/lib/python3.7/site-packages/airflow/example_dags/example_external_task_marker_dag.py
[2023-03-12T13:11:32.937+0000] {logging_mixin.py:137} INFO - [2023-03-12T13:11:32.937+0000] {dag.py:2690} INFO - Sync 2 DAGs
[2023-03-12T13:11:32.973+0000] {logging_mixin.py:137} INFO - [2023-03-12T13:11:32.972+0000] {dag.py:3441} INFO - Setting next_dagrun for example_external_task_marker_child to None, run_after=None
[2023-03-12T13:11:32.976+0000] {logging_mixin.py:137} INFO - [2023-03-12T13:11:32.976+0000] {dag.py:3441} INFO - Setting next_dagrun for example_external_task_marker_parent to None, run_after=None
[2023-03-12T13:11:32.995+0000] {processor.py:175} INFO - Processing /home/airflow/.local/lib/python3.7/site-packages/airflow/example_dags/example_external_task_marker_dag.py took 0.108 seconds
[2023-03-12T13:12:03.220+0000] {processor.py:153} INFO - Started process (PID=707) to work on /home/airflow/.local/lib/python3.7/site-packages/airflow/example_dags/example_external_task_marker_dag.py
[2023-03-12T13:12:03.221+0000] {processor.py:743} INFO - Processing file /home/airflow/.local/lib/python3.7/site-packages/airflow/example_dags/example_external_task_marker_dag.py for tasks to queue
[2023-03-12T13:12:03.221+0000] {logging_mixin.py:137} INFO - [2023-03-12T13:12:03.221+0000] {dagbag.py:538} INFO - Filling up the DagBag from /home/airflow/.local/lib/python3.7/site-packages/airflow/example_dags/example_external_task_marker_dag.py
[2023-03-12T13:12:03.233+0000] {processor.py:753} INFO - DAG(s) dict_keys(['example_external_task_marker_child', 'example_external_task_marker_parent']) retrieved from /home/airflow/.local/lib/python3.7/site-packages/airflow/example_dags/example_external_task_marker_dag.py
[2023-03-12T13:12:03.258+0000] {logging_mixin.py:137} INFO - [2023-03-12T13:12:03.258+0000] {dag.py:2690} INFO - Sync 2 DAGs
[2023-03-12T13:12:03.284+0000] {logging_mixin.py:137} INFO - [2023-03-12T13:12:03.283+0000] {dag.py:3441} INFO - Setting next_dagrun for example_external_task_marker_child to None, run_after=None
[2023-03-12T13:12:03.287+0000] {logging_mixin.py:137} INFO - [2023-03-12T13:12:03.287+0000] {dag.py:3441} INFO - Setting next_dagrun for example_external_task_marker_parent to None, run_after=None
[2023-03-12T13:12:03.302+0000] {processor.py:175} INFO - Processing /home/airflow/.local/lib/python3.7/site-packages/airflow/example_dags/example_external_task_marker_dag.py took 0.084 seconds
[2023-03-12T13:12:34.242+0000] {processor.py:153} INFO - Started process (PID=797) to work on /home/airflow/.local/lib/python3.7/site-packages/airflow/example_dags/example_external_task_marker_dag.py
[2023-03-12T13:12:34.243+0000] {processor.py:743} INFO - Processing file /home/airflow/.local/lib/python3.7/site-packages/airflow/example_dags/example_external_task_marker_dag.py for tasks to queue
[2023-03-12T13:12:34.243+0000] {logging_mixin.py:137} INFO - [2023-03-12T13:12:34.243+0000] {dagbag.py:538} INFO - Filling up the DagBag from /home/airflow/.local/lib/python3.7/site-packages/airflow/example_dags/example_external_task_marker_dag.py
[2023-03-12T13:12:34.258+0000] {processor.py:753} INFO - DAG(s) dict_keys(['example_external_task_marker_child', 'example_external_task_marker_parent']) retrieved from /home/airflow/.local/lib/python3.7/site-packages/airflow/example_dags/example_external_task_marker_dag.py
[2023-03-12T13:12:34.285+0000] {logging_mixin.py:137} INFO - [2023-03-12T13:12:34.284+0000] {dag.py:2690} INFO - Sync 2 DAGs
[2023-03-12T13:12:34.311+0000] {logging_mixin.py:137} INFO - [2023-03-12T13:12:34.311+0000] {dag.py:3441} INFO - Setting next_dagrun for example_external_task_marker_child to None, run_after=None
[2023-03-12T13:12:34.315+0000] {logging_mixin.py:137} INFO - [2023-03-12T13:12:34.315+0000] {dag.py:3441} INFO - Setting next_dagrun for example_external_task_marker_parent to None, run_after=None
[2023-03-12T13:12:34.332+0000] {processor.py:175} INFO - Processing /home/airflow/.local/lib/python3.7/site-packages/airflow/example_dags/example_external_task_marker_dag.py took 0.093 seconds
[2023-03-12T13:13:04.539+0000] {processor.py:153} INFO - Started process (PID=915) to work on /home/airflow/.local/lib/python3.7/site-packages/airflow/example_dags/example_external_task_marker_dag.py
[2023-03-12T13:13:04.540+0000] {processor.py:743} INFO - Processing file /home/airflow/.local/lib/python3.7/site-packages/airflow/example_dags/example_external_task_marker_dag.py for tasks to queue
[2023-03-12T13:13:04.540+0000] {logging_mixin.py:137} INFO - [2023-03-12T13:13:04.540+0000] {dagbag.py:538} INFO - Filling up the DagBag from /home/airflow/.local/lib/python3.7/site-packages/airflow/example_dags/example_external_task_marker_dag.py
[2023-03-12T13:13:04.554+0000] {processor.py:753} INFO - DAG(s) dict_keys(['example_external_task_marker_child', 'example_external_task_marker_parent']) retrieved from /home/airflow/.local/lib/python3.7/site-packages/airflow/example_dags/example_external_task_marker_dag.py
[2023-03-12T13:13:04.582+0000] {logging_mixin.py:137} INFO - [2023-03-12T13:13:04.582+0000] {dag.py:2690} INFO - Sync 2 DAGs
[2023-03-12T13:13:04.613+0000] {logging_mixin.py:137} INFO - [2023-03-12T13:13:04.612+0000] {dag.py:3441} INFO - Setting next_dagrun for example_external_task_marker_child to None, run_after=None
[2023-03-12T13:13:04.617+0000] {logging_mixin.py:137} INFO - [2023-03-12T13:13:04.616+0000] {dag.py:3441} INFO - Setting next_dagrun for example_external_task_marker_parent to None, run_after=None
[2023-03-12T13:13:04.634+0000] {processor.py:175} INFO - Processing /home/airflow/.local/lib/python3.7/site-packages/airflow/example_dags/example_external_task_marker_dag.py took 0.097 seconds
[2023-03-12T13:13:34.781+0000] {processor.py:153} INFO - Started process (PID=1005) to work on /home/airflow/.local/lib/python3.7/site-packages/airflow/example_dags/example_external_task_marker_dag.py
[2023-03-12T13:13:34.782+0000] {processor.py:743} INFO - Processing file /home/airflow/.local/lib/python3.7/site-packages/airflow/example_dags/example_external_task_marker_dag.py for tasks to queue
[2023-03-12T13:13:34.783+0000] {logging_mixin.py:137} INFO - [2023-03-12T13:13:34.783+0000] {dagbag.py:538} INFO - Filling up the DagBag from /home/airflow/.local/lib/python3.7/site-packages/airflow/example_dags/example_external_task_marker_dag.py
[2023-03-12T13:13:34.795+0000] {processor.py:753} INFO - DAG(s) dict_keys(['example_external_task_marker_child', 'example_external_task_marker_parent']) retrieved from /home/airflow/.local/lib/python3.7/site-packages/airflow/example_dags/example_external_task_marker_dag.py
[2023-03-12T13:13:34.823+0000] {logging_mixin.py:137} INFO - [2023-03-12T13:13:34.822+0000] {dag.py:2690} INFO - Sync 2 DAGs
[2023-03-12T13:13:34.849+0000] {logging_mixin.py:137} INFO - [2023-03-12T13:13:34.849+0000] {dag.py:3441} INFO - Setting next_dagrun for example_external_task_marker_child to None, run_after=None
[2023-03-12T13:13:34.853+0000] {logging_mixin.py:137} INFO - [2023-03-12T13:13:34.853+0000] {dag.py:3441} INFO - Setting next_dagrun for example_external_task_marker_parent to None, run_after=None
[2023-03-12T13:13:34.875+0000] {processor.py:175} INFO - Processing /home/airflow/.local/lib/python3.7/site-packages/airflow/example_dags/example_external_task_marker_dag.py took 0.097 seconds
[2023-03-12T13:14:05.665+0000] {processor.py:153} INFO - Started process (PID=1123) to work on /home/airflow/.local/lib/python3.7/site-packages/airflow/example_dags/example_external_task_marker_dag.py
[2023-03-12T13:14:05.666+0000] {processor.py:743} INFO - Processing file /home/airflow/.local/lib/python3.7/site-packages/airflow/example_dags/example_external_task_marker_dag.py for tasks to queue
[2023-03-12T13:14:05.667+0000] {logging_mixin.py:137} INFO - [2023-03-12T13:14:05.667+0000] {dagbag.py:538} INFO - Filling up the DagBag from /home/airflow/.local/lib/python3.7/site-packages/airflow/example_dags/example_external_task_marker_dag.py
[2023-03-12T13:14:05.680+0000] {processor.py:753} INFO - DAG(s) dict_keys(['example_external_task_marker_child', 'example_external_task_marker_parent']) retrieved from /home/airflow/.local/lib/python3.7/site-packages/airflow/example_dags/example_external_task_marker_dag.py
[2023-03-12T13:14:05.716+0000] {logging_mixin.py:137} INFO - [2023-03-12T13:14:05.716+0000] {dag.py:2690} INFO - Sync 2 DAGs
[2023-03-12T13:14:05.750+0000] {logging_mixin.py:137} INFO - [2023-03-12T13:14:05.750+0000] {dag.py:3441} INFO - Setting next_dagrun for example_external_task_marker_child to None, run_after=None
[2023-03-12T13:14:05.755+0000] {logging_mixin.py:137} INFO - [2023-03-12T13:14:05.754+0000] {dag.py:3441} INFO - Setting next_dagrun for example_external_task_marker_parent to None, run_after=None
[2023-03-12T13:14:05.780+0000] {processor.py:175} INFO - Processing /home/airflow/.local/lib/python3.7/site-packages/airflow/example_dags/example_external_task_marker_dag.py took 0.118 seconds
[2023-03-12T13:14:35.944+0000] {processor.py:153} INFO - Started process (PID=1213) to work on /home/airflow/.local/lib/python3.7/site-packages/airflow/example_dags/example_external_task_marker_dag.py
[2023-03-12T13:14:35.944+0000] {processor.py:743} INFO - Processing file /home/airflow/.local/lib/python3.7/site-packages/airflow/example_dags/example_external_task_marker_dag.py for tasks to queue
[2023-03-12T13:14:35.945+0000] {logging_mixin.py:137} INFO - [2023-03-12T13:14:35.945+0000] {dagbag.py:538} INFO - Filling up the DagBag from /home/airflow/.local/lib/python3.7/site-packages/airflow/example_dags/example_external_task_marker_dag.py
[2023-03-12T13:14:35.959+0000] {processor.py:753} INFO - DAG(s) dict_keys(['example_external_task_marker_parent', 'example_external_task_marker_child']) retrieved from /home/airflow/.local/lib/python3.7/site-packages/airflow/example_dags/example_external_task_marker_dag.py
[2023-03-12T13:14:35.994+0000] {logging_mixin.py:137} INFO - [2023-03-12T13:14:35.994+0000] {dag.py:2690} INFO - Sync 2 DAGs
[2023-03-12T13:14:36.023+0000] {logging_mixin.py:137} INFO - [2023-03-12T13:14:36.023+0000] {dag.py:3441} INFO - Setting next_dagrun for example_external_task_marker_child to None, run_after=None
[2023-03-12T13:14:36.028+0000] {logging_mixin.py:137} INFO - [2023-03-12T13:14:36.027+0000] {dag.py:3441} INFO - Setting next_dagrun for example_external_task_marker_parent to None, run_after=None
[2023-03-12T13:14:36.048+0000] {processor.py:175} INFO - Processing /home/airflow/.local/lib/python3.7/site-packages/airflow/example_dags/example_external_task_marker_dag.py took 0.107 seconds
[2023-03-12T13:15:06.402+0000] {processor.py:153} INFO - Started process (PID=1307) to work on /home/airflow/.local/lib/python3.7/site-packages/airflow/example_dags/example_external_task_marker_dag.py
[2023-03-12T13:15:06.403+0000] {processor.py:743} INFO - Processing file /home/airflow/.local/lib/python3.7/site-packages/airflow/example_dags/example_external_task_marker_dag.py for tasks to queue
[2023-03-12T13:15:06.404+0000] {logging_mixin.py:137} INFO - [2023-03-12T13:15:06.404+0000] {dagbag.py:538} INFO - Filling up the DagBag from /home/airflow/.local/lib/python3.7/site-packages/airflow/example_dags/example_external_task_marker_dag.py
[2023-03-12T13:15:06.419+0000] {processor.py:753} INFO - DAG(s) dict_keys(['example_external_task_marker_parent', 'example_external_task_marker_child']) retrieved from /home/airflow/.local/lib/python3.7/site-packages/airflow/example_dags/example_external_task_marker_dag.py
[2023-03-12T13:15:06.458+0000] {logging_mixin.py:137} INFO - [2023-03-12T13:15:06.457+0000] {dag.py:2690} INFO - Sync 2 DAGs
[2023-03-12T13:15:06.490+0000] {logging_mixin.py:137} INFO - [2023-03-12T13:15:06.489+0000] {dag.py:3441} INFO - Setting next_dagrun for example_external_task_marker_child to None, run_after=None
[2023-03-12T13:15:06.493+0000] {logging_mixin.py:137} INFO - [2023-03-12T13:15:06.493+0000] {dag.py:3441} INFO - Setting next_dagrun for example_external_task_marker_parent to None, run_after=None
[2023-03-12T13:15:06.512+0000] {processor.py:175} INFO - Processing /home/airflow/.local/lib/python3.7/site-packages/airflow/example_dags/example_external_task_marker_dag.py took 0.113 seconds
[2023-03-12T13:15:36.689+0000] {processor.py:153} INFO - Started process (PID=1421) to work on /home/airflow/.local/lib/python3.7/site-packages/airflow/example_dags/example_external_task_marker_dag.py
[2023-03-12T13:15:36.690+0000] {processor.py:743} INFO - Processing file /home/airflow/.local/lib/python3.7/site-packages/airflow/example_dags/example_external_task_marker_dag.py for tasks to queue
[2023-03-12T13:15:36.691+0000] {logging_mixin.py:137} INFO - [2023-03-12T13:15:36.690+0000] {dagbag.py:538} INFO - Filling up the DagBag from /home/airflow/.local/lib/python3.7/site-packages/airflow/example_dags/example_external_task_marker_dag.py
[2023-03-12T13:15:36.704+0000] {processor.py:753} INFO - DAG(s) dict_keys(['example_external_task_marker_child', 'example_external_task_marker_parent']) retrieved from /home/airflow/.local/lib/python3.7/site-packages/airflow/example_dags/example_external_task_marker_dag.py
[2023-03-12T13:15:36.731+0000] {logging_mixin.py:137} INFO - [2023-03-12T13:15:36.731+0000] {dag.py:2690} INFO - Sync 2 DAGs
[2023-03-12T13:15:36.758+0000] {logging_mixin.py:137} INFO - [2023-03-12T13:15:36.758+0000] {dag.py:3441} INFO - Setting next_dagrun for example_external_task_marker_child to None, run_after=None
[2023-03-12T13:15:36.762+0000] {logging_mixin.py:137} INFO - [2023-03-12T13:15:36.762+0000] {dag.py:3441} INFO - Setting next_dagrun for example_external_task_marker_parent to None, run_after=None
[2023-03-12T13:15:36.780+0000] {processor.py:175} INFO - Processing /home/airflow/.local/lib/python3.7/site-packages/airflow/example_dags/example_external_task_marker_dag.py took 0.094 seconds
[2023-03-12T13:16:13.843+0000] {processor.py:153} INFO - Started process (PID=78) to work on /home/airflow/.local/lib/python3.7/site-packages/airflow/example_dags/example_external_task_marker_dag.py
[2023-03-12T13:16:13.844+0000] {processor.py:743} INFO - Processing file /home/airflow/.local/lib/python3.7/site-packages/airflow/example_dags/example_external_task_marker_dag.py for tasks to queue
[2023-03-12T13:16:13.844+0000] {logging_mixin.py:137} INFO - [2023-03-12T13:16:13.844+0000] {dagbag.py:538} INFO - Filling up the DagBag from /home/airflow/.local/lib/python3.7/site-packages/airflow/example_dags/example_external_task_marker_dag.py
[2023-03-12T13:16:13.862+0000] {processor.py:753} INFO - DAG(s) dict_keys(['example_external_task_marker_child', 'example_external_task_marker_parent']) retrieved from /home/airflow/.local/lib/python3.7/site-packages/airflow/example_dags/example_external_task_marker_dag.py
[2023-03-12T13:16:13.875+0000] {logging_mixin.py:137} INFO - [2023-03-12T13:16:13.875+0000] {dag.py:2690} INFO - Sync 2 DAGs
[2023-03-12T13:16:13.904+0000] {logging_mixin.py:137} INFO - [2023-03-12T13:16:13.903+0000] {dag.py:3441} INFO - Setting next_dagrun for example_external_task_marker_child to None, run_after=None
[2023-03-12T13:16:13.908+0000] {logging_mixin.py:137} INFO - [2023-03-12T13:16:13.908+0000] {dag.py:3441} INFO - Setting next_dagrun for example_external_task_marker_parent to None, run_after=None
[2023-03-12T13:16:13.926+0000] {processor.py:175} INFO - Processing /home/airflow/.local/lib/python3.7/site-packages/airflow/example_dags/example_external_task_marker_dag.py took 0.086 seconds
[2023-03-12T13:16:44.700+0000] {processor.py:153} INFO - Started process (PID=193) to work on /home/airflow/.local/lib/python3.7/site-packages/airflow/example_dags/example_external_task_marker_dag.py
[2023-03-12T13:16:44.701+0000] {processor.py:743} INFO - Processing file /home/airflow/.local/lib/python3.7/site-packages/airflow/example_dags/example_external_task_marker_dag.py for tasks to queue
[2023-03-12T13:16:44.702+0000] {logging_mixin.py:137} INFO - [2023-03-12T13:16:44.702+0000] {dagbag.py:538} INFO - Filling up the DagBag from /home/airflow/.local/lib/python3.7/site-packages/airflow/example_dags/example_external_task_marker_dag.py
[2023-03-12T13:16:44.713+0000] {processor.py:753} INFO - DAG(s) dict_keys(['example_external_task_marker_child', 'example_external_task_marker_parent']) retrieved from /home/airflow/.local/lib/python3.7/site-packages/airflow/example_dags/example_external_task_marker_dag.py
[2023-03-12T13:16:44.787+0000] {logging_mixin.py:137} INFO - [2023-03-12T13:16:44.786+0000] {dag.py:2690} INFO - Sync 2 DAGs
[2023-03-12T13:16:44.821+0000] {logging_mixin.py:137} INFO - [2023-03-12T13:16:44.820+0000] {dag.py:3441} INFO - Setting next_dagrun for example_external_task_marker_child to None, run_after=None
[2023-03-12T13:16:44.825+0000] {logging_mixin.py:137} INFO - [2023-03-12T13:16:44.824+0000] {dag.py:3441} INFO - Setting next_dagrun for example_external_task_marker_parent to None, run_after=None
[2023-03-12T13:16:44.847+0000] {processor.py:175} INFO - Processing /home/airflow/.local/lib/python3.7/site-packages/airflow/example_dags/example_external_task_marker_dag.py took 0.149 seconds
[2023-03-12T13:17:15.923+0000] {processor.py:153} INFO - Started process (PID=288) to work on /home/airflow/.local/lib/python3.7/site-packages/airflow/example_dags/example_external_task_marker_dag.py
[2023-03-12T13:17:15.924+0000] {processor.py:743} INFO - Processing file /home/airflow/.local/lib/python3.7/site-packages/airflow/example_dags/example_external_task_marker_dag.py for tasks to queue
[2023-03-12T13:17:15.924+0000] {logging_mixin.py:137} INFO - [2023-03-12T13:17:15.924+0000] {dagbag.py:538} INFO - Filling up the DagBag from /home/airflow/.local/lib/python3.7/site-packages/airflow/example_dags/example_external_task_marker_dag.py
[2023-03-12T13:17:15.937+0000] {processor.py:753} INFO - DAG(s) dict_keys(['example_external_task_marker_child', 'example_external_task_marker_parent']) retrieved from /home/airflow/.local/lib/python3.7/site-packages/airflow/example_dags/example_external_task_marker_dag.py
[2023-03-12T13:17:15.964+0000] {logging_mixin.py:137} INFO - [2023-03-12T13:17:15.964+0000] {dag.py:2690} INFO - Sync 2 DAGs
[2023-03-12T13:17:15.993+0000] {logging_mixin.py:137} INFO - [2023-03-12T13:17:15.993+0000] {dag.py:3441} INFO - Setting next_dagrun for example_external_task_marker_child to None, run_after=None
[2023-03-12T13:17:15.997+0000] {logging_mixin.py:137} INFO - [2023-03-12T13:17:15.996+0000] {dag.py:3441} INFO - Setting next_dagrun for example_external_task_marker_parent to None, run_after=None
[2023-03-12T13:17:16.014+0000] {processor.py:175} INFO - Processing /home/airflow/.local/lib/python3.7/site-packages/airflow/example_dags/example_external_task_marker_dag.py took 0.093 seconds
[2023-03-12T13:17:46.432+0000] {processor.py:153} INFO - Started process (PID=403) to work on /home/airflow/.local/lib/python3.7/site-packages/airflow/example_dags/example_external_task_marker_dag.py
[2023-03-12T13:17:46.433+0000] {processor.py:743} INFO - Processing file /home/airflow/.local/lib/python3.7/site-packages/airflow/example_dags/example_external_task_marker_dag.py for tasks to queue
[2023-03-12T13:17:46.434+0000] {logging_mixin.py:137} INFO - [2023-03-12T13:17:46.434+0000] {dagbag.py:538} INFO - Filling up the DagBag from /home/airflow/.local/lib/python3.7/site-packages/airflow/example_dags/example_external_task_marker_dag.py
[2023-03-12T13:17:46.446+0000] {processor.py:753} INFO - DAG(s) dict_keys(['example_external_task_marker_child', 'example_external_task_marker_parent']) retrieved from /home/airflow/.local/lib/python3.7/site-packages/airflow/example_dags/example_external_task_marker_dag.py
[2023-03-12T13:17:46.479+0000] {logging_mixin.py:137} INFO - [2023-03-12T13:17:46.479+0000] {dag.py:2690} INFO - Sync 2 DAGs
[2023-03-12T13:17:46.507+0000] {logging_mixin.py:137} INFO - [2023-03-12T13:17:46.506+0000] {dag.py:3441} INFO - Setting next_dagrun for example_external_task_marker_child to None, run_after=None
[2023-03-12T13:17:46.510+0000] {logging_mixin.py:137} INFO - [2023-03-12T13:17:46.510+0000] {dag.py:3441} INFO - Setting next_dagrun for example_external_task_marker_parent to None, run_after=None
[2023-03-12T13:17:46.532+0000] {processor.py:175} INFO - Processing /home/airflow/.local/lib/python3.7/site-packages/airflow/example_dags/example_external_task_marker_dag.py took 0.102 seconds
[2023-03-12T13:18:16.757+0000] {processor.py:153} INFO - Started process (PID=501) to work on /home/airflow/.local/lib/python3.7/site-packages/airflow/example_dags/example_external_task_marker_dag.py
[2023-03-12T13:18:16.758+0000] {processor.py:743} INFO - Processing file /home/airflow/.local/lib/python3.7/site-packages/airflow/example_dags/example_external_task_marker_dag.py for tasks to queue
[2023-03-12T13:18:16.759+0000] {logging_mixin.py:137} INFO - [2023-03-12T13:18:16.759+0000] {dagbag.py:538} INFO - Filling up the DagBag from /home/airflow/.local/lib/python3.7/site-packages/airflow/example_dags/example_external_task_marker_dag.py
[2023-03-12T13:18:16.770+0000] {processor.py:753} INFO - DAG(s) dict_keys(['example_external_task_marker_child', 'example_external_task_marker_parent']) retrieved from /home/airflow/.local/lib/python3.7/site-packages/airflow/example_dags/example_external_task_marker_dag.py
[2023-03-12T13:18:16.794+0000] {logging_mixin.py:137} INFO - [2023-03-12T13:18:16.794+0000] {dag.py:2690} INFO - Sync 2 DAGs
[2023-03-12T13:18:16.819+0000] {logging_mixin.py:137} INFO - [2023-03-12T13:18:16.819+0000] {dag.py:3441} INFO - Setting next_dagrun for example_external_task_marker_child to None, run_after=None
[2023-03-12T13:18:16.822+0000] {logging_mixin.py:137} INFO - [2023-03-12T13:18:16.822+0000] {dag.py:3441} INFO - Setting next_dagrun for example_external_task_marker_parent to None, run_after=None
[2023-03-12T13:18:16.837+0000] {processor.py:175} INFO - Processing /home/airflow/.local/lib/python3.7/site-packages/airflow/example_dags/example_external_task_marker_dag.py took 0.082 seconds
[2023-03-12T13:18:47.606+0000] {processor.py:153} INFO - Started process (PID=600) to work on /home/airflow/.local/lib/python3.7/site-packages/airflow/example_dags/example_external_task_marker_dag.py
[2023-03-12T13:18:47.607+0000] {processor.py:743} INFO - Processing file /home/airflow/.local/lib/python3.7/site-packages/airflow/example_dags/example_external_task_marker_dag.py for tasks to queue
[2023-03-12T13:18:47.608+0000] {logging_mixin.py:137} INFO - [2023-03-12T13:18:47.608+0000] {dagbag.py:538} INFO - Filling up the DagBag from /home/airflow/.local/lib/python3.7/site-packages/airflow/example_dags/example_external_task_marker_dag.py
[2023-03-12T13:18:47.620+0000] {processor.py:753} INFO - DAG(s) dict_keys(['example_external_task_marker_parent', 'example_external_task_marker_child']) retrieved from /home/airflow/.local/lib/python3.7/site-packages/airflow/example_dags/example_external_task_marker_dag.py
[2023-03-12T13:18:47.670+0000] {logging_mixin.py:137} INFO - [2023-03-12T13:18:47.670+0000] {dag.py:2690} INFO - Sync 2 DAGs
[2023-03-12T13:18:47.706+0000] {logging_mixin.py:137} INFO - [2023-03-12T13:18:47.706+0000] {dag.py:3441} INFO - Setting next_dagrun for example_external_task_marker_child to None, run_after=None
[2023-03-12T13:18:47.709+0000] {logging_mixin.py:137} INFO - [2023-03-12T13:18:47.709+0000] {dag.py:3441} INFO - Setting next_dagrun for example_external_task_marker_parent to None, run_after=None
[2023-03-12T13:18:47.726+0000] {processor.py:175} INFO - Processing /home/airflow/.local/lib/python3.7/site-packages/airflow/example_dags/example_external_task_marker_dag.py took 0.122 seconds
[2023-03-12T13:19:18.042+0000] {processor.py:153} INFO - Started process (PID=710) to work on /home/airflow/.local/lib/python3.7/site-packages/airflow/example_dags/example_external_task_marker_dag.py
[2023-03-12T13:19:18.043+0000] {processor.py:743} INFO - Processing file /home/airflow/.local/lib/python3.7/site-packages/airflow/example_dags/example_external_task_marker_dag.py for tasks to queue
[2023-03-12T13:19:18.043+0000] {logging_mixin.py:137} INFO - [2023-03-12T13:19:18.043+0000] {dagbag.py:538} INFO - Filling up the DagBag from /home/airflow/.local/lib/python3.7/site-packages/airflow/example_dags/example_external_task_marker_dag.py
[2023-03-12T13:19:18.057+0000] {processor.py:753} INFO - DAG(s) dict_keys(['example_external_task_marker_parent', 'example_external_task_marker_child']) retrieved from /home/airflow/.local/lib/python3.7/site-packages/airflow/example_dags/example_external_task_marker_dag.py
[2023-03-12T13:19:18.083+0000] {logging_mixin.py:137} INFO - [2023-03-12T13:19:18.083+0000] {dag.py:2690} INFO - Sync 2 DAGs
[2023-03-12T13:19:18.108+0000] {logging_mixin.py:137} INFO - [2023-03-12T13:19:18.108+0000] {dag.py:3441} INFO - Setting next_dagrun for example_external_task_marker_child to None, run_after=None
[2023-03-12T13:19:18.111+0000] {logging_mixin.py:137} INFO - [2023-03-12T13:19:18.111+0000] {dag.py:3441} INFO - Setting next_dagrun for example_external_task_marker_parent to None, run_after=None
[2023-03-12T13:19:18.127+0000] {processor.py:175} INFO - Processing /home/airflow/.local/lib/python3.7/site-packages/airflow/example_dags/example_external_task_marker_dag.py took 0.087 seconds
