[2023-03-12T12:43:36.875+0000] {processor.py:153} INFO - Started process (PID=73) to work on /home/airflow/.local/lib/python3.7/site-packages/airflow/example_dags/example_bash_operator.py
[2023-03-12T12:43:36.875+0000] {processor.py:743} INFO - Processing file /home/airflow/.local/lib/python3.7/site-packages/airflow/example_dags/example_bash_operator.py for tasks to queue
[2023-03-12T12:43:36.876+0000] {logging_mixin.py:137} INFO - [2023-03-12T12:43:36.876+0000] {dagbag.py:538} INFO - Filling up the DagBag from /home/airflow/.local/lib/python3.7/site-packages/airflow/example_dags/example_bash_operator.py
[2023-03-12T12:43:36.905+0000] {processor.py:753} INFO - DAG(s) dict_keys(['example_bash_operator']) retrieved from /home/airflow/.local/lib/python3.7/site-packages/airflow/example_dags/example_bash_operator.py
[2023-03-12T12:43:36.933+0000] {logging_mixin.py:137} INFO - [2023-03-12T12:43:36.933+0000] {dag.py:2690} INFO - Sync 1 DAGs
[2023-03-12T12:43:36.975+0000] {logging_mixin.py:137} INFO - [2023-03-12T12:43:36.975+0000] {dag.py:3441} INFO - Setting next_dagrun for example_bash_operator to 2023-03-11T00:00:00+00:00, run_after=2023-03-12T00:00:00+00:00
[2023-03-12T12:43:36.994+0000] {processor.py:175} INFO - Processing /home/airflow/.local/lib/python3.7/site-packages/airflow/example_dags/example_bash_operator.py took 0.123 seconds
[2023-03-12T12:44:07.035+0000] {processor.py:153} INFO - Started process (PID=175) to work on /home/airflow/.local/lib/python3.7/site-packages/airflow/example_dags/example_bash_operator.py
[2023-03-12T12:44:07.036+0000] {processor.py:743} INFO - Processing file /home/airflow/.local/lib/python3.7/site-packages/airflow/example_dags/example_bash_operator.py for tasks to queue
[2023-03-12T12:44:07.037+0000] {logging_mixin.py:137} INFO - [2023-03-12T12:44:07.037+0000] {dagbag.py:538} INFO - Filling up the DagBag from /home/airflow/.local/lib/python3.7/site-packages/airflow/example_dags/example_bash_operator.py
[2023-03-12T12:44:07.057+0000] {processor.py:753} INFO - DAG(s) dict_keys(['example_bash_operator']) retrieved from /home/airflow/.local/lib/python3.7/site-packages/airflow/example_dags/example_bash_operator.py
[2023-03-12T12:44:07.096+0000] {logging_mixin.py:137} INFO - [2023-03-12T12:44:07.096+0000] {dag.py:2690} INFO - Sync 1 DAGs
[2023-03-12T12:44:07.126+0000] {logging_mixin.py:137} INFO - [2023-03-12T12:44:07.125+0000] {dag.py:3441} INFO - Setting next_dagrun for example_bash_operator to 2023-03-11T00:00:00+00:00, run_after=2023-03-12T00:00:00+00:00
[2023-03-12T12:44:07.144+0000] {processor.py:175} INFO - Processing /home/airflow/.local/lib/python3.7/site-packages/airflow/example_dags/example_bash_operator.py took 0.111 seconds
[2023-03-12T12:44:37.920+0000] {processor.py:153} INFO - Started process (PID=264) to work on /home/airflow/.local/lib/python3.7/site-packages/airflow/example_dags/example_bash_operator.py
[2023-03-12T12:44:37.921+0000] {processor.py:743} INFO - Processing file /home/airflow/.local/lib/python3.7/site-packages/airflow/example_dags/example_bash_operator.py for tasks to queue
[2023-03-12T12:44:37.922+0000] {logging_mixin.py:137} INFO - [2023-03-12T12:44:37.921+0000] {dagbag.py:538} INFO - Filling up the DagBag from /home/airflow/.local/lib/python3.7/site-packages/airflow/example_dags/example_bash_operator.py
[2023-03-12T12:44:37.945+0000] {processor.py:753} INFO - DAG(s) dict_keys(['example_bash_operator']) retrieved from /home/airflow/.local/lib/python3.7/site-packages/airflow/example_dags/example_bash_operator.py
[2023-03-12T12:44:37.990+0000] {logging_mixin.py:137} INFO - [2023-03-12T12:44:37.989+0000] {dag.py:2690} INFO - Sync 1 DAGs
[2023-03-12T12:44:38.017+0000] {logging_mixin.py:137} INFO - [2023-03-12T12:44:38.017+0000] {dag.py:3441} INFO - Setting next_dagrun for example_bash_operator to 2023-03-11T00:00:00+00:00, run_after=2023-03-12T00:00:00+00:00
[2023-03-12T12:44:38.035+0000] {processor.py:175} INFO - Processing /home/airflow/.local/lib/python3.7/site-packages/airflow/example_dags/example_bash_operator.py took 0.118 seconds
[2023-03-12T12:45:08.941+0000] {processor.py:153} INFO - Started process (PID=376) to work on /home/airflow/.local/lib/python3.7/site-packages/airflow/example_dags/example_bash_operator.py
[2023-03-12T12:45:08.942+0000] {processor.py:743} INFO - Processing file /home/airflow/.local/lib/python3.7/site-packages/airflow/example_dags/example_bash_operator.py for tasks to queue
[2023-03-12T12:45:08.943+0000] {logging_mixin.py:137} INFO - [2023-03-12T12:45:08.942+0000] {dagbag.py:538} INFO - Filling up the DagBag from /home/airflow/.local/lib/python3.7/site-packages/airflow/example_dags/example_bash_operator.py
[2023-03-12T12:45:08.967+0000] {processor.py:753} INFO - DAG(s) dict_keys(['example_bash_operator']) retrieved from /home/airflow/.local/lib/python3.7/site-packages/airflow/example_dags/example_bash_operator.py
[2023-03-12T12:45:09.014+0000] {logging_mixin.py:137} INFO - [2023-03-12T12:45:09.014+0000] {dag.py:2690} INFO - Sync 1 DAGs
[2023-03-12T12:45:09.042+0000] {logging_mixin.py:137} INFO - [2023-03-12T12:45:09.042+0000] {dag.py:3441} INFO - Setting next_dagrun for example_bash_operator to 2023-03-11T00:00:00+00:00, run_after=2023-03-12T00:00:00+00:00
[2023-03-12T12:45:09.065+0000] {processor.py:175} INFO - Processing /home/airflow/.local/lib/python3.7/site-packages/airflow/example_dags/example_bash_operator.py took 0.127 seconds
[2023-03-12T12:45:39.676+0000] {processor.py:153} INFO - Started process (PID=464) to work on /home/airflow/.local/lib/python3.7/site-packages/airflow/example_dags/example_bash_operator.py
[2023-03-12T12:45:39.677+0000] {processor.py:743} INFO - Processing file /home/airflow/.local/lib/python3.7/site-packages/airflow/example_dags/example_bash_operator.py for tasks to queue
[2023-03-12T12:45:39.678+0000] {logging_mixin.py:137} INFO - [2023-03-12T12:45:39.677+0000] {dagbag.py:538} INFO - Filling up the DagBag from /home/airflow/.local/lib/python3.7/site-packages/airflow/example_dags/example_bash_operator.py
[2023-03-12T12:45:39.700+0000] {processor.py:753} INFO - DAG(s) dict_keys(['example_bash_operator']) retrieved from /home/airflow/.local/lib/python3.7/site-packages/airflow/example_dags/example_bash_operator.py
[2023-03-12T12:45:39.741+0000] {logging_mixin.py:137} INFO - [2023-03-12T12:45:39.741+0000] {dag.py:2690} INFO - Sync 1 DAGs
[2023-03-12T12:45:39.772+0000] {logging_mixin.py:137} INFO - [2023-03-12T12:45:39.771+0000] {dag.py:3441} INFO - Setting next_dagrun for example_bash_operator to 2023-03-11T00:00:00+00:00, run_after=2023-03-12T00:00:00+00:00
[2023-03-12T12:45:39.791+0000] {processor.py:175} INFO - Processing /home/airflow/.local/lib/python3.7/site-packages/airflow/example_dags/example_bash_operator.py took 0.117 seconds
[2023-03-12T12:46:10.417+0000] {processor.py:153} INFO - Started process (PID=576) to work on /home/airflow/.local/lib/python3.7/site-packages/airflow/example_dags/example_bash_operator.py
[2023-03-12T12:46:10.418+0000] {processor.py:743} INFO - Processing file /home/airflow/.local/lib/python3.7/site-packages/airflow/example_dags/example_bash_operator.py for tasks to queue
[2023-03-12T12:46:10.418+0000] {logging_mixin.py:137} INFO - [2023-03-12T12:46:10.418+0000] {dagbag.py:538} INFO - Filling up the DagBag from /home/airflow/.local/lib/python3.7/site-packages/airflow/example_dags/example_bash_operator.py
[2023-03-12T12:46:10.440+0000] {processor.py:753} INFO - DAG(s) dict_keys(['example_bash_operator']) retrieved from /home/airflow/.local/lib/python3.7/site-packages/airflow/example_dags/example_bash_operator.py
[2023-03-12T12:46:10.482+0000] {logging_mixin.py:137} INFO - [2023-03-12T12:46:10.482+0000] {dag.py:2690} INFO - Sync 1 DAGs
[2023-03-12T12:46:10.513+0000] {logging_mixin.py:137} INFO - [2023-03-12T12:46:10.513+0000] {dag.py:3441} INFO - Setting next_dagrun for example_bash_operator to 2023-03-11T00:00:00+00:00, run_after=2023-03-12T00:00:00+00:00
[2023-03-12T12:46:10.532+0000] {processor.py:175} INFO - Processing /home/airflow/.local/lib/python3.7/site-packages/airflow/example_dags/example_bash_operator.py took 0.118 seconds
[2023-03-12T12:54:39.619+0000] {processor.py:153} INFO - Started process (PID=75) to work on /home/airflow/.local/lib/python3.7/site-packages/airflow/example_dags/example_bash_operator.py
[2023-03-12T12:54:39.620+0000] {processor.py:743} INFO - Processing file /home/airflow/.local/lib/python3.7/site-packages/airflow/example_dags/example_bash_operator.py for tasks to queue
[2023-03-12T12:54:39.620+0000] {logging_mixin.py:137} INFO - [2023-03-12T12:54:39.620+0000] {dagbag.py:538} INFO - Filling up the DagBag from /home/airflow/.local/lib/python3.7/site-packages/airflow/example_dags/example_bash_operator.py
[2023-03-12T12:54:39.645+0000] {processor.py:753} INFO - DAG(s) dict_keys(['example_bash_operator']) retrieved from /home/airflow/.local/lib/python3.7/site-packages/airflow/example_dags/example_bash_operator.py
[2023-03-12T12:54:39.662+0000] {logging_mixin.py:137} INFO - [2023-03-12T12:54:39.662+0000] {dag.py:2690} INFO - Sync 1 DAGs
[2023-03-12T12:54:39.701+0000] {logging_mixin.py:137} INFO - [2023-03-12T12:54:39.700+0000] {dag.py:3441} INFO - Setting next_dagrun for example_bash_operator to 2023-03-11T00:00:00+00:00, run_after=2023-03-12T00:00:00+00:00
[2023-03-12T12:54:39.724+0000] {processor.py:175} INFO - Processing /home/airflow/.local/lib/python3.7/site-packages/airflow/example_dags/example_bash_operator.py took 0.107 seconds
[2023-03-12T12:55:09.808+0000] {processor.py:153} INFO - Started process (PID=180) to work on /home/airflow/.local/lib/python3.7/site-packages/airflow/example_dags/example_bash_operator.py
[2023-03-12T12:55:09.809+0000] {processor.py:743} INFO - Processing file /home/airflow/.local/lib/python3.7/site-packages/airflow/example_dags/example_bash_operator.py for tasks to queue
[2023-03-12T12:55:09.810+0000] {logging_mixin.py:137} INFO - [2023-03-12T12:55:09.810+0000] {dagbag.py:538} INFO - Filling up the DagBag from /home/airflow/.local/lib/python3.7/site-packages/airflow/example_dags/example_bash_operator.py
[2023-03-12T12:55:09.831+0000] {processor.py:753} INFO - DAG(s) dict_keys(['example_bash_operator']) retrieved from /home/airflow/.local/lib/python3.7/site-packages/airflow/example_dags/example_bash_operator.py
[2023-03-12T12:55:09.875+0000] {logging_mixin.py:137} INFO - [2023-03-12T12:55:09.875+0000] {dag.py:2690} INFO - Sync 1 DAGs
[2023-03-12T12:55:09.909+0000] {logging_mixin.py:137} INFO - [2023-03-12T12:55:09.909+0000] {dag.py:3441} INFO - Setting next_dagrun for example_bash_operator to 2023-03-11T00:00:00+00:00, run_after=2023-03-12T00:00:00+00:00
[2023-03-12T12:55:09.930+0000] {processor.py:175} INFO - Processing /home/airflow/.local/lib/python3.7/site-packages/airflow/example_dags/example_bash_operator.py took 0.124 seconds
[2023-03-12T12:55:40.641+0000] {processor.py:153} INFO - Started process (PID=270) to work on /home/airflow/.local/lib/python3.7/site-packages/airflow/example_dags/example_bash_operator.py
[2023-03-12T12:55:40.642+0000] {processor.py:743} INFO - Processing file /home/airflow/.local/lib/python3.7/site-packages/airflow/example_dags/example_bash_operator.py for tasks to queue
[2023-03-12T12:55:40.643+0000] {logging_mixin.py:137} INFO - [2023-03-12T12:55:40.642+0000] {dagbag.py:538} INFO - Filling up the DagBag from /home/airflow/.local/lib/python3.7/site-packages/airflow/example_dags/example_bash_operator.py
[2023-03-12T12:55:40.666+0000] {processor.py:753} INFO - DAG(s) dict_keys(['example_bash_operator']) retrieved from /home/airflow/.local/lib/python3.7/site-packages/airflow/example_dags/example_bash_operator.py
[2023-03-12T12:55:40.709+0000] {logging_mixin.py:137} INFO - [2023-03-12T12:55:40.709+0000] {dag.py:2690} INFO - Sync 1 DAGs
[2023-03-12T12:55:40.738+0000] {logging_mixin.py:137} INFO - [2023-03-12T12:55:40.738+0000] {dag.py:3441} INFO - Setting next_dagrun for example_bash_operator to 2023-03-11T00:00:00+00:00, run_after=2023-03-12T00:00:00+00:00
[2023-03-12T12:55:40.764+0000] {processor.py:175} INFO - Processing /home/airflow/.local/lib/python3.7/site-packages/airflow/example_dags/example_bash_operator.py took 0.127 seconds
[2023-03-12T12:56:11.660+0000] {processor.py:153} INFO - Started process (PID=384) to work on /home/airflow/.local/lib/python3.7/site-packages/airflow/example_dags/example_bash_operator.py
[2023-03-12T12:56:11.661+0000] {processor.py:743} INFO - Processing file /home/airflow/.local/lib/python3.7/site-packages/airflow/example_dags/example_bash_operator.py for tasks to queue
[2023-03-12T12:56:11.662+0000] {logging_mixin.py:137} INFO - [2023-03-12T12:56:11.662+0000] {dagbag.py:538} INFO - Filling up the DagBag from /home/airflow/.local/lib/python3.7/site-packages/airflow/example_dags/example_bash_operator.py
[2023-03-12T12:56:11.684+0000] {processor.py:753} INFO - DAG(s) dict_keys(['example_bash_operator']) retrieved from /home/airflow/.local/lib/python3.7/site-packages/airflow/example_dags/example_bash_operator.py
[2023-03-12T12:56:11.758+0000] {logging_mixin.py:137} INFO - [2023-03-12T12:56:11.758+0000] {dag.py:2690} INFO - Sync 1 DAGs
[2023-03-12T12:56:11.783+0000] {logging_mixin.py:137} INFO - [2023-03-12T12:56:11.783+0000] {dag.py:3441} INFO - Setting next_dagrun for example_bash_operator to 2023-03-11T00:00:00+00:00, run_after=2023-03-12T00:00:00+00:00
[2023-03-12T12:56:11.801+0000] {processor.py:175} INFO - Processing /home/airflow/.local/lib/python3.7/site-packages/airflow/example_dags/example_bash_operator.py took 0.143 seconds
[2023-03-12T12:56:41.843+0000] {processor.py:153} INFO - Started process (PID=474) to work on /home/airflow/.local/lib/python3.7/site-packages/airflow/example_dags/example_bash_operator.py
[2023-03-12T12:56:41.844+0000] {processor.py:743} INFO - Processing file /home/airflow/.local/lib/python3.7/site-packages/airflow/example_dags/example_bash_operator.py for tasks to queue
[2023-03-12T12:56:41.844+0000] {logging_mixin.py:137} INFO - [2023-03-12T12:56:41.844+0000] {dagbag.py:538} INFO - Filling up the DagBag from /home/airflow/.local/lib/python3.7/site-packages/airflow/example_dags/example_bash_operator.py
[2023-03-12T12:56:41.868+0000] {processor.py:753} INFO - DAG(s) dict_keys(['example_bash_operator']) retrieved from /home/airflow/.local/lib/python3.7/site-packages/airflow/example_dags/example_bash_operator.py
[2023-03-12T12:56:41.909+0000] {logging_mixin.py:137} INFO - [2023-03-12T12:56:41.909+0000] {dag.py:2690} INFO - Sync 1 DAGs
[2023-03-12T12:56:41.934+0000] {logging_mixin.py:137} INFO - [2023-03-12T12:56:41.934+0000] {dag.py:3441} INFO - Setting next_dagrun for example_bash_operator to 2023-03-11T00:00:00+00:00, run_after=2023-03-12T00:00:00+00:00
[2023-03-12T12:56:41.961+0000] {processor.py:175} INFO - Processing /home/airflow/.local/lib/python3.7/site-packages/airflow/example_dags/example_bash_operator.py took 0.121 seconds
[2023-03-12T12:57:12.839+0000] {processor.py:153} INFO - Started process (PID=588) to work on /home/airflow/.local/lib/python3.7/site-packages/airflow/example_dags/example_bash_operator.py
[2023-03-12T12:57:12.840+0000] {processor.py:743} INFO - Processing file /home/airflow/.local/lib/python3.7/site-packages/airflow/example_dags/example_bash_operator.py for tasks to queue
[2023-03-12T12:57:12.841+0000] {logging_mixin.py:137} INFO - [2023-03-12T12:57:12.841+0000] {dagbag.py:538} INFO - Filling up the DagBag from /home/airflow/.local/lib/python3.7/site-packages/airflow/example_dags/example_bash_operator.py
[2023-03-12T12:57:12.867+0000] {processor.py:753} INFO - DAG(s) dict_keys(['example_bash_operator']) retrieved from /home/airflow/.local/lib/python3.7/site-packages/airflow/example_dags/example_bash_operator.py
[2023-03-12T12:57:12.910+0000] {logging_mixin.py:137} INFO - [2023-03-12T12:57:12.910+0000] {dag.py:2690} INFO - Sync 1 DAGs
[2023-03-12T12:57:12.939+0000] {logging_mixin.py:137} INFO - [2023-03-12T12:57:12.939+0000] {dag.py:3441} INFO - Setting next_dagrun for example_bash_operator to 2023-03-11T00:00:00+00:00, run_after=2023-03-12T00:00:00+00:00
[2023-03-12T12:57:12.960+0000] {processor.py:175} INFO - Processing /home/airflow/.local/lib/python3.7/site-packages/airflow/example_dags/example_bash_operator.py took 0.124 seconds
[2023-03-12T12:57:43.482+0000] {processor.py:153} INFO - Started process (PID=678) to work on /home/airflow/.local/lib/python3.7/site-packages/airflow/example_dags/example_bash_operator.py
[2023-03-12T12:57:43.483+0000] {processor.py:743} INFO - Processing file /home/airflow/.local/lib/python3.7/site-packages/airflow/example_dags/example_bash_operator.py for tasks to queue
[2023-03-12T12:57:43.483+0000] {logging_mixin.py:137} INFO - [2023-03-12T12:57:43.483+0000] {dagbag.py:538} INFO - Filling up the DagBag from /home/airflow/.local/lib/python3.7/site-packages/airflow/example_dags/example_bash_operator.py
[2023-03-12T12:57:43.509+0000] {processor.py:753} INFO - DAG(s) dict_keys(['example_bash_operator']) retrieved from /home/airflow/.local/lib/python3.7/site-packages/airflow/example_dags/example_bash_operator.py
[2023-03-12T12:57:43.552+0000] {logging_mixin.py:137} INFO - [2023-03-12T12:57:43.552+0000] {dag.py:2690} INFO - Sync 1 DAGs
[2023-03-12T12:57:43.591+0000] {logging_mixin.py:137} INFO - [2023-03-12T12:57:43.590+0000] {dag.py:3441} INFO - Setting next_dagrun for example_bash_operator to 2023-03-11T00:00:00+00:00, run_after=2023-03-12T00:00:00+00:00
[2023-03-12T12:57:43.613+0000] {processor.py:175} INFO - Processing /home/airflow/.local/lib/python3.7/site-packages/airflow/example_dags/example_bash_operator.py took 0.134 seconds
[2023-03-12T12:58:14.389+0000] {processor.py:153} INFO - Started process (PID=792) to work on /home/airflow/.local/lib/python3.7/site-packages/airflow/example_dags/example_bash_operator.py
[2023-03-12T12:58:14.390+0000] {processor.py:743} INFO - Processing file /home/airflow/.local/lib/python3.7/site-packages/airflow/example_dags/example_bash_operator.py for tasks to queue
[2023-03-12T12:58:14.390+0000] {logging_mixin.py:137} INFO - [2023-03-12T12:58:14.390+0000] {dagbag.py:538} INFO - Filling up the DagBag from /home/airflow/.local/lib/python3.7/site-packages/airflow/example_dags/example_bash_operator.py
[2023-03-12T12:58:14.413+0000] {processor.py:753} INFO - DAG(s) dict_keys(['example_bash_operator']) retrieved from /home/airflow/.local/lib/python3.7/site-packages/airflow/example_dags/example_bash_operator.py
[2023-03-12T12:58:14.461+0000] {logging_mixin.py:137} INFO - [2023-03-12T12:58:14.461+0000] {dag.py:2690} INFO - Sync 1 DAGs
[2023-03-12T12:58:14.489+0000] {logging_mixin.py:137} INFO - [2023-03-12T12:58:14.489+0000] {dag.py:3441} INFO - Setting next_dagrun for example_bash_operator to 2023-03-11T00:00:00+00:00, run_after=2023-03-12T00:00:00+00:00
[2023-03-12T12:58:14.508+0000] {processor.py:175} INFO - Processing /home/airflow/.local/lib/python3.7/site-packages/airflow/example_dags/example_bash_operator.py took 0.122 seconds
[2023-03-12T12:58:44.836+0000] {processor.py:153} INFO - Started process (PID=882) to work on /home/airflow/.local/lib/python3.7/site-packages/airflow/example_dags/example_bash_operator.py
[2023-03-12T12:58:44.837+0000] {processor.py:743} INFO - Processing file /home/airflow/.local/lib/python3.7/site-packages/airflow/example_dags/example_bash_operator.py for tasks to queue
[2023-03-12T12:58:44.838+0000] {logging_mixin.py:137} INFO - [2023-03-12T12:58:44.838+0000] {dagbag.py:538} INFO - Filling up the DagBag from /home/airflow/.local/lib/python3.7/site-packages/airflow/example_dags/example_bash_operator.py
[2023-03-12T12:58:44.860+0000] {processor.py:753} INFO - DAG(s) dict_keys(['example_bash_operator']) retrieved from /home/airflow/.local/lib/python3.7/site-packages/airflow/example_dags/example_bash_operator.py
[2023-03-12T12:58:44.903+0000] {logging_mixin.py:137} INFO - [2023-03-12T12:58:44.903+0000] {dag.py:2690} INFO - Sync 1 DAGs
[2023-03-12T12:58:44.931+0000] {logging_mixin.py:137} INFO - [2023-03-12T12:58:44.931+0000] {dag.py:3441} INFO - Setting next_dagrun for example_bash_operator to 2023-03-11T00:00:00+00:00, run_after=2023-03-12T00:00:00+00:00
[2023-03-12T12:58:44.952+0000] {processor.py:175} INFO - Processing /home/airflow/.local/lib/python3.7/site-packages/airflow/example_dags/example_bash_operator.py took 0.119 seconds
[2023-03-12T13:00:35.672+0000] {processor.py:153} INFO - Started process (PID=75) to work on /home/airflow/.local/lib/python3.7/site-packages/airflow/example_dags/example_bash_operator.py
[2023-03-12T13:00:35.673+0000] {processor.py:743} INFO - Processing file /home/airflow/.local/lib/python3.7/site-packages/airflow/example_dags/example_bash_operator.py for tasks to queue
[2023-03-12T13:00:35.674+0000] {logging_mixin.py:137} INFO - [2023-03-12T13:00:35.674+0000] {dagbag.py:538} INFO - Filling up the DagBag from /home/airflow/.local/lib/python3.7/site-packages/airflow/example_dags/example_bash_operator.py
[2023-03-12T13:00:35.715+0000] {processor.py:753} INFO - DAG(s) dict_keys(['example_bash_operator']) retrieved from /home/airflow/.local/lib/python3.7/site-packages/airflow/example_dags/example_bash_operator.py
[2023-03-12T13:00:35.734+0000] {logging_mixin.py:137} INFO - [2023-03-12T13:00:35.733+0000] {dag.py:2690} INFO - Sync 1 DAGs
[2023-03-12T13:00:35.779+0000] {logging_mixin.py:137} INFO - [2023-03-12T13:00:35.779+0000] {dag.py:3441} INFO - Setting next_dagrun for example_bash_operator to 2023-03-11T00:00:00+00:00, run_after=2023-03-12T00:00:00+00:00
[2023-03-12T13:00:35.807+0000] {processor.py:175} INFO - Processing /home/airflow/.local/lib/python3.7/site-packages/airflow/example_dags/example_bash_operator.py took 0.138 seconds
[2023-03-12T13:01:05.853+0000] {processor.py:153} INFO - Started process (PID=180) to work on /home/airflow/.local/lib/python3.7/site-packages/airflow/example_dags/example_bash_operator.py
[2023-03-12T13:01:05.856+0000] {processor.py:743} INFO - Processing file /home/airflow/.local/lib/python3.7/site-packages/airflow/example_dags/example_bash_operator.py for tasks to queue
[2023-03-12T13:01:05.857+0000] {logging_mixin.py:137} INFO - [2023-03-12T13:01:05.857+0000] {dagbag.py:538} INFO - Filling up the DagBag from /home/airflow/.local/lib/python3.7/site-packages/airflow/example_dags/example_bash_operator.py
[2023-03-12T13:01:05.880+0000] {processor.py:753} INFO - DAG(s) dict_keys(['example_bash_operator']) retrieved from /home/airflow/.local/lib/python3.7/site-packages/airflow/example_dags/example_bash_operator.py
[2023-03-12T13:01:05.919+0000] {logging_mixin.py:137} INFO - [2023-03-12T13:01:05.919+0000] {dag.py:2690} INFO - Sync 1 DAGs
[2023-03-12T13:01:05.948+0000] {logging_mixin.py:137} INFO - [2023-03-12T13:01:05.947+0000] {dag.py:3441} INFO - Setting next_dagrun for example_bash_operator to 2023-03-11T00:00:00+00:00, run_after=2023-03-12T00:00:00+00:00
[2023-03-12T13:01:05.972+0000] {processor.py:175} INFO - Processing /home/airflow/.local/lib/python3.7/site-packages/airflow/example_dags/example_bash_operator.py took 0.122 seconds
[2023-03-12T13:01:36.688+0000] {processor.py:153} INFO - Started process (PID=270) to work on /home/airflow/.local/lib/python3.7/site-packages/airflow/example_dags/example_bash_operator.py
[2023-03-12T13:01:36.689+0000] {processor.py:743} INFO - Processing file /home/airflow/.local/lib/python3.7/site-packages/airflow/example_dags/example_bash_operator.py for tasks to queue
[2023-03-12T13:01:36.689+0000] {logging_mixin.py:137} INFO - [2023-03-12T13:01:36.689+0000] {dagbag.py:538} INFO - Filling up the DagBag from /home/airflow/.local/lib/python3.7/site-packages/airflow/example_dags/example_bash_operator.py
[2023-03-12T13:01:36.714+0000] {processor.py:753} INFO - DAG(s) dict_keys(['example_bash_operator']) retrieved from /home/airflow/.local/lib/python3.7/site-packages/airflow/example_dags/example_bash_operator.py
[2023-03-12T13:01:36.760+0000] {logging_mixin.py:137} INFO - [2023-03-12T13:01:36.760+0000] {dag.py:2690} INFO - Sync 1 DAGs
[2023-03-12T13:01:36.793+0000] {logging_mixin.py:137} INFO - [2023-03-12T13:01:36.792+0000] {dag.py:3441} INFO - Setting next_dagrun for example_bash_operator to 2023-03-11T00:00:00+00:00, run_after=2023-03-12T00:00:00+00:00
[2023-03-12T13:01:36.812+0000] {processor.py:175} INFO - Processing /home/airflow/.local/lib/python3.7/site-packages/airflow/example_dags/example_bash_operator.py took 0.127 seconds
[2023-03-12T13:02:07.209+0000] {processor.py:153} INFO - Started process (PID=384) to work on /home/airflow/.local/lib/python3.7/site-packages/airflow/example_dags/example_bash_operator.py
[2023-03-12T13:02:07.210+0000] {processor.py:743} INFO - Processing file /home/airflow/.local/lib/python3.7/site-packages/airflow/example_dags/example_bash_operator.py for tasks to queue
[2023-03-12T13:02:07.210+0000] {logging_mixin.py:137} INFO - [2023-03-12T13:02:07.210+0000] {dagbag.py:538} INFO - Filling up the DagBag from /home/airflow/.local/lib/python3.7/site-packages/airflow/example_dags/example_bash_operator.py
[2023-03-12T13:02:07.232+0000] {processor.py:753} INFO - DAG(s) dict_keys(['example_bash_operator']) retrieved from /home/airflow/.local/lib/python3.7/site-packages/airflow/example_dags/example_bash_operator.py
[2023-03-12T13:02:07.275+0000] {logging_mixin.py:137} INFO - [2023-03-12T13:02:07.274+0000] {dag.py:2690} INFO - Sync 1 DAGs
[2023-03-12T13:02:07.302+0000] {logging_mixin.py:137} INFO - [2023-03-12T13:02:07.302+0000] {dag.py:3441} INFO - Setting next_dagrun for example_bash_operator to 2023-03-11T00:00:00+00:00, run_after=2023-03-12T00:00:00+00:00
[2023-03-12T13:02:07.321+0000] {processor.py:175} INFO - Processing /home/airflow/.local/lib/python3.7/site-packages/airflow/example_dags/example_bash_operator.py took 0.116 seconds
[2023-03-12T13:02:38.134+0000] {processor.py:153} INFO - Started process (PID=474) to work on /home/airflow/.local/lib/python3.7/site-packages/airflow/example_dags/example_bash_operator.py
[2023-03-12T13:02:38.135+0000] {processor.py:743} INFO - Processing file /home/airflow/.local/lib/python3.7/site-packages/airflow/example_dags/example_bash_operator.py for tasks to queue
[2023-03-12T13:02:38.135+0000] {logging_mixin.py:137} INFO - [2023-03-12T13:02:38.135+0000] {dagbag.py:538} INFO - Filling up the DagBag from /home/airflow/.local/lib/python3.7/site-packages/airflow/example_dags/example_bash_operator.py
[2023-03-12T13:02:38.162+0000] {processor.py:753} INFO - DAG(s) dict_keys(['example_bash_operator']) retrieved from /home/airflow/.local/lib/python3.7/site-packages/airflow/example_dags/example_bash_operator.py
[2023-03-12T13:02:38.201+0000] {logging_mixin.py:137} INFO - [2023-03-12T13:02:38.200+0000] {dag.py:2690} INFO - Sync 1 DAGs
[2023-03-12T13:02:38.226+0000] {logging_mixin.py:137} INFO - [2023-03-12T13:02:38.226+0000] {dag.py:3441} INFO - Setting next_dagrun for example_bash_operator to 2023-03-11T00:00:00+00:00, run_after=2023-03-12T00:00:00+00:00
[2023-03-12T13:02:38.243+0000] {processor.py:175} INFO - Processing /home/airflow/.local/lib/python3.7/site-packages/airflow/example_dags/example_bash_operator.py took 0.112 seconds
[2023-03-12T13:03:08.948+0000] {processor.py:153} INFO - Started process (PID=573) to work on /home/airflow/.local/lib/python3.7/site-packages/airflow/example_dags/example_bash_operator.py
[2023-03-12T13:03:08.949+0000] {processor.py:743} INFO - Processing file /home/airflow/.local/lib/python3.7/site-packages/airflow/example_dags/example_bash_operator.py for tasks to queue
[2023-03-12T13:03:08.950+0000] {logging_mixin.py:137} INFO - [2023-03-12T13:03:08.950+0000] {dagbag.py:538} INFO - Filling up the DagBag from /home/airflow/.local/lib/python3.7/site-packages/airflow/example_dags/example_bash_operator.py
[2023-03-12T13:03:08.972+0000] {processor.py:753} INFO - DAG(s) dict_keys(['example_bash_operator']) retrieved from /home/airflow/.local/lib/python3.7/site-packages/airflow/example_dags/example_bash_operator.py
[2023-03-12T13:03:09.020+0000] {logging_mixin.py:137} INFO - [2023-03-12T13:03:09.020+0000] {dag.py:2690} INFO - Sync 1 DAGs
[2023-03-12T13:03:09.083+0000] {logging_mixin.py:137} INFO - [2023-03-12T13:03:09.083+0000] {dag.py:3441} INFO - Setting next_dagrun for example_bash_operator to 2023-03-11T00:00:00+00:00, run_after=2023-03-12T00:00:00+00:00
[2023-03-12T13:03:09.104+0000] {processor.py:175} INFO - Processing /home/airflow/.local/lib/python3.7/site-packages/airflow/example_dags/example_bash_operator.py took 0.159 seconds
[2023-03-12T13:03:39.800+0000] {processor.py:153} INFO - Started process (PID=678) to work on /home/airflow/.local/lib/python3.7/site-packages/airflow/example_dags/example_bash_operator.py
[2023-03-12T13:03:39.801+0000] {processor.py:743} INFO - Processing file /home/airflow/.local/lib/python3.7/site-packages/airflow/example_dags/example_bash_operator.py for tasks to queue
[2023-03-12T13:03:39.802+0000] {logging_mixin.py:137} INFO - [2023-03-12T13:03:39.802+0000] {dagbag.py:538} INFO - Filling up the DagBag from /home/airflow/.local/lib/python3.7/site-packages/airflow/example_dags/example_bash_operator.py
[2023-03-12T13:03:39.822+0000] {processor.py:753} INFO - DAG(s) dict_keys(['example_bash_operator']) retrieved from /home/airflow/.local/lib/python3.7/site-packages/airflow/example_dags/example_bash_operator.py
[2023-03-12T13:03:39.863+0000] {logging_mixin.py:137} INFO - [2023-03-12T13:03:39.862+0000] {dag.py:2690} INFO - Sync 1 DAGs
[2023-03-12T13:03:39.889+0000] {logging_mixin.py:137} INFO - [2023-03-12T13:03:39.889+0000] {dag.py:3441} INFO - Setting next_dagrun for example_bash_operator to 2023-03-11T00:00:00+00:00, run_after=2023-03-12T00:00:00+00:00
[2023-03-12T13:03:39.906+0000] {processor.py:175} INFO - Processing /home/airflow/.local/lib/python3.7/site-packages/airflow/example_dags/example_bash_operator.py took 0.109 seconds
[2023-03-12T13:04:10.550+0000] {processor.py:153} INFO - Started process (PID=768) to work on /home/airflow/.local/lib/python3.7/site-packages/airflow/example_dags/example_bash_operator.py
[2023-03-12T13:04:10.552+0000] {processor.py:743} INFO - Processing file /home/airflow/.local/lib/python3.7/site-packages/airflow/example_dags/example_bash_operator.py for tasks to queue
[2023-03-12T13:04:10.552+0000] {logging_mixin.py:137} INFO - [2023-03-12T13:04:10.552+0000] {dagbag.py:538} INFO - Filling up the DagBag from /home/airflow/.local/lib/python3.7/site-packages/airflow/example_dags/example_bash_operator.py
[2023-03-12T13:04:10.576+0000] {processor.py:753} INFO - DAG(s) dict_keys(['example_bash_operator']) retrieved from /home/airflow/.local/lib/python3.7/site-packages/airflow/example_dags/example_bash_operator.py
[2023-03-12T13:04:10.617+0000] {logging_mixin.py:137} INFO - [2023-03-12T13:04:10.617+0000] {dag.py:2690} INFO - Sync 1 DAGs
[2023-03-12T13:04:10.643+0000] {logging_mixin.py:137} INFO - [2023-03-12T13:04:10.643+0000] {dag.py:3441} INFO - Setting next_dagrun for example_bash_operator to 2023-03-11T00:00:00+00:00, run_after=2023-03-12T00:00:00+00:00
[2023-03-12T13:04:10.661+0000] {processor.py:175} INFO - Processing /home/airflow/.local/lib/python3.7/site-packages/airflow/example_dags/example_bash_operator.py took 0.114 seconds
[2023-03-12T13:04:41.278+0000] {processor.py:153} INFO - Started process (PID=882) to work on /home/airflow/.local/lib/python3.7/site-packages/airflow/example_dags/example_bash_operator.py
[2023-03-12T13:04:41.279+0000] {processor.py:743} INFO - Processing file /home/airflow/.local/lib/python3.7/site-packages/airflow/example_dags/example_bash_operator.py for tasks to queue
[2023-03-12T13:04:41.280+0000] {logging_mixin.py:137} INFO - [2023-03-12T13:04:41.280+0000] {dagbag.py:538} INFO - Filling up the DagBag from /home/airflow/.local/lib/python3.7/site-packages/airflow/example_dags/example_bash_operator.py
[2023-03-12T13:04:41.301+0000] {processor.py:753} INFO - DAG(s) dict_keys(['example_bash_operator']) retrieved from /home/airflow/.local/lib/python3.7/site-packages/airflow/example_dags/example_bash_operator.py
[2023-03-12T13:04:41.342+0000] {logging_mixin.py:137} INFO - [2023-03-12T13:04:41.341+0000] {dag.py:2690} INFO - Sync 1 DAGs
[2023-03-12T13:04:41.370+0000] {logging_mixin.py:137} INFO - [2023-03-12T13:04:41.370+0000] {dag.py:3441} INFO - Setting next_dagrun for example_bash_operator to 2023-03-11T00:00:00+00:00, run_after=2023-03-12T00:00:00+00:00
[2023-03-12T13:04:41.390+0000] {processor.py:175} INFO - Processing /home/airflow/.local/lib/python3.7/site-packages/airflow/example_dags/example_bash_operator.py took 0.114 seconds
[2023-03-12T13:05:12.131+0000] {processor.py:153} INFO - Started process (PID=972) to work on /home/airflow/.local/lib/python3.7/site-packages/airflow/example_dags/example_bash_operator.py
[2023-03-12T13:05:12.132+0000] {processor.py:743} INFO - Processing file /home/airflow/.local/lib/python3.7/site-packages/airflow/example_dags/example_bash_operator.py for tasks to queue
[2023-03-12T13:05:12.132+0000] {logging_mixin.py:137} INFO - [2023-03-12T13:05:12.132+0000] {dagbag.py:538} INFO - Filling up the DagBag from /home/airflow/.local/lib/python3.7/site-packages/airflow/example_dags/example_bash_operator.py
[2023-03-12T13:05:12.155+0000] {processor.py:753} INFO - DAG(s) dict_keys(['example_bash_operator']) retrieved from /home/airflow/.local/lib/python3.7/site-packages/airflow/example_dags/example_bash_operator.py
[2023-03-12T13:05:12.199+0000] {logging_mixin.py:137} INFO - [2023-03-12T13:05:12.199+0000] {dag.py:2690} INFO - Sync 1 DAGs
[2023-03-12T13:05:12.231+0000] {logging_mixin.py:137} INFO - [2023-03-12T13:05:12.231+0000] {dag.py:3441} INFO - Setting next_dagrun for example_bash_operator to 2023-03-11T00:00:00+00:00, run_after=2023-03-12T00:00:00+00:00
[2023-03-12T13:05:12.253+0000] {processor.py:175} INFO - Processing /home/airflow/.local/lib/python3.7/site-packages/airflow/example_dags/example_bash_operator.py took 0.125 seconds
[2023-03-12T13:05:42.768+0000] {processor.py:153} INFO - Started process (PID=1087) to work on /home/airflow/.local/lib/python3.7/site-packages/airflow/example_dags/example_bash_operator.py
[2023-03-12T13:05:42.769+0000] {processor.py:743} INFO - Processing file /home/airflow/.local/lib/python3.7/site-packages/airflow/example_dags/example_bash_operator.py for tasks to queue
[2023-03-12T13:05:42.770+0000] {logging_mixin.py:137} INFO - [2023-03-12T13:05:42.770+0000] {dagbag.py:538} INFO - Filling up the DagBag from /home/airflow/.local/lib/python3.7/site-packages/airflow/example_dags/example_bash_operator.py
[2023-03-12T13:05:42.790+0000] {processor.py:753} INFO - DAG(s) dict_keys(['example_bash_operator']) retrieved from /home/airflow/.local/lib/python3.7/site-packages/airflow/example_dags/example_bash_operator.py
[2023-03-12T13:05:42.830+0000] {logging_mixin.py:137} INFO - [2023-03-12T13:05:42.829+0000] {dag.py:2690} INFO - Sync 1 DAGs
[2023-03-12T13:05:42.858+0000] {logging_mixin.py:137} INFO - [2023-03-12T13:05:42.858+0000] {dag.py:3441} INFO - Setting next_dagrun for example_bash_operator to 2023-03-11T00:00:00+00:00, run_after=2023-03-12T00:00:00+00:00
[2023-03-12T13:05:42.881+0000] {processor.py:175} INFO - Processing /home/airflow/.local/lib/python3.7/site-packages/airflow/example_dags/example_bash_operator.py took 0.116 seconds
[2023-03-12T13:06:13.608+0000] {processor.py:153} INFO - Started process (PID=1177) to work on /home/airflow/.local/lib/python3.7/site-packages/airflow/example_dags/example_bash_operator.py
[2023-03-12T13:06:13.609+0000] {processor.py:743} INFO - Processing file /home/airflow/.local/lib/python3.7/site-packages/airflow/example_dags/example_bash_operator.py for tasks to queue
[2023-03-12T13:06:13.609+0000] {logging_mixin.py:137} INFO - [2023-03-12T13:06:13.609+0000] {dagbag.py:538} INFO - Filling up the DagBag from /home/airflow/.local/lib/python3.7/site-packages/airflow/example_dags/example_bash_operator.py
[2023-03-12T13:06:13.630+0000] {processor.py:753} INFO - DAG(s) dict_keys(['example_bash_operator']) retrieved from /home/airflow/.local/lib/python3.7/site-packages/airflow/example_dags/example_bash_operator.py
[2023-03-12T13:06:13.670+0000] {logging_mixin.py:137} INFO - [2023-03-12T13:06:13.670+0000] {dag.py:2690} INFO - Sync 1 DAGs
[2023-03-12T13:06:13.696+0000] {logging_mixin.py:137} INFO - [2023-03-12T13:06:13.696+0000] {dag.py:3441} INFO - Setting next_dagrun for example_bash_operator to 2023-03-11T00:00:00+00:00, run_after=2023-03-12T00:00:00+00:00
[2023-03-12T13:06:13.715+0000] {processor.py:175} INFO - Processing /home/airflow/.local/lib/python3.7/site-packages/airflow/example_dags/example_bash_operator.py took 0.109 seconds
[2023-03-12T13:06:44.281+0000] {processor.py:153} INFO - Started process (PID=1277) to work on /home/airflow/.local/lib/python3.7/site-packages/airflow/example_dags/example_bash_operator.py
[2023-03-12T13:06:44.282+0000] {processor.py:743} INFO - Processing file /home/airflow/.local/lib/python3.7/site-packages/airflow/example_dags/example_bash_operator.py for tasks to queue
[2023-03-12T13:06:44.282+0000] {logging_mixin.py:137} INFO - [2023-03-12T13:06:44.282+0000] {dagbag.py:538} INFO - Filling up the DagBag from /home/airflow/.local/lib/python3.7/site-packages/airflow/example_dags/example_bash_operator.py
[2023-03-12T13:06:44.303+0000] {processor.py:753} INFO - DAG(s) dict_keys(['example_bash_operator']) retrieved from /home/airflow/.local/lib/python3.7/site-packages/airflow/example_dags/example_bash_operator.py
[2023-03-12T13:06:44.343+0000] {logging_mixin.py:137} INFO - [2023-03-12T13:06:44.343+0000] {dag.py:2690} INFO - Sync 1 DAGs
[2023-03-12T13:06:44.380+0000] {logging_mixin.py:137} INFO - [2023-03-12T13:06:44.380+0000] {dag.py:3441} INFO - Setting next_dagrun for example_bash_operator to 2023-03-11T00:00:00+00:00, run_after=2023-03-12T00:00:00+00:00
[2023-03-12T13:06:44.402+0000] {processor.py:175} INFO - Processing /home/airflow/.local/lib/python3.7/site-packages/airflow/example_dags/example_bash_operator.py took 0.125 seconds
[2023-03-12T13:07:02.109+0000] {processor.py:153} INFO - Started process (PID=66) to work on /home/airflow/.local/lib/python3.7/site-packages/airflow/example_dags/example_bash_operator.py
[2023-03-12T13:07:02.110+0000] {processor.py:743} INFO - Processing file /home/airflow/.local/lib/python3.7/site-packages/airflow/example_dags/example_bash_operator.py for tasks to queue
[2023-03-12T13:07:02.111+0000] {logging_mixin.py:137} INFO - [2023-03-12T13:07:02.111+0000] {dagbag.py:538} INFO - Filling up the DagBag from /home/airflow/.local/lib/python3.7/site-packages/airflow/example_dags/example_bash_operator.py
[2023-03-12T13:07:02.134+0000] {processor.py:753} INFO - DAG(s) dict_keys(['example_bash_operator']) retrieved from /home/airflow/.local/lib/python3.7/site-packages/airflow/example_dags/example_bash_operator.py
[2023-03-12T13:07:02.148+0000] {logging_mixin.py:137} INFO - [2023-03-12T13:07:02.148+0000] {dag.py:2690} INFO - Sync 1 DAGs
[2023-03-12T13:07:02.180+0000] {logging_mixin.py:137} INFO - [2023-03-12T13:07:02.180+0000] {dag.py:3441} INFO - Setting next_dagrun for example_bash_operator to 2023-03-11T00:00:00+00:00, run_after=2023-03-12T00:00:00+00:00
[2023-03-12T13:07:02.204+0000] {processor.py:175} INFO - Processing /home/airflow/.local/lib/python3.7/site-packages/airflow/example_dags/example_bash_operator.py took 0.098 seconds
[2023-03-12T13:07:32.271+0000] {processor.py:153} INFO - Started process (PID=156) to work on /home/airflow/.local/lib/python3.7/site-packages/airflow/example_dags/example_bash_operator.py
[2023-03-12T13:07:32.272+0000] {processor.py:743} INFO - Processing file /home/airflow/.local/lib/python3.7/site-packages/airflow/example_dags/example_bash_operator.py for tasks to queue
[2023-03-12T13:07:32.273+0000] {logging_mixin.py:137} INFO - [2023-03-12T13:07:32.272+0000] {dagbag.py:538} INFO - Filling up the DagBag from /home/airflow/.local/lib/python3.7/site-packages/airflow/example_dags/example_bash_operator.py
[2023-03-12T13:07:32.295+0000] {processor.py:753} INFO - DAG(s) dict_keys(['example_bash_operator']) retrieved from /home/airflow/.local/lib/python3.7/site-packages/airflow/example_dags/example_bash_operator.py
[2023-03-12T13:07:32.337+0000] {logging_mixin.py:137} INFO - [2023-03-12T13:07:32.337+0000] {dag.py:2690} INFO - Sync 1 DAGs
[2023-03-12T13:07:32.366+0000] {logging_mixin.py:137} INFO - [2023-03-12T13:07:32.365+0000] {dag.py:3441} INFO - Setting next_dagrun for example_bash_operator to 2023-03-11T00:00:00+00:00, run_after=2023-03-12T00:00:00+00:00
[2023-03-12T13:07:32.384+0000] {processor.py:175} INFO - Processing /home/airflow/.local/lib/python3.7/site-packages/airflow/example_dags/example_bash_operator.py took 0.117 seconds
[2023-03-12T13:08:03.280+0000] {processor.py:153} INFO - Started process (PID=269) to work on /home/airflow/.local/lib/python3.7/site-packages/airflow/example_dags/example_bash_operator.py
[2023-03-12T13:08:03.281+0000] {processor.py:743} INFO - Processing file /home/airflow/.local/lib/python3.7/site-packages/airflow/example_dags/example_bash_operator.py for tasks to queue
[2023-03-12T13:08:03.282+0000] {logging_mixin.py:137} INFO - [2023-03-12T13:08:03.282+0000] {dagbag.py:538} INFO - Filling up the DagBag from /home/airflow/.local/lib/python3.7/site-packages/airflow/example_dags/example_bash_operator.py
[2023-03-12T13:08:03.303+0000] {processor.py:753} INFO - DAG(s) dict_keys(['example_bash_operator']) retrieved from /home/airflow/.local/lib/python3.7/site-packages/airflow/example_dags/example_bash_operator.py
[2023-03-12T13:08:03.343+0000] {logging_mixin.py:137} INFO - [2023-03-12T13:08:03.343+0000] {dag.py:2690} INFO - Sync 1 DAGs
[2023-03-12T13:08:03.378+0000] {logging_mixin.py:137} INFO - [2023-03-12T13:08:03.378+0000] {dag.py:3441} INFO - Setting next_dagrun for example_bash_operator to 2023-03-11T00:00:00+00:00, run_after=2023-03-12T00:00:00+00:00
[2023-03-12T13:08:03.397+0000] {processor.py:175} INFO - Processing /home/airflow/.local/lib/python3.7/site-packages/airflow/example_dags/example_bash_operator.py took 0.120 seconds
[2023-03-12T13:08:34.056+0000] {processor.py:153} INFO - Started process (PID=360) to work on /home/airflow/.local/lib/python3.7/site-packages/airflow/example_dags/example_bash_operator.py
[2023-03-12T13:08:34.057+0000] {processor.py:743} INFO - Processing file /home/airflow/.local/lib/python3.7/site-packages/airflow/example_dags/example_bash_operator.py for tasks to queue
[2023-03-12T13:08:34.057+0000] {logging_mixin.py:137} INFO - [2023-03-12T13:08:34.057+0000] {dagbag.py:538} INFO - Filling up the DagBag from /home/airflow/.local/lib/python3.7/site-packages/airflow/example_dags/example_bash_operator.py
[2023-03-12T13:08:34.078+0000] {processor.py:753} INFO - DAG(s) dict_keys(['example_bash_operator']) retrieved from /home/airflow/.local/lib/python3.7/site-packages/airflow/example_dags/example_bash_operator.py
[2023-03-12T13:08:34.119+0000] {logging_mixin.py:137} INFO - [2023-03-12T13:08:34.119+0000] {dag.py:2690} INFO - Sync 1 DAGs
[2023-03-12T13:08:34.145+0000] {logging_mixin.py:137} INFO - [2023-03-12T13:08:34.144+0000] {dag.py:3441} INFO - Setting next_dagrun for example_bash_operator to 2023-03-11T00:00:00+00:00, run_after=2023-03-12T00:00:00+00:00
[2023-03-12T13:08:34.164+0000] {processor.py:175} INFO - Processing /home/airflow/.local/lib/python3.7/site-packages/airflow/example_dags/example_bash_operator.py took 0.111 seconds
[2023-03-12T13:08:57.192+0000] {processor.py:153} INFO - Started process (PID=66) to work on /home/airflow/.local/lib/python3.7/site-packages/airflow/example_dags/example_bash_operator.py
[2023-03-12T13:08:57.199+0000] {processor.py:743} INFO - Processing file /home/airflow/.local/lib/python3.7/site-packages/airflow/example_dags/example_bash_operator.py for tasks to queue
[2023-03-12T13:08:57.200+0000] {logging_mixin.py:137} INFO - [2023-03-12T13:08:57.199+0000] {dagbag.py:538} INFO - Filling up the DagBag from /home/airflow/.local/lib/python3.7/site-packages/airflow/example_dags/example_bash_operator.py
[2023-03-12T13:08:57.268+0000] {processor.py:753} INFO - DAG(s) dict_keys(['example_bash_operator']) retrieved from /home/airflow/.local/lib/python3.7/site-packages/airflow/example_dags/example_bash_operator.py
[2023-03-12T13:08:57.284+0000] {logging_mixin.py:137} INFO - [2023-03-12T13:08:57.284+0000] {dag.py:2690} INFO - Sync 1 DAGs
[2023-03-12T13:08:57.312+0000] {logging_mixin.py:137} INFO - [2023-03-12T13:08:57.312+0000] {dag.py:3441} INFO - Setting next_dagrun for example_bash_operator to 2023-03-11T00:00:00+00:00, run_after=2023-03-12T00:00:00+00:00
[2023-03-12T13:08:57.330+0000] {processor.py:175} INFO - Processing /home/airflow/.local/lib/python3.7/site-packages/airflow/example_dags/example_bash_operator.py took 0.141 seconds
[2023-03-12T13:09:27.814+0000] {processor.py:153} INFO - Started process (PID=180) to work on /home/airflow/.local/lib/python3.7/site-packages/airflow/example_dags/example_bash_operator.py
[2023-03-12T13:09:27.815+0000] {processor.py:743} INFO - Processing file /home/airflow/.local/lib/python3.7/site-packages/airflow/example_dags/example_bash_operator.py for tasks to queue
[2023-03-12T13:09:27.815+0000] {logging_mixin.py:137} INFO - [2023-03-12T13:09:27.815+0000] {dagbag.py:538} INFO - Filling up the DagBag from /home/airflow/.local/lib/python3.7/site-packages/airflow/example_dags/example_bash_operator.py
[2023-03-12T13:09:27.837+0000] {processor.py:753} INFO - DAG(s) dict_keys(['example_bash_operator']) retrieved from /home/airflow/.local/lib/python3.7/site-packages/airflow/example_dags/example_bash_operator.py
[2023-03-12T13:09:27.880+0000] {logging_mixin.py:137} INFO - [2023-03-12T13:09:27.880+0000] {dag.py:2690} INFO - Sync 1 DAGs
[2023-03-12T13:09:27.910+0000] {logging_mixin.py:137} INFO - [2023-03-12T13:09:27.910+0000] {dag.py:3441} INFO - Setting next_dagrun for example_bash_operator to 2023-03-11T00:00:00+00:00, run_after=2023-03-12T00:00:00+00:00
[2023-03-12T13:09:27.929+0000] {processor.py:175} INFO - Processing /home/airflow/.local/lib/python3.7/site-packages/airflow/example_dags/example_bash_operator.py took 0.117 seconds
[2023-03-12T13:09:58.817+0000] {processor.py:153} INFO - Started process (PID=270) to work on /home/airflow/.local/lib/python3.7/site-packages/airflow/example_dags/example_bash_operator.py
[2023-03-12T13:09:58.818+0000] {processor.py:743} INFO - Processing file /home/airflow/.local/lib/python3.7/site-packages/airflow/example_dags/example_bash_operator.py for tasks to queue
[2023-03-12T13:09:58.818+0000] {logging_mixin.py:137} INFO - [2023-03-12T13:09:58.818+0000] {dagbag.py:538} INFO - Filling up the DagBag from /home/airflow/.local/lib/python3.7/site-packages/airflow/example_dags/example_bash_operator.py
[2023-03-12T13:09:58.839+0000] {processor.py:753} INFO - DAG(s) dict_keys(['example_bash_operator']) retrieved from /home/airflow/.local/lib/python3.7/site-packages/airflow/example_dags/example_bash_operator.py
[2023-03-12T13:09:58.893+0000] {logging_mixin.py:137} INFO - [2023-03-12T13:09:58.893+0000] {dag.py:2690} INFO - Sync 1 DAGs
[2023-03-12T13:09:58.926+0000] {logging_mixin.py:137} INFO - [2023-03-12T13:09:58.926+0000] {dag.py:3441} INFO - Setting next_dagrun for example_bash_operator to 2023-03-11T00:00:00+00:00, run_after=2023-03-12T00:00:00+00:00
[2023-03-12T13:09:58.943+0000] {processor.py:175} INFO - Processing /home/airflow/.local/lib/python3.7/site-packages/airflow/example_dags/example_bash_operator.py took 0.129 seconds
[2023-03-12T13:10:29.690+0000] {processor.py:153} INFO - Started process (PID=379) to work on /home/airflow/.local/lib/python3.7/site-packages/airflow/example_dags/example_bash_operator.py
[2023-03-12T13:10:29.692+0000] {processor.py:743} INFO - Processing file /home/airflow/.local/lib/python3.7/site-packages/airflow/example_dags/example_bash_operator.py for tasks to queue
[2023-03-12T13:10:29.692+0000] {logging_mixin.py:137} INFO - [2023-03-12T13:10:29.692+0000] {dagbag.py:538} INFO - Filling up the DagBag from /home/airflow/.local/lib/python3.7/site-packages/airflow/example_dags/example_bash_operator.py
[2023-03-12T13:10:29.716+0000] {processor.py:753} INFO - DAG(s) dict_keys(['example_bash_operator']) retrieved from /home/airflow/.local/lib/python3.7/site-packages/airflow/example_dags/example_bash_operator.py
[2023-03-12T13:10:29.768+0000] {logging_mixin.py:137} INFO - [2023-03-12T13:10:29.768+0000] {dag.py:2690} INFO - Sync 1 DAGs
[2023-03-12T13:10:29.809+0000] {logging_mixin.py:137} INFO - [2023-03-12T13:10:29.809+0000] {dag.py:3441} INFO - Setting next_dagrun for example_bash_operator to 2023-03-11T00:00:00+00:00, run_after=2023-03-12T00:00:00+00:00
[2023-03-12T13:10:29.833+0000] {processor.py:175} INFO - Processing /home/airflow/.local/lib/python3.7/site-packages/airflow/example_dags/example_bash_operator.py took 0.146 seconds
[2023-03-12T13:10:59.911+0000] {processor.py:153} INFO - Started process (PID=484) to work on /home/airflow/.local/lib/python3.7/site-packages/airflow/example_dags/example_bash_operator.py
[2023-03-12T13:10:59.912+0000] {processor.py:743} INFO - Processing file /home/airflow/.local/lib/python3.7/site-packages/airflow/example_dags/example_bash_operator.py for tasks to queue
[2023-03-12T13:10:59.912+0000] {logging_mixin.py:137} INFO - [2023-03-12T13:10:59.912+0000] {dagbag.py:538} INFO - Filling up the DagBag from /home/airflow/.local/lib/python3.7/site-packages/airflow/example_dags/example_bash_operator.py
[2023-03-12T13:10:59.933+0000] {processor.py:753} INFO - DAG(s) dict_keys(['example_bash_operator']) retrieved from /home/airflow/.local/lib/python3.7/site-packages/airflow/example_dags/example_bash_operator.py
[2023-03-12T13:10:59.974+0000] {logging_mixin.py:137} INFO - [2023-03-12T13:10:59.974+0000] {dag.py:2690} INFO - Sync 1 DAGs
[2023-03-12T13:11:00.003+0000] {logging_mixin.py:137} INFO - [2023-03-12T13:11:00.003+0000] {dag.py:3441} INFO - Setting next_dagrun for example_bash_operator to 2023-03-11T00:00:00+00:00, run_after=2023-03-12T00:00:00+00:00
[2023-03-12T13:11:00.021+0000] {processor.py:175} INFO - Processing /home/airflow/.local/lib/python3.7/site-packages/airflow/example_dags/example_bash_operator.py took 0.113 seconds
[2023-03-12T13:11:30.127+0000] {processor.py:153} INFO - Started process (PID=578) to work on /home/airflow/.local/lib/python3.7/site-packages/airflow/example_dags/example_bash_operator.py
[2023-03-12T13:11:30.128+0000] {processor.py:743} INFO - Processing file /home/airflow/.local/lib/python3.7/site-packages/airflow/example_dags/example_bash_operator.py for tasks to queue
[2023-03-12T13:11:30.128+0000] {logging_mixin.py:137} INFO - [2023-03-12T13:11:30.128+0000] {dagbag.py:538} INFO - Filling up the DagBag from /home/airflow/.local/lib/python3.7/site-packages/airflow/example_dags/example_bash_operator.py
[2023-03-12T13:11:30.149+0000] {processor.py:753} INFO - DAG(s) dict_keys(['example_bash_operator']) retrieved from /home/airflow/.local/lib/python3.7/site-packages/airflow/example_dags/example_bash_operator.py
[2023-03-12T13:11:30.204+0000] {logging_mixin.py:137} INFO - [2023-03-12T13:11:30.204+0000] {dag.py:2690} INFO - Sync 1 DAGs
[2023-03-12T13:11:30.237+0000] {logging_mixin.py:137} INFO - [2023-03-12T13:11:30.237+0000] {dag.py:3441} INFO - Setting next_dagrun for example_bash_operator to 2023-03-11T00:00:00+00:00, run_after=2023-03-12T00:00:00+00:00
[2023-03-12T13:11:30.263+0000] {processor.py:175} INFO - Processing /home/airflow/.local/lib/python3.7/site-packages/airflow/example_dags/example_bash_operator.py took 0.139 seconds
[2023-03-12T13:12:00.316+0000] {processor.py:153} INFO - Started process (PID=692) to work on /home/airflow/.local/lib/python3.7/site-packages/airflow/example_dags/example_bash_operator.py
[2023-03-12T13:12:00.317+0000] {processor.py:743} INFO - Processing file /home/airflow/.local/lib/python3.7/site-packages/airflow/example_dags/example_bash_operator.py for tasks to queue
[2023-03-12T13:12:00.318+0000] {logging_mixin.py:137} INFO - [2023-03-12T13:12:00.317+0000] {dagbag.py:538} INFO - Filling up the DagBag from /home/airflow/.local/lib/python3.7/site-packages/airflow/example_dags/example_bash_operator.py
[2023-03-12T13:12:00.338+0000] {processor.py:753} INFO - DAG(s) dict_keys(['example_bash_operator']) retrieved from /home/airflow/.local/lib/python3.7/site-packages/airflow/example_dags/example_bash_operator.py
[2023-03-12T13:12:00.383+0000] {logging_mixin.py:137} INFO - [2023-03-12T13:12:00.383+0000] {dag.py:2690} INFO - Sync 1 DAGs
[2023-03-12T13:12:00.410+0000] {logging_mixin.py:137} INFO - [2023-03-12T13:12:00.410+0000] {dag.py:3441} INFO - Setting next_dagrun for example_bash_operator to 2023-03-11T00:00:00+00:00, run_after=2023-03-12T00:00:00+00:00
[2023-03-12T13:12:00.431+0000] {processor.py:175} INFO - Processing /home/airflow/.local/lib/python3.7/site-packages/airflow/example_dags/example_bash_operator.py took 0.118 seconds
[2023-03-12T13:12:30.465+0000] {processor.py:153} INFO - Started process (PID=786) to work on /home/airflow/.local/lib/python3.7/site-packages/airflow/example_dags/example_bash_operator.py
[2023-03-12T13:12:30.466+0000] {processor.py:743} INFO - Processing file /home/airflow/.local/lib/python3.7/site-packages/airflow/example_dags/example_bash_operator.py for tasks to queue
[2023-03-12T13:12:30.467+0000] {logging_mixin.py:137} INFO - [2023-03-12T13:12:30.466+0000] {dagbag.py:538} INFO - Filling up the DagBag from /home/airflow/.local/lib/python3.7/site-packages/airflow/example_dags/example_bash_operator.py
[2023-03-12T13:12:30.486+0000] {processor.py:753} INFO - DAG(s) dict_keys(['example_bash_operator']) retrieved from /home/airflow/.local/lib/python3.7/site-packages/airflow/example_dags/example_bash_operator.py
[2023-03-12T13:12:30.525+0000] {logging_mixin.py:137} INFO - [2023-03-12T13:12:30.525+0000] {dag.py:2690} INFO - Sync 1 DAGs
[2023-03-12T13:12:30.558+0000] {logging_mixin.py:137} INFO - [2023-03-12T13:12:30.558+0000] {dag.py:3441} INFO - Setting next_dagrun for example_bash_operator to 2023-03-11T00:00:00+00:00, run_after=2023-03-12T00:00:00+00:00
[2023-03-12T13:12:30.576+0000] {processor.py:175} INFO - Processing /home/airflow/.local/lib/python3.7/site-packages/airflow/example_dags/example_bash_operator.py took 0.114 seconds
[2023-03-12T13:13:00.695+0000] {processor.py:153} INFO - Started process (PID=890) to work on /home/airflow/.local/lib/python3.7/site-packages/airflow/example_dags/example_bash_operator.py
[2023-03-12T13:13:00.696+0000] {processor.py:743} INFO - Processing file /home/airflow/.local/lib/python3.7/site-packages/airflow/example_dags/example_bash_operator.py for tasks to queue
[2023-03-12T13:13:00.697+0000] {logging_mixin.py:137} INFO - [2023-03-12T13:13:00.697+0000] {dagbag.py:538} INFO - Filling up the DagBag from /home/airflow/.local/lib/python3.7/site-packages/airflow/example_dags/example_bash_operator.py
[2023-03-12T13:13:00.718+0000] {processor.py:753} INFO - DAG(s) dict_keys(['example_bash_operator']) retrieved from /home/airflow/.local/lib/python3.7/site-packages/airflow/example_dags/example_bash_operator.py
[2023-03-12T13:13:00.764+0000] {logging_mixin.py:137} INFO - [2023-03-12T13:13:00.764+0000] {dag.py:2690} INFO - Sync 1 DAGs
[2023-03-12T13:13:00.794+0000] {logging_mixin.py:137} INFO - [2023-03-12T13:13:00.793+0000] {dag.py:3441} INFO - Setting next_dagrun for example_bash_operator to 2023-03-11T00:00:00+00:00, run_after=2023-03-12T00:00:00+00:00
[2023-03-12T13:13:00.812+0000] {processor.py:175} INFO - Processing /home/airflow/.local/lib/python3.7/site-packages/airflow/example_dags/example_bash_operator.py took 0.119 seconds
[2023-03-12T13:13:30.842+0000] {processor.py:153} INFO - Started process (PID=994) to work on /home/airflow/.local/lib/python3.7/site-packages/airflow/example_dags/example_bash_operator.py
[2023-03-12T13:13:30.843+0000] {processor.py:743} INFO - Processing file /home/airflow/.local/lib/python3.7/site-packages/airflow/example_dags/example_bash_operator.py for tasks to queue
[2023-03-12T13:13:30.844+0000] {logging_mixin.py:137} INFO - [2023-03-12T13:13:30.844+0000] {dagbag.py:538} INFO - Filling up the DagBag from /home/airflow/.local/lib/python3.7/site-packages/airflow/example_dags/example_bash_operator.py
[2023-03-12T13:13:30.866+0000] {processor.py:753} INFO - DAG(s) dict_keys(['example_bash_operator']) retrieved from /home/airflow/.local/lib/python3.7/site-packages/airflow/example_dags/example_bash_operator.py
[2023-03-12T13:13:30.913+0000] {logging_mixin.py:137} INFO - [2023-03-12T13:13:30.913+0000] {dag.py:2690} INFO - Sync 1 DAGs
[2023-03-12T13:13:30.945+0000] {logging_mixin.py:137} INFO - [2023-03-12T13:13:30.945+0000] {dag.py:3441} INFO - Setting next_dagrun for example_bash_operator to 2023-03-11T00:00:00+00:00, run_after=2023-03-12T00:00:00+00:00
[2023-03-12T13:13:30.972+0000] {processor.py:175} INFO - Processing /home/airflow/.local/lib/python3.7/site-packages/airflow/example_dags/example_bash_operator.py took 0.132 seconds
[2023-03-12T13:14:01.894+0000] {processor.py:153} INFO - Started process (PID=1088) to work on /home/airflow/.local/lib/python3.7/site-packages/airflow/example_dags/example_bash_operator.py
[2023-03-12T13:14:01.895+0000] {processor.py:743} INFO - Processing file /home/airflow/.local/lib/python3.7/site-packages/airflow/example_dags/example_bash_operator.py for tasks to queue
[2023-03-12T13:14:01.896+0000] {logging_mixin.py:137} INFO - [2023-03-12T13:14:01.896+0000] {dagbag.py:538} INFO - Filling up the DagBag from /home/airflow/.local/lib/python3.7/site-packages/airflow/example_dags/example_bash_operator.py
[2023-03-12T13:14:01.919+0000] {processor.py:753} INFO - DAG(s) dict_keys(['example_bash_operator']) retrieved from /home/airflow/.local/lib/python3.7/site-packages/airflow/example_dags/example_bash_operator.py
[2023-03-12T13:14:01.976+0000] {logging_mixin.py:137} INFO - [2023-03-12T13:14:01.975+0000] {dag.py:2690} INFO - Sync 1 DAGs
[2023-03-12T13:14:02.009+0000] {logging_mixin.py:137} INFO - [2023-03-12T13:14:02.009+0000] {dag.py:3441} INFO - Setting next_dagrun for example_bash_operator to 2023-03-11T00:00:00+00:00, run_after=2023-03-12T00:00:00+00:00
[2023-03-12T13:14:02.031+0000] {processor.py:175} INFO - Processing /home/airflow/.local/lib/python3.7/site-packages/airflow/example_dags/example_bash_operator.py took 0.140 seconds
[2023-03-12T13:14:32.076+0000] {processor.py:153} INFO - Started process (PID=1202) to work on /home/airflow/.local/lib/python3.7/site-packages/airflow/example_dags/example_bash_operator.py
[2023-03-12T13:14:32.077+0000] {processor.py:743} INFO - Processing file /home/airflow/.local/lib/python3.7/site-packages/airflow/example_dags/example_bash_operator.py for tasks to queue
[2023-03-12T13:14:32.078+0000] {logging_mixin.py:137} INFO - [2023-03-12T13:14:32.078+0000] {dagbag.py:538} INFO - Filling up the DagBag from /home/airflow/.local/lib/python3.7/site-packages/airflow/example_dags/example_bash_operator.py
[2023-03-12T13:14:32.099+0000] {processor.py:753} INFO - DAG(s) dict_keys(['example_bash_operator']) retrieved from /home/airflow/.local/lib/python3.7/site-packages/airflow/example_dags/example_bash_operator.py
[2023-03-12T13:14:32.138+0000] {logging_mixin.py:137} INFO - [2023-03-12T13:14:32.138+0000] {dag.py:2690} INFO - Sync 1 DAGs
[2023-03-12T13:14:32.167+0000] {logging_mixin.py:137} INFO - [2023-03-12T13:14:32.167+0000] {dag.py:3441} INFO - Setting next_dagrun for example_bash_operator to 2023-03-11T00:00:00+00:00, run_after=2023-03-12T00:00:00+00:00
[2023-03-12T13:14:32.186+0000] {processor.py:175} INFO - Processing /home/airflow/.local/lib/python3.7/site-packages/airflow/example_dags/example_bash_operator.py took 0.112 seconds
[2023-03-12T13:15:02.442+0000] {processor.py:153} INFO - Started process (PID=1296) to work on /home/airflow/.local/lib/python3.7/site-packages/airflow/example_dags/example_bash_operator.py
[2023-03-12T13:15:02.443+0000] {processor.py:743} INFO - Processing file /home/airflow/.local/lib/python3.7/site-packages/airflow/example_dags/example_bash_operator.py for tasks to queue
[2023-03-12T13:15:02.444+0000] {logging_mixin.py:137} INFO - [2023-03-12T13:15:02.444+0000] {dagbag.py:538} INFO - Filling up the DagBag from /home/airflow/.local/lib/python3.7/site-packages/airflow/example_dags/example_bash_operator.py
[2023-03-12T13:15:02.470+0000] {processor.py:753} INFO - DAG(s) dict_keys(['example_bash_operator']) retrieved from /home/airflow/.local/lib/python3.7/site-packages/airflow/example_dags/example_bash_operator.py
[2023-03-12T13:15:02.513+0000] {logging_mixin.py:137} INFO - [2023-03-12T13:15:02.513+0000] {dag.py:2690} INFO - Sync 1 DAGs
[2023-03-12T13:15:02.541+0000] {logging_mixin.py:137} INFO - [2023-03-12T13:15:02.541+0000] {dag.py:3441} INFO - Setting next_dagrun for example_bash_operator to 2023-03-11T00:00:00+00:00, run_after=2023-03-12T00:00:00+00:00
[2023-03-12T13:15:02.564+0000] {processor.py:175} INFO - Processing /home/airflow/.local/lib/python3.7/site-packages/airflow/example_dags/example_bash_operator.py took 0.125 seconds
[2023-03-12T13:15:32.763+0000] {processor.py:153} INFO - Started process (PID=1395) to work on /home/airflow/.local/lib/python3.7/site-packages/airflow/example_dags/example_bash_operator.py
[2023-03-12T13:15:32.764+0000] {processor.py:743} INFO - Processing file /home/airflow/.local/lib/python3.7/site-packages/airflow/example_dags/example_bash_operator.py for tasks to queue
[2023-03-12T13:15:32.765+0000] {logging_mixin.py:137} INFO - [2023-03-12T13:15:32.765+0000] {dagbag.py:538} INFO - Filling up the DagBag from /home/airflow/.local/lib/python3.7/site-packages/airflow/example_dags/example_bash_operator.py
[2023-03-12T13:15:32.785+0000] {processor.py:753} INFO - DAG(s) dict_keys(['example_bash_operator']) retrieved from /home/airflow/.local/lib/python3.7/site-packages/airflow/example_dags/example_bash_operator.py
[2023-03-12T13:15:32.833+0000] {logging_mixin.py:137} INFO - [2023-03-12T13:15:32.833+0000] {dag.py:2690} INFO - Sync 1 DAGs
[2023-03-12T13:15:32.861+0000] {logging_mixin.py:137} INFO - [2023-03-12T13:15:32.861+0000] {dag.py:3441} INFO - Setting next_dagrun for example_bash_operator to 2023-03-11T00:00:00+00:00, run_after=2023-03-12T00:00:00+00:00
[2023-03-12T13:15:32.878+0000] {processor.py:175} INFO - Processing /home/airflow/.local/lib/python3.7/site-packages/airflow/example_dags/example_bash_operator.py took 0.118 seconds
[2023-03-12T13:16:02.954+0000] {processor.py:153} INFO - Started process (PID=1504) to work on /home/airflow/.local/lib/python3.7/site-packages/airflow/example_dags/example_bash_operator.py
[2023-03-12T13:16:02.955+0000] {processor.py:743} INFO - Processing file /home/airflow/.local/lib/python3.7/site-packages/airflow/example_dags/example_bash_operator.py for tasks to queue
[2023-03-12T13:16:02.956+0000] {logging_mixin.py:137} INFO - [2023-03-12T13:16:02.955+0000] {dagbag.py:538} INFO - Filling up the DagBag from /home/airflow/.local/lib/python3.7/site-packages/airflow/example_dags/example_bash_operator.py
[2023-03-12T13:16:02.976+0000] {processor.py:753} INFO - DAG(s) dict_keys(['example_bash_operator']) retrieved from /home/airflow/.local/lib/python3.7/site-packages/airflow/example_dags/example_bash_operator.py
[2023-03-12T13:16:03.016+0000] {logging_mixin.py:137} INFO - [2023-03-12T13:16:03.016+0000] {dag.py:2690} INFO - Sync 1 DAGs
[2023-03-12T13:16:03.045+0000] {logging_mixin.py:137} INFO - [2023-03-12T13:16:03.045+0000] {dag.py:3441} INFO - Setting next_dagrun for example_bash_operator to 2023-03-11T00:00:00+00:00, run_after=2023-03-12T00:00:00+00:00
[2023-03-12T13:16:03.063+0000] {processor.py:175} INFO - Processing /home/airflow/.local/lib/python3.7/site-packages/airflow/example_dags/example_bash_operator.py took 0.113 seconds
[2023-03-12T13:16:13.106+0000] {processor.py:153} INFO - Started process (PID=67) to work on /home/airflow/.local/lib/python3.7/site-packages/airflow/example_dags/example_bash_operator.py
[2023-03-12T13:16:13.107+0000] {processor.py:743} INFO - Processing file /home/airflow/.local/lib/python3.7/site-packages/airflow/example_dags/example_bash_operator.py for tasks to queue
[2023-03-12T13:16:13.107+0000] {logging_mixin.py:137} INFO - [2023-03-12T13:16:13.107+0000] {dagbag.py:538} INFO - Filling up the DagBag from /home/airflow/.local/lib/python3.7/site-packages/airflow/example_dags/example_bash_operator.py
[2023-03-12T13:16:13.127+0000] {processor.py:753} INFO - DAG(s) dict_keys(['example_bash_operator']) retrieved from /home/airflow/.local/lib/python3.7/site-packages/airflow/example_dags/example_bash_operator.py
[2023-03-12T13:16:13.140+0000] {logging_mixin.py:137} INFO - [2023-03-12T13:16:13.140+0000] {dag.py:2690} INFO - Sync 1 DAGs
[2023-03-12T13:16:13.170+0000] {logging_mixin.py:137} INFO - [2023-03-12T13:16:13.170+0000] {dag.py:3441} INFO - Setting next_dagrun for example_bash_operator to 2023-03-11T00:00:00+00:00, run_after=2023-03-12T00:00:00+00:00
[2023-03-12T13:16:13.191+0000] {processor.py:175} INFO - Processing /home/airflow/.local/lib/python3.7/site-packages/airflow/example_dags/example_bash_operator.py took 0.088 seconds
[2023-03-12T13:16:43.895+0000] {processor.py:153} INFO - Started process (PID=182) to work on /home/airflow/.local/lib/python3.7/site-packages/airflow/example_dags/example_bash_operator.py
[2023-03-12T13:16:43.896+0000] {processor.py:743} INFO - Processing file /home/airflow/.local/lib/python3.7/site-packages/airflow/example_dags/example_bash_operator.py for tasks to queue
[2023-03-12T13:16:43.897+0000] {logging_mixin.py:137} INFO - [2023-03-12T13:16:43.897+0000] {dagbag.py:538} INFO - Filling up the DagBag from /home/airflow/.local/lib/python3.7/site-packages/airflow/example_dags/example_bash_operator.py
[2023-03-12T13:16:43.917+0000] {processor.py:753} INFO - DAG(s) dict_keys(['example_bash_operator']) retrieved from /home/airflow/.local/lib/python3.7/site-packages/airflow/example_dags/example_bash_operator.py
[2023-03-12T13:16:43.959+0000] {logging_mixin.py:137} INFO - [2023-03-12T13:16:43.959+0000] {dag.py:2690} INFO - Sync 1 DAGs
[2023-03-12T13:16:43.990+0000] {logging_mixin.py:137} INFO - [2023-03-12T13:16:43.990+0000] {dag.py:3441} INFO - Setting next_dagrun for example_bash_operator to 2023-03-11T00:00:00+00:00, run_after=2023-03-12T00:00:00+00:00
[2023-03-12T13:16:44.009+0000] {processor.py:175} INFO - Processing /home/airflow/.local/lib/python3.7/site-packages/airflow/example_dags/example_bash_operator.py took 0.117 seconds
[2023-03-12T13:17:14.861+0000] {processor.py:153} INFO - Started process (PID=277) to work on /home/airflow/.local/lib/python3.7/site-packages/airflow/example_dags/example_bash_operator.py
[2023-03-12T13:17:14.862+0000] {processor.py:743} INFO - Processing file /home/airflow/.local/lib/python3.7/site-packages/airflow/example_dags/example_bash_operator.py for tasks to queue
[2023-03-12T13:17:14.863+0000] {logging_mixin.py:137} INFO - [2023-03-12T13:17:14.862+0000] {dagbag.py:538} INFO - Filling up the DagBag from /home/airflow/.local/lib/python3.7/site-packages/airflow/example_dags/example_bash_operator.py
[2023-03-12T13:17:14.891+0000] {processor.py:753} INFO - DAG(s) dict_keys(['example_bash_operator']) retrieved from /home/airflow/.local/lib/python3.7/site-packages/airflow/example_dags/example_bash_operator.py
[2023-03-12T13:17:14.938+0000] {logging_mixin.py:137} INFO - [2023-03-12T13:17:14.938+0000] {dag.py:2690} INFO - Sync 1 DAGs
[2023-03-12T13:17:14.973+0000] {logging_mixin.py:137} INFO - [2023-03-12T13:17:14.972+0000] {dag.py:3441} INFO - Setting next_dagrun for example_bash_operator to 2023-03-11T00:00:00+00:00, run_after=2023-03-12T00:00:00+00:00
[2023-03-12T13:17:14.998+0000] {processor.py:175} INFO - Processing /home/airflow/.local/lib/python3.7/site-packages/airflow/example_dags/example_bash_operator.py took 0.140 seconds
[2023-03-12T13:17:45.394+0000] {processor.py:153} INFO - Started process (PID=392) to work on /home/airflow/.local/lib/python3.7/site-packages/airflow/example_dags/example_bash_operator.py
[2023-03-12T13:17:45.395+0000] {processor.py:743} INFO - Processing file /home/airflow/.local/lib/python3.7/site-packages/airflow/example_dags/example_bash_operator.py for tasks to queue
[2023-03-12T13:17:45.395+0000] {logging_mixin.py:137} INFO - [2023-03-12T13:17:45.395+0000] {dagbag.py:538} INFO - Filling up the DagBag from /home/airflow/.local/lib/python3.7/site-packages/airflow/example_dags/example_bash_operator.py
[2023-03-12T13:17:45.416+0000] {processor.py:753} INFO - DAG(s) dict_keys(['example_bash_operator']) retrieved from /home/airflow/.local/lib/python3.7/site-packages/airflow/example_dags/example_bash_operator.py
[2023-03-12T13:17:45.462+0000] {logging_mixin.py:137} INFO - [2023-03-12T13:17:45.461+0000] {dag.py:2690} INFO - Sync 1 DAGs
[2023-03-12T13:17:45.492+0000] {logging_mixin.py:137} INFO - [2023-03-12T13:17:45.491+0000] {dag.py:3441} INFO - Setting next_dagrun for example_bash_operator to 2023-03-11T00:00:00+00:00, run_after=2023-03-12T00:00:00+00:00
[2023-03-12T13:17:45.514+0000] {processor.py:175} INFO - Processing /home/airflow/.local/lib/python3.7/site-packages/airflow/example_dags/example_bash_operator.py took 0.124 seconds
[2023-03-12T13:18:15.840+0000] {processor.py:153} INFO - Started process (PID=490) to work on /home/airflow/.local/lib/python3.7/site-packages/airflow/example_dags/example_bash_operator.py
[2023-03-12T13:18:15.841+0000] {processor.py:743} INFO - Processing file /home/airflow/.local/lib/python3.7/site-packages/airflow/example_dags/example_bash_operator.py for tasks to queue
[2023-03-12T13:18:15.841+0000] {logging_mixin.py:137} INFO - [2023-03-12T13:18:15.841+0000] {dagbag.py:538} INFO - Filling up the DagBag from /home/airflow/.local/lib/python3.7/site-packages/airflow/example_dags/example_bash_operator.py
[2023-03-12T13:18:15.867+0000] {processor.py:753} INFO - DAG(s) dict_keys(['example_bash_operator']) retrieved from /home/airflow/.local/lib/python3.7/site-packages/airflow/example_dags/example_bash_operator.py
[2023-03-12T13:18:15.907+0000] {logging_mixin.py:137} INFO - [2023-03-12T13:18:15.907+0000] {dag.py:2690} INFO - Sync 1 DAGs
[2023-03-12T13:18:15.937+0000] {logging_mixin.py:137} INFO - [2023-03-12T13:18:15.937+0000] {dag.py:3441} INFO - Setting next_dagrun for example_bash_operator to 2023-03-11T00:00:00+00:00, run_after=2023-03-12T00:00:00+00:00
[2023-03-12T13:18:15.962+0000] {processor.py:175} INFO - Processing /home/airflow/.local/lib/python3.7/site-packages/airflow/example_dags/example_bash_operator.py took 0.125 seconds
[2023-03-12T13:18:46.857+0000] {processor.py:153} INFO - Started process (PID=587) to work on /home/airflow/.local/lib/python3.7/site-packages/airflow/example_dags/example_bash_operator.py
[2023-03-12T13:18:46.858+0000] {processor.py:743} INFO - Processing file /home/airflow/.local/lib/python3.7/site-packages/airflow/example_dags/example_bash_operator.py for tasks to queue
[2023-03-12T13:18:46.858+0000] {logging_mixin.py:137} INFO - [2023-03-12T13:18:46.858+0000] {dagbag.py:538} INFO - Filling up the DagBag from /home/airflow/.local/lib/python3.7/site-packages/airflow/example_dags/example_bash_operator.py
[2023-03-12T13:18:46.878+0000] {processor.py:753} INFO - DAG(s) dict_keys(['example_bash_operator']) retrieved from /home/airflow/.local/lib/python3.7/site-packages/airflow/example_dags/example_bash_operator.py
[2023-03-12T13:18:46.919+0000] {logging_mixin.py:137} INFO - [2023-03-12T13:18:46.918+0000] {dag.py:2690} INFO - Sync 1 DAGs
[2023-03-12T13:18:46.945+0000] {logging_mixin.py:137} INFO - [2023-03-12T13:18:46.945+0000] {dag.py:3441} INFO - Setting next_dagrun for example_bash_operator to 2023-03-11T00:00:00+00:00, run_after=2023-03-12T00:00:00+00:00
[2023-03-12T13:18:46.965+0000] {processor.py:175} INFO - Processing /home/airflow/.local/lib/python3.7/site-packages/airflow/example_dags/example_bash_operator.py took 0.111 seconds
[2023-03-12T13:19:17.076+0000] {processor.py:153} INFO - Started process (PID=699) to work on /home/airflow/.local/lib/python3.7/site-packages/airflow/example_dags/example_bash_operator.py
[2023-03-12T13:19:17.077+0000] {processor.py:743} INFO - Processing file /home/airflow/.local/lib/python3.7/site-packages/airflow/example_dags/example_bash_operator.py for tasks to queue
[2023-03-12T13:19:17.078+0000] {logging_mixin.py:137} INFO - [2023-03-12T13:19:17.077+0000] {dagbag.py:538} INFO - Filling up the DagBag from /home/airflow/.local/lib/python3.7/site-packages/airflow/example_dags/example_bash_operator.py
[2023-03-12T13:19:17.099+0000] {processor.py:753} INFO - DAG(s) dict_keys(['example_bash_operator']) retrieved from /home/airflow/.local/lib/python3.7/site-packages/airflow/example_dags/example_bash_operator.py
[2023-03-12T13:19:17.139+0000] {logging_mixin.py:137} INFO - [2023-03-12T13:19:17.139+0000] {dag.py:2690} INFO - Sync 1 DAGs
[2023-03-12T13:19:17.169+0000] {logging_mixin.py:137} INFO - [2023-03-12T13:19:17.169+0000] {dag.py:3441} INFO - Setting next_dagrun for example_bash_operator to 2023-03-11T00:00:00+00:00, run_after=2023-03-12T00:00:00+00:00
[2023-03-12T13:19:17.189+0000] {processor.py:175} INFO - Processing /home/airflow/.local/lib/python3.7/site-packages/airflow/example_dags/example_bash_operator.py took 0.116 seconds
