[2023-03-12T12:43:38.894+0000] {processor.py:153} INFO - Started process (PID=111) to work on /home/airflow/.local/lib/python3.7/site-packages/airflow/example_dags/example_skip_dag.py
[2023-03-12T12:43:38.895+0000] {processor.py:743} INFO - Processing file /home/airflow/.local/lib/python3.7/site-packages/airflow/example_dags/example_skip_dag.py for tasks to queue
[2023-03-12T12:43:38.895+0000] {logging_mixin.py:137} INFO - [2023-03-12T12:43:38.895+0000] {dagbag.py:538} INFO - Filling up the DagBag from /home/airflow/.local/lib/python3.7/site-packages/airflow/example_dags/example_skip_dag.py
[2023-03-12T12:43:38.910+0000] {processor.py:753} INFO - DAG(s) dict_keys(['example_skip_dag']) retrieved from /home/airflow/.local/lib/python3.7/site-packages/airflow/example_dags/example_skip_dag.py
[2023-03-12T12:43:38.923+0000] {logging_mixin.py:137} INFO - [2023-03-12T12:43:38.923+0000] {dag.py:2690} INFO - Sync 1 DAGs
[2023-03-12T12:43:38.958+0000] {logging_mixin.py:137} INFO - [2023-03-12T12:43:38.958+0000] {dag.py:3441} INFO - Setting next_dagrun for example_skip_dag to 2023-03-11T12:43:38.957875+00:00, run_after=2023-03-12T12:43:38.957875+00:00
[2023-03-12T12:43:38.988+0000] {processor.py:175} INFO - Processing /home/airflow/.local/lib/python3.7/site-packages/airflow/example_dags/example_skip_dag.py took 0.097 seconds
[2023-03-12T12:44:09.814+0000] {processor.py:153} INFO - Started process (PID=199) to work on /home/airflow/.local/lib/python3.7/site-packages/airflow/example_dags/example_skip_dag.py
[2023-03-12T12:44:09.815+0000] {processor.py:743} INFO - Processing file /home/airflow/.local/lib/python3.7/site-packages/airflow/example_dags/example_skip_dag.py for tasks to queue
[2023-03-12T12:44:09.815+0000] {logging_mixin.py:137} INFO - [2023-03-12T12:44:09.815+0000] {dagbag.py:538} INFO - Filling up the DagBag from /home/airflow/.local/lib/python3.7/site-packages/airflow/example_dags/example_skip_dag.py
[2023-03-12T12:44:09.828+0000] {processor.py:753} INFO - DAG(s) dict_keys(['example_skip_dag']) retrieved from /home/airflow/.local/lib/python3.7/site-packages/airflow/example_dags/example_skip_dag.py
[2023-03-12T12:44:09.856+0000] {logging_mixin.py:137} INFO - [2023-03-12T12:44:09.855+0000] {dag.py:2690} INFO - Sync 1 DAGs
[2023-03-12T12:44:09.884+0000] {logging_mixin.py:137} INFO - [2023-03-12T12:44:09.884+0000] {dag.py:3441} INFO - Setting next_dagrun for example_skip_dag to 2023-03-11T12:44:09.883927+00:00, run_after=2023-03-12T12:44:09.883927+00:00
[2023-03-12T12:44:09.905+0000] {processor.py:175} INFO - Processing /home/airflow/.local/lib/python3.7/site-packages/airflow/example_dags/example_skip_dag.py took 0.093 seconds
[2023-03-12T12:44:40.645+0000] {processor.py:153} INFO - Started process (PID=296) to work on /home/airflow/.local/lib/python3.7/site-packages/airflow/example_dags/example_skip_dag.py
[2023-03-12T12:44:40.646+0000] {processor.py:743} INFO - Processing file /home/airflow/.local/lib/python3.7/site-packages/airflow/example_dags/example_skip_dag.py for tasks to queue
[2023-03-12T12:44:40.646+0000] {logging_mixin.py:137} INFO - [2023-03-12T12:44:40.646+0000] {dagbag.py:538} INFO - Filling up the DagBag from /home/airflow/.local/lib/python3.7/site-packages/airflow/example_dags/example_skip_dag.py
[2023-03-12T12:44:40.661+0000] {processor.py:753} INFO - DAG(s) dict_keys(['example_skip_dag']) retrieved from /home/airflow/.local/lib/python3.7/site-packages/airflow/example_dags/example_skip_dag.py
[2023-03-12T12:44:40.687+0000] {logging_mixin.py:137} INFO - [2023-03-12T12:44:40.687+0000] {dag.py:2690} INFO - Sync 1 DAGs
[2023-03-12T12:44:40.715+0000] {logging_mixin.py:137} INFO - [2023-03-12T12:44:40.715+0000] {dag.py:3441} INFO - Setting next_dagrun for example_skip_dag to 2023-03-11T12:44:40.715254+00:00, run_after=2023-03-12T12:44:40.715254+00:00
[2023-03-12T12:44:40.735+0000] {processor.py:175} INFO - Processing /home/airflow/.local/lib/python3.7/site-packages/airflow/example_dags/example_skip_dag.py took 0.093 seconds
[2023-03-12T12:45:11.471+0000] {processor.py:153} INFO - Started process (PID=399) to work on /home/airflow/.local/lib/python3.7/site-packages/airflow/example_dags/example_skip_dag.py
[2023-03-12T12:45:11.472+0000] {processor.py:743} INFO - Processing file /home/airflow/.local/lib/python3.7/site-packages/airflow/example_dags/example_skip_dag.py for tasks to queue
[2023-03-12T12:45:11.472+0000] {logging_mixin.py:137} INFO - [2023-03-12T12:45:11.472+0000] {dagbag.py:538} INFO - Filling up the DagBag from /home/airflow/.local/lib/python3.7/site-packages/airflow/example_dags/example_skip_dag.py
[2023-03-12T12:45:11.485+0000] {processor.py:753} INFO - DAG(s) dict_keys(['example_skip_dag']) retrieved from /home/airflow/.local/lib/python3.7/site-packages/airflow/example_dags/example_skip_dag.py
[2023-03-12T12:45:11.508+0000] {logging_mixin.py:137} INFO - [2023-03-12T12:45:11.508+0000] {dag.py:2690} INFO - Sync 1 DAGs
[2023-03-12T12:45:11.533+0000] {logging_mixin.py:137} INFO - [2023-03-12T12:45:11.533+0000] {dag.py:3441} INFO - Setting next_dagrun for example_skip_dag to 2023-03-11T12:45:11.532782+00:00, run_after=2023-03-12T12:45:11.532782+00:00
[2023-03-12T12:45:11.554+0000] {processor.py:175} INFO - Processing /home/airflow/.local/lib/python3.7/site-packages/airflow/example_dags/example_skip_dag.py took 0.085 seconds
[2023-03-12T12:45:42.210+0000] {processor.py:153} INFO - Started process (PID=487) to work on /home/airflow/.local/lib/python3.7/site-packages/airflow/example_dags/example_skip_dag.py
[2023-03-12T12:45:42.211+0000] {processor.py:743} INFO - Processing file /home/airflow/.local/lib/python3.7/site-packages/airflow/example_dags/example_skip_dag.py for tasks to queue
[2023-03-12T12:45:42.211+0000] {logging_mixin.py:137} INFO - [2023-03-12T12:45:42.211+0000] {dagbag.py:538} INFO - Filling up the DagBag from /home/airflow/.local/lib/python3.7/site-packages/airflow/example_dags/example_skip_dag.py
[2023-03-12T12:45:42.224+0000] {processor.py:753} INFO - DAG(s) dict_keys(['example_skip_dag']) retrieved from /home/airflow/.local/lib/python3.7/site-packages/airflow/example_dags/example_skip_dag.py
[2023-03-12T12:45:42.252+0000] {logging_mixin.py:137} INFO - [2023-03-12T12:45:42.252+0000] {dag.py:2690} INFO - Sync 1 DAGs
[2023-03-12T12:45:42.279+0000] {logging_mixin.py:137} INFO - [2023-03-12T12:45:42.279+0000] {dag.py:3441} INFO - Setting next_dagrun for example_skip_dag to 2023-03-11T12:45:42.279364+00:00, run_after=2023-03-12T12:45:42.279364+00:00
[2023-03-12T12:45:42.298+0000] {processor.py:175} INFO - Processing /home/airflow/.local/lib/python3.7/site-packages/airflow/example_dags/example_skip_dag.py took 0.091 seconds
[2023-03-12T12:46:13.031+0000] {processor.py:153} INFO - Started process (PID=599) to work on /home/airflow/.local/lib/python3.7/site-packages/airflow/example_dags/example_skip_dag.py
[2023-03-12T12:46:13.032+0000] {processor.py:743} INFO - Processing file /home/airflow/.local/lib/python3.7/site-packages/airflow/example_dags/example_skip_dag.py for tasks to queue
[2023-03-12T12:46:13.033+0000] {logging_mixin.py:137} INFO - [2023-03-12T12:46:13.033+0000] {dagbag.py:538} INFO - Filling up the DagBag from /home/airflow/.local/lib/python3.7/site-packages/airflow/example_dags/example_skip_dag.py
[2023-03-12T12:46:13.046+0000] {processor.py:753} INFO - DAG(s) dict_keys(['example_skip_dag']) retrieved from /home/airflow/.local/lib/python3.7/site-packages/airflow/example_dags/example_skip_dag.py
[2023-03-12T12:46:13.077+0000] {logging_mixin.py:137} INFO - [2023-03-12T12:46:13.077+0000] {dag.py:2690} INFO - Sync 1 DAGs
[2023-03-12T12:46:13.105+0000] {logging_mixin.py:137} INFO - [2023-03-12T12:46:13.105+0000] {dag.py:3441} INFO - Setting next_dagrun for example_skip_dag to 2023-03-11T12:46:13.105023+00:00, run_after=2023-03-12T12:46:13.105023+00:00
[2023-03-12T12:46:13.123+0000] {processor.py:175} INFO - Processing /home/airflow/.local/lib/python3.7/site-packages/airflow/example_dags/example_skip_dag.py took 0.094 seconds
[2023-03-12T12:54:41.699+0000] {processor.py:153} INFO - Started process (PID=113) to work on /home/airflow/.local/lib/python3.7/site-packages/airflow/example_dags/example_skip_dag.py
[2023-03-12T12:54:41.700+0000] {processor.py:743} INFO - Processing file /home/airflow/.local/lib/python3.7/site-packages/airflow/example_dags/example_skip_dag.py for tasks to queue
[2023-03-12T12:54:41.701+0000] {logging_mixin.py:137} INFO - [2023-03-12T12:54:41.700+0000] {dagbag.py:538} INFO - Filling up the DagBag from /home/airflow/.local/lib/python3.7/site-packages/airflow/example_dags/example_skip_dag.py
[2023-03-12T12:54:41.717+0000] {processor.py:753} INFO - DAG(s) dict_keys(['example_skip_dag']) retrieved from /home/airflow/.local/lib/python3.7/site-packages/airflow/example_dags/example_skip_dag.py
[2023-03-12T12:54:41.730+0000] {logging_mixin.py:137} INFO - [2023-03-12T12:54:41.730+0000] {dag.py:2690} INFO - Sync 1 DAGs
[2023-03-12T12:54:41.761+0000] {logging_mixin.py:137} INFO - [2023-03-12T12:54:41.761+0000] {dag.py:3441} INFO - Setting next_dagrun for example_skip_dag to 2023-03-11T12:54:41.760943+00:00, run_after=2023-03-12T12:54:41.760943+00:00
[2023-03-12T12:54:41.781+0000] {processor.py:175} INFO - Processing /home/airflow/.local/lib/python3.7/site-packages/airflow/example_dags/example_skip_dag.py took 0.085 seconds
[2023-03-12T12:55:12.450+0000] {processor.py:153} INFO - Started process (PID=203) to work on /home/airflow/.local/lib/python3.7/site-packages/airflow/example_dags/example_skip_dag.py
[2023-03-12T12:55:12.460+0000] {processor.py:743} INFO - Processing file /home/airflow/.local/lib/python3.7/site-packages/airflow/example_dags/example_skip_dag.py for tasks to queue
[2023-03-12T12:55:12.460+0000] {logging_mixin.py:137} INFO - [2023-03-12T12:55:12.460+0000] {dagbag.py:538} INFO - Filling up the DagBag from /home/airflow/.local/lib/python3.7/site-packages/airflow/example_dags/example_skip_dag.py
[2023-03-12T12:55:12.473+0000] {processor.py:753} INFO - DAG(s) dict_keys(['example_skip_dag']) retrieved from /home/airflow/.local/lib/python3.7/site-packages/airflow/example_dags/example_skip_dag.py
[2023-03-12T12:55:12.496+0000] {logging_mixin.py:137} INFO - [2023-03-12T12:55:12.496+0000] {dag.py:2690} INFO - Sync 1 DAGs
[2023-03-12T12:55:12.521+0000] {logging_mixin.py:137} INFO - [2023-03-12T12:55:12.521+0000] {dag.py:3441} INFO - Setting next_dagrun for example_skip_dag to 2023-03-11T12:55:12.520822+00:00, run_after=2023-03-12T12:55:12.520822+00:00
[2023-03-12T12:55:12.541+0000] {processor.py:175} INFO - Processing /home/airflow/.local/lib/python3.7/site-packages/airflow/example_dags/example_skip_dag.py took 0.095 seconds
[2023-03-12T12:55:43.180+0000] {processor.py:153} INFO - Started process (PID=302) to work on /home/airflow/.local/lib/python3.7/site-packages/airflow/example_dags/example_skip_dag.py
[2023-03-12T12:55:43.180+0000] {processor.py:743} INFO - Processing file /home/airflow/.local/lib/python3.7/site-packages/airflow/example_dags/example_skip_dag.py for tasks to queue
[2023-03-12T12:55:43.181+0000] {logging_mixin.py:137} INFO - [2023-03-12T12:55:43.181+0000] {dagbag.py:538} INFO - Filling up the DagBag from /home/airflow/.local/lib/python3.7/site-packages/airflow/example_dags/example_skip_dag.py
[2023-03-12T12:55:43.193+0000] {processor.py:753} INFO - DAG(s) dict_keys(['example_skip_dag']) retrieved from /home/airflow/.local/lib/python3.7/site-packages/airflow/example_dags/example_skip_dag.py
[2023-03-12T12:55:43.217+0000] {logging_mixin.py:137} INFO - [2023-03-12T12:55:43.217+0000] {dag.py:2690} INFO - Sync 1 DAGs
[2023-03-12T12:55:43.244+0000] {logging_mixin.py:137} INFO - [2023-03-12T12:55:43.243+0000] {dag.py:3441} INFO - Setting next_dagrun for example_skip_dag to 2023-03-11T12:55:43.243596+00:00, run_after=2023-03-12T12:55:43.243596+00:00
[2023-03-12T12:55:43.264+0000] {processor.py:175} INFO - Processing /home/airflow/.local/lib/python3.7/site-packages/airflow/example_dags/example_skip_dag.py took 0.087 seconds
[2023-03-12T12:56:13.596+0000] {processor.py:153} INFO - Started process (PID=407) to work on /home/airflow/.local/lib/python3.7/site-packages/airflow/example_dags/example_skip_dag.py
[2023-03-12T12:56:13.597+0000] {processor.py:743} INFO - Processing file /home/airflow/.local/lib/python3.7/site-packages/airflow/example_dags/example_skip_dag.py for tasks to queue
[2023-03-12T12:56:13.598+0000] {logging_mixin.py:137} INFO - [2023-03-12T12:56:13.598+0000] {dagbag.py:538} INFO - Filling up the DagBag from /home/airflow/.local/lib/python3.7/site-packages/airflow/example_dags/example_skip_dag.py
[2023-03-12T12:56:13.610+0000] {processor.py:753} INFO - DAG(s) dict_keys(['example_skip_dag']) retrieved from /home/airflow/.local/lib/python3.7/site-packages/airflow/example_dags/example_skip_dag.py
[2023-03-12T12:56:13.635+0000] {logging_mixin.py:137} INFO - [2023-03-12T12:56:13.635+0000] {dag.py:2690} INFO - Sync 1 DAGs
[2023-03-12T12:56:13.660+0000] {logging_mixin.py:137} INFO - [2023-03-12T12:56:13.660+0000] {dag.py:3441} INFO - Setting next_dagrun for example_skip_dag to 2023-03-11T12:56:13.660470+00:00, run_after=2023-03-12T12:56:13.660470+00:00
[2023-03-12T12:56:13.678+0000] {processor.py:175} INFO - Processing /home/airflow/.local/lib/python3.7/site-packages/airflow/example_dags/example_skip_dag.py took 0.084 seconds
[2023-03-12T12:56:44.448+0000] {processor.py:153} INFO - Started process (PID=497) to work on /home/airflow/.local/lib/python3.7/site-packages/airflow/example_dags/example_skip_dag.py
[2023-03-12T12:56:44.449+0000] {processor.py:743} INFO - Processing file /home/airflow/.local/lib/python3.7/site-packages/airflow/example_dags/example_skip_dag.py for tasks to queue
[2023-03-12T12:56:44.450+0000] {logging_mixin.py:137} INFO - [2023-03-12T12:56:44.449+0000] {dagbag.py:538} INFO - Filling up the DagBag from /home/airflow/.local/lib/python3.7/site-packages/airflow/example_dags/example_skip_dag.py
[2023-03-12T12:56:44.464+0000] {processor.py:753} INFO - DAG(s) dict_keys(['example_skip_dag']) retrieved from /home/airflow/.local/lib/python3.7/site-packages/airflow/example_dags/example_skip_dag.py
[2023-03-12T12:56:44.489+0000] {logging_mixin.py:137} INFO - [2023-03-12T12:56:44.489+0000] {dag.py:2690} INFO - Sync 1 DAGs
[2023-03-12T12:56:44.514+0000] {logging_mixin.py:137} INFO - [2023-03-12T12:56:44.514+0000] {dag.py:3441} INFO - Setting next_dagrun for example_skip_dag to 2023-03-11T12:56:44.514526+00:00, run_after=2023-03-12T12:56:44.514526+00:00
[2023-03-12T12:56:44.533+0000] {processor.py:175} INFO - Processing /home/airflow/.local/lib/python3.7/site-packages/airflow/example_dags/example_skip_dag.py took 0.088 seconds
[2023-03-12T12:57:15.321+0000] {processor.py:153} INFO - Started process (PID=611) to work on /home/airflow/.local/lib/python3.7/site-packages/airflow/example_dags/example_skip_dag.py
[2023-03-12T12:57:15.321+0000] {processor.py:743} INFO - Processing file /home/airflow/.local/lib/python3.7/site-packages/airflow/example_dags/example_skip_dag.py for tasks to queue
[2023-03-12T12:57:15.322+0000] {logging_mixin.py:137} INFO - [2023-03-12T12:57:15.322+0000] {dagbag.py:538} INFO - Filling up the DagBag from /home/airflow/.local/lib/python3.7/site-packages/airflow/example_dags/example_skip_dag.py
[2023-03-12T12:57:15.334+0000] {processor.py:753} INFO - DAG(s) dict_keys(['example_skip_dag']) retrieved from /home/airflow/.local/lib/python3.7/site-packages/airflow/example_dags/example_skip_dag.py
[2023-03-12T12:57:15.359+0000] {logging_mixin.py:137} INFO - [2023-03-12T12:57:15.359+0000] {dag.py:2690} INFO - Sync 1 DAGs
[2023-03-12T12:57:15.384+0000] {logging_mixin.py:137} INFO - [2023-03-12T12:57:15.383+0000] {dag.py:3441} INFO - Setting next_dagrun for example_skip_dag to 2023-03-11T12:57:15.383704+00:00, run_after=2023-03-12T12:57:15.383704+00:00
[2023-03-12T12:57:15.401+0000] {processor.py:175} INFO - Processing /home/airflow/.local/lib/python3.7/site-packages/airflow/example_dags/example_skip_dag.py took 0.083 seconds
[2023-03-12T12:57:46.087+0000] {processor.py:153} INFO - Started process (PID=701) to work on /home/airflow/.local/lib/python3.7/site-packages/airflow/example_dags/example_skip_dag.py
[2023-03-12T12:57:46.088+0000] {processor.py:743} INFO - Processing file /home/airflow/.local/lib/python3.7/site-packages/airflow/example_dags/example_skip_dag.py for tasks to queue
[2023-03-12T12:57:46.088+0000] {logging_mixin.py:137} INFO - [2023-03-12T12:57:46.088+0000] {dagbag.py:538} INFO - Filling up the DagBag from /home/airflow/.local/lib/python3.7/site-packages/airflow/example_dags/example_skip_dag.py
[2023-03-12T12:57:46.101+0000] {processor.py:753} INFO - DAG(s) dict_keys(['example_skip_dag']) retrieved from /home/airflow/.local/lib/python3.7/site-packages/airflow/example_dags/example_skip_dag.py
[2023-03-12T12:57:46.126+0000] {logging_mixin.py:137} INFO - [2023-03-12T12:57:46.126+0000] {dag.py:2690} INFO - Sync 1 DAGs
[2023-03-12T12:57:46.157+0000] {logging_mixin.py:137} INFO - [2023-03-12T12:57:46.157+0000] {dag.py:3441} INFO - Setting next_dagrun for example_skip_dag to 2023-03-11T12:57:46.157456+00:00, run_after=2023-03-12T12:57:46.157456+00:00
[2023-03-12T12:57:46.180+0000] {processor.py:175} INFO - Processing /home/airflow/.local/lib/python3.7/site-packages/airflow/example_dags/example_skip_dag.py took 0.096 seconds
[2023-03-12T12:58:17.638+0000] {processor.py:153} INFO - Started process (PID=815) to work on /home/airflow/.local/lib/python3.7/site-packages/airflow/example_dags/example_skip_dag.py
[2023-03-12T12:58:17.639+0000] {processor.py:743} INFO - Processing file /home/airflow/.local/lib/python3.7/site-packages/airflow/example_dags/example_skip_dag.py for tasks to queue
[2023-03-12T12:58:17.639+0000] {logging_mixin.py:137} INFO - [2023-03-12T12:58:17.639+0000] {dagbag.py:538} INFO - Filling up the DagBag from /home/airflow/.local/lib/python3.7/site-packages/airflow/example_dags/example_skip_dag.py
[2023-03-12T12:58:17.657+0000] {processor.py:753} INFO - DAG(s) dict_keys(['example_skip_dag']) retrieved from /home/airflow/.local/lib/python3.7/site-packages/airflow/example_dags/example_skip_dag.py
[2023-03-12T12:58:17.687+0000] {logging_mixin.py:137} INFO - [2023-03-12T12:58:17.687+0000] {dag.py:2690} INFO - Sync 1 DAGs
[2023-03-12T12:58:17.713+0000] {logging_mixin.py:137} INFO - [2023-03-12T12:58:17.712+0000] {dag.py:3441} INFO - Setting next_dagrun for example_skip_dag to 2023-03-11T12:58:17.712515+00:00, run_after=2023-03-12T12:58:17.712515+00:00
[2023-03-12T12:58:17.733+0000] {processor.py:175} INFO - Processing /home/airflow/.local/lib/python3.7/site-packages/airflow/example_dags/example_skip_dag.py took 0.098 seconds
[2023-03-12T13:00:37.568+0000] {processor.py:153} INFO - Started process (PID=113) to work on /home/airflow/.local/lib/python3.7/site-packages/airflow/example_dags/example_skip_dag.py
[2023-03-12T13:00:37.569+0000] {processor.py:743} INFO - Processing file /home/airflow/.local/lib/python3.7/site-packages/airflow/example_dags/example_skip_dag.py for tasks to queue
[2023-03-12T13:00:37.570+0000] {logging_mixin.py:137} INFO - [2023-03-12T13:00:37.570+0000] {dagbag.py:538} INFO - Filling up the DagBag from /home/airflow/.local/lib/python3.7/site-packages/airflow/example_dags/example_skip_dag.py
[2023-03-12T13:00:37.590+0000] {processor.py:753} INFO - DAG(s) dict_keys(['example_skip_dag']) retrieved from /home/airflow/.local/lib/python3.7/site-packages/airflow/example_dags/example_skip_dag.py
[2023-03-12T13:00:37.605+0000] {logging_mixin.py:137} INFO - [2023-03-12T13:00:37.605+0000] {dag.py:2690} INFO - Sync 1 DAGs
[2023-03-12T13:00:37.635+0000] {logging_mixin.py:137} INFO - [2023-03-12T13:00:37.634+0000] {dag.py:3441} INFO - Setting next_dagrun for example_skip_dag to 2023-03-11T13:00:37.634547+00:00, run_after=2023-03-12T13:00:37.634547+00:00
[2023-03-12T13:00:37.660+0000] {processor.py:175} INFO - Processing /home/airflow/.local/lib/python3.7/site-packages/airflow/example_dags/example_skip_dag.py took 0.096 seconds
[2023-03-12T13:01:08.432+0000] {processor.py:153} INFO - Started process (PID=203) to work on /home/airflow/.local/lib/python3.7/site-packages/airflow/example_dags/example_skip_dag.py
[2023-03-12T13:01:08.433+0000] {processor.py:743} INFO - Processing file /home/airflow/.local/lib/python3.7/site-packages/airflow/example_dags/example_skip_dag.py for tasks to queue
[2023-03-12T13:01:08.434+0000] {logging_mixin.py:137} INFO - [2023-03-12T13:01:08.434+0000] {dagbag.py:538} INFO - Filling up the DagBag from /home/airflow/.local/lib/python3.7/site-packages/airflow/example_dags/example_skip_dag.py
[2023-03-12T13:01:08.448+0000] {processor.py:753} INFO - DAG(s) dict_keys(['example_skip_dag']) retrieved from /home/airflow/.local/lib/python3.7/site-packages/airflow/example_dags/example_skip_dag.py
[2023-03-12T13:01:08.478+0000] {logging_mixin.py:137} INFO - [2023-03-12T13:01:08.478+0000] {dag.py:2690} INFO - Sync 1 DAGs
[2023-03-12T13:01:08.505+0000] {logging_mixin.py:137} INFO - [2023-03-12T13:01:08.505+0000] {dag.py:3441} INFO - Setting next_dagrun for example_skip_dag to 2023-03-11T13:01:08.505064+00:00, run_after=2023-03-12T13:01:08.505064+00:00
[2023-03-12T13:01:08.525+0000] {processor.py:175} INFO - Processing /home/airflow/.local/lib/python3.7/site-packages/airflow/example_dags/example_skip_dag.py took 0.096 seconds
[2023-03-12T13:01:39.705+0000] {processor.py:153} INFO - Started process (PID=302) to work on /home/airflow/.local/lib/python3.7/site-packages/airflow/example_dags/example_skip_dag.py
[2023-03-12T13:01:39.706+0000] {processor.py:743} INFO - Processing file /home/airflow/.local/lib/python3.7/site-packages/airflow/example_dags/example_skip_dag.py for tasks to queue
[2023-03-12T13:01:39.707+0000] {logging_mixin.py:137} INFO - [2023-03-12T13:01:39.707+0000] {dagbag.py:538} INFO - Filling up the DagBag from /home/airflow/.local/lib/python3.7/site-packages/airflow/example_dags/example_skip_dag.py
[2023-03-12T13:01:39.722+0000] {processor.py:753} INFO - DAG(s) dict_keys(['example_skip_dag']) retrieved from /home/airflow/.local/lib/python3.7/site-packages/airflow/example_dags/example_skip_dag.py
[2023-03-12T13:01:39.747+0000] {logging_mixin.py:137} INFO - [2023-03-12T13:01:39.747+0000] {dag.py:2690} INFO - Sync 1 DAGs
[2023-03-12T13:01:39.778+0000] {logging_mixin.py:137} INFO - [2023-03-12T13:01:39.777+0000] {dag.py:3441} INFO - Setting next_dagrun for example_skip_dag to 2023-03-11T13:01:39.777697+00:00, run_after=2023-03-12T13:01:39.777697+00:00
[2023-03-12T13:01:39.798+0000] {processor.py:175} INFO - Processing /home/airflow/.local/lib/python3.7/site-packages/airflow/example_dags/example_skip_dag.py took 0.096 seconds
[2023-03-12T13:02:10.713+0000] {processor.py:153} INFO - Started process (PID=407) to work on /home/airflow/.local/lib/python3.7/site-packages/airflow/example_dags/example_skip_dag.py
[2023-03-12T13:02:10.714+0000] {processor.py:743} INFO - Processing file /home/airflow/.local/lib/python3.7/site-packages/airflow/example_dags/example_skip_dag.py for tasks to queue
[2023-03-12T13:02:10.715+0000] {logging_mixin.py:137} INFO - [2023-03-12T13:02:10.715+0000] {dagbag.py:538} INFO - Filling up the DagBag from /home/airflow/.local/lib/python3.7/site-packages/airflow/example_dags/example_skip_dag.py
[2023-03-12T13:02:10.729+0000] {processor.py:753} INFO - DAG(s) dict_keys(['example_skip_dag']) retrieved from /home/airflow/.local/lib/python3.7/site-packages/airflow/example_dags/example_skip_dag.py
[2023-03-12T13:02:10.756+0000] {logging_mixin.py:137} INFO - [2023-03-12T13:02:10.756+0000] {dag.py:2690} INFO - Sync 1 DAGs
[2023-03-12T13:02:10.781+0000] {logging_mixin.py:137} INFO - [2023-03-12T13:02:10.781+0000] {dag.py:3441} INFO - Setting next_dagrun for example_skip_dag to 2023-03-11T13:02:10.781475+00:00, run_after=2023-03-12T13:02:10.781475+00:00
[2023-03-12T13:02:10.801+0000] {processor.py:175} INFO - Processing /home/airflow/.local/lib/python3.7/site-packages/airflow/example_dags/example_skip_dag.py took 0.092 seconds
[2023-03-12T13:02:41.665+0000] {processor.py:153} INFO - Started process (PID=497) to work on /home/airflow/.local/lib/python3.7/site-packages/airflow/example_dags/example_skip_dag.py
[2023-03-12T13:02:41.666+0000] {processor.py:743} INFO - Processing file /home/airflow/.local/lib/python3.7/site-packages/airflow/example_dags/example_skip_dag.py for tasks to queue
[2023-03-12T13:02:41.666+0000] {logging_mixin.py:137} INFO - [2023-03-12T13:02:41.666+0000] {dagbag.py:538} INFO - Filling up the DagBag from /home/airflow/.local/lib/python3.7/site-packages/airflow/example_dags/example_skip_dag.py
[2023-03-12T13:02:41.679+0000] {processor.py:753} INFO - DAG(s) dict_keys(['example_skip_dag']) retrieved from /home/airflow/.local/lib/python3.7/site-packages/airflow/example_dags/example_skip_dag.py
[2023-03-12T13:02:41.702+0000] {logging_mixin.py:137} INFO - [2023-03-12T13:02:41.702+0000] {dag.py:2690} INFO - Sync 1 DAGs
[2023-03-12T13:02:41.728+0000] {logging_mixin.py:137} INFO - [2023-03-12T13:02:41.728+0000] {dag.py:3441} INFO - Setting next_dagrun for example_skip_dag to 2023-03-11T13:02:41.728204+00:00, run_after=2023-03-12T13:02:41.728204+00:00
[2023-03-12T13:02:41.751+0000] {processor.py:175} INFO - Processing /home/airflow/.local/lib/python3.7/site-packages/airflow/example_dags/example_skip_dag.py took 0.088 seconds
[2023-03-12T13:03:12.486+0000] {processor.py:153} INFO - Started process (PID=611) to work on /home/airflow/.local/lib/python3.7/site-packages/airflow/example_dags/example_skip_dag.py
[2023-03-12T13:03:12.487+0000] {processor.py:743} INFO - Processing file /home/airflow/.local/lib/python3.7/site-packages/airflow/example_dags/example_skip_dag.py for tasks to queue
[2023-03-12T13:03:12.487+0000] {logging_mixin.py:137} INFO - [2023-03-12T13:03:12.487+0000] {dagbag.py:538} INFO - Filling up the DagBag from /home/airflow/.local/lib/python3.7/site-packages/airflow/example_dags/example_skip_dag.py
[2023-03-12T13:03:12.501+0000] {processor.py:753} INFO - DAG(s) dict_keys(['example_skip_dag']) retrieved from /home/airflow/.local/lib/python3.7/site-packages/airflow/example_dags/example_skip_dag.py
[2023-03-12T13:03:12.526+0000] {logging_mixin.py:137} INFO - [2023-03-12T13:03:12.526+0000] {dag.py:2690} INFO - Sync 1 DAGs
[2023-03-12T13:03:12.555+0000] {logging_mixin.py:137} INFO - [2023-03-12T13:03:12.555+0000] {dag.py:3441} INFO - Setting next_dagrun for example_skip_dag to 2023-03-11T13:03:12.555060+00:00, run_after=2023-03-12T13:03:12.555060+00:00
[2023-03-12T13:03:12.575+0000] {processor.py:175} INFO - Processing /home/airflow/.local/lib/python3.7/site-packages/airflow/example_dags/example_skip_dag.py took 0.093 seconds
[2023-03-12T13:03:43.258+0000] {processor.py:153} INFO - Started process (PID=701) to work on /home/airflow/.local/lib/python3.7/site-packages/airflow/example_dags/example_skip_dag.py
[2023-03-12T13:03:43.259+0000] {processor.py:743} INFO - Processing file /home/airflow/.local/lib/python3.7/site-packages/airflow/example_dags/example_skip_dag.py for tasks to queue
[2023-03-12T13:03:43.259+0000] {logging_mixin.py:137} INFO - [2023-03-12T13:03:43.259+0000] {dagbag.py:538} INFO - Filling up the DagBag from /home/airflow/.local/lib/python3.7/site-packages/airflow/example_dags/example_skip_dag.py
[2023-03-12T13:03:43.273+0000] {processor.py:753} INFO - DAG(s) dict_keys(['example_skip_dag']) retrieved from /home/airflow/.local/lib/python3.7/site-packages/airflow/example_dags/example_skip_dag.py
[2023-03-12T13:03:43.298+0000] {logging_mixin.py:137} INFO - [2023-03-12T13:03:43.298+0000] {dag.py:2690} INFO - Sync 1 DAGs
[2023-03-12T13:03:43.326+0000] {logging_mixin.py:137} INFO - [2023-03-12T13:03:43.326+0000] {dag.py:3441} INFO - Setting next_dagrun for example_skip_dag to 2023-03-11T13:03:43.325791+00:00, run_after=2023-03-12T13:03:43.325791+00:00
[2023-03-12T13:03:43.345+0000] {processor.py:175} INFO - Processing /home/airflow/.local/lib/python3.7/site-packages/airflow/example_dags/example_skip_dag.py took 0.091 seconds
[2023-03-12T13:04:14.082+0000] {processor.py:153} INFO - Started process (PID=815) to work on /home/airflow/.local/lib/python3.7/site-packages/airflow/example_dags/example_skip_dag.py
[2023-03-12T13:04:14.083+0000] {processor.py:743} INFO - Processing file /home/airflow/.local/lib/python3.7/site-packages/airflow/example_dags/example_skip_dag.py for tasks to queue
[2023-03-12T13:04:14.084+0000] {logging_mixin.py:137} INFO - [2023-03-12T13:04:14.084+0000] {dagbag.py:538} INFO - Filling up the DagBag from /home/airflow/.local/lib/python3.7/site-packages/airflow/example_dags/example_skip_dag.py
[2023-03-12T13:04:14.097+0000] {processor.py:753} INFO - DAG(s) dict_keys(['example_skip_dag']) retrieved from /home/airflow/.local/lib/python3.7/site-packages/airflow/example_dags/example_skip_dag.py
[2023-03-12T13:04:14.123+0000] {logging_mixin.py:137} INFO - [2023-03-12T13:04:14.122+0000] {dag.py:2690} INFO - Sync 1 DAGs
[2023-03-12T13:04:14.153+0000] {logging_mixin.py:137} INFO - [2023-03-12T13:04:14.153+0000] {dag.py:3441} INFO - Setting next_dagrun for example_skip_dag to 2023-03-11T13:04:14.152763+00:00, run_after=2023-03-12T13:04:14.152763+00:00
[2023-03-12T13:04:14.172+0000] {processor.py:175} INFO - Processing /home/airflow/.local/lib/python3.7/site-packages/airflow/example_dags/example_skip_dag.py took 0.093 seconds
[2023-03-12T13:04:44.870+0000] {processor.py:153} INFO - Started process (PID=905) to work on /home/airflow/.local/lib/python3.7/site-packages/airflow/example_dags/example_skip_dag.py
[2023-03-12T13:04:44.871+0000] {processor.py:743} INFO - Processing file /home/airflow/.local/lib/python3.7/site-packages/airflow/example_dags/example_skip_dag.py for tasks to queue
[2023-03-12T13:04:44.871+0000] {logging_mixin.py:137} INFO - [2023-03-12T13:04:44.871+0000] {dagbag.py:538} INFO - Filling up the DagBag from /home/airflow/.local/lib/python3.7/site-packages/airflow/example_dags/example_skip_dag.py
[2023-03-12T13:04:44.883+0000] {processor.py:753} INFO - DAG(s) dict_keys(['example_skip_dag']) retrieved from /home/airflow/.local/lib/python3.7/site-packages/airflow/example_dags/example_skip_dag.py
[2023-03-12T13:04:44.906+0000] {logging_mixin.py:137} INFO - [2023-03-12T13:04:44.906+0000] {dag.py:2690} INFO - Sync 1 DAGs
[2023-03-12T13:04:44.930+0000] {logging_mixin.py:137} INFO - [2023-03-12T13:04:44.930+0000] {dag.py:3441} INFO - Setting next_dagrun for example_skip_dag to 2023-03-11T13:04:44.930523+00:00, run_after=2023-03-12T13:04:44.930523+00:00
[2023-03-12T13:04:44.957+0000] {processor.py:175} INFO - Processing /home/airflow/.local/lib/python3.7/site-packages/airflow/example_dags/example_skip_dag.py took 0.090 seconds
[2023-03-12T13:05:15.825+0000] {processor.py:153} INFO - Started process (PID=1003) to work on /home/airflow/.local/lib/python3.7/site-packages/airflow/example_dags/example_skip_dag.py
[2023-03-12T13:05:15.826+0000] {processor.py:743} INFO - Processing file /home/airflow/.local/lib/python3.7/site-packages/airflow/example_dags/example_skip_dag.py for tasks to queue
[2023-03-12T13:05:15.827+0000] {logging_mixin.py:137} INFO - [2023-03-12T13:05:15.827+0000] {dagbag.py:538} INFO - Filling up the DagBag from /home/airflow/.local/lib/python3.7/site-packages/airflow/example_dags/example_skip_dag.py
[2023-03-12T13:05:15.856+0000] {processor.py:753} INFO - DAG(s) dict_keys(['example_skip_dag']) retrieved from /home/airflow/.local/lib/python3.7/site-packages/airflow/example_dags/example_skip_dag.py
[2023-03-12T13:05:15.928+0000] {logging_mixin.py:137} INFO - [2023-03-12T13:05:15.927+0000] {dag.py:2690} INFO - Sync 1 DAGs
[2023-03-12T13:05:15.983+0000] {logging_mixin.py:137} INFO - [2023-03-12T13:05:15.982+0000] {dag.py:3441} INFO - Setting next_dagrun for example_skip_dag to 2023-03-11T13:05:15.982399+00:00, run_after=2023-03-12T13:05:15.982399+00:00
[2023-03-12T13:05:16.016+0000] {processor.py:175} INFO - Processing /home/airflow/.local/lib/python3.7/site-packages/airflow/example_dags/example_skip_dag.py took 0.196 seconds
[2023-03-12T13:05:46.288+0000] {processor.py:153} INFO - Started process (PID=1110) to work on /home/airflow/.local/lib/python3.7/site-packages/airflow/example_dags/example_skip_dag.py
[2023-03-12T13:05:46.289+0000] {processor.py:743} INFO - Processing file /home/airflow/.local/lib/python3.7/site-packages/airflow/example_dags/example_skip_dag.py for tasks to queue
[2023-03-12T13:05:46.290+0000] {logging_mixin.py:137} INFO - [2023-03-12T13:05:46.290+0000] {dagbag.py:538} INFO - Filling up the DagBag from /home/airflow/.local/lib/python3.7/site-packages/airflow/example_dags/example_skip_dag.py
[2023-03-12T13:05:46.303+0000] {processor.py:753} INFO - DAG(s) dict_keys(['example_skip_dag']) retrieved from /home/airflow/.local/lib/python3.7/site-packages/airflow/example_dags/example_skip_dag.py
[2023-03-12T13:05:46.328+0000] {logging_mixin.py:137} INFO - [2023-03-12T13:05:46.328+0000] {dag.py:2690} INFO - Sync 1 DAGs
[2023-03-12T13:05:46.356+0000] {logging_mixin.py:137} INFO - [2023-03-12T13:05:46.356+0000] {dag.py:3441} INFO - Setting next_dagrun for example_skip_dag to 2023-03-11T13:05:46.356431+00:00, run_after=2023-03-12T13:05:46.356431+00:00
[2023-03-12T13:05:46.375+0000] {processor.py:175} INFO - Processing /home/airflow/.local/lib/python3.7/site-packages/airflow/example_dags/example_skip_dag.py took 0.089 seconds
[2023-03-12T13:06:16.572+0000] {processor.py:153} INFO - Started process (PID=1200) to work on /home/airflow/.local/lib/python3.7/site-packages/airflow/example_dags/example_skip_dag.py
[2023-03-12T13:06:16.573+0000] {processor.py:743} INFO - Processing file /home/airflow/.local/lib/python3.7/site-packages/airflow/example_dags/example_skip_dag.py for tasks to queue
[2023-03-12T13:06:16.574+0000] {logging_mixin.py:137} INFO - [2023-03-12T13:06:16.574+0000] {dagbag.py:538} INFO - Filling up the DagBag from /home/airflow/.local/lib/python3.7/site-packages/airflow/example_dags/example_skip_dag.py
[2023-03-12T13:06:16.590+0000] {processor.py:753} INFO - DAG(s) dict_keys(['example_skip_dag']) retrieved from /home/airflow/.local/lib/python3.7/site-packages/airflow/example_dags/example_skip_dag.py
[2023-03-12T13:06:16.618+0000] {logging_mixin.py:137} INFO - [2023-03-12T13:06:16.618+0000] {dag.py:2690} INFO - Sync 1 DAGs
[2023-03-12T13:06:16.652+0000] {logging_mixin.py:137} INFO - [2023-03-12T13:06:16.652+0000] {dag.py:3441} INFO - Setting next_dagrun for example_skip_dag to 2023-03-11T13:06:16.652348+00:00, run_after=2023-03-12T13:06:16.652348+00:00
[2023-03-12T13:06:16.677+0000] {processor.py:175} INFO - Processing /home/airflow/.local/lib/python3.7/site-packages/airflow/example_dags/example_skip_dag.py took 0.108 seconds
[2023-03-12T13:06:47.333+0000] {processor.py:153} INFO - Started process (PID=1324) to work on /home/airflow/.local/lib/python3.7/site-packages/airflow/example_dags/example_skip_dag.py
[2023-03-12T13:06:47.334+0000] {processor.py:743} INFO - Processing file /home/airflow/.local/lib/python3.7/site-packages/airflow/example_dags/example_skip_dag.py for tasks to queue
[2023-03-12T13:06:47.334+0000] {logging_mixin.py:137} INFO - [2023-03-12T13:06:47.334+0000] {dagbag.py:538} INFO - Filling up the DagBag from /home/airflow/.local/lib/python3.7/site-packages/airflow/example_dags/example_skip_dag.py
[2023-03-12T13:06:47.347+0000] {processor.py:753} INFO - DAG(s) dict_keys(['example_skip_dag']) retrieved from /home/airflow/.local/lib/python3.7/site-packages/airflow/example_dags/example_skip_dag.py
[2023-03-12T13:06:47.375+0000] {logging_mixin.py:137} INFO - [2023-03-12T13:06:47.375+0000] {dag.py:2690} INFO - Sync 1 DAGs
[2023-03-12T13:06:47.402+0000] {logging_mixin.py:137} INFO - [2023-03-12T13:06:47.401+0000] {dag.py:3441} INFO - Setting next_dagrun for example_skip_dag to 2023-03-11T13:06:47.401729+00:00, run_after=2023-03-12T13:06:47.401729+00:00
[2023-03-12T13:06:47.420+0000] {processor.py:175} INFO - Processing /home/airflow/.local/lib/python3.7/site-packages/airflow/example_dags/example_skip_dag.py took 0.090 seconds
[2023-03-12T13:07:05.769+0000] {processor.py:153} INFO - Started process (PID=98) to work on /home/airflow/.local/lib/python3.7/site-packages/airflow/example_dags/example_skip_dag.py
[2023-03-12T13:07:05.849+0000] {processor.py:743} INFO - Processing file /home/airflow/.local/lib/python3.7/site-packages/airflow/example_dags/example_skip_dag.py for tasks to queue
[2023-03-12T13:07:05.857+0000] {logging_mixin.py:137} INFO - [2023-03-12T13:07:05.856+0000] {dagbag.py:538} INFO - Filling up the DagBag from /home/airflow/.local/lib/python3.7/site-packages/airflow/example_dags/example_skip_dag.py
[2023-03-12T13:07:05.875+0000] {processor.py:753} INFO - DAG(s) dict_keys(['example_skip_dag']) retrieved from /home/airflow/.local/lib/python3.7/site-packages/airflow/example_dags/example_skip_dag.py
[2023-03-12T13:07:05.888+0000] {logging_mixin.py:137} INFO - [2023-03-12T13:07:05.887+0000] {dag.py:2690} INFO - Sync 1 DAGs
[2023-03-12T13:07:05.984+0000] {logging_mixin.py:137} INFO - [2023-03-12T13:07:05.984+0000] {dag.py:3441} INFO - Setting next_dagrun for example_skip_dag to 2023-03-11T13:07:05.984426+00:00, run_after=2023-03-12T13:07:05.984426+00:00
[2023-03-12T13:07:06.067+0000] {processor.py:175} INFO - Processing /home/airflow/.local/lib/python3.7/site-packages/airflow/example_dags/example_skip_dag.py took 0.302 seconds
[2023-03-12T13:07:36.909+0000] {processor.py:153} INFO - Started process (PID=202) to work on /home/airflow/.local/lib/python3.7/site-packages/airflow/example_dags/example_skip_dag.py
[2023-03-12T13:07:36.910+0000] {processor.py:743} INFO - Processing file /home/airflow/.local/lib/python3.7/site-packages/airflow/example_dags/example_skip_dag.py for tasks to queue
[2023-03-12T13:07:36.911+0000] {logging_mixin.py:137} INFO - [2023-03-12T13:07:36.911+0000] {dagbag.py:538} INFO - Filling up the DagBag from /home/airflow/.local/lib/python3.7/site-packages/airflow/example_dags/example_skip_dag.py
[2023-03-12T13:07:36.925+0000] {processor.py:753} INFO - DAG(s) dict_keys(['example_skip_dag']) retrieved from /home/airflow/.local/lib/python3.7/site-packages/airflow/example_dags/example_skip_dag.py
[2023-03-12T13:07:36.948+0000] {logging_mixin.py:137} INFO - [2023-03-12T13:07:36.948+0000] {dag.py:2690} INFO - Sync 1 DAGs
[2023-03-12T13:07:36.980+0000] {logging_mixin.py:137} INFO - [2023-03-12T13:07:36.979+0000] {dag.py:3441} INFO - Setting next_dagrun for example_skip_dag to 2023-03-11T13:07:36.979440+00:00, run_after=2023-03-12T13:07:36.979440+00:00
[2023-03-12T13:07:37.001+0000] {processor.py:175} INFO - Processing /home/airflow/.local/lib/python3.7/site-packages/airflow/example_dags/example_skip_dag.py took 0.094 seconds
[2023-03-12T13:08:07.702+0000] {processor.py:153} INFO - Started process (PID=292) to work on /home/airflow/.local/lib/python3.7/site-packages/airflow/example_dags/example_skip_dag.py
[2023-03-12T13:08:07.703+0000] {processor.py:743} INFO - Processing file /home/airflow/.local/lib/python3.7/site-packages/airflow/example_dags/example_skip_dag.py for tasks to queue
[2023-03-12T13:08:07.704+0000] {logging_mixin.py:137} INFO - [2023-03-12T13:08:07.704+0000] {dagbag.py:538} INFO - Filling up the DagBag from /home/airflow/.local/lib/python3.7/site-packages/airflow/example_dags/example_skip_dag.py
[2023-03-12T13:08:07.717+0000] {processor.py:753} INFO - DAG(s) dict_keys(['example_skip_dag']) retrieved from /home/airflow/.local/lib/python3.7/site-packages/airflow/example_dags/example_skip_dag.py
[2023-03-12T13:08:07.742+0000] {logging_mixin.py:137} INFO - [2023-03-12T13:08:07.742+0000] {dag.py:2690} INFO - Sync 1 DAGs
[2023-03-12T13:08:07.772+0000] {logging_mixin.py:137} INFO - [2023-03-12T13:08:07.772+0000] {dag.py:3441} INFO - Setting next_dagrun for example_skip_dag to 2023-03-11T13:08:07.771888+00:00, run_after=2023-03-12T13:08:07.771888+00:00
[2023-03-12T13:08:07.795+0000] {processor.py:175} INFO - Processing /home/airflow/.local/lib/python3.7/site-packages/airflow/example_dags/example_skip_dag.py took 0.096 seconds
[2023-03-12T13:08:38.548+0000] {processor.py:153} INFO - Started process (PID=392) to work on /home/airflow/.local/lib/python3.7/site-packages/airflow/example_dags/example_skip_dag.py
[2023-03-12T13:08:38.552+0000] {processor.py:743} INFO - Processing file /home/airflow/.local/lib/python3.7/site-packages/airflow/example_dags/example_skip_dag.py for tasks to queue
[2023-03-12T13:08:38.552+0000] {logging_mixin.py:137} INFO - [2023-03-12T13:08:38.552+0000] {dagbag.py:538} INFO - Filling up the DagBag from /home/airflow/.local/lib/python3.7/site-packages/airflow/example_dags/example_skip_dag.py
[2023-03-12T13:08:38.565+0000] {processor.py:753} INFO - DAG(s) dict_keys(['example_skip_dag']) retrieved from /home/airflow/.local/lib/python3.7/site-packages/airflow/example_dags/example_skip_dag.py
[2023-03-12T13:08:38.588+0000] {logging_mixin.py:137} INFO - [2023-03-12T13:08:38.587+0000] {dag.py:2690} INFO - Sync 1 DAGs
[2023-03-12T13:08:38.612+0000] {logging_mixin.py:137} INFO - [2023-03-12T13:08:38.612+0000] {dag.py:3441} INFO - Setting next_dagrun for example_skip_dag to 2023-03-11T13:08:38.612459+00:00, run_after=2023-03-12T13:08:38.612459+00:00
[2023-03-12T13:08:38.631+0000] {processor.py:175} INFO - Processing /home/airflow/.local/lib/python3.7/site-packages/airflow/example_dags/example_skip_dag.py took 0.085 seconds
[2023-03-12T13:08:58.641+0000] {processor.py:153} INFO - Started process (PID=89) to work on /home/airflow/.local/lib/python3.7/site-packages/airflow/example_dags/example_skip_dag.py
[2023-03-12T13:08:58.642+0000] {processor.py:743} INFO - Processing file /home/airflow/.local/lib/python3.7/site-packages/airflow/example_dags/example_skip_dag.py for tasks to queue
[2023-03-12T13:08:58.643+0000] {logging_mixin.py:137} INFO - [2023-03-12T13:08:58.643+0000] {dagbag.py:538} INFO - Filling up the DagBag from /home/airflow/.local/lib/python3.7/site-packages/airflow/example_dags/example_skip_dag.py
[2023-03-12T13:08:58.658+0000] {processor.py:753} INFO - DAG(s) dict_keys(['example_skip_dag']) retrieved from /home/airflow/.local/lib/python3.7/site-packages/airflow/example_dags/example_skip_dag.py
[2023-03-12T13:08:58.673+0000] {logging_mixin.py:137} INFO - [2023-03-12T13:08:58.673+0000] {dag.py:2690} INFO - Sync 1 DAGs
[2023-03-12T13:08:58.710+0000] {logging_mixin.py:137} INFO - [2023-03-12T13:08:58.709+0000] {dag.py:3441} INFO - Setting next_dagrun for example_skip_dag to 2023-03-11T13:08:58.709655+00:00, run_after=2023-03-12T13:08:58.709655+00:00
[2023-03-12T13:08:58.733+0000] {processor.py:175} INFO - Processing /home/airflow/.local/lib/python3.7/site-packages/airflow/example_dags/example_skip_dag.py took 0.094 seconds
[2023-03-12T13:09:29.467+0000] {processor.py:153} INFO - Started process (PID=203) to work on /home/airflow/.local/lib/python3.7/site-packages/airflow/example_dags/example_skip_dag.py
[2023-03-12T13:09:29.468+0000] {processor.py:743} INFO - Processing file /home/airflow/.local/lib/python3.7/site-packages/airflow/example_dags/example_skip_dag.py for tasks to queue
[2023-03-12T13:09:29.468+0000] {logging_mixin.py:137} INFO - [2023-03-12T13:09:29.468+0000] {dagbag.py:538} INFO - Filling up the DagBag from /home/airflow/.local/lib/python3.7/site-packages/airflow/example_dags/example_skip_dag.py
[2023-03-12T13:09:29.482+0000] {processor.py:753} INFO - DAG(s) dict_keys(['example_skip_dag']) retrieved from /home/airflow/.local/lib/python3.7/site-packages/airflow/example_dags/example_skip_dag.py
[2023-03-12T13:09:29.506+0000] {logging_mixin.py:137} INFO - [2023-03-12T13:09:29.506+0000] {dag.py:2690} INFO - Sync 1 DAGs
[2023-03-12T13:09:29.532+0000] {logging_mixin.py:137} INFO - [2023-03-12T13:09:29.531+0000] {dag.py:3441} INFO - Setting next_dagrun for example_skip_dag to 2023-03-11T13:09:29.531656+00:00, run_after=2023-03-12T13:09:29.531656+00:00
[2023-03-12T13:09:29.552+0000] {processor.py:175} INFO - Processing /home/airflow/.local/lib/python3.7/site-packages/airflow/example_dags/example_skip_dag.py took 0.088 seconds
[2023-03-12T13:10:00.419+0000] {processor.py:153} INFO - Started process (PID=293) to work on /home/airflow/.local/lib/python3.7/site-packages/airflow/example_dags/example_skip_dag.py
[2023-03-12T13:10:00.420+0000] {processor.py:743} INFO - Processing file /home/airflow/.local/lib/python3.7/site-packages/airflow/example_dags/example_skip_dag.py for tasks to queue
[2023-03-12T13:10:00.420+0000] {logging_mixin.py:137} INFO - [2023-03-12T13:10:00.420+0000] {dagbag.py:538} INFO - Filling up the DagBag from /home/airflow/.local/lib/python3.7/site-packages/airflow/example_dags/example_skip_dag.py
[2023-03-12T13:10:00.433+0000] {processor.py:753} INFO - DAG(s) dict_keys(['example_skip_dag']) retrieved from /home/airflow/.local/lib/python3.7/site-packages/airflow/example_dags/example_skip_dag.py
[2023-03-12T13:10:00.459+0000] {logging_mixin.py:137} INFO - [2023-03-12T13:10:00.459+0000] {dag.py:2690} INFO - Sync 1 DAGs
[2023-03-12T13:10:00.485+0000] {logging_mixin.py:137} INFO - [2023-03-12T13:10:00.484+0000] {dag.py:3441} INFO - Setting next_dagrun for example_skip_dag to 2023-03-11T13:10:00.484653+00:00, run_after=2023-03-12T13:10:00.484653+00:00
[2023-03-12T13:10:00.502+0000] {processor.py:175} INFO - Processing /home/airflow/.local/lib/python3.7/site-packages/airflow/example_dags/example_skip_dag.py took 0.086 seconds
[2023-03-12T13:10:31.634+0000] {processor.py:153} INFO - Started process (PID=417) to work on /home/airflow/.local/lib/python3.7/site-packages/airflow/example_dags/example_skip_dag.py
[2023-03-12T13:10:31.635+0000] {processor.py:743} INFO - Processing file /home/airflow/.local/lib/python3.7/site-packages/airflow/example_dags/example_skip_dag.py for tasks to queue
[2023-03-12T13:10:31.636+0000] {logging_mixin.py:137} INFO - [2023-03-12T13:10:31.636+0000] {dagbag.py:538} INFO - Filling up the DagBag from /home/airflow/.local/lib/python3.7/site-packages/airflow/example_dags/example_skip_dag.py
[2023-03-12T13:10:31.648+0000] {processor.py:753} INFO - DAG(s) dict_keys(['example_skip_dag']) retrieved from /home/airflow/.local/lib/python3.7/site-packages/airflow/example_dags/example_skip_dag.py
[2023-03-12T13:10:31.676+0000] {logging_mixin.py:137} INFO - [2023-03-12T13:10:31.676+0000] {dag.py:2690} INFO - Sync 1 DAGs
[2023-03-12T13:10:31.705+0000] {logging_mixin.py:137} INFO - [2023-03-12T13:10:31.704+0000] {dag.py:3441} INFO - Setting next_dagrun for example_skip_dag to 2023-03-11T13:10:31.704679+00:00, run_after=2023-03-12T13:10:31.704679+00:00
[2023-03-12T13:10:31.726+0000] {processor.py:175} INFO - Processing /home/airflow/.local/lib/python3.7/site-packages/airflow/example_dags/example_skip_dag.py took 0.095 seconds
[2023-03-12T13:11:02.745+0000] {processor.py:153} INFO - Started process (PID=511) to work on /home/airflow/.local/lib/python3.7/site-packages/airflow/example_dags/example_skip_dag.py
[2023-03-12T13:11:02.746+0000] {processor.py:743} INFO - Processing file /home/airflow/.local/lib/python3.7/site-packages/airflow/example_dags/example_skip_dag.py for tasks to queue
[2023-03-12T13:11:02.746+0000] {logging_mixin.py:137} INFO - [2023-03-12T13:11:02.746+0000] {dagbag.py:538} INFO - Filling up the DagBag from /home/airflow/.local/lib/python3.7/site-packages/airflow/example_dags/example_skip_dag.py
[2023-03-12T13:11:02.760+0000] {processor.py:753} INFO - DAG(s) dict_keys(['example_skip_dag']) retrieved from /home/airflow/.local/lib/python3.7/site-packages/airflow/example_dags/example_skip_dag.py
[2023-03-12T13:11:02.786+0000] {logging_mixin.py:137} INFO - [2023-03-12T13:11:02.785+0000] {dag.py:2690} INFO - Sync 1 DAGs
[2023-03-12T13:11:02.818+0000] {logging_mixin.py:137} INFO - [2023-03-12T13:11:02.818+0000] {dag.py:3441} INFO - Setting next_dagrun for example_skip_dag to 2023-03-11T13:11:02.817990+00:00, run_after=2023-03-12T13:11:02.817990+00:00
[2023-03-12T13:11:02.837+0000] {processor.py:175} INFO - Processing /home/airflow/.local/lib/python3.7/site-packages/airflow/example_dags/example_skip_dag.py took 0.096 seconds
[2023-03-12T13:11:33.918+0000] {processor.py:153} INFO - Started process (PID=625) to work on /home/airflow/.local/lib/python3.7/site-packages/airflow/example_dags/example_skip_dag.py
[2023-03-12T13:11:33.919+0000] {processor.py:743} INFO - Processing file /home/airflow/.local/lib/python3.7/site-packages/airflow/example_dags/example_skip_dag.py for tasks to queue
[2023-03-12T13:11:33.920+0000] {logging_mixin.py:137} INFO - [2023-03-12T13:11:33.920+0000] {dagbag.py:538} INFO - Filling up the DagBag from /home/airflow/.local/lib/python3.7/site-packages/airflow/example_dags/example_skip_dag.py
[2023-03-12T13:11:33.932+0000] {processor.py:753} INFO - DAG(s) dict_keys(['example_skip_dag']) retrieved from /home/airflow/.local/lib/python3.7/site-packages/airflow/example_dags/example_skip_dag.py
[2023-03-12T13:11:33.956+0000] {logging_mixin.py:137} INFO - [2023-03-12T13:11:33.956+0000] {dag.py:2690} INFO - Sync 1 DAGs
[2023-03-12T13:11:33.981+0000] {logging_mixin.py:137} INFO - [2023-03-12T13:11:33.981+0000] {dag.py:3441} INFO - Setting next_dagrun for example_skip_dag to 2023-03-11T13:11:33.980874+00:00, run_after=2023-03-12T13:11:33.980874+00:00
[2023-03-12T13:11:34.001+0000] {processor.py:175} INFO - Processing /home/airflow/.local/lib/python3.7/site-packages/airflow/example_dags/example_skip_dag.py took 0.085 seconds
[2023-03-12T13:12:05.001+0000] {processor.py:153} INFO - Started process (PID=719) to work on /home/airflow/.local/lib/python3.7/site-packages/airflow/example_dags/example_skip_dag.py
[2023-03-12T13:12:05.002+0000] {processor.py:743} INFO - Processing file /home/airflow/.local/lib/python3.7/site-packages/airflow/example_dags/example_skip_dag.py for tasks to queue
[2023-03-12T13:12:05.003+0000] {logging_mixin.py:137} INFO - [2023-03-12T13:12:05.003+0000] {dagbag.py:538} INFO - Filling up the DagBag from /home/airflow/.local/lib/python3.7/site-packages/airflow/example_dags/example_skip_dag.py
[2023-03-12T13:12:05.015+0000] {processor.py:753} INFO - DAG(s) dict_keys(['example_skip_dag']) retrieved from /home/airflow/.local/lib/python3.7/site-packages/airflow/example_dags/example_skip_dag.py
[2023-03-12T13:12:05.038+0000] {logging_mixin.py:137} INFO - [2023-03-12T13:12:05.038+0000] {dag.py:2690} INFO - Sync 1 DAGs
[2023-03-12T13:12:05.066+0000] {logging_mixin.py:137} INFO - [2023-03-12T13:12:05.066+0000] {dag.py:3441} INFO - Setting next_dagrun for example_skip_dag to 2023-03-11T13:12:05.065822+00:00, run_after=2023-03-12T13:12:05.065822+00:00
[2023-03-12T13:12:05.087+0000] {processor.py:175} INFO - Processing /home/airflow/.local/lib/python3.7/site-packages/airflow/example_dags/example_skip_dag.py took 0.088 seconds
[2023-03-12T13:12:36.093+0000] {processor.py:153} INFO - Started process (PID=818) to work on /home/airflow/.local/lib/python3.7/site-packages/airflow/example_dags/example_skip_dag.py
[2023-03-12T13:12:36.094+0000] {processor.py:743} INFO - Processing file /home/airflow/.local/lib/python3.7/site-packages/airflow/example_dags/example_skip_dag.py for tasks to queue
[2023-03-12T13:12:36.095+0000] {logging_mixin.py:137} INFO - [2023-03-12T13:12:36.095+0000] {dagbag.py:538} INFO - Filling up the DagBag from /home/airflow/.local/lib/python3.7/site-packages/airflow/example_dags/example_skip_dag.py
[2023-03-12T13:12:36.109+0000] {processor.py:753} INFO - DAG(s) dict_keys(['example_skip_dag']) retrieved from /home/airflow/.local/lib/python3.7/site-packages/airflow/example_dags/example_skip_dag.py
[2023-03-12T13:12:36.178+0000] {logging_mixin.py:137} INFO - [2023-03-12T13:12:36.178+0000] {dag.py:2690} INFO - Sync 1 DAGs
[2023-03-12T13:12:36.254+0000] {logging_mixin.py:137} INFO - [2023-03-12T13:12:36.254+0000] {dag.py:3441} INFO - Setting next_dagrun for example_skip_dag to 2023-03-11T13:12:36.253957+00:00, run_after=2023-03-12T13:12:36.253957+00:00
[2023-03-12T13:12:36.281+0000] {processor.py:175} INFO - Processing /home/airflow/.local/lib/python3.7/site-packages/airflow/example_dags/example_skip_dag.py took 0.191 seconds
[2023-03-12T13:13:06.361+0000] {processor.py:153} INFO - Started process (PID=927) to work on /home/airflow/.local/lib/python3.7/site-packages/airflow/example_dags/example_skip_dag.py
[2023-03-12T13:13:06.363+0000] {processor.py:743} INFO - Processing file /home/airflow/.local/lib/python3.7/site-packages/airflow/example_dags/example_skip_dag.py for tasks to queue
[2023-03-12T13:13:06.363+0000] {logging_mixin.py:137} INFO - [2023-03-12T13:13:06.363+0000] {dagbag.py:538} INFO - Filling up the DagBag from /home/airflow/.local/lib/python3.7/site-packages/airflow/example_dags/example_skip_dag.py
[2023-03-12T13:13:06.377+0000] {processor.py:753} INFO - DAG(s) dict_keys(['example_skip_dag']) retrieved from /home/airflow/.local/lib/python3.7/site-packages/airflow/example_dags/example_skip_dag.py
[2023-03-12T13:13:06.401+0000] {logging_mixin.py:137} INFO - [2023-03-12T13:13:06.401+0000] {dag.py:2690} INFO - Sync 1 DAGs
[2023-03-12T13:13:06.429+0000] {logging_mixin.py:137} INFO - [2023-03-12T13:13:06.429+0000] {dag.py:3441} INFO - Setting next_dagrun for example_skip_dag to 2023-03-11T13:13:06.429196+00:00, run_after=2023-03-12T13:13:06.429196+00:00
[2023-03-12T13:13:06.447+0000] {processor.py:175} INFO - Processing /home/airflow/.local/lib/python3.7/site-packages/airflow/example_dags/example_skip_dag.py took 0.089 seconds
[2023-03-12T13:13:36.519+0000] {processor.py:153} INFO - Started process (PID=1017) to work on /home/airflow/.local/lib/python3.7/site-packages/airflow/example_dags/example_skip_dag.py
[2023-03-12T13:13:36.520+0000] {processor.py:743} INFO - Processing file /home/airflow/.local/lib/python3.7/site-packages/airflow/example_dags/example_skip_dag.py for tasks to queue
[2023-03-12T13:13:36.521+0000] {logging_mixin.py:137} INFO - [2023-03-12T13:13:36.521+0000] {dagbag.py:538} INFO - Filling up the DagBag from /home/airflow/.local/lib/python3.7/site-packages/airflow/example_dags/example_skip_dag.py
[2023-03-12T13:13:36.534+0000] {processor.py:753} INFO - DAG(s) dict_keys(['example_skip_dag']) retrieved from /home/airflow/.local/lib/python3.7/site-packages/airflow/example_dags/example_skip_dag.py
[2023-03-12T13:13:36.560+0000] {logging_mixin.py:137} INFO - [2023-03-12T13:13:36.560+0000] {dag.py:2690} INFO - Sync 1 DAGs
[2023-03-12T13:13:36.586+0000] {logging_mixin.py:137} INFO - [2023-03-12T13:13:36.586+0000] {dag.py:3441} INFO - Setting next_dagrun for example_skip_dag to 2023-03-11T13:13:36.585991+00:00, run_after=2023-03-12T13:13:36.585991+00:00
[2023-03-12T13:13:36.604+0000] {processor.py:175} INFO - Processing /home/airflow/.local/lib/python3.7/site-packages/airflow/example_dags/example_skip_dag.py took 0.088 seconds
[2023-03-12T13:14:07.606+0000] {processor.py:153} INFO - Started process (PID=1135) to work on /home/airflow/.local/lib/python3.7/site-packages/airflow/example_dags/example_skip_dag.py
[2023-03-12T13:14:07.607+0000] {processor.py:743} INFO - Processing file /home/airflow/.local/lib/python3.7/site-packages/airflow/example_dags/example_skip_dag.py for tasks to queue
[2023-03-12T13:14:07.608+0000] {logging_mixin.py:137} INFO - [2023-03-12T13:14:07.608+0000] {dagbag.py:538} INFO - Filling up the DagBag from /home/airflow/.local/lib/python3.7/site-packages/airflow/example_dags/example_skip_dag.py
[2023-03-12T13:14:07.620+0000] {processor.py:753} INFO - DAG(s) dict_keys(['example_skip_dag']) retrieved from /home/airflow/.local/lib/python3.7/site-packages/airflow/example_dags/example_skip_dag.py
[2023-03-12T13:14:07.646+0000] {logging_mixin.py:137} INFO - [2023-03-12T13:14:07.646+0000] {dag.py:2690} INFO - Sync 1 DAGs
[2023-03-12T13:14:07.676+0000] {logging_mixin.py:137} INFO - [2023-03-12T13:14:07.676+0000] {dag.py:3441} INFO - Setting next_dagrun for example_skip_dag to 2023-03-11T13:14:07.676503+00:00, run_after=2023-03-12T13:14:07.676503+00:00
[2023-03-12T13:14:07.695+0000] {processor.py:175} INFO - Processing /home/airflow/.local/lib/python3.7/site-packages/airflow/example_dags/example_skip_dag.py took 0.092 seconds
[2023-03-12T13:14:37.886+0000] {processor.py:153} INFO - Started process (PID=1225) to work on /home/airflow/.local/lib/python3.7/site-packages/airflow/example_dags/example_skip_dag.py
[2023-03-12T13:14:37.887+0000] {processor.py:743} INFO - Processing file /home/airflow/.local/lib/python3.7/site-packages/airflow/example_dags/example_skip_dag.py for tasks to queue
[2023-03-12T13:14:37.888+0000] {logging_mixin.py:137} INFO - [2023-03-12T13:14:37.888+0000] {dagbag.py:538} INFO - Filling up the DagBag from /home/airflow/.local/lib/python3.7/site-packages/airflow/example_dags/example_skip_dag.py
[2023-03-12T13:14:37.900+0000] {processor.py:753} INFO - DAG(s) dict_keys(['example_skip_dag']) retrieved from /home/airflow/.local/lib/python3.7/site-packages/airflow/example_dags/example_skip_dag.py
[2023-03-12T13:14:37.925+0000] {logging_mixin.py:137} INFO - [2023-03-12T13:14:37.925+0000] {dag.py:2690} INFO - Sync 1 DAGs
[2023-03-12T13:14:37.953+0000] {logging_mixin.py:137} INFO - [2023-03-12T13:14:37.953+0000] {dag.py:3441} INFO - Setting next_dagrun for example_skip_dag to 2023-03-11T13:14:37.952890+00:00, run_after=2023-03-12T13:14:37.952890+00:00
[2023-03-12T13:14:37.973+0000] {processor.py:175} INFO - Processing /home/airflow/.local/lib/python3.7/site-packages/airflow/example_dags/example_skip_dag.py took 0.090 seconds
[2023-03-12T13:15:08.379+0000] {processor.py:153} INFO - Started process (PID=1343) to work on /home/airflow/.local/lib/python3.7/site-packages/airflow/example_dags/example_skip_dag.py
[2023-03-12T13:15:08.381+0000] {processor.py:743} INFO - Processing file /home/airflow/.local/lib/python3.7/site-packages/airflow/example_dags/example_skip_dag.py for tasks to queue
[2023-03-12T13:15:08.381+0000] {logging_mixin.py:137} INFO - [2023-03-12T13:15:08.381+0000] {dagbag.py:538} INFO - Filling up the DagBag from /home/airflow/.local/lib/python3.7/site-packages/airflow/example_dags/example_skip_dag.py
[2023-03-12T13:15:08.395+0000] {processor.py:753} INFO - DAG(s) dict_keys(['example_skip_dag']) retrieved from /home/airflow/.local/lib/python3.7/site-packages/airflow/example_dags/example_skip_dag.py
[2023-03-12T13:15:08.430+0000] {logging_mixin.py:137} INFO - [2023-03-12T13:15:08.430+0000] {dag.py:2690} INFO - Sync 1 DAGs
[2023-03-12T13:15:08.478+0000] {logging_mixin.py:137} INFO - [2023-03-12T13:15:08.478+0000] {dag.py:3441} INFO - Setting next_dagrun for example_skip_dag to 2023-03-11T13:15:08.478055+00:00, run_after=2023-03-12T13:15:08.478055+00:00
[2023-03-12T13:15:08.505+0000] {processor.py:175} INFO - Processing /home/airflow/.local/lib/python3.7/site-packages/airflow/example_dags/example_skip_dag.py took 0.129 seconds
[2023-03-12T13:15:38.620+0000] {processor.py:153} INFO - Started process (PID=1433) to work on /home/airflow/.local/lib/python3.7/site-packages/airflow/example_dags/example_skip_dag.py
[2023-03-12T13:15:38.621+0000] {processor.py:743} INFO - Processing file /home/airflow/.local/lib/python3.7/site-packages/airflow/example_dags/example_skip_dag.py for tasks to queue
[2023-03-12T13:15:38.622+0000] {logging_mixin.py:137} INFO - [2023-03-12T13:15:38.622+0000] {dagbag.py:538} INFO - Filling up the DagBag from /home/airflow/.local/lib/python3.7/site-packages/airflow/example_dags/example_skip_dag.py
[2023-03-12T13:15:38.634+0000] {processor.py:753} INFO - DAG(s) dict_keys(['example_skip_dag']) retrieved from /home/airflow/.local/lib/python3.7/site-packages/airflow/example_dags/example_skip_dag.py
[2023-03-12T13:15:38.657+0000] {logging_mixin.py:137} INFO - [2023-03-12T13:15:38.657+0000] {dag.py:2690} INFO - Sync 1 DAGs
[2023-03-12T13:15:38.682+0000] {logging_mixin.py:137} INFO - [2023-03-12T13:15:38.682+0000] {dag.py:3441} INFO - Setting next_dagrun for example_skip_dag to 2023-03-11T13:15:38.682436+00:00, run_after=2023-03-12T13:15:38.682436+00:00
[2023-03-12T13:15:38.699+0000] {processor.py:175} INFO - Processing /home/airflow/.local/lib/python3.7/site-packages/airflow/example_dags/example_skip_dag.py took 0.082 seconds
[2023-03-12T13:16:14.659+0000] {processor.py:153} INFO - Started process (PID=90) to work on /home/airflow/.local/lib/python3.7/site-packages/airflow/example_dags/example_skip_dag.py
[2023-03-12T13:16:14.660+0000] {processor.py:743} INFO - Processing file /home/airflow/.local/lib/python3.7/site-packages/airflow/example_dags/example_skip_dag.py for tasks to queue
[2023-03-12T13:16:14.661+0000] {logging_mixin.py:137} INFO - [2023-03-12T13:16:14.661+0000] {dagbag.py:538} INFO - Filling up the DagBag from /home/airflow/.local/lib/python3.7/site-packages/airflow/example_dags/example_skip_dag.py
[2023-03-12T13:16:14.673+0000] {processor.py:753} INFO - DAG(s) dict_keys(['example_skip_dag']) retrieved from /home/airflow/.local/lib/python3.7/site-packages/airflow/example_dags/example_skip_dag.py
[2023-03-12T13:16:14.685+0000] {logging_mixin.py:137} INFO - [2023-03-12T13:16:14.684+0000] {dag.py:2690} INFO - Sync 1 DAGs
[2023-03-12T13:16:14.711+0000] {logging_mixin.py:137} INFO - [2023-03-12T13:16:14.711+0000] {dag.py:3441} INFO - Setting next_dagrun for example_skip_dag to 2023-03-11T13:16:14.710865+00:00, run_after=2023-03-12T13:16:14.710865+00:00
[2023-03-12T13:16:14.731+0000] {processor.py:175} INFO - Processing /home/airflow/.local/lib/python3.7/site-packages/airflow/example_dags/example_skip_dag.py took 0.074 seconds
[2023-03-12T13:16:45.556+0000] {processor.py:153} INFO - Started process (PID=205) to work on /home/airflow/.local/lib/python3.7/site-packages/airflow/example_dags/example_skip_dag.py
[2023-03-12T13:16:45.557+0000] {processor.py:743} INFO - Processing file /home/airflow/.local/lib/python3.7/site-packages/airflow/example_dags/example_skip_dag.py for tasks to queue
[2023-03-12T13:16:45.558+0000] {logging_mixin.py:137} INFO - [2023-03-12T13:16:45.558+0000] {dagbag.py:538} INFO - Filling up the DagBag from /home/airflow/.local/lib/python3.7/site-packages/airflow/example_dags/example_skip_dag.py
[2023-03-12T13:16:45.570+0000] {processor.py:753} INFO - DAG(s) dict_keys(['example_skip_dag']) retrieved from /home/airflow/.local/lib/python3.7/site-packages/airflow/example_dags/example_skip_dag.py
[2023-03-12T13:16:45.595+0000] {logging_mixin.py:137} INFO - [2023-03-12T13:16:45.595+0000] {dag.py:2690} INFO - Sync 1 DAGs
[2023-03-12T13:16:45.622+0000] {logging_mixin.py:137} INFO - [2023-03-12T13:16:45.622+0000] {dag.py:3441} INFO - Setting next_dagrun for example_skip_dag to 2023-03-11T13:16:45.622398+00:00, run_after=2023-03-12T13:16:45.622398+00:00
[2023-03-12T13:16:45.642+0000] {processor.py:175} INFO - Processing /home/airflow/.local/lib/python3.7/site-packages/airflow/example_dags/example_skip_dag.py took 0.089 seconds
[2023-03-12T13:17:16.929+0000] {processor.py:153} INFO - Started process (PID=300) to work on /home/airflow/.local/lib/python3.7/site-packages/airflow/example_dags/example_skip_dag.py
[2023-03-12T13:17:16.929+0000] {processor.py:743} INFO - Processing file /home/airflow/.local/lib/python3.7/site-packages/airflow/example_dags/example_skip_dag.py for tasks to queue
[2023-03-12T13:17:16.930+0000] {logging_mixin.py:137} INFO - [2023-03-12T13:17:16.930+0000] {dagbag.py:538} INFO - Filling up the DagBag from /home/airflow/.local/lib/python3.7/site-packages/airflow/example_dags/example_skip_dag.py
[2023-03-12T13:17:16.943+0000] {processor.py:753} INFO - DAG(s) dict_keys(['example_skip_dag']) retrieved from /home/airflow/.local/lib/python3.7/site-packages/airflow/example_dags/example_skip_dag.py
[2023-03-12T13:17:16.971+0000] {logging_mixin.py:137} INFO - [2023-03-12T13:17:16.971+0000] {dag.py:2690} INFO - Sync 1 DAGs
[2023-03-12T13:17:16.998+0000] {logging_mixin.py:137} INFO - [2023-03-12T13:17:16.998+0000] {dag.py:3441} INFO - Setting next_dagrun for example_skip_dag to 2023-03-11T13:17:16.998199+00:00, run_after=2023-03-12T13:17:16.998199+00:00
[2023-03-12T13:17:17.016+0000] {processor.py:175} INFO - Processing /home/airflow/.local/lib/python3.7/site-packages/airflow/example_dags/example_skip_dag.py took 0.091 seconds
[2023-03-12T13:17:47.417+0000] {processor.py:153} INFO - Started process (PID=415) to work on /home/airflow/.local/lib/python3.7/site-packages/airflow/example_dags/example_skip_dag.py
[2023-03-12T13:17:47.418+0000] {processor.py:743} INFO - Processing file /home/airflow/.local/lib/python3.7/site-packages/airflow/example_dags/example_skip_dag.py for tasks to queue
[2023-03-12T13:17:47.418+0000] {logging_mixin.py:137} INFO - [2023-03-12T13:17:47.418+0000] {dagbag.py:538} INFO - Filling up the DagBag from /home/airflow/.local/lib/python3.7/site-packages/airflow/example_dags/example_skip_dag.py
[2023-03-12T13:17:47.431+0000] {processor.py:753} INFO - DAG(s) dict_keys(['example_skip_dag']) retrieved from /home/airflow/.local/lib/python3.7/site-packages/airflow/example_dags/example_skip_dag.py
[2023-03-12T13:17:47.455+0000] {logging_mixin.py:137} INFO - [2023-03-12T13:17:47.455+0000] {dag.py:2690} INFO - Sync 1 DAGs
[2023-03-12T13:17:47.483+0000] {logging_mixin.py:137} INFO - [2023-03-12T13:17:47.483+0000] {dag.py:3441} INFO - Setting next_dagrun for example_skip_dag to 2023-03-11T13:17:47.482998+00:00, run_after=2023-03-12T13:17:47.482998+00:00
[2023-03-12T13:17:47.501+0000] {processor.py:175} INFO - Processing /home/airflow/.local/lib/python3.7/site-packages/airflow/example_dags/example_skip_dag.py took 0.087 seconds
[2023-03-12T13:18:17.551+0000] {processor.py:153} INFO - Started process (PID=513) to work on /home/airflow/.local/lib/python3.7/site-packages/airflow/example_dags/example_skip_dag.py
[2023-03-12T13:18:17.553+0000] {processor.py:743} INFO - Processing file /home/airflow/.local/lib/python3.7/site-packages/airflow/example_dags/example_skip_dag.py for tasks to queue
[2023-03-12T13:18:17.554+0000] {logging_mixin.py:137} INFO - [2023-03-12T13:18:17.554+0000] {dagbag.py:538} INFO - Filling up the DagBag from /home/airflow/.local/lib/python3.7/site-packages/airflow/example_dags/example_skip_dag.py
[2023-03-12T13:18:17.567+0000] {processor.py:753} INFO - DAG(s) dict_keys(['example_skip_dag']) retrieved from /home/airflow/.local/lib/python3.7/site-packages/airflow/example_dags/example_skip_dag.py
[2023-03-12T13:18:17.590+0000] {logging_mixin.py:137} INFO - [2023-03-12T13:18:17.590+0000] {dag.py:2690} INFO - Sync 1 DAGs
[2023-03-12T13:18:17.616+0000] {logging_mixin.py:137} INFO - [2023-03-12T13:18:17.616+0000] {dag.py:3441} INFO - Setting next_dagrun for example_skip_dag to 2023-03-11T13:18:17.616371+00:00, run_after=2023-03-12T13:18:17.616371+00:00
[2023-03-12T13:18:17.635+0000] {processor.py:175} INFO - Processing /home/airflow/.local/lib/python3.7/site-packages/airflow/example_dags/example_skip_dag.py took 0.087 seconds
[2023-03-12T13:18:48.607+0000] {processor.py:153} INFO - Started process (PID=627) to work on /home/airflow/.local/lib/python3.7/site-packages/airflow/example_dags/example_skip_dag.py
[2023-03-12T13:18:48.608+0000] {processor.py:743} INFO - Processing file /home/airflow/.local/lib/python3.7/site-packages/airflow/example_dags/example_skip_dag.py for tasks to queue
[2023-03-12T13:18:48.608+0000] {logging_mixin.py:137} INFO - [2023-03-12T13:18:48.608+0000] {dagbag.py:538} INFO - Filling up the DagBag from /home/airflow/.local/lib/python3.7/site-packages/airflow/example_dags/example_skip_dag.py
[2023-03-12T13:18:48.620+0000] {processor.py:753} INFO - DAG(s) dict_keys(['example_skip_dag']) retrieved from /home/airflow/.local/lib/python3.7/site-packages/airflow/example_dags/example_skip_dag.py
[2023-03-12T13:18:48.644+0000] {logging_mixin.py:137} INFO - [2023-03-12T13:18:48.644+0000] {dag.py:2690} INFO - Sync 1 DAGs
[2023-03-12T13:18:48.672+0000] {logging_mixin.py:137} INFO - [2023-03-12T13:18:48.672+0000] {dag.py:3441} INFO - Setting next_dagrun for example_skip_dag to 2023-03-11T13:18:48.671846+00:00, run_after=2023-03-12T13:18:48.671846+00:00
[2023-03-12T13:18:48.689+0000] {processor.py:175} INFO - Processing /home/airflow/.local/lib/python3.7/site-packages/airflow/example_dags/example_skip_dag.py took 0.084 seconds
[2023-03-12T13:19:18.728+0000] {processor.py:153} INFO - Started process (PID=722) to work on /home/airflow/.local/lib/python3.7/site-packages/airflow/example_dags/example_skip_dag.py
[2023-03-12T13:19:18.729+0000] {processor.py:743} INFO - Processing file /home/airflow/.local/lib/python3.7/site-packages/airflow/example_dags/example_skip_dag.py for tasks to queue
[2023-03-12T13:19:18.730+0000] {logging_mixin.py:137} INFO - [2023-03-12T13:19:18.730+0000] {dagbag.py:538} INFO - Filling up the DagBag from /home/airflow/.local/lib/python3.7/site-packages/airflow/example_dags/example_skip_dag.py
[2023-03-12T13:19:18.742+0000] {processor.py:753} INFO - DAG(s) dict_keys(['example_skip_dag']) retrieved from /home/airflow/.local/lib/python3.7/site-packages/airflow/example_dags/example_skip_dag.py
[2023-03-12T13:19:18.770+0000] {logging_mixin.py:137} INFO - [2023-03-12T13:19:18.770+0000] {dag.py:2690} INFO - Sync 1 DAGs
[2023-03-12T13:19:18.796+0000] {logging_mixin.py:137} INFO - [2023-03-12T13:19:18.796+0000] {dag.py:3441} INFO - Setting next_dagrun for example_skip_dag to 2023-03-11T13:19:18.795786+00:00, run_after=2023-03-12T13:19:18.795786+00:00
[2023-03-12T13:19:18.813+0000] {processor.py:175} INFO - Processing /home/airflow/.local/lib/python3.7/site-packages/airflow/example_dags/example_skip_dag.py took 0.088 seconds
