[2023-03-12T12:43:39.412+0000] {processor.py:153} INFO - Started process (PID=118) to work on /home/airflow/.local/lib/python3.7/site-packages/airflow/example_dags/example_trigger_target_dag.py
[2023-03-12T12:43:39.412+0000] {processor.py:743} INFO - Processing file /home/airflow/.local/lib/python3.7/site-packages/airflow/example_dags/example_trigger_target_dag.py for tasks to queue
[2023-03-12T12:43:39.413+0000] {logging_mixin.py:137} INFO - [2023-03-12T12:43:39.413+0000] {dagbag.py:538} INFO - Filling up the DagBag from /home/airflow/.local/lib/python3.7/site-packages/airflow/example_dags/example_trigger_target_dag.py
[2023-03-12T12:43:39.437+0000] {processor.py:753} INFO - DAG(s) dict_keys(['example_trigger_target_dag']) retrieved from /home/airflow/.local/lib/python3.7/site-packages/airflow/example_dags/example_trigger_target_dag.py
[2023-03-12T12:43:39.453+0000] {logging_mixin.py:137} INFO - [2023-03-12T12:43:39.453+0000] {dag.py:2690} INFO - Sync 1 DAGs
[2023-03-12T12:43:39.484+0000] {logging_mixin.py:137} INFO - [2023-03-12T12:43:39.483+0000] {dag.py:3441} INFO - Setting next_dagrun for example_trigger_target_dag to None, run_after=None
[2023-03-12T12:43:39.503+0000] {processor.py:175} INFO - Processing /home/airflow/.local/lib/python3.7/site-packages/airflow/example_dags/example_trigger_target_dag.py took 0.094 seconds
[2023-03-12T12:44:10.282+0000] {processor.py:153} INFO - Started process (PID=206) to work on /home/airflow/.local/lib/python3.7/site-packages/airflow/example_dags/example_trigger_target_dag.py
[2023-03-12T12:44:10.283+0000] {processor.py:743} INFO - Processing file /home/airflow/.local/lib/python3.7/site-packages/airflow/example_dags/example_trigger_target_dag.py for tasks to queue
[2023-03-12T12:44:10.284+0000] {logging_mixin.py:137} INFO - [2023-03-12T12:44:10.284+0000] {dagbag.py:538} INFO - Filling up the DagBag from /home/airflow/.local/lib/python3.7/site-packages/airflow/example_dags/example_trigger_target_dag.py
[2023-03-12T12:44:10.305+0000] {processor.py:753} INFO - DAG(s) dict_keys(['example_trigger_target_dag']) retrieved from /home/airflow/.local/lib/python3.7/site-packages/airflow/example_dags/example_trigger_target_dag.py
[2023-03-12T12:44:10.329+0000] {logging_mixin.py:137} INFO - [2023-03-12T12:44:10.329+0000] {dag.py:2690} INFO - Sync 1 DAGs
[2023-03-12T12:44:10.356+0000] {logging_mixin.py:137} INFO - [2023-03-12T12:44:10.356+0000] {dag.py:3441} INFO - Setting next_dagrun for example_trigger_target_dag to None, run_after=None
[2023-03-12T12:44:10.376+0000] {processor.py:175} INFO - Processing /home/airflow/.local/lib/python3.7/site-packages/airflow/example_dags/example_trigger_target_dag.py took 0.097 seconds
[2023-03-12T12:44:41.280+0000] {processor.py:153} INFO - Started process (PID=318) to work on /home/airflow/.local/lib/python3.7/site-packages/airflow/example_dags/example_trigger_target_dag.py
[2023-03-12T12:44:41.281+0000] {processor.py:743} INFO - Processing file /home/airflow/.local/lib/python3.7/site-packages/airflow/example_dags/example_trigger_target_dag.py for tasks to queue
[2023-03-12T12:44:41.282+0000] {logging_mixin.py:137} INFO - [2023-03-12T12:44:41.282+0000] {dagbag.py:538} INFO - Filling up the DagBag from /home/airflow/.local/lib/python3.7/site-packages/airflow/example_dags/example_trigger_target_dag.py
[2023-03-12T12:44:41.311+0000] {processor.py:753} INFO - DAG(s) dict_keys(['example_trigger_target_dag']) retrieved from /home/airflow/.local/lib/python3.7/site-packages/airflow/example_dags/example_trigger_target_dag.py
[2023-03-12T12:44:41.362+0000] {logging_mixin.py:137} INFO - [2023-03-12T12:44:41.362+0000] {dag.py:2690} INFO - Sync 1 DAGs
[2023-03-12T12:44:41.387+0000] {logging_mixin.py:137} INFO - [2023-03-12T12:44:41.387+0000] {dag.py:3441} INFO - Setting next_dagrun for example_trigger_target_dag to None, run_after=None
[2023-03-12T12:44:41.407+0000] {processor.py:175} INFO - Processing /home/airflow/.local/lib/python3.7/site-packages/airflow/example_dags/example_trigger_target_dag.py took 0.130 seconds
[2023-03-12T12:45:11.921+0000] {processor.py:153} INFO - Started process (PID=406) to work on /home/airflow/.local/lib/python3.7/site-packages/airflow/example_dags/example_trigger_target_dag.py
[2023-03-12T12:45:11.922+0000] {processor.py:743} INFO - Processing file /home/airflow/.local/lib/python3.7/site-packages/airflow/example_dags/example_trigger_target_dag.py for tasks to queue
[2023-03-12T12:45:11.923+0000] {logging_mixin.py:137} INFO - [2023-03-12T12:45:11.923+0000] {dagbag.py:538} INFO - Filling up the DagBag from /home/airflow/.local/lib/python3.7/site-packages/airflow/example_dags/example_trigger_target_dag.py
[2023-03-12T12:45:11.943+0000] {processor.py:753} INFO - DAG(s) dict_keys(['example_trigger_target_dag']) retrieved from /home/airflow/.local/lib/python3.7/site-packages/airflow/example_dags/example_trigger_target_dag.py
[2023-03-12T12:45:11.969+0000] {logging_mixin.py:137} INFO - [2023-03-12T12:45:11.969+0000] {dag.py:2690} INFO - Sync 1 DAGs
[2023-03-12T12:45:11.996+0000] {logging_mixin.py:137} INFO - [2023-03-12T12:45:11.996+0000] {dag.py:3441} INFO - Setting next_dagrun for example_trigger_target_dag to None, run_after=None
[2023-03-12T12:45:12.016+0000] {processor.py:175} INFO - Processing /home/airflow/.local/lib/python3.7/site-packages/airflow/example_dags/example_trigger_target_dag.py took 0.097 seconds
[2023-03-12T12:45:42.761+0000] {processor.py:153} INFO - Started process (PID=494) to work on /home/airflow/.local/lib/python3.7/site-packages/airflow/example_dags/example_trigger_target_dag.py
[2023-03-12T12:45:42.763+0000] {processor.py:743} INFO - Processing file /home/airflow/.local/lib/python3.7/site-packages/airflow/example_dags/example_trigger_target_dag.py for tasks to queue
[2023-03-12T12:45:42.763+0000] {logging_mixin.py:137} INFO - [2023-03-12T12:45:42.763+0000] {dagbag.py:538} INFO - Filling up the DagBag from /home/airflow/.local/lib/python3.7/site-packages/airflow/example_dags/example_trigger_target_dag.py
[2023-03-12T12:45:42.793+0000] {processor.py:753} INFO - DAG(s) dict_keys(['example_trigger_target_dag']) retrieved from /home/airflow/.local/lib/python3.7/site-packages/airflow/example_dags/example_trigger_target_dag.py
[2023-03-12T12:45:42.826+0000] {logging_mixin.py:137} INFO - [2023-03-12T12:45:42.826+0000] {dag.py:2690} INFO - Sync 1 DAGs
[2023-03-12T12:45:42.854+0000] {logging_mixin.py:137} INFO - [2023-03-12T12:45:42.854+0000] {dag.py:3441} INFO - Setting next_dagrun for example_trigger_target_dag to None, run_after=None
[2023-03-12T12:45:42.878+0000] {processor.py:175} INFO - Processing /home/airflow/.local/lib/python3.7/site-packages/airflow/example_dags/example_trigger_target_dag.py took 0.120 seconds
[2023-03-12T12:46:13.659+0000] {processor.py:153} INFO - Started process (PID=606) to work on /home/airflow/.local/lib/python3.7/site-packages/airflow/example_dags/example_trigger_target_dag.py
[2023-03-12T12:46:13.660+0000] {processor.py:743} INFO - Processing file /home/airflow/.local/lib/python3.7/site-packages/airflow/example_dags/example_trigger_target_dag.py for tasks to queue
[2023-03-12T12:46:13.660+0000] {logging_mixin.py:137} INFO - [2023-03-12T12:46:13.660+0000] {dagbag.py:538} INFO - Filling up the DagBag from /home/airflow/.local/lib/python3.7/site-packages/airflow/example_dags/example_trigger_target_dag.py
[2023-03-12T12:46:13.684+0000] {processor.py:753} INFO - DAG(s) dict_keys(['example_trigger_target_dag']) retrieved from /home/airflow/.local/lib/python3.7/site-packages/airflow/example_dags/example_trigger_target_dag.py
[2023-03-12T12:46:13.707+0000] {logging_mixin.py:137} INFO - [2023-03-12T12:46:13.707+0000] {dag.py:2690} INFO - Sync 1 DAGs
[2023-03-12T12:46:13.744+0000] {logging_mixin.py:137} INFO - [2023-03-12T12:46:13.743+0000] {dag.py:3441} INFO - Setting next_dagrun for example_trigger_target_dag to None, run_after=None
[2023-03-12T12:46:13.766+0000] {processor.py:175} INFO - Processing /home/airflow/.local/lib/python3.7/site-packages/airflow/example_dags/example_trigger_target_dag.py took 0.109 seconds
[2023-03-12T12:54:42.112+0000] {processor.py:153} INFO - Started process (PID=120) to work on /home/airflow/.local/lib/python3.7/site-packages/airflow/example_dags/example_trigger_target_dag.py
[2023-03-12T12:54:42.114+0000] {processor.py:743} INFO - Processing file /home/airflow/.local/lib/python3.7/site-packages/airflow/example_dags/example_trigger_target_dag.py for tasks to queue
[2023-03-12T12:54:42.114+0000] {logging_mixin.py:137} INFO - [2023-03-12T12:54:42.114+0000] {dagbag.py:538} INFO - Filling up the DagBag from /home/airflow/.local/lib/python3.7/site-packages/airflow/example_dags/example_trigger_target_dag.py
[2023-03-12T12:54:42.138+0000] {processor.py:753} INFO - DAG(s) dict_keys(['example_trigger_target_dag']) retrieved from /home/airflow/.local/lib/python3.7/site-packages/airflow/example_dags/example_trigger_target_dag.py
[2023-03-12T12:54:42.151+0000] {logging_mixin.py:137} INFO - [2023-03-12T12:54:42.151+0000] {dag.py:2690} INFO - Sync 1 DAGs
[2023-03-12T12:54:42.182+0000] {logging_mixin.py:137} INFO - [2023-03-12T12:54:42.182+0000] {dag.py:3441} INFO - Setting next_dagrun for example_trigger_target_dag to None, run_after=None
[2023-03-12T12:54:42.203+0000] {processor.py:175} INFO - Processing /home/airflow/.local/lib/python3.7/site-packages/airflow/example_dags/example_trigger_target_dag.py took 0.093 seconds
[2023-03-12T12:55:12.871+0000] {processor.py:153} INFO - Started process (PID=210) to work on /home/airflow/.local/lib/python3.7/site-packages/airflow/example_dags/example_trigger_target_dag.py
[2023-03-12T12:55:12.872+0000] {processor.py:743} INFO - Processing file /home/airflow/.local/lib/python3.7/site-packages/airflow/example_dags/example_trigger_target_dag.py for tasks to queue
[2023-03-12T12:55:12.872+0000] {logging_mixin.py:137} INFO - [2023-03-12T12:55:12.872+0000] {dagbag.py:538} INFO - Filling up the DagBag from /home/airflow/.local/lib/python3.7/site-packages/airflow/example_dags/example_trigger_target_dag.py
[2023-03-12T12:55:12.893+0000] {processor.py:753} INFO - DAG(s) dict_keys(['example_trigger_target_dag']) retrieved from /home/airflow/.local/lib/python3.7/site-packages/airflow/example_dags/example_trigger_target_dag.py
[2023-03-12T12:55:12.918+0000] {logging_mixin.py:137} INFO - [2023-03-12T12:55:12.918+0000] {dag.py:2690} INFO - Sync 1 DAGs
[2023-03-12T12:55:12.943+0000] {logging_mixin.py:137} INFO - [2023-03-12T12:55:12.943+0000] {dag.py:3441} INFO - Setting next_dagrun for example_trigger_target_dag to None, run_after=None
[2023-03-12T12:55:12.964+0000] {processor.py:175} INFO - Processing /home/airflow/.local/lib/python3.7/site-packages/airflow/example_dags/example_trigger_target_dag.py took 0.097 seconds
[2023-03-12T12:55:43.833+0000] {processor.py:153} INFO - Started process (PID=324) to work on /home/airflow/.local/lib/python3.7/site-packages/airflow/example_dags/example_trigger_target_dag.py
[2023-03-12T12:55:43.834+0000] {processor.py:743} INFO - Processing file /home/airflow/.local/lib/python3.7/site-packages/airflow/example_dags/example_trigger_target_dag.py for tasks to queue
[2023-03-12T12:55:43.834+0000] {logging_mixin.py:137} INFO - [2023-03-12T12:55:43.834+0000] {dagbag.py:538} INFO - Filling up the DagBag from /home/airflow/.local/lib/python3.7/site-packages/airflow/example_dags/example_trigger_target_dag.py
[2023-03-12T12:55:43.866+0000] {processor.py:753} INFO - DAG(s) dict_keys(['example_trigger_target_dag']) retrieved from /home/airflow/.local/lib/python3.7/site-packages/airflow/example_dags/example_trigger_target_dag.py
[2023-03-12T12:55:43.892+0000] {logging_mixin.py:137} INFO - [2023-03-12T12:55:43.891+0000] {dag.py:2690} INFO - Sync 1 DAGs
[2023-03-12T12:55:43.916+0000] {logging_mixin.py:137} INFO - [2023-03-12T12:55:43.915+0000] {dag.py:3441} INFO - Setting next_dagrun for example_trigger_target_dag to None, run_after=None
[2023-03-12T12:55:43.933+0000] {processor.py:175} INFO - Processing /home/airflow/.local/lib/python3.7/site-packages/airflow/example_dags/example_trigger_target_dag.py took 0.104 seconds
[2023-03-12T12:56:14.061+0000] {processor.py:153} INFO - Started process (PID=414) to work on /home/airflow/.local/lib/python3.7/site-packages/airflow/example_dags/example_trigger_target_dag.py
[2023-03-12T12:56:14.062+0000] {processor.py:743} INFO - Processing file /home/airflow/.local/lib/python3.7/site-packages/airflow/example_dags/example_trigger_target_dag.py for tasks to queue
[2023-03-12T12:56:14.063+0000] {logging_mixin.py:137} INFO - [2023-03-12T12:56:14.062+0000] {dagbag.py:538} INFO - Filling up the DagBag from /home/airflow/.local/lib/python3.7/site-packages/airflow/example_dags/example_trigger_target_dag.py
[2023-03-12T12:56:14.084+0000] {processor.py:753} INFO - DAG(s) dict_keys(['example_trigger_target_dag']) retrieved from /home/airflow/.local/lib/python3.7/site-packages/airflow/example_dags/example_trigger_target_dag.py
[2023-03-12T12:56:14.108+0000] {logging_mixin.py:137} INFO - [2023-03-12T12:56:14.108+0000] {dag.py:2690} INFO - Sync 1 DAGs
[2023-03-12T12:56:14.132+0000] {logging_mixin.py:137} INFO - [2023-03-12T12:56:14.132+0000] {dag.py:3441} INFO - Setting next_dagrun for example_trigger_target_dag to None, run_after=None
[2023-03-12T12:56:14.150+0000] {processor.py:175} INFO - Processing /home/airflow/.local/lib/python3.7/site-packages/airflow/example_dags/example_trigger_target_dag.py took 0.092 seconds
[2023-03-12T12:56:44.993+0000] {processor.py:153} INFO - Started process (PID=504) to work on /home/airflow/.local/lib/python3.7/site-packages/airflow/example_dags/example_trigger_target_dag.py
[2023-03-12T12:56:44.994+0000] {processor.py:743} INFO - Processing file /home/airflow/.local/lib/python3.7/site-packages/airflow/example_dags/example_trigger_target_dag.py for tasks to queue
[2023-03-12T12:56:44.995+0000] {logging_mixin.py:137} INFO - [2023-03-12T12:56:44.995+0000] {dagbag.py:538} INFO - Filling up the DagBag from /home/airflow/.local/lib/python3.7/site-packages/airflow/example_dags/example_trigger_target_dag.py
[2023-03-12T12:56:45.015+0000] {processor.py:753} INFO - DAG(s) dict_keys(['example_trigger_target_dag']) retrieved from /home/airflow/.local/lib/python3.7/site-packages/airflow/example_dags/example_trigger_target_dag.py
[2023-03-12T12:56:45.039+0000] {logging_mixin.py:137} INFO - [2023-03-12T12:56:45.038+0000] {dag.py:2690} INFO - Sync 1 DAGs
[2023-03-12T12:56:45.071+0000] {logging_mixin.py:137} INFO - [2023-03-12T12:56:45.071+0000] {dag.py:3441} INFO - Setting next_dagrun for example_trigger_target_dag to None, run_after=None
[2023-03-12T12:56:45.090+0000] {processor.py:175} INFO - Processing /home/airflow/.local/lib/python3.7/site-packages/airflow/example_dags/example_trigger_target_dag.py took 0.100 seconds
[2023-03-12T12:57:15.752+0000] {processor.py:153} INFO - Started process (PID=618) to work on /home/airflow/.local/lib/python3.7/site-packages/airflow/example_dags/example_trigger_target_dag.py
[2023-03-12T12:57:15.753+0000] {processor.py:743} INFO - Processing file /home/airflow/.local/lib/python3.7/site-packages/airflow/example_dags/example_trigger_target_dag.py for tasks to queue
[2023-03-12T12:57:15.754+0000] {logging_mixin.py:137} INFO - [2023-03-12T12:57:15.754+0000] {dagbag.py:538} INFO - Filling up the DagBag from /home/airflow/.local/lib/python3.7/site-packages/airflow/example_dags/example_trigger_target_dag.py
[2023-03-12T12:57:15.775+0000] {processor.py:753} INFO - DAG(s) dict_keys(['example_trigger_target_dag']) retrieved from /home/airflow/.local/lib/python3.7/site-packages/airflow/example_dags/example_trigger_target_dag.py
[2023-03-12T12:57:15.802+0000] {logging_mixin.py:137} INFO - [2023-03-12T12:57:15.802+0000] {dag.py:2690} INFO - Sync 1 DAGs
[2023-03-12T12:57:15.830+0000] {logging_mixin.py:137} INFO - [2023-03-12T12:57:15.830+0000] {dag.py:3441} INFO - Setting next_dagrun for example_trigger_target_dag to None, run_after=None
[2023-03-12T12:57:15.851+0000] {processor.py:175} INFO - Processing /home/airflow/.local/lib/python3.7/site-packages/airflow/example_dags/example_trigger_target_dag.py took 0.102 seconds
[2023-03-12T12:57:46.557+0000] {processor.py:153} INFO - Started process (PID=708) to work on /home/airflow/.local/lib/python3.7/site-packages/airflow/example_dags/example_trigger_target_dag.py
[2023-03-12T12:57:46.558+0000] {processor.py:743} INFO - Processing file /home/airflow/.local/lib/python3.7/site-packages/airflow/example_dags/example_trigger_target_dag.py for tasks to queue
[2023-03-12T12:57:46.558+0000] {logging_mixin.py:137} INFO - [2023-03-12T12:57:46.558+0000] {dagbag.py:538} INFO - Filling up the DagBag from /home/airflow/.local/lib/python3.7/site-packages/airflow/example_dags/example_trigger_target_dag.py
[2023-03-12T12:57:46.579+0000] {processor.py:753} INFO - DAG(s) dict_keys(['example_trigger_target_dag']) retrieved from /home/airflow/.local/lib/python3.7/site-packages/airflow/example_dags/example_trigger_target_dag.py
[2023-03-12T12:57:46.606+0000] {logging_mixin.py:137} INFO - [2023-03-12T12:57:46.606+0000] {dag.py:2690} INFO - Sync 1 DAGs
[2023-03-12T12:57:46.630+0000] {logging_mixin.py:137} INFO - [2023-03-12T12:57:46.630+0000] {dag.py:3441} INFO - Setting next_dagrun for example_trigger_target_dag to None, run_after=None
[2023-03-12T12:57:46.648+0000] {processor.py:175} INFO - Processing /home/airflow/.local/lib/python3.7/site-packages/airflow/example_dags/example_trigger_target_dag.py took 0.094 seconds
[2023-03-12T12:58:18.112+0000] {processor.py:153} INFO - Started process (PID=822) to work on /home/airflow/.local/lib/python3.7/site-packages/airflow/example_dags/example_trigger_target_dag.py
[2023-03-12T12:58:18.113+0000] {processor.py:743} INFO - Processing file /home/airflow/.local/lib/python3.7/site-packages/airflow/example_dags/example_trigger_target_dag.py for tasks to queue
[2023-03-12T12:58:18.113+0000] {logging_mixin.py:137} INFO - [2023-03-12T12:58:18.113+0000] {dagbag.py:538} INFO - Filling up the DagBag from /home/airflow/.local/lib/python3.7/site-packages/airflow/example_dags/example_trigger_target_dag.py
[2023-03-12T12:58:18.135+0000] {processor.py:753} INFO - DAG(s) dict_keys(['example_trigger_target_dag']) retrieved from /home/airflow/.local/lib/python3.7/site-packages/airflow/example_dags/example_trigger_target_dag.py
[2023-03-12T12:58:18.161+0000] {logging_mixin.py:137} INFO - [2023-03-12T12:58:18.160+0000] {dag.py:2690} INFO - Sync 1 DAGs
[2023-03-12T12:58:18.186+0000] {logging_mixin.py:137} INFO - [2023-03-12T12:58:18.186+0000] {dag.py:3441} INFO - Setting next_dagrun for example_trigger_target_dag to None, run_after=None
[2023-03-12T12:58:18.205+0000] {processor.py:175} INFO - Processing /home/airflow/.local/lib/python3.7/site-packages/airflow/example_dags/example_trigger_target_dag.py took 0.096 seconds
[2023-03-12T13:00:38.072+0000] {processor.py:153} INFO - Started process (PID=120) to work on /home/airflow/.local/lib/python3.7/site-packages/airflow/example_dags/example_trigger_target_dag.py
[2023-03-12T13:00:38.073+0000] {processor.py:743} INFO - Processing file /home/airflow/.local/lib/python3.7/site-packages/airflow/example_dags/example_trigger_target_dag.py for tasks to queue
[2023-03-12T13:00:38.073+0000] {logging_mixin.py:137} INFO - [2023-03-12T13:00:38.073+0000] {dagbag.py:538} INFO - Filling up the DagBag from /home/airflow/.local/lib/python3.7/site-packages/airflow/example_dags/example_trigger_target_dag.py
[2023-03-12T13:00:38.096+0000] {processor.py:753} INFO - DAG(s) dict_keys(['example_trigger_target_dag']) retrieved from /home/airflow/.local/lib/python3.7/site-packages/airflow/example_dags/example_trigger_target_dag.py
[2023-03-12T13:00:38.108+0000] {logging_mixin.py:137} INFO - [2023-03-12T13:00:38.108+0000] {dag.py:2690} INFO - Sync 1 DAGs
[2023-03-12T13:00:38.135+0000] {logging_mixin.py:137} INFO - [2023-03-12T13:00:38.135+0000] {dag.py:3441} INFO - Setting next_dagrun for example_trigger_target_dag to None, run_after=None
[2023-03-12T13:00:38.165+0000] {processor.py:175} INFO - Processing /home/airflow/.local/lib/python3.7/site-packages/airflow/example_dags/example_trigger_target_dag.py took 0.096 seconds
[2023-03-12T13:01:08.871+0000] {processor.py:153} INFO - Started process (PID=210) to work on /home/airflow/.local/lib/python3.7/site-packages/airflow/example_dags/example_trigger_target_dag.py
[2023-03-12T13:01:08.872+0000] {processor.py:743} INFO - Processing file /home/airflow/.local/lib/python3.7/site-packages/airflow/example_dags/example_trigger_target_dag.py for tasks to queue
[2023-03-12T13:01:08.873+0000] {logging_mixin.py:137} INFO - [2023-03-12T13:01:08.873+0000] {dagbag.py:538} INFO - Filling up the DagBag from /home/airflow/.local/lib/python3.7/site-packages/airflow/example_dags/example_trigger_target_dag.py
[2023-03-12T13:01:08.893+0000] {processor.py:753} INFO - DAG(s) dict_keys(['example_trigger_target_dag']) retrieved from /home/airflow/.local/lib/python3.7/site-packages/airflow/example_dags/example_trigger_target_dag.py
[2023-03-12T13:01:08.920+0000] {logging_mixin.py:137} INFO - [2023-03-12T13:01:08.920+0000] {dag.py:2690} INFO - Sync 1 DAGs
[2023-03-12T13:01:08.949+0000] {logging_mixin.py:137} INFO - [2023-03-12T13:01:08.948+0000] {dag.py:3441} INFO - Setting next_dagrun for example_trigger_target_dag to None, run_after=None
[2023-03-12T13:01:08.969+0000] {processor.py:175} INFO - Processing /home/airflow/.local/lib/python3.7/site-packages/airflow/example_dags/example_trigger_target_dag.py took 0.101 seconds
[2023-03-12T13:01:40.257+0000] {processor.py:153} INFO - Started process (PID=309) to work on /home/airflow/.local/lib/python3.7/site-packages/airflow/example_dags/example_trigger_target_dag.py
[2023-03-12T13:01:40.258+0000] {processor.py:743} INFO - Processing file /home/airflow/.local/lib/python3.7/site-packages/airflow/example_dags/example_trigger_target_dag.py for tasks to queue
[2023-03-12T13:01:40.258+0000] {logging_mixin.py:137} INFO - [2023-03-12T13:01:40.258+0000] {dagbag.py:538} INFO - Filling up the DagBag from /home/airflow/.local/lib/python3.7/site-packages/airflow/example_dags/example_trigger_target_dag.py
[2023-03-12T13:01:40.284+0000] {processor.py:753} INFO - DAG(s) dict_keys(['example_trigger_target_dag']) retrieved from /home/airflow/.local/lib/python3.7/site-packages/airflow/example_dags/example_trigger_target_dag.py
[2023-03-12T13:01:40.322+0000] {logging_mixin.py:137} INFO - [2023-03-12T13:01:40.322+0000] {dag.py:2690} INFO - Sync 1 DAGs
[2023-03-12T13:01:40.358+0000] {logging_mixin.py:137} INFO - [2023-03-12T13:01:40.357+0000] {dag.py:3441} INFO - Setting next_dagrun for example_trigger_target_dag to None, run_after=None
[2023-03-12T13:01:40.384+0000] {processor.py:175} INFO - Processing /home/airflow/.local/lib/python3.7/site-packages/airflow/example_dags/example_trigger_target_dag.py took 0.130 seconds
[2023-03-12T13:02:11.241+0000] {processor.py:153} INFO - Started process (PID=414) to work on /home/airflow/.local/lib/python3.7/site-packages/airflow/example_dags/example_trigger_target_dag.py
[2023-03-12T13:02:11.242+0000] {processor.py:743} INFO - Processing file /home/airflow/.local/lib/python3.7/site-packages/airflow/example_dags/example_trigger_target_dag.py for tasks to queue
[2023-03-12T13:02:11.242+0000] {logging_mixin.py:137} INFO - [2023-03-12T13:02:11.242+0000] {dagbag.py:538} INFO - Filling up the DagBag from /home/airflow/.local/lib/python3.7/site-packages/airflow/example_dags/example_trigger_target_dag.py
[2023-03-12T13:02:11.266+0000] {processor.py:753} INFO - DAG(s) dict_keys(['example_trigger_target_dag']) retrieved from /home/airflow/.local/lib/python3.7/site-packages/airflow/example_dags/example_trigger_target_dag.py
[2023-03-12T13:02:11.291+0000] {logging_mixin.py:137} INFO - [2023-03-12T13:02:11.291+0000] {dag.py:2690} INFO - Sync 1 DAGs
[2023-03-12T13:02:11.317+0000] {logging_mixin.py:137} INFO - [2023-03-12T13:02:11.317+0000] {dag.py:3441} INFO - Setting next_dagrun for example_trigger_target_dag to None, run_after=None
[2023-03-12T13:02:11.341+0000] {processor.py:175} INFO - Processing /home/airflow/.local/lib/python3.7/site-packages/airflow/example_dags/example_trigger_target_dag.py took 0.103 seconds
[2023-03-12T13:02:42.115+0000] {processor.py:153} INFO - Started process (PID=504) to work on /home/airflow/.local/lib/python3.7/site-packages/airflow/example_dags/example_trigger_target_dag.py
[2023-03-12T13:02:42.116+0000] {processor.py:743} INFO - Processing file /home/airflow/.local/lib/python3.7/site-packages/airflow/example_dags/example_trigger_target_dag.py for tasks to queue
[2023-03-12T13:02:42.117+0000] {logging_mixin.py:137} INFO - [2023-03-12T13:02:42.117+0000] {dagbag.py:538} INFO - Filling up the DagBag from /home/airflow/.local/lib/python3.7/site-packages/airflow/example_dags/example_trigger_target_dag.py
[2023-03-12T13:02:42.139+0000] {processor.py:753} INFO - DAG(s) dict_keys(['example_trigger_target_dag']) retrieved from /home/airflow/.local/lib/python3.7/site-packages/airflow/example_dags/example_trigger_target_dag.py
[2023-03-12T13:02:42.171+0000] {logging_mixin.py:137} INFO - [2023-03-12T13:02:42.170+0000] {dag.py:2690} INFO - Sync 1 DAGs
[2023-03-12T13:02:42.197+0000] {logging_mixin.py:137} INFO - [2023-03-12T13:02:42.197+0000] {dag.py:3441} INFO - Setting next_dagrun for example_trigger_target_dag to None, run_after=None
[2023-03-12T13:02:42.214+0000] {processor.py:175} INFO - Processing /home/airflow/.local/lib/python3.7/site-packages/airflow/example_dags/example_trigger_target_dag.py took 0.102 seconds
[2023-03-12T13:03:12.944+0000] {processor.py:153} INFO - Started process (PID=618) to work on /home/airflow/.local/lib/python3.7/site-packages/airflow/example_dags/example_trigger_target_dag.py
[2023-03-12T13:03:12.945+0000] {processor.py:743} INFO - Processing file /home/airflow/.local/lib/python3.7/site-packages/airflow/example_dags/example_trigger_target_dag.py for tasks to queue
[2023-03-12T13:03:12.945+0000] {logging_mixin.py:137} INFO - [2023-03-12T13:03:12.945+0000] {dagbag.py:538} INFO - Filling up the DagBag from /home/airflow/.local/lib/python3.7/site-packages/airflow/example_dags/example_trigger_target_dag.py
[2023-03-12T13:03:12.967+0000] {processor.py:753} INFO - DAG(s) dict_keys(['example_trigger_target_dag']) retrieved from /home/airflow/.local/lib/python3.7/site-packages/airflow/example_dags/example_trigger_target_dag.py
[2023-03-12T13:03:12.991+0000] {logging_mixin.py:137} INFO - [2023-03-12T13:03:12.990+0000] {dag.py:2690} INFO - Sync 1 DAGs
[2023-03-12T13:03:13.015+0000] {logging_mixin.py:137} INFO - [2023-03-12T13:03:13.015+0000] {dag.py:3441} INFO - Setting next_dagrun for example_trigger_target_dag to None, run_after=None
[2023-03-12T13:03:13.032+0000] {processor.py:175} INFO - Processing /home/airflow/.local/lib/python3.7/site-packages/airflow/example_dags/example_trigger_target_dag.py took 0.091 seconds
[2023-03-12T13:03:43.723+0000] {processor.py:153} INFO - Started process (PID=708) to work on /home/airflow/.local/lib/python3.7/site-packages/airflow/example_dags/example_trigger_target_dag.py
[2023-03-12T13:03:43.724+0000] {processor.py:743} INFO - Processing file /home/airflow/.local/lib/python3.7/site-packages/airflow/example_dags/example_trigger_target_dag.py for tasks to queue
[2023-03-12T13:03:43.725+0000] {logging_mixin.py:137} INFO - [2023-03-12T13:03:43.724+0000] {dagbag.py:538} INFO - Filling up the DagBag from /home/airflow/.local/lib/python3.7/site-packages/airflow/example_dags/example_trigger_target_dag.py
[2023-03-12T13:03:43.746+0000] {processor.py:753} INFO - DAG(s) dict_keys(['example_trigger_target_dag']) retrieved from /home/airflow/.local/lib/python3.7/site-packages/airflow/example_dags/example_trigger_target_dag.py
[2023-03-12T13:03:43.775+0000] {logging_mixin.py:137} INFO - [2023-03-12T13:03:43.774+0000] {dag.py:2690} INFO - Sync 1 DAGs
[2023-03-12T13:03:43.805+0000] {logging_mixin.py:137} INFO - [2023-03-12T13:03:43.805+0000] {dag.py:3441} INFO - Setting next_dagrun for example_trigger_target_dag to None, run_after=None
[2023-03-12T13:03:43.823+0000] {processor.py:175} INFO - Processing /home/airflow/.local/lib/python3.7/site-packages/airflow/example_dags/example_trigger_target_dag.py took 0.102 seconds
[2023-03-12T13:04:14.544+0000] {processor.py:153} INFO - Started process (PID=822) to work on /home/airflow/.local/lib/python3.7/site-packages/airflow/example_dags/example_trigger_target_dag.py
[2023-03-12T13:04:14.545+0000] {processor.py:743} INFO - Processing file /home/airflow/.local/lib/python3.7/site-packages/airflow/example_dags/example_trigger_target_dag.py for tasks to queue
[2023-03-12T13:04:14.546+0000] {logging_mixin.py:137} INFO - [2023-03-12T13:04:14.545+0000] {dagbag.py:538} INFO - Filling up the DagBag from /home/airflow/.local/lib/python3.7/site-packages/airflow/example_dags/example_trigger_target_dag.py
[2023-03-12T13:04:14.569+0000] {processor.py:753} INFO - DAG(s) dict_keys(['example_trigger_target_dag']) retrieved from /home/airflow/.local/lib/python3.7/site-packages/airflow/example_dags/example_trigger_target_dag.py
[2023-03-12T13:04:14.596+0000] {logging_mixin.py:137} INFO - [2023-03-12T13:04:14.596+0000] {dag.py:2690} INFO - Sync 1 DAGs
[2023-03-12T13:04:14.626+0000] {logging_mixin.py:137} INFO - [2023-03-12T13:04:14.626+0000] {dag.py:3441} INFO - Setting next_dagrun for example_trigger_target_dag to None, run_after=None
[2023-03-12T13:04:14.646+0000] {processor.py:175} INFO - Processing /home/airflow/.local/lib/python3.7/site-packages/airflow/example_dags/example_trigger_target_dag.py took 0.105 seconds
[2023-03-12T13:04:45.348+0000] {processor.py:153} INFO - Started process (PID=912) to work on /home/airflow/.local/lib/python3.7/site-packages/airflow/example_dags/example_trigger_target_dag.py
[2023-03-12T13:04:45.349+0000] {processor.py:743} INFO - Processing file /home/airflow/.local/lib/python3.7/site-packages/airflow/example_dags/example_trigger_target_dag.py for tasks to queue
[2023-03-12T13:04:45.349+0000] {logging_mixin.py:137} INFO - [2023-03-12T13:04:45.349+0000] {dagbag.py:538} INFO - Filling up the DagBag from /home/airflow/.local/lib/python3.7/site-packages/airflow/example_dags/example_trigger_target_dag.py
[2023-03-12T13:04:45.372+0000] {processor.py:753} INFO - DAG(s) dict_keys(['example_trigger_target_dag']) retrieved from /home/airflow/.local/lib/python3.7/site-packages/airflow/example_dags/example_trigger_target_dag.py
[2023-03-12T13:04:45.396+0000] {logging_mixin.py:137} INFO - [2023-03-12T13:04:45.395+0000] {dag.py:2690} INFO - Sync 1 DAGs
[2023-03-12T13:04:45.426+0000] {logging_mixin.py:137} INFO - [2023-03-12T13:04:45.426+0000] {dag.py:3441} INFO - Setting next_dagrun for example_trigger_target_dag to None, run_after=None
[2023-03-12T13:04:45.450+0000] {processor.py:175} INFO - Processing /home/airflow/.local/lib/python3.7/site-packages/airflow/example_dags/example_trigger_target_dag.py took 0.105 seconds
[2023-03-12T13:05:16.727+0000] {processor.py:153} INFO - Started process (PID=1012) to work on /home/airflow/.local/lib/python3.7/site-packages/airflow/example_dags/example_trigger_target_dag.py
[2023-03-12T13:05:16.729+0000] {processor.py:743} INFO - Processing file /home/airflow/.local/lib/python3.7/site-packages/airflow/example_dags/example_trigger_target_dag.py for tasks to queue
[2023-03-12T13:05:16.729+0000] {logging_mixin.py:137} INFO - [2023-03-12T13:05:16.729+0000] {dagbag.py:538} INFO - Filling up the DagBag from /home/airflow/.local/lib/python3.7/site-packages/airflow/example_dags/example_trigger_target_dag.py
[2023-03-12T13:05:16.759+0000] {processor.py:753} INFO - DAG(s) dict_keys(['example_trigger_target_dag']) retrieved from /home/airflow/.local/lib/python3.7/site-packages/airflow/example_dags/example_trigger_target_dag.py
[2023-03-12T13:05:16.803+0000] {logging_mixin.py:137} INFO - [2023-03-12T13:05:16.802+0000] {dag.py:2690} INFO - Sync 1 DAGs
[2023-03-12T13:05:16.844+0000] {logging_mixin.py:137} INFO - [2023-03-12T13:05:16.844+0000] {dag.py:3441} INFO - Setting next_dagrun for example_trigger_target_dag to None, run_after=None
[2023-03-12T13:05:16.876+0000] {processor.py:175} INFO - Processing /home/airflow/.local/lib/python3.7/site-packages/airflow/example_dags/example_trigger_target_dag.py took 0.152 seconds
[2023-03-12T13:05:46.916+0000] {processor.py:153} INFO - Started process (PID=1117) to work on /home/airflow/.local/lib/python3.7/site-packages/airflow/example_dags/example_trigger_target_dag.py
[2023-03-12T13:05:46.917+0000] {processor.py:743} INFO - Processing file /home/airflow/.local/lib/python3.7/site-packages/airflow/example_dags/example_trigger_target_dag.py for tasks to queue
[2023-03-12T13:05:46.917+0000] {logging_mixin.py:137} INFO - [2023-03-12T13:05:46.917+0000] {dagbag.py:538} INFO - Filling up the DagBag from /home/airflow/.local/lib/python3.7/site-packages/airflow/example_dags/example_trigger_target_dag.py
[2023-03-12T13:05:46.938+0000] {processor.py:753} INFO - DAG(s) dict_keys(['example_trigger_target_dag']) retrieved from /home/airflow/.local/lib/python3.7/site-packages/airflow/example_dags/example_trigger_target_dag.py
[2023-03-12T13:05:46.971+0000] {logging_mixin.py:137} INFO - [2023-03-12T13:05:46.971+0000] {dag.py:2690} INFO - Sync 1 DAGs
[2023-03-12T13:05:47.006+0000] {logging_mixin.py:137} INFO - [2023-03-12T13:05:47.006+0000] {dag.py:3441} INFO - Setting next_dagrun for example_trigger_target_dag to None, run_after=None
[2023-03-12T13:05:47.030+0000] {processor.py:175} INFO - Processing /home/airflow/.local/lib/python3.7/site-packages/airflow/example_dags/example_trigger_target_dag.py took 0.118 seconds
[2023-03-12T13:06:17.120+0000] {processor.py:153} INFO - Started process (PID=1207) to work on /home/airflow/.local/lib/python3.7/site-packages/airflow/example_dags/example_trigger_target_dag.py
[2023-03-12T13:06:17.121+0000] {processor.py:743} INFO - Processing file /home/airflow/.local/lib/python3.7/site-packages/airflow/example_dags/example_trigger_target_dag.py for tasks to queue
[2023-03-12T13:06:17.121+0000] {logging_mixin.py:137} INFO - [2023-03-12T13:06:17.121+0000] {dagbag.py:538} INFO - Filling up the DagBag from /home/airflow/.local/lib/python3.7/site-packages/airflow/example_dags/example_trigger_target_dag.py
[2023-03-12T13:06:17.153+0000] {processor.py:753} INFO - DAG(s) dict_keys(['example_trigger_target_dag']) retrieved from /home/airflow/.local/lib/python3.7/site-packages/airflow/example_dags/example_trigger_target_dag.py
[2023-03-12T13:06:17.184+0000] {logging_mixin.py:137} INFO - [2023-03-12T13:06:17.184+0000] {dag.py:2690} INFO - Sync 1 DAGs
[2023-03-12T13:06:17.214+0000] {logging_mixin.py:137} INFO - [2023-03-12T13:06:17.214+0000] {dag.py:3441} INFO - Setting next_dagrun for example_trigger_target_dag to None, run_after=None
[2023-03-12T13:06:17.238+0000] {processor.py:175} INFO - Processing /home/airflow/.local/lib/python3.7/site-packages/airflow/example_dags/example_trigger_target_dag.py took 0.122 seconds
[2023-03-12T13:06:47.892+0000] {processor.py:153} INFO - Started process (PID=1331) to work on /home/airflow/.local/lib/python3.7/site-packages/airflow/example_dags/example_trigger_target_dag.py
[2023-03-12T13:06:47.894+0000] {processor.py:743} INFO - Processing file /home/airflow/.local/lib/python3.7/site-packages/airflow/example_dags/example_trigger_target_dag.py for tasks to queue
[2023-03-12T13:06:47.895+0000] {logging_mixin.py:137} INFO - [2023-03-12T13:06:47.894+0000] {dagbag.py:538} INFO - Filling up the DagBag from /home/airflow/.local/lib/python3.7/site-packages/airflow/example_dags/example_trigger_target_dag.py
[2023-03-12T13:06:47.966+0000] {processor.py:753} INFO - DAG(s) dict_keys(['example_trigger_target_dag']) retrieved from /home/airflow/.local/lib/python3.7/site-packages/airflow/example_dags/example_trigger_target_dag.py
[2023-03-12T13:06:47.991+0000] {logging_mixin.py:137} INFO - [2023-03-12T13:06:47.991+0000] {dag.py:2690} INFO - Sync 1 DAGs
[2023-03-12T13:06:48.019+0000] {logging_mixin.py:137} INFO - [2023-03-12T13:06:48.019+0000] {dag.py:3441} INFO - Setting next_dagrun for example_trigger_target_dag to None, run_after=None
[2023-03-12T13:06:48.037+0000] {processor.py:175} INFO - Processing /home/airflow/.local/lib/python3.7/site-packages/airflow/example_dags/example_trigger_target_dag.py took 0.148 seconds
[2023-03-12T13:07:07.375+0000] {processor.py:153} INFO - Started process (PID=105) to work on /home/airflow/.local/lib/python3.7/site-packages/airflow/example_dags/example_trigger_target_dag.py
[2023-03-12T13:07:07.376+0000] {processor.py:743} INFO - Processing file /home/airflow/.local/lib/python3.7/site-packages/airflow/example_dags/example_trigger_target_dag.py for tasks to queue
[2023-03-12T13:07:07.376+0000] {logging_mixin.py:137} INFO - [2023-03-12T13:07:07.376+0000] {dagbag.py:538} INFO - Filling up the DagBag from /home/airflow/.local/lib/python3.7/site-packages/airflow/example_dags/example_trigger_target_dag.py
[2023-03-12T13:07:07.454+0000] {processor.py:753} INFO - DAG(s) dict_keys(['example_trigger_target_dag']) retrieved from /home/airflow/.local/lib/python3.7/site-packages/airflow/example_dags/example_trigger_target_dag.py
[2023-03-12T13:07:07.469+0000] {logging_mixin.py:137} INFO - [2023-03-12T13:07:07.469+0000] {dag.py:2690} INFO - Sync 1 DAGs
[2023-03-12T13:07:07.683+0000] {logging_mixin.py:137} INFO - [2023-03-12T13:07:07.683+0000] {dag.py:3441} INFO - Setting next_dagrun for example_trigger_target_dag to None, run_after=None
[2023-03-12T13:07:07.770+0000] {processor.py:175} INFO - Processing /home/airflow/.local/lib/python3.7/site-packages/airflow/example_dags/example_trigger_target_dag.py took 0.398 seconds
[2023-03-12T13:07:38.431+0000] {processor.py:153} INFO - Started process (PID=209) to work on /home/airflow/.local/lib/python3.7/site-packages/airflow/example_dags/example_trigger_target_dag.py
[2023-03-12T13:07:38.432+0000] {processor.py:743} INFO - Processing file /home/airflow/.local/lib/python3.7/site-packages/airflow/example_dags/example_trigger_target_dag.py for tasks to queue
[2023-03-12T13:07:38.433+0000] {logging_mixin.py:137} INFO - [2023-03-12T13:07:38.433+0000] {dagbag.py:538} INFO - Filling up the DagBag from /home/airflow/.local/lib/python3.7/site-packages/airflow/example_dags/example_trigger_target_dag.py
[2023-03-12T13:07:38.455+0000] {processor.py:753} INFO - DAG(s) dict_keys(['example_trigger_target_dag']) retrieved from /home/airflow/.local/lib/python3.7/site-packages/airflow/example_dags/example_trigger_target_dag.py
[2023-03-12T13:07:38.482+0000] {logging_mixin.py:137} INFO - [2023-03-12T13:07:38.482+0000] {dag.py:2690} INFO - Sync 1 DAGs
[2023-03-12T13:07:38.509+0000] {logging_mixin.py:137} INFO - [2023-03-12T13:07:38.508+0000] {dag.py:3441} INFO - Setting next_dagrun for example_trigger_target_dag to None, run_after=None
[2023-03-12T13:07:38.531+0000] {processor.py:175} INFO - Processing /home/airflow/.local/lib/python3.7/site-packages/airflow/example_dags/example_trigger_target_dag.py took 0.103 seconds
[2023-03-12T13:08:09.194+0000] {processor.py:153} INFO - Started process (PID=299) to work on /home/airflow/.local/lib/python3.7/site-packages/airflow/example_dags/example_trigger_target_dag.py
[2023-03-12T13:08:09.195+0000] {processor.py:743} INFO - Processing file /home/airflow/.local/lib/python3.7/site-packages/airflow/example_dags/example_trigger_target_dag.py for tasks to queue
[2023-03-12T13:08:09.195+0000] {logging_mixin.py:137} INFO - [2023-03-12T13:08:09.195+0000] {dagbag.py:538} INFO - Filling up the DagBag from /home/airflow/.local/lib/python3.7/site-packages/airflow/example_dags/example_trigger_target_dag.py
[2023-03-12T13:08:09.217+0000] {processor.py:753} INFO - DAG(s) dict_keys(['example_trigger_target_dag']) retrieved from /home/airflow/.local/lib/python3.7/site-packages/airflow/example_dags/example_trigger_target_dag.py
[2023-03-12T13:08:09.244+0000] {logging_mixin.py:137} INFO - [2023-03-12T13:08:09.243+0000] {dag.py:2690} INFO - Sync 1 DAGs
[2023-03-12T13:08:09.273+0000] {logging_mixin.py:137} INFO - [2023-03-12T13:08:09.272+0000] {dag.py:3441} INFO - Setting next_dagrun for example_trigger_target_dag to None, run_after=None
[2023-03-12T13:08:09.294+0000] {processor.py:175} INFO - Processing /home/airflow/.local/lib/python3.7/site-packages/airflow/example_dags/example_trigger_target_dag.py took 0.103 seconds
[2023-03-12T13:08:40.105+0000] {processor.py:153} INFO - Started process (PID=414) to work on /home/airflow/.local/lib/python3.7/site-packages/airflow/example_dags/example_trigger_target_dag.py
[2023-03-12T13:08:40.106+0000] {processor.py:743} INFO - Processing file /home/airflow/.local/lib/python3.7/site-packages/airflow/example_dags/example_trigger_target_dag.py for tasks to queue
[2023-03-12T13:08:40.107+0000] {logging_mixin.py:137} INFO - [2023-03-12T13:08:40.107+0000] {dagbag.py:538} INFO - Filling up the DagBag from /home/airflow/.local/lib/python3.7/site-packages/airflow/example_dags/example_trigger_target_dag.py
[2023-03-12T13:08:40.130+0000] {processor.py:753} INFO - DAG(s) dict_keys(['example_trigger_target_dag']) retrieved from /home/airflow/.local/lib/python3.7/site-packages/airflow/example_dags/example_trigger_target_dag.py
[2023-03-12T13:08:40.164+0000] {logging_mixin.py:137} INFO - [2023-03-12T13:08:40.164+0000] {dag.py:2690} INFO - Sync 1 DAGs
[2023-03-12T13:08:40.200+0000] {logging_mixin.py:137} INFO - [2023-03-12T13:08:40.199+0000] {dag.py:3441} INFO - Setting next_dagrun for example_trigger_target_dag to None, run_after=None
[2023-03-12T13:08:40.219+0000] {processor.py:175} INFO - Processing /home/airflow/.local/lib/python3.7/site-packages/airflow/example_dags/example_trigger_target_dag.py took 0.117 seconds
[2023-03-12T13:08:59.052+0000] {processor.py:153} INFO - Started process (PID=96) to work on /home/airflow/.local/lib/python3.7/site-packages/airflow/example_dags/example_trigger_target_dag.py
[2023-03-12T13:08:59.053+0000] {processor.py:743} INFO - Processing file /home/airflow/.local/lib/python3.7/site-packages/airflow/example_dags/example_trigger_target_dag.py for tasks to queue
[2023-03-12T13:08:59.053+0000] {logging_mixin.py:137} INFO - [2023-03-12T13:08:59.053+0000] {dagbag.py:538} INFO - Filling up the DagBag from /home/airflow/.local/lib/python3.7/site-packages/airflow/example_dags/example_trigger_target_dag.py
[2023-03-12T13:08:59.073+0000] {processor.py:753} INFO - DAG(s) dict_keys(['example_trigger_target_dag']) retrieved from /home/airflow/.local/lib/python3.7/site-packages/airflow/example_dags/example_trigger_target_dag.py
[2023-03-12T13:08:59.085+0000] {logging_mixin.py:137} INFO - [2023-03-12T13:08:59.084+0000] {dag.py:2690} INFO - Sync 1 DAGs
[2023-03-12T13:08:59.112+0000] {logging_mixin.py:137} INFO - [2023-03-12T13:08:59.111+0000] {dag.py:3441} INFO - Setting next_dagrun for example_trigger_target_dag to None, run_after=None
[2023-03-12T13:08:59.129+0000] {processor.py:175} INFO - Processing /home/airflow/.local/lib/python3.7/site-packages/airflow/example_dags/example_trigger_target_dag.py took 0.081 seconds
[2023-03-12T13:09:30.038+0000] {processor.py:153} INFO - Started process (PID=210) to work on /home/airflow/.local/lib/python3.7/site-packages/airflow/example_dags/example_trigger_target_dag.py
[2023-03-12T13:09:30.039+0000] {processor.py:743} INFO - Processing file /home/airflow/.local/lib/python3.7/site-packages/airflow/example_dags/example_trigger_target_dag.py for tasks to queue
[2023-03-12T13:09:30.040+0000] {logging_mixin.py:137} INFO - [2023-03-12T13:09:30.039+0000] {dagbag.py:538} INFO - Filling up the DagBag from /home/airflow/.local/lib/python3.7/site-packages/airflow/example_dags/example_trigger_target_dag.py
[2023-03-12T13:09:30.062+0000] {processor.py:753} INFO - DAG(s) dict_keys(['example_trigger_target_dag']) retrieved from /home/airflow/.local/lib/python3.7/site-packages/airflow/example_dags/example_trigger_target_dag.py
[2023-03-12T13:09:30.088+0000] {logging_mixin.py:137} INFO - [2023-03-12T13:09:30.088+0000] {dag.py:2690} INFO - Sync 1 DAGs
[2023-03-12T13:09:30.114+0000] {logging_mixin.py:137} INFO - [2023-03-12T13:09:30.114+0000] {dag.py:3441} INFO - Setting next_dagrun for example_trigger_target_dag to None, run_after=None
[2023-03-12T13:09:30.131+0000] {processor.py:175} INFO - Processing /home/airflow/.local/lib/python3.7/site-packages/airflow/example_dags/example_trigger_target_dag.py took 0.096 seconds
[2023-03-12T13:10:00.825+0000] {processor.py:153} INFO - Started process (PID=300) to work on /home/airflow/.local/lib/python3.7/site-packages/airflow/example_dags/example_trigger_target_dag.py
[2023-03-12T13:10:00.826+0000] {processor.py:743} INFO - Processing file /home/airflow/.local/lib/python3.7/site-packages/airflow/example_dags/example_trigger_target_dag.py for tasks to queue
[2023-03-12T13:10:00.827+0000] {logging_mixin.py:137} INFO - [2023-03-12T13:10:00.827+0000] {dagbag.py:538} INFO - Filling up the DagBag from /home/airflow/.local/lib/python3.7/site-packages/airflow/example_dags/example_trigger_target_dag.py
[2023-03-12T13:10:00.848+0000] {processor.py:753} INFO - DAG(s) dict_keys(['example_trigger_target_dag']) retrieved from /home/airflow/.local/lib/python3.7/site-packages/airflow/example_dags/example_trigger_target_dag.py
[2023-03-12T13:10:00.879+0000] {logging_mixin.py:137} INFO - [2023-03-12T13:10:00.879+0000] {dag.py:2690} INFO - Sync 1 DAGs
[2023-03-12T13:10:00.905+0000] {logging_mixin.py:137} INFO - [2023-03-12T13:10:00.905+0000] {dag.py:3441} INFO - Setting next_dagrun for example_trigger_target_dag to None, run_after=None
[2023-03-12T13:10:00.928+0000] {processor.py:175} INFO - Processing /home/airflow/.local/lib/python3.7/site-packages/airflow/example_dags/example_trigger_target_dag.py took 0.105 seconds
[2023-03-12T13:10:32.057+0000] {processor.py:153} INFO - Started process (PID=424) to work on /home/airflow/.local/lib/python3.7/site-packages/airflow/example_dags/example_trigger_target_dag.py
[2023-03-12T13:10:32.058+0000] {processor.py:743} INFO - Processing file /home/airflow/.local/lib/python3.7/site-packages/airflow/example_dags/example_trigger_target_dag.py for tasks to queue
[2023-03-12T13:10:32.058+0000] {logging_mixin.py:137} INFO - [2023-03-12T13:10:32.058+0000] {dagbag.py:538} INFO - Filling up the DagBag from /home/airflow/.local/lib/python3.7/site-packages/airflow/example_dags/example_trigger_target_dag.py
[2023-03-12T13:10:32.080+0000] {processor.py:753} INFO - DAG(s) dict_keys(['example_trigger_target_dag']) retrieved from /home/airflow/.local/lib/python3.7/site-packages/airflow/example_dags/example_trigger_target_dag.py
[2023-03-12T13:10:32.111+0000] {logging_mixin.py:137} INFO - [2023-03-12T13:10:32.111+0000] {dag.py:2690} INFO - Sync 1 DAGs
[2023-03-12T13:10:32.153+0000] {logging_mixin.py:137} INFO - [2023-03-12T13:10:32.152+0000] {dag.py:3441} INFO - Setting next_dagrun for example_trigger_target_dag to None, run_after=None
[2023-03-12T13:10:32.172+0000] {processor.py:175} INFO - Processing /home/airflow/.local/lib/python3.7/site-packages/airflow/example_dags/example_trigger_target_dag.py took 0.118 seconds
[2023-03-12T13:11:03.313+0000] {processor.py:153} INFO - Started process (PID=518) to work on /home/airflow/.local/lib/python3.7/site-packages/airflow/example_dags/example_trigger_target_dag.py
[2023-03-12T13:11:03.314+0000] {processor.py:743} INFO - Processing file /home/airflow/.local/lib/python3.7/site-packages/airflow/example_dags/example_trigger_target_dag.py for tasks to queue
[2023-03-12T13:11:03.315+0000] {logging_mixin.py:137} INFO - [2023-03-12T13:11:03.315+0000] {dagbag.py:538} INFO - Filling up the DagBag from /home/airflow/.local/lib/python3.7/site-packages/airflow/example_dags/example_trigger_target_dag.py
[2023-03-12T13:11:03.335+0000] {processor.py:753} INFO - DAG(s) dict_keys(['example_trigger_target_dag']) retrieved from /home/airflow/.local/lib/python3.7/site-packages/airflow/example_dags/example_trigger_target_dag.py
[2023-03-12T13:11:03.361+0000] {logging_mixin.py:137} INFO - [2023-03-12T13:11:03.361+0000] {dag.py:2690} INFO - Sync 1 DAGs
[2023-03-12T13:11:03.386+0000] {logging_mixin.py:137} INFO - [2023-03-12T13:11:03.385+0000] {dag.py:3441} INFO - Setting next_dagrun for example_trigger_target_dag to None, run_after=None
[2023-03-12T13:11:03.403+0000] {processor.py:175} INFO - Processing /home/airflow/.local/lib/python3.7/site-packages/airflow/example_dags/example_trigger_target_dag.py took 0.093 seconds
[2023-03-12T13:11:34.482+0000] {processor.py:153} INFO - Started process (PID=632) to work on /home/airflow/.local/lib/python3.7/site-packages/airflow/example_dags/example_trigger_target_dag.py
[2023-03-12T13:11:34.482+0000] {processor.py:743} INFO - Processing file /home/airflow/.local/lib/python3.7/site-packages/airflow/example_dags/example_trigger_target_dag.py for tasks to queue
[2023-03-12T13:11:34.483+0000] {logging_mixin.py:137} INFO - [2023-03-12T13:11:34.483+0000] {dagbag.py:538} INFO - Filling up the DagBag from /home/airflow/.local/lib/python3.7/site-packages/airflow/example_dags/example_trigger_target_dag.py
[2023-03-12T13:11:34.504+0000] {processor.py:753} INFO - DAG(s) dict_keys(['example_trigger_target_dag']) retrieved from /home/airflow/.local/lib/python3.7/site-packages/airflow/example_dags/example_trigger_target_dag.py
[2023-03-12T13:11:34.529+0000] {logging_mixin.py:137} INFO - [2023-03-12T13:11:34.529+0000] {dag.py:2690} INFO - Sync 1 DAGs
[2023-03-12T13:11:34.561+0000] {logging_mixin.py:137} INFO - [2023-03-12T13:11:34.561+0000] {dag.py:3441} INFO - Setting next_dagrun for example_trigger_target_dag to None, run_after=None
[2023-03-12T13:11:34.579+0000] {processor.py:175} INFO - Processing /home/airflow/.local/lib/python3.7/site-packages/airflow/example_dags/example_trigger_target_dag.py took 0.100 seconds
[2023-03-12T13:12:05.592+0000] {processor.py:153} INFO - Started process (PID=726) to work on /home/airflow/.local/lib/python3.7/site-packages/airflow/example_dags/example_trigger_target_dag.py
[2023-03-12T13:12:05.593+0000] {processor.py:743} INFO - Processing file /home/airflow/.local/lib/python3.7/site-packages/airflow/example_dags/example_trigger_target_dag.py for tasks to queue
[2023-03-12T13:12:05.594+0000] {logging_mixin.py:137} INFO - [2023-03-12T13:12:05.594+0000] {dagbag.py:538} INFO - Filling up the DagBag from /home/airflow/.local/lib/python3.7/site-packages/airflow/example_dags/example_trigger_target_dag.py
[2023-03-12T13:12:05.614+0000] {processor.py:753} INFO - DAG(s) dict_keys(['example_trigger_target_dag']) retrieved from /home/airflow/.local/lib/python3.7/site-packages/airflow/example_dags/example_trigger_target_dag.py
[2023-03-12T13:12:05.639+0000] {logging_mixin.py:137} INFO - [2023-03-12T13:12:05.639+0000] {dag.py:2690} INFO - Sync 1 DAGs
[2023-03-12T13:12:05.666+0000] {logging_mixin.py:137} INFO - [2023-03-12T13:12:05.666+0000] {dag.py:3441} INFO - Setting next_dagrun for example_trigger_target_dag to None, run_after=None
[2023-03-12T13:12:05.685+0000] {processor.py:175} INFO - Processing /home/airflow/.local/lib/python3.7/site-packages/airflow/example_dags/example_trigger_target_dag.py took 0.095 seconds
[2023-03-12T13:12:36.709+0000] {processor.py:153} INFO - Started process (PID=840) to work on /home/airflow/.local/lib/python3.7/site-packages/airflow/example_dags/example_trigger_target_dag.py
[2023-03-12T13:12:36.710+0000] {processor.py:743} INFO - Processing file /home/airflow/.local/lib/python3.7/site-packages/airflow/example_dags/example_trigger_target_dag.py for tasks to queue
[2023-03-12T13:12:36.711+0000] {logging_mixin.py:137} INFO - [2023-03-12T13:12:36.711+0000] {dagbag.py:538} INFO - Filling up the DagBag from /home/airflow/.local/lib/python3.7/site-packages/airflow/example_dags/example_trigger_target_dag.py
[2023-03-12T13:12:36.731+0000] {processor.py:753} INFO - DAG(s) dict_keys(['example_trigger_target_dag']) retrieved from /home/airflow/.local/lib/python3.7/site-packages/airflow/example_dags/example_trigger_target_dag.py
[2023-03-12T13:12:36.757+0000] {logging_mixin.py:137} INFO - [2023-03-12T13:12:36.757+0000] {dag.py:2690} INFO - Sync 1 DAGs
[2023-03-12T13:12:36.783+0000] {logging_mixin.py:137} INFO - [2023-03-12T13:12:36.783+0000] {dag.py:3441} INFO - Setting next_dagrun for example_trigger_target_dag to None, run_after=None
[2023-03-12T13:12:36.801+0000] {processor.py:175} INFO - Processing /home/airflow/.local/lib/python3.7/site-packages/airflow/example_dags/example_trigger_target_dag.py took 0.095 seconds
[2023-03-12T13:13:06.962+0000] {processor.py:153} INFO - Started process (PID=934) to work on /home/airflow/.local/lib/python3.7/site-packages/airflow/example_dags/example_trigger_target_dag.py
[2023-03-12T13:13:06.963+0000] {processor.py:743} INFO - Processing file /home/airflow/.local/lib/python3.7/site-packages/airflow/example_dags/example_trigger_target_dag.py for tasks to queue
[2023-03-12T13:13:06.964+0000] {logging_mixin.py:137} INFO - [2023-03-12T13:13:06.964+0000] {dagbag.py:538} INFO - Filling up the DagBag from /home/airflow/.local/lib/python3.7/site-packages/airflow/example_dags/example_trigger_target_dag.py
[2023-03-12T13:13:06.988+0000] {processor.py:753} INFO - DAG(s) dict_keys(['example_trigger_target_dag']) retrieved from /home/airflow/.local/lib/python3.7/site-packages/airflow/example_dags/example_trigger_target_dag.py
[2023-03-12T13:13:07.010+0000] {logging_mixin.py:137} INFO - [2023-03-12T13:13:07.010+0000] {dag.py:2690} INFO - Sync 1 DAGs
[2023-03-12T13:13:07.036+0000] {logging_mixin.py:137} INFO - [2023-03-12T13:13:07.036+0000] {dag.py:3441} INFO - Setting next_dagrun for example_trigger_target_dag to None, run_after=None
[2023-03-12T13:13:07.059+0000] {processor.py:175} INFO - Processing /home/airflow/.local/lib/python3.7/site-packages/airflow/example_dags/example_trigger_target_dag.py took 0.101 seconds
[2023-03-12T13:13:38.025+0000] {processor.py:153} INFO - Started process (PID=1024) to work on /home/airflow/.local/lib/python3.7/site-packages/airflow/example_dags/example_trigger_target_dag.py
[2023-03-12T13:13:38.026+0000] {processor.py:743} INFO - Processing file /home/airflow/.local/lib/python3.7/site-packages/airflow/example_dags/example_trigger_target_dag.py for tasks to queue
[2023-03-12T13:13:38.026+0000] {logging_mixin.py:137} INFO - [2023-03-12T13:13:38.026+0000] {dagbag.py:538} INFO - Filling up the DagBag from /home/airflow/.local/lib/python3.7/site-packages/airflow/example_dags/example_trigger_target_dag.py
[2023-03-12T13:13:38.047+0000] {processor.py:753} INFO - DAG(s) dict_keys(['example_trigger_target_dag']) retrieved from /home/airflow/.local/lib/python3.7/site-packages/airflow/example_dags/example_trigger_target_dag.py
[2023-03-12T13:13:38.078+0000] {logging_mixin.py:137} INFO - [2023-03-12T13:13:38.078+0000] {dag.py:2690} INFO - Sync 1 DAGs
[2023-03-12T13:13:38.111+0000] {logging_mixin.py:137} INFO - [2023-03-12T13:13:38.110+0000] {dag.py:3441} INFO - Setting next_dagrun for example_trigger_target_dag to None, run_after=None
[2023-03-12T13:13:38.131+0000] {processor.py:175} INFO - Processing /home/airflow/.local/lib/python3.7/site-packages/airflow/example_dags/example_trigger_target_dag.py took 0.109 seconds
[2023-03-12T13:14:08.268+0000] {processor.py:153} INFO - Started process (PID=1142) to work on /home/airflow/.local/lib/python3.7/site-packages/airflow/example_dags/example_trigger_target_dag.py
[2023-03-12T13:14:08.269+0000] {processor.py:743} INFO - Processing file /home/airflow/.local/lib/python3.7/site-packages/airflow/example_dags/example_trigger_target_dag.py for tasks to queue
[2023-03-12T13:14:08.270+0000] {logging_mixin.py:137} INFO - [2023-03-12T13:14:08.270+0000] {dagbag.py:538} INFO - Filling up the DagBag from /home/airflow/.local/lib/python3.7/site-packages/airflow/example_dags/example_trigger_target_dag.py
[2023-03-12T13:14:08.291+0000] {processor.py:753} INFO - DAG(s) dict_keys(['example_trigger_target_dag']) retrieved from /home/airflow/.local/lib/python3.7/site-packages/airflow/example_dags/example_trigger_target_dag.py
[2023-03-12T13:14:08.315+0000] {logging_mixin.py:137} INFO - [2023-03-12T13:14:08.315+0000] {dag.py:2690} INFO - Sync 1 DAGs
[2023-03-12T13:14:08.342+0000] {logging_mixin.py:137} INFO - [2023-03-12T13:14:08.342+0000] {dag.py:3441} INFO - Setting next_dagrun for example_trigger_target_dag to None, run_after=None
[2023-03-12T13:14:08.366+0000] {processor.py:175} INFO - Processing /home/airflow/.local/lib/python3.7/site-packages/airflow/example_dags/example_trigger_target_dag.py took 0.102 seconds
[2023-03-12T13:14:38.491+0000] {processor.py:153} INFO - Started process (PID=1232) to work on /home/airflow/.local/lib/python3.7/site-packages/airflow/example_dags/example_trigger_target_dag.py
[2023-03-12T13:14:38.492+0000] {processor.py:743} INFO - Processing file /home/airflow/.local/lib/python3.7/site-packages/airflow/example_dags/example_trigger_target_dag.py for tasks to queue
[2023-03-12T13:14:38.492+0000] {logging_mixin.py:137} INFO - [2023-03-12T13:14:38.492+0000] {dagbag.py:538} INFO - Filling up the DagBag from /home/airflow/.local/lib/python3.7/site-packages/airflow/example_dags/example_trigger_target_dag.py
[2023-03-12T13:14:38.513+0000] {processor.py:753} INFO - DAG(s) dict_keys(['example_trigger_target_dag']) retrieved from /home/airflow/.local/lib/python3.7/site-packages/airflow/example_dags/example_trigger_target_dag.py
[2023-03-12T13:14:38.537+0000] {logging_mixin.py:137} INFO - [2023-03-12T13:14:38.537+0000] {dag.py:2690} INFO - Sync 1 DAGs
[2023-03-12T13:14:38.566+0000] {logging_mixin.py:137} INFO - [2023-03-12T13:14:38.566+0000] {dag.py:3441} INFO - Setting next_dagrun for example_trigger_target_dag to None, run_after=None
[2023-03-12T13:14:38.584+0000] {processor.py:175} INFO - Processing /home/airflow/.local/lib/python3.7/site-packages/airflow/example_dags/example_trigger_target_dag.py took 0.096 seconds
[2023-03-12T13:15:08.983+0000] {processor.py:153} INFO - Started process (PID=1350) to work on /home/airflow/.local/lib/python3.7/site-packages/airflow/example_dags/example_trigger_target_dag.py
[2023-03-12T13:15:08.984+0000] {processor.py:743} INFO - Processing file /home/airflow/.local/lib/python3.7/site-packages/airflow/example_dags/example_trigger_target_dag.py for tasks to queue
[2023-03-12T13:15:08.985+0000] {logging_mixin.py:137} INFO - [2023-03-12T13:15:08.985+0000] {dagbag.py:538} INFO - Filling up the DagBag from /home/airflow/.local/lib/python3.7/site-packages/airflow/example_dags/example_trigger_target_dag.py
[2023-03-12T13:15:09.007+0000] {processor.py:753} INFO - DAG(s) dict_keys(['example_trigger_target_dag']) retrieved from /home/airflow/.local/lib/python3.7/site-packages/airflow/example_dags/example_trigger_target_dag.py
[2023-03-12T13:15:09.043+0000] {logging_mixin.py:137} INFO - [2023-03-12T13:15:09.043+0000] {dag.py:2690} INFO - Sync 1 DAGs
[2023-03-12T13:15:09.088+0000] {logging_mixin.py:137} INFO - [2023-03-12T13:15:09.088+0000] {dag.py:3441} INFO - Setting next_dagrun for example_trigger_target_dag to None, run_after=None
[2023-03-12T13:15:09.108+0000] {processor.py:175} INFO - Processing /home/airflow/.local/lib/python3.7/site-packages/airflow/example_dags/example_trigger_target_dag.py took 0.128 seconds
[2023-03-12T13:15:39.194+0000] {processor.py:153} INFO - Started process (PID=1440) to work on /home/airflow/.local/lib/python3.7/site-packages/airflow/example_dags/example_trigger_target_dag.py
[2023-03-12T13:15:39.195+0000] {processor.py:743} INFO - Processing file /home/airflow/.local/lib/python3.7/site-packages/airflow/example_dags/example_trigger_target_dag.py for tasks to queue
[2023-03-12T13:15:39.196+0000] {logging_mixin.py:137} INFO - [2023-03-12T13:15:39.196+0000] {dagbag.py:538} INFO - Filling up the DagBag from /home/airflow/.local/lib/python3.7/site-packages/airflow/example_dags/example_trigger_target_dag.py
[2023-03-12T13:15:39.217+0000] {processor.py:753} INFO - DAG(s) dict_keys(['example_trigger_target_dag']) retrieved from /home/airflow/.local/lib/python3.7/site-packages/airflow/example_dags/example_trigger_target_dag.py
[2023-03-12T13:15:39.239+0000] {logging_mixin.py:137} INFO - [2023-03-12T13:15:39.239+0000] {dag.py:2690} INFO - Sync 1 DAGs
[2023-03-12T13:15:39.266+0000] {logging_mixin.py:137} INFO - [2023-03-12T13:15:39.266+0000] {dag.py:3441} INFO - Setting next_dagrun for example_trigger_target_dag to None, run_after=None
[2023-03-12T13:15:39.284+0000] {processor.py:175} INFO - Processing /home/airflow/.local/lib/python3.7/site-packages/airflow/example_dags/example_trigger_target_dag.py took 0.093 seconds
[2023-03-12T13:16:15.098+0000] {processor.py:153} INFO - Started process (PID=97) to work on /home/airflow/.local/lib/python3.7/site-packages/airflow/example_dags/example_trigger_target_dag.py
[2023-03-12T13:16:15.099+0000] {processor.py:743} INFO - Processing file /home/airflow/.local/lib/python3.7/site-packages/airflow/example_dags/example_trigger_target_dag.py for tasks to queue
[2023-03-12T13:16:15.099+0000] {logging_mixin.py:137} INFO - [2023-03-12T13:16:15.099+0000] {dagbag.py:538} INFO - Filling up the DagBag from /home/airflow/.local/lib/python3.7/site-packages/airflow/example_dags/example_trigger_target_dag.py
[2023-03-12T13:16:15.120+0000] {processor.py:753} INFO - DAG(s) dict_keys(['example_trigger_target_dag']) retrieved from /home/airflow/.local/lib/python3.7/site-packages/airflow/example_dags/example_trigger_target_dag.py
[2023-03-12T13:16:15.132+0000] {logging_mixin.py:137} INFO - [2023-03-12T13:16:15.132+0000] {dag.py:2690} INFO - Sync 1 DAGs
[2023-03-12T13:16:15.170+0000] {logging_mixin.py:137} INFO - [2023-03-12T13:16:15.170+0000] {dag.py:3441} INFO - Setting next_dagrun for example_trigger_target_dag to None, run_after=None
[2023-03-12T13:16:15.189+0000] {processor.py:175} INFO - Processing /home/airflow/.local/lib/python3.7/site-packages/airflow/example_dags/example_trigger_target_dag.py took 0.095 seconds
[2023-03-12T13:16:45.980+0000] {processor.py:153} INFO - Started process (PID=212) to work on /home/airflow/.local/lib/python3.7/site-packages/airflow/example_dags/example_trigger_target_dag.py
[2023-03-12T13:16:45.981+0000] {processor.py:743} INFO - Processing file /home/airflow/.local/lib/python3.7/site-packages/airflow/example_dags/example_trigger_target_dag.py for tasks to queue
[2023-03-12T13:16:45.982+0000] {logging_mixin.py:137} INFO - [2023-03-12T13:16:45.982+0000] {dagbag.py:538} INFO - Filling up the DagBag from /home/airflow/.local/lib/python3.7/site-packages/airflow/example_dags/example_trigger_target_dag.py
[2023-03-12T13:16:46.002+0000] {processor.py:753} INFO - DAG(s) dict_keys(['example_trigger_target_dag']) retrieved from /home/airflow/.local/lib/python3.7/site-packages/airflow/example_dags/example_trigger_target_dag.py
[2023-03-12T13:16:46.028+0000] {logging_mixin.py:137} INFO - [2023-03-12T13:16:46.028+0000] {dag.py:2690} INFO - Sync 1 DAGs
[2023-03-12T13:16:46.057+0000] {logging_mixin.py:137} INFO - [2023-03-12T13:16:46.057+0000] {dag.py:3441} INFO - Setting next_dagrun for example_trigger_target_dag to None, run_after=None
[2023-03-12T13:16:46.075+0000] {processor.py:175} INFO - Processing /home/airflow/.local/lib/python3.7/site-packages/airflow/example_dags/example_trigger_target_dag.py took 0.097 seconds
[2023-03-12T13:17:17.375+0000] {processor.py:153} INFO - Started process (PID=307) to work on /home/airflow/.local/lib/python3.7/site-packages/airflow/example_dags/example_trigger_target_dag.py
[2023-03-12T13:17:17.376+0000] {processor.py:743} INFO - Processing file /home/airflow/.local/lib/python3.7/site-packages/airflow/example_dags/example_trigger_target_dag.py for tasks to queue
[2023-03-12T13:17:17.376+0000] {logging_mixin.py:137} INFO - [2023-03-12T13:17:17.376+0000] {dagbag.py:538} INFO - Filling up the DagBag from /home/airflow/.local/lib/python3.7/site-packages/airflow/example_dags/example_trigger_target_dag.py
[2023-03-12T13:17:17.399+0000] {processor.py:753} INFO - DAG(s) dict_keys(['example_trigger_target_dag']) retrieved from /home/airflow/.local/lib/python3.7/site-packages/airflow/example_dags/example_trigger_target_dag.py
[2023-03-12T13:17:17.422+0000] {logging_mixin.py:137} INFO - [2023-03-12T13:17:17.421+0000] {dag.py:2690} INFO - Sync 1 DAGs
[2023-03-12T13:17:17.447+0000] {logging_mixin.py:137} INFO - [2023-03-12T13:17:17.447+0000] {dag.py:3441} INFO - Setting next_dagrun for example_trigger_target_dag to None, run_after=None
[2023-03-12T13:17:17.469+0000] {processor.py:175} INFO - Processing /home/airflow/.local/lib/python3.7/site-packages/airflow/example_dags/example_trigger_target_dag.py took 0.097 seconds
[2023-03-12T13:17:47.885+0000] {processor.py:153} INFO - Started process (PID=422) to work on /home/airflow/.local/lib/python3.7/site-packages/airflow/example_dags/example_trigger_target_dag.py
[2023-03-12T13:17:47.886+0000] {processor.py:743} INFO - Processing file /home/airflow/.local/lib/python3.7/site-packages/airflow/example_dags/example_trigger_target_dag.py for tasks to queue
[2023-03-12T13:17:47.886+0000] {logging_mixin.py:137} INFO - [2023-03-12T13:17:47.886+0000] {dagbag.py:538} INFO - Filling up the DagBag from /home/airflow/.local/lib/python3.7/site-packages/airflow/example_dags/example_trigger_target_dag.py
[2023-03-12T13:17:47.906+0000] {processor.py:753} INFO - DAG(s) dict_keys(['example_trigger_target_dag']) retrieved from /home/airflow/.local/lib/python3.7/site-packages/airflow/example_dags/example_trigger_target_dag.py
[2023-03-12T13:17:47.928+0000] {logging_mixin.py:137} INFO - [2023-03-12T13:17:47.928+0000] {dag.py:2690} INFO - Sync 1 DAGs
[2023-03-12T13:17:47.955+0000] {logging_mixin.py:137} INFO - [2023-03-12T13:17:47.955+0000] {dag.py:3441} INFO - Setting next_dagrun for example_trigger_target_dag to None, run_after=None
[2023-03-12T13:17:47.974+0000] {processor.py:175} INFO - Processing /home/airflow/.local/lib/python3.7/site-packages/airflow/example_dags/example_trigger_target_dag.py took 0.091 seconds
[2023-03-12T13:18:18.021+0000] {processor.py:153} INFO - Started process (PID=520) to work on /home/airflow/.local/lib/python3.7/site-packages/airflow/example_dags/example_trigger_target_dag.py
[2023-03-12T13:18:18.022+0000] {processor.py:743} INFO - Processing file /home/airflow/.local/lib/python3.7/site-packages/airflow/example_dags/example_trigger_target_dag.py for tasks to queue
[2023-03-12T13:18:18.023+0000] {logging_mixin.py:137} INFO - [2023-03-12T13:18:18.023+0000] {dagbag.py:538} INFO - Filling up the DagBag from /home/airflow/.local/lib/python3.7/site-packages/airflow/example_dags/example_trigger_target_dag.py
[2023-03-12T13:18:18.043+0000] {processor.py:753} INFO - DAG(s) dict_keys(['example_trigger_target_dag']) retrieved from /home/airflow/.local/lib/python3.7/site-packages/airflow/example_dags/example_trigger_target_dag.py
[2023-03-12T13:18:18.070+0000] {logging_mixin.py:137} INFO - [2023-03-12T13:18:18.070+0000] {dag.py:2690} INFO - Sync 1 DAGs
[2023-03-12T13:18:18.095+0000] {logging_mixin.py:137} INFO - [2023-03-12T13:18:18.095+0000] {dag.py:3441} INFO - Setting next_dagrun for example_trigger_target_dag to None, run_after=None
[2023-03-12T13:18:18.113+0000] {processor.py:175} INFO - Processing /home/airflow/.local/lib/python3.7/site-packages/airflow/example_dags/example_trigger_target_dag.py took 0.095 seconds
[2023-03-12T13:18:49.088+0000] {processor.py:153} INFO - Started process (PID=634) to work on /home/airflow/.local/lib/python3.7/site-packages/airflow/example_dags/example_trigger_target_dag.py
[2023-03-12T13:18:49.089+0000] {processor.py:743} INFO - Processing file /home/airflow/.local/lib/python3.7/site-packages/airflow/example_dags/example_trigger_target_dag.py for tasks to queue
[2023-03-12T13:18:49.090+0000] {logging_mixin.py:137} INFO - [2023-03-12T13:18:49.090+0000] {dagbag.py:538} INFO - Filling up the DagBag from /home/airflow/.local/lib/python3.7/site-packages/airflow/example_dags/example_trigger_target_dag.py
[2023-03-12T13:18:49.111+0000] {processor.py:753} INFO - DAG(s) dict_keys(['example_trigger_target_dag']) retrieved from /home/airflow/.local/lib/python3.7/site-packages/airflow/example_dags/example_trigger_target_dag.py
[2023-03-12T13:18:49.136+0000] {logging_mixin.py:137} INFO - [2023-03-12T13:18:49.136+0000] {dag.py:2690} INFO - Sync 1 DAGs
[2023-03-12T13:18:49.166+0000] {logging_mixin.py:137} INFO - [2023-03-12T13:18:49.166+0000] {dag.py:3441} INFO - Setting next_dagrun for example_trigger_target_dag to None, run_after=None
[2023-03-12T13:18:49.184+0000] {processor.py:175} INFO - Processing /home/airflow/.local/lib/python3.7/site-packages/airflow/example_dags/example_trigger_target_dag.py took 0.099 seconds
[2023-03-12T13:19:19.286+0000] {processor.py:153} INFO - Started process (PID=729) to work on /home/airflow/.local/lib/python3.7/site-packages/airflow/example_dags/example_trigger_target_dag.py
[2023-03-12T13:19:19.287+0000] {processor.py:743} INFO - Processing file /home/airflow/.local/lib/python3.7/site-packages/airflow/example_dags/example_trigger_target_dag.py for tasks to queue
[2023-03-12T13:19:19.287+0000] {logging_mixin.py:137} INFO - [2023-03-12T13:19:19.287+0000] {dagbag.py:538} INFO - Filling up the DagBag from /home/airflow/.local/lib/python3.7/site-packages/airflow/example_dags/example_trigger_target_dag.py
[2023-03-12T13:19:19.306+0000] {processor.py:753} INFO - DAG(s) dict_keys(['example_trigger_target_dag']) retrieved from /home/airflow/.local/lib/python3.7/site-packages/airflow/example_dags/example_trigger_target_dag.py
[2023-03-12T13:19:19.329+0000] {logging_mixin.py:137} INFO - [2023-03-12T13:19:19.328+0000] {dag.py:2690} INFO - Sync 1 DAGs
[2023-03-12T13:19:19.354+0000] {logging_mixin.py:137} INFO - [2023-03-12T13:19:19.354+0000] {dag.py:3441} INFO - Setting next_dagrun for example_trigger_target_dag to None, run_after=None
[2023-03-12T13:19:19.373+0000] {processor.py:175} INFO - Processing /home/airflow/.local/lib/python3.7/site-packages/airflow/example_dags/example_trigger_target_dag.py took 0.089 seconds
