[2023-03-12T12:43:38.777+0000] {processor.py:153} INFO - Started process (PID=110) to work on /home/airflow/.local/lib/python3.7/site-packages/airflow/example_dags/example_short_circuit_operator.py
[2023-03-12T12:43:38.778+0000] {processor.py:743} INFO - Processing file /home/airflow/.local/lib/python3.7/site-packages/airflow/example_dags/example_short_circuit_operator.py for tasks to queue
[2023-03-12T12:43:38.778+0000] {logging_mixin.py:137} INFO - [2023-03-12T12:43:38.778+0000] {dagbag.py:538} INFO - Filling up the DagBag from /home/airflow/.local/lib/python3.7/site-packages/airflow/example_dags/example_short_circuit_operator.py
[2023-03-12T12:43:38.797+0000] {processor.py:753} INFO - DAG(s) dict_keys(['example_short_circuit_operator']) retrieved from /home/airflow/.local/lib/python3.7/site-packages/airflow/example_dags/example_short_circuit_operator.py
[2023-03-12T12:43:38.812+0000] {logging_mixin.py:137} INFO - [2023-03-12T12:43:38.811+0000] {dag.py:2690} INFO - Sync 1 DAGs
[2023-03-12T12:43:38.846+0000] {logging_mixin.py:137} INFO - [2023-03-12T12:43:38.845+0000] {dag.py:3441} INFO - Setting next_dagrun for example_short_circuit_operator to 2023-03-11T12:43:38.845601+00:00, run_after=2023-03-12T12:43:38.845601+00:00
[2023-03-12T12:43:38.873+0000] {processor.py:175} INFO - Processing /home/airflow/.local/lib/python3.7/site-packages/airflow/example_dags/example_short_circuit_operator.py took 0.098 seconds
[2023-03-12T12:44:09.778+0000] {processor.py:153} INFO - Started process (PID=198) to work on /home/airflow/.local/lib/python3.7/site-packages/airflow/example_dags/example_short_circuit_operator.py
[2023-03-12T12:44:09.779+0000] {processor.py:743} INFO - Processing file /home/airflow/.local/lib/python3.7/site-packages/airflow/example_dags/example_short_circuit_operator.py for tasks to queue
[2023-03-12T12:44:09.779+0000] {logging_mixin.py:137} INFO - [2023-03-12T12:44:09.779+0000] {dagbag.py:538} INFO - Filling up the DagBag from /home/airflow/.local/lib/python3.7/site-packages/airflow/example_dags/example_short_circuit_operator.py
[2023-03-12T12:44:09.794+0000] {processor.py:753} INFO - DAG(s) dict_keys(['example_short_circuit_operator']) retrieved from /home/airflow/.local/lib/python3.7/site-packages/airflow/example_dags/example_short_circuit_operator.py
[2023-03-12T12:44:09.821+0000] {logging_mixin.py:137} INFO - [2023-03-12T12:44:09.821+0000] {dag.py:2690} INFO - Sync 1 DAGs
[2023-03-12T12:44:09.853+0000] {logging_mixin.py:137} INFO - [2023-03-12T12:44:09.853+0000] {dag.py:3441} INFO - Setting next_dagrun for example_short_circuit_operator to 2023-03-11T12:44:09.852941+00:00, run_after=2023-03-12T12:44:09.852941+00:00
[2023-03-12T12:44:09.872+0000] {processor.py:175} INFO - Processing /home/airflow/.local/lib/python3.7/site-packages/airflow/example_dags/example_short_circuit_operator.py took 0.098 seconds
[2023-03-12T12:44:40.494+0000] {processor.py:153} INFO - Started process (PID=295) to work on /home/airflow/.local/lib/python3.7/site-packages/airflow/example_dags/example_short_circuit_operator.py
[2023-03-12T12:44:40.495+0000] {processor.py:743} INFO - Processing file /home/airflow/.local/lib/python3.7/site-packages/airflow/example_dags/example_short_circuit_operator.py for tasks to queue
[2023-03-12T12:44:40.496+0000] {logging_mixin.py:137} INFO - [2023-03-12T12:44:40.496+0000] {dagbag.py:538} INFO - Filling up the DagBag from /home/airflow/.local/lib/python3.7/site-packages/airflow/example_dags/example_short_circuit_operator.py
[2023-03-12T12:44:40.513+0000] {processor.py:753} INFO - DAG(s) dict_keys(['example_short_circuit_operator']) retrieved from /home/airflow/.local/lib/python3.7/site-packages/airflow/example_dags/example_short_circuit_operator.py
[2023-03-12T12:44:40.541+0000] {logging_mixin.py:137} INFO - [2023-03-12T12:44:40.541+0000] {dag.py:2690} INFO - Sync 1 DAGs
[2023-03-12T12:44:40.570+0000] {logging_mixin.py:137} INFO - [2023-03-12T12:44:40.570+0000] {dag.py:3441} INFO - Setting next_dagrun for example_short_circuit_operator to 2023-03-11T12:44:40.570456+00:00, run_after=2023-03-12T12:44:40.570456+00:00
[2023-03-12T12:44:40.593+0000] {processor.py:175} INFO - Processing /home/airflow/.local/lib/python3.7/site-packages/airflow/example_dags/example_short_circuit_operator.py took 0.101 seconds
[2023-03-12T12:45:11.365+0000] {processor.py:153} INFO - Started process (PID=398) to work on /home/airflow/.local/lib/python3.7/site-packages/airflow/example_dags/example_short_circuit_operator.py
[2023-03-12T12:45:11.366+0000] {processor.py:743} INFO - Processing file /home/airflow/.local/lib/python3.7/site-packages/airflow/example_dags/example_short_circuit_operator.py for tasks to queue
[2023-03-12T12:45:11.367+0000] {logging_mixin.py:137} INFO - [2023-03-12T12:45:11.367+0000] {dagbag.py:538} INFO - Filling up the DagBag from /home/airflow/.local/lib/python3.7/site-packages/airflow/example_dags/example_short_circuit_operator.py
[2023-03-12T12:45:11.381+0000] {processor.py:753} INFO - DAG(s) dict_keys(['example_short_circuit_operator']) retrieved from /home/airflow/.local/lib/python3.7/site-packages/airflow/example_dags/example_short_circuit_operator.py
[2023-03-12T12:45:11.406+0000] {logging_mixin.py:137} INFO - [2023-03-12T12:45:11.406+0000] {dag.py:2690} INFO - Sync 1 DAGs
[2023-03-12T12:45:11.430+0000] {logging_mixin.py:137} INFO - [2023-03-12T12:45:11.430+0000] {dag.py:3441} INFO - Setting next_dagrun for example_short_circuit_operator to 2023-03-11T12:45:11.430515+00:00, run_after=2023-03-12T12:45:11.430515+00:00
[2023-03-12T12:45:11.447+0000] {processor.py:175} INFO - Processing /home/airflow/.local/lib/python3.7/site-packages/airflow/example_dags/example_short_circuit_operator.py took 0.084 seconds
[2023-03-12T12:45:42.204+0000] {processor.py:153} INFO - Started process (PID=486) to work on /home/airflow/.local/lib/python3.7/site-packages/airflow/example_dags/example_short_circuit_operator.py
[2023-03-12T12:45:42.205+0000] {processor.py:743} INFO - Processing file /home/airflow/.local/lib/python3.7/site-packages/airflow/example_dags/example_short_circuit_operator.py for tasks to queue
[2023-03-12T12:45:42.205+0000] {logging_mixin.py:137} INFO - [2023-03-12T12:45:42.205+0000] {dagbag.py:538} INFO - Filling up the DagBag from /home/airflow/.local/lib/python3.7/site-packages/airflow/example_dags/example_short_circuit_operator.py
[2023-03-12T12:45:42.220+0000] {processor.py:753} INFO - DAG(s) dict_keys(['example_short_circuit_operator']) retrieved from /home/airflow/.local/lib/python3.7/site-packages/airflow/example_dags/example_short_circuit_operator.py
[2023-03-12T12:45:42.247+0000] {logging_mixin.py:137} INFO - [2023-03-12T12:45:42.247+0000] {dag.py:2690} INFO - Sync 1 DAGs
[2023-03-12T12:45:42.280+0000] {logging_mixin.py:137} INFO - [2023-03-12T12:45:42.280+0000] {dag.py:3441} INFO - Setting next_dagrun for example_short_circuit_operator to 2023-03-11T12:45:42.280171+00:00, run_after=2023-03-12T12:45:42.280171+00:00
[2023-03-12T12:45:42.304+0000] {processor.py:175} INFO - Processing /home/airflow/.local/lib/python3.7/site-packages/airflow/example_dags/example_short_circuit_operator.py took 0.103 seconds
[2023-03-12T12:46:12.921+0000] {processor.py:153} INFO - Started process (PID=598) to work on /home/airflow/.local/lib/python3.7/site-packages/airflow/example_dags/example_short_circuit_operator.py
[2023-03-12T12:46:12.922+0000] {processor.py:743} INFO - Processing file /home/airflow/.local/lib/python3.7/site-packages/airflow/example_dags/example_short_circuit_operator.py for tasks to queue
[2023-03-12T12:46:12.923+0000] {logging_mixin.py:137} INFO - [2023-03-12T12:46:12.922+0000] {dagbag.py:538} INFO - Filling up the DagBag from /home/airflow/.local/lib/python3.7/site-packages/airflow/example_dags/example_short_circuit_operator.py
[2023-03-12T12:46:12.938+0000] {processor.py:753} INFO - DAG(s) dict_keys(['example_short_circuit_operator']) retrieved from /home/airflow/.local/lib/python3.7/site-packages/airflow/example_dags/example_short_circuit_operator.py
[2023-03-12T12:46:12.967+0000] {logging_mixin.py:137} INFO - [2023-03-12T12:46:12.966+0000] {dag.py:2690} INFO - Sync 1 DAGs
[2023-03-12T12:46:12.993+0000] {logging_mixin.py:137} INFO - [2023-03-12T12:46:12.993+0000] {dag.py:3441} INFO - Setting next_dagrun for example_short_circuit_operator to 2023-03-11T12:46:12.992918+00:00, run_after=2023-03-12T12:46:12.992918+00:00
[2023-03-12T12:46:13.011+0000] {processor.py:175} INFO - Processing /home/airflow/.local/lib/python3.7/site-packages/airflow/example_dags/example_short_circuit_operator.py took 0.094 seconds
[2023-03-12T12:54:41.586+0000] {processor.py:153} INFO - Started process (PID=112) to work on /home/airflow/.local/lib/python3.7/site-packages/airflow/example_dags/example_short_circuit_operator.py
[2023-03-12T12:54:41.588+0000] {processor.py:743} INFO - Processing file /home/airflow/.local/lib/python3.7/site-packages/airflow/example_dags/example_short_circuit_operator.py for tasks to queue
[2023-03-12T12:54:41.588+0000] {logging_mixin.py:137} INFO - [2023-03-12T12:54:41.588+0000] {dagbag.py:538} INFO - Filling up the DagBag from /home/airflow/.local/lib/python3.7/site-packages/airflow/example_dags/example_short_circuit_operator.py
[2023-03-12T12:54:41.606+0000] {processor.py:753} INFO - DAG(s) dict_keys(['example_short_circuit_operator']) retrieved from /home/airflow/.local/lib/python3.7/site-packages/airflow/example_dags/example_short_circuit_operator.py
[2023-03-12T12:54:41.618+0000] {logging_mixin.py:137} INFO - [2023-03-12T12:54:41.618+0000] {dag.py:2690} INFO - Sync 1 DAGs
[2023-03-12T12:54:41.644+0000] {logging_mixin.py:137} INFO - [2023-03-12T12:54:41.644+0000] {dag.py:3441} INFO - Setting next_dagrun for example_short_circuit_operator to 2023-03-11T12:54:41.644509+00:00, run_after=2023-03-12T12:54:41.644509+00:00
[2023-03-12T12:54:41.672+0000] {processor.py:175} INFO - Processing /home/airflow/.local/lib/python3.7/site-packages/airflow/example_dags/example_short_circuit_operator.py took 0.088 seconds
[2023-03-12T12:55:12.405+0000] {processor.py:153} INFO - Started process (PID=202) to work on /home/airflow/.local/lib/python3.7/site-packages/airflow/example_dags/example_short_circuit_operator.py
[2023-03-12T12:55:12.406+0000] {processor.py:743} INFO - Processing file /home/airflow/.local/lib/python3.7/site-packages/airflow/example_dags/example_short_circuit_operator.py for tasks to queue
[2023-03-12T12:55:12.407+0000] {logging_mixin.py:137} INFO - [2023-03-12T12:55:12.406+0000] {dagbag.py:538} INFO - Filling up the DagBag from /home/airflow/.local/lib/python3.7/site-packages/airflow/example_dags/example_short_circuit_operator.py
[2023-03-12T12:55:12.423+0000] {processor.py:753} INFO - DAG(s) dict_keys(['example_short_circuit_operator']) retrieved from /home/airflow/.local/lib/python3.7/site-packages/airflow/example_dags/example_short_circuit_operator.py
[2023-03-12T12:55:12.450+0000] {logging_mixin.py:137} INFO - [2023-03-12T12:55:12.450+0000] {dag.py:2690} INFO - Sync 1 DAGs
[2023-03-12T12:55:12.480+0000] {logging_mixin.py:137} INFO - [2023-03-12T12:55:12.480+0000] {dag.py:3441} INFO - Setting next_dagrun for example_short_circuit_operator to 2023-03-11T12:55:12.480289+00:00, run_after=2023-03-12T12:55:12.480289+00:00
[2023-03-12T12:55:12.500+0000] {processor.py:175} INFO - Processing /home/airflow/.local/lib/python3.7/site-packages/airflow/example_dags/example_short_circuit_operator.py took 0.098 seconds
[2023-03-12T12:55:43.106+0000] {processor.py:153} INFO - Started process (PID=301) to work on /home/airflow/.local/lib/python3.7/site-packages/airflow/example_dags/example_short_circuit_operator.py
[2023-03-12T12:55:43.107+0000] {processor.py:743} INFO - Processing file /home/airflow/.local/lib/python3.7/site-packages/airflow/example_dags/example_short_circuit_operator.py for tasks to queue
[2023-03-12T12:55:43.107+0000] {logging_mixin.py:137} INFO - [2023-03-12T12:55:43.107+0000] {dagbag.py:538} INFO - Filling up the DagBag from /home/airflow/.local/lib/python3.7/site-packages/airflow/example_dags/example_short_circuit_operator.py
[2023-03-12T12:55:43.123+0000] {processor.py:753} INFO - DAG(s) dict_keys(['example_short_circuit_operator']) retrieved from /home/airflow/.local/lib/python3.7/site-packages/airflow/example_dags/example_short_circuit_operator.py
[2023-03-12T12:55:43.148+0000] {logging_mixin.py:137} INFO - [2023-03-12T12:55:43.148+0000] {dag.py:2690} INFO - Sync 1 DAGs
[2023-03-12T12:55:43.180+0000] {logging_mixin.py:137} INFO - [2023-03-12T12:55:43.180+0000] {dag.py:3441} INFO - Setting next_dagrun for example_short_circuit_operator to 2023-03-11T12:55:43.180127+00:00, run_after=2023-03-12T12:55:43.180127+00:00
[2023-03-12T12:55:43.199+0000] {processor.py:175} INFO - Processing /home/airflow/.local/lib/python3.7/site-packages/airflow/example_dags/example_short_circuit_operator.py took 0.096 seconds
[2023-03-12T12:56:13.491+0000] {processor.py:153} INFO - Started process (PID=406) to work on /home/airflow/.local/lib/python3.7/site-packages/airflow/example_dags/example_short_circuit_operator.py
[2023-03-12T12:56:13.492+0000] {processor.py:743} INFO - Processing file /home/airflow/.local/lib/python3.7/site-packages/airflow/example_dags/example_short_circuit_operator.py for tasks to queue
[2023-03-12T12:56:13.493+0000] {logging_mixin.py:137} INFO - [2023-03-12T12:56:13.493+0000] {dagbag.py:538} INFO - Filling up the DagBag from /home/airflow/.local/lib/python3.7/site-packages/airflow/example_dags/example_short_circuit_operator.py
[2023-03-12T12:56:13.509+0000] {processor.py:753} INFO - DAG(s) dict_keys(['example_short_circuit_operator']) retrieved from /home/airflow/.local/lib/python3.7/site-packages/airflow/example_dags/example_short_circuit_operator.py
[2023-03-12T12:56:13.537+0000] {logging_mixin.py:137} INFO - [2023-03-12T12:56:13.537+0000] {dag.py:2690} INFO - Sync 1 DAGs
[2023-03-12T12:56:13.566+0000] {logging_mixin.py:137} INFO - [2023-03-12T12:56:13.566+0000] {dag.py:3441} INFO - Setting next_dagrun for example_short_circuit_operator to 2023-03-11T12:56:13.566295+00:00, run_after=2023-03-12T12:56:13.566295+00:00
[2023-03-12T12:56:13.585+0000] {processor.py:175} INFO - Processing /home/airflow/.local/lib/python3.7/site-packages/airflow/example_dags/example_short_circuit_operator.py took 0.097 seconds
[2023-03-12T12:56:44.358+0000] {processor.py:153} INFO - Started process (PID=496) to work on /home/airflow/.local/lib/python3.7/site-packages/airflow/example_dags/example_short_circuit_operator.py
[2023-03-12T12:56:44.358+0000] {processor.py:743} INFO - Processing file /home/airflow/.local/lib/python3.7/site-packages/airflow/example_dags/example_short_circuit_operator.py for tasks to queue
[2023-03-12T12:56:44.359+0000] {logging_mixin.py:137} INFO - [2023-03-12T12:56:44.359+0000] {dagbag.py:538} INFO - Filling up the DagBag from /home/airflow/.local/lib/python3.7/site-packages/airflow/example_dags/example_short_circuit_operator.py
[2023-03-12T12:56:44.375+0000] {processor.py:753} INFO - DAG(s) dict_keys(['example_short_circuit_operator']) retrieved from /home/airflow/.local/lib/python3.7/site-packages/airflow/example_dags/example_short_circuit_operator.py
[2023-03-12T12:56:44.403+0000] {logging_mixin.py:137} INFO - [2023-03-12T12:56:44.403+0000] {dag.py:2690} INFO - Sync 1 DAGs
[2023-03-12T12:56:44.429+0000] {logging_mixin.py:137} INFO - [2023-03-12T12:56:44.429+0000] {dag.py:3441} INFO - Setting next_dagrun for example_short_circuit_operator to 2023-03-11T12:56:44.429345+00:00, run_after=2023-03-12T12:56:44.429345+00:00
[2023-03-12T12:56:44.450+0000] {processor.py:175} INFO - Processing /home/airflow/.local/lib/python3.7/site-packages/airflow/example_dags/example_short_circuit_operator.py took 0.100 seconds
[2023-03-12T12:57:15.215+0000] {processor.py:153} INFO - Started process (PID=610) to work on /home/airflow/.local/lib/python3.7/site-packages/airflow/example_dags/example_short_circuit_operator.py
[2023-03-12T12:57:15.216+0000] {processor.py:743} INFO - Processing file /home/airflow/.local/lib/python3.7/site-packages/airflow/example_dags/example_short_circuit_operator.py for tasks to queue
[2023-03-12T12:57:15.217+0000] {logging_mixin.py:137} INFO - [2023-03-12T12:57:15.216+0000] {dagbag.py:538} INFO - Filling up the DagBag from /home/airflow/.local/lib/python3.7/site-packages/airflow/example_dags/example_short_circuit_operator.py
[2023-03-12T12:57:15.231+0000] {processor.py:753} INFO - DAG(s) dict_keys(['example_short_circuit_operator']) retrieved from /home/airflow/.local/lib/python3.7/site-packages/airflow/example_dags/example_short_circuit_operator.py
[2023-03-12T12:57:15.259+0000] {logging_mixin.py:137} INFO - [2023-03-12T12:57:15.259+0000] {dag.py:2690} INFO - Sync 1 DAGs
[2023-03-12T12:57:15.285+0000] {logging_mixin.py:137} INFO - [2023-03-12T12:57:15.285+0000] {dag.py:3441} INFO - Setting next_dagrun for example_short_circuit_operator to 2023-03-11T12:57:15.284989+00:00, run_after=2023-03-12T12:57:15.284989+00:00
[2023-03-12T12:57:15.304+0000] {processor.py:175} INFO - Processing /home/airflow/.local/lib/python3.7/site-packages/airflow/example_dags/example_short_circuit_operator.py took 0.091 seconds
[2023-03-12T12:57:45.983+0000] {processor.py:153} INFO - Started process (PID=700) to work on /home/airflow/.local/lib/python3.7/site-packages/airflow/example_dags/example_short_circuit_operator.py
[2023-03-12T12:57:45.984+0000] {processor.py:743} INFO - Processing file /home/airflow/.local/lib/python3.7/site-packages/airflow/example_dags/example_short_circuit_operator.py for tasks to queue
[2023-03-12T12:57:45.985+0000] {logging_mixin.py:137} INFO - [2023-03-12T12:57:45.985+0000] {dagbag.py:538} INFO - Filling up the DagBag from /home/airflow/.local/lib/python3.7/site-packages/airflow/example_dags/example_short_circuit_operator.py
[2023-03-12T12:57:46.000+0000] {processor.py:753} INFO - DAG(s) dict_keys(['example_short_circuit_operator']) retrieved from /home/airflow/.local/lib/python3.7/site-packages/airflow/example_dags/example_short_circuit_operator.py
[2023-03-12T12:57:46.024+0000] {logging_mixin.py:137} INFO - [2023-03-12T12:57:46.024+0000] {dag.py:2690} INFO - Sync 1 DAGs
[2023-03-12T12:57:46.048+0000] {logging_mixin.py:137} INFO - [2023-03-12T12:57:46.048+0000] {dag.py:3441} INFO - Setting next_dagrun for example_short_circuit_operator to 2023-03-11T12:57:46.048260+00:00, run_after=2023-03-12T12:57:46.048260+00:00
[2023-03-12T12:57:46.069+0000] {processor.py:175} INFO - Processing /home/airflow/.local/lib/python3.7/site-packages/airflow/example_dags/example_short_circuit_operator.py took 0.088 seconds
[2023-03-12T12:58:17.509+0000] {processor.py:153} INFO - Started process (PID=814) to work on /home/airflow/.local/lib/python3.7/site-packages/airflow/example_dags/example_short_circuit_operator.py
[2023-03-12T12:58:17.510+0000] {processor.py:743} INFO - Processing file /home/airflow/.local/lib/python3.7/site-packages/airflow/example_dags/example_short_circuit_operator.py for tasks to queue
[2023-03-12T12:58:17.510+0000] {logging_mixin.py:137} INFO - [2023-03-12T12:58:17.510+0000] {dagbag.py:538} INFO - Filling up the DagBag from /home/airflow/.local/lib/python3.7/site-packages/airflow/example_dags/example_short_circuit_operator.py
[2023-03-12T12:58:17.526+0000] {processor.py:753} INFO - DAG(s) dict_keys(['example_short_circuit_operator']) retrieved from /home/airflow/.local/lib/python3.7/site-packages/airflow/example_dags/example_short_circuit_operator.py
[2023-03-12T12:58:17.553+0000] {logging_mixin.py:137} INFO - [2023-03-12T12:58:17.552+0000] {dag.py:2690} INFO - Sync 1 DAGs
[2023-03-12T12:58:17.579+0000] {logging_mixin.py:137} INFO - [2023-03-12T12:58:17.579+0000] {dag.py:3441} INFO - Setting next_dagrun for example_short_circuit_operator to 2023-03-11T12:58:17.579506+00:00, run_after=2023-03-12T12:58:17.579506+00:00
[2023-03-12T12:58:17.600+0000] {processor.py:175} INFO - Processing /home/airflow/.local/lib/python3.7/site-packages/airflow/example_dags/example_short_circuit_operator.py took 0.094 seconds
[2023-03-12T13:00:37.458+0000] {processor.py:153} INFO - Started process (PID=112) to work on /home/airflow/.local/lib/python3.7/site-packages/airflow/example_dags/example_short_circuit_operator.py
[2023-03-12T13:00:37.460+0000] {processor.py:743} INFO - Processing file /home/airflow/.local/lib/python3.7/site-packages/airflow/example_dags/example_short_circuit_operator.py for tasks to queue
[2023-03-12T13:00:37.461+0000] {logging_mixin.py:137} INFO - [2023-03-12T13:00:37.460+0000] {dagbag.py:538} INFO - Filling up the DagBag from /home/airflow/.local/lib/python3.7/site-packages/airflow/example_dags/example_short_circuit_operator.py
[2023-03-12T13:00:37.482+0000] {processor.py:753} INFO - DAG(s) dict_keys(['example_short_circuit_operator']) retrieved from /home/airflow/.local/lib/python3.7/site-packages/airflow/example_dags/example_short_circuit_operator.py
[2023-03-12T13:00:37.496+0000] {logging_mixin.py:137} INFO - [2023-03-12T13:00:37.496+0000] {dag.py:2690} INFO - Sync 1 DAGs
[2023-03-12T13:00:37.524+0000] {logging_mixin.py:137} INFO - [2023-03-12T13:00:37.524+0000] {dag.py:3441} INFO - Setting next_dagrun for example_short_circuit_operator to 2023-03-11T13:00:37.524011+00:00, run_after=2023-03-12T13:00:37.524011+00:00
[2023-03-12T13:00:37.544+0000] {processor.py:175} INFO - Processing /home/airflow/.local/lib/python3.7/site-packages/airflow/example_dags/example_short_circuit_operator.py took 0.090 seconds
[2023-03-12T13:01:08.376+0000] {processor.py:153} INFO - Started process (PID=202) to work on /home/airflow/.local/lib/python3.7/site-packages/airflow/example_dags/example_short_circuit_operator.py
[2023-03-12T13:01:08.377+0000] {processor.py:743} INFO - Processing file /home/airflow/.local/lib/python3.7/site-packages/airflow/example_dags/example_short_circuit_operator.py for tasks to queue
[2023-03-12T13:01:08.378+0000] {logging_mixin.py:137} INFO - [2023-03-12T13:01:08.378+0000] {dagbag.py:538} INFO - Filling up the DagBag from /home/airflow/.local/lib/python3.7/site-packages/airflow/example_dags/example_short_circuit_operator.py
[2023-03-12T13:01:08.394+0000] {processor.py:753} INFO - DAG(s) dict_keys(['example_short_circuit_operator']) retrieved from /home/airflow/.local/lib/python3.7/site-packages/airflow/example_dags/example_short_circuit_operator.py
[2023-03-12T13:01:08.424+0000] {logging_mixin.py:137} INFO - [2023-03-12T13:01:08.423+0000] {dag.py:2690} INFO - Sync 1 DAGs
[2023-03-12T13:01:08.456+0000] {logging_mixin.py:137} INFO - [2023-03-12T13:01:08.456+0000] {dag.py:3441} INFO - Setting next_dagrun for example_short_circuit_operator to 2023-03-11T13:01:08.456400+00:00, run_after=2023-03-12T13:01:08.456400+00:00
[2023-03-12T13:01:08.477+0000] {processor.py:175} INFO - Processing /home/airflow/.local/lib/python3.7/site-packages/airflow/example_dags/example_short_circuit_operator.py took 0.104 seconds
[2023-03-12T13:01:39.568+0000] {processor.py:153} INFO - Started process (PID=299) to work on /home/airflow/.local/lib/python3.7/site-packages/airflow/example_dags/example_short_circuit_operator.py
[2023-03-12T13:01:39.569+0000] {processor.py:743} INFO - Processing file /home/airflow/.local/lib/python3.7/site-packages/airflow/example_dags/example_short_circuit_operator.py for tasks to queue
[2023-03-12T13:01:39.569+0000] {logging_mixin.py:137} INFO - [2023-03-12T13:01:39.569+0000] {dagbag.py:538} INFO - Filling up the DagBag from /home/airflow/.local/lib/python3.7/site-packages/airflow/example_dags/example_short_circuit_operator.py
[2023-03-12T13:01:39.585+0000] {processor.py:753} INFO - DAG(s) dict_keys(['example_short_circuit_operator']) retrieved from /home/airflow/.local/lib/python3.7/site-packages/airflow/example_dags/example_short_circuit_operator.py
[2023-03-12T13:01:39.615+0000] {logging_mixin.py:137} INFO - [2023-03-12T13:01:39.615+0000] {dag.py:2690} INFO - Sync 1 DAGs
[2023-03-12T13:01:39.653+0000] {logging_mixin.py:137} INFO - [2023-03-12T13:01:39.653+0000] {dag.py:3441} INFO - Setting next_dagrun for example_short_circuit_operator to 2023-03-11T13:01:39.653184+00:00, run_after=2023-03-12T13:01:39.653184+00:00
[2023-03-12T13:01:39.678+0000] {processor.py:175} INFO - Processing /home/airflow/.local/lib/python3.7/site-packages/airflow/example_dags/example_short_circuit_operator.py took 0.113 seconds
[2023-03-12T13:02:10.595+0000] {processor.py:153} INFO - Started process (PID=406) to work on /home/airflow/.local/lib/python3.7/site-packages/airflow/example_dags/example_short_circuit_operator.py
[2023-03-12T13:02:10.596+0000] {processor.py:743} INFO - Processing file /home/airflow/.local/lib/python3.7/site-packages/airflow/example_dags/example_short_circuit_operator.py for tasks to queue
[2023-03-12T13:02:10.596+0000] {logging_mixin.py:137} INFO - [2023-03-12T13:02:10.596+0000] {dagbag.py:538} INFO - Filling up the DagBag from /home/airflow/.local/lib/python3.7/site-packages/airflow/example_dags/example_short_circuit_operator.py
[2023-03-12T13:02:10.612+0000] {processor.py:753} INFO - DAG(s) dict_keys(['example_short_circuit_operator']) retrieved from /home/airflow/.local/lib/python3.7/site-packages/airflow/example_dags/example_short_circuit_operator.py
[2023-03-12T13:02:10.641+0000] {logging_mixin.py:137} INFO - [2023-03-12T13:02:10.640+0000] {dag.py:2690} INFO - Sync 1 DAGs
[2023-03-12T13:02:10.671+0000] {logging_mixin.py:137} INFO - [2023-03-12T13:02:10.671+0000] {dag.py:3441} INFO - Setting next_dagrun for example_short_circuit_operator to 2023-03-11T13:02:10.670877+00:00, run_after=2023-03-12T13:02:10.670877+00:00
[2023-03-12T13:02:10.691+0000] {processor.py:175} INFO - Processing /home/airflow/.local/lib/python3.7/site-packages/airflow/example_dags/example_short_circuit_operator.py took 0.100 seconds
[2023-03-12T13:02:41.632+0000] {processor.py:153} INFO - Started process (PID=496) to work on /home/airflow/.local/lib/python3.7/site-packages/airflow/example_dags/example_short_circuit_operator.py
[2023-03-12T13:02:41.633+0000] {processor.py:743} INFO - Processing file /home/airflow/.local/lib/python3.7/site-packages/airflow/example_dags/example_short_circuit_operator.py for tasks to queue
[2023-03-12T13:02:41.634+0000] {logging_mixin.py:137} INFO - [2023-03-12T13:02:41.634+0000] {dagbag.py:538} INFO - Filling up the DagBag from /home/airflow/.local/lib/python3.7/site-packages/airflow/example_dags/example_short_circuit_operator.py
[2023-03-12T13:02:41.648+0000] {processor.py:753} INFO - DAG(s) dict_keys(['example_short_circuit_operator']) retrieved from /home/airflow/.local/lib/python3.7/site-packages/airflow/example_dags/example_short_circuit_operator.py
[2023-03-12T13:02:41.683+0000] {logging_mixin.py:137} INFO - [2023-03-12T13:02:41.683+0000] {dag.py:2690} INFO - Sync 1 DAGs
[2023-03-12T13:02:41.708+0000] {logging_mixin.py:137} INFO - [2023-03-12T13:02:41.708+0000] {dag.py:3441} INFO - Setting next_dagrun for example_short_circuit_operator to 2023-03-11T13:02:41.708304+00:00, run_after=2023-03-12T13:02:41.708304+00:00
[2023-03-12T13:02:41.726+0000] {processor.py:175} INFO - Processing /home/airflow/.local/lib/python3.7/site-packages/airflow/example_dags/example_short_circuit_operator.py took 0.097 seconds
[2023-03-12T13:03:12.343+0000] {processor.py:153} INFO - Started process (PID=610) to work on /home/airflow/.local/lib/python3.7/site-packages/airflow/example_dags/example_short_circuit_operator.py
[2023-03-12T13:03:12.344+0000] {processor.py:743} INFO - Processing file /home/airflow/.local/lib/python3.7/site-packages/airflow/example_dags/example_short_circuit_operator.py for tasks to queue
[2023-03-12T13:03:12.344+0000] {logging_mixin.py:137} INFO - [2023-03-12T13:03:12.344+0000] {dagbag.py:538} INFO - Filling up the DagBag from /home/airflow/.local/lib/python3.7/site-packages/airflow/example_dags/example_short_circuit_operator.py
[2023-03-12T13:03:12.361+0000] {processor.py:753} INFO - DAG(s) dict_keys(['example_short_circuit_operator']) retrieved from /home/airflow/.local/lib/python3.7/site-packages/airflow/example_dags/example_short_circuit_operator.py
[2023-03-12T13:03:12.387+0000] {logging_mixin.py:137} INFO - [2023-03-12T13:03:12.387+0000] {dag.py:2690} INFO - Sync 1 DAGs
[2023-03-12T13:03:12.413+0000] {logging_mixin.py:137} INFO - [2023-03-12T13:03:12.413+0000] {dag.py:3441} INFO - Setting next_dagrun for example_short_circuit_operator to 2023-03-11T13:03:12.412965+00:00, run_after=2023-03-12T13:03:12.412965+00:00
[2023-03-12T13:03:12.431+0000] {processor.py:175} INFO - Processing /home/airflow/.local/lib/python3.7/site-packages/airflow/example_dags/example_short_circuit_operator.py took 0.091 seconds
[2023-03-12T13:03:43.246+0000] {processor.py:153} INFO - Started process (PID=700) to work on /home/airflow/.local/lib/python3.7/site-packages/airflow/example_dags/example_short_circuit_operator.py
[2023-03-12T13:03:43.247+0000] {processor.py:743} INFO - Processing file /home/airflow/.local/lib/python3.7/site-packages/airflow/example_dags/example_short_circuit_operator.py for tasks to queue
[2023-03-12T13:03:43.248+0000] {logging_mixin.py:137} INFO - [2023-03-12T13:03:43.248+0000] {dagbag.py:538} INFO - Filling up the DagBag from /home/airflow/.local/lib/python3.7/site-packages/airflow/example_dags/example_short_circuit_operator.py
[2023-03-12T13:03:43.265+0000] {processor.py:753} INFO - DAG(s) dict_keys(['example_short_circuit_operator']) retrieved from /home/airflow/.local/lib/python3.7/site-packages/airflow/example_dags/example_short_circuit_operator.py
[2023-03-12T13:03:43.289+0000] {logging_mixin.py:137} INFO - [2023-03-12T13:03:43.289+0000] {dag.py:2690} INFO - Sync 1 DAGs
[2023-03-12T13:03:43.313+0000] {logging_mixin.py:137} INFO - [2023-03-12T13:03:43.313+0000] {dag.py:3441} INFO - Setting next_dagrun for example_short_circuit_operator to 2023-03-11T13:03:43.313194+00:00, run_after=2023-03-12T13:03:43.313194+00:00
[2023-03-12T13:03:43.331+0000] {processor.py:175} INFO - Processing /home/airflow/.local/lib/python3.7/site-packages/airflow/example_dags/example_short_circuit_operator.py took 0.087 seconds
[2023-03-12T13:04:14.063+0000] {processor.py:153} INFO - Started process (PID=814) to work on /home/airflow/.local/lib/python3.7/site-packages/airflow/example_dags/example_short_circuit_operator.py
[2023-03-12T13:04:14.063+0000] {processor.py:743} INFO - Processing file /home/airflow/.local/lib/python3.7/site-packages/airflow/example_dags/example_short_circuit_operator.py for tasks to queue
[2023-03-12T13:04:14.064+0000] {logging_mixin.py:137} INFO - [2023-03-12T13:04:14.064+0000] {dagbag.py:538} INFO - Filling up the DagBag from /home/airflow/.local/lib/python3.7/site-packages/airflow/example_dags/example_short_circuit_operator.py
[2023-03-12T13:04:14.080+0000] {processor.py:753} INFO - DAG(s) dict_keys(['example_short_circuit_operator']) retrieved from /home/airflow/.local/lib/python3.7/site-packages/airflow/example_dags/example_short_circuit_operator.py
[2023-03-12T13:04:14.106+0000] {logging_mixin.py:137} INFO - [2023-03-12T13:04:14.106+0000] {dag.py:2690} INFO - Sync 1 DAGs
[2023-03-12T13:04:14.130+0000] {logging_mixin.py:137} INFO - [2023-03-12T13:04:14.130+0000] {dag.py:3441} INFO - Setting next_dagrun for example_short_circuit_operator to 2023-03-11T13:04:14.130520+00:00, run_after=2023-03-12T13:04:14.130520+00:00
[2023-03-12T13:04:14.149+0000] {processor.py:175} INFO - Processing /home/airflow/.local/lib/python3.7/site-packages/airflow/example_dags/example_short_circuit_operator.py took 0.089 seconds
[2023-03-12T13:04:44.853+0000] {processor.py:153} INFO - Started process (PID=904) to work on /home/airflow/.local/lib/python3.7/site-packages/airflow/example_dags/example_short_circuit_operator.py
[2023-03-12T13:04:44.854+0000] {processor.py:743} INFO - Processing file /home/airflow/.local/lib/python3.7/site-packages/airflow/example_dags/example_short_circuit_operator.py for tasks to queue
[2023-03-12T13:04:44.855+0000] {logging_mixin.py:137} INFO - [2023-03-12T13:04:44.855+0000] {dagbag.py:538} INFO - Filling up the DagBag from /home/airflow/.local/lib/python3.7/site-packages/airflow/example_dags/example_short_circuit_operator.py
[2023-03-12T13:04:44.870+0000] {processor.py:753} INFO - DAG(s) dict_keys(['example_short_circuit_operator']) retrieved from /home/airflow/.local/lib/python3.7/site-packages/airflow/example_dags/example_short_circuit_operator.py
[2023-03-12T13:04:44.895+0000] {logging_mixin.py:137} INFO - [2023-03-12T13:04:44.895+0000] {dag.py:2690} INFO - Sync 1 DAGs
[2023-03-12T13:04:44.922+0000] {logging_mixin.py:137} INFO - [2023-03-12T13:04:44.922+0000] {dag.py:3441} INFO - Setting next_dagrun for example_short_circuit_operator to 2023-03-11T13:04:44.922150+00:00, run_after=2023-03-12T13:04:44.922150+00:00
[2023-03-12T13:04:44.946+0000] {processor.py:175} INFO - Processing /home/airflow/.local/lib/python3.7/site-packages/airflow/example_dags/example_short_circuit_operator.py took 0.096 seconds
[2023-03-12T13:05:15.565+0000] {processor.py:153} INFO - Started process (PID=1002) to work on /home/airflow/.local/lib/python3.7/site-packages/airflow/example_dags/example_short_circuit_operator.py
[2023-03-12T13:05:15.566+0000] {processor.py:743} INFO - Processing file /home/airflow/.local/lib/python3.7/site-packages/airflow/example_dags/example_short_circuit_operator.py for tasks to queue
[2023-03-12T13:05:15.567+0000] {logging_mixin.py:137} INFO - [2023-03-12T13:05:15.566+0000] {dagbag.py:538} INFO - Filling up the DagBag from /home/airflow/.local/lib/python3.7/site-packages/airflow/example_dags/example_short_circuit_operator.py
[2023-03-12T13:05:15.587+0000] {processor.py:753} INFO - DAG(s) dict_keys(['example_short_circuit_operator']) retrieved from /home/airflow/.local/lib/python3.7/site-packages/airflow/example_dags/example_short_circuit_operator.py
[2023-03-12T13:05:15.637+0000] {logging_mixin.py:137} INFO - [2023-03-12T13:05:15.637+0000] {dag.py:2690} INFO - Sync 1 DAGs
[2023-03-12T13:05:15.699+0000] {logging_mixin.py:137} INFO - [2023-03-12T13:05:15.699+0000] {dag.py:3441} INFO - Setting next_dagrun for example_short_circuit_operator to 2023-03-11T13:05:15.699116+00:00, run_after=2023-03-12T13:05:15.699116+00:00
[2023-03-12T13:05:15.768+0000] {processor.py:175} INFO - Processing /home/airflow/.local/lib/python3.7/site-packages/airflow/example_dags/example_short_circuit_operator.py took 0.208 seconds
[2023-03-12T13:05:46.280+0000] {processor.py:153} INFO - Started process (PID=1109) to work on /home/airflow/.local/lib/python3.7/site-packages/airflow/example_dags/example_short_circuit_operator.py
[2023-03-12T13:05:46.281+0000] {processor.py:743} INFO - Processing file /home/airflow/.local/lib/python3.7/site-packages/airflow/example_dags/example_short_circuit_operator.py for tasks to queue
[2023-03-12T13:05:46.281+0000] {logging_mixin.py:137} INFO - [2023-03-12T13:05:46.281+0000] {dagbag.py:538} INFO - Filling up the DagBag from /home/airflow/.local/lib/python3.7/site-packages/airflow/example_dags/example_short_circuit_operator.py
[2023-03-12T13:05:46.297+0000] {processor.py:753} INFO - DAG(s) dict_keys(['example_short_circuit_operator']) retrieved from /home/airflow/.local/lib/python3.7/site-packages/airflow/example_dags/example_short_circuit_operator.py
[2023-03-12T13:05:46.323+0000] {logging_mixin.py:137} INFO - [2023-03-12T13:05:46.323+0000] {dag.py:2690} INFO - Sync 1 DAGs
[2023-03-12T13:05:46.349+0000] {logging_mixin.py:137} INFO - [2023-03-12T13:05:46.348+0000] {dag.py:3441} INFO - Setting next_dagrun for example_short_circuit_operator to 2023-03-11T13:05:46.348673+00:00, run_after=2023-03-12T13:05:46.348673+00:00
[2023-03-12T13:05:46.368+0000] {processor.py:175} INFO - Processing /home/airflow/.local/lib/python3.7/site-packages/airflow/example_dags/example_short_circuit_operator.py took 0.091 seconds
[2023-03-12T13:06:16.436+0000] {processor.py:153} INFO - Started process (PID=1199) to work on /home/airflow/.local/lib/python3.7/site-packages/airflow/example_dags/example_short_circuit_operator.py
[2023-03-12T13:06:16.437+0000] {processor.py:743} INFO - Processing file /home/airflow/.local/lib/python3.7/site-packages/airflow/example_dags/example_short_circuit_operator.py for tasks to queue
[2023-03-12T13:06:16.438+0000] {logging_mixin.py:137} INFO - [2023-03-12T13:06:16.438+0000] {dagbag.py:538} INFO - Filling up the DagBag from /home/airflow/.local/lib/python3.7/site-packages/airflow/example_dags/example_short_circuit_operator.py
[2023-03-12T13:06:16.466+0000] {processor.py:753} INFO - DAG(s) dict_keys(['example_short_circuit_operator']) retrieved from /home/airflow/.local/lib/python3.7/site-packages/airflow/example_dags/example_short_circuit_operator.py
[2023-03-12T13:06:16.495+0000] {logging_mixin.py:137} INFO - [2023-03-12T13:06:16.495+0000] {dag.py:2690} INFO - Sync 1 DAGs
[2023-03-12T13:06:16.525+0000] {logging_mixin.py:137} INFO - [2023-03-12T13:06:16.525+0000] {dag.py:3441} INFO - Setting next_dagrun for example_short_circuit_operator to 2023-03-11T13:06:16.525280+00:00, run_after=2023-03-12T13:06:16.525280+00:00
[2023-03-12T13:06:16.544+0000] {processor.py:175} INFO - Processing /home/airflow/.local/lib/python3.7/site-packages/airflow/example_dags/example_short_circuit_operator.py took 0.111 seconds
[2023-03-12T13:06:47.222+0000] {processor.py:153} INFO - Started process (PID=1323) to work on /home/airflow/.local/lib/python3.7/site-packages/airflow/example_dags/example_short_circuit_operator.py
[2023-03-12T13:06:47.222+0000] {processor.py:743} INFO - Processing file /home/airflow/.local/lib/python3.7/site-packages/airflow/example_dags/example_short_circuit_operator.py for tasks to queue
[2023-03-12T13:06:47.223+0000] {logging_mixin.py:137} INFO - [2023-03-12T13:06:47.223+0000] {dagbag.py:538} INFO - Filling up the DagBag from /home/airflow/.local/lib/python3.7/site-packages/airflow/example_dags/example_short_circuit_operator.py
[2023-03-12T13:06:47.239+0000] {processor.py:753} INFO - DAG(s) dict_keys(['example_short_circuit_operator']) retrieved from /home/airflow/.local/lib/python3.7/site-packages/airflow/example_dags/example_short_circuit_operator.py
[2023-03-12T13:06:47.266+0000] {logging_mixin.py:137} INFO - [2023-03-12T13:06:47.266+0000] {dag.py:2690} INFO - Sync 1 DAGs
[2023-03-12T13:06:47.295+0000] {logging_mixin.py:137} INFO - [2023-03-12T13:06:47.294+0000] {dag.py:3441} INFO - Setting next_dagrun for example_short_circuit_operator to 2023-03-11T13:06:47.294722+00:00, run_after=2023-03-12T13:06:47.294722+00:00
[2023-03-12T13:06:47.313+0000] {processor.py:175} INFO - Processing /home/airflow/.local/lib/python3.7/site-packages/airflow/example_dags/example_short_circuit_operator.py took 0.094 seconds
[2023-03-12T13:07:05.757+0000] {processor.py:153} INFO - Started process (PID=97) to work on /home/airflow/.local/lib/python3.7/site-packages/airflow/example_dags/example_short_circuit_operator.py
[2023-03-12T13:07:05.762+0000] {processor.py:743} INFO - Processing file /home/airflow/.local/lib/python3.7/site-packages/airflow/example_dags/example_short_circuit_operator.py for tasks to queue
[2023-03-12T13:07:05.762+0000] {logging_mixin.py:137} INFO - [2023-03-12T13:07:05.762+0000] {dagbag.py:538} INFO - Filling up the DagBag from /home/airflow/.local/lib/python3.7/site-packages/airflow/example_dags/example_short_circuit_operator.py
[2023-03-12T13:07:05.867+0000] {processor.py:753} INFO - DAG(s) dict_keys(['example_short_circuit_operator']) retrieved from /home/airflow/.local/lib/python3.7/site-packages/airflow/example_dags/example_short_circuit_operator.py
[2023-03-12T13:07:05.882+0000] {logging_mixin.py:137} INFO - [2023-03-12T13:07:05.882+0000] {dag.py:2690} INFO - Sync 1 DAGs
[2023-03-12T13:07:05.978+0000] {logging_mixin.py:137} INFO - [2023-03-12T13:07:05.977+0000] {dag.py:3441} INFO - Setting next_dagrun for example_short_circuit_operator to 2023-03-11T13:07:05.977475+00:00, run_after=2023-03-12T13:07:05.977475+00:00
[2023-03-12T13:07:06.068+0000] {processor.py:175} INFO - Processing /home/airflow/.local/lib/python3.7/site-packages/airflow/example_dags/example_short_circuit_operator.py took 0.316 seconds
[2023-03-12T13:07:36.902+0000] {processor.py:153} INFO - Started process (PID=201) to work on /home/airflow/.local/lib/python3.7/site-packages/airflow/example_dags/example_short_circuit_operator.py
[2023-03-12T13:07:36.903+0000] {processor.py:743} INFO - Processing file /home/airflow/.local/lib/python3.7/site-packages/airflow/example_dags/example_short_circuit_operator.py for tasks to queue
[2023-03-12T13:07:36.904+0000] {logging_mixin.py:137} INFO - [2023-03-12T13:07:36.904+0000] {dagbag.py:538} INFO - Filling up the DagBag from /home/airflow/.local/lib/python3.7/site-packages/airflow/example_dags/example_short_circuit_operator.py
[2023-03-12T13:07:36.921+0000] {processor.py:753} INFO - DAG(s) dict_keys(['example_short_circuit_operator']) retrieved from /home/airflow/.local/lib/python3.7/site-packages/airflow/example_dags/example_short_circuit_operator.py
[2023-03-12T13:07:36.955+0000] {logging_mixin.py:137} INFO - [2023-03-12T13:07:36.955+0000] {dag.py:2690} INFO - Sync 1 DAGs
[2023-03-12T13:07:36.989+0000] {logging_mixin.py:137} INFO - [2023-03-12T13:07:36.989+0000] {dag.py:3441} INFO - Setting next_dagrun for example_short_circuit_operator to 2023-03-11T13:07:36.988861+00:00, run_after=2023-03-12T13:07:36.988861+00:00
[2023-03-12T13:07:37.012+0000] {processor.py:175} INFO - Processing /home/airflow/.local/lib/python3.7/site-packages/airflow/example_dags/example_short_circuit_operator.py took 0.113 seconds
[2023-03-12T13:08:07.696+0000] {processor.py:153} INFO - Started process (PID=291) to work on /home/airflow/.local/lib/python3.7/site-packages/airflow/example_dags/example_short_circuit_operator.py
[2023-03-12T13:08:07.697+0000] {processor.py:743} INFO - Processing file /home/airflow/.local/lib/python3.7/site-packages/airflow/example_dags/example_short_circuit_operator.py for tasks to queue
[2023-03-12T13:08:07.698+0000] {logging_mixin.py:137} INFO - [2023-03-12T13:08:07.698+0000] {dagbag.py:538} INFO - Filling up the DagBag from /home/airflow/.local/lib/python3.7/site-packages/airflow/example_dags/example_short_circuit_operator.py
[2023-03-12T13:08:07.713+0000] {processor.py:753} INFO - DAG(s) dict_keys(['example_short_circuit_operator']) retrieved from /home/airflow/.local/lib/python3.7/site-packages/airflow/example_dags/example_short_circuit_operator.py
[2023-03-12T13:08:07.741+0000] {logging_mixin.py:137} INFO - [2023-03-12T13:08:07.740+0000] {dag.py:2690} INFO - Sync 1 DAGs
[2023-03-12T13:08:07.772+0000] {logging_mixin.py:137} INFO - [2023-03-12T13:08:07.772+0000] {dag.py:3441} INFO - Setting next_dagrun for example_short_circuit_operator to 2023-03-11T13:08:07.771888+00:00, run_after=2023-03-12T13:08:07.771888+00:00
[2023-03-12T13:08:07.795+0000] {processor.py:175} INFO - Processing /home/airflow/.local/lib/python3.7/site-packages/airflow/example_dags/example_short_circuit_operator.py took 0.102 seconds
[2023-03-12T13:08:38.542+0000] {processor.py:153} INFO - Started process (PID=391) to work on /home/airflow/.local/lib/python3.7/site-packages/airflow/example_dags/example_short_circuit_operator.py
[2023-03-12T13:08:38.542+0000] {processor.py:743} INFO - Processing file /home/airflow/.local/lib/python3.7/site-packages/airflow/example_dags/example_short_circuit_operator.py for tasks to queue
[2023-03-12T13:08:38.543+0000] {logging_mixin.py:137} INFO - [2023-03-12T13:08:38.543+0000] {dagbag.py:538} INFO - Filling up the DagBag from /home/airflow/.local/lib/python3.7/site-packages/airflow/example_dags/example_short_circuit_operator.py
[2023-03-12T13:08:38.563+0000] {processor.py:753} INFO - DAG(s) dict_keys(['example_short_circuit_operator']) retrieved from /home/airflow/.local/lib/python3.7/site-packages/airflow/example_dags/example_short_circuit_operator.py
[2023-03-12T13:08:38.588+0000] {logging_mixin.py:137} INFO - [2023-03-12T13:08:38.588+0000] {dag.py:2690} INFO - Sync 1 DAGs
[2023-03-12T13:08:38.612+0000] {logging_mixin.py:137} INFO - [2023-03-12T13:08:38.612+0000] {dag.py:3441} INFO - Setting next_dagrun for example_short_circuit_operator to 2023-03-11T13:08:38.612422+00:00, run_after=2023-03-12T13:08:38.612422+00:00
[2023-03-12T13:08:38.630+0000] {processor.py:175} INFO - Processing /home/airflow/.local/lib/python3.7/site-packages/airflow/example_dags/example_short_circuit_operator.py took 0.092 seconds
[2023-03-12T13:08:58.607+0000] {processor.py:153} INFO - Started process (PID=88) to work on /home/airflow/.local/lib/python3.7/site-packages/airflow/example_dags/example_short_circuit_operator.py
[2023-03-12T13:08:58.608+0000] {processor.py:743} INFO - Processing file /home/airflow/.local/lib/python3.7/site-packages/airflow/example_dags/example_short_circuit_operator.py for tasks to queue
[2023-03-12T13:08:58.609+0000] {logging_mixin.py:137} INFO - [2023-03-12T13:08:58.609+0000] {dagbag.py:538} INFO - Filling up the DagBag from /home/airflow/.local/lib/python3.7/site-packages/airflow/example_dags/example_short_circuit_operator.py
[2023-03-12T13:08:58.624+0000] {processor.py:753} INFO - DAG(s) dict_keys(['example_short_circuit_operator']) retrieved from /home/airflow/.local/lib/python3.7/site-packages/airflow/example_dags/example_short_circuit_operator.py
[2023-03-12T13:08:58.636+0000] {logging_mixin.py:137} INFO - [2023-03-12T13:08:58.635+0000] {dag.py:2690} INFO - Sync 1 DAGs
[2023-03-12T13:08:58.671+0000] {logging_mixin.py:137} INFO - [2023-03-12T13:08:58.670+0000] {dag.py:3441} INFO - Setting next_dagrun for example_short_circuit_operator to 2023-03-11T13:08:58.670556+00:00, run_after=2023-03-12T13:08:58.670556+00:00
[2023-03-12T13:08:58.689+0000] {processor.py:175} INFO - Processing /home/airflow/.local/lib/python3.7/site-packages/airflow/example_dags/example_short_circuit_operator.py took 0.084 seconds
[2023-03-12T13:09:29.447+0000] {processor.py:153} INFO - Started process (PID=202) to work on /home/airflow/.local/lib/python3.7/site-packages/airflow/example_dags/example_short_circuit_operator.py
[2023-03-12T13:09:29.448+0000] {processor.py:743} INFO - Processing file /home/airflow/.local/lib/python3.7/site-packages/airflow/example_dags/example_short_circuit_operator.py for tasks to queue
[2023-03-12T13:09:29.448+0000] {logging_mixin.py:137} INFO - [2023-03-12T13:09:29.448+0000] {dagbag.py:538} INFO - Filling up the DagBag from /home/airflow/.local/lib/python3.7/site-packages/airflow/example_dags/example_short_circuit_operator.py
[2023-03-12T13:09:29.468+0000] {processor.py:753} INFO - DAG(s) dict_keys(['example_short_circuit_operator']) retrieved from /home/airflow/.local/lib/python3.7/site-packages/airflow/example_dags/example_short_circuit_operator.py
[2023-03-12T13:09:29.496+0000] {logging_mixin.py:137} INFO - [2023-03-12T13:09:29.496+0000] {dag.py:2690} INFO - Sync 1 DAGs
[2023-03-12T13:09:29.524+0000] {logging_mixin.py:137} INFO - [2023-03-12T13:09:29.524+0000] {dag.py:3441} INFO - Setting next_dagrun for example_short_circuit_operator to 2023-03-11T13:09:29.524096+00:00, run_after=2023-03-12T13:09:29.524096+00:00
[2023-03-12T13:09:29.545+0000] {processor.py:175} INFO - Processing /home/airflow/.local/lib/python3.7/site-packages/airflow/example_dags/example_short_circuit_operator.py took 0.100 seconds
[2023-03-12T13:10:00.378+0000] {processor.py:153} INFO - Started process (PID=292) to work on /home/airflow/.local/lib/python3.7/site-packages/airflow/example_dags/example_short_circuit_operator.py
[2023-03-12T13:10:00.379+0000] {processor.py:743} INFO - Processing file /home/airflow/.local/lib/python3.7/site-packages/airflow/example_dags/example_short_circuit_operator.py for tasks to queue
[2023-03-12T13:10:00.380+0000] {logging_mixin.py:137} INFO - [2023-03-12T13:10:00.380+0000] {dagbag.py:538} INFO - Filling up the DagBag from /home/airflow/.local/lib/python3.7/site-packages/airflow/example_dags/example_short_circuit_operator.py
[2023-03-12T13:10:00.394+0000] {processor.py:753} INFO - DAG(s) dict_keys(['example_short_circuit_operator']) retrieved from /home/airflow/.local/lib/python3.7/site-packages/airflow/example_dags/example_short_circuit_operator.py
[2023-03-12T13:10:00.420+0000] {logging_mixin.py:137} INFO - [2023-03-12T13:10:00.420+0000] {dag.py:2690} INFO - Sync 1 DAGs
[2023-03-12T13:10:00.445+0000] {logging_mixin.py:137} INFO - [2023-03-12T13:10:00.445+0000] {dag.py:3441} INFO - Setting next_dagrun for example_short_circuit_operator to 2023-03-11T13:10:00.445371+00:00, run_after=2023-03-12T13:10:00.445371+00:00
[2023-03-12T13:10:00.465+0000] {processor.py:175} INFO - Processing /home/airflow/.local/lib/python3.7/site-packages/airflow/example_dags/example_short_circuit_operator.py took 0.089 seconds
[2023-03-12T13:10:31.566+0000] {processor.py:153} INFO - Started process (PID=416) to work on /home/airflow/.local/lib/python3.7/site-packages/airflow/example_dags/example_short_circuit_operator.py
[2023-03-12T13:10:31.567+0000] {processor.py:743} INFO - Processing file /home/airflow/.local/lib/python3.7/site-packages/airflow/example_dags/example_short_circuit_operator.py for tasks to queue
[2023-03-12T13:10:31.568+0000] {logging_mixin.py:137} INFO - [2023-03-12T13:10:31.568+0000] {dagbag.py:538} INFO - Filling up the DagBag from /home/airflow/.local/lib/python3.7/site-packages/airflow/example_dags/example_short_circuit_operator.py
[2023-03-12T13:10:31.582+0000] {processor.py:753} INFO - DAG(s) dict_keys(['example_short_circuit_operator']) retrieved from /home/airflow/.local/lib/python3.7/site-packages/airflow/example_dags/example_short_circuit_operator.py
[2023-03-12T13:10:31.607+0000] {logging_mixin.py:137} INFO - [2023-03-12T13:10:31.607+0000] {dag.py:2690} INFO - Sync 1 DAGs
[2023-03-12T13:10:31.634+0000] {logging_mixin.py:137} INFO - [2023-03-12T13:10:31.634+0000] {dag.py:3441} INFO - Setting next_dagrun for example_short_circuit_operator to 2023-03-11T13:10:31.634519+00:00, run_after=2023-03-12T13:10:31.634519+00:00
[2023-03-12T13:10:31.664+0000] {processor.py:175} INFO - Processing /home/airflow/.local/lib/python3.7/site-packages/airflow/example_dags/example_short_circuit_operator.py took 0.100 seconds
[2023-03-12T13:11:02.740+0000] {processor.py:153} INFO - Started process (PID=510) to work on /home/airflow/.local/lib/python3.7/site-packages/airflow/example_dags/example_short_circuit_operator.py
[2023-03-12T13:11:02.740+0000] {processor.py:743} INFO - Processing file /home/airflow/.local/lib/python3.7/site-packages/airflow/example_dags/example_short_circuit_operator.py for tasks to queue
[2023-03-12T13:11:02.741+0000] {logging_mixin.py:137} INFO - [2023-03-12T13:11:02.741+0000] {dagbag.py:538} INFO - Filling up the DagBag from /home/airflow/.local/lib/python3.7/site-packages/airflow/example_dags/example_short_circuit_operator.py
[2023-03-12T13:11:02.757+0000] {processor.py:753} INFO - DAG(s) dict_keys(['example_short_circuit_operator']) retrieved from /home/airflow/.local/lib/python3.7/site-packages/airflow/example_dags/example_short_circuit_operator.py
[2023-03-12T13:11:02.787+0000] {logging_mixin.py:137} INFO - [2023-03-12T13:11:02.787+0000] {dag.py:2690} INFO - Sync 1 DAGs
[2023-03-12T13:11:02.817+0000] {logging_mixin.py:137} INFO - [2023-03-12T13:11:02.817+0000] {dag.py:3441} INFO - Setting next_dagrun for example_short_circuit_operator to 2023-03-11T13:11:02.817204+00:00, run_after=2023-03-12T13:11:02.817204+00:00
[2023-03-12T13:11:02.836+0000] {processor.py:175} INFO - Processing /home/airflow/.local/lib/python3.7/site-packages/airflow/example_dags/example_short_circuit_operator.py took 0.099 seconds
[2023-03-12T13:11:33.808+0000] {processor.py:153} INFO - Started process (PID=624) to work on /home/airflow/.local/lib/python3.7/site-packages/airflow/example_dags/example_short_circuit_operator.py
[2023-03-12T13:11:33.809+0000] {processor.py:743} INFO - Processing file /home/airflow/.local/lib/python3.7/site-packages/airflow/example_dags/example_short_circuit_operator.py for tasks to queue
[2023-03-12T13:11:33.810+0000] {logging_mixin.py:137} INFO - [2023-03-12T13:11:33.809+0000] {dagbag.py:538} INFO - Filling up the DagBag from /home/airflow/.local/lib/python3.7/site-packages/airflow/example_dags/example_short_circuit_operator.py
[2023-03-12T13:11:33.825+0000] {processor.py:753} INFO - DAG(s) dict_keys(['example_short_circuit_operator']) retrieved from /home/airflow/.local/lib/python3.7/site-packages/airflow/example_dags/example_short_circuit_operator.py
[2023-03-12T13:11:33.856+0000] {logging_mixin.py:137} INFO - [2023-03-12T13:11:33.856+0000] {dag.py:2690} INFO - Sync 1 DAGs
[2023-03-12T13:11:33.883+0000] {logging_mixin.py:137} INFO - [2023-03-12T13:11:33.883+0000] {dag.py:3441} INFO - Setting next_dagrun for example_short_circuit_operator to 2023-03-11T13:11:33.882799+00:00, run_after=2023-03-12T13:11:33.882799+00:00
[2023-03-12T13:11:33.901+0000] {processor.py:175} INFO - Processing /home/airflow/.local/lib/python3.7/site-packages/airflow/example_dags/example_short_circuit_operator.py took 0.095 seconds
[2023-03-12T13:12:04.998+0000] {processor.py:153} INFO - Started process (PID=718) to work on /home/airflow/.local/lib/python3.7/site-packages/airflow/example_dags/example_short_circuit_operator.py
[2023-03-12T13:12:04.999+0000] {processor.py:743} INFO - Processing file /home/airflow/.local/lib/python3.7/site-packages/airflow/example_dags/example_short_circuit_operator.py for tasks to queue
[2023-03-12T13:12:04.999+0000] {logging_mixin.py:137} INFO - [2023-03-12T13:12:04.999+0000] {dagbag.py:538} INFO - Filling up the DagBag from /home/airflow/.local/lib/python3.7/site-packages/airflow/example_dags/example_short_circuit_operator.py
[2023-03-12T13:12:05.014+0000] {processor.py:753} INFO - DAG(s) dict_keys(['example_short_circuit_operator']) retrieved from /home/airflow/.local/lib/python3.7/site-packages/airflow/example_dags/example_short_circuit_operator.py
[2023-03-12T13:12:05.039+0000] {logging_mixin.py:137} INFO - [2023-03-12T13:12:05.038+0000] {dag.py:2690} INFO - Sync 1 DAGs
[2023-03-12T13:12:05.066+0000] {logging_mixin.py:137} INFO - [2023-03-12T13:12:05.066+0000] {dag.py:3441} INFO - Setting next_dagrun for example_short_circuit_operator to 2023-03-11T13:12:05.066219+00:00, run_after=2023-03-12T13:12:05.066219+00:00
[2023-03-12T13:12:05.086+0000] {processor.py:175} INFO - Processing /home/airflow/.local/lib/python3.7/site-packages/airflow/example_dags/example_short_circuit_operator.py took 0.090 seconds
[2023-03-12T13:12:36.088+0000] {processor.py:153} INFO - Started process (PID=817) to work on /home/airflow/.local/lib/python3.7/site-packages/airflow/example_dags/example_short_circuit_operator.py
[2023-03-12T13:12:36.089+0000] {processor.py:743} INFO - Processing file /home/airflow/.local/lib/python3.7/site-packages/airflow/example_dags/example_short_circuit_operator.py for tasks to queue
[2023-03-12T13:12:36.089+0000] {logging_mixin.py:137} INFO - [2023-03-12T13:12:36.089+0000] {dagbag.py:538} INFO - Filling up the DagBag from /home/airflow/.local/lib/python3.7/site-packages/airflow/example_dags/example_short_circuit_operator.py
[2023-03-12T13:12:36.108+0000] {processor.py:753} INFO - DAG(s) dict_keys(['example_short_circuit_operator']) retrieved from /home/airflow/.local/lib/python3.7/site-packages/airflow/example_dags/example_short_circuit_operator.py
[2023-03-12T13:12:36.180+0000] {logging_mixin.py:137} INFO - [2023-03-12T13:12:36.180+0000] {dag.py:2690} INFO - Sync 1 DAGs
[2023-03-12T13:12:36.260+0000] {logging_mixin.py:137} INFO - [2023-03-12T13:12:36.259+0000] {dag.py:3441} INFO - Setting next_dagrun for example_short_circuit_operator to 2023-03-11T13:12:36.259629+00:00, run_after=2023-03-12T13:12:36.259629+00:00
[2023-03-12T13:12:36.281+0000] {processor.py:175} INFO - Processing /home/airflow/.local/lib/python3.7/site-packages/airflow/example_dags/example_short_circuit_operator.py took 0.196 seconds
[2023-03-12T13:13:06.348+0000] {processor.py:153} INFO - Started process (PID=926) to work on /home/airflow/.local/lib/python3.7/site-packages/airflow/example_dags/example_short_circuit_operator.py
[2023-03-12T13:13:06.349+0000] {processor.py:743} INFO - Processing file /home/airflow/.local/lib/python3.7/site-packages/airflow/example_dags/example_short_circuit_operator.py for tasks to queue
[2023-03-12T13:13:06.350+0000] {logging_mixin.py:137} INFO - [2023-03-12T13:13:06.350+0000] {dagbag.py:538} INFO - Filling up the DagBag from /home/airflow/.local/lib/python3.7/site-packages/airflow/example_dags/example_short_circuit_operator.py
[2023-03-12T13:13:06.369+0000] {processor.py:753} INFO - DAG(s) dict_keys(['example_short_circuit_operator']) retrieved from /home/airflow/.local/lib/python3.7/site-packages/airflow/example_dags/example_short_circuit_operator.py
[2023-03-12T13:13:06.396+0000] {logging_mixin.py:137} INFO - [2023-03-12T13:13:06.396+0000] {dag.py:2690} INFO - Sync 1 DAGs
[2023-03-12T13:13:06.425+0000] {logging_mixin.py:137} INFO - [2023-03-12T13:13:06.425+0000] {dag.py:3441} INFO - Setting next_dagrun for example_short_circuit_operator to 2023-03-11T13:13:06.424796+00:00, run_after=2023-03-12T13:13:06.424796+00:00
[2023-03-12T13:13:06.446+0000] {processor.py:175} INFO - Processing /home/airflow/.local/lib/python3.7/site-packages/airflow/example_dags/example_short_circuit_operator.py took 0.100 seconds
[2023-03-12T13:13:36.496+0000] {processor.py:153} INFO - Started process (PID=1016) to work on /home/airflow/.local/lib/python3.7/site-packages/airflow/example_dags/example_short_circuit_operator.py
[2023-03-12T13:13:36.497+0000] {processor.py:743} INFO - Processing file /home/airflow/.local/lib/python3.7/site-packages/airflow/example_dags/example_short_circuit_operator.py for tasks to queue
[2023-03-12T13:13:36.497+0000] {logging_mixin.py:137} INFO - [2023-03-12T13:13:36.497+0000] {dagbag.py:538} INFO - Filling up the DagBag from /home/airflow/.local/lib/python3.7/site-packages/airflow/example_dags/example_short_circuit_operator.py
[2023-03-12T13:13:36.514+0000] {processor.py:753} INFO - DAG(s) dict_keys(['example_short_circuit_operator']) retrieved from /home/airflow/.local/lib/python3.7/site-packages/airflow/example_dags/example_short_circuit_operator.py
[2023-03-12T13:13:36.542+0000] {logging_mixin.py:137} INFO - [2023-03-12T13:13:36.542+0000] {dag.py:2690} INFO - Sync 1 DAGs
[2023-03-12T13:13:36.572+0000] {logging_mixin.py:137} INFO - [2023-03-12T13:13:36.572+0000] {dag.py:3441} INFO - Setting next_dagrun for example_short_circuit_operator to 2023-03-11T13:13:36.572142+00:00, run_after=2023-03-12T13:13:36.572142+00:00
[2023-03-12T13:13:36.590+0000] {processor.py:175} INFO - Processing /home/airflow/.local/lib/python3.7/site-packages/airflow/example_dags/example_short_circuit_operator.py took 0.098 seconds
[2023-03-12T13:14:07.495+0000] {processor.py:153} INFO - Started process (PID=1134) to work on /home/airflow/.local/lib/python3.7/site-packages/airflow/example_dags/example_short_circuit_operator.py
[2023-03-12T13:14:07.496+0000] {processor.py:743} INFO - Processing file /home/airflow/.local/lib/python3.7/site-packages/airflow/example_dags/example_short_circuit_operator.py for tasks to queue
[2023-03-12T13:14:07.497+0000] {logging_mixin.py:137} INFO - [2023-03-12T13:14:07.496+0000] {dagbag.py:538} INFO - Filling up the DagBag from /home/airflow/.local/lib/python3.7/site-packages/airflow/example_dags/example_short_circuit_operator.py
[2023-03-12T13:14:07.511+0000] {processor.py:753} INFO - DAG(s) dict_keys(['example_short_circuit_operator']) retrieved from /home/airflow/.local/lib/python3.7/site-packages/airflow/example_dags/example_short_circuit_operator.py
[2023-03-12T13:14:07.536+0000] {logging_mixin.py:137} INFO - [2023-03-12T13:14:07.536+0000] {dag.py:2690} INFO - Sync 1 DAGs
[2023-03-12T13:14:07.568+0000] {logging_mixin.py:137} INFO - [2023-03-12T13:14:07.568+0000] {dag.py:3441} INFO - Setting next_dagrun for example_short_circuit_operator to 2023-03-11T13:14:07.568265+00:00, run_after=2023-03-12T13:14:07.568265+00:00
[2023-03-12T13:14:07.587+0000] {processor.py:175} INFO - Processing /home/airflow/.local/lib/python3.7/site-packages/airflow/example_dags/example_short_circuit_operator.py took 0.095 seconds
[2023-03-12T13:14:37.770+0000] {processor.py:153} INFO - Started process (PID=1224) to work on /home/airflow/.local/lib/python3.7/site-packages/airflow/example_dags/example_short_circuit_operator.py
[2023-03-12T13:14:37.771+0000] {processor.py:743} INFO - Processing file /home/airflow/.local/lib/python3.7/site-packages/airflow/example_dags/example_short_circuit_operator.py for tasks to queue
[2023-03-12T13:14:37.772+0000] {logging_mixin.py:137} INFO - [2023-03-12T13:14:37.772+0000] {dagbag.py:538} INFO - Filling up the DagBag from /home/airflow/.local/lib/python3.7/site-packages/airflow/example_dags/example_short_circuit_operator.py
[2023-03-12T13:14:37.787+0000] {processor.py:753} INFO - DAG(s) dict_keys(['example_short_circuit_operator']) retrieved from /home/airflow/.local/lib/python3.7/site-packages/airflow/example_dags/example_short_circuit_operator.py
[2023-03-12T13:14:37.815+0000] {logging_mixin.py:137} INFO - [2023-03-12T13:14:37.814+0000] {dag.py:2690} INFO - Sync 1 DAGs
[2023-03-12T13:14:37.843+0000] {logging_mixin.py:137} INFO - [2023-03-12T13:14:37.842+0000] {dag.py:3441} INFO - Setting next_dagrun for example_short_circuit_operator to 2023-03-11T13:14:37.842734+00:00, run_after=2023-03-12T13:14:37.842734+00:00
[2023-03-12T13:14:37.864+0000] {processor.py:175} INFO - Processing /home/airflow/.local/lib/python3.7/site-packages/airflow/example_dags/example_short_circuit_operator.py took 0.097 seconds
[2023-03-12T13:15:08.353+0000] {processor.py:153} INFO - Started process (PID=1342) to work on /home/airflow/.local/lib/python3.7/site-packages/airflow/example_dags/example_short_circuit_operator.py
[2023-03-12T13:15:08.355+0000] {processor.py:743} INFO - Processing file /home/airflow/.local/lib/python3.7/site-packages/airflow/example_dags/example_short_circuit_operator.py for tasks to queue
[2023-03-12T13:15:08.356+0000] {logging_mixin.py:137} INFO - [2023-03-12T13:15:08.355+0000] {dagbag.py:538} INFO - Filling up the DagBag from /home/airflow/.local/lib/python3.7/site-packages/airflow/example_dags/example_short_circuit_operator.py
[2023-03-12T13:15:08.372+0000] {processor.py:753} INFO - DAG(s) dict_keys(['example_short_circuit_operator']) retrieved from /home/airflow/.local/lib/python3.7/site-packages/airflow/example_dags/example_short_circuit_operator.py
[2023-03-12T13:15:08.400+0000] {logging_mixin.py:137} INFO - [2023-03-12T13:15:08.399+0000] {dag.py:2690} INFO - Sync 1 DAGs
[2023-03-12T13:15:08.456+0000] {logging_mixin.py:137} INFO - [2023-03-12T13:15:08.455+0000] {dag.py:3441} INFO - Setting next_dagrun for example_short_circuit_operator to 2023-03-11T13:15:08.455570+00:00, run_after=2023-03-12T13:15:08.455570+00:00
[2023-03-12T13:15:08.482+0000] {processor.py:175} INFO - Processing /home/airflow/.local/lib/python3.7/site-packages/airflow/example_dags/example_short_circuit_operator.py took 0.132 seconds
[2023-03-12T13:15:38.514+0000] {processor.py:153} INFO - Started process (PID=1432) to work on /home/airflow/.local/lib/python3.7/site-packages/airflow/example_dags/example_short_circuit_operator.py
[2023-03-12T13:15:38.515+0000] {processor.py:743} INFO - Processing file /home/airflow/.local/lib/python3.7/site-packages/airflow/example_dags/example_short_circuit_operator.py for tasks to queue
[2023-03-12T13:15:38.516+0000] {logging_mixin.py:137} INFO - [2023-03-12T13:15:38.516+0000] {dagbag.py:538} INFO - Filling up the DagBag from /home/airflow/.local/lib/python3.7/site-packages/airflow/example_dags/example_short_circuit_operator.py
[2023-03-12T13:15:38.531+0000] {processor.py:753} INFO - DAG(s) dict_keys(['example_short_circuit_operator']) retrieved from /home/airflow/.local/lib/python3.7/site-packages/airflow/example_dags/example_short_circuit_operator.py
[2023-03-12T13:15:38.557+0000] {logging_mixin.py:137} INFO - [2023-03-12T13:15:38.556+0000] {dag.py:2690} INFO - Sync 1 DAGs
[2023-03-12T13:15:38.583+0000] {logging_mixin.py:137} INFO - [2023-03-12T13:15:38.583+0000] {dag.py:3441} INFO - Setting next_dagrun for example_short_circuit_operator to 2023-03-11T13:15:38.582815+00:00, run_after=2023-03-12T13:15:38.582815+00:00
[2023-03-12T13:15:38.601+0000] {processor.py:175} INFO - Processing /home/airflow/.local/lib/python3.7/site-packages/airflow/example_dags/example_short_circuit_operator.py took 0.089 seconds
[2023-03-12T13:16:14.553+0000] {processor.py:153} INFO - Started process (PID=89) to work on /home/airflow/.local/lib/python3.7/site-packages/airflow/example_dags/example_short_circuit_operator.py
[2023-03-12T13:16:14.554+0000] {processor.py:743} INFO - Processing file /home/airflow/.local/lib/python3.7/site-packages/airflow/example_dags/example_short_circuit_operator.py for tasks to queue
[2023-03-12T13:16:14.555+0000] {logging_mixin.py:137} INFO - [2023-03-12T13:16:14.555+0000] {dagbag.py:538} INFO - Filling up the DagBag from /home/airflow/.local/lib/python3.7/site-packages/airflow/example_dags/example_short_circuit_operator.py
[2023-03-12T13:16:14.575+0000] {processor.py:753} INFO - DAG(s) dict_keys(['example_short_circuit_operator']) retrieved from /home/airflow/.local/lib/python3.7/site-packages/airflow/example_dags/example_short_circuit_operator.py
[2023-03-12T13:16:14.590+0000] {logging_mixin.py:137} INFO - [2023-03-12T13:16:14.590+0000] {dag.py:2690} INFO - Sync 1 DAGs
[2023-03-12T13:16:14.619+0000] {logging_mixin.py:137} INFO - [2023-03-12T13:16:14.619+0000] {dag.py:3441} INFO - Setting next_dagrun for example_short_circuit_operator to 2023-03-11T13:16:14.618851+00:00, run_after=2023-03-12T13:16:14.618851+00:00
[2023-03-12T13:16:14.639+0000] {processor.py:175} INFO - Processing /home/airflow/.local/lib/python3.7/site-packages/airflow/example_dags/example_short_circuit_operator.py took 0.089 seconds
[2023-03-12T13:16:45.521+0000] {processor.py:153} INFO - Started process (PID=204) to work on /home/airflow/.local/lib/python3.7/site-packages/airflow/example_dags/example_short_circuit_operator.py
[2023-03-12T13:16:45.522+0000] {processor.py:743} INFO - Processing file /home/airflow/.local/lib/python3.7/site-packages/airflow/example_dags/example_short_circuit_operator.py for tasks to queue
[2023-03-12T13:16:45.523+0000] {logging_mixin.py:137} INFO - [2023-03-12T13:16:45.523+0000] {dagbag.py:538} INFO - Filling up the DagBag from /home/airflow/.local/lib/python3.7/site-packages/airflow/example_dags/example_short_circuit_operator.py
[2023-03-12T13:16:45.538+0000] {processor.py:753} INFO - DAG(s) dict_keys(['example_short_circuit_operator']) retrieved from /home/airflow/.local/lib/python3.7/site-packages/airflow/example_dags/example_short_circuit_operator.py
[2023-03-12T13:16:45.567+0000] {logging_mixin.py:137} INFO - [2023-03-12T13:16:45.567+0000] {dag.py:2690} INFO - Sync 1 DAGs
[2023-03-12T13:16:45.593+0000] {logging_mixin.py:137} INFO - [2023-03-12T13:16:45.593+0000] {dag.py:3441} INFO - Setting next_dagrun for example_short_circuit_operator to 2023-03-11T13:16:45.593337+00:00, run_after=2023-03-12T13:16:45.593337+00:00
[2023-03-12T13:16:45.612+0000] {processor.py:175} INFO - Processing /home/airflow/.local/lib/python3.7/site-packages/airflow/example_dags/example_short_circuit_operator.py took 0.093 seconds
[2023-03-12T13:17:16.818+0000] {processor.py:153} INFO - Started process (PID=299) to work on /home/airflow/.local/lib/python3.7/site-packages/airflow/example_dags/example_short_circuit_operator.py
[2023-03-12T13:17:16.819+0000] {processor.py:743} INFO - Processing file /home/airflow/.local/lib/python3.7/site-packages/airflow/example_dags/example_short_circuit_operator.py for tasks to queue
[2023-03-12T13:17:16.819+0000] {logging_mixin.py:137} INFO - [2023-03-12T13:17:16.819+0000] {dagbag.py:538} INFO - Filling up the DagBag from /home/airflow/.local/lib/python3.7/site-packages/airflow/example_dags/example_short_circuit_operator.py
[2023-03-12T13:17:16.833+0000] {processor.py:753} INFO - DAG(s) dict_keys(['example_short_circuit_operator']) retrieved from /home/airflow/.local/lib/python3.7/site-packages/airflow/example_dags/example_short_circuit_operator.py
[2023-03-12T13:17:16.859+0000] {logging_mixin.py:137} INFO - [2023-03-12T13:17:16.859+0000] {dag.py:2690} INFO - Sync 1 DAGs
[2023-03-12T13:17:16.885+0000] {logging_mixin.py:137} INFO - [2023-03-12T13:17:16.885+0000] {dag.py:3441} INFO - Setting next_dagrun for example_short_circuit_operator to 2023-03-11T13:17:16.885284+00:00, run_after=2023-03-12T13:17:16.885284+00:00
[2023-03-12T13:17:16.904+0000] {processor.py:175} INFO - Processing /home/airflow/.local/lib/python3.7/site-packages/airflow/example_dags/example_short_circuit_operator.py took 0.089 seconds
[2023-03-12T13:17:47.304+0000] {processor.py:153} INFO - Started process (PID=414) to work on /home/airflow/.local/lib/python3.7/site-packages/airflow/example_dags/example_short_circuit_operator.py
[2023-03-12T13:17:47.304+0000] {processor.py:743} INFO - Processing file /home/airflow/.local/lib/python3.7/site-packages/airflow/example_dags/example_short_circuit_operator.py for tasks to queue
[2023-03-12T13:17:47.305+0000] {logging_mixin.py:137} INFO - [2023-03-12T13:17:47.305+0000] {dagbag.py:538} INFO - Filling up the DagBag from /home/airflow/.local/lib/python3.7/site-packages/airflow/example_dags/example_short_circuit_operator.py
[2023-03-12T13:17:47.320+0000] {processor.py:753} INFO - DAG(s) dict_keys(['example_short_circuit_operator']) retrieved from /home/airflow/.local/lib/python3.7/site-packages/airflow/example_dags/example_short_circuit_operator.py
[2023-03-12T13:17:47.346+0000] {logging_mixin.py:137} INFO - [2023-03-12T13:17:47.346+0000] {dag.py:2690} INFO - Sync 1 DAGs
[2023-03-12T13:17:47.374+0000] {logging_mixin.py:137} INFO - [2023-03-12T13:17:47.374+0000] {dag.py:3441} INFO - Setting next_dagrun for example_short_circuit_operator to 2023-03-11T13:17:47.373831+00:00, run_after=2023-03-12T13:17:47.373831+00:00
[2023-03-12T13:17:47.393+0000] {processor.py:175} INFO - Processing /home/airflow/.local/lib/python3.7/site-packages/airflow/example_dags/example_short_circuit_operator.py took 0.093 seconds
[2023-03-12T13:18:17.516+0000] {processor.py:153} INFO - Started process (PID=512) to work on /home/airflow/.local/lib/python3.7/site-packages/airflow/example_dags/example_short_circuit_operator.py
[2023-03-12T13:18:17.517+0000] {processor.py:743} INFO - Processing file /home/airflow/.local/lib/python3.7/site-packages/airflow/example_dags/example_short_circuit_operator.py for tasks to queue
[2023-03-12T13:18:17.517+0000] {logging_mixin.py:137} INFO - [2023-03-12T13:18:17.517+0000] {dagbag.py:538} INFO - Filling up the DagBag from /home/airflow/.local/lib/python3.7/site-packages/airflow/example_dags/example_short_circuit_operator.py
[2023-03-12T13:18:17.532+0000] {processor.py:753} INFO - DAG(s) dict_keys(['example_short_circuit_operator']) retrieved from /home/airflow/.local/lib/python3.7/site-packages/airflow/example_dags/example_short_circuit_operator.py
[2023-03-12T13:18:17.557+0000] {logging_mixin.py:137} INFO - [2023-03-12T13:18:17.556+0000] {dag.py:2690} INFO - Sync 1 DAGs
[2023-03-12T13:18:17.582+0000] {logging_mixin.py:137} INFO - [2023-03-12T13:18:17.582+0000] {dag.py:3441} INFO - Setting next_dagrun for example_short_circuit_operator to 2023-03-11T13:18:17.582229+00:00, run_after=2023-03-12T13:18:17.582229+00:00
[2023-03-12T13:18:17.601+0000] {processor.py:175} INFO - Processing /home/airflow/.local/lib/python3.7/site-packages/airflow/example_dags/example_short_circuit_operator.py took 0.087 seconds
[2023-03-12T13:18:48.485+0000] {processor.py:153} INFO - Started process (PID=626) to work on /home/airflow/.local/lib/python3.7/site-packages/airflow/example_dags/example_short_circuit_operator.py
[2023-03-12T13:18:48.486+0000] {processor.py:743} INFO - Processing file /home/airflow/.local/lib/python3.7/site-packages/airflow/example_dags/example_short_circuit_operator.py for tasks to queue
[2023-03-12T13:18:48.486+0000] {logging_mixin.py:137} INFO - [2023-03-12T13:18:48.486+0000] {dagbag.py:538} INFO - Filling up the DagBag from /home/airflow/.local/lib/python3.7/site-packages/airflow/example_dags/example_short_circuit_operator.py
[2023-03-12T13:18:48.501+0000] {processor.py:753} INFO - DAG(s) dict_keys(['example_short_circuit_operator']) retrieved from /home/airflow/.local/lib/python3.7/site-packages/airflow/example_dags/example_short_circuit_operator.py
[2023-03-12T13:18:48.526+0000] {logging_mixin.py:137} INFO - [2023-03-12T13:18:48.525+0000] {dag.py:2690} INFO - Sync 1 DAGs
[2023-03-12T13:18:48.554+0000] {logging_mixin.py:137} INFO - [2023-03-12T13:18:48.553+0000] {dag.py:3441} INFO - Setting next_dagrun for example_short_circuit_operator to 2023-03-11T13:18:48.553234+00:00, run_after=2023-03-12T13:18:48.553234+00:00
[2023-03-12T13:18:48.580+0000] {processor.py:175} INFO - Processing /home/airflow/.local/lib/python3.7/site-packages/airflow/example_dags/example_short_circuit_operator.py took 0.098 seconds
[2023-03-12T13:19:18.629+0000] {processor.py:153} INFO - Started process (PID=721) to work on /home/airflow/.local/lib/python3.7/site-packages/airflow/example_dags/example_short_circuit_operator.py
[2023-03-12T13:19:18.629+0000] {processor.py:743} INFO - Processing file /home/airflow/.local/lib/python3.7/site-packages/airflow/example_dags/example_short_circuit_operator.py for tasks to queue
[2023-03-12T13:19:18.630+0000] {logging_mixin.py:137} INFO - [2023-03-12T13:19:18.630+0000] {dagbag.py:538} INFO - Filling up the DagBag from /home/airflow/.local/lib/python3.7/site-packages/airflow/example_dags/example_short_circuit_operator.py
[2023-03-12T13:19:18.645+0000] {processor.py:753} INFO - DAG(s) dict_keys(['example_short_circuit_operator']) retrieved from /home/airflow/.local/lib/python3.7/site-packages/airflow/example_dags/example_short_circuit_operator.py
[2023-03-12T13:19:18.674+0000] {logging_mixin.py:137} INFO - [2023-03-12T13:19:18.673+0000] {dag.py:2690} INFO - Sync 1 DAGs
[2023-03-12T13:19:18.699+0000] {logging_mixin.py:137} INFO - [2023-03-12T13:19:18.699+0000] {dag.py:3441} INFO - Setting next_dagrun for example_short_circuit_operator to 2023-03-11T13:19:18.698865+00:00, run_after=2023-03-12T13:19:18.698865+00:00
[2023-03-12T13:19:18.716+0000] {processor.py:175} INFO - Processing /home/airflow/.local/lib/python3.7/site-packages/airflow/example_dags/example_short_circuit_operator.py took 0.091 seconds
