[2023-03-12T12:43:37.666+0000] {processor.py:153} INFO - Started process (PID=96) to work on /home/airflow/.local/lib/python3.7/site-packages/airflow/example_dags/example_dag_decorator.py
[2023-03-12T12:43:37.667+0000] {processor.py:743} INFO - Processing file /home/airflow/.local/lib/python3.7/site-packages/airflow/example_dags/example_dag_decorator.py for tasks to queue
[2023-03-12T12:43:37.668+0000] {logging_mixin.py:137} INFO - [2023-03-12T12:43:37.668+0000] {dagbag.py:538} INFO - Filling up the DagBag from /home/airflow/.local/lib/python3.7/site-packages/airflow/example_dags/example_dag_decorator.py
[2023-03-12T12:43:37.694+0000] {logging_mixin.py:137} INFO - [2023-03-12T12:43:37.694+0000] {taskmixin.py:205} WARNING - Dependency <Task(_PythonDecoratedOperator): prepare_email>, send_email already registered for DAG: example_dag_decorator
[2023-03-12T12:43:37.694+0000] {logging_mixin.py:137} INFO - [2023-03-12T12:43:37.694+0000] {taskmixin.py:205} WARNING - Dependency <Task(EmailOperator): send_email>, prepare_email already registered for DAG: example_dag_decorator
[2023-03-12T12:43:37.715+0000] {processor.py:753} INFO - DAG(s) dict_keys(['example_dag_decorator']) retrieved from /home/airflow/.local/lib/python3.7/site-packages/airflow/example_dags/example_dag_decorator.py
[2023-03-12T12:43:37.729+0000] {logging_mixin.py:137} INFO - [2023-03-12T12:43:37.729+0000] {dag.py:2690} INFO - Sync 1 DAGs
[2023-03-12T12:43:37.768+0000] {logging_mixin.py:137} INFO - [2023-03-12T12:43:37.768+0000] {dag.py:3441} INFO - Setting next_dagrun for example_dag_decorator to None, run_after=None
[2023-03-12T12:43:37.789+0000] {processor.py:175} INFO - Processing /home/airflow/.local/lib/python3.7/site-packages/airflow/example_dags/example_dag_decorator.py took 0.186 seconds
[2023-03-12T12:44:07.811+0000] {processor.py:153} INFO - Started process (PID=184) to work on /home/airflow/.local/lib/python3.7/site-packages/airflow/example_dags/example_dag_decorator.py
[2023-03-12T12:44:07.811+0000] {processor.py:743} INFO - Processing file /home/airflow/.local/lib/python3.7/site-packages/airflow/example_dags/example_dag_decorator.py for tasks to queue
[2023-03-12T12:44:07.812+0000] {logging_mixin.py:137} INFO - [2023-03-12T12:44:07.812+0000] {dagbag.py:538} INFO - Filling up the DagBag from /home/airflow/.local/lib/python3.7/site-packages/airflow/example_dags/example_dag_decorator.py
[2023-03-12T12:44:07.830+0000] {logging_mixin.py:137} INFO - [2023-03-12T12:44:07.829+0000] {taskmixin.py:205} WARNING - Dependency <Task(_PythonDecoratedOperator): prepare_email>, send_email already registered for DAG: example_dag_decorator
[2023-03-12T12:44:07.830+0000] {logging_mixin.py:137} INFO - [2023-03-12T12:44:07.830+0000] {taskmixin.py:205} WARNING - Dependency <Task(EmailOperator): send_email>, prepare_email already registered for DAG: example_dag_decorator
[2023-03-12T12:44:07.842+0000] {processor.py:753} INFO - DAG(s) dict_keys(['example_dag_decorator']) retrieved from /home/airflow/.local/lib/python3.7/site-packages/airflow/example_dags/example_dag_decorator.py
[2023-03-12T12:44:07.916+0000] {logging_mixin.py:137} INFO - [2023-03-12T12:44:07.916+0000] {dag.py:2690} INFO - Sync 1 DAGs
[2023-03-12T12:44:07.941+0000] {logging_mixin.py:137} INFO - [2023-03-12T12:44:07.940+0000] {dag.py:3441} INFO - Setting next_dagrun for example_dag_decorator to None, run_after=None
[2023-03-12T12:44:07.963+0000] {processor.py:175} INFO - Processing /home/airflow/.local/lib/python3.7/site-packages/airflow/example_dags/example_dag_decorator.py took 0.155 seconds
[2023-03-12T12:44:38.517+0000] {processor.py:153} INFO - Started process (PID=272) to work on /home/airflow/.local/lib/python3.7/site-packages/airflow/example_dags/example_dag_decorator.py
[2023-03-12T12:44:38.518+0000] {processor.py:743} INFO - Processing file /home/airflow/.local/lib/python3.7/site-packages/airflow/example_dags/example_dag_decorator.py for tasks to queue
[2023-03-12T12:44:38.519+0000] {logging_mixin.py:137} INFO - [2023-03-12T12:44:38.519+0000] {dagbag.py:538} INFO - Filling up the DagBag from /home/airflow/.local/lib/python3.7/site-packages/airflow/example_dags/example_dag_decorator.py
[2023-03-12T12:44:38.538+0000] {logging_mixin.py:137} INFO - [2023-03-12T12:44:38.538+0000] {taskmixin.py:205} WARNING - Dependency <Task(_PythonDecoratedOperator): prepare_email>, send_email already registered for DAG: example_dag_decorator
[2023-03-12T12:44:38.538+0000] {logging_mixin.py:137} INFO - [2023-03-12T12:44:38.538+0000] {taskmixin.py:205} WARNING - Dependency <Task(EmailOperator): send_email>, prepare_email already registered for DAG: example_dag_decorator
[2023-03-12T12:44:38.551+0000] {processor.py:753} INFO - DAG(s) dict_keys(['example_dag_decorator']) retrieved from /home/airflow/.local/lib/python3.7/site-packages/airflow/example_dags/example_dag_decorator.py
[2023-03-12T12:44:38.622+0000] {logging_mixin.py:137} INFO - [2023-03-12T12:44:38.622+0000] {dag.py:2690} INFO - Sync 1 DAGs
[2023-03-12T12:44:38.653+0000] {logging_mixin.py:137} INFO - [2023-03-12T12:44:38.652+0000] {dag.py:3441} INFO - Setting next_dagrun for example_dag_decorator to None, run_after=None
[2023-03-12T12:44:38.681+0000] {processor.py:175} INFO - Processing /home/airflow/.local/lib/python3.7/site-packages/airflow/example_dags/example_dag_decorator.py took 0.166 seconds
[2023-03-12T12:45:09.443+0000] {processor.py:153} INFO - Started process (PID=384) to work on /home/airflow/.local/lib/python3.7/site-packages/airflow/example_dags/example_dag_decorator.py
[2023-03-12T12:45:09.444+0000] {processor.py:743} INFO - Processing file /home/airflow/.local/lib/python3.7/site-packages/airflow/example_dags/example_dag_decorator.py for tasks to queue
[2023-03-12T12:45:09.444+0000] {logging_mixin.py:137} INFO - [2023-03-12T12:45:09.444+0000] {dagbag.py:538} INFO - Filling up the DagBag from /home/airflow/.local/lib/python3.7/site-packages/airflow/example_dags/example_dag_decorator.py
[2023-03-12T12:45:09.462+0000] {logging_mixin.py:137} INFO - [2023-03-12T12:45:09.462+0000] {taskmixin.py:205} WARNING - Dependency <Task(_PythonDecoratedOperator): prepare_email>, send_email already registered for DAG: example_dag_decorator
[2023-03-12T12:45:09.462+0000] {logging_mixin.py:137} INFO - [2023-03-12T12:45:09.462+0000] {taskmixin.py:205} WARNING - Dependency <Task(EmailOperator): send_email>, prepare_email already registered for DAG: example_dag_decorator
[2023-03-12T12:45:09.474+0000] {processor.py:753} INFO - DAG(s) dict_keys(['example_dag_decorator']) retrieved from /home/airflow/.local/lib/python3.7/site-packages/airflow/example_dags/example_dag_decorator.py
[2023-03-12T12:45:09.540+0000] {logging_mixin.py:137} INFO - [2023-03-12T12:45:09.540+0000] {dag.py:2690} INFO - Sync 1 DAGs
[2023-03-12T12:45:09.567+0000] {logging_mixin.py:137} INFO - [2023-03-12T12:45:09.566+0000] {dag.py:3441} INFO - Setting next_dagrun for example_dag_decorator to None, run_after=None
[2023-03-12T12:45:09.585+0000] {processor.py:175} INFO - Processing /home/airflow/.local/lib/python3.7/site-packages/airflow/example_dags/example_dag_decorator.py took 0.145 seconds
[2023-03-12T12:45:40.171+0000] {processor.py:153} INFO - Started process (PID=472) to work on /home/airflow/.local/lib/python3.7/site-packages/airflow/example_dags/example_dag_decorator.py
[2023-03-12T12:45:40.172+0000] {processor.py:743} INFO - Processing file /home/airflow/.local/lib/python3.7/site-packages/airflow/example_dags/example_dag_decorator.py for tasks to queue
[2023-03-12T12:45:40.172+0000] {logging_mixin.py:137} INFO - [2023-03-12T12:45:40.172+0000] {dagbag.py:538} INFO - Filling up the DagBag from /home/airflow/.local/lib/python3.7/site-packages/airflow/example_dags/example_dag_decorator.py
[2023-03-12T12:45:40.189+0000] {logging_mixin.py:137} INFO - [2023-03-12T12:45:40.189+0000] {taskmixin.py:205} WARNING - Dependency <Task(_PythonDecoratedOperator): prepare_email>, send_email already registered for DAG: example_dag_decorator
[2023-03-12T12:45:40.189+0000] {logging_mixin.py:137} INFO - [2023-03-12T12:45:40.189+0000] {taskmixin.py:205} WARNING - Dependency <Task(EmailOperator): send_email>, prepare_email already registered for DAG: example_dag_decorator
[2023-03-12T12:45:40.200+0000] {processor.py:753} INFO - DAG(s) dict_keys(['example_dag_decorator']) retrieved from /home/airflow/.local/lib/python3.7/site-packages/airflow/example_dags/example_dag_decorator.py
[2023-03-12T12:45:40.270+0000] {logging_mixin.py:137} INFO - [2023-03-12T12:45:40.270+0000] {dag.py:2690} INFO - Sync 1 DAGs
[2023-03-12T12:45:40.293+0000] {logging_mixin.py:137} INFO - [2023-03-12T12:45:40.293+0000] {dag.py:3441} INFO - Setting next_dagrun for example_dag_decorator to None, run_after=None
[2023-03-12T12:45:40.315+0000] {processor.py:175} INFO - Processing /home/airflow/.local/lib/python3.7/site-packages/airflow/example_dags/example_dag_decorator.py took 0.147 seconds
[2023-03-12T12:46:10.928+0000] {processor.py:153} INFO - Started process (PID=584) to work on /home/airflow/.local/lib/python3.7/site-packages/airflow/example_dags/example_dag_decorator.py
[2023-03-12T12:46:10.929+0000] {processor.py:743} INFO - Processing file /home/airflow/.local/lib/python3.7/site-packages/airflow/example_dags/example_dag_decorator.py for tasks to queue
[2023-03-12T12:46:10.930+0000] {logging_mixin.py:137} INFO - [2023-03-12T12:46:10.929+0000] {dagbag.py:538} INFO - Filling up the DagBag from /home/airflow/.local/lib/python3.7/site-packages/airflow/example_dags/example_dag_decorator.py
[2023-03-12T12:46:10.947+0000] {logging_mixin.py:137} INFO - [2023-03-12T12:46:10.946+0000] {taskmixin.py:205} WARNING - Dependency <Task(_PythonDecoratedOperator): prepare_email>, send_email already registered for DAG: example_dag_decorator
[2023-03-12T12:46:10.947+0000] {logging_mixin.py:137} INFO - [2023-03-12T12:46:10.947+0000] {taskmixin.py:205} WARNING - Dependency <Task(EmailOperator): send_email>, prepare_email already registered for DAG: example_dag_decorator
[2023-03-12T12:46:10.960+0000] {processor.py:753} INFO - DAG(s) dict_keys(['example_dag_decorator']) retrieved from /home/airflow/.local/lib/python3.7/site-packages/airflow/example_dags/example_dag_decorator.py
[2023-03-12T12:46:11.038+0000] {logging_mixin.py:137} INFO - [2023-03-12T12:46:11.038+0000] {dag.py:2690} INFO - Sync 1 DAGs
[2023-03-12T12:46:11.073+0000] {logging_mixin.py:137} INFO - [2023-03-12T12:46:11.073+0000] {dag.py:3441} INFO - Setting next_dagrun for example_dag_decorator to None, run_after=None
[2023-03-12T12:46:11.094+0000] {processor.py:175} INFO - Processing /home/airflow/.local/lib/python3.7/site-packages/airflow/example_dags/example_dag_decorator.py took 0.169 seconds
[2023-03-12T12:54:40.312+0000] {processor.py:153} INFO - Started process (PID=98) to work on /home/airflow/.local/lib/python3.7/site-packages/airflow/example_dags/example_dag_decorator.py
[2023-03-12T12:54:40.313+0000] {processor.py:743} INFO - Processing file /home/airflow/.local/lib/python3.7/site-packages/airflow/example_dags/example_dag_decorator.py for tasks to queue
[2023-03-12T12:54:40.314+0000] {logging_mixin.py:137} INFO - [2023-03-12T12:54:40.313+0000] {dagbag.py:538} INFO - Filling up the DagBag from /home/airflow/.local/lib/python3.7/site-packages/airflow/example_dags/example_dag_decorator.py
[2023-03-12T12:54:40.335+0000] {logging_mixin.py:137} INFO - [2023-03-12T12:54:40.334+0000] {taskmixin.py:205} WARNING - Dependency <Task(_PythonDecoratedOperator): prepare_email>, send_email already registered for DAG: example_dag_decorator
[2023-03-12T12:54:40.335+0000] {logging_mixin.py:137} INFO - [2023-03-12T12:54:40.335+0000] {taskmixin.py:205} WARNING - Dependency <Task(EmailOperator): send_email>, prepare_email already registered for DAG: example_dag_decorator
[2023-03-12T12:54:40.365+0000] {processor.py:753} INFO - DAG(s) dict_keys(['example_dag_decorator']) retrieved from /home/airflow/.local/lib/python3.7/site-packages/airflow/example_dags/example_dag_decorator.py
[2023-03-12T12:54:40.390+0000] {logging_mixin.py:137} INFO - [2023-03-12T12:54:40.389+0000] {dag.py:2690} INFO - Sync 1 DAGs
[2023-03-12T12:54:40.423+0000] {logging_mixin.py:137} INFO - [2023-03-12T12:54:40.422+0000] {dag.py:3441} INFO - Setting next_dagrun for example_dag_decorator to None, run_after=None
[2023-03-12T12:54:40.455+0000] {processor.py:175} INFO - Processing /home/airflow/.local/lib/python3.7/site-packages/airflow/example_dags/example_dag_decorator.py took 0.146 seconds
[2023-03-12T12:55:11.312+0000] {processor.py:153} INFO - Started process (PID=188) to work on /home/airflow/.local/lib/python3.7/site-packages/airflow/example_dags/example_dag_decorator.py
[2023-03-12T12:55:11.313+0000] {processor.py:743} INFO - Processing file /home/airflow/.local/lib/python3.7/site-packages/airflow/example_dags/example_dag_decorator.py for tasks to queue
[2023-03-12T12:55:11.313+0000] {logging_mixin.py:137} INFO - [2023-03-12T12:55:11.313+0000] {dagbag.py:538} INFO - Filling up the DagBag from /home/airflow/.local/lib/python3.7/site-packages/airflow/example_dags/example_dag_decorator.py
[2023-03-12T12:55:11.331+0000] {logging_mixin.py:137} INFO - [2023-03-12T12:55:11.331+0000] {taskmixin.py:205} WARNING - Dependency <Task(_PythonDecoratedOperator): prepare_email>, send_email already registered for DAG: example_dag_decorator
[2023-03-12T12:55:11.332+0000] {logging_mixin.py:137} INFO - [2023-03-12T12:55:11.332+0000] {taskmixin.py:205} WARNING - Dependency <Task(EmailOperator): send_email>, prepare_email already registered for DAG: example_dag_decorator
[2023-03-12T12:55:11.342+0000] {processor.py:753} INFO - DAG(s) dict_keys(['example_dag_decorator']) retrieved from /home/airflow/.local/lib/python3.7/site-packages/airflow/example_dags/example_dag_decorator.py
[2023-03-12T12:55:11.435+0000] {logging_mixin.py:137} INFO - [2023-03-12T12:55:11.434+0000] {dag.py:2690} INFO - Sync 1 DAGs
[2023-03-12T12:55:11.467+0000] {logging_mixin.py:137} INFO - [2023-03-12T12:55:11.467+0000] {dag.py:3441} INFO - Setting next_dagrun for example_dag_decorator to None, run_after=None
[2023-03-12T12:55:11.489+0000] {processor.py:175} INFO - Processing /home/airflow/.local/lib/python3.7/site-packages/airflow/example_dags/example_dag_decorator.py took 0.181 seconds
[2023-03-12T12:55:42.165+0000] {processor.py:153} INFO - Started process (PID=278) to work on /home/airflow/.local/lib/python3.7/site-packages/airflow/example_dags/example_dag_decorator.py
[2023-03-12T12:55:42.166+0000] {processor.py:743} INFO - Processing file /home/airflow/.local/lib/python3.7/site-packages/airflow/example_dags/example_dag_decorator.py for tasks to queue
[2023-03-12T12:55:42.166+0000] {logging_mixin.py:137} INFO - [2023-03-12T12:55:42.166+0000] {dagbag.py:538} INFO - Filling up the DagBag from /home/airflow/.local/lib/python3.7/site-packages/airflow/example_dags/example_dag_decorator.py
[2023-03-12T12:55:42.184+0000] {logging_mixin.py:137} INFO - [2023-03-12T12:55:42.184+0000] {taskmixin.py:205} WARNING - Dependency <Task(_PythonDecoratedOperator): prepare_email>, send_email already registered for DAG: example_dag_decorator
[2023-03-12T12:55:42.184+0000] {logging_mixin.py:137} INFO - [2023-03-12T12:55:42.184+0000] {taskmixin.py:205} WARNING - Dependency <Task(EmailOperator): send_email>, prepare_email already registered for DAG: example_dag_decorator
[2023-03-12T12:55:42.195+0000] {processor.py:753} INFO - DAG(s) dict_keys(['example_dag_decorator']) retrieved from /home/airflow/.local/lib/python3.7/site-packages/airflow/example_dags/example_dag_decorator.py
[2023-03-12T12:55:42.274+0000] {logging_mixin.py:137} INFO - [2023-03-12T12:55:42.273+0000] {dag.py:2690} INFO - Sync 1 DAGs
[2023-03-12T12:55:42.296+0000] {logging_mixin.py:137} INFO - [2023-03-12T12:55:42.296+0000] {dag.py:3441} INFO - Setting next_dagrun for example_dag_decorator to None, run_after=None
[2023-03-12T12:55:42.317+0000] {processor.py:175} INFO - Processing /home/airflow/.local/lib/python3.7/site-packages/airflow/example_dags/example_dag_decorator.py took 0.155 seconds
[2023-03-12T12:56:12.438+0000] {processor.py:153} INFO - Started process (PID=392) to work on /home/airflow/.local/lib/python3.7/site-packages/airflow/example_dags/example_dag_decorator.py
[2023-03-12T12:56:12.439+0000] {processor.py:743} INFO - Processing file /home/airflow/.local/lib/python3.7/site-packages/airflow/example_dags/example_dag_decorator.py for tasks to queue
[2023-03-12T12:56:12.439+0000] {logging_mixin.py:137} INFO - [2023-03-12T12:56:12.439+0000] {dagbag.py:538} INFO - Filling up the DagBag from /home/airflow/.local/lib/python3.7/site-packages/airflow/example_dags/example_dag_decorator.py
[2023-03-12T12:56:12.458+0000] {logging_mixin.py:137} INFO - [2023-03-12T12:56:12.458+0000] {taskmixin.py:205} WARNING - Dependency <Task(_PythonDecoratedOperator): prepare_email>, send_email already registered for DAG: example_dag_decorator
[2023-03-12T12:56:12.458+0000] {logging_mixin.py:137} INFO - [2023-03-12T12:56:12.458+0000] {taskmixin.py:205} WARNING - Dependency <Task(EmailOperator): send_email>, prepare_email already registered for DAG: example_dag_decorator
[2023-03-12T12:56:12.470+0000] {processor.py:753} INFO - DAG(s) dict_keys(['example_dag_decorator']) retrieved from /home/airflow/.local/lib/python3.7/site-packages/airflow/example_dags/example_dag_decorator.py
[2023-03-12T12:56:12.537+0000] {logging_mixin.py:137} INFO - [2023-03-12T12:56:12.537+0000] {dag.py:2690} INFO - Sync 1 DAGs
[2023-03-12T12:56:12.568+0000] {logging_mixin.py:137} INFO - [2023-03-12T12:56:12.568+0000] {dag.py:3441} INFO - Setting next_dagrun for example_dag_decorator to None, run_after=None
[2023-03-12T12:56:12.593+0000] {processor.py:175} INFO - Processing /home/airflow/.local/lib/python3.7/site-packages/airflow/example_dags/example_dag_decorator.py took 0.158 seconds
[2023-03-12T12:56:43.476+0000] {processor.py:153} INFO - Started process (PID=482) to work on /home/airflow/.local/lib/python3.7/site-packages/airflow/example_dags/example_dag_decorator.py
[2023-03-12T12:56:43.477+0000] {processor.py:743} INFO - Processing file /home/airflow/.local/lib/python3.7/site-packages/airflow/example_dags/example_dag_decorator.py for tasks to queue
[2023-03-12T12:56:43.478+0000] {logging_mixin.py:137} INFO - [2023-03-12T12:56:43.478+0000] {dagbag.py:538} INFO - Filling up the DagBag from /home/airflow/.local/lib/python3.7/site-packages/airflow/example_dags/example_dag_decorator.py
[2023-03-12T12:56:43.495+0000] {logging_mixin.py:137} INFO - [2023-03-12T12:56:43.495+0000] {taskmixin.py:205} WARNING - Dependency <Task(_PythonDecoratedOperator): prepare_email>, send_email already registered for DAG: example_dag_decorator
[2023-03-12T12:56:43.495+0000] {logging_mixin.py:137} INFO - [2023-03-12T12:56:43.495+0000] {taskmixin.py:205} WARNING - Dependency <Task(EmailOperator): send_email>, prepare_email already registered for DAG: example_dag_decorator
[2023-03-12T12:56:43.506+0000] {processor.py:753} INFO - DAG(s) dict_keys(['example_dag_decorator']) retrieved from /home/airflow/.local/lib/python3.7/site-packages/airflow/example_dags/example_dag_decorator.py
[2023-03-12T12:56:43.578+0000] {logging_mixin.py:137} INFO - [2023-03-12T12:56:43.578+0000] {dag.py:2690} INFO - Sync 1 DAGs
[2023-03-12T12:56:43.601+0000] {logging_mixin.py:137} INFO - [2023-03-12T12:56:43.601+0000] {dag.py:3441} INFO - Setting next_dagrun for example_dag_decorator to None, run_after=None
[2023-03-12T12:56:43.619+0000] {processor.py:175} INFO - Processing /home/airflow/.local/lib/python3.7/site-packages/airflow/example_dags/example_dag_decorator.py took 0.145 seconds
[2023-03-12T12:57:14.340+0000] {processor.py:153} INFO - Started process (PID=596) to work on /home/airflow/.local/lib/python3.7/site-packages/airflow/example_dags/example_dag_decorator.py
[2023-03-12T12:57:14.341+0000] {processor.py:743} INFO - Processing file /home/airflow/.local/lib/python3.7/site-packages/airflow/example_dags/example_dag_decorator.py for tasks to queue
[2023-03-12T12:57:14.342+0000] {logging_mixin.py:137} INFO - [2023-03-12T12:57:14.342+0000] {dagbag.py:538} INFO - Filling up the DagBag from /home/airflow/.local/lib/python3.7/site-packages/airflow/example_dags/example_dag_decorator.py
[2023-03-12T12:57:14.361+0000] {logging_mixin.py:137} INFO - [2023-03-12T12:57:14.361+0000] {taskmixin.py:205} WARNING - Dependency <Task(_PythonDecoratedOperator): prepare_email>, send_email already registered for DAG: example_dag_decorator
[2023-03-12T12:57:14.361+0000] {logging_mixin.py:137} INFO - [2023-03-12T12:57:14.361+0000] {taskmixin.py:205} WARNING - Dependency <Task(EmailOperator): send_email>, prepare_email already registered for DAG: example_dag_decorator
[2023-03-12T12:57:14.373+0000] {processor.py:753} INFO - DAG(s) dict_keys(['example_dag_decorator']) retrieved from /home/airflow/.local/lib/python3.7/site-packages/airflow/example_dags/example_dag_decorator.py
[2023-03-12T12:57:14.442+0000] {logging_mixin.py:137} INFO - [2023-03-12T12:57:14.442+0000] {dag.py:2690} INFO - Sync 1 DAGs
[2023-03-12T12:57:14.467+0000] {logging_mixin.py:137} INFO - [2023-03-12T12:57:14.466+0000] {dag.py:3441} INFO - Setting next_dagrun for example_dag_decorator to None, run_after=None
[2023-03-12T12:57:14.485+0000] {processor.py:175} INFO - Processing /home/airflow/.local/lib/python3.7/site-packages/airflow/example_dags/example_dag_decorator.py took 0.148 seconds
[2023-03-12T12:57:44.993+0000] {processor.py:153} INFO - Started process (PID=686) to work on /home/airflow/.local/lib/python3.7/site-packages/airflow/example_dags/example_dag_decorator.py
[2023-03-12T12:57:44.994+0000] {processor.py:743} INFO - Processing file /home/airflow/.local/lib/python3.7/site-packages/airflow/example_dags/example_dag_decorator.py for tasks to queue
[2023-03-12T12:57:44.995+0000] {logging_mixin.py:137} INFO - [2023-03-12T12:57:44.995+0000] {dagbag.py:538} INFO - Filling up the DagBag from /home/airflow/.local/lib/python3.7/site-packages/airflow/example_dags/example_dag_decorator.py
[2023-03-12T12:57:45.012+0000] {logging_mixin.py:137} INFO - [2023-03-12T12:57:45.012+0000] {taskmixin.py:205} WARNING - Dependency <Task(_PythonDecoratedOperator): prepare_email>, send_email already registered for DAG: example_dag_decorator
[2023-03-12T12:57:45.012+0000] {logging_mixin.py:137} INFO - [2023-03-12T12:57:45.012+0000] {taskmixin.py:205} WARNING - Dependency <Task(EmailOperator): send_email>, prepare_email already registered for DAG: example_dag_decorator
[2023-03-12T12:57:45.023+0000] {processor.py:753} INFO - DAG(s) dict_keys(['example_dag_decorator']) retrieved from /home/airflow/.local/lib/python3.7/site-packages/airflow/example_dags/example_dag_decorator.py
[2023-03-12T12:57:45.097+0000] {logging_mixin.py:137} INFO - [2023-03-12T12:57:45.097+0000] {dag.py:2690} INFO - Sync 1 DAGs
[2023-03-12T12:57:45.126+0000] {logging_mixin.py:137} INFO - [2023-03-12T12:57:45.126+0000] {dag.py:3441} INFO - Setting next_dagrun for example_dag_decorator to None, run_after=None
[2023-03-12T12:57:45.159+0000] {processor.py:175} INFO - Processing /home/airflow/.local/lib/python3.7/site-packages/airflow/example_dags/example_dag_decorator.py took 0.169 seconds
[2023-03-12T12:58:15.927+0000] {processor.py:153} INFO - Started process (PID=800) to work on /home/airflow/.local/lib/python3.7/site-packages/airflow/example_dags/example_dag_decorator.py
[2023-03-12T12:58:15.928+0000] {processor.py:743} INFO - Processing file /home/airflow/.local/lib/python3.7/site-packages/airflow/example_dags/example_dag_decorator.py for tasks to queue
[2023-03-12T12:58:15.929+0000] {logging_mixin.py:137} INFO - [2023-03-12T12:58:15.928+0000] {dagbag.py:538} INFO - Filling up the DagBag from /home/airflow/.local/lib/python3.7/site-packages/airflow/example_dags/example_dag_decorator.py
[2023-03-12T12:58:15.971+0000] {logging_mixin.py:137} INFO - [2023-03-12T12:58:15.970+0000] {taskmixin.py:205} WARNING - Dependency <Task(_PythonDecoratedOperator): prepare_email>, send_email already registered for DAG: example_dag_decorator
[2023-03-12T12:58:15.971+0000] {logging_mixin.py:137} INFO - [2023-03-12T12:58:15.971+0000] {taskmixin.py:205} WARNING - Dependency <Task(EmailOperator): send_email>, prepare_email already registered for DAG: example_dag_decorator
[2023-03-12T12:58:16.000+0000] {processor.py:753} INFO - DAG(s) dict_keys(['example_dag_decorator']) retrieved from /home/airflow/.local/lib/python3.7/site-packages/airflow/example_dags/example_dag_decorator.py
[2023-03-12T12:58:16.133+0000] {logging_mixin.py:137} INFO - [2023-03-12T12:58:16.132+0000] {dag.py:2690} INFO - Sync 1 DAGs
[2023-03-12T12:58:16.178+0000] {logging_mixin.py:137} INFO - [2023-03-12T12:58:16.177+0000] {dag.py:3441} INFO - Setting next_dagrun for example_dag_decorator to None, run_after=None
[2023-03-12T12:58:16.212+0000] {processor.py:175} INFO - Processing /home/airflow/.local/lib/python3.7/site-packages/airflow/example_dags/example_dag_decorator.py took 0.290 seconds
[2023-03-12T12:58:46.361+0000] {processor.py:153} INFO - Started process (PID=890) to work on /home/airflow/.local/lib/python3.7/site-packages/airflow/example_dags/example_dag_decorator.py
[2023-03-12T12:58:46.362+0000] {processor.py:743} INFO - Processing file /home/airflow/.local/lib/python3.7/site-packages/airflow/example_dags/example_dag_decorator.py for tasks to queue
[2023-03-12T12:58:46.362+0000] {logging_mixin.py:137} INFO - [2023-03-12T12:58:46.362+0000] {dagbag.py:538} INFO - Filling up the DagBag from /home/airflow/.local/lib/python3.7/site-packages/airflow/example_dags/example_dag_decorator.py
[2023-03-12T12:58:46.380+0000] {logging_mixin.py:137} INFO - [2023-03-12T12:58:46.380+0000] {taskmixin.py:205} WARNING - Dependency <Task(_PythonDecoratedOperator): prepare_email>, send_email already registered for DAG: example_dag_decorator
[2023-03-12T12:58:46.380+0000] {logging_mixin.py:137} INFO - [2023-03-12T12:58:46.380+0000] {taskmixin.py:205} WARNING - Dependency <Task(EmailOperator): send_email>, prepare_email already registered for DAG: example_dag_decorator
[2023-03-12T12:58:46.392+0000] {processor.py:753} INFO - DAG(s) dict_keys(['example_dag_decorator']) retrieved from /home/airflow/.local/lib/python3.7/site-packages/airflow/example_dags/example_dag_decorator.py
[2023-03-12T12:58:46.490+0000] {logging_mixin.py:137} INFO - [2023-03-12T12:58:46.490+0000] {dag.py:2690} INFO - Sync 1 DAGs
[2023-03-12T12:58:46.514+0000] {logging_mixin.py:137} INFO - [2023-03-12T12:58:46.514+0000] {dag.py:3441} INFO - Setting next_dagrun for example_dag_decorator to None, run_after=None
[2023-03-12T12:58:46.536+0000] {processor.py:175} INFO - Processing /home/airflow/.local/lib/python3.7/site-packages/airflow/example_dags/example_dag_decorator.py took 0.179 seconds
[2023-03-12T13:00:36.507+0000] {processor.py:153} INFO - Started process (PID=98) to work on /home/airflow/.local/lib/python3.7/site-packages/airflow/example_dags/example_dag_decorator.py
[2023-03-12T13:00:36.508+0000] {processor.py:743} INFO - Processing file /home/airflow/.local/lib/python3.7/site-packages/airflow/example_dags/example_dag_decorator.py for tasks to queue
[2023-03-12T13:00:36.509+0000] {logging_mixin.py:137} INFO - [2023-03-12T13:00:36.509+0000] {dagbag.py:538} INFO - Filling up the DagBag from /home/airflow/.local/lib/python3.7/site-packages/airflow/example_dags/example_dag_decorator.py
[2023-03-12T13:00:36.531+0000] {logging_mixin.py:137} INFO - [2023-03-12T13:00:36.531+0000] {taskmixin.py:205} WARNING - Dependency <Task(_PythonDecoratedOperator): prepare_email>, send_email already registered for DAG: example_dag_decorator
[2023-03-12T13:00:36.531+0000] {logging_mixin.py:137} INFO - [2023-03-12T13:00:36.531+0000] {taskmixin.py:205} WARNING - Dependency <Task(EmailOperator): send_email>, prepare_email already registered for DAG: example_dag_decorator
[2023-03-12T13:00:36.553+0000] {processor.py:753} INFO - DAG(s) dict_keys(['example_dag_decorator']) retrieved from /home/airflow/.local/lib/python3.7/site-packages/airflow/example_dags/example_dag_decorator.py
[2023-03-12T13:00:36.573+0000] {logging_mixin.py:137} INFO - [2023-03-12T13:00:36.573+0000] {dag.py:2690} INFO - Sync 1 DAGs
[2023-03-12T13:00:36.611+0000] {logging_mixin.py:137} INFO - [2023-03-12T13:00:36.611+0000] {dag.py:3441} INFO - Setting next_dagrun for example_dag_decorator to None, run_after=None
[2023-03-12T13:00:36.637+0000] {processor.py:175} INFO - Processing /home/airflow/.local/lib/python3.7/site-packages/airflow/example_dags/example_dag_decorator.py took 0.132 seconds
[2023-03-12T13:01:07.283+0000] {processor.py:153} INFO - Started process (PID=188) to work on /home/airflow/.local/lib/python3.7/site-packages/airflow/example_dags/example_dag_decorator.py
[2023-03-12T13:01:07.285+0000] {processor.py:743} INFO - Processing file /home/airflow/.local/lib/python3.7/site-packages/airflow/example_dags/example_dag_decorator.py for tasks to queue
[2023-03-12T13:01:07.285+0000] {logging_mixin.py:137} INFO - [2023-03-12T13:01:07.285+0000] {dagbag.py:538} INFO - Filling up the DagBag from /home/airflow/.local/lib/python3.7/site-packages/airflow/example_dags/example_dag_decorator.py
[2023-03-12T13:01:07.302+0000] {logging_mixin.py:137} INFO - [2023-03-12T13:01:07.302+0000] {taskmixin.py:205} WARNING - Dependency <Task(_PythonDecoratedOperator): prepare_email>, send_email already registered for DAG: example_dag_decorator
[2023-03-12T13:01:07.303+0000] {logging_mixin.py:137} INFO - [2023-03-12T13:01:07.302+0000] {taskmixin.py:205} WARNING - Dependency <Task(EmailOperator): send_email>, prepare_email already registered for DAG: example_dag_decorator
[2023-03-12T13:01:07.316+0000] {processor.py:753} INFO - DAG(s) dict_keys(['example_dag_decorator']) retrieved from /home/airflow/.local/lib/python3.7/site-packages/airflow/example_dags/example_dag_decorator.py
[2023-03-12T13:01:07.413+0000] {logging_mixin.py:137} INFO - [2023-03-12T13:01:07.412+0000] {dag.py:2690} INFO - Sync 1 DAGs
[2023-03-12T13:01:07.441+0000] {logging_mixin.py:137} INFO - [2023-03-12T13:01:07.441+0000] {dag.py:3441} INFO - Setting next_dagrun for example_dag_decorator to None, run_after=None
[2023-03-12T13:01:07.470+0000] {processor.py:175} INFO - Processing /home/airflow/.local/lib/python3.7/site-packages/airflow/example_dags/example_dag_decorator.py took 0.189 seconds
[2023-03-12T13:01:38.241+0000] {processor.py:153} INFO - Started process (PID=278) to work on /home/airflow/.local/lib/python3.7/site-packages/airflow/example_dags/example_dag_decorator.py
[2023-03-12T13:01:38.242+0000] {processor.py:743} INFO - Processing file /home/airflow/.local/lib/python3.7/site-packages/airflow/example_dags/example_dag_decorator.py for tasks to queue
[2023-03-12T13:01:38.242+0000] {logging_mixin.py:137} INFO - [2023-03-12T13:01:38.242+0000] {dagbag.py:538} INFO - Filling up the DagBag from /home/airflow/.local/lib/python3.7/site-packages/airflow/example_dags/example_dag_decorator.py
[2023-03-12T13:01:38.261+0000] {logging_mixin.py:137} INFO - [2023-03-12T13:01:38.261+0000] {taskmixin.py:205} WARNING - Dependency <Task(_PythonDecoratedOperator): prepare_email>, send_email already registered for DAG: example_dag_decorator
[2023-03-12T13:01:38.261+0000] {logging_mixin.py:137} INFO - [2023-03-12T13:01:38.261+0000] {taskmixin.py:205} WARNING - Dependency <Task(EmailOperator): send_email>, prepare_email already registered for DAG: example_dag_decorator
[2023-03-12T13:01:38.273+0000] {processor.py:753} INFO - DAG(s) dict_keys(['example_dag_decorator']) retrieved from /home/airflow/.local/lib/python3.7/site-packages/airflow/example_dags/example_dag_decorator.py
[2023-03-12T13:01:38.352+0000] {logging_mixin.py:137} INFO - [2023-03-12T13:01:38.351+0000] {dag.py:2690} INFO - Sync 1 DAGs
[2023-03-12T13:01:38.379+0000] {logging_mixin.py:137} INFO - [2023-03-12T13:01:38.379+0000] {dag.py:3441} INFO - Setting next_dagrun for example_dag_decorator to None, run_after=None
[2023-03-12T13:01:38.404+0000] {processor.py:175} INFO - Processing /home/airflow/.local/lib/python3.7/site-packages/airflow/example_dags/example_dag_decorator.py took 0.167 seconds
[2023-03-12T13:02:08.663+0000] {processor.py:153} INFO - Started process (PID=392) to work on /home/airflow/.local/lib/python3.7/site-packages/airflow/example_dags/example_dag_decorator.py
[2023-03-12T13:02:08.664+0000] {processor.py:743} INFO - Processing file /home/airflow/.local/lib/python3.7/site-packages/airflow/example_dags/example_dag_decorator.py for tasks to queue
[2023-03-12T13:02:08.665+0000] {logging_mixin.py:137} INFO - [2023-03-12T13:02:08.665+0000] {dagbag.py:538} INFO - Filling up the DagBag from /home/airflow/.local/lib/python3.7/site-packages/airflow/example_dags/example_dag_decorator.py
[2023-03-12T13:02:08.682+0000] {logging_mixin.py:137} INFO - [2023-03-12T13:02:08.682+0000] {taskmixin.py:205} WARNING - Dependency <Task(_PythonDecoratedOperator): prepare_email>, send_email already registered for DAG: example_dag_decorator
[2023-03-12T13:02:08.683+0000] {logging_mixin.py:137} INFO - [2023-03-12T13:02:08.683+0000] {taskmixin.py:205} WARNING - Dependency <Task(EmailOperator): send_email>, prepare_email already registered for DAG: example_dag_decorator
[2023-03-12T13:02:08.695+0000] {processor.py:753} INFO - DAG(s) dict_keys(['example_dag_decorator']) retrieved from /home/airflow/.local/lib/python3.7/site-packages/airflow/example_dags/example_dag_decorator.py
[2023-03-12T13:02:08.771+0000] {logging_mixin.py:137} INFO - [2023-03-12T13:02:08.771+0000] {dag.py:2690} INFO - Sync 1 DAGs
[2023-03-12T13:02:08.797+0000] {logging_mixin.py:137} INFO - [2023-03-12T13:02:08.796+0000] {dag.py:3441} INFO - Setting next_dagrun for example_dag_decorator to None, run_after=None
[2023-03-12T13:02:08.818+0000] {processor.py:175} INFO - Processing /home/airflow/.local/lib/python3.7/site-packages/airflow/example_dags/example_dag_decorator.py took 0.157 seconds
[2023-03-12T13:02:39.541+0000] {processor.py:153} INFO - Started process (PID=482) to work on /home/airflow/.local/lib/python3.7/site-packages/airflow/example_dags/example_dag_decorator.py
[2023-03-12T13:02:39.542+0000] {processor.py:743} INFO - Processing file /home/airflow/.local/lib/python3.7/site-packages/airflow/example_dags/example_dag_decorator.py for tasks to queue
[2023-03-12T13:02:39.543+0000] {logging_mixin.py:137} INFO - [2023-03-12T13:02:39.543+0000] {dagbag.py:538} INFO - Filling up the DagBag from /home/airflow/.local/lib/python3.7/site-packages/airflow/example_dags/example_dag_decorator.py
[2023-03-12T13:02:39.560+0000] {logging_mixin.py:137} INFO - [2023-03-12T13:02:39.560+0000] {taskmixin.py:205} WARNING - Dependency <Task(_PythonDecoratedOperator): prepare_email>, send_email already registered for DAG: example_dag_decorator
[2023-03-12T13:02:39.561+0000] {logging_mixin.py:137} INFO - [2023-03-12T13:02:39.560+0000] {taskmixin.py:205} WARNING - Dependency <Task(EmailOperator): send_email>, prepare_email already registered for DAG: example_dag_decorator
[2023-03-12T13:02:39.572+0000] {processor.py:753} INFO - DAG(s) dict_keys(['example_dag_decorator']) retrieved from /home/airflow/.local/lib/python3.7/site-packages/airflow/example_dags/example_dag_decorator.py
[2023-03-12T13:02:39.643+0000] {logging_mixin.py:137} INFO - [2023-03-12T13:02:39.643+0000] {dag.py:2690} INFO - Sync 1 DAGs
[2023-03-12T13:02:39.668+0000] {logging_mixin.py:137} INFO - [2023-03-12T13:02:39.668+0000] {dag.py:3441} INFO - Setting next_dagrun for example_dag_decorator to None, run_after=None
[2023-03-12T13:02:39.690+0000] {processor.py:175} INFO - Processing /home/airflow/.local/lib/python3.7/site-packages/airflow/example_dags/example_dag_decorator.py took 0.151 seconds
[2023-03-12T13:03:10.396+0000] {processor.py:153} INFO - Started process (PID=596) to work on /home/airflow/.local/lib/python3.7/site-packages/airflow/example_dags/example_dag_decorator.py
[2023-03-12T13:03:10.397+0000] {processor.py:743} INFO - Processing file /home/airflow/.local/lib/python3.7/site-packages/airflow/example_dags/example_dag_decorator.py for tasks to queue
[2023-03-12T13:03:10.397+0000] {logging_mixin.py:137} INFO - [2023-03-12T13:03:10.397+0000] {dagbag.py:538} INFO - Filling up the DagBag from /home/airflow/.local/lib/python3.7/site-packages/airflow/example_dags/example_dag_decorator.py
[2023-03-12T13:03:10.413+0000] {logging_mixin.py:137} INFO - [2023-03-12T13:03:10.413+0000] {taskmixin.py:205} WARNING - Dependency <Task(_PythonDecoratedOperator): prepare_email>, send_email already registered for DAG: example_dag_decorator
[2023-03-12T13:03:10.413+0000] {logging_mixin.py:137} INFO - [2023-03-12T13:03:10.413+0000] {taskmixin.py:205} WARNING - Dependency <Task(EmailOperator): send_email>, prepare_email already registered for DAG: example_dag_decorator
[2023-03-12T13:03:10.424+0000] {processor.py:753} INFO - DAG(s) dict_keys(['example_dag_decorator']) retrieved from /home/airflow/.local/lib/python3.7/site-packages/airflow/example_dags/example_dag_decorator.py
[2023-03-12T13:03:10.497+0000] {logging_mixin.py:137} INFO - [2023-03-12T13:03:10.497+0000] {dag.py:2690} INFO - Sync 1 DAGs
[2023-03-12T13:03:10.522+0000] {logging_mixin.py:137} INFO - [2023-03-12T13:03:10.521+0000] {dag.py:3441} INFO - Setting next_dagrun for example_dag_decorator to None, run_after=None
[2023-03-12T13:03:10.541+0000] {processor.py:175} INFO - Processing /home/airflow/.local/lib/python3.7/site-packages/airflow/example_dags/example_dag_decorator.py took 0.148 seconds
[2023-03-12T13:03:41.334+0000] {processor.py:153} INFO - Started process (PID=686) to work on /home/airflow/.local/lib/python3.7/site-packages/airflow/example_dags/example_dag_decorator.py
[2023-03-12T13:03:41.335+0000] {processor.py:743} INFO - Processing file /home/airflow/.local/lib/python3.7/site-packages/airflow/example_dags/example_dag_decorator.py for tasks to queue
[2023-03-12T13:03:41.336+0000] {logging_mixin.py:137} INFO - [2023-03-12T13:03:41.336+0000] {dagbag.py:538} INFO - Filling up the DagBag from /home/airflow/.local/lib/python3.7/site-packages/airflow/example_dags/example_dag_decorator.py
[2023-03-12T13:03:41.354+0000] {logging_mixin.py:137} INFO - [2023-03-12T13:03:41.354+0000] {taskmixin.py:205} WARNING - Dependency <Task(_PythonDecoratedOperator): prepare_email>, send_email already registered for DAG: example_dag_decorator
[2023-03-12T13:03:41.354+0000] {logging_mixin.py:137} INFO - [2023-03-12T13:03:41.354+0000] {taskmixin.py:205} WARNING - Dependency <Task(EmailOperator): send_email>, prepare_email already registered for DAG: example_dag_decorator
[2023-03-12T13:03:41.365+0000] {processor.py:753} INFO - DAG(s) dict_keys(['example_dag_decorator']) retrieved from /home/airflow/.local/lib/python3.7/site-packages/airflow/example_dags/example_dag_decorator.py
[2023-03-12T13:03:41.433+0000] {logging_mixin.py:137} INFO - [2023-03-12T13:03:41.432+0000] {dag.py:2690} INFO - Sync 1 DAGs
[2023-03-12T13:03:41.460+0000] {logging_mixin.py:137} INFO - [2023-03-12T13:03:41.460+0000] {dag.py:3441} INFO - Setting next_dagrun for example_dag_decorator to None, run_after=None
[2023-03-12T13:03:41.485+0000] {processor.py:175} INFO - Processing /home/airflow/.local/lib/python3.7/site-packages/airflow/example_dags/example_dag_decorator.py took 0.153 seconds
[2023-03-12T13:04:12.070+0000] {processor.py:153} INFO - Started process (PID=783) to work on /home/airflow/.local/lib/python3.7/site-packages/airflow/example_dags/example_dag_decorator.py
[2023-03-12T13:04:12.071+0000] {processor.py:743} INFO - Processing file /home/airflow/.local/lib/python3.7/site-packages/airflow/example_dags/example_dag_decorator.py for tasks to queue
[2023-03-12T13:04:12.072+0000] {logging_mixin.py:137} INFO - [2023-03-12T13:04:12.072+0000] {dagbag.py:538} INFO - Filling up the DagBag from /home/airflow/.local/lib/python3.7/site-packages/airflow/example_dags/example_dag_decorator.py
[2023-03-12T13:04:12.089+0000] {logging_mixin.py:137} INFO - [2023-03-12T13:04:12.088+0000] {taskmixin.py:205} WARNING - Dependency <Task(_PythonDecoratedOperator): prepare_email>, send_email already registered for DAG: example_dag_decorator
[2023-03-12T13:04:12.089+0000] {logging_mixin.py:137} INFO - [2023-03-12T13:04:12.089+0000] {taskmixin.py:205} WARNING - Dependency <Task(EmailOperator): send_email>, prepare_email already registered for DAG: example_dag_decorator
[2023-03-12T13:04:12.101+0000] {processor.py:753} INFO - DAG(s) dict_keys(['example_dag_decorator']) retrieved from /home/airflow/.local/lib/python3.7/site-packages/airflow/example_dags/example_dag_decorator.py
[2023-03-12T13:04:12.186+0000] {logging_mixin.py:137} INFO - [2023-03-12T13:04:12.186+0000] {dag.py:2690} INFO - Sync 1 DAGs
[2023-03-12T13:04:12.210+0000] {logging_mixin.py:137} INFO - [2023-03-12T13:04:12.210+0000] {dag.py:3441} INFO - Setting next_dagrun for example_dag_decorator to None, run_after=None
[2023-03-12T13:04:12.228+0000] {processor.py:175} INFO - Processing /home/airflow/.local/lib/python3.7/site-packages/airflow/example_dags/example_dag_decorator.py took 0.162 seconds
[2023-03-12T13:04:42.778+0000] {processor.py:153} INFO - Started process (PID=890) to work on /home/airflow/.local/lib/python3.7/site-packages/airflow/example_dags/example_dag_decorator.py
[2023-03-12T13:04:42.778+0000] {processor.py:743} INFO - Processing file /home/airflow/.local/lib/python3.7/site-packages/airflow/example_dags/example_dag_decorator.py for tasks to queue
[2023-03-12T13:04:42.779+0000] {logging_mixin.py:137} INFO - [2023-03-12T13:04:42.779+0000] {dagbag.py:538} INFO - Filling up the DagBag from /home/airflow/.local/lib/python3.7/site-packages/airflow/example_dags/example_dag_decorator.py
[2023-03-12T13:04:42.796+0000] {logging_mixin.py:137} INFO - [2023-03-12T13:04:42.796+0000] {taskmixin.py:205} WARNING - Dependency <Task(_PythonDecoratedOperator): prepare_email>, send_email already registered for DAG: example_dag_decorator
[2023-03-12T13:04:42.796+0000] {logging_mixin.py:137} INFO - [2023-03-12T13:04:42.796+0000] {taskmixin.py:205} WARNING - Dependency <Task(EmailOperator): send_email>, prepare_email already registered for DAG: example_dag_decorator
[2023-03-12T13:04:42.807+0000] {processor.py:753} INFO - DAG(s) dict_keys(['example_dag_decorator']) retrieved from /home/airflow/.local/lib/python3.7/site-packages/airflow/example_dags/example_dag_decorator.py
[2023-03-12T13:04:42.875+0000] {logging_mixin.py:137} INFO - [2023-03-12T13:04:42.875+0000] {dag.py:2690} INFO - Sync 1 DAGs
[2023-03-12T13:04:42.898+0000] {logging_mixin.py:137} INFO - [2023-03-12T13:04:42.898+0000] {dag.py:3441} INFO - Setting next_dagrun for example_dag_decorator to None, run_after=None
[2023-03-12T13:04:42.916+0000] {processor.py:175} INFO - Processing /home/airflow/.local/lib/python3.7/site-packages/airflow/example_dags/example_dag_decorator.py took 0.141 seconds
[2023-03-12T13:05:13.563+0000] {processor.py:153} INFO - Started process (PID=980) to work on /home/airflow/.local/lib/python3.7/site-packages/airflow/example_dags/example_dag_decorator.py
[2023-03-12T13:05:13.564+0000] {processor.py:743} INFO - Processing file /home/airflow/.local/lib/python3.7/site-packages/airflow/example_dags/example_dag_decorator.py for tasks to queue
[2023-03-12T13:05:13.564+0000] {logging_mixin.py:137} INFO - [2023-03-12T13:05:13.564+0000] {dagbag.py:538} INFO - Filling up the DagBag from /home/airflow/.local/lib/python3.7/site-packages/airflow/example_dags/example_dag_decorator.py
[2023-03-12T13:05:13.581+0000] {logging_mixin.py:137} INFO - [2023-03-12T13:05:13.581+0000] {taskmixin.py:205} WARNING - Dependency <Task(_PythonDecoratedOperator): prepare_email>, send_email already registered for DAG: example_dag_decorator
[2023-03-12T13:05:13.581+0000] {logging_mixin.py:137} INFO - [2023-03-12T13:05:13.581+0000] {taskmixin.py:205} WARNING - Dependency <Task(EmailOperator): send_email>, prepare_email already registered for DAG: example_dag_decorator
[2023-03-12T13:05:13.592+0000] {processor.py:753} INFO - DAG(s) dict_keys(['example_dag_decorator']) retrieved from /home/airflow/.local/lib/python3.7/site-packages/airflow/example_dags/example_dag_decorator.py
[2023-03-12T13:05:13.666+0000] {logging_mixin.py:137} INFO - [2023-03-12T13:05:13.666+0000] {dag.py:2690} INFO - Sync 1 DAGs
[2023-03-12T13:05:13.694+0000] {logging_mixin.py:137} INFO - [2023-03-12T13:05:13.694+0000] {dag.py:3441} INFO - Setting next_dagrun for example_dag_decorator to None, run_after=None
[2023-03-12T13:05:13.716+0000] {processor.py:175} INFO - Processing /home/airflow/.local/lib/python3.7/site-packages/airflow/example_dags/example_dag_decorator.py took 0.155 seconds
[2023-03-12T13:05:44.292+0000] {processor.py:153} INFO - Started process (PID=1095) to work on /home/airflow/.local/lib/python3.7/site-packages/airflow/example_dags/example_dag_decorator.py
[2023-03-12T13:05:44.293+0000] {processor.py:743} INFO - Processing file /home/airflow/.local/lib/python3.7/site-packages/airflow/example_dags/example_dag_decorator.py for tasks to queue
[2023-03-12T13:05:44.294+0000] {logging_mixin.py:137} INFO - [2023-03-12T13:05:44.294+0000] {dagbag.py:538} INFO - Filling up the DagBag from /home/airflow/.local/lib/python3.7/site-packages/airflow/example_dags/example_dag_decorator.py
[2023-03-12T13:05:44.309+0000] {logging_mixin.py:137} INFO - [2023-03-12T13:05:44.309+0000] {taskmixin.py:205} WARNING - Dependency <Task(_PythonDecoratedOperator): prepare_email>, send_email already registered for DAG: example_dag_decorator
[2023-03-12T13:05:44.309+0000] {logging_mixin.py:137} INFO - [2023-03-12T13:05:44.309+0000] {taskmixin.py:205} WARNING - Dependency <Task(EmailOperator): send_email>, prepare_email already registered for DAG: example_dag_decorator
[2023-03-12T13:05:44.321+0000] {processor.py:753} INFO - DAG(s) dict_keys(['example_dag_decorator']) retrieved from /home/airflow/.local/lib/python3.7/site-packages/airflow/example_dags/example_dag_decorator.py
[2023-03-12T13:05:44.391+0000] {logging_mixin.py:137} INFO - [2023-03-12T13:05:44.391+0000] {dag.py:2690} INFO - Sync 1 DAGs
[2023-03-12T13:05:44.416+0000] {logging_mixin.py:137} INFO - [2023-03-12T13:05:44.416+0000] {dag.py:3441} INFO - Setting next_dagrun for example_dag_decorator to None, run_after=None
[2023-03-12T13:05:44.437+0000] {processor.py:175} INFO - Processing /home/airflow/.local/lib/python3.7/site-packages/airflow/example_dags/example_dag_decorator.py took 0.147 seconds
[2023-03-12T13:06:15.073+0000] {processor.py:153} INFO - Started process (PID=1185) to work on /home/airflow/.local/lib/python3.7/site-packages/airflow/example_dags/example_dag_decorator.py
[2023-03-12T13:06:15.074+0000] {processor.py:743} INFO - Processing file /home/airflow/.local/lib/python3.7/site-packages/airflow/example_dags/example_dag_decorator.py for tasks to queue
[2023-03-12T13:06:15.074+0000] {logging_mixin.py:137} INFO - [2023-03-12T13:06:15.074+0000] {dagbag.py:538} INFO - Filling up the DagBag from /home/airflow/.local/lib/python3.7/site-packages/airflow/example_dags/example_dag_decorator.py
[2023-03-12T13:06:15.092+0000] {logging_mixin.py:137} INFO - [2023-03-12T13:06:15.091+0000] {taskmixin.py:205} WARNING - Dependency <Task(_PythonDecoratedOperator): prepare_email>, send_email already registered for DAG: example_dag_decorator
[2023-03-12T13:06:15.092+0000] {logging_mixin.py:137} INFO - [2023-03-12T13:06:15.092+0000] {taskmixin.py:205} WARNING - Dependency <Task(EmailOperator): send_email>, prepare_email already registered for DAG: example_dag_decorator
[2023-03-12T13:06:15.104+0000] {processor.py:753} INFO - DAG(s) dict_keys(['example_dag_decorator']) retrieved from /home/airflow/.local/lib/python3.7/site-packages/airflow/example_dags/example_dag_decorator.py
[2023-03-12T13:06:15.177+0000] {logging_mixin.py:137} INFO - [2023-03-12T13:06:15.177+0000] {dag.py:2690} INFO - Sync 1 DAGs
[2023-03-12T13:06:15.200+0000] {logging_mixin.py:137} INFO - [2023-03-12T13:06:15.200+0000] {dag.py:3441} INFO - Setting next_dagrun for example_dag_decorator to None, run_after=None
[2023-03-12T13:06:15.219+0000] {processor.py:175} INFO - Processing /home/airflow/.local/lib/python3.7/site-packages/airflow/example_dags/example_dag_decorator.py took 0.149 seconds
[2023-03-12T13:06:45.736+0000] {processor.py:153} INFO - Started process (PID=1294) to work on /home/airflow/.local/lib/python3.7/site-packages/airflow/example_dags/example_dag_decorator.py
[2023-03-12T13:06:45.736+0000] {processor.py:743} INFO - Processing file /home/airflow/.local/lib/python3.7/site-packages/airflow/example_dags/example_dag_decorator.py for tasks to queue
[2023-03-12T13:06:45.737+0000] {logging_mixin.py:137} INFO - [2023-03-12T13:06:45.737+0000] {dagbag.py:538} INFO - Filling up the DagBag from /home/airflow/.local/lib/python3.7/site-packages/airflow/example_dags/example_dag_decorator.py
[2023-03-12T13:06:45.759+0000] {logging_mixin.py:137} INFO - [2023-03-12T13:06:45.759+0000] {taskmixin.py:205} WARNING - Dependency <Task(_PythonDecoratedOperator): prepare_email>, send_email already registered for DAG: example_dag_decorator
[2023-03-12T13:06:45.759+0000] {logging_mixin.py:137} INFO - [2023-03-12T13:06:45.759+0000] {taskmixin.py:205} WARNING - Dependency <Task(EmailOperator): send_email>, prepare_email already registered for DAG: example_dag_decorator
[2023-03-12T13:06:45.773+0000] {processor.py:753} INFO - DAG(s) dict_keys(['example_dag_decorator']) retrieved from /home/airflow/.local/lib/python3.7/site-packages/airflow/example_dags/example_dag_decorator.py
[2023-03-12T13:06:45.850+0000] {logging_mixin.py:137} INFO - [2023-03-12T13:06:45.850+0000] {dag.py:2690} INFO - Sync 1 DAGs
[2023-03-12T13:06:45.880+0000] {logging_mixin.py:137} INFO - [2023-03-12T13:06:45.879+0000] {dag.py:3441} INFO - Setting next_dagrun for example_dag_decorator to None, run_after=None
[2023-03-12T13:06:45.903+0000] {processor.py:175} INFO - Processing /home/airflow/.local/lib/python3.7/site-packages/airflow/example_dags/example_dag_decorator.py took 0.170 seconds
[2023-03-12T13:07:02.669+0000] {processor.py:153} INFO - Started process (PID=74) to work on /home/airflow/.local/lib/python3.7/site-packages/airflow/example_dags/example_dag_decorator.py
[2023-03-12T13:07:02.670+0000] {processor.py:743} INFO - Processing file /home/airflow/.local/lib/python3.7/site-packages/airflow/example_dags/example_dag_decorator.py for tasks to queue
[2023-03-12T13:07:02.671+0000] {logging_mixin.py:137} INFO - [2023-03-12T13:07:02.671+0000] {dagbag.py:538} INFO - Filling up the DagBag from /home/airflow/.local/lib/python3.7/site-packages/airflow/example_dags/example_dag_decorator.py
[2023-03-12T13:07:02.688+0000] {logging_mixin.py:137} INFO - [2023-03-12T13:07:02.688+0000] {taskmixin.py:205} WARNING - Dependency <Task(_PythonDecoratedOperator): prepare_email>, send_email already registered for DAG: example_dag_decorator
[2023-03-12T13:07:02.688+0000] {logging_mixin.py:137} INFO - [2023-03-12T13:07:02.688+0000] {taskmixin.py:205} WARNING - Dependency <Task(EmailOperator): send_email>, prepare_email already registered for DAG: example_dag_decorator
[2023-03-12T13:07:02.699+0000] {processor.py:753} INFO - DAG(s) dict_keys(['example_dag_decorator']) retrieved from /home/airflow/.local/lib/python3.7/site-packages/airflow/example_dags/example_dag_decorator.py
[2023-03-12T13:07:02.753+0000] {logging_mixin.py:137} INFO - [2023-03-12T13:07:02.753+0000] {dag.py:2690} INFO - Sync 1 DAGs
[2023-03-12T13:07:02.783+0000] {logging_mixin.py:137} INFO - [2023-03-12T13:07:02.782+0000] {dag.py:3441} INFO - Setting next_dagrun for example_dag_decorator to None, run_after=None
[2023-03-12T13:07:02.800+0000] {processor.py:175} INFO - Processing /home/airflow/.local/lib/python3.7/site-packages/airflow/example_dags/example_dag_decorator.py took 0.134 seconds
[2023-03-12T13:07:32.966+0000] {processor.py:153} INFO - Started process (PID=164) to work on /home/airflow/.local/lib/python3.7/site-packages/airflow/example_dags/example_dag_decorator.py
[2023-03-12T13:07:32.967+0000] {processor.py:743} INFO - Processing file /home/airflow/.local/lib/python3.7/site-packages/airflow/example_dags/example_dag_decorator.py for tasks to queue
[2023-03-12T13:07:32.968+0000] {logging_mixin.py:137} INFO - [2023-03-12T13:07:32.968+0000] {dagbag.py:538} INFO - Filling up the DagBag from /home/airflow/.local/lib/python3.7/site-packages/airflow/example_dags/example_dag_decorator.py
[2023-03-12T13:07:32.984+0000] {logging_mixin.py:137} INFO - [2023-03-12T13:07:32.984+0000] {taskmixin.py:205} WARNING - Dependency <Task(_PythonDecoratedOperator): prepare_email>, send_email already registered for DAG: example_dag_decorator
[2023-03-12T13:07:32.984+0000] {logging_mixin.py:137} INFO - [2023-03-12T13:07:32.984+0000] {taskmixin.py:205} WARNING - Dependency <Task(EmailOperator): send_email>, prepare_email already registered for DAG: example_dag_decorator
[2023-03-12T13:07:32.996+0000] {processor.py:753} INFO - DAG(s) dict_keys(['example_dag_decorator']) retrieved from /home/airflow/.local/lib/python3.7/site-packages/airflow/example_dags/example_dag_decorator.py
[2023-03-12T13:07:33.128+0000] {logging_mixin.py:137} INFO - [2023-03-12T13:07:33.128+0000] {dag.py:2690} INFO - Sync 1 DAGs
[2023-03-12T13:07:33.178+0000] {logging_mixin.py:137} INFO - [2023-03-12T13:07:33.178+0000] {dag.py:3441} INFO - Setting next_dagrun for example_dag_decorator to None, run_after=None
[2023-03-12T13:07:33.209+0000] {processor.py:175} INFO - Processing /home/airflow/.local/lib/python3.7/site-packages/airflow/example_dags/example_dag_decorator.py took 0.245 seconds
[2023-03-12T13:08:03.794+0000] {processor.py:153} INFO - Started process (PID=277) to work on /home/airflow/.local/lib/python3.7/site-packages/airflow/example_dags/example_dag_decorator.py
[2023-03-12T13:08:03.795+0000] {processor.py:743} INFO - Processing file /home/airflow/.local/lib/python3.7/site-packages/airflow/example_dags/example_dag_decorator.py for tasks to queue
[2023-03-12T13:08:03.796+0000] {logging_mixin.py:137} INFO - [2023-03-12T13:08:03.796+0000] {dagbag.py:538} INFO - Filling up the DagBag from /home/airflow/.local/lib/python3.7/site-packages/airflow/example_dags/example_dag_decorator.py
[2023-03-12T13:08:03.813+0000] {logging_mixin.py:137} INFO - [2023-03-12T13:08:03.812+0000] {taskmixin.py:205} WARNING - Dependency <Task(_PythonDecoratedOperator): prepare_email>, send_email already registered for DAG: example_dag_decorator
[2023-03-12T13:08:03.813+0000] {logging_mixin.py:137} INFO - [2023-03-12T13:08:03.813+0000] {taskmixin.py:205} WARNING - Dependency <Task(EmailOperator): send_email>, prepare_email already registered for DAG: example_dag_decorator
[2023-03-12T13:08:03.825+0000] {processor.py:753} INFO - DAG(s) dict_keys(['example_dag_decorator']) retrieved from /home/airflow/.local/lib/python3.7/site-packages/airflow/example_dags/example_dag_decorator.py
[2023-03-12T13:08:03.904+0000] {logging_mixin.py:137} INFO - [2023-03-12T13:08:03.904+0000] {dag.py:2690} INFO - Sync 1 DAGs
[2023-03-12T13:08:03.929+0000] {logging_mixin.py:137} INFO - [2023-03-12T13:08:03.928+0000] {dag.py:3441} INFO - Setting next_dagrun for example_dag_decorator to None, run_after=None
[2023-03-12T13:08:03.951+0000] {processor.py:175} INFO - Processing /home/airflow/.local/lib/python3.7/site-packages/airflow/example_dags/example_dag_decorator.py took 0.159 seconds
[2023-03-12T13:08:34.660+0000] {processor.py:153} INFO - Started process (PID=368) to work on /home/airflow/.local/lib/python3.7/site-packages/airflow/example_dags/example_dag_decorator.py
[2023-03-12T13:08:34.661+0000] {processor.py:743} INFO - Processing file /home/airflow/.local/lib/python3.7/site-packages/airflow/example_dags/example_dag_decorator.py for tasks to queue
[2023-03-12T13:08:34.661+0000] {logging_mixin.py:137} INFO - [2023-03-12T13:08:34.661+0000] {dagbag.py:538} INFO - Filling up the DagBag from /home/airflow/.local/lib/python3.7/site-packages/airflow/example_dags/example_dag_decorator.py
[2023-03-12T13:08:34.677+0000] {logging_mixin.py:137} INFO - [2023-03-12T13:08:34.677+0000] {taskmixin.py:205} WARNING - Dependency <Task(_PythonDecoratedOperator): prepare_email>, send_email already registered for DAG: example_dag_decorator
[2023-03-12T13:08:34.678+0000] {logging_mixin.py:137} INFO - [2023-03-12T13:08:34.678+0000] {taskmixin.py:205} WARNING - Dependency <Task(EmailOperator): send_email>, prepare_email already registered for DAG: example_dag_decorator
[2023-03-12T13:08:34.689+0000] {processor.py:753} INFO - DAG(s) dict_keys(['example_dag_decorator']) retrieved from /home/airflow/.local/lib/python3.7/site-packages/airflow/example_dags/example_dag_decorator.py
[2023-03-12T13:08:34.757+0000] {logging_mixin.py:137} INFO - [2023-03-12T13:08:34.757+0000] {dag.py:2690} INFO - Sync 1 DAGs
[2023-03-12T13:08:34.780+0000] {logging_mixin.py:137} INFO - [2023-03-12T13:08:34.780+0000] {dag.py:3441} INFO - Setting next_dagrun for example_dag_decorator to None, run_after=None
[2023-03-12T13:08:34.798+0000] {processor.py:175} INFO - Processing /home/airflow/.local/lib/python3.7/site-packages/airflow/example_dags/example_dag_decorator.py took 0.141 seconds
[2023-03-12T13:08:57.746+0000] {processor.py:153} INFO - Started process (PID=74) to work on /home/airflow/.local/lib/python3.7/site-packages/airflow/example_dags/example_dag_decorator.py
[2023-03-12T13:08:57.747+0000] {processor.py:743} INFO - Processing file /home/airflow/.local/lib/python3.7/site-packages/airflow/example_dags/example_dag_decorator.py for tasks to queue
[2023-03-12T13:08:57.748+0000] {logging_mixin.py:137} INFO - [2023-03-12T13:08:57.748+0000] {dagbag.py:538} INFO - Filling up the DagBag from /home/airflow/.local/lib/python3.7/site-packages/airflow/example_dags/example_dag_decorator.py
[2023-03-12T13:08:57.767+0000] {logging_mixin.py:137} INFO - [2023-03-12T13:08:57.767+0000] {taskmixin.py:205} WARNING - Dependency <Task(_PythonDecoratedOperator): prepare_email>, send_email already registered for DAG: example_dag_decorator
[2023-03-12T13:08:57.767+0000] {logging_mixin.py:137} INFO - [2023-03-12T13:08:57.767+0000] {taskmixin.py:205} WARNING - Dependency <Task(EmailOperator): send_email>, prepare_email already registered for DAG: example_dag_decorator
[2023-03-12T13:08:57.779+0000] {processor.py:753} INFO - DAG(s) dict_keys(['example_dag_decorator']) retrieved from /home/airflow/.local/lib/python3.7/site-packages/airflow/example_dags/example_dag_decorator.py
[2023-03-12T13:08:57.791+0000] {logging_mixin.py:137} INFO - [2023-03-12T13:08:57.791+0000] {dag.py:2690} INFO - Sync 1 DAGs
[2023-03-12T13:08:57.831+0000] {logging_mixin.py:137} INFO - [2023-03-12T13:08:57.831+0000] {dag.py:3441} INFO - Setting next_dagrun for example_dag_decorator to None, run_after=None
[2023-03-12T13:08:57.859+0000] {processor.py:175} INFO - Processing /home/airflow/.local/lib/python3.7/site-packages/airflow/example_dags/example_dag_decorator.py took 0.115 seconds
[2023-03-12T13:09:28.474+0000] {processor.py:153} INFO - Started process (PID=188) to work on /home/airflow/.local/lib/python3.7/site-packages/airflow/example_dags/example_dag_decorator.py
[2023-03-12T13:09:28.475+0000] {processor.py:743} INFO - Processing file /home/airflow/.local/lib/python3.7/site-packages/airflow/example_dags/example_dag_decorator.py for tasks to queue
[2023-03-12T13:09:28.475+0000] {logging_mixin.py:137} INFO - [2023-03-12T13:09:28.475+0000] {dagbag.py:538} INFO - Filling up the DagBag from /home/airflow/.local/lib/python3.7/site-packages/airflow/example_dags/example_dag_decorator.py
[2023-03-12T13:09:28.491+0000] {logging_mixin.py:137} INFO - [2023-03-12T13:09:28.491+0000] {taskmixin.py:205} WARNING - Dependency <Task(_PythonDecoratedOperator): prepare_email>, send_email already registered for DAG: example_dag_decorator
[2023-03-12T13:09:28.491+0000] {logging_mixin.py:137} INFO - [2023-03-12T13:09:28.491+0000] {taskmixin.py:205} WARNING - Dependency <Task(EmailOperator): send_email>, prepare_email already registered for DAG: example_dag_decorator
[2023-03-12T13:09:28.503+0000] {processor.py:753} INFO - DAG(s) dict_keys(['example_dag_decorator']) retrieved from /home/airflow/.local/lib/python3.7/site-packages/airflow/example_dags/example_dag_decorator.py
[2023-03-12T13:09:28.574+0000] {logging_mixin.py:137} INFO - [2023-03-12T13:09:28.573+0000] {dag.py:2690} INFO - Sync 1 DAGs
[2023-03-12T13:09:28.599+0000] {logging_mixin.py:137} INFO - [2023-03-12T13:09:28.599+0000] {dag.py:3441} INFO - Setting next_dagrun for example_dag_decorator to None, run_after=None
[2023-03-12T13:09:28.618+0000] {processor.py:175} INFO - Processing /home/airflow/.local/lib/python3.7/site-packages/airflow/example_dags/example_dag_decorator.py took 0.147 seconds
[2023-03-12T13:09:59.418+0000] {processor.py:153} INFO - Started process (PID=278) to work on /home/airflow/.local/lib/python3.7/site-packages/airflow/example_dags/example_dag_decorator.py
[2023-03-12T13:09:59.419+0000] {processor.py:743} INFO - Processing file /home/airflow/.local/lib/python3.7/site-packages/airflow/example_dags/example_dag_decorator.py for tasks to queue
[2023-03-12T13:09:59.419+0000] {logging_mixin.py:137} INFO - [2023-03-12T13:09:59.419+0000] {dagbag.py:538} INFO - Filling up the DagBag from /home/airflow/.local/lib/python3.7/site-packages/airflow/example_dags/example_dag_decorator.py
[2023-03-12T13:09:59.435+0000] {logging_mixin.py:137} INFO - [2023-03-12T13:09:59.435+0000] {taskmixin.py:205} WARNING - Dependency <Task(_PythonDecoratedOperator): prepare_email>, send_email already registered for DAG: example_dag_decorator
[2023-03-12T13:09:59.435+0000] {logging_mixin.py:137} INFO - [2023-03-12T13:09:59.435+0000] {taskmixin.py:205} WARNING - Dependency <Task(EmailOperator): send_email>, prepare_email already registered for DAG: example_dag_decorator
[2023-03-12T13:09:59.446+0000] {processor.py:753} INFO - DAG(s) dict_keys(['example_dag_decorator']) retrieved from /home/airflow/.local/lib/python3.7/site-packages/airflow/example_dags/example_dag_decorator.py
[2023-03-12T13:09:59.517+0000] {logging_mixin.py:137} INFO - [2023-03-12T13:09:59.517+0000] {dag.py:2690} INFO - Sync 1 DAGs
[2023-03-12T13:09:59.541+0000] {logging_mixin.py:137} INFO - [2023-03-12T13:09:59.541+0000] {dag.py:3441} INFO - Setting next_dagrun for example_dag_decorator to None, run_after=None
[2023-03-12T13:09:59.563+0000] {processor.py:175} INFO - Processing /home/airflow/.local/lib/python3.7/site-packages/airflow/example_dags/example_dag_decorator.py took 0.148 seconds
[2023-03-12T13:10:30.530+0000] {processor.py:153} INFO - Started process (PID=402) to work on /home/airflow/.local/lib/python3.7/site-packages/airflow/example_dags/example_dag_decorator.py
[2023-03-12T13:10:30.531+0000] {processor.py:743} INFO - Processing file /home/airflow/.local/lib/python3.7/site-packages/airflow/example_dags/example_dag_decorator.py for tasks to queue
[2023-03-12T13:10:30.532+0000] {logging_mixin.py:137} INFO - [2023-03-12T13:10:30.531+0000] {dagbag.py:538} INFO - Filling up the DagBag from /home/airflow/.local/lib/python3.7/site-packages/airflow/example_dags/example_dag_decorator.py
[2023-03-12T13:10:30.548+0000] {logging_mixin.py:137} INFO - [2023-03-12T13:10:30.548+0000] {taskmixin.py:205} WARNING - Dependency <Task(_PythonDecoratedOperator): prepare_email>, send_email already registered for DAG: example_dag_decorator
[2023-03-12T13:10:30.548+0000] {logging_mixin.py:137} INFO - [2023-03-12T13:10:30.548+0000] {taskmixin.py:205} WARNING - Dependency <Task(EmailOperator): send_email>, prepare_email already registered for DAG: example_dag_decorator
[2023-03-12T13:10:30.560+0000] {processor.py:753} INFO - DAG(s) dict_keys(['example_dag_decorator']) retrieved from /home/airflow/.local/lib/python3.7/site-packages/airflow/example_dags/example_dag_decorator.py
[2023-03-12T13:10:30.634+0000] {logging_mixin.py:137} INFO - [2023-03-12T13:10:30.634+0000] {dag.py:2690} INFO - Sync 1 DAGs
[2023-03-12T13:10:30.661+0000] {logging_mixin.py:137} INFO - [2023-03-12T13:10:30.661+0000] {dag.py:3441} INFO - Setting next_dagrun for example_dag_decorator to None, run_after=None
[2023-03-12T13:10:30.681+0000] {processor.py:175} INFO - Processing /home/airflow/.local/lib/python3.7/site-packages/airflow/example_dags/example_dag_decorator.py took 0.153 seconds
[2023-03-12T13:11:01.583+0000] {processor.py:153} INFO - Started process (PID=496) to work on /home/airflow/.local/lib/python3.7/site-packages/airflow/example_dags/example_dag_decorator.py
[2023-03-12T13:11:01.584+0000] {processor.py:743} INFO - Processing file /home/airflow/.local/lib/python3.7/site-packages/airflow/example_dags/example_dag_decorator.py for tasks to queue
[2023-03-12T13:11:01.584+0000] {logging_mixin.py:137} INFO - [2023-03-12T13:11:01.584+0000] {dagbag.py:538} INFO - Filling up the DagBag from /home/airflow/.local/lib/python3.7/site-packages/airflow/example_dags/example_dag_decorator.py
[2023-03-12T13:11:01.600+0000] {logging_mixin.py:137} INFO - [2023-03-12T13:11:01.600+0000] {taskmixin.py:205} WARNING - Dependency <Task(_PythonDecoratedOperator): prepare_email>, send_email already registered for DAG: example_dag_decorator
[2023-03-12T13:11:01.601+0000] {logging_mixin.py:137} INFO - [2023-03-12T13:11:01.600+0000] {taskmixin.py:205} WARNING - Dependency <Task(EmailOperator): send_email>, prepare_email already registered for DAG: example_dag_decorator
[2023-03-12T13:11:01.612+0000] {processor.py:753} INFO - DAG(s) dict_keys(['example_dag_decorator']) retrieved from /home/airflow/.local/lib/python3.7/site-packages/airflow/example_dags/example_dag_decorator.py
[2023-03-12T13:11:01.680+0000] {logging_mixin.py:137} INFO - [2023-03-12T13:11:01.680+0000] {dag.py:2690} INFO - Sync 1 DAGs
[2023-03-12T13:11:01.703+0000] {logging_mixin.py:137} INFO - [2023-03-12T13:11:01.703+0000] {dag.py:3441} INFO - Setting next_dagrun for example_dag_decorator to None, run_after=None
[2023-03-12T13:11:01.723+0000] {processor.py:175} INFO - Processing /home/airflow/.local/lib/python3.7/site-packages/airflow/example_dags/example_dag_decorator.py took 0.143 seconds
[2023-03-12T13:11:32.696+0000] {processor.py:153} INFO - Started process (PID=595) to work on /home/airflow/.local/lib/python3.7/site-packages/airflow/example_dags/example_dag_decorator.py
[2023-03-12T13:11:32.697+0000] {processor.py:743} INFO - Processing file /home/airflow/.local/lib/python3.7/site-packages/airflow/example_dags/example_dag_decorator.py for tasks to queue
[2023-03-12T13:11:32.697+0000] {logging_mixin.py:137} INFO - [2023-03-12T13:11:32.697+0000] {dagbag.py:538} INFO - Filling up the DagBag from /home/airflow/.local/lib/python3.7/site-packages/airflow/example_dags/example_dag_decorator.py
[2023-03-12T13:11:32.714+0000] {logging_mixin.py:137} INFO - [2023-03-12T13:11:32.714+0000] {taskmixin.py:205} WARNING - Dependency <Task(_PythonDecoratedOperator): prepare_email>, send_email already registered for DAG: example_dag_decorator
[2023-03-12T13:11:32.714+0000] {logging_mixin.py:137} INFO - [2023-03-12T13:11:32.714+0000] {taskmixin.py:205} WARNING - Dependency <Task(EmailOperator): send_email>, prepare_email already registered for DAG: example_dag_decorator
[2023-03-12T13:11:32.725+0000] {processor.py:753} INFO - DAG(s) dict_keys(['example_dag_decorator']) retrieved from /home/airflow/.local/lib/python3.7/site-packages/airflow/example_dags/example_dag_decorator.py
[2023-03-12T13:11:32.797+0000] {logging_mixin.py:137} INFO - [2023-03-12T13:11:32.797+0000] {dag.py:2690} INFO - Sync 1 DAGs
[2023-03-12T13:11:32.825+0000] {logging_mixin.py:137} INFO - [2023-03-12T13:11:32.825+0000] {dag.py:3441} INFO - Setting next_dagrun for example_dag_decorator to None, run_after=None
[2023-03-12T13:11:32.845+0000] {processor.py:175} INFO - Processing /home/airflow/.local/lib/python3.7/site-packages/airflow/example_dags/example_dag_decorator.py took 0.152 seconds
[2023-03-12T13:12:02.946+0000] {processor.py:153} INFO - Started process (PID=704) to work on /home/airflow/.local/lib/python3.7/site-packages/airflow/example_dags/example_dag_decorator.py
[2023-03-12T13:12:02.946+0000] {processor.py:743} INFO - Processing file /home/airflow/.local/lib/python3.7/site-packages/airflow/example_dags/example_dag_decorator.py for tasks to queue
[2023-03-12T13:12:02.947+0000] {logging_mixin.py:137} INFO - [2023-03-12T13:12:02.947+0000] {dagbag.py:538} INFO - Filling up the DagBag from /home/airflow/.local/lib/python3.7/site-packages/airflow/example_dags/example_dag_decorator.py
[2023-03-12T13:12:02.965+0000] {logging_mixin.py:137} INFO - [2023-03-12T13:12:02.965+0000] {taskmixin.py:205} WARNING - Dependency <Task(_PythonDecoratedOperator): prepare_email>, send_email already registered for DAG: example_dag_decorator
[2023-03-12T13:12:02.965+0000] {logging_mixin.py:137} INFO - [2023-03-12T13:12:02.965+0000] {taskmixin.py:205} WARNING - Dependency <Task(EmailOperator): send_email>, prepare_email already registered for DAG: example_dag_decorator
[2023-03-12T13:12:02.977+0000] {processor.py:753} INFO - DAG(s) dict_keys(['example_dag_decorator']) retrieved from /home/airflow/.local/lib/python3.7/site-packages/airflow/example_dags/example_dag_decorator.py
[2023-03-12T13:12:03.045+0000] {logging_mixin.py:137} INFO - [2023-03-12T13:12:03.045+0000] {dag.py:2690} INFO - Sync 1 DAGs
[2023-03-12T13:12:03.078+0000] {logging_mixin.py:137} INFO - [2023-03-12T13:12:03.078+0000] {dag.py:3441} INFO - Setting next_dagrun for example_dag_decorator to None, run_after=None
[2023-03-12T13:12:03.101+0000] {processor.py:175} INFO - Processing /home/airflow/.local/lib/python3.7/site-packages/airflow/example_dags/example_dag_decorator.py took 0.158 seconds
[2023-03-12T13:12:33.971+0000] {processor.py:153} INFO - Started process (PID=794) to work on /home/airflow/.local/lib/python3.7/site-packages/airflow/example_dags/example_dag_decorator.py
[2023-03-12T13:12:33.972+0000] {processor.py:743} INFO - Processing file /home/airflow/.local/lib/python3.7/site-packages/airflow/example_dags/example_dag_decorator.py for tasks to queue
[2023-03-12T13:12:33.973+0000] {logging_mixin.py:137} INFO - [2023-03-12T13:12:33.973+0000] {dagbag.py:538} INFO - Filling up the DagBag from /home/airflow/.local/lib/python3.7/site-packages/airflow/example_dags/example_dag_decorator.py
[2023-03-12T13:12:33.989+0000] {logging_mixin.py:137} INFO - [2023-03-12T13:12:33.989+0000] {taskmixin.py:205} WARNING - Dependency <Task(_PythonDecoratedOperator): prepare_email>, send_email already registered for DAG: example_dag_decorator
[2023-03-12T13:12:33.989+0000] {logging_mixin.py:137} INFO - [2023-03-12T13:12:33.989+0000] {taskmixin.py:205} WARNING - Dependency <Task(EmailOperator): send_email>, prepare_email already registered for DAG: example_dag_decorator
[2023-03-12T13:12:34.000+0000] {processor.py:753} INFO - DAG(s) dict_keys(['example_dag_decorator']) retrieved from /home/airflow/.local/lib/python3.7/site-packages/airflow/example_dags/example_dag_decorator.py
[2023-03-12T13:12:34.071+0000] {logging_mixin.py:137} INFO - [2023-03-12T13:12:34.071+0000] {dag.py:2690} INFO - Sync 1 DAGs
[2023-03-12T13:12:34.094+0000] {logging_mixin.py:137} INFO - [2023-03-12T13:12:34.094+0000] {dag.py:3441} INFO - Setting next_dagrun for example_dag_decorator to None, run_after=None
[2023-03-12T13:12:34.114+0000] {processor.py:175} INFO - Processing /home/airflow/.local/lib/python3.7/site-packages/airflow/example_dags/example_dag_decorator.py took 0.145 seconds
[2023-03-12T13:13:04.249+0000] {processor.py:153} INFO - Started process (PID=912) to work on /home/airflow/.local/lib/python3.7/site-packages/airflow/example_dags/example_dag_decorator.py
[2023-03-12T13:13:04.250+0000] {processor.py:743} INFO - Processing file /home/airflow/.local/lib/python3.7/site-packages/airflow/example_dags/example_dag_decorator.py for tasks to queue
[2023-03-12T13:13:04.251+0000] {logging_mixin.py:137} INFO - [2023-03-12T13:13:04.251+0000] {dagbag.py:538} INFO - Filling up the DagBag from /home/airflow/.local/lib/python3.7/site-packages/airflow/example_dags/example_dag_decorator.py
[2023-03-12T13:13:04.270+0000] {logging_mixin.py:137} INFO - [2023-03-12T13:13:04.270+0000] {taskmixin.py:205} WARNING - Dependency <Task(_PythonDecoratedOperator): prepare_email>, send_email already registered for DAG: example_dag_decorator
[2023-03-12T13:13:04.271+0000] {logging_mixin.py:137} INFO - [2023-03-12T13:13:04.270+0000] {taskmixin.py:205} WARNING - Dependency <Task(EmailOperator): send_email>, prepare_email already registered for DAG: example_dag_decorator
[2023-03-12T13:13:04.282+0000] {processor.py:753} INFO - DAG(s) dict_keys(['example_dag_decorator']) retrieved from /home/airflow/.local/lib/python3.7/site-packages/airflow/example_dags/example_dag_decorator.py
[2023-03-12T13:13:04.359+0000] {logging_mixin.py:137} INFO - [2023-03-12T13:13:04.358+0000] {dag.py:2690} INFO - Sync 1 DAGs
[2023-03-12T13:13:04.384+0000] {logging_mixin.py:137} INFO - [2023-03-12T13:13:04.384+0000] {dag.py:3441} INFO - Setting next_dagrun for example_dag_decorator to None, run_after=None
[2023-03-12T13:13:04.405+0000] {processor.py:175} INFO - Processing /home/airflow/.local/lib/python3.7/site-packages/airflow/example_dags/example_dag_decorator.py took 0.158 seconds
[2023-03-12T13:13:34.583+0000] {processor.py:153} INFO - Started process (PID=1002) to work on /home/airflow/.local/lib/python3.7/site-packages/airflow/example_dags/example_dag_decorator.py
[2023-03-12T13:13:34.584+0000] {processor.py:743} INFO - Processing file /home/airflow/.local/lib/python3.7/site-packages/airflow/example_dags/example_dag_decorator.py for tasks to queue
[2023-03-12T13:13:34.584+0000] {logging_mixin.py:137} INFO - [2023-03-12T13:13:34.584+0000] {dagbag.py:538} INFO - Filling up the DagBag from /home/airflow/.local/lib/python3.7/site-packages/airflow/example_dags/example_dag_decorator.py
[2023-03-12T13:13:34.601+0000] {logging_mixin.py:137} INFO - [2023-03-12T13:13:34.601+0000] {taskmixin.py:205} WARNING - Dependency <Task(_PythonDecoratedOperator): prepare_email>, send_email already registered for DAG: example_dag_decorator
[2023-03-12T13:13:34.601+0000] {logging_mixin.py:137} INFO - [2023-03-12T13:13:34.601+0000] {taskmixin.py:205} WARNING - Dependency <Task(EmailOperator): send_email>, prepare_email already registered for DAG: example_dag_decorator
[2023-03-12T13:13:34.612+0000] {processor.py:753} INFO - DAG(s) dict_keys(['example_dag_decorator']) retrieved from /home/airflow/.local/lib/python3.7/site-packages/airflow/example_dags/example_dag_decorator.py
[2023-03-12T13:13:34.683+0000] {logging_mixin.py:137} INFO - [2023-03-12T13:13:34.683+0000] {dag.py:2690} INFO - Sync 1 DAGs
[2023-03-12T13:13:34.709+0000] {logging_mixin.py:137} INFO - [2023-03-12T13:13:34.709+0000] {dag.py:3441} INFO - Setting next_dagrun for example_dag_decorator to None, run_after=None
[2023-03-12T13:13:34.728+0000] {processor.py:175} INFO - Processing /home/airflow/.local/lib/python3.7/site-packages/airflow/example_dags/example_dag_decorator.py took 0.148 seconds
[2023-03-12T13:14:05.454+0000] {processor.py:153} INFO - Started process (PID=1120) to work on /home/airflow/.local/lib/python3.7/site-packages/airflow/example_dags/example_dag_decorator.py
[2023-03-12T13:14:05.455+0000] {processor.py:743} INFO - Processing file /home/airflow/.local/lib/python3.7/site-packages/airflow/example_dags/example_dag_decorator.py for tasks to queue
[2023-03-12T13:14:05.457+0000] {logging_mixin.py:137} INFO - [2023-03-12T13:14:05.457+0000] {dagbag.py:538} INFO - Filling up the DagBag from /home/airflow/.local/lib/python3.7/site-packages/airflow/example_dags/example_dag_decorator.py
[2023-03-12T13:14:05.476+0000] {logging_mixin.py:137} INFO - [2023-03-12T13:14:05.476+0000] {taskmixin.py:205} WARNING - Dependency <Task(_PythonDecoratedOperator): prepare_email>, send_email already registered for DAG: example_dag_decorator
[2023-03-12T13:14:05.476+0000] {logging_mixin.py:137} INFO - [2023-03-12T13:14:05.476+0000] {taskmixin.py:205} WARNING - Dependency <Task(EmailOperator): send_email>, prepare_email already registered for DAG: example_dag_decorator
[2023-03-12T13:14:05.489+0000] {processor.py:753} INFO - DAG(s) dict_keys(['example_dag_decorator']) retrieved from /home/airflow/.local/lib/python3.7/site-packages/airflow/example_dags/example_dag_decorator.py
[2023-03-12T13:14:05.573+0000] {logging_mixin.py:137} INFO - [2023-03-12T13:14:05.573+0000] {dag.py:2690} INFO - Sync 1 DAGs
[2023-03-12T13:14:05.601+0000] {logging_mixin.py:137} INFO - [2023-03-12T13:14:05.601+0000] {dag.py:3441} INFO - Setting next_dagrun for example_dag_decorator to None, run_after=None
[2023-03-12T13:14:05.623+0000] {processor.py:175} INFO - Processing /home/airflow/.local/lib/python3.7/site-packages/airflow/example_dags/example_dag_decorator.py took 0.173 seconds
[2023-03-12T13:14:35.711+0000] {processor.py:153} INFO - Started process (PID=1210) to work on /home/airflow/.local/lib/python3.7/site-packages/airflow/example_dags/example_dag_decorator.py
[2023-03-12T13:14:35.712+0000] {processor.py:743} INFO - Processing file /home/airflow/.local/lib/python3.7/site-packages/airflow/example_dags/example_dag_decorator.py for tasks to queue
[2023-03-12T13:14:35.713+0000] {logging_mixin.py:137} INFO - [2023-03-12T13:14:35.713+0000] {dagbag.py:538} INFO - Filling up the DagBag from /home/airflow/.local/lib/python3.7/site-packages/airflow/example_dags/example_dag_decorator.py
[2023-03-12T13:14:35.731+0000] {logging_mixin.py:137} INFO - [2023-03-12T13:14:35.731+0000] {taskmixin.py:205} WARNING - Dependency <Task(_PythonDecoratedOperator): prepare_email>, send_email already registered for DAG: example_dag_decorator
[2023-03-12T13:14:35.731+0000] {logging_mixin.py:137} INFO - [2023-03-12T13:14:35.731+0000] {taskmixin.py:205} WARNING - Dependency <Task(EmailOperator): send_email>, prepare_email already registered for DAG: example_dag_decorator
[2023-03-12T13:14:35.743+0000] {processor.py:753} INFO - DAG(s) dict_keys(['example_dag_decorator']) retrieved from /home/airflow/.local/lib/python3.7/site-packages/airflow/example_dags/example_dag_decorator.py
[2023-03-12T13:14:35.853+0000] {logging_mixin.py:137} INFO - [2023-03-12T13:14:35.853+0000] {dag.py:2690} INFO - Sync 1 DAGs
[2023-03-12T13:14:35.889+0000] {logging_mixin.py:137} INFO - [2023-03-12T13:14:35.889+0000] {dag.py:3441} INFO - Setting next_dagrun for example_dag_decorator to None, run_after=None
[2023-03-12T13:14:35.911+0000] {processor.py:175} INFO - Processing /home/airflow/.local/lib/python3.7/site-packages/airflow/example_dags/example_dag_decorator.py took 0.204 seconds
[2023-03-12T13:15:06.026+0000] {processor.py:153} INFO - Started process (PID=1304) to work on /home/airflow/.local/lib/python3.7/site-packages/airflow/example_dags/example_dag_decorator.py
[2023-03-12T13:15:06.028+0000] {processor.py:743} INFO - Processing file /home/airflow/.local/lib/python3.7/site-packages/airflow/example_dags/example_dag_decorator.py for tasks to queue
[2023-03-12T13:15:06.029+0000] {logging_mixin.py:137} INFO - [2023-03-12T13:15:06.029+0000] {dagbag.py:538} INFO - Filling up the DagBag from /home/airflow/.local/lib/python3.7/site-packages/airflow/example_dags/example_dag_decorator.py
[2023-03-12T13:15:06.049+0000] {logging_mixin.py:137} INFO - [2023-03-12T13:15:06.049+0000] {taskmixin.py:205} WARNING - Dependency <Task(_PythonDecoratedOperator): prepare_email>, send_email already registered for DAG: example_dag_decorator
[2023-03-12T13:15:06.050+0000] {logging_mixin.py:137} INFO - [2023-03-12T13:15:06.050+0000] {taskmixin.py:205} WARNING - Dependency <Task(EmailOperator): send_email>, prepare_email already registered for DAG: example_dag_decorator
[2023-03-12T13:15:06.065+0000] {processor.py:753} INFO - DAG(s) dict_keys(['example_dag_decorator']) retrieved from /home/airflow/.local/lib/python3.7/site-packages/airflow/example_dags/example_dag_decorator.py
[2023-03-12T13:15:06.153+0000] {logging_mixin.py:137} INFO - [2023-03-12T13:15:06.153+0000] {dag.py:2690} INFO - Sync 1 DAGs
[2023-03-12T13:15:06.185+0000] {logging_mixin.py:137} INFO - [2023-03-12T13:15:06.185+0000] {dag.py:3441} INFO - Setting next_dagrun for example_dag_decorator to None, run_after=None
[2023-03-12T13:15:06.214+0000] {processor.py:175} INFO - Processing /home/airflow/.local/lib/python3.7/site-packages/airflow/example_dags/example_dag_decorator.py took 0.191 seconds
[2023-03-12T13:15:36.406+0000] {processor.py:153} INFO - Started process (PID=1418) to work on /home/airflow/.local/lib/python3.7/site-packages/airflow/example_dags/example_dag_decorator.py
[2023-03-12T13:15:36.407+0000] {processor.py:743} INFO - Processing file /home/airflow/.local/lib/python3.7/site-packages/airflow/example_dags/example_dag_decorator.py for tasks to queue
[2023-03-12T13:15:36.408+0000] {logging_mixin.py:137} INFO - [2023-03-12T13:15:36.408+0000] {dagbag.py:538} INFO - Filling up the DagBag from /home/airflow/.local/lib/python3.7/site-packages/airflow/example_dags/example_dag_decorator.py
[2023-03-12T13:15:36.425+0000] {logging_mixin.py:137} INFO - [2023-03-12T13:15:36.425+0000] {taskmixin.py:205} WARNING - Dependency <Task(_PythonDecoratedOperator): prepare_email>, send_email already registered for DAG: example_dag_decorator
[2023-03-12T13:15:36.426+0000] {logging_mixin.py:137} INFO - [2023-03-12T13:15:36.426+0000] {taskmixin.py:205} WARNING - Dependency <Task(EmailOperator): send_email>, prepare_email already registered for DAG: example_dag_decorator
[2023-03-12T13:15:36.437+0000] {processor.py:753} INFO - DAG(s) dict_keys(['example_dag_decorator']) retrieved from /home/airflow/.local/lib/python3.7/site-packages/airflow/example_dags/example_dag_decorator.py
[2023-03-12T13:15:36.505+0000] {logging_mixin.py:137} INFO - [2023-03-12T13:15:36.505+0000] {dag.py:2690} INFO - Sync 1 DAGs
[2023-03-12T13:15:36.529+0000] {logging_mixin.py:137} INFO - [2023-03-12T13:15:36.529+0000] {dag.py:3441} INFO - Setting next_dagrun for example_dag_decorator to None, run_after=None
[2023-03-12T13:15:36.552+0000] {processor.py:175} INFO - Processing /home/airflow/.local/lib/python3.7/site-packages/airflow/example_dags/example_dag_decorator.py took 0.148 seconds
[2023-03-12T13:16:13.602+0000] {processor.py:153} INFO - Started process (PID=75) to work on /home/airflow/.local/lib/python3.7/site-packages/airflow/example_dags/example_dag_decorator.py
[2023-03-12T13:16:13.603+0000] {processor.py:743} INFO - Processing file /home/airflow/.local/lib/python3.7/site-packages/airflow/example_dags/example_dag_decorator.py for tasks to queue
[2023-03-12T13:16:13.604+0000] {logging_mixin.py:137} INFO - [2023-03-12T13:16:13.604+0000] {dagbag.py:538} INFO - Filling up the DagBag from /home/airflow/.local/lib/python3.7/site-packages/airflow/example_dags/example_dag_decorator.py
[2023-03-12T13:16:13.623+0000] {logging_mixin.py:137} INFO - [2023-03-12T13:16:13.623+0000] {taskmixin.py:205} WARNING - Dependency <Task(_PythonDecoratedOperator): prepare_email>, send_email already registered for DAG: example_dag_decorator
[2023-03-12T13:16:13.624+0000] {logging_mixin.py:137} INFO - [2023-03-12T13:16:13.624+0000] {taskmixin.py:205} WARNING - Dependency <Task(EmailOperator): send_email>, prepare_email already registered for DAG: example_dag_decorator
[2023-03-12T13:16:13.636+0000] {processor.py:753} INFO - DAG(s) dict_keys(['example_dag_decorator']) retrieved from /home/airflow/.local/lib/python3.7/site-packages/airflow/example_dags/example_dag_decorator.py
[2023-03-12T13:16:13.649+0000] {logging_mixin.py:137} INFO - [2023-03-12T13:16:13.649+0000] {dag.py:2690} INFO - Sync 1 DAGs
[2023-03-12T13:16:13.680+0000] {logging_mixin.py:137} INFO - [2023-03-12T13:16:13.680+0000] {dag.py:3441} INFO - Setting next_dagrun for example_dag_decorator to None, run_after=None
[2023-03-12T13:16:13.699+0000] {processor.py:175} INFO - Processing /home/airflow/.local/lib/python3.7/site-packages/airflow/example_dags/example_dag_decorator.py took 0.100 seconds
[2023-03-12T13:16:44.407+0000] {processor.py:153} INFO - Started process (PID=190) to work on /home/airflow/.local/lib/python3.7/site-packages/airflow/example_dags/example_dag_decorator.py
[2023-03-12T13:16:44.408+0000] {processor.py:743} INFO - Processing file /home/airflow/.local/lib/python3.7/site-packages/airflow/example_dags/example_dag_decorator.py for tasks to queue
[2023-03-12T13:16:44.409+0000] {logging_mixin.py:137} INFO - [2023-03-12T13:16:44.409+0000] {dagbag.py:538} INFO - Filling up the DagBag from /home/airflow/.local/lib/python3.7/site-packages/airflow/example_dags/example_dag_decorator.py
[2023-03-12T13:16:44.426+0000] {logging_mixin.py:137} INFO - [2023-03-12T13:16:44.425+0000] {taskmixin.py:205} WARNING - Dependency <Task(_PythonDecoratedOperator): prepare_email>, send_email already registered for DAG: example_dag_decorator
[2023-03-12T13:16:44.426+0000] {logging_mixin.py:137} INFO - [2023-03-12T13:16:44.426+0000] {taskmixin.py:205} WARNING - Dependency <Task(EmailOperator): send_email>, prepare_email already registered for DAG: example_dag_decorator
[2023-03-12T13:16:44.437+0000] {processor.py:753} INFO - DAG(s) dict_keys(['example_dag_decorator']) retrieved from /home/airflow/.local/lib/python3.7/site-packages/airflow/example_dags/example_dag_decorator.py
[2023-03-12T13:16:44.520+0000] {logging_mixin.py:137} INFO - [2023-03-12T13:16:44.520+0000] {dag.py:2690} INFO - Sync 1 DAGs
[2023-03-12T13:16:44.547+0000] {logging_mixin.py:137} INFO - [2023-03-12T13:16:44.547+0000] {dag.py:3441} INFO - Setting next_dagrun for example_dag_decorator to None, run_after=None
[2023-03-12T13:16:44.569+0000] {processor.py:175} INFO - Processing /home/airflow/.local/lib/python3.7/site-packages/airflow/example_dags/example_dag_decorator.py took 0.164 seconds
[2023-03-12T13:17:15.729+0000] {processor.py:153} INFO - Started process (PID=285) to work on /home/airflow/.local/lib/python3.7/site-packages/airflow/example_dags/example_dag_decorator.py
[2023-03-12T13:17:15.730+0000] {processor.py:743} INFO - Processing file /home/airflow/.local/lib/python3.7/site-packages/airflow/example_dags/example_dag_decorator.py for tasks to queue
[2023-03-12T13:17:15.731+0000] {logging_mixin.py:137} INFO - [2023-03-12T13:17:15.731+0000] {dagbag.py:538} INFO - Filling up the DagBag from /home/airflow/.local/lib/python3.7/site-packages/airflow/example_dags/example_dag_decorator.py
[2023-03-12T13:17:15.754+0000] {logging_mixin.py:137} INFO - [2023-03-12T13:17:15.753+0000] {taskmixin.py:205} WARNING - Dependency <Task(_PythonDecoratedOperator): prepare_email>, send_email already registered for DAG: example_dag_decorator
[2023-03-12T13:17:15.754+0000] {logging_mixin.py:137} INFO - [2023-03-12T13:17:15.754+0000] {taskmixin.py:205} WARNING - Dependency <Task(EmailOperator): send_email>, prepare_email already registered for DAG: example_dag_decorator
[2023-03-12T13:17:15.767+0000] {processor.py:753} INFO - DAG(s) dict_keys(['example_dag_decorator']) retrieved from /home/airflow/.local/lib/python3.7/site-packages/airflow/example_dags/example_dag_decorator.py
[2023-03-12T13:17:15.846+0000] {logging_mixin.py:137} INFO - [2023-03-12T13:17:15.845+0000] {dag.py:2690} INFO - Sync 1 DAGs
[2023-03-12T13:17:15.875+0000] {logging_mixin.py:137} INFO - [2023-03-12T13:17:15.875+0000] {dag.py:3441} INFO - Setting next_dagrun for example_dag_decorator to None, run_after=None
[2023-03-12T13:17:15.896+0000] {processor.py:175} INFO - Processing /home/airflow/.local/lib/python3.7/site-packages/airflow/example_dags/example_dag_decorator.py took 0.169 seconds
[2023-03-12T13:17:46.095+0000] {processor.py:153} INFO - Started process (PID=400) to work on /home/airflow/.local/lib/python3.7/site-packages/airflow/example_dags/example_dag_decorator.py
[2023-03-12T13:17:46.096+0000] {processor.py:743} INFO - Processing file /home/airflow/.local/lib/python3.7/site-packages/airflow/example_dags/example_dag_decorator.py for tasks to queue
[2023-03-12T13:17:46.096+0000] {logging_mixin.py:137} INFO - [2023-03-12T13:17:46.096+0000] {dagbag.py:538} INFO - Filling up the DagBag from /home/airflow/.local/lib/python3.7/site-packages/airflow/example_dags/example_dag_decorator.py
[2023-03-12T13:17:46.115+0000] {logging_mixin.py:137} INFO - [2023-03-12T13:17:46.114+0000] {taskmixin.py:205} WARNING - Dependency <Task(_PythonDecoratedOperator): prepare_email>, send_email already registered for DAG: example_dag_decorator
[2023-03-12T13:17:46.115+0000] {logging_mixin.py:137} INFO - [2023-03-12T13:17:46.115+0000] {taskmixin.py:205} WARNING - Dependency <Task(EmailOperator): send_email>, prepare_email already registered for DAG: example_dag_decorator
[2023-03-12T13:17:46.128+0000] {processor.py:753} INFO - DAG(s) dict_keys(['example_dag_decorator']) retrieved from /home/airflow/.local/lib/python3.7/site-packages/airflow/example_dags/example_dag_decorator.py
[2023-03-12T13:17:46.203+0000] {logging_mixin.py:137} INFO - [2023-03-12T13:17:46.203+0000] {dag.py:2690} INFO - Sync 1 DAGs
[2023-03-12T13:17:46.227+0000] {logging_mixin.py:137} INFO - [2023-03-12T13:17:46.227+0000] {dag.py:3441} INFO - Setting next_dagrun for example_dag_decorator to None, run_after=None
[2023-03-12T13:17:46.245+0000] {processor.py:175} INFO - Processing /home/airflow/.local/lib/python3.7/site-packages/airflow/example_dags/example_dag_decorator.py took 0.153 seconds
[2023-03-12T13:18:16.445+0000] {processor.py:153} INFO - Started process (PID=498) to work on /home/airflow/.local/lib/python3.7/site-packages/airflow/example_dags/example_dag_decorator.py
[2023-03-12T13:18:16.445+0000] {processor.py:743} INFO - Processing file /home/airflow/.local/lib/python3.7/site-packages/airflow/example_dags/example_dag_decorator.py for tasks to queue
[2023-03-12T13:18:16.446+0000] {logging_mixin.py:137} INFO - [2023-03-12T13:18:16.446+0000] {dagbag.py:538} INFO - Filling up the DagBag from /home/airflow/.local/lib/python3.7/site-packages/airflow/example_dags/example_dag_decorator.py
[2023-03-12T13:18:16.472+0000] {logging_mixin.py:137} INFO - [2023-03-12T13:18:16.472+0000] {taskmixin.py:205} WARNING - Dependency <Task(_PythonDecoratedOperator): prepare_email>, send_email already registered for DAG: example_dag_decorator
[2023-03-12T13:18:16.472+0000] {logging_mixin.py:137} INFO - [2023-03-12T13:18:16.472+0000] {taskmixin.py:205} WARNING - Dependency <Task(EmailOperator): send_email>, prepare_email already registered for DAG: example_dag_decorator
[2023-03-12T13:18:16.487+0000] {processor.py:753} INFO - DAG(s) dict_keys(['example_dag_decorator']) retrieved from /home/airflow/.local/lib/python3.7/site-packages/airflow/example_dags/example_dag_decorator.py
[2023-03-12T13:18:16.567+0000] {logging_mixin.py:137} INFO - [2023-03-12T13:18:16.567+0000] {dag.py:2690} INFO - Sync 1 DAGs
[2023-03-12T13:18:16.593+0000] {logging_mixin.py:137} INFO - [2023-03-12T13:18:16.593+0000] {dag.py:3441} INFO - Setting next_dagrun for example_dag_decorator to None, run_after=None
[2023-03-12T13:18:16.613+0000] {processor.py:175} INFO - Processing /home/airflow/.local/lib/python3.7/site-packages/airflow/example_dags/example_dag_decorator.py took 0.171 seconds
[2023-03-12T13:18:47.357+0000] {processor.py:153} INFO - Started process (PID=597) to work on /home/airflow/.local/lib/python3.7/site-packages/airflow/example_dags/example_dag_decorator.py
[2023-03-12T13:18:47.358+0000] {processor.py:743} INFO - Processing file /home/airflow/.local/lib/python3.7/site-packages/airflow/example_dags/example_dag_decorator.py for tasks to queue
[2023-03-12T13:18:47.359+0000] {logging_mixin.py:137} INFO - [2023-03-12T13:18:47.359+0000] {dagbag.py:538} INFO - Filling up the DagBag from /home/airflow/.local/lib/python3.7/site-packages/airflow/example_dags/example_dag_decorator.py
[2023-03-12T13:18:47.377+0000] {logging_mixin.py:137} INFO - [2023-03-12T13:18:47.377+0000] {taskmixin.py:205} WARNING - Dependency <Task(_PythonDecoratedOperator): prepare_email>, send_email already registered for DAG: example_dag_decorator
[2023-03-12T13:18:47.378+0000] {logging_mixin.py:137} INFO - [2023-03-12T13:18:47.377+0000] {taskmixin.py:205} WARNING - Dependency <Task(EmailOperator): send_email>, prepare_email already registered for DAG: example_dag_decorator
[2023-03-12T13:18:47.388+0000] {processor.py:753} INFO - DAG(s) dict_keys(['example_dag_decorator']) retrieved from /home/airflow/.local/lib/python3.7/site-packages/airflow/example_dags/example_dag_decorator.py
[2023-03-12T13:18:47.458+0000] {logging_mixin.py:137} INFO - [2023-03-12T13:18:47.458+0000] {dag.py:2690} INFO - Sync 1 DAGs
[2023-03-12T13:18:47.484+0000] {logging_mixin.py:137} INFO - [2023-03-12T13:18:47.484+0000] {dag.py:3441} INFO - Setting next_dagrun for example_dag_decorator to None, run_after=None
[2023-03-12T13:18:47.502+0000] {processor.py:175} INFO - Processing /home/airflow/.local/lib/python3.7/site-packages/airflow/example_dags/example_dag_decorator.py took 0.152 seconds
[2023-03-12T13:19:17.668+0000] {processor.py:153} INFO - Started process (PID=707) to work on /home/airflow/.local/lib/python3.7/site-packages/airflow/example_dags/example_dag_decorator.py
[2023-03-12T13:19:17.669+0000] {processor.py:743} INFO - Processing file /home/airflow/.local/lib/python3.7/site-packages/airflow/example_dags/example_dag_decorator.py for tasks to queue
[2023-03-12T13:19:17.670+0000] {logging_mixin.py:137} INFO - [2023-03-12T13:19:17.670+0000] {dagbag.py:538} INFO - Filling up the DagBag from /home/airflow/.local/lib/python3.7/site-packages/airflow/example_dags/example_dag_decorator.py
[2023-03-12T13:19:17.686+0000] {logging_mixin.py:137} INFO - [2023-03-12T13:19:17.686+0000] {taskmixin.py:205} WARNING - Dependency <Task(_PythonDecoratedOperator): prepare_email>, send_email already registered for DAG: example_dag_decorator
[2023-03-12T13:19:17.686+0000] {logging_mixin.py:137} INFO - [2023-03-12T13:19:17.686+0000] {taskmixin.py:205} WARNING - Dependency <Task(EmailOperator): send_email>, prepare_email already registered for DAG: example_dag_decorator
[2023-03-12T13:19:17.697+0000] {processor.py:753} INFO - DAG(s) dict_keys(['example_dag_decorator']) retrieved from /home/airflow/.local/lib/python3.7/site-packages/airflow/example_dags/example_dag_decorator.py
[2023-03-12T13:19:17.779+0000] {logging_mixin.py:137} INFO - [2023-03-12T13:19:17.779+0000] {dag.py:2690} INFO - Sync 1 DAGs
[2023-03-12T13:19:17.813+0000] {logging_mixin.py:137} INFO - [2023-03-12T13:19:17.813+0000] {dag.py:3441} INFO - Setting next_dagrun for example_dag_decorator to None, run_after=None
[2023-03-12T13:19:17.841+0000] {processor.py:175} INFO - Processing /home/airflow/.local/lib/python3.7/site-packages/airflow/example_dags/example_dag_decorator.py took 0.176 seconds
