[2023-03-12T12:43:37.266+0000] {processor.py:153} INFO - Started process (PID=77) to work on /home/airflow/.local/lib/python3.7/site-packages/airflow/example_dags/example_branch_operator.py
[2023-03-12T12:43:37.266+0000] {processor.py:743} INFO - Processing file /home/airflow/.local/lib/python3.7/site-packages/airflow/example_dags/example_branch_operator.py for tasks to queue
[2023-03-12T12:43:37.267+0000] {logging_mixin.py:137} INFO - [2023-03-12T12:43:37.267+0000] {dagbag.py:538} INFO - Filling up the DagBag from /home/airflow/.local/lib/python3.7/site-packages/airflow/example_dags/example_branch_operator.py
[2023-03-12T12:43:37.287+0000] {processor.py:753} INFO - DAG(s) dict_keys(['example_branch_operator']) retrieved from /home/airflow/.local/lib/python3.7/site-packages/airflow/example_dags/example_branch_operator.py
[2023-03-12T12:43:37.300+0000] {logging_mixin.py:137} INFO - [2023-03-12T12:43:37.300+0000] {dag.py:2690} INFO - Sync 1 DAGs
[2023-03-12T12:43:37.337+0000] {logging_mixin.py:137} INFO - [2023-03-12T12:43:37.337+0000] {dag.py:3441} INFO - Setting next_dagrun for example_branch_operator to 2023-03-11T00:00:00+00:00, run_after=2023-03-12T00:00:00+00:00
[2023-03-12T12:43:37.366+0000] {processor.py:175} INFO - Processing /home/airflow/.local/lib/python3.7/site-packages/airflow/example_dags/example_branch_operator.py took 0.103 seconds
[2023-03-12T12:44:07.564+0000] {processor.py:153} INFO - Started process (PID=180) to work on /home/airflow/.local/lib/python3.7/site-packages/airflow/example_dags/example_branch_operator.py
[2023-03-12T12:44:07.565+0000] {processor.py:743} INFO - Processing file /home/airflow/.local/lib/python3.7/site-packages/airflow/example_dags/example_branch_operator.py for tasks to queue
[2023-03-12T12:44:07.566+0000] {logging_mixin.py:137} INFO - [2023-03-12T12:44:07.566+0000] {dagbag.py:538} INFO - Filling up the DagBag from /home/airflow/.local/lib/python3.7/site-packages/airflow/example_dags/example_branch_operator.py
[2023-03-12T12:44:07.582+0000] {processor.py:753} INFO - DAG(s) dict_keys(['example_branch_operator']) retrieved from /home/airflow/.local/lib/python3.7/site-packages/airflow/example_dags/example_branch_operator.py
[2023-03-12T12:44:07.607+0000] {logging_mixin.py:137} INFO - [2023-03-12T12:44:07.607+0000] {dag.py:2690} INFO - Sync 1 DAGs
[2023-03-12T12:44:07.635+0000] {logging_mixin.py:137} INFO - [2023-03-12T12:44:07.635+0000] {dag.py:3441} INFO - Setting next_dagrun for example_branch_operator to 2023-03-11T00:00:00+00:00, run_after=2023-03-12T00:00:00+00:00
[2023-03-12T12:44:07.655+0000] {processor.py:175} INFO - Processing /home/airflow/.local/lib/python3.7/site-packages/airflow/example_dags/example_branch_operator.py took 0.094 seconds
[2023-03-12T12:44:38.269+0000] {processor.py:153} INFO - Started process (PID=268) to work on /home/airflow/.local/lib/python3.7/site-packages/airflow/example_dags/example_branch_operator.py
[2023-03-12T12:44:38.270+0000] {processor.py:743} INFO - Processing file /home/airflow/.local/lib/python3.7/site-packages/airflow/example_dags/example_branch_operator.py for tasks to queue
[2023-03-12T12:44:38.271+0000] {logging_mixin.py:137} INFO - [2023-03-12T12:44:38.271+0000] {dagbag.py:538} INFO - Filling up the DagBag from /home/airflow/.local/lib/python3.7/site-packages/airflow/example_dags/example_branch_operator.py
[2023-03-12T12:44:38.289+0000] {processor.py:753} INFO - DAG(s) dict_keys(['example_branch_operator']) retrieved from /home/airflow/.local/lib/python3.7/site-packages/airflow/example_dags/example_branch_operator.py
[2023-03-12T12:44:38.315+0000] {logging_mixin.py:137} INFO - [2023-03-12T12:44:38.315+0000] {dag.py:2690} INFO - Sync 1 DAGs
[2023-03-12T12:44:38.343+0000] {logging_mixin.py:137} INFO - [2023-03-12T12:44:38.343+0000] {dag.py:3441} INFO - Setting next_dagrun for example_branch_operator to 2023-03-11T00:00:00+00:00, run_after=2023-03-12T00:00:00+00:00
[2023-03-12T12:44:38.364+0000] {processor.py:175} INFO - Processing /home/airflow/.local/lib/python3.7/site-packages/airflow/example_dags/example_branch_operator.py took 0.098 seconds
[2023-03-12T12:45:09.204+0000] {processor.py:153} INFO - Started process (PID=380) to work on /home/airflow/.local/lib/python3.7/site-packages/airflow/example_dags/example_branch_operator.py
[2023-03-12T12:45:09.205+0000] {processor.py:743} INFO - Processing file /home/airflow/.local/lib/python3.7/site-packages/airflow/example_dags/example_branch_operator.py for tasks to queue
[2023-03-12T12:45:09.205+0000] {logging_mixin.py:137} INFO - [2023-03-12T12:45:09.205+0000] {dagbag.py:538} INFO - Filling up the DagBag from /home/airflow/.local/lib/python3.7/site-packages/airflow/example_dags/example_branch_operator.py
[2023-03-12T12:45:09.222+0000] {processor.py:753} INFO - DAG(s) dict_keys(['example_branch_operator']) retrieved from /home/airflow/.local/lib/python3.7/site-packages/airflow/example_dags/example_branch_operator.py
[2023-03-12T12:45:09.252+0000] {logging_mixin.py:137} INFO - [2023-03-12T12:45:09.252+0000] {dag.py:2690} INFO - Sync 1 DAGs
[2023-03-12T12:45:09.280+0000] {logging_mixin.py:137} INFO - [2023-03-12T12:45:09.280+0000] {dag.py:3441} INFO - Setting next_dagrun for example_branch_operator to 2023-03-11T00:00:00+00:00, run_after=2023-03-12T00:00:00+00:00
[2023-03-12T12:45:09.300+0000] {processor.py:175} INFO - Processing /home/airflow/.local/lib/python3.7/site-packages/airflow/example_dags/example_branch_operator.py took 0.099 seconds
[2023-03-12T12:45:39.931+0000] {processor.py:153} INFO - Started process (PID=468) to work on /home/airflow/.local/lib/python3.7/site-packages/airflow/example_dags/example_branch_operator.py
[2023-03-12T12:45:39.932+0000] {processor.py:743} INFO - Processing file /home/airflow/.local/lib/python3.7/site-packages/airflow/example_dags/example_branch_operator.py for tasks to queue
[2023-03-12T12:45:39.933+0000] {logging_mixin.py:137} INFO - [2023-03-12T12:45:39.933+0000] {dagbag.py:538} INFO - Filling up the DagBag from /home/airflow/.local/lib/python3.7/site-packages/airflow/example_dags/example_branch_operator.py
[2023-03-12T12:45:39.950+0000] {processor.py:753} INFO - DAG(s) dict_keys(['example_branch_operator']) retrieved from /home/airflow/.local/lib/python3.7/site-packages/airflow/example_dags/example_branch_operator.py
[2023-03-12T12:45:39.976+0000] {logging_mixin.py:137} INFO - [2023-03-12T12:45:39.976+0000] {dag.py:2690} INFO - Sync 1 DAGs
[2023-03-12T12:45:40.004+0000] {logging_mixin.py:137} INFO - [2023-03-12T12:45:40.004+0000] {dag.py:3441} INFO - Setting next_dagrun for example_branch_operator to 2023-03-11T00:00:00+00:00, run_after=2023-03-12T00:00:00+00:00
[2023-03-12T12:45:40.022+0000] {processor.py:175} INFO - Processing /home/airflow/.local/lib/python3.7/site-packages/airflow/example_dags/example_branch_operator.py took 0.094 seconds
[2023-03-12T12:46:10.676+0000] {processor.py:153} INFO - Started process (PID=580) to work on /home/airflow/.local/lib/python3.7/site-packages/airflow/example_dags/example_branch_operator.py
[2023-03-12T12:46:10.677+0000] {processor.py:743} INFO - Processing file /home/airflow/.local/lib/python3.7/site-packages/airflow/example_dags/example_branch_operator.py for tasks to queue
[2023-03-12T12:46:10.677+0000] {logging_mixin.py:137} INFO - [2023-03-12T12:46:10.677+0000] {dagbag.py:538} INFO - Filling up the DagBag from /home/airflow/.local/lib/python3.7/site-packages/airflow/example_dags/example_branch_operator.py
[2023-03-12T12:46:10.693+0000] {processor.py:753} INFO - DAG(s) dict_keys(['example_branch_operator']) retrieved from /home/airflow/.local/lib/python3.7/site-packages/airflow/example_dags/example_branch_operator.py
[2023-03-12T12:46:10.718+0000] {logging_mixin.py:137} INFO - [2023-03-12T12:46:10.718+0000] {dag.py:2690} INFO - Sync 1 DAGs
[2023-03-12T12:46:10.747+0000] {logging_mixin.py:137} INFO - [2023-03-12T12:46:10.746+0000] {dag.py:3441} INFO - Setting next_dagrun for example_branch_operator to 2023-03-11T00:00:00+00:00, run_after=2023-03-12T00:00:00+00:00
[2023-03-12T12:46:10.768+0000] {processor.py:175} INFO - Processing /home/airflow/.local/lib/python3.7/site-packages/airflow/example_dags/example_branch_operator.py took 0.095 seconds
[2023-03-12T12:54:39.986+0000] {processor.py:153} INFO - Started process (PID=94) to work on /home/airflow/.local/lib/python3.7/site-packages/airflow/example_dags/example_branch_operator.py
[2023-03-12T12:54:39.987+0000] {processor.py:743} INFO - Processing file /home/airflow/.local/lib/python3.7/site-packages/airflow/example_dags/example_branch_operator.py for tasks to queue
[2023-03-12T12:54:39.988+0000] {logging_mixin.py:137} INFO - [2023-03-12T12:54:39.988+0000] {dagbag.py:538} INFO - Filling up the DagBag from /home/airflow/.local/lib/python3.7/site-packages/airflow/example_dags/example_branch_operator.py
[2023-03-12T12:54:40.008+0000] {processor.py:753} INFO - DAG(s) dict_keys(['example_branch_operator']) retrieved from /home/airflow/.local/lib/python3.7/site-packages/airflow/example_dags/example_branch_operator.py
[2023-03-12T12:54:40.020+0000] {logging_mixin.py:137} INFO - [2023-03-12T12:54:40.020+0000] {dag.py:2690} INFO - Sync 1 DAGs
[2023-03-12T12:54:40.056+0000] {logging_mixin.py:137} INFO - [2023-03-12T12:54:40.050+0000] {dag.py:3441} INFO - Setting next_dagrun for example_branch_operator to 2023-03-11T00:00:00+00:00, run_after=2023-03-12T00:00:00+00:00
[2023-03-12T12:54:40.095+0000] {processor.py:175} INFO - Processing /home/airflow/.local/lib/python3.7/site-packages/airflow/example_dags/example_branch_operator.py took 0.112 seconds
[2023-03-12T12:55:11.061+0000] {processor.py:153} INFO - Started process (PID=184) to work on /home/airflow/.local/lib/python3.7/site-packages/airflow/example_dags/example_branch_operator.py
[2023-03-12T12:55:11.062+0000] {processor.py:743} INFO - Processing file /home/airflow/.local/lib/python3.7/site-packages/airflow/example_dags/example_branch_operator.py for tasks to queue
[2023-03-12T12:55:11.063+0000] {logging_mixin.py:137} INFO - [2023-03-12T12:55:11.063+0000] {dagbag.py:538} INFO - Filling up the DagBag from /home/airflow/.local/lib/python3.7/site-packages/airflow/example_dags/example_branch_operator.py
[2023-03-12T12:55:11.079+0000] {processor.py:753} INFO - DAG(s) dict_keys(['example_branch_operator']) retrieved from /home/airflow/.local/lib/python3.7/site-packages/airflow/example_dags/example_branch_operator.py
[2023-03-12T12:55:11.104+0000] {logging_mixin.py:137} INFO - [2023-03-12T12:55:11.104+0000] {dag.py:2690} INFO - Sync 1 DAGs
[2023-03-12T12:55:11.133+0000] {logging_mixin.py:137} INFO - [2023-03-12T12:55:11.133+0000] {dag.py:3441} INFO - Setting next_dagrun for example_branch_operator to 2023-03-11T00:00:00+00:00, run_after=2023-03-12T00:00:00+00:00
[2023-03-12T12:55:11.155+0000] {processor.py:175} INFO - Processing /home/airflow/.local/lib/python3.7/site-packages/airflow/example_dags/example_branch_operator.py took 0.097 seconds
[2023-03-12T12:55:41.922+0000] {processor.py:153} INFO - Started process (PID=274) to work on /home/airflow/.local/lib/python3.7/site-packages/airflow/example_dags/example_branch_operator.py
[2023-03-12T12:55:41.923+0000] {processor.py:743} INFO - Processing file /home/airflow/.local/lib/python3.7/site-packages/airflow/example_dags/example_branch_operator.py for tasks to queue
[2023-03-12T12:55:41.923+0000] {logging_mixin.py:137} INFO - [2023-03-12T12:55:41.923+0000] {dagbag.py:538} INFO - Filling up the DagBag from /home/airflow/.local/lib/python3.7/site-packages/airflow/example_dags/example_branch_operator.py
[2023-03-12T12:55:41.938+0000] {processor.py:753} INFO - DAG(s) dict_keys(['example_branch_operator']) retrieved from /home/airflow/.local/lib/python3.7/site-packages/airflow/example_dags/example_branch_operator.py
[2023-03-12T12:55:41.973+0000] {logging_mixin.py:137} INFO - [2023-03-12T12:55:41.973+0000] {dag.py:2690} INFO - Sync 1 DAGs
[2023-03-12T12:55:42.001+0000] {logging_mixin.py:137} INFO - [2023-03-12T12:55:42.001+0000] {dag.py:3441} INFO - Setting next_dagrun for example_branch_operator to 2023-03-11T00:00:00+00:00, run_after=2023-03-12T00:00:00+00:00
[2023-03-12T12:55:42.019+0000] {processor.py:175} INFO - Processing /home/airflow/.local/lib/python3.7/site-packages/airflow/example_dags/example_branch_operator.py took 0.100 seconds
[2023-03-12T12:56:12.061+0000] {processor.py:153} INFO - Started process (PID=388) to work on /home/airflow/.local/lib/python3.7/site-packages/airflow/example_dags/example_branch_operator.py
[2023-03-12T12:56:12.062+0000] {processor.py:743} INFO - Processing file /home/airflow/.local/lib/python3.7/site-packages/airflow/example_dags/example_branch_operator.py for tasks to queue
[2023-03-12T12:56:12.062+0000] {logging_mixin.py:137} INFO - [2023-03-12T12:56:12.062+0000] {dagbag.py:538} INFO - Filling up the DagBag from /home/airflow/.local/lib/python3.7/site-packages/airflow/example_dags/example_branch_operator.py
[2023-03-12T12:56:12.079+0000] {processor.py:753} INFO - DAG(s) dict_keys(['example_branch_operator']) retrieved from /home/airflow/.local/lib/python3.7/site-packages/airflow/example_dags/example_branch_operator.py
[2023-03-12T12:56:12.108+0000] {logging_mixin.py:137} INFO - [2023-03-12T12:56:12.108+0000] {dag.py:2690} INFO - Sync 1 DAGs
[2023-03-12T12:56:12.137+0000] {logging_mixin.py:137} INFO - [2023-03-12T12:56:12.137+0000] {dag.py:3441} INFO - Setting next_dagrun for example_branch_operator to 2023-03-11T00:00:00+00:00, run_after=2023-03-12T00:00:00+00:00
[2023-03-12T12:56:12.158+0000] {processor.py:175} INFO - Processing /home/airflow/.local/lib/python3.7/site-packages/airflow/example_dags/example_branch_operator.py took 0.100 seconds
[2023-03-12T12:56:42.223+0000] {processor.py:153} INFO - Started process (PID=478) to work on /home/airflow/.local/lib/python3.7/site-packages/airflow/example_dags/example_branch_operator.py
[2023-03-12T12:56:42.224+0000] {processor.py:743} INFO - Processing file /home/airflow/.local/lib/python3.7/site-packages/airflow/example_dags/example_branch_operator.py for tasks to queue
[2023-03-12T12:56:42.224+0000] {logging_mixin.py:137} INFO - [2023-03-12T12:56:42.224+0000] {dagbag.py:538} INFO - Filling up the DagBag from /home/airflow/.local/lib/python3.7/site-packages/airflow/example_dags/example_branch_operator.py
[2023-03-12T12:56:42.242+0000] {processor.py:753} INFO - DAG(s) dict_keys(['example_branch_operator']) retrieved from /home/airflow/.local/lib/python3.7/site-packages/airflow/example_dags/example_branch_operator.py
[2023-03-12T12:56:42.272+0000] {logging_mixin.py:137} INFO - [2023-03-12T12:56:42.272+0000] {dag.py:2690} INFO - Sync 1 DAGs
[2023-03-12T12:56:42.300+0000] {logging_mixin.py:137} INFO - [2023-03-12T12:56:42.300+0000] {dag.py:3441} INFO - Setting next_dagrun for example_branch_operator to 2023-03-11T00:00:00+00:00, run_after=2023-03-12T00:00:00+00:00
[2023-03-12T12:56:42.321+0000] {processor.py:175} INFO - Processing /home/airflow/.local/lib/python3.7/site-packages/airflow/example_dags/example_branch_operator.py took 0.101 seconds
[2023-03-12T12:57:13.102+0000] {processor.py:153} INFO - Started process (PID=592) to work on /home/airflow/.local/lib/python3.7/site-packages/airflow/example_dags/example_branch_operator.py
[2023-03-12T12:57:13.103+0000] {processor.py:743} INFO - Processing file /home/airflow/.local/lib/python3.7/site-packages/airflow/example_dags/example_branch_operator.py for tasks to queue
[2023-03-12T12:57:13.103+0000] {logging_mixin.py:137} INFO - [2023-03-12T12:57:13.103+0000] {dagbag.py:538} INFO - Filling up the DagBag from /home/airflow/.local/lib/python3.7/site-packages/airflow/example_dags/example_branch_operator.py
[2023-03-12T12:57:13.120+0000] {processor.py:753} INFO - DAG(s) dict_keys(['example_branch_operator']) retrieved from /home/airflow/.local/lib/python3.7/site-packages/airflow/example_dags/example_branch_operator.py
[2023-03-12T12:57:13.145+0000] {logging_mixin.py:137} INFO - [2023-03-12T12:57:13.145+0000] {dag.py:2690} INFO - Sync 1 DAGs
[2023-03-12T12:57:13.173+0000] {logging_mixin.py:137} INFO - [2023-03-12T12:57:13.173+0000] {dag.py:3441} INFO - Setting next_dagrun for example_branch_operator to 2023-03-11T00:00:00+00:00, run_after=2023-03-12T00:00:00+00:00
[2023-03-12T12:57:13.191+0000] {processor.py:175} INFO - Processing /home/airflow/.local/lib/python3.7/site-packages/airflow/example_dags/example_branch_operator.py took 0.091 seconds
[2023-03-12T12:57:43.746+0000] {processor.py:153} INFO - Started process (PID=682) to work on /home/airflow/.local/lib/python3.7/site-packages/airflow/example_dags/example_branch_operator.py
[2023-03-12T12:57:43.747+0000] {processor.py:743} INFO - Processing file /home/airflow/.local/lib/python3.7/site-packages/airflow/example_dags/example_branch_operator.py for tasks to queue
[2023-03-12T12:57:43.748+0000] {logging_mixin.py:137} INFO - [2023-03-12T12:57:43.748+0000] {dagbag.py:538} INFO - Filling up the DagBag from /home/airflow/.local/lib/python3.7/site-packages/airflow/example_dags/example_branch_operator.py
[2023-03-12T12:57:43.768+0000] {processor.py:753} INFO - DAG(s) dict_keys(['example_branch_operator']) retrieved from /home/airflow/.local/lib/python3.7/site-packages/airflow/example_dags/example_branch_operator.py
[2023-03-12T12:57:43.794+0000] {logging_mixin.py:137} INFO - [2023-03-12T12:57:43.793+0000] {dag.py:2690} INFO - Sync 1 DAGs
[2023-03-12T12:57:43.820+0000] {logging_mixin.py:137} INFO - [2023-03-12T12:57:43.820+0000] {dag.py:3441} INFO - Setting next_dagrun for example_branch_operator to 2023-03-11T00:00:00+00:00, run_after=2023-03-12T00:00:00+00:00
[2023-03-12T12:57:43.837+0000] {processor.py:175} INFO - Processing /home/airflow/.local/lib/python3.7/site-packages/airflow/example_dags/example_branch_operator.py took 0.093 seconds
[2023-03-12T12:58:14.651+0000] {processor.py:153} INFO - Started process (PID=796) to work on /home/airflow/.local/lib/python3.7/site-packages/airflow/example_dags/example_branch_operator.py
[2023-03-12T12:58:14.652+0000] {processor.py:743} INFO - Processing file /home/airflow/.local/lib/python3.7/site-packages/airflow/example_dags/example_branch_operator.py for tasks to queue
[2023-03-12T12:58:14.652+0000] {logging_mixin.py:137} INFO - [2023-03-12T12:58:14.652+0000] {dagbag.py:538} INFO - Filling up the DagBag from /home/airflow/.local/lib/python3.7/site-packages/airflow/example_dags/example_branch_operator.py
[2023-03-12T12:58:14.669+0000] {processor.py:753} INFO - DAG(s) dict_keys(['example_branch_operator']) retrieved from /home/airflow/.local/lib/python3.7/site-packages/airflow/example_dags/example_branch_operator.py
[2023-03-12T12:58:14.695+0000] {logging_mixin.py:137} INFO - [2023-03-12T12:58:14.695+0000] {dag.py:2690} INFO - Sync 1 DAGs
[2023-03-12T12:58:14.724+0000] {logging_mixin.py:137} INFO - [2023-03-12T12:58:14.723+0000] {dag.py:3441} INFO - Setting next_dagrun for example_branch_operator to 2023-03-11T00:00:00+00:00, run_after=2023-03-12T00:00:00+00:00
[2023-03-12T12:58:14.742+0000] {processor.py:175} INFO - Processing /home/airflow/.local/lib/python3.7/site-packages/airflow/example_dags/example_branch_operator.py took 0.094 seconds
[2023-03-12T12:58:45.100+0000] {processor.py:153} INFO - Started process (PID=886) to work on /home/airflow/.local/lib/python3.7/site-packages/airflow/example_dags/example_branch_operator.py
[2023-03-12T12:58:45.101+0000] {processor.py:743} INFO - Processing file /home/airflow/.local/lib/python3.7/site-packages/airflow/example_dags/example_branch_operator.py for tasks to queue
[2023-03-12T12:58:45.102+0000] {logging_mixin.py:137} INFO - [2023-03-12T12:58:45.102+0000] {dagbag.py:538} INFO - Filling up the DagBag from /home/airflow/.local/lib/python3.7/site-packages/airflow/example_dags/example_branch_operator.py
[2023-03-12T12:58:45.119+0000] {processor.py:753} INFO - DAG(s) dict_keys(['example_branch_operator']) retrieved from /home/airflow/.local/lib/python3.7/site-packages/airflow/example_dags/example_branch_operator.py
[2023-03-12T12:58:45.145+0000] {logging_mixin.py:137} INFO - [2023-03-12T12:58:45.145+0000] {dag.py:2690} INFO - Sync 1 DAGs
[2023-03-12T12:58:45.175+0000] {logging_mixin.py:137} INFO - [2023-03-12T12:58:45.175+0000] {dag.py:3441} INFO - Setting next_dagrun for example_branch_operator to 2023-03-11T00:00:00+00:00, run_after=2023-03-12T00:00:00+00:00
[2023-03-12T12:58:45.199+0000] {processor.py:175} INFO - Processing /home/airflow/.local/lib/python3.7/site-packages/airflow/example_dags/example_branch_operator.py took 0.103 seconds
[2023-03-12T13:00:36.235+0000] {processor.py:153} INFO - Started process (PID=94) to work on /home/airflow/.local/lib/python3.7/site-packages/airflow/example_dags/example_branch_operator.py
[2023-03-12T13:00:36.236+0000] {processor.py:743} INFO - Processing file /home/airflow/.local/lib/python3.7/site-packages/airflow/example_dags/example_branch_operator.py for tasks to queue
[2023-03-12T13:00:36.236+0000] {logging_mixin.py:137} INFO - [2023-03-12T13:00:36.236+0000] {dagbag.py:538} INFO - Filling up the DagBag from /home/airflow/.local/lib/python3.7/site-packages/airflow/example_dags/example_branch_operator.py
[2023-03-12T13:00:36.257+0000] {processor.py:753} INFO - DAG(s) dict_keys(['example_branch_operator']) retrieved from /home/airflow/.local/lib/python3.7/site-packages/airflow/example_dags/example_branch_operator.py
[2023-03-12T13:00:36.276+0000] {logging_mixin.py:137} INFO - [2023-03-12T13:00:36.275+0000] {dag.py:2690} INFO - Sync 1 DAGs
[2023-03-12T13:00:36.320+0000] {logging_mixin.py:137} INFO - [2023-03-12T13:00:36.320+0000] {dag.py:3441} INFO - Setting next_dagrun for example_branch_operator to 2023-03-11T00:00:00+00:00, run_after=2023-03-12T00:00:00+00:00
[2023-03-12T13:00:36.346+0000] {processor.py:175} INFO - Processing /home/airflow/.local/lib/python3.7/site-packages/airflow/example_dags/example_branch_operator.py took 0.114 seconds
[2023-03-12T13:01:07.014+0000] {processor.py:153} INFO - Started process (PID=184) to work on /home/airflow/.local/lib/python3.7/site-packages/airflow/example_dags/example_branch_operator.py
[2023-03-12T13:01:07.015+0000] {processor.py:743} INFO - Processing file /home/airflow/.local/lib/python3.7/site-packages/airflow/example_dags/example_branch_operator.py for tasks to queue
[2023-03-12T13:01:07.015+0000] {logging_mixin.py:137} INFO - [2023-03-12T13:01:07.015+0000] {dagbag.py:538} INFO - Filling up the DagBag from /home/airflow/.local/lib/python3.7/site-packages/airflow/example_dags/example_branch_operator.py
[2023-03-12T13:01:07.031+0000] {processor.py:753} INFO - DAG(s) dict_keys(['example_branch_operator']) retrieved from /home/airflow/.local/lib/python3.7/site-packages/airflow/example_dags/example_branch_operator.py
[2023-03-12T13:01:07.060+0000] {logging_mixin.py:137} INFO - [2023-03-12T13:01:07.060+0000] {dag.py:2690} INFO - Sync 1 DAGs
[2023-03-12T13:01:07.091+0000] {logging_mixin.py:137} INFO - [2023-03-12T13:01:07.091+0000] {dag.py:3441} INFO - Setting next_dagrun for example_branch_operator to 2023-03-11T00:00:00+00:00, run_after=2023-03-12T00:00:00+00:00
[2023-03-12T13:01:07.115+0000] {processor.py:175} INFO - Processing /home/airflow/.local/lib/python3.7/site-packages/airflow/example_dags/example_branch_operator.py took 0.104 seconds
[2023-03-12T13:01:37.972+0000] {processor.py:153} INFO - Started process (PID=274) to work on /home/airflow/.local/lib/python3.7/site-packages/airflow/example_dags/example_branch_operator.py
[2023-03-12T13:01:37.973+0000] {processor.py:743} INFO - Processing file /home/airflow/.local/lib/python3.7/site-packages/airflow/example_dags/example_branch_operator.py for tasks to queue
[2023-03-12T13:01:37.974+0000] {logging_mixin.py:137} INFO - [2023-03-12T13:01:37.974+0000] {dagbag.py:538} INFO - Filling up the DagBag from /home/airflow/.local/lib/python3.7/site-packages/airflow/example_dags/example_branch_operator.py
[2023-03-12T13:01:37.991+0000] {processor.py:753} INFO - DAG(s) dict_keys(['example_branch_operator']) retrieved from /home/airflow/.local/lib/python3.7/site-packages/airflow/example_dags/example_branch_operator.py
[2023-03-12T13:01:38.021+0000] {logging_mixin.py:137} INFO - [2023-03-12T13:01:38.020+0000] {dag.py:2690} INFO - Sync 1 DAGs
[2023-03-12T13:01:38.053+0000] {logging_mixin.py:137} INFO - [2023-03-12T13:01:38.053+0000] {dag.py:3441} INFO - Setting next_dagrun for example_branch_operator to 2023-03-11T00:00:00+00:00, run_after=2023-03-12T00:00:00+00:00
[2023-03-12T13:01:38.078+0000] {processor.py:175} INFO - Processing /home/airflow/.local/lib/python3.7/site-packages/airflow/example_dags/example_branch_operator.py took 0.108 seconds
[2023-03-12T13:02:08.392+0000] {processor.py:153} INFO - Started process (PID=388) to work on /home/airflow/.local/lib/python3.7/site-packages/airflow/example_dags/example_branch_operator.py
[2023-03-12T13:02:08.393+0000] {processor.py:743} INFO - Processing file /home/airflow/.local/lib/python3.7/site-packages/airflow/example_dags/example_branch_operator.py for tasks to queue
[2023-03-12T13:02:08.394+0000] {logging_mixin.py:137} INFO - [2023-03-12T13:02:08.394+0000] {dagbag.py:538} INFO - Filling up the DagBag from /home/airflow/.local/lib/python3.7/site-packages/airflow/example_dags/example_branch_operator.py
[2023-03-12T13:02:08.412+0000] {processor.py:753} INFO - DAG(s) dict_keys(['example_branch_operator']) retrieved from /home/airflow/.local/lib/python3.7/site-packages/airflow/example_dags/example_branch_operator.py
[2023-03-12T13:02:08.440+0000] {logging_mixin.py:137} INFO - [2023-03-12T13:02:08.440+0000] {dag.py:2690} INFO - Sync 1 DAGs
[2023-03-12T13:02:08.477+0000] {logging_mixin.py:137} INFO - [2023-03-12T13:02:08.476+0000] {dag.py:3441} INFO - Setting next_dagrun for example_branch_operator to 2023-03-11T00:00:00+00:00, run_after=2023-03-12T00:00:00+00:00
[2023-03-12T13:02:08.497+0000] {processor.py:175} INFO - Processing /home/airflow/.local/lib/python3.7/site-packages/airflow/example_dags/example_branch_operator.py took 0.108 seconds
[2023-03-12T13:02:39.305+0000] {processor.py:153} INFO - Started process (PID=478) to work on /home/airflow/.local/lib/python3.7/site-packages/airflow/example_dags/example_branch_operator.py
[2023-03-12T13:02:39.306+0000] {processor.py:743} INFO - Processing file /home/airflow/.local/lib/python3.7/site-packages/airflow/example_dags/example_branch_operator.py for tasks to queue
[2023-03-12T13:02:39.306+0000] {logging_mixin.py:137} INFO - [2023-03-12T13:02:39.306+0000] {dagbag.py:538} INFO - Filling up the DagBag from /home/airflow/.local/lib/python3.7/site-packages/airflow/example_dags/example_branch_operator.py
[2023-03-12T13:02:39.325+0000] {processor.py:753} INFO - DAG(s) dict_keys(['example_branch_operator']) retrieved from /home/airflow/.local/lib/python3.7/site-packages/airflow/example_dags/example_branch_operator.py
[2023-03-12T13:02:39.352+0000] {logging_mixin.py:137} INFO - [2023-03-12T13:02:39.352+0000] {dag.py:2690} INFO - Sync 1 DAGs
[2023-03-12T13:02:39.381+0000] {logging_mixin.py:137} INFO - [2023-03-12T13:02:39.381+0000] {dag.py:3441} INFO - Setting next_dagrun for example_branch_operator to 2023-03-11T00:00:00+00:00, run_after=2023-03-12T00:00:00+00:00
[2023-03-12T13:02:39.399+0000] {processor.py:175} INFO - Processing /home/airflow/.local/lib/python3.7/site-packages/airflow/example_dags/example_branch_operator.py took 0.096 seconds
[2023-03-12T13:03:10.124+0000] {processor.py:153} INFO - Started process (PID=592) to work on /home/airflow/.local/lib/python3.7/site-packages/airflow/example_dags/example_branch_operator.py
[2023-03-12T13:03:10.125+0000] {processor.py:743} INFO - Processing file /home/airflow/.local/lib/python3.7/site-packages/airflow/example_dags/example_branch_operator.py for tasks to queue
[2023-03-12T13:03:10.126+0000] {logging_mixin.py:137} INFO - [2023-03-12T13:03:10.125+0000] {dagbag.py:538} INFO - Filling up the DagBag from /home/airflow/.local/lib/python3.7/site-packages/airflow/example_dags/example_branch_operator.py
[2023-03-12T13:03:10.144+0000] {processor.py:753} INFO - DAG(s) dict_keys(['example_branch_operator']) retrieved from /home/airflow/.local/lib/python3.7/site-packages/airflow/example_dags/example_branch_operator.py
[2023-03-12T13:03:10.177+0000] {logging_mixin.py:137} INFO - [2023-03-12T13:03:10.177+0000] {dag.py:2690} INFO - Sync 1 DAGs
[2023-03-12T13:03:10.208+0000] {logging_mixin.py:137} INFO - [2023-03-12T13:03:10.208+0000] {dag.py:3441} INFO - Setting next_dagrun for example_branch_operator to 2023-03-11T00:00:00+00:00, run_after=2023-03-12T00:00:00+00:00
[2023-03-12T13:03:10.230+0000] {processor.py:175} INFO - Processing /home/airflow/.local/lib/python3.7/site-packages/airflow/example_dags/example_branch_operator.py took 0.108 seconds
[2023-03-12T13:03:41.063+0000] {processor.py:153} INFO - Started process (PID=682) to work on /home/airflow/.local/lib/python3.7/site-packages/airflow/example_dags/example_branch_operator.py
[2023-03-12T13:03:41.064+0000] {processor.py:743} INFO - Processing file /home/airflow/.local/lib/python3.7/site-packages/airflow/example_dags/example_branch_operator.py for tasks to queue
[2023-03-12T13:03:41.065+0000] {logging_mixin.py:137} INFO - [2023-03-12T13:03:41.065+0000] {dagbag.py:538} INFO - Filling up the DagBag from /home/airflow/.local/lib/python3.7/site-packages/airflow/example_dags/example_branch_operator.py
[2023-03-12T13:03:41.081+0000] {processor.py:753} INFO - DAG(s) dict_keys(['example_branch_operator']) retrieved from /home/airflow/.local/lib/python3.7/site-packages/airflow/example_dags/example_branch_operator.py
[2023-03-12T13:03:41.109+0000] {logging_mixin.py:137} INFO - [2023-03-12T13:03:41.109+0000] {dag.py:2690} INFO - Sync 1 DAGs
[2023-03-12T13:03:41.147+0000] {logging_mixin.py:137} INFO - [2023-03-12T13:03:41.147+0000] {dag.py:3441} INFO - Setting next_dagrun for example_branch_operator to 2023-03-11T00:00:00+00:00, run_after=2023-03-12T00:00:00+00:00
[2023-03-12T13:03:41.175+0000] {processor.py:175} INFO - Processing /home/airflow/.local/lib/python3.7/site-packages/airflow/example_dags/example_branch_operator.py took 0.115 seconds
[2023-03-12T13:04:11.724+0000] {processor.py:153} INFO - Started process (PID=772) to work on /home/airflow/.local/lib/python3.7/site-packages/airflow/example_dags/example_branch_operator.py
[2023-03-12T13:04:11.725+0000] {processor.py:743} INFO - Processing file /home/airflow/.local/lib/python3.7/site-packages/airflow/example_dags/example_branch_operator.py for tasks to queue
[2023-03-12T13:04:11.726+0000] {logging_mixin.py:137} INFO - [2023-03-12T13:04:11.725+0000] {dagbag.py:538} INFO - Filling up the DagBag from /home/airflow/.local/lib/python3.7/site-packages/airflow/example_dags/example_branch_operator.py
[2023-03-12T13:04:11.741+0000] {processor.py:753} INFO - DAG(s) dict_keys(['example_branch_operator']) retrieved from /home/airflow/.local/lib/python3.7/site-packages/airflow/example_dags/example_branch_operator.py
[2023-03-12T13:04:11.775+0000] {logging_mixin.py:137} INFO - [2023-03-12T13:04:11.775+0000] {dag.py:2690} INFO - Sync 1 DAGs
[2023-03-12T13:04:11.801+0000] {logging_mixin.py:137} INFO - [2023-03-12T13:04:11.801+0000] {dag.py:3441} INFO - Setting next_dagrun for example_branch_operator to 2023-03-11T00:00:00+00:00, run_after=2023-03-12T00:00:00+00:00
[2023-03-12T13:04:11.818+0000] {processor.py:175} INFO - Processing /home/airflow/.local/lib/python3.7/site-packages/airflow/example_dags/example_branch_operator.py took 0.097 seconds
[2023-03-12T13:04:42.526+0000] {processor.py:153} INFO - Started process (PID=886) to work on /home/airflow/.local/lib/python3.7/site-packages/airflow/example_dags/example_branch_operator.py
[2023-03-12T13:04:42.527+0000] {processor.py:743} INFO - Processing file /home/airflow/.local/lib/python3.7/site-packages/airflow/example_dags/example_branch_operator.py for tasks to queue
[2023-03-12T13:04:42.528+0000] {logging_mixin.py:137} INFO - [2023-03-12T13:04:42.528+0000] {dagbag.py:538} INFO - Filling up the DagBag from /home/airflow/.local/lib/python3.7/site-packages/airflow/example_dags/example_branch_operator.py
[2023-03-12T13:04:42.543+0000] {processor.py:753} INFO - DAG(s) dict_keys(['example_branch_operator']) retrieved from /home/airflow/.local/lib/python3.7/site-packages/airflow/example_dags/example_branch_operator.py
[2023-03-12T13:04:42.578+0000] {logging_mixin.py:137} INFO - [2023-03-12T13:04:42.578+0000] {dag.py:2690} INFO - Sync 1 DAGs
[2023-03-12T13:04:42.612+0000] {logging_mixin.py:137} INFO - [2023-03-12T13:04:42.611+0000] {dag.py:3441} INFO - Setting next_dagrun for example_branch_operator to 2023-03-11T00:00:00+00:00, run_after=2023-03-12T00:00:00+00:00
[2023-03-12T13:04:42.631+0000] {processor.py:175} INFO - Processing /home/airflow/.local/lib/python3.7/site-packages/airflow/example_dags/example_branch_operator.py took 0.108 seconds
[2023-03-12T13:05:13.302+0000] {processor.py:153} INFO - Started process (PID=976) to work on /home/airflow/.local/lib/python3.7/site-packages/airflow/example_dags/example_branch_operator.py
[2023-03-12T13:05:13.303+0000] {processor.py:743} INFO - Processing file /home/airflow/.local/lib/python3.7/site-packages/airflow/example_dags/example_branch_operator.py for tasks to queue
[2023-03-12T13:05:13.303+0000] {logging_mixin.py:137} INFO - [2023-03-12T13:05:13.303+0000] {dagbag.py:538} INFO - Filling up the DagBag from /home/airflow/.local/lib/python3.7/site-packages/airflow/example_dags/example_branch_operator.py
[2023-03-12T13:05:13.321+0000] {processor.py:753} INFO - DAG(s) dict_keys(['example_branch_operator']) retrieved from /home/airflow/.local/lib/python3.7/site-packages/airflow/example_dags/example_branch_operator.py
[2023-03-12T13:05:13.356+0000] {logging_mixin.py:137} INFO - [2023-03-12T13:05:13.356+0000] {dag.py:2690} INFO - Sync 1 DAGs
[2023-03-12T13:05:13.385+0000] {logging_mixin.py:137} INFO - [2023-03-12T13:05:13.385+0000] {dag.py:3441} INFO - Setting next_dagrun for example_branch_operator to 2023-03-11T00:00:00+00:00, run_after=2023-03-12T00:00:00+00:00
[2023-03-12T13:05:13.403+0000] {processor.py:175} INFO - Processing /home/airflow/.local/lib/python3.7/site-packages/airflow/example_dags/example_branch_operator.py took 0.104 seconds
[2023-03-12T13:05:44.054+0000] {processor.py:153} INFO - Started process (PID=1091) to work on /home/airflow/.local/lib/python3.7/site-packages/airflow/example_dags/example_branch_operator.py
[2023-03-12T13:05:44.055+0000] {processor.py:743} INFO - Processing file /home/airflow/.local/lib/python3.7/site-packages/airflow/example_dags/example_branch_operator.py for tasks to queue
[2023-03-12T13:05:44.056+0000] {logging_mixin.py:137} INFO - [2023-03-12T13:05:44.056+0000] {dagbag.py:538} INFO - Filling up the DagBag from /home/airflow/.local/lib/python3.7/site-packages/airflow/example_dags/example_branch_operator.py
[2023-03-12T13:05:44.073+0000] {processor.py:753} INFO - DAG(s) dict_keys(['example_branch_operator']) retrieved from /home/airflow/.local/lib/python3.7/site-packages/airflow/example_dags/example_branch_operator.py
[2023-03-12T13:05:44.099+0000] {logging_mixin.py:137} INFO - [2023-03-12T13:05:44.099+0000] {dag.py:2690} INFO - Sync 1 DAGs
[2023-03-12T13:05:44.128+0000] {logging_mixin.py:137} INFO - [2023-03-12T13:05:44.127+0000] {dag.py:3441} INFO - Setting next_dagrun for example_branch_operator to 2023-03-11T00:00:00+00:00, run_after=2023-03-12T00:00:00+00:00
[2023-03-12T13:05:44.147+0000] {processor.py:175} INFO - Processing /home/airflow/.local/lib/python3.7/site-packages/airflow/example_dags/example_branch_operator.py took 0.096 seconds
[2023-03-12T13:06:14.746+0000] {processor.py:153} INFO - Started process (PID=1181) to work on /home/airflow/.local/lib/python3.7/site-packages/airflow/example_dags/example_branch_operator.py
[2023-03-12T13:06:14.747+0000] {processor.py:743} INFO - Processing file /home/airflow/.local/lib/python3.7/site-packages/airflow/example_dags/example_branch_operator.py for tasks to queue
[2023-03-12T13:06:14.748+0000] {logging_mixin.py:137} INFO - [2023-03-12T13:06:14.748+0000] {dagbag.py:538} INFO - Filling up the DagBag from /home/airflow/.local/lib/python3.7/site-packages/airflow/example_dags/example_branch_operator.py
[2023-03-12T13:06:14.765+0000] {processor.py:753} INFO - DAG(s) dict_keys(['example_branch_operator']) retrieved from /home/airflow/.local/lib/python3.7/site-packages/airflow/example_dags/example_branch_operator.py
[2023-03-12T13:06:14.790+0000] {logging_mixin.py:137} INFO - [2023-03-12T13:06:14.790+0000] {dag.py:2690} INFO - Sync 1 DAGs
[2023-03-12T13:06:14.817+0000] {logging_mixin.py:137} INFO - [2023-03-12T13:06:14.816+0000] {dag.py:3441} INFO - Setting next_dagrun for example_branch_operator to 2023-03-11T00:00:00+00:00, run_after=2023-03-12T00:00:00+00:00
[2023-03-12T13:06:14.833+0000] {processor.py:175} INFO - Processing /home/airflow/.local/lib/python3.7/site-packages/airflow/example_dags/example_branch_operator.py took 0.089 seconds
[2023-03-12T13:06:45.487+0000] {processor.py:153} INFO - Started process (PID=1290) to work on /home/airflow/.local/lib/python3.7/site-packages/airflow/example_dags/example_branch_operator.py
[2023-03-12T13:06:45.488+0000] {processor.py:743} INFO - Processing file /home/airflow/.local/lib/python3.7/site-packages/airflow/example_dags/example_branch_operator.py for tasks to queue
[2023-03-12T13:06:45.488+0000] {logging_mixin.py:137} INFO - [2023-03-12T13:06:45.488+0000] {dagbag.py:538} INFO - Filling up the DagBag from /home/airflow/.local/lib/python3.7/site-packages/airflow/example_dags/example_branch_operator.py
[2023-03-12T13:06:45.504+0000] {processor.py:753} INFO - DAG(s) dict_keys(['example_branch_operator']) retrieved from /home/airflow/.local/lib/python3.7/site-packages/airflow/example_dags/example_branch_operator.py
[2023-03-12T13:06:45.530+0000] {logging_mixin.py:137} INFO - [2023-03-12T13:06:45.529+0000] {dag.py:2690} INFO - Sync 1 DAGs
[2023-03-12T13:06:45.565+0000] {logging_mixin.py:137} INFO - [2023-03-12T13:06:45.565+0000] {dag.py:3441} INFO - Setting next_dagrun for example_branch_operator to 2023-03-11T00:00:00+00:00, run_after=2023-03-12T00:00:00+00:00
[2023-03-12T13:06:45.584+0000] {processor.py:175} INFO - Processing /home/airflow/.local/lib/python3.7/site-packages/airflow/example_dags/example_branch_operator.py took 0.100 seconds
[2023-03-12T13:07:02.346+0000] {processor.py:153} INFO - Started process (PID=70) to work on /home/airflow/.local/lib/python3.7/site-packages/airflow/example_dags/example_branch_operator.py
[2023-03-12T13:07:02.347+0000] {processor.py:743} INFO - Processing file /home/airflow/.local/lib/python3.7/site-packages/airflow/example_dags/example_branch_operator.py for tasks to queue
[2023-03-12T13:07:02.348+0000] {logging_mixin.py:137} INFO - [2023-03-12T13:07:02.347+0000] {dagbag.py:538} INFO - Filling up the DagBag from /home/airflow/.local/lib/python3.7/site-packages/airflow/example_dags/example_branch_operator.py
[2023-03-12T13:07:02.366+0000] {processor.py:753} INFO - DAG(s) dict_keys(['example_branch_operator']) retrieved from /home/airflow/.local/lib/python3.7/site-packages/airflow/example_dags/example_branch_operator.py
[2023-03-12T13:07:02.379+0000] {logging_mixin.py:137} INFO - [2023-03-12T13:07:02.378+0000] {dag.py:2690} INFO - Sync 1 DAGs
[2023-03-12T13:07:02.412+0000] {logging_mixin.py:137} INFO - [2023-03-12T13:07:02.412+0000] {dag.py:3441} INFO - Setting next_dagrun for example_branch_operator to 2023-03-11T00:00:00+00:00, run_after=2023-03-12T00:00:00+00:00
[2023-03-12T13:07:02.436+0000] {processor.py:175} INFO - Processing /home/airflow/.local/lib/python3.7/site-packages/airflow/example_dags/example_branch_operator.py took 0.092 seconds
[2023-03-12T13:07:32.579+0000] {processor.py:153} INFO - Started process (PID=160) to work on /home/airflow/.local/lib/python3.7/site-packages/airflow/example_dags/example_branch_operator.py
[2023-03-12T13:07:32.580+0000] {processor.py:743} INFO - Processing file /home/airflow/.local/lib/python3.7/site-packages/airflow/example_dags/example_branch_operator.py for tasks to queue
[2023-03-12T13:07:32.581+0000] {logging_mixin.py:137} INFO - [2023-03-12T13:07:32.581+0000] {dagbag.py:538} INFO - Filling up the DagBag from /home/airflow/.local/lib/python3.7/site-packages/airflow/example_dags/example_branch_operator.py
[2023-03-12T13:07:32.600+0000] {processor.py:753} INFO - DAG(s) dict_keys(['example_branch_operator']) retrieved from /home/airflow/.local/lib/python3.7/site-packages/airflow/example_dags/example_branch_operator.py
[2023-03-12T13:07:32.627+0000] {logging_mixin.py:137} INFO - [2023-03-12T13:07:32.627+0000] {dag.py:2690} INFO - Sync 1 DAGs
[2023-03-12T13:07:32.680+0000] {logging_mixin.py:137} INFO - [2023-03-12T13:07:32.680+0000] {dag.py:3441} INFO - Setting next_dagrun for example_branch_operator to 2023-03-11T00:00:00+00:00, run_after=2023-03-12T00:00:00+00:00
[2023-03-12T13:07:32.704+0000] {processor.py:175} INFO - Processing /home/airflow/.local/lib/python3.7/site-packages/airflow/example_dags/example_branch_operator.py took 0.128 seconds
[2023-03-12T13:08:03.545+0000] {processor.py:153} INFO - Started process (PID=273) to work on /home/airflow/.local/lib/python3.7/site-packages/airflow/example_dags/example_branch_operator.py
[2023-03-12T13:08:03.546+0000] {processor.py:743} INFO - Processing file /home/airflow/.local/lib/python3.7/site-packages/airflow/example_dags/example_branch_operator.py for tasks to queue
[2023-03-12T13:08:03.547+0000] {logging_mixin.py:137} INFO - [2023-03-12T13:08:03.547+0000] {dagbag.py:538} INFO - Filling up the DagBag from /home/airflow/.local/lib/python3.7/site-packages/airflow/example_dags/example_branch_operator.py
[2023-03-12T13:08:03.565+0000] {processor.py:753} INFO - DAG(s) dict_keys(['example_branch_operator']) retrieved from /home/airflow/.local/lib/python3.7/site-packages/airflow/example_dags/example_branch_operator.py
[2023-03-12T13:08:03.591+0000] {logging_mixin.py:137} INFO - [2023-03-12T13:08:03.591+0000] {dag.py:2690} INFO - Sync 1 DAGs
[2023-03-12T13:08:03.619+0000] {logging_mixin.py:137} INFO - [2023-03-12T13:08:03.619+0000] {dag.py:3441} INFO - Setting next_dagrun for example_branch_operator to 2023-03-11T00:00:00+00:00, run_after=2023-03-12T00:00:00+00:00
[2023-03-12T13:08:03.638+0000] {processor.py:175} INFO - Processing /home/airflow/.local/lib/python3.7/site-packages/airflow/example_dags/example_branch_operator.py took 0.096 seconds
[2023-03-12T13:08:34.314+0000] {processor.py:153} INFO - Started process (PID=364) to work on /home/airflow/.local/lib/python3.7/site-packages/airflow/example_dags/example_branch_operator.py
[2023-03-12T13:08:34.315+0000] {processor.py:743} INFO - Processing file /home/airflow/.local/lib/python3.7/site-packages/airflow/example_dags/example_branch_operator.py for tasks to queue
[2023-03-12T13:08:34.315+0000] {logging_mixin.py:137} INFO - [2023-03-12T13:08:34.315+0000] {dagbag.py:538} INFO - Filling up the DagBag from /home/airflow/.local/lib/python3.7/site-packages/airflow/example_dags/example_branch_operator.py
[2023-03-12T13:08:34.331+0000] {processor.py:753} INFO - DAG(s) dict_keys(['example_branch_operator']) retrieved from /home/airflow/.local/lib/python3.7/site-packages/airflow/example_dags/example_branch_operator.py
[2023-03-12T13:08:34.356+0000] {logging_mixin.py:137} INFO - [2023-03-12T13:08:34.356+0000] {dag.py:2690} INFO - Sync 1 DAGs
[2023-03-12T13:08:34.381+0000] {logging_mixin.py:137} INFO - [2023-03-12T13:08:34.381+0000] {dag.py:3441} INFO - Setting next_dagrun for example_branch_operator to 2023-03-11T00:00:00+00:00, run_after=2023-03-12T00:00:00+00:00
[2023-03-12T13:08:34.399+0000] {processor.py:175} INFO - Processing /home/airflow/.local/lib/python3.7/site-packages/airflow/example_dags/example_branch_operator.py took 0.088 seconds
[2023-03-12T13:08:57.468+0000] {processor.py:153} INFO - Started process (PID=70) to work on /home/airflow/.local/lib/python3.7/site-packages/airflow/example_dags/example_branch_operator.py
[2023-03-12T13:08:57.469+0000] {processor.py:743} INFO - Processing file /home/airflow/.local/lib/python3.7/site-packages/airflow/example_dags/example_branch_operator.py for tasks to queue
[2023-03-12T13:08:57.469+0000] {logging_mixin.py:137} INFO - [2023-03-12T13:08:57.469+0000] {dagbag.py:538} INFO - Filling up the DagBag from /home/airflow/.local/lib/python3.7/site-packages/airflow/example_dags/example_branch_operator.py
[2023-03-12T13:08:57.485+0000] {processor.py:753} INFO - DAG(s) dict_keys(['example_branch_operator']) retrieved from /home/airflow/.local/lib/python3.7/site-packages/airflow/example_dags/example_branch_operator.py
[2023-03-12T13:08:57.495+0000] {logging_mixin.py:137} INFO - [2023-03-12T13:08:57.495+0000] {dag.py:2690} INFO - Sync 1 DAGs
[2023-03-12T13:08:57.522+0000] {logging_mixin.py:137} INFO - [2023-03-12T13:08:57.522+0000] {dag.py:3441} INFO - Setting next_dagrun for example_branch_operator to 2023-03-11T00:00:00+00:00, run_after=2023-03-12T00:00:00+00:00
[2023-03-12T13:08:57.543+0000] {processor.py:175} INFO - Processing /home/airflow/.local/lib/python3.7/site-packages/airflow/example_dags/example_branch_operator.py took 0.077 seconds
[2023-03-12T13:09:28.095+0000] {processor.py:153} INFO - Started process (PID=184) to work on /home/airflow/.local/lib/python3.7/site-packages/airflow/example_dags/example_branch_operator.py
[2023-03-12T13:09:28.096+0000] {processor.py:743} INFO - Processing file /home/airflow/.local/lib/python3.7/site-packages/airflow/example_dags/example_branch_operator.py for tasks to queue
[2023-03-12T13:09:28.097+0000] {logging_mixin.py:137} INFO - [2023-03-12T13:09:28.096+0000] {dagbag.py:538} INFO - Filling up the DagBag from /home/airflow/.local/lib/python3.7/site-packages/airflow/example_dags/example_branch_operator.py
[2023-03-12T13:09:28.113+0000] {processor.py:753} INFO - DAG(s) dict_keys(['example_branch_operator']) retrieved from /home/airflow/.local/lib/python3.7/site-packages/airflow/example_dags/example_branch_operator.py
[2023-03-12T13:09:28.142+0000] {logging_mixin.py:137} INFO - [2023-03-12T13:09:28.142+0000] {dag.py:2690} INFO - Sync 1 DAGs
[2023-03-12T13:09:28.177+0000] {logging_mixin.py:137} INFO - [2023-03-12T13:09:28.176+0000] {dag.py:3441} INFO - Setting next_dagrun for example_branch_operator to 2023-03-11T00:00:00+00:00, run_after=2023-03-12T00:00:00+00:00
[2023-03-12T13:09:28.196+0000] {processor.py:175} INFO - Processing /home/airflow/.local/lib/python3.7/site-packages/airflow/example_dags/example_branch_operator.py took 0.104 seconds
[2023-03-12T13:09:59.079+0000] {processor.py:153} INFO - Started process (PID=274) to work on /home/airflow/.local/lib/python3.7/site-packages/airflow/example_dags/example_branch_operator.py
[2023-03-12T13:09:59.080+0000] {processor.py:743} INFO - Processing file /home/airflow/.local/lib/python3.7/site-packages/airflow/example_dags/example_branch_operator.py for tasks to queue
[2023-03-12T13:09:59.080+0000] {logging_mixin.py:137} INFO - [2023-03-12T13:09:59.080+0000] {dagbag.py:538} INFO - Filling up the DagBag from /home/airflow/.local/lib/python3.7/site-packages/airflow/example_dags/example_branch_operator.py
[2023-03-12T13:09:59.097+0000] {processor.py:753} INFO - DAG(s) dict_keys(['example_branch_operator']) retrieved from /home/airflow/.local/lib/python3.7/site-packages/airflow/example_dags/example_branch_operator.py
[2023-03-12T13:09:59.120+0000] {logging_mixin.py:137} INFO - [2023-03-12T13:09:59.120+0000] {dag.py:2690} INFO - Sync 1 DAGs
[2023-03-12T13:09:59.147+0000] {logging_mixin.py:137} INFO - [2023-03-12T13:09:59.146+0000] {dag.py:3441} INFO - Setting next_dagrun for example_branch_operator to 2023-03-11T00:00:00+00:00, run_after=2023-03-12T00:00:00+00:00
[2023-03-12T13:09:59.168+0000] {processor.py:175} INFO - Processing /home/airflow/.local/lib/python3.7/site-packages/airflow/example_dags/example_branch_operator.py took 0.091 seconds
[2023-03-12T13:10:30.039+0000] {processor.py:153} INFO - Started process (PID=383) to work on /home/airflow/.local/lib/python3.7/site-packages/airflow/example_dags/example_branch_operator.py
[2023-03-12T13:10:30.040+0000] {processor.py:743} INFO - Processing file /home/airflow/.local/lib/python3.7/site-packages/airflow/example_dags/example_branch_operator.py for tasks to queue
[2023-03-12T13:10:30.040+0000] {logging_mixin.py:137} INFO - [2023-03-12T13:10:30.040+0000] {dagbag.py:538} INFO - Filling up the DagBag from /home/airflow/.local/lib/python3.7/site-packages/airflow/example_dags/example_branch_operator.py
[2023-03-12T13:10:30.058+0000] {processor.py:753} INFO - DAG(s) dict_keys(['example_branch_operator']) retrieved from /home/airflow/.local/lib/python3.7/site-packages/airflow/example_dags/example_branch_operator.py
[2023-03-12T13:10:30.087+0000] {logging_mixin.py:137} INFO - [2023-03-12T13:10:30.087+0000] {dag.py:2690} INFO - Sync 1 DAGs
[2023-03-12T13:10:30.118+0000] {logging_mixin.py:137} INFO - [2023-03-12T13:10:30.118+0000] {dag.py:3441} INFO - Setting next_dagrun for example_branch_operator to 2023-03-11T00:00:00+00:00, run_after=2023-03-12T00:00:00+00:00
[2023-03-12T13:10:30.138+0000] {processor.py:175} INFO - Processing /home/airflow/.local/lib/python3.7/site-packages/airflow/example_dags/example_branch_operator.py took 0.102 seconds
[2023-03-12T13:11:00.261+0000] {processor.py:153} INFO - Started process (PID=488) to work on /home/airflow/.local/lib/python3.7/site-packages/airflow/example_dags/example_branch_operator.py
[2023-03-12T13:11:00.262+0000] {processor.py:743} INFO - Processing file /home/airflow/.local/lib/python3.7/site-packages/airflow/example_dags/example_branch_operator.py for tasks to queue
[2023-03-12T13:11:00.263+0000] {logging_mixin.py:137} INFO - [2023-03-12T13:11:00.263+0000] {dagbag.py:538} INFO - Filling up the DagBag from /home/airflow/.local/lib/python3.7/site-packages/airflow/example_dags/example_branch_operator.py
[2023-03-12T13:11:00.279+0000] {processor.py:753} INFO - DAG(s) dict_keys(['example_branch_operator']) retrieved from /home/airflow/.local/lib/python3.7/site-packages/airflow/example_dags/example_branch_operator.py
[2023-03-12T13:11:00.304+0000] {logging_mixin.py:137} INFO - [2023-03-12T13:11:00.304+0000] {dag.py:2690} INFO - Sync 1 DAGs
[2023-03-12T13:11:00.331+0000] {logging_mixin.py:137} INFO - [2023-03-12T13:11:00.331+0000] {dag.py:3441} INFO - Setting next_dagrun for example_branch_operator to 2023-03-11T00:00:00+00:00, run_after=2023-03-12T00:00:00+00:00
[2023-03-12T13:11:00.348+0000] {processor.py:175} INFO - Processing /home/airflow/.local/lib/python3.7/site-packages/airflow/example_dags/example_branch_operator.py took 0.089 seconds
[2023-03-12T13:11:30.443+0000] {processor.py:153} INFO - Started process (PID=582) to work on /home/airflow/.local/lib/python3.7/site-packages/airflow/example_dags/example_branch_operator.py
[2023-03-12T13:11:30.444+0000] {processor.py:743} INFO - Processing file /home/airflow/.local/lib/python3.7/site-packages/airflow/example_dags/example_branch_operator.py for tasks to queue
[2023-03-12T13:11:30.444+0000] {logging_mixin.py:137} INFO - [2023-03-12T13:11:30.444+0000] {dagbag.py:538} INFO - Filling up the DagBag from /home/airflow/.local/lib/python3.7/site-packages/airflow/example_dags/example_branch_operator.py
[2023-03-12T13:11:30.462+0000] {processor.py:753} INFO - DAG(s) dict_keys(['example_branch_operator']) retrieved from /home/airflow/.local/lib/python3.7/site-packages/airflow/example_dags/example_branch_operator.py
[2023-03-12T13:11:30.489+0000] {logging_mixin.py:137} INFO - [2023-03-12T13:11:30.489+0000] {dag.py:2690} INFO - Sync 1 DAGs
[2023-03-12T13:11:30.515+0000] {logging_mixin.py:137} INFO - [2023-03-12T13:11:30.515+0000] {dag.py:3441} INFO - Setting next_dagrun for example_branch_operator to 2023-03-11T00:00:00+00:00, run_after=2023-03-12T00:00:00+00:00
[2023-03-12T13:11:30.536+0000] {processor.py:175} INFO - Processing /home/airflow/.local/lib/python3.7/site-packages/airflow/example_dags/example_branch_operator.py took 0.095 seconds
[2023-03-12T13:12:00.575+0000] {processor.py:153} INFO - Started process (PID=700) to work on /home/airflow/.local/lib/python3.7/site-packages/airflow/example_dags/example_branch_operator.py
[2023-03-12T13:12:00.575+0000] {processor.py:743} INFO - Processing file /home/airflow/.local/lib/python3.7/site-packages/airflow/example_dags/example_branch_operator.py for tasks to queue
[2023-03-12T13:12:00.576+0000] {logging_mixin.py:137} INFO - [2023-03-12T13:12:00.576+0000] {dagbag.py:538} INFO - Filling up the DagBag from /home/airflow/.local/lib/python3.7/site-packages/airflow/example_dags/example_branch_operator.py
[2023-03-12T13:12:00.593+0000] {processor.py:753} INFO - DAG(s) dict_keys(['example_branch_operator']) retrieved from /home/airflow/.local/lib/python3.7/site-packages/airflow/example_dags/example_branch_operator.py
[2023-03-12T13:12:00.618+0000] {logging_mixin.py:137} INFO - [2023-03-12T13:12:00.617+0000] {dag.py:2690} INFO - Sync 1 DAGs
[2023-03-12T13:12:00.647+0000] {logging_mixin.py:137} INFO - [2023-03-12T13:12:00.647+0000] {dag.py:3441} INFO - Setting next_dagrun for example_branch_operator to 2023-03-11T00:00:00+00:00, run_after=2023-03-12T00:00:00+00:00
[2023-03-12T13:12:00.668+0000] {processor.py:175} INFO - Processing /home/airflow/.local/lib/python3.7/site-packages/airflow/example_dags/example_branch_operator.py took 0.096 seconds
[2023-03-12T13:12:30.706+0000] {processor.py:153} INFO - Started process (PID=790) to work on /home/airflow/.local/lib/python3.7/site-packages/airflow/example_dags/example_branch_operator.py
[2023-03-12T13:12:30.707+0000] {processor.py:743} INFO - Processing file /home/airflow/.local/lib/python3.7/site-packages/airflow/example_dags/example_branch_operator.py for tasks to queue
[2023-03-12T13:12:30.708+0000] {logging_mixin.py:137} INFO - [2023-03-12T13:12:30.707+0000] {dagbag.py:538} INFO - Filling up the DagBag from /home/airflow/.local/lib/python3.7/site-packages/airflow/example_dags/example_branch_operator.py
[2023-03-12T13:12:30.723+0000] {processor.py:753} INFO - DAG(s) dict_keys(['example_branch_operator']) retrieved from /home/airflow/.local/lib/python3.7/site-packages/airflow/example_dags/example_branch_operator.py
[2023-03-12T13:12:30.748+0000] {logging_mixin.py:137} INFO - [2023-03-12T13:12:30.748+0000] {dag.py:2690} INFO - Sync 1 DAGs
[2023-03-12T13:12:30.776+0000] {logging_mixin.py:137} INFO - [2023-03-12T13:12:30.776+0000] {dag.py:3441} INFO - Setting next_dagrun for example_branch_operator to 2023-03-11T00:00:00+00:00, run_after=2023-03-12T00:00:00+00:00
[2023-03-12T13:12:30.794+0000] {processor.py:175} INFO - Processing /home/airflow/.local/lib/python3.7/site-packages/airflow/example_dags/example_branch_operator.py took 0.091 seconds
[2023-03-12T13:13:00.861+0000] {processor.py:153} INFO - Started process (PID=893) to work on /home/airflow/.local/lib/python3.7/site-packages/airflow/example_dags/example_branch_operator.py
[2023-03-12T13:13:00.862+0000] {processor.py:743} INFO - Processing file /home/airflow/.local/lib/python3.7/site-packages/airflow/example_dags/example_branch_operator.py for tasks to queue
[2023-03-12T13:13:00.863+0000] {logging_mixin.py:137} INFO - [2023-03-12T13:13:00.862+0000] {dagbag.py:538} INFO - Filling up the DagBag from /home/airflow/.local/lib/python3.7/site-packages/airflow/example_dags/example_branch_operator.py
[2023-03-12T13:13:00.879+0000] {processor.py:753} INFO - DAG(s) dict_keys(['example_branch_operator']) retrieved from /home/airflow/.local/lib/python3.7/site-packages/airflow/example_dags/example_branch_operator.py
[2023-03-12T13:13:00.925+0000] {logging_mixin.py:137} INFO - [2023-03-12T13:13:00.925+0000] {dag.py:2690} INFO - Sync 1 DAGs
[2023-03-12T13:13:00.955+0000] {logging_mixin.py:137} INFO - [2023-03-12T13:13:00.955+0000] {dag.py:3441} INFO - Setting next_dagrun for example_branch_operator to 2023-03-11T00:00:00+00:00, run_after=2023-03-12T00:00:00+00:00
[2023-03-12T13:13:00.979+0000] {processor.py:175} INFO - Processing /home/airflow/.local/lib/python3.7/site-packages/airflow/example_dags/example_branch_operator.py took 0.121 seconds
[2023-03-12T13:13:31.160+0000] {processor.py:153} INFO - Started process (PID=998) to work on /home/airflow/.local/lib/python3.7/site-packages/airflow/example_dags/example_branch_operator.py
[2023-03-12T13:13:31.161+0000] {processor.py:743} INFO - Processing file /home/airflow/.local/lib/python3.7/site-packages/airflow/example_dags/example_branch_operator.py for tasks to queue
[2023-03-12T13:13:31.162+0000] {logging_mixin.py:137} INFO - [2023-03-12T13:13:31.162+0000] {dagbag.py:538} INFO - Filling up the DagBag from /home/airflow/.local/lib/python3.7/site-packages/airflow/example_dags/example_branch_operator.py
[2023-03-12T13:13:31.184+0000] {processor.py:753} INFO - DAG(s) dict_keys(['example_branch_operator']) retrieved from /home/airflow/.local/lib/python3.7/site-packages/airflow/example_dags/example_branch_operator.py
[2023-03-12T13:13:31.213+0000] {logging_mixin.py:137} INFO - [2023-03-12T13:13:31.213+0000] {dag.py:2690} INFO - Sync 1 DAGs
[2023-03-12T13:13:31.244+0000] {logging_mixin.py:137} INFO - [2023-03-12T13:13:31.244+0000] {dag.py:3441} INFO - Setting next_dagrun for example_branch_operator to 2023-03-11T00:00:00+00:00, run_after=2023-03-12T00:00:00+00:00
[2023-03-12T13:13:31.268+0000] {processor.py:175} INFO - Processing /home/airflow/.local/lib/python3.7/site-packages/airflow/example_dags/example_branch_operator.py took 0.112 seconds
[2023-03-12T13:14:02.185+0000] {processor.py:153} INFO - Started process (PID=1092) to work on /home/airflow/.local/lib/python3.7/site-packages/airflow/example_dags/example_branch_operator.py
[2023-03-12T13:14:02.186+0000] {processor.py:743} INFO - Processing file /home/airflow/.local/lib/python3.7/site-packages/airflow/example_dags/example_branch_operator.py for tasks to queue
[2023-03-12T13:14:02.186+0000] {logging_mixin.py:137} INFO - [2023-03-12T13:14:02.186+0000] {dagbag.py:538} INFO - Filling up the DagBag from /home/airflow/.local/lib/python3.7/site-packages/airflow/example_dags/example_branch_operator.py
[2023-03-12T13:14:02.203+0000] {processor.py:753} INFO - DAG(s) dict_keys(['example_branch_operator']) retrieved from /home/airflow/.local/lib/python3.7/site-packages/airflow/example_dags/example_branch_operator.py
[2023-03-12T13:14:02.227+0000] {logging_mixin.py:137} INFO - [2023-03-12T13:14:02.227+0000] {dag.py:2690} INFO - Sync 1 DAGs
[2023-03-12T13:14:02.258+0000] {logging_mixin.py:137} INFO - [2023-03-12T13:14:02.258+0000] {dag.py:3441} INFO - Setting next_dagrun for example_branch_operator to 2023-03-11T00:00:00+00:00, run_after=2023-03-12T00:00:00+00:00
[2023-03-12T13:14:02.280+0000] {processor.py:175} INFO - Processing /home/airflow/.local/lib/python3.7/site-packages/airflow/example_dags/example_branch_operator.py took 0.098 seconds
[2023-03-12T13:14:32.333+0000] {processor.py:153} INFO - Started process (PID=1206) to work on /home/airflow/.local/lib/python3.7/site-packages/airflow/example_dags/example_branch_operator.py
[2023-03-12T13:14:32.334+0000] {processor.py:743} INFO - Processing file /home/airflow/.local/lib/python3.7/site-packages/airflow/example_dags/example_branch_operator.py for tasks to queue
[2023-03-12T13:14:32.334+0000] {logging_mixin.py:137} INFO - [2023-03-12T13:14:32.334+0000] {dagbag.py:538} INFO - Filling up the DagBag from /home/airflow/.local/lib/python3.7/site-packages/airflow/example_dags/example_branch_operator.py
[2023-03-12T13:14:32.350+0000] {processor.py:753} INFO - DAG(s) dict_keys(['example_branch_operator']) retrieved from /home/airflow/.local/lib/python3.7/site-packages/airflow/example_dags/example_branch_operator.py
[2023-03-12T13:14:32.375+0000] {logging_mixin.py:137} INFO - [2023-03-12T13:14:32.374+0000] {dag.py:2690} INFO - Sync 1 DAGs
[2023-03-12T13:14:32.403+0000] {logging_mixin.py:137} INFO - [2023-03-12T13:14:32.402+0000] {dag.py:3441} INFO - Setting next_dagrun for example_branch_operator to 2023-03-11T00:00:00+00:00, run_after=2023-03-12T00:00:00+00:00
[2023-03-12T13:14:32.420+0000] {processor.py:175} INFO - Processing /home/airflow/.local/lib/python3.7/site-packages/airflow/example_dags/example_branch_operator.py took 0.090 seconds
[2023-03-12T13:15:02.724+0000] {processor.py:153} INFO - Started process (PID=1300) to work on /home/airflow/.local/lib/python3.7/site-packages/airflow/example_dags/example_branch_operator.py
[2023-03-12T13:15:02.725+0000] {processor.py:743} INFO - Processing file /home/airflow/.local/lib/python3.7/site-packages/airflow/example_dags/example_branch_operator.py for tasks to queue
[2023-03-12T13:15:02.725+0000] {logging_mixin.py:137} INFO - [2023-03-12T13:15:02.725+0000] {dagbag.py:538} INFO - Filling up the DagBag from /home/airflow/.local/lib/python3.7/site-packages/airflow/example_dags/example_branch_operator.py
[2023-03-12T13:15:02.742+0000] {processor.py:753} INFO - DAG(s) dict_keys(['example_branch_operator']) retrieved from /home/airflow/.local/lib/python3.7/site-packages/airflow/example_dags/example_branch_operator.py
[2023-03-12T13:15:02.776+0000] {logging_mixin.py:137} INFO - [2023-03-12T13:15:02.775+0000] {dag.py:2690} INFO - Sync 1 DAGs
[2023-03-12T13:15:02.807+0000] {logging_mixin.py:137} INFO - [2023-03-12T13:15:02.807+0000] {dag.py:3441} INFO - Setting next_dagrun for example_branch_operator to 2023-03-11T00:00:00+00:00, run_after=2023-03-12T00:00:00+00:00
[2023-03-12T13:15:02.830+0000] {processor.py:175} INFO - Processing /home/airflow/.local/lib/python3.7/site-packages/airflow/example_dags/example_branch_operator.py took 0.109 seconds
[2023-03-12T13:15:33.004+0000] {processor.py:153} INFO - Started process (PID=1399) to work on /home/airflow/.local/lib/python3.7/site-packages/airflow/example_dags/example_branch_operator.py
[2023-03-12T13:15:33.005+0000] {processor.py:743} INFO - Processing file /home/airflow/.local/lib/python3.7/site-packages/airflow/example_dags/example_branch_operator.py for tasks to queue
[2023-03-12T13:15:33.005+0000] {logging_mixin.py:137} INFO - [2023-03-12T13:15:33.005+0000] {dagbag.py:538} INFO - Filling up the DagBag from /home/airflow/.local/lib/python3.7/site-packages/airflow/example_dags/example_branch_operator.py
[2023-03-12T13:15:33.021+0000] {processor.py:753} INFO - DAG(s) dict_keys(['example_branch_operator']) retrieved from /home/airflow/.local/lib/python3.7/site-packages/airflow/example_dags/example_branch_operator.py
[2023-03-12T13:15:33.047+0000] {logging_mixin.py:137} INFO - [2023-03-12T13:15:33.046+0000] {dag.py:2690} INFO - Sync 1 DAGs
[2023-03-12T13:15:33.075+0000] {logging_mixin.py:137} INFO - [2023-03-12T13:15:33.075+0000] {dag.py:3441} INFO - Setting next_dagrun for example_branch_operator to 2023-03-11T00:00:00+00:00, run_after=2023-03-12T00:00:00+00:00
[2023-03-12T13:15:33.095+0000] {processor.py:175} INFO - Processing /home/airflow/.local/lib/python3.7/site-packages/airflow/example_dags/example_branch_operator.py took 0.093 seconds
[2023-03-12T13:16:03.204+0000] {processor.py:153} INFO - Started process (PID=1508) to work on /home/airflow/.local/lib/python3.7/site-packages/airflow/example_dags/example_branch_operator.py
[2023-03-12T13:16:03.205+0000] {processor.py:743} INFO - Processing file /home/airflow/.local/lib/python3.7/site-packages/airflow/example_dags/example_branch_operator.py for tasks to queue
[2023-03-12T13:16:03.206+0000] {logging_mixin.py:137} INFO - [2023-03-12T13:16:03.206+0000] {dagbag.py:538} INFO - Filling up the DagBag from /home/airflow/.local/lib/python3.7/site-packages/airflow/example_dags/example_branch_operator.py
[2023-03-12T13:16:03.222+0000] {processor.py:753} INFO - DAG(s) dict_keys(['example_branch_operator']) retrieved from /home/airflow/.local/lib/python3.7/site-packages/airflow/example_dags/example_branch_operator.py
[2023-03-12T13:16:03.248+0000] {logging_mixin.py:137} INFO - [2023-03-12T13:16:03.248+0000] {dag.py:2690} INFO - Sync 1 DAGs
[2023-03-12T13:16:03.277+0000] {logging_mixin.py:137} INFO - [2023-03-12T13:16:03.277+0000] {dag.py:3441} INFO - Setting next_dagrun for example_branch_operator to 2023-03-11T00:00:00+00:00, run_after=2023-03-12T00:00:00+00:00
[2023-03-12T13:16:03.296+0000] {processor.py:175} INFO - Processing /home/airflow/.local/lib/python3.7/site-packages/airflow/example_dags/example_branch_operator.py took 0.095 seconds
[2023-03-12T13:16:13.328+0000] {processor.py:153} INFO - Started process (PID=71) to work on /home/airflow/.local/lib/python3.7/site-packages/airflow/example_dags/example_branch_operator.py
[2023-03-12T13:16:13.329+0000] {processor.py:743} INFO - Processing file /home/airflow/.local/lib/python3.7/site-packages/airflow/example_dags/example_branch_operator.py for tasks to queue
[2023-03-12T13:16:13.330+0000] {logging_mixin.py:137} INFO - [2023-03-12T13:16:13.330+0000] {dagbag.py:538} INFO - Filling up the DagBag from /home/airflow/.local/lib/python3.7/site-packages/airflow/example_dags/example_branch_operator.py
[2023-03-12T13:16:13.347+0000] {processor.py:753} INFO - DAG(s) dict_keys(['example_branch_operator']) retrieved from /home/airflow/.local/lib/python3.7/site-packages/airflow/example_dags/example_branch_operator.py
[2023-03-12T13:16:13.371+0000] {logging_mixin.py:137} INFO - [2023-03-12T13:16:13.371+0000] {dag.py:2690} INFO - Sync 1 DAGs
[2023-03-12T13:16:13.410+0000] {logging_mixin.py:137} INFO - [2023-03-12T13:16:13.410+0000] {dag.py:3441} INFO - Setting next_dagrun for example_branch_operator to 2023-03-11T00:00:00+00:00, run_after=2023-03-12T00:00:00+00:00
[2023-03-12T13:16:13.435+0000] {processor.py:175} INFO - Processing /home/airflow/.local/lib/python3.7/site-packages/airflow/example_dags/example_branch_operator.py took 0.110 seconds
[2023-03-12T13:16:44.162+0000] {processor.py:153} INFO - Started process (PID=186) to work on /home/airflow/.local/lib/python3.7/site-packages/airflow/example_dags/example_branch_operator.py
[2023-03-12T13:16:44.163+0000] {processor.py:743} INFO - Processing file /home/airflow/.local/lib/python3.7/site-packages/airflow/example_dags/example_branch_operator.py for tasks to queue
[2023-03-12T13:16:44.164+0000] {logging_mixin.py:137} INFO - [2023-03-12T13:16:44.164+0000] {dagbag.py:538} INFO - Filling up the DagBag from /home/airflow/.local/lib/python3.7/site-packages/airflow/example_dags/example_branch_operator.py
[2023-03-12T13:16:44.184+0000] {processor.py:753} INFO - DAG(s) dict_keys(['example_branch_operator']) retrieved from /home/airflow/.local/lib/python3.7/site-packages/airflow/example_dags/example_branch_operator.py
[2023-03-12T13:16:44.211+0000] {logging_mixin.py:137} INFO - [2023-03-12T13:16:44.211+0000] {dag.py:2690} INFO - Sync 1 DAGs
[2023-03-12T13:16:44.239+0000] {logging_mixin.py:137} INFO - [2023-03-12T13:16:44.239+0000] {dag.py:3441} INFO - Setting next_dagrun for example_branch_operator to 2023-03-11T00:00:00+00:00, run_after=2023-03-12T00:00:00+00:00
[2023-03-12T13:16:44.260+0000] {processor.py:175} INFO - Processing /home/airflow/.local/lib/python3.7/site-packages/airflow/example_dags/example_branch_operator.py took 0.101 seconds
[2023-03-12T13:17:15.301+0000] {processor.py:153} INFO - Started process (PID=281) to work on /home/airflow/.local/lib/python3.7/site-packages/airflow/example_dags/example_branch_operator.py
[2023-03-12T13:17:15.302+0000] {processor.py:743} INFO - Processing file /home/airflow/.local/lib/python3.7/site-packages/airflow/example_dags/example_branch_operator.py for tasks to queue
[2023-03-12T13:17:15.302+0000] {logging_mixin.py:137} INFO - [2023-03-12T13:17:15.302+0000] {dagbag.py:538} INFO - Filling up the DagBag from /home/airflow/.local/lib/python3.7/site-packages/airflow/example_dags/example_branch_operator.py
[2023-03-12T13:17:15.320+0000] {processor.py:753} INFO - DAG(s) dict_keys(['example_branch_operator']) retrieved from /home/airflow/.local/lib/python3.7/site-packages/airflow/example_dags/example_branch_operator.py
[2023-03-12T13:17:15.347+0000] {logging_mixin.py:137} INFO - [2023-03-12T13:17:15.347+0000] {dag.py:2690} INFO - Sync 1 DAGs
[2023-03-12T13:17:15.383+0000] {logging_mixin.py:137} INFO - [2023-03-12T13:17:15.383+0000] {dag.py:3441} INFO - Setting next_dagrun for example_branch_operator to 2023-03-11T00:00:00+00:00, run_after=2023-03-12T00:00:00+00:00
[2023-03-12T13:17:15.404+0000] {processor.py:175} INFO - Processing /home/airflow/.local/lib/python3.7/site-packages/airflow/example_dags/example_branch_operator.py took 0.106 seconds
[2023-03-12T13:17:45.826+0000] {processor.py:153} INFO - Started process (PID=396) to work on /home/airflow/.local/lib/python3.7/site-packages/airflow/example_dags/example_branch_operator.py
[2023-03-12T13:17:45.828+0000] {processor.py:743} INFO - Processing file /home/airflow/.local/lib/python3.7/site-packages/airflow/example_dags/example_branch_operator.py for tasks to queue
[2023-03-12T13:17:45.828+0000] {logging_mixin.py:137} INFO - [2023-03-12T13:17:45.828+0000] {dagbag.py:538} INFO - Filling up the DagBag from /home/airflow/.local/lib/python3.7/site-packages/airflow/example_dags/example_branch_operator.py
[2023-03-12T13:17:45.847+0000] {processor.py:753} INFO - DAG(s) dict_keys(['example_branch_operator']) retrieved from /home/airflow/.local/lib/python3.7/site-packages/airflow/example_dags/example_branch_operator.py
[2023-03-12T13:17:45.877+0000] {logging_mixin.py:137} INFO - [2023-03-12T13:17:45.877+0000] {dag.py:2690} INFO - Sync 1 DAGs
[2023-03-12T13:17:45.904+0000] {logging_mixin.py:137} INFO - [2023-03-12T13:17:45.904+0000] {dag.py:3441} INFO - Setting next_dagrun for example_branch_operator to 2023-03-11T00:00:00+00:00, run_after=2023-03-12T00:00:00+00:00
[2023-03-12T13:17:45.923+0000] {processor.py:175} INFO - Processing /home/airflow/.local/lib/python3.7/site-packages/airflow/example_dags/example_branch_operator.py took 0.101 seconds
[2023-03-12T13:18:16.207+0000] {processor.py:153} INFO - Started process (PID=494) to work on /home/airflow/.local/lib/python3.7/site-packages/airflow/example_dags/example_branch_operator.py
[2023-03-12T13:18:16.208+0000] {processor.py:743} INFO - Processing file /home/airflow/.local/lib/python3.7/site-packages/airflow/example_dags/example_branch_operator.py for tasks to queue
[2023-03-12T13:18:16.209+0000] {logging_mixin.py:137} INFO - [2023-03-12T13:18:16.208+0000] {dagbag.py:538} INFO - Filling up the DagBag from /home/airflow/.local/lib/python3.7/site-packages/airflow/example_dags/example_branch_operator.py
[2023-03-12T13:18:16.225+0000] {processor.py:753} INFO - DAG(s) dict_keys(['example_branch_operator']) retrieved from /home/airflow/.local/lib/python3.7/site-packages/airflow/example_dags/example_branch_operator.py
[2023-03-12T13:18:16.253+0000] {logging_mixin.py:137} INFO - [2023-03-12T13:18:16.253+0000] {dag.py:2690} INFO - Sync 1 DAGs
[2023-03-12T13:18:16.280+0000] {logging_mixin.py:137} INFO - [2023-03-12T13:18:16.280+0000] {dag.py:3441} INFO - Setting next_dagrun for example_branch_operator to 2023-03-11T00:00:00+00:00, run_after=2023-03-12T00:00:00+00:00
[2023-03-12T13:18:16.297+0000] {processor.py:175} INFO - Processing /home/airflow/.local/lib/python3.7/site-packages/airflow/example_dags/example_branch_operator.py took 0.093 seconds
[2023-03-12T13:18:47.099+0000] {processor.py:153} INFO - Started process (PID=593) to work on /home/airflow/.local/lib/python3.7/site-packages/airflow/example_dags/example_branch_operator.py
[2023-03-12T13:18:47.100+0000] {processor.py:743} INFO - Processing file /home/airflow/.local/lib/python3.7/site-packages/airflow/example_dags/example_branch_operator.py for tasks to queue
[2023-03-12T13:18:47.101+0000] {logging_mixin.py:137} INFO - [2023-03-12T13:18:47.100+0000] {dagbag.py:538} INFO - Filling up the DagBag from /home/airflow/.local/lib/python3.7/site-packages/airflow/example_dags/example_branch_operator.py
[2023-03-12T13:18:47.116+0000] {processor.py:753} INFO - DAG(s) dict_keys(['example_branch_operator']) retrieved from /home/airflow/.local/lib/python3.7/site-packages/airflow/example_dags/example_branch_operator.py
[2023-03-12T13:18:47.141+0000] {logging_mixin.py:137} INFO - [2023-03-12T13:18:47.141+0000] {dag.py:2690} INFO - Sync 1 DAGs
[2023-03-12T13:18:47.174+0000] {logging_mixin.py:137} INFO - [2023-03-12T13:18:47.174+0000] {dag.py:3441} INFO - Setting next_dagrun for example_branch_operator to 2023-03-11T00:00:00+00:00, run_after=2023-03-12T00:00:00+00:00
[2023-03-12T13:18:47.193+0000] {processor.py:175} INFO - Processing /home/airflow/.local/lib/python3.7/site-packages/airflow/example_dags/example_branch_operator.py took 0.096 seconds
[2023-03-12T13:19:17.413+0000] {processor.py:153} INFO - Started process (PID=703) to work on /home/airflow/.local/lib/python3.7/site-packages/airflow/example_dags/example_branch_operator.py
[2023-03-12T13:19:17.414+0000] {processor.py:743} INFO - Processing file /home/airflow/.local/lib/python3.7/site-packages/airflow/example_dags/example_branch_operator.py for tasks to queue
[2023-03-12T13:19:17.414+0000] {logging_mixin.py:137} INFO - [2023-03-12T13:19:17.414+0000] {dagbag.py:538} INFO - Filling up the DagBag from /home/airflow/.local/lib/python3.7/site-packages/airflow/example_dags/example_branch_operator.py
[2023-03-12T13:19:17.430+0000] {processor.py:753} INFO - DAG(s) dict_keys(['example_branch_operator']) retrieved from /home/airflow/.local/lib/python3.7/site-packages/airflow/example_dags/example_branch_operator.py
[2023-03-12T13:19:17.456+0000] {logging_mixin.py:137} INFO - [2023-03-12T13:19:17.456+0000] {dag.py:2690} INFO - Sync 1 DAGs
[2023-03-12T13:19:17.487+0000] {logging_mixin.py:137} INFO - [2023-03-12T13:19:17.487+0000] {dag.py:3441} INFO - Setting next_dagrun for example_branch_operator to 2023-03-11T00:00:00+00:00, run_after=2023-03-12T00:00:00+00:00
[2023-03-12T13:19:17.510+0000] {processor.py:175} INFO - Processing /home/airflow/.local/lib/python3.7/site-packages/airflow/example_dags/example_branch_operator.py took 0.100 seconds
