[2023-03-12T12:43:38.075+0000] {processor.py:153} INFO - Started process (PID=102) to work on /home/airflow/.local/lib/python3.7/site-packages/airflow/example_dags/example_latest_only_with_trigger.py
[2023-03-12T12:43:38.076+0000] {processor.py:743} INFO - Processing file /home/airflow/.local/lib/python3.7/site-packages/airflow/example_dags/example_latest_only_with_trigger.py for tasks to queue
[2023-03-12T12:43:38.076+0000] {logging_mixin.py:137} INFO - [2023-03-12T12:43:38.076+0000] {dagbag.py:538} INFO - Filling up the DagBag from /home/airflow/.local/lib/python3.7/site-packages/airflow/example_dags/example_latest_only_with_trigger.py
[2023-03-12T12:43:38.090+0000] {processor.py:753} INFO - DAG(s) dict_keys(['latest_only_with_trigger']) retrieved from /home/airflow/.local/lib/python3.7/site-packages/airflow/example_dags/example_latest_only_with_trigger.py
[2023-03-12T12:43:38.103+0000] {logging_mixin.py:137} INFO - [2023-03-12T12:43:38.103+0000] {dag.py:2690} INFO - Sync 1 DAGs
[2023-03-12T12:43:38.131+0000] {logging_mixin.py:137} INFO - [2023-03-12T12:43:38.131+0000] {dag.py:3441} INFO - Setting next_dagrun for latest_only_with_trigger to 2023-03-12T08:43:38.130998+00:00, run_after=2023-03-12T12:43:38.130998+00:00
[2023-03-12T12:43:38.153+0000] {processor.py:175} INFO - Processing /home/airflow/.local/lib/python3.7/site-packages/airflow/example_dags/example_latest_only_with_trigger.py took 0.081 seconds
[2023-03-12T12:44:08.289+0000] {processor.py:153} INFO - Started process (PID=190) to work on /home/airflow/.local/lib/python3.7/site-packages/airflow/example_dags/example_latest_only_with_trigger.py
[2023-03-12T12:44:08.290+0000] {processor.py:743} INFO - Processing file /home/airflow/.local/lib/python3.7/site-packages/airflow/example_dags/example_latest_only_with_trigger.py for tasks to queue
[2023-03-12T12:44:08.290+0000] {logging_mixin.py:137} INFO - [2023-03-12T12:44:08.290+0000] {dagbag.py:538} INFO - Filling up the DagBag from /home/airflow/.local/lib/python3.7/site-packages/airflow/example_dags/example_latest_only_with_trigger.py
[2023-03-12T12:44:08.302+0000] {processor.py:753} INFO - DAG(s) dict_keys(['latest_only_with_trigger']) retrieved from /home/airflow/.local/lib/python3.7/site-packages/airflow/example_dags/example_latest_only_with_trigger.py
[2023-03-12T12:44:08.325+0000] {logging_mixin.py:137} INFO - [2023-03-12T12:44:08.325+0000] {dag.py:2690} INFO - Sync 1 DAGs
[2023-03-12T12:44:08.352+0000] {logging_mixin.py:137} INFO - [2023-03-12T12:44:08.351+0000] {dag.py:3441} INFO - Setting next_dagrun for latest_only_with_trigger to 2023-03-12T08:44:08.351603+00:00, run_after=2023-03-12T12:44:08.351603+00:00
[2023-03-12T12:44:08.372+0000] {processor.py:175} INFO - Processing /home/airflow/.local/lib/python3.7/site-packages/airflow/example_dags/example_latest_only_with_trigger.py took 0.086 seconds
[2023-03-12T12:44:38.965+0000] {processor.py:153} INFO - Started process (PID=278) to work on /home/airflow/.local/lib/python3.7/site-packages/airflow/example_dags/example_latest_only_with_trigger.py
[2023-03-12T12:44:38.966+0000] {processor.py:743} INFO - Processing file /home/airflow/.local/lib/python3.7/site-packages/airflow/example_dags/example_latest_only_with_trigger.py for tasks to queue
[2023-03-12T12:44:38.966+0000] {logging_mixin.py:137} INFO - [2023-03-12T12:44:38.966+0000] {dagbag.py:538} INFO - Filling up the DagBag from /home/airflow/.local/lib/python3.7/site-packages/airflow/example_dags/example_latest_only_with_trigger.py
[2023-03-12T12:44:38.979+0000] {processor.py:753} INFO - DAG(s) dict_keys(['latest_only_with_trigger']) retrieved from /home/airflow/.local/lib/python3.7/site-packages/airflow/example_dags/example_latest_only_with_trigger.py
[2023-03-12T12:44:39.003+0000] {logging_mixin.py:137} INFO - [2023-03-12T12:44:39.003+0000] {dag.py:2690} INFO - Sync 1 DAGs
[2023-03-12T12:44:39.029+0000] {logging_mixin.py:137} INFO - [2023-03-12T12:44:39.029+0000] {dag.py:3441} INFO - Setting next_dagrun for latest_only_with_trigger to 2023-03-12T08:44:39.028851+00:00, run_after=2023-03-12T12:44:39.028851+00:00
[2023-03-12T12:44:39.048+0000] {processor.py:175} INFO - Processing /home/airflow/.local/lib/python3.7/site-packages/airflow/example_dags/example_latest_only_with_trigger.py took 0.085 seconds
[2023-03-12T12:45:09.878+0000] {processor.py:153} INFO - Started process (PID=390) to work on /home/airflow/.local/lib/python3.7/site-packages/airflow/example_dags/example_latest_only_with_trigger.py
[2023-03-12T12:45:09.879+0000] {processor.py:743} INFO - Processing file /home/airflow/.local/lib/python3.7/site-packages/airflow/example_dags/example_latest_only_with_trigger.py for tasks to queue
[2023-03-12T12:45:09.880+0000] {logging_mixin.py:137} INFO - [2023-03-12T12:45:09.880+0000] {dagbag.py:538} INFO - Filling up the DagBag from /home/airflow/.local/lib/python3.7/site-packages/airflow/example_dags/example_latest_only_with_trigger.py
[2023-03-12T12:45:09.892+0000] {processor.py:753} INFO - DAG(s) dict_keys(['latest_only_with_trigger']) retrieved from /home/airflow/.local/lib/python3.7/site-packages/airflow/example_dags/example_latest_only_with_trigger.py
[2023-03-12T12:45:09.921+0000] {logging_mixin.py:137} INFO - [2023-03-12T12:45:09.921+0000] {dag.py:2690} INFO - Sync 1 DAGs
[2023-03-12T12:45:09.949+0000] {logging_mixin.py:137} INFO - [2023-03-12T12:45:09.949+0000] {dag.py:3441} INFO - Setting next_dagrun for latest_only_with_trigger to 2023-03-12T08:45:09.949264+00:00, run_after=2023-03-12T12:45:09.949264+00:00
[2023-03-12T12:45:09.969+0000] {processor.py:175} INFO - Processing /home/airflow/.local/lib/python3.7/site-packages/airflow/example_dags/example_latest_only_with_trigger.py took 0.094 seconds
[2023-03-12T12:45:40.603+0000] {processor.py:153} INFO - Started process (PID=478) to work on /home/airflow/.local/lib/python3.7/site-packages/airflow/example_dags/example_latest_only_with_trigger.py
[2023-03-12T12:45:40.604+0000] {processor.py:743} INFO - Processing file /home/airflow/.local/lib/python3.7/site-packages/airflow/example_dags/example_latest_only_with_trigger.py for tasks to queue
[2023-03-12T12:45:40.605+0000] {logging_mixin.py:137} INFO - [2023-03-12T12:45:40.604+0000] {dagbag.py:538} INFO - Filling up the DagBag from /home/airflow/.local/lib/python3.7/site-packages/airflow/example_dags/example_latest_only_with_trigger.py
[2023-03-12T12:45:40.618+0000] {processor.py:753} INFO - DAG(s) dict_keys(['latest_only_with_trigger']) retrieved from /home/airflow/.local/lib/python3.7/site-packages/airflow/example_dags/example_latest_only_with_trigger.py
[2023-03-12T12:45:40.643+0000] {logging_mixin.py:137} INFO - [2023-03-12T12:45:40.643+0000] {dag.py:2690} INFO - Sync 1 DAGs
[2023-03-12T12:45:40.670+0000] {logging_mixin.py:137} INFO - [2023-03-12T12:45:40.670+0000] {dag.py:3441} INFO - Setting next_dagrun for latest_only_with_trigger to 2023-03-12T08:45:40.670140+00:00, run_after=2023-03-12T12:45:40.670140+00:00
[2023-03-12T12:45:40.688+0000] {processor.py:175} INFO - Processing /home/airflow/.local/lib/python3.7/site-packages/airflow/example_dags/example_latest_only_with_trigger.py took 0.088 seconds
[2023-03-12T12:46:11.416+0000] {processor.py:153} INFO - Started process (PID=590) to work on /home/airflow/.local/lib/python3.7/site-packages/airflow/example_dags/example_latest_only_with_trigger.py
[2023-03-12T12:46:11.417+0000] {processor.py:743} INFO - Processing file /home/airflow/.local/lib/python3.7/site-packages/airflow/example_dags/example_latest_only_with_trigger.py for tasks to queue
[2023-03-12T12:46:11.418+0000] {logging_mixin.py:137} INFO - [2023-03-12T12:46:11.418+0000] {dagbag.py:538} INFO - Filling up the DagBag from /home/airflow/.local/lib/python3.7/site-packages/airflow/example_dags/example_latest_only_with_trigger.py
[2023-03-12T12:46:11.431+0000] {processor.py:753} INFO - DAG(s) dict_keys(['latest_only_with_trigger']) retrieved from /home/airflow/.local/lib/python3.7/site-packages/airflow/example_dags/example_latest_only_with_trigger.py
[2023-03-12T12:46:11.457+0000] {logging_mixin.py:137} INFO - [2023-03-12T12:46:11.457+0000] {dag.py:2690} INFO - Sync 1 DAGs
[2023-03-12T12:46:11.486+0000] {logging_mixin.py:137} INFO - [2023-03-12T12:46:11.486+0000] {dag.py:3441} INFO - Setting next_dagrun for latest_only_with_trigger to 2023-03-12T08:46:11.486402+00:00, run_after=2023-03-12T12:46:11.486402+00:00
[2023-03-12T12:46:11.505+0000] {processor.py:175} INFO - Processing /home/airflow/.local/lib/python3.7/site-packages/airflow/example_dags/example_latest_only_with_trigger.py took 0.092 seconds
[2023-03-12T12:54:40.965+0000] {processor.py:153} INFO - Started process (PID=104) to work on /home/airflow/.local/lib/python3.7/site-packages/airflow/example_dags/example_latest_only_with_trigger.py
[2023-03-12T12:54:40.966+0000] {processor.py:743} INFO - Processing file /home/airflow/.local/lib/python3.7/site-packages/airflow/example_dags/example_latest_only_with_trigger.py for tasks to queue
[2023-03-12T12:54:40.967+0000] {logging_mixin.py:137} INFO - [2023-03-12T12:54:40.967+0000] {dagbag.py:538} INFO - Filling up the DagBag from /home/airflow/.local/lib/python3.7/site-packages/airflow/example_dags/example_latest_only_with_trigger.py
[2023-03-12T12:54:40.981+0000] {processor.py:753} INFO - DAG(s) dict_keys(['latest_only_with_trigger']) retrieved from /home/airflow/.local/lib/python3.7/site-packages/airflow/example_dags/example_latest_only_with_trigger.py
[2023-03-12T12:54:40.996+0000] {logging_mixin.py:137} INFO - [2023-03-12T12:54:40.996+0000] {dag.py:2690} INFO - Sync 1 DAGs
[2023-03-12T12:54:41.026+0000] {logging_mixin.py:137} INFO - [2023-03-12T12:54:41.025+0000] {dag.py:3441} INFO - Setting next_dagrun for latest_only_with_trigger to 2023-03-12T08:54:41.025638+00:00, run_after=2023-03-12T12:54:41.025638+00:00
[2023-03-12T12:54:41.046+0000] {processor.py:175} INFO - Processing /home/airflow/.local/lib/python3.7/site-packages/airflow/example_dags/example_latest_only_with_trigger.py took 0.083 seconds
[2023-03-12T12:55:11.834+0000] {processor.py:153} INFO - Started process (PID=194) to work on /home/airflow/.local/lib/python3.7/site-packages/airflow/example_dags/example_latest_only_with_trigger.py
[2023-03-12T12:55:11.835+0000] {processor.py:743} INFO - Processing file /home/airflow/.local/lib/python3.7/site-packages/airflow/example_dags/example_latest_only_with_trigger.py for tasks to queue
[2023-03-12T12:55:11.836+0000] {logging_mixin.py:137} INFO - [2023-03-12T12:55:11.836+0000] {dagbag.py:538} INFO - Filling up the DagBag from /home/airflow/.local/lib/python3.7/site-packages/airflow/example_dags/example_latest_only_with_trigger.py
[2023-03-12T12:55:11.851+0000] {processor.py:753} INFO - DAG(s) dict_keys(['latest_only_with_trigger']) retrieved from /home/airflow/.local/lib/python3.7/site-packages/airflow/example_dags/example_latest_only_with_trigger.py
[2023-03-12T12:55:11.879+0000] {logging_mixin.py:137} INFO - [2023-03-12T12:55:11.878+0000] {dag.py:2690} INFO - Sync 1 DAGs
[2023-03-12T12:55:11.905+0000] {logging_mixin.py:137} INFO - [2023-03-12T12:55:11.905+0000] {dag.py:3441} INFO - Setting next_dagrun for latest_only_with_trigger to 2023-03-12T08:55:11.904883+00:00, run_after=2023-03-12T12:55:11.904883+00:00
[2023-03-12T12:55:11.926+0000] {processor.py:175} INFO - Processing /home/airflow/.local/lib/python3.7/site-packages/airflow/example_dags/example_latest_only_with_trigger.py took 0.095 seconds
[2023-03-12T12:55:42.618+0000] {processor.py:153} INFO - Started process (PID=293) to work on /home/airflow/.local/lib/python3.7/site-packages/airflow/example_dags/example_latest_only_with_trigger.py
[2023-03-12T12:55:42.619+0000] {processor.py:743} INFO - Processing file /home/airflow/.local/lib/python3.7/site-packages/airflow/example_dags/example_latest_only_with_trigger.py for tasks to queue
[2023-03-12T12:55:42.620+0000] {logging_mixin.py:137} INFO - [2023-03-12T12:55:42.620+0000] {dagbag.py:538} INFO - Filling up the DagBag from /home/airflow/.local/lib/python3.7/site-packages/airflow/example_dags/example_latest_only_with_trigger.py
[2023-03-12T12:55:42.635+0000] {processor.py:753} INFO - DAG(s) dict_keys(['latest_only_with_trigger']) retrieved from /home/airflow/.local/lib/python3.7/site-packages/airflow/example_dags/example_latest_only_with_trigger.py
[2023-03-12T12:55:42.663+0000] {logging_mixin.py:137} INFO - [2023-03-12T12:55:42.662+0000] {dag.py:2690} INFO - Sync 1 DAGs
[2023-03-12T12:55:42.689+0000] {logging_mixin.py:137} INFO - [2023-03-12T12:55:42.689+0000] {dag.py:3441} INFO - Setting next_dagrun for latest_only_with_trigger to 2023-03-12T08:55:42.689208+00:00, run_after=2023-03-12T12:55:42.689208+00:00
[2023-03-12T12:55:42.707+0000] {processor.py:175} INFO - Processing /home/airflow/.local/lib/python3.7/site-packages/airflow/example_dags/example_latest_only_with_trigger.py took 0.092 seconds
[2023-03-12T12:56:12.988+0000] {processor.py:153} INFO - Started process (PID=398) to work on /home/airflow/.local/lib/python3.7/site-packages/airflow/example_dags/example_latest_only_with_trigger.py
[2023-03-12T12:56:12.990+0000] {processor.py:743} INFO - Processing file /home/airflow/.local/lib/python3.7/site-packages/airflow/example_dags/example_latest_only_with_trigger.py for tasks to queue
[2023-03-12T12:56:12.990+0000] {logging_mixin.py:137} INFO - [2023-03-12T12:56:12.990+0000] {dagbag.py:538} INFO - Filling up the DagBag from /home/airflow/.local/lib/python3.7/site-packages/airflow/example_dags/example_latest_only_with_trigger.py
[2023-03-12T12:56:13.003+0000] {processor.py:753} INFO - DAG(s) dict_keys(['latest_only_with_trigger']) retrieved from /home/airflow/.local/lib/python3.7/site-packages/airflow/example_dags/example_latest_only_with_trigger.py
[2023-03-12T12:56:13.029+0000] {logging_mixin.py:137} INFO - [2023-03-12T12:56:13.028+0000] {dag.py:2690} INFO - Sync 1 DAGs
[2023-03-12T12:56:13.058+0000] {logging_mixin.py:137} INFO - [2023-03-12T12:56:13.058+0000] {dag.py:3441} INFO - Setting next_dagrun for latest_only_with_trigger to 2023-03-12T08:56:13.058440+00:00, run_after=2023-03-12T12:56:13.058440+00:00
[2023-03-12T12:56:13.079+0000] {processor.py:175} INFO - Processing /home/airflow/.local/lib/python3.7/site-packages/airflow/example_dags/example_latest_only_with_trigger.py took 0.094 seconds
[2023-03-12T12:56:43.884+0000] {processor.py:153} INFO - Started process (PID=488) to work on /home/airflow/.local/lib/python3.7/site-packages/airflow/example_dags/example_latest_only_with_trigger.py
[2023-03-12T12:56:43.885+0000] {processor.py:743} INFO - Processing file /home/airflow/.local/lib/python3.7/site-packages/airflow/example_dags/example_latest_only_with_trigger.py for tasks to queue
[2023-03-12T12:56:43.886+0000] {logging_mixin.py:137} INFO - [2023-03-12T12:56:43.886+0000] {dagbag.py:538} INFO - Filling up the DagBag from /home/airflow/.local/lib/python3.7/site-packages/airflow/example_dags/example_latest_only_with_trigger.py
[2023-03-12T12:56:43.898+0000] {processor.py:753} INFO - DAG(s) dict_keys(['latest_only_with_trigger']) retrieved from /home/airflow/.local/lib/python3.7/site-packages/airflow/example_dags/example_latest_only_with_trigger.py
[2023-03-12T12:56:43.920+0000] {logging_mixin.py:137} INFO - [2023-03-12T12:56:43.920+0000] {dag.py:2690} INFO - Sync 1 DAGs
[2023-03-12T12:56:43.944+0000] {logging_mixin.py:137} INFO - [2023-03-12T12:56:43.943+0000] {dag.py:3441} INFO - Setting next_dagrun for latest_only_with_trigger to 2023-03-12T08:56:43.943750+00:00, run_after=2023-03-12T12:56:43.943750+00:00
[2023-03-12T12:56:43.967+0000] {processor.py:175} INFO - Processing /home/airflow/.local/lib/python3.7/site-packages/airflow/example_dags/example_latest_only_with_trigger.py took 0.085 seconds
[2023-03-12T12:57:14.727+0000] {processor.py:153} INFO - Started process (PID=602) to work on /home/airflow/.local/lib/python3.7/site-packages/airflow/example_dags/example_latest_only_with_trigger.py
[2023-03-12T12:57:14.728+0000] {processor.py:743} INFO - Processing file /home/airflow/.local/lib/python3.7/site-packages/airflow/example_dags/example_latest_only_with_trigger.py for tasks to queue
[2023-03-12T12:57:14.728+0000] {logging_mixin.py:137} INFO - [2023-03-12T12:57:14.728+0000] {dagbag.py:538} INFO - Filling up the DagBag from /home/airflow/.local/lib/python3.7/site-packages/airflow/example_dags/example_latest_only_with_trigger.py
[2023-03-12T12:57:14.741+0000] {processor.py:753} INFO - DAG(s) dict_keys(['latest_only_with_trigger']) retrieved from /home/airflow/.local/lib/python3.7/site-packages/airflow/example_dags/example_latest_only_with_trigger.py
[2023-03-12T12:57:14.769+0000] {logging_mixin.py:137} INFO - [2023-03-12T12:57:14.769+0000] {dag.py:2690} INFO - Sync 1 DAGs
[2023-03-12T12:57:14.794+0000] {logging_mixin.py:137} INFO - [2023-03-12T12:57:14.793+0000] {dag.py:3441} INFO - Setting next_dagrun for latest_only_with_trigger to 2023-03-12T08:57:14.793750+00:00, run_after=2023-03-12T12:57:14.793750+00:00
[2023-03-12T12:57:14.811+0000] {processor.py:175} INFO - Processing /home/airflow/.local/lib/python3.7/site-packages/airflow/example_dags/example_latest_only_with_trigger.py took 0.087 seconds
[2023-03-12T12:57:45.410+0000] {processor.py:153} INFO - Started process (PID=692) to work on /home/airflow/.local/lib/python3.7/site-packages/airflow/example_dags/example_latest_only_with_trigger.py
[2023-03-12T12:57:45.411+0000] {processor.py:743} INFO - Processing file /home/airflow/.local/lib/python3.7/site-packages/airflow/example_dags/example_latest_only_with_trigger.py for tasks to queue
[2023-03-12T12:57:45.412+0000] {logging_mixin.py:137} INFO - [2023-03-12T12:57:45.411+0000] {dagbag.py:538} INFO - Filling up the DagBag from /home/airflow/.local/lib/python3.7/site-packages/airflow/example_dags/example_latest_only_with_trigger.py
[2023-03-12T12:57:45.424+0000] {processor.py:753} INFO - DAG(s) dict_keys(['latest_only_with_trigger']) retrieved from /home/airflow/.local/lib/python3.7/site-packages/airflow/example_dags/example_latest_only_with_trigger.py
[2023-03-12T12:57:45.447+0000] {logging_mixin.py:137} INFO - [2023-03-12T12:57:45.447+0000] {dag.py:2690} INFO - Sync 1 DAGs
[2023-03-12T12:57:45.474+0000] {logging_mixin.py:137} INFO - [2023-03-12T12:57:45.474+0000] {dag.py:3441} INFO - Setting next_dagrun for latest_only_with_trigger to 2023-03-12T08:57:45.474377+00:00, run_after=2023-03-12T12:57:45.474377+00:00
[2023-03-12T12:57:45.494+0000] {processor.py:175} INFO - Processing /home/airflow/.local/lib/python3.7/site-packages/airflow/example_dags/example_latest_only_with_trigger.py took 0.086 seconds
[2023-03-12T12:58:16.637+0000] {processor.py:153} INFO - Started process (PID=806) to work on /home/airflow/.local/lib/python3.7/site-packages/airflow/example_dags/example_latest_only_with_trigger.py
[2023-03-12T12:58:16.638+0000] {processor.py:743} INFO - Processing file /home/airflow/.local/lib/python3.7/site-packages/airflow/example_dags/example_latest_only_with_trigger.py for tasks to queue
[2023-03-12T12:58:16.638+0000] {logging_mixin.py:137} INFO - [2023-03-12T12:58:16.638+0000] {dagbag.py:538} INFO - Filling up the DagBag from /home/airflow/.local/lib/python3.7/site-packages/airflow/example_dags/example_latest_only_with_trigger.py
[2023-03-12T12:58:16.665+0000] {processor.py:753} INFO - DAG(s) dict_keys(['latest_only_with_trigger']) retrieved from /home/airflow/.local/lib/python3.7/site-packages/airflow/example_dags/example_latest_only_with_trigger.py
[2023-03-12T12:58:16.709+0000] {logging_mixin.py:137} INFO - [2023-03-12T12:58:16.708+0000] {dag.py:2690} INFO - Sync 1 DAGs
[2023-03-12T12:58:16.767+0000] {logging_mixin.py:137} INFO - [2023-03-12T12:58:16.767+0000] {dag.py:3441} INFO - Setting next_dagrun for latest_only_with_trigger to 2023-03-12T08:58:16.766978+00:00, run_after=2023-03-12T12:58:16.766978+00:00
[2023-03-12T12:58:16.802+0000] {processor.py:175} INFO - Processing /home/airflow/.local/lib/python3.7/site-packages/airflow/example_dags/example_latest_only_with_trigger.py took 0.168 seconds
[2023-03-12T13:00:36.944+0000] {processor.py:153} INFO - Started process (PID=104) to work on /home/airflow/.local/lib/python3.7/site-packages/airflow/example_dags/example_latest_only_with_trigger.py
[2023-03-12T13:00:36.945+0000] {processor.py:743} INFO - Processing file /home/airflow/.local/lib/python3.7/site-packages/airflow/example_dags/example_latest_only_with_trigger.py for tasks to queue
[2023-03-12T13:00:36.945+0000] {logging_mixin.py:137} INFO - [2023-03-12T13:00:36.945+0000] {dagbag.py:538} INFO - Filling up the DagBag from /home/airflow/.local/lib/python3.7/site-packages/airflow/example_dags/example_latest_only_with_trigger.py
[2023-03-12T13:00:36.963+0000] {processor.py:753} INFO - DAG(s) dict_keys(['latest_only_with_trigger']) retrieved from /home/airflow/.local/lib/python3.7/site-packages/airflow/example_dags/example_latest_only_with_trigger.py
[2023-03-12T13:00:36.979+0000] {logging_mixin.py:137} INFO - [2023-03-12T13:00:36.979+0000] {dag.py:2690} INFO - Sync 1 DAGs
[2023-03-12T13:00:37.015+0000] {logging_mixin.py:137} INFO - [2023-03-12T13:00:37.015+0000] {dag.py:3441} INFO - Setting next_dagrun for latest_only_with_trigger to 2023-03-12T09:00:37.015232+00:00, run_after=2023-03-12T13:00:37.015232+00:00
[2023-03-12T13:00:37.041+0000] {processor.py:175} INFO - Processing /home/airflow/.local/lib/python3.7/site-packages/airflow/example_dags/example_latest_only_with_trigger.py took 0.100 seconds
[2023-03-12T13:01:07.802+0000] {processor.py:153} INFO - Started process (PID=194) to work on /home/airflow/.local/lib/python3.7/site-packages/airflow/example_dags/example_latest_only_with_trigger.py
[2023-03-12T13:01:07.803+0000] {processor.py:743} INFO - Processing file /home/airflow/.local/lib/python3.7/site-packages/airflow/example_dags/example_latest_only_with_trigger.py for tasks to queue
[2023-03-12T13:01:07.804+0000] {logging_mixin.py:137} INFO - [2023-03-12T13:01:07.804+0000] {dagbag.py:538} INFO - Filling up the DagBag from /home/airflow/.local/lib/python3.7/site-packages/airflow/example_dags/example_latest_only_with_trigger.py
[2023-03-12T13:01:07.816+0000] {processor.py:753} INFO - DAG(s) dict_keys(['latest_only_with_trigger']) retrieved from /home/airflow/.local/lib/python3.7/site-packages/airflow/example_dags/example_latest_only_with_trigger.py
[2023-03-12T13:01:07.841+0000] {logging_mixin.py:137} INFO - [2023-03-12T13:01:07.841+0000] {dag.py:2690} INFO - Sync 1 DAGs
[2023-03-12T13:01:07.879+0000] {logging_mixin.py:137} INFO - [2023-03-12T13:01:07.878+0000] {dag.py:3441} INFO - Setting next_dagrun for latest_only_with_trigger to 2023-03-12T09:01:07.878634+00:00, run_after=2023-03-12T13:01:07.878634+00:00
[2023-03-12T13:01:07.901+0000] {processor.py:175} INFO - Processing /home/airflow/.local/lib/python3.7/site-packages/airflow/example_dags/example_latest_only_with_trigger.py took 0.102 seconds
[2023-03-12T13:01:38.706+0000] {processor.py:153} INFO - Started process (PID=284) to work on /home/airflow/.local/lib/python3.7/site-packages/airflow/example_dags/example_latest_only_with_trigger.py
[2023-03-12T13:01:38.707+0000] {processor.py:743} INFO - Processing file /home/airflow/.local/lib/python3.7/site-packages/airflow/example_dags/example_latest_only_with_trigger.py for tasks to queue
[2023-03-12T13:01:38.708+0000] {logging_mixin.py:137} INFO - [2023-03-12T13:01:38.708+0000] {dagbag.py:538} INFO - Filling up the DagBag from /home/airflow/.local/lib/python3.7/site-packages/airflow/example_dags/example_latest_only_with_trigger.py
[2023-03-12T13:01:38.722+0000] {processor.py:753} INFO - DAG(s) dict_keys(['latest_only_with_trigger']) retrieved from /home/airflow/.local/lib/python3.7/site-packages/airflow/example_dags/example_latest_only_with_trigger.py
[2023-03-12T13:01:38.747+0000] {logging_mixin.py:137} INFO - [2023-03-12T13:01:38.747+0000] {dag.py:2690} INFO - Sync 1 DAGs
[2023-03-12T13:01:38.779+0000] {logging_mixin.py:137} INFO - [2023-03-12T13:01:38.779+0000] {dag.py:3441} INFO - Setting next_dagrun for latest_only_with_trigger to 2023-03-12T09:01:38.779071+00:00, run_after=2023-03-12T13:01:38.779071+00:00
[2023-03-12T13:01:38.801+0000] {processor.py:175} INFO - Processing /home/airflow/.local/lib/python3.7/site-packages/airflow/example_dags/example_latest_only_with_trigger.py took 0.098 seconds
[2023-03-12T13:02:09.101+0000] {processor.py:153} INFO - Started process (PID=398) to work on /home/airflow/.local/lib/python3.7/site-packages/airflow/example_dags/example_latest_only_with_trigger.py
[2023-03-12T13:02:09.102+0000] {processor.py:743} INFO - Processing file /home/airflow/.local/lib/python3.7/site-packages/airflow/example_dags/example_latest_only_with_trigger.py for tasks to queue
[2023-03-12T13:02:09.103+0000] {logging_mixin.py:137} INFO - [2023-03-12T13:02:09.103+0000] {dagbag.py:538} INFO - Filling up the DagBag from /home/airflow/.local/lib/python3.7/site-packages/airflow/example_dags/example_latest_only_with_trigger.py
[2023-03-12T13:02:09.117+0000] {processor.py:753} INFO - DAG(s) dict_keys(['latest_only_with_trigger']) retrieved from /home/airflow/.local/lib/python3.7/site-packages/airflow/example_dags/example_latest_only_with_trigger.py
[2023-03-12T13:02:09.142+0000] {logging_mixin.py:137} INFO - [2023-03-12T13:02:09.142+0000] {dag.py:2690} INFO - Sync 1 DAGs
[2023-03-12T13:02:09.175+0000] {logging_mixin.py:137} INFO - [2023-03-12T13:02:09.175+0000] {dag.py:3441} INFO - Setting next_dagrun for latest_only_with_trigger to 2023-03-12T09:02:09.174774+00:00, run_after=2023-03-12T13:02:09.174774+00:00
[2023-03-12T13:02:09.197+0000] {processor.py:175} INFO - Processing /home/airflow/.local/lib/python3.7/site-packages/airflow/example_dags/example_latest_only_with_trigger.py took 0.098 seconds
[2023-03-12T13:02:40.018+0000] {processor.py:153} INFO - Started process (PID=488) to work on /home/airflow/.local/lib/python3.7/site-packages/airflow/example_dags/example_latest_only_with_trigger.py
[2023-03-12T13:02:40.018+0000] {processor.py:743} INFO - Processing file /home/airflow/.local/lib/python3.7/site-packages/airflow/example_dags/example_latest_only_with_trigger.py for tasks to queue
[2023-03-12T13:02:40.019+0000] {logging_mixin.py:137} INFO - [2023-03-12T13:02:40.019+0000] {dagbag.py:538} INFO - Filling up the DagBag from /home/airflow/.local/lib/python3.7/site-packages/airflow/example_dags/example_latest_only_with_trigger.py
[2023-03-12T13:02:40.031+0000] {processor.py:753} INFO - DAG(s) dict_keys(['latest_only_with_trigger']) retrieved from /home/airflow/.local/lib/python3.7/site-packages/airflow/example_dags/example_latest_only_with_trigger.py
[2023-03-12T13:02:40.055+0000] {logging_mixin.py:137} INFO - [2023-03-12T13:02:40.055+0000] {dag.py:2690} INFO - Sync 1 DAGs
[2023-03-12T13:02:40.080+0000] {logging_mixin.py:137} INFO - [2023-03-12T13:02:40.080+0000] {dag.py:3441} INFO - Setting next_dagrun for latest_only_with_trigger to 2023-03-12T09:02:40.079961+00:00, run_after=2023-03-12T13:02:40.079961+00:00
[2023-03-12T13:02:40.099+0000] {processor.py:175} INFO - Processing /home/airflow/.local/lib/python3.7/site-packages/airflow/example_dags/example_latest_only_with_trigger.py took 0.084 seconds
[2023-03-12T13:03:10.835+0000] {processor.py:153} INFO - Started process (PID=602) to work on /home/airflow/.local/lib/python3.7/site-packages/airflow/example_dags/example_latest_only_with_trigger.py
[2023-03-12T13:03:10.836+0000] {processor.py:743} INFO - Processing file /home/airflow/.local/lib/python3.7/site-packages/airflow/example_dags/example_latest_only_with_trigger.py for tasks to queue
[2023-03-12T13:03:10.836+0000] {logging_mixin.py:137} INFO - [2023-03-12T13:03:10.836+0000] {dagbag.py:538} INFO - Filling up the DagBag from /home/airflow/.local/lib/python3.7/site-packages/airflow/example_dags/example_latest_only_with_trigger.py
[2023-03-12T13:03:10.850+0000] {processor.py:753} INFO - DAG(s) dict_keys(['latest_only_with_trigger']) retrieved from /home/airflow/.local/lib/python3.7/site-packages/airflow/example_dags/example_latest_only_with_trigger.py
[2023-03-12T13:03:10.878+0000] {logging_mixin.py:137} INFO - [2023-03-12T13:03:10.878+0000] {dag.py:2690} INFO - Sync 1 DAGs
[2023-03-12T13:03:10.906+0000] {logging_mixin.py:137} INFO - [2023-03-12T13:03:10.906+0000] {dag.py:3441} INFO - Setting next_dagrun for latest_only_with_trigger to 2023-03-12T09:03:10.906058+00:00, run_after=2023-03-12T13:03:10.906058+00:00
[2023-03-12T13:03:10.925+0000] {processor.py:175} INFO - Processing /home/airflow/.local/lib/python3.7/site-packages/airflow/example_dags/example_latest_only_with_trigger.py took 0.093 seconds
[2023-03-12T13:03:41.779+0000] {processor.py:153} INFO - Started process (PID=692) to work on /home/airflow/.local/lib/python3.7/site-packages/airflow/example_dags/example_latest_only_with_trigger.py
[2023-03-12T13:03:41.780+0000] {processor.py:743} INFO - Processing file /home/airflow/.local/lib/python3.7/site-packages/airflow/example_dags/example_latest_only_with_trigger.py for tasks to queue
[2023-03-12T13:03:41.780+0000] {logging_mixin.py:137} INFO - [2023-03-12T13:03:41.780+0000] {dagbag.py:538} INFO - Filling up the DagBag from /home/airflow/.local/lib/python3.7/site-packages/airflow/example_dags/example_latest_only_with_trigger.py
[2023-03-12T13:03:41.793+0000] {processor.py:753} INFO - DAG(s) dict_keys(['latest_only_with_trigger']) retrieved from /home/airflow/.local/lib/python3.7/site-packages/airflow/example_dags/example_latest_only_with_trigger.py
[2023-03-12T13:03:41.819+0000] {logging_mixin.py:137} INFO - [2023-03-12T13:03:41.819+0000] {dag.py:2690} INFO - Sync 1 DAGs
[2023-03-12T13:03:41.846+0000] {logging_mixin.py:137} INFO - [2023-03-12T13:03:41.846+0000] {dag.py:3441} INFO - Setting next_dagrun for latest_only_with_trigger to 2023-03-12T09:03:41.846081+00:00, run_after=2023-03-12T13:03:41.846081+00:00
[2023-03-12T13:03:41.869+0000] {processor.py:175} INFO - Processing /home/airflow/.local/lib/python3.7/site-packages/airflow/example_dags/example_latest_only_with_trigger.py took 0.093 seconds
[2023-03-12T13:04:12.547+0000] {processor.py:153} INFO - Started process (PID=791) to work on /home/airflow/.local/lib/python3.7/site-packages/airflow/example_dags/example_latest_only_with_trigger.py
[2023-03-12T13:04:12.548+0000] {processor.py:743} INFO - Processing file /home/airflow/.local/lib/python3.7/site-packages/airflow/example_dags/example_latest_only_with_trigger.py for tasks to queue
[2023-03-12T13:04:12.548+0000] {logging_mixin.py:137} INFO - [2023-03-12T13:04:12.548+0000] {dagbag.py:538} INFO - Filling up the DagBag from /home/airflow/.local/lib/python3.7/site-packages/airflow/example_dags/example_latest_only_with_trigger.py
[2023-03-12T13:04:12.563+0000] {processor.py:753} INFO - DAG(s) dict_keys(['latest_only_with_trigger']) retrieved from /home/airflow/.local/lib/python3.7/site-packages/airflow/example_dags/example_latest_only_with_trigger.py
[2023-03-12T13:04:12.593+0000] {logging_mixin.py:137} INFO - [2023-03-12T13:04:12.593+0000] {dag.py:2690} INFO - Sync 1 DAGs
[2023-03-12T13:04:12.623+0000] {logging_mixin.py:137} INFO - [2023-03-12T13:04:12.623+0000] {dag.py:3441} INFO - Setting next_dagrun for latest_only_with_trigger to 2023-03-12T09:04:12.622798+00:00, run_after=2023-03-12T13:04:12.622798+00:00
[2023-03-12T13:04:12.640+0000] {processor.py:175} INFO - Processing /home/airflow/.local/lib/python3.7/site-packages/airflow/example_dags/example_latest_only_with_trigger.py took 0.096 seconds
[2023-03-12T13:04:43.357+0000] {processor.py:153} INFO - Started process (PID=896) to work on /home/airflow/.local/lib/python3.7/site-packages/airflow/example_dags/example_latest_only_with_trigger.py
[2023-03-12T13:04:43.358+0000] {processor.py:743} INFO - Processing file /home/airflow/.local/lib/python3.7/site-packages/airflow/example_dags/example_latest_only_with_trigger.py for tasks to queue
[2023-03-12T13:04:43.358+0000] {logging_mixin.py:137} INFO - [2023-03-12T13:04:43.358+0000] {dagbag.py:538} INFO - Filling up the DagBag from /home/airflow/.local/lib/python3.7/site-packages/airflow/example_dags/example_latest_only_with_trigger.py
[2023-03-12T13:04:43.372+0000] {processor.py:753} INFO - DAG(s) dict_keys(['latest_only_with_trigger']) retrieved from /home/airflow/.local/lib/python3.7/site-packages/airflow/example_dags/example_latest_only_with_trigger.py
[2023-03-12T13:04:43.397+0000] {logging_mixin.py:137} INFO - [2023-03-12T13:04:43.397+0000] {dag.py:2690} INFO - Sync 1 DAGs
[2023-03-12T13:04:43.423+0000] {logging_mixin.py:137} INFO - [2023-03-12T13:04:43.423+0000] {dag.py:3441} INFO - Setting next_dagrun for latest_only_with_trigger to 2023-03-12T09:04:43.422979+00:00, run_after=2023-03-12T13:04:43.422979+00:00
[2023-03-12T13:04:43.444+0000] {processor.py:175} INFO - Processing /home/airflow/.local/lib/python3.7/site-packages/airflow/example_dags/example_latest_only_with_trigger.py took 0.090 seconds
[2023-03-12T13:05:13.994+0000] {processor.py:153} INFO - Started process (PID=986) to work on /home/airflow/.local/lib/python3.7/site-packages/airflow/example_dags/example_latest_only_with_trigger.py
[2023-03-12T13:05:13.995+0000] {processor.py:743} INFO - Processing file /home/airflow/.local/lib/python3.7/site-packages/airflow/example_dags/example_latest_only_with_trigger.py for tasks to queue
[2023-03-12T13:05:13.995+0000] {logging_mixin.py:137} INFO - [2023-03-12T13:05:13.995+0000] {dagbag.py:538} INFO - Filling up the DagBag from /home/airflow/.local/lib/python3.7/site-packages/airflow/example_dags/example_latest_only_with_trigger.py
[2023-03-12T13:05:14.008+0000] {processor.py:753} INFO - DAG(s) dict_keys(['latest_only_with_trigger']) retrieved from /home/airflow/.local/lib/python3.7/site-packages/airflow/example_dags/example_latest_only_with_trigger.py
[2023-03-12T13:05:14.032+0000] {logging_mixin.py:137} INFO - [2023-03-12T13:05:14.032+0000] {dag.py:2690} INFO - Sync 1 DAGs
[2023-03-12T13:05:14.060+0000] {logging_mixin.py:137} INFO - [2023-03-12T13:05:14.060+0000] {dag.py:3441} INFO - Setting next_dagrun for latest_only_with_trigger to 2023-03-12T09:05:14.060517+00:00, run_after=2023-03-12T13:05:14.060517+00:00
[2023-03-12T13:05:14.079+0000] {processor.py:175} INFO - Processing /home/airflow/.local/lib/python3.7/site-packages/airflow/example_dags/example_latest_only_with_trigger.py took 0.088 seconds
[2023-03-12T13:05:44.728+0000] {processor.py:153} INFO - Started process (PID=1101) to work on /home/airflow/.local/lib/python3.7/site-packages/airflow/example_dags/example_latest_only_with_trigger.py
[2023-03-12T13:05:44.729+0000] {processor.py:743} INFO - Processing file /home/airflow/.local/lib/python3.7/site-packages/airflow/example_dags/example_latest_only_with_trigger.py for tasks to queue
[2023-03-12T13:05:44.730+0000] {logging_mixin.py:137} INFO - [2023-03-12T13:05:44.730+0000] {dagbag.py:538} INFO - Filling up the DagBag from /home/airflow/.local/lib/python3.7/site-packages/airflow/example_dags/example_latest_only_with_trigger.py
[2023-03-12T13:05:44.744+0000] {processor.py:753} INFO - DAG(s) dict_keys(['latest_only_with_trigger']) retrieved from /home/airflow/.local/lib/python3.7/site-packages/airflow/example_dags/example_latest_only_with_trigger.py
[2023-03-12T13:05:44.781+0000] {logging_mixin.py:137} INFO - [2023-03-12T13:05:44.781+0000] {dag.py:2690} INFO - Sync 1 DAGs
[2023-03-12T13:05:44.807+0000] {logging_mixin.py:137} INFO - [2023-03-12T13:05:44.807+0000] {dag.py:3441} INFO - Setting next_dagrun for latest_only_with_trigger to 2023-03-12T09:05:44.806936+00:00, run_after=2023-03-12T13:05:44.806936+00:00
[2023-03-12T13:05:44.830+0000] {processor.py:175} INFO - Processing /home/airflow/.local/lib/python3.7/site-packages/airflow/example_dags/example_latest_only_with_trigger.py took 0.105 seconds
[2023-03-12T13:06:15.642+0000] {processor.py:153} INFO - Started process (PID=1191) to work on /home/airflow/.local/lib/python3.7/site-packages/airflow/example_dags/example_latest_only_with_trigger.py
[2023-03-12T13:06:15.643+0000] {processor.py:743} INFO - Processing file /home/airflow/.local/lib/python3.7/site-packages/airflow/example_dags/example_latest_only_with_trigger.py for tasks to queue
[2023-03-12T13:06:15.644+0000] {logging_mixin.py:137} INFO - [2023-03-12T13:06:15.644+0000] {dagbag.py:538} INFO - Filling up the DagBag from /home/airflow/.local/lib/python3.7/site-packages/airflow/example_dags/example_latest_only_with_trigger.py
[2023-03-12T13:06:15.665+0000] {processor.py:753} INFO - DAG(s) dict_keys(['latest_only_with_trigger']) retrieved from /home/airflow/.local/lib/python3.7/site-packages/airflow/example_dags/example_latest_only_with_trigger.py
[2023-03-12T13:06:15.708+0000] {logging_mixin.py:137} INFO - [2023-03-12T13:06:15.708+0000] {dag.py:2690} INFO - Sync 1 DAGs
[2023-03-12T13:06:15.746+0000] {logging_mixin.py:137} INFO - [2023-03-12T13:06:15.745+0000] {dag.py:3441} INFO - Setting next_dagrun for latest_only_with_trigger to 2023-03-12T09:06:15.745566+00:00, run_after=2023-03-12T13:06:15.745566+00:00
[2023-03-12T13:06:15.786+0000] {processor.py:175} INFO - Processing /home/airflow/.local/lib/python3.7/site-packages/airflow/example_dags/example_latest_only_with_trigger.py took 0.147 seconds
[2023-03-12T13:06:46.354+0000] {processor.py:153} INFO - Started process (PID=1315) to work on /home/airflow/.local/lib/python3.7/site-packages/airflow/example_dags/example_latest_only_with_trigger.py
[2023-03-12T13:06:46.355+0000] {processor.py:743} INFO - Processing file /home/airflow/.local/lib/python3.7/site-packages/airflow/example_dags/example_latest_only_with_trigger.py for tasks to queue
[2023-03-12T13:06:46.355+0000] {logging_mixin.py:137} INFO - [2023-03-12T13:06:46.355+0000] {dagbag.py:538} INFO - Filling up the DagBag from /home/airflow/.local/lib/python3.7/site-packages/airflow/example_dags/example_latest_only_with_trigger.py
[2023-03-12T13:06:46.369+0000] {processor.py:753} INFO - DAG(s) dict_keys(['latest_only_with_trigger']) retrieved from /home/airflow/.local/lib/python3.7/site-packages/airflow/example_dags/example_latest_only_with_trigger.py
[2023-03-12T13:06:46.394+0000] {logging_mixin.py:137} INFO - [2023-03-12T13:06:46.394+0000] {dag.py:2690} INFO - Sync 1 DAGs
[2023-03-12T13:06:46.423+0000] {logging_mixin.py:137} INFO - [2023-03-12T13:06:46.423+0000] {dag.py:3441} INFO - Setting next_dagrun for latest_only_with_trigger to 2023-03-12T09:06:46.423231+00:00, run_after=2023-03-12T13:06:46.423231+00:00
[2023-03-12T13:06:46.442+0000] {processor.py:175} INFO - Processing /home/airflow/.local/lib/python3.7/site-packages/airflow/example_dags/example_latest_only_with_trigger.py took 0.091 seconds
[2023-03-12T13:07:03.876+0000] {processor.py:153} INFO - Started process (PID=80) to work on /home/airflow/.local/lib/python3.7/site-packages/airflow/example_dags/example_latest_only_with_trigger.py
[2023-03-12T13:07:03.877+0000] {processor.py:743} INFO - Processing file /home/airflow/.local/lib/python3.7/site-packages/airflow/example_dags/example_latest_only_with_trigger.py for tasks to queue
[2023-03-12T13:07:03.878+0000] {logging_mixin.py:137} INFO - [2023-03-12T13:07:03.877+0000] {dagbag.py:538} INFO - Filling up the DagBag from /home/airflow/.local/lib/python3.7/site-packages/airflow/example_dags/example_latest_only_with_trigger.py
[2023-03-12T13:07:03.960+0000] {processor.py:753} INFO - DAG(s) dict_keys(['latest_only_with_trigger']) retrieved from /home/airflow/.local/lib/python3.7/site-packages/airflow/example_dags/example_latest_only_with_trigger.py
[2023-03-12T13:07:03.974+0000] {logging_mixin.py:137} INFO - [2023-03-12T13:07:03.974+0000] {dag.py:2690} INFO - Sync 1 DAGs
[2023-03-12T13:07:04.068+0000] {logging_mixin.py:137} INFO - [2023-03-12T13:07:04.068+0000] {dag.py:3441} INFO - Setting next_dagrun for latest_only_with_trigger to 2023-03-12T09:07:04.067847+00:00, run_after=2023-03-12T13:07:04.067847+00:00
[2023-03-12T13:07:04.165+0000] {processor.py:175} INFO - Processing /home/airflow/.local/lib/python3.7/site-packages/airflow/example_dags/example_latest_only_with_trigger.py took 0.292 seconds
[2023-03-12T13:07:34.598+0000] {processor.py:153} INFO - Started process (PID=178) to work on /home/airflow/.local/lib/python3.7/site-packages/airflow/example_dags/example_latest_only_with_trigger.py
[2023-03-12T13:07:34.599+0000] {processor.py:743} INFO - Processing file /home/airflow/.local/lib/python3.7/site-packages/airflow/example_dags/example_latest_only_with_trigger.py for tasks to queue
[2023-03-12T13:07:34.599+0000] {logging_mixin.py:137} INFO - [2023-03-12T13:07:34.599+0000] {dagbag.py:538} INFO - Filling up the DagBag from /home/airflow/.local/lib/python3.7/site-packages/airflow/example_dags/example_latest_only_with_trigger.py
[2023-03-12T13:07:34.670+0000] {processor.py:753} INFO - DAG(s) dict_keys(['latest_only_with_trigger']) retrieved from /home/airflow/.local/lib/python3.7/site-packages/airflow/example_dags/example_latest_only_with_trigger.py
[2023-03-12T13:07:34.696+0000] {logging_mixin.py:137} INFO - [2023-03-12T13:07:34.696+0000] {dag.py:2690} INFO - Sync 1 DAGs
[2023-03-12T13:07:34.773+0000] {logging_mixin.py:137} INFO - [2023-03-12T13:07:34.772+0000] {dag.py:3441} INFO - Setting next_dagrun for latest_only_with_trigger to 2023-03-12T09:07:34.772529+00:00, run_after=2023-03-12T13:07:34.772529+00:00
[2023-03-12T13:07:34.794+0000] {processor.py:175} INFO - Processing /home/airflow/.local/lib/python3.7/site-packages/airflow/example_dags/example_latest_only_with_trigger.py took 0.199 seconds
[2023-03-12T13:08:05.217+0000] {processor.py:153} INFO - Started process (PID=283) to work on /home/airflow/.local/lib/python3.7/site-packages/airflow/example_dags/example_latest_only_with_trigger.py
[2023-03-12T13:08:05.218+0000] {processor.py:743} INFO - Processing file /home/airflow/.local/lib/python3.7/site-packages/airflow/example_dags/example_latest_only_with_trigger.py for tasks to queue
[2023-03-12T13:08:05.218+0000] {logging_mixin.py:137} INFO - [2023-03-12T13:08:05.218+0000] {dagbag.py:538} INFO - Filling up the DagBag from /home/airflow/.local/lib/python3.7/site-packages/airflow/example_dags/example_latest_only_with_trigger.py
[2023-03-12T13:08:05.231+0000] {processor.py:753} INFO - DAG(s) dict_keys(['latest_only_with_trigger']) retrieved from /home/airflow/.local/lib/python3.7/site-packages/airflow/example_dags/example_latest_only_with_trigger.py
[2023-03-12T13:08:05.255+0000] {logging_mixin.py:137} INFO - [2023-03-12T13:08:05.255+0000] {dag.py:2690} INFO - Sync 1 DAGs
[2023-03-12T13:08:05.280+0000] {logging_mixin.py:137} INFO - [2023-03-12T13:08:05.280+0000] {dag.py:3441} INFO - Setting next_dagrun for latest_only_with_trigger to 2023-03-12T09:08:05.280339+00:00, run_after=2023-03-12T13:08:05.280339+00:00
[2023-03-12T13:08:05.297+0000] {processor.py:175} INFO - Processing /home/airflow/.local/lib/python3.7/site-packages/airflow/example_dags/example_latest_only_with_trigger.py took 0.083 seconds
[2023-03-12T13:08:36.083+0000] {processor.py:153} INFO - Started process (PID=374) to work on /home/airflow/.local/lib/python3.7/site-packages/airflow/example_dags/example_latest_only_with_trigger.py
[2023-03-12T13:08:36.084+0000] {processor.py:743} INFO - Processing file /home/airflow/.local/lib/python3.7/site-packages/airflow/example_dags/example_latest_only_with_trigger.py for tasks to queue
[2023-03-12T13:08:36.085+0000] {logging_mixin.py:137} INFO - [2023-03-12T13:08:36.085+0000] {dagbag.py:538} INFO - Filling up the DagBag from /home/airflow/.local/lib/python3.7/site-packages/airflow/example_dags/example_latest_only_with_trigger.py
[2023-03-12T13:08:36.098+0000] {processor.py:753} INFO - DAG(s) dict_keys(['latest_only_with_trigger']) retrieved from /home/airflow/.local/lib/python3.7/site-packages/airflow/example_dags/example_latest_only_with_trigger.py
[2023-03-12T13:08:36.123+0000] {logging_mixin.py:137} INFO - [2023-03-12T13:08:36.123+0000] {dag.py:2690} INFO - Sync 1 DAGs
[2023-03-12T13:08:36.148+0000] {logging_mixin.py:137} INFO - [2023-03-12T13:08:36.148+0000] {dag.py:3441} INFO - Setting next_dagrun for latest_only_with_trigger to 2023-03-12T09:08:36.148396+00:00, run_after=2023-03-12T13:08:36.148396+00:00
[2023-03-12T13:08:36.171+0000] {processor.py:175} INFO - Processing /home/airflow/.local/lib/python3.7/site-packages/airflow/example_dags/example_latest_only_with_trigger.py took 0.091 seconds
[2023-03-12T13:08:58.141+0000] {processor.py:153} INFO - Started process (PID=80) to work on /home/airflow/.local/lib/python3.7/site-packages/airflow/example_dags/example_latest_only_with_trigger.py
[2023-03-12T13:08:58.143+0000] {processor.py:743} INFO - Processing file /home/airflow/.local/lib/python3.7/site-packages/airflow/example_dags/example_latest_only_with_trigger.py for tasks to queue
[2023-03-12T13:08:58.143+0000] {logging_mixin.py:137} INFO - [2023-03-12T13:08:58.143+0000] {dagbag.py:538} INFO - Filling up the DagBag from /home/airflow/.local/lib/python3.7/site-packages/airflow/example_dags/example_latest_only_with_trigger.py
[2023-03-12T13:08:58.163+0000] {processor.py:753} INFO - DAG(s) dict_keys(['latest_only_with_trigger']) retrieved from /home/airflow/.local/lib/python3.7/site-packages/airflow/example_dags/example_latest_only_with_trigger.py
[2023-03-12T13:08:58.176+0000] {logging_mixin.py:137} INFO - [2023-03-12T13:08:58.176+0000] {dag.py:2690} INFO - Sync 1 DAGs
[2023-03-12T13:08:58.204+0000] {logging_mixin.py:137} INFO - [2023-03-12T13:08:58.204+0000] {dag.py:3441} INFO - Setting next_dagrun for latest_only_with_trigger to 2023-03-12T09:08:58.204425+00:00, run_after=2023-03-12T13:08:58.204425+00:00
[2023-03-12T13:08:58.226+0000] {processor.py:175} INFO - Processing /home/airflow/.local/lib/python3.7/site-packages/airflow/example_dags/example_latest_only_with_trigger.py took 0.087 seconds
[2023-03-12T13:09:28.913+0000] {processor.py:153} INFO - Started process (PID=194) to work on /home/airflow/.local/lib/python3.7/site-packages/airflow/example_dags/example_latest_only_with_trigger.py
[2023-03-12T13:09:28.914+0000] {processor.py:743} INFO - Processing file /home/airflow/.local/lib/python3.7/site-packages/airflow/example_dags/example_latest_only_with_trigger.py for tasks to queue
[2023-03-12T13:09:28.915+0000] {logging_mixin.py:137} INFO - [2023-03-12T13:09:28.914+0000] {dagbag.py:538} INFO - Filling up the DagBag from /home/airflow/.local/lib/python3.7/site-packages/airflow/example_dags/example_latest_only_with_trigger.py
[2023-03-12T13:09:28.927+0000] {processor.py:753} INFO - DAG(s) dict_keys(['latest_only_with_trigger']) retrieved from /home/airflow/.local/lib/python3.7/site-packages/airflow/example_dags/example_latest_only_with_trigger.py
[2023-03-12T13:09:28.953+0000] {logging_mixin.py:137} INFO - [2023-03-12T13:09:28.953+0000] {dag.py:2690} INFO - Sync 1 DAGs
[2023-03-12T13:09:28.979+0000] {logging_mixin.py:137} INFO - [2023-03-12T13:09:28.979+0000] {dag.py:3441} INFO - Setting next_dagrun for latest_only_with_trigger to 2023-03-12T09:09:28.979334+00:00, run_after=2023-03-12T13:09:28.979334+00:00
[2023-03-12T13:09:28.997+0000] {processor.py:175} INFO - Processing /home/airflow/.local/lib/python3.7/site-packages/airflow/example_dags/example_latest_only_with_trigger.py took 0.087 seconds
[2023-03-12T13:09:59.890+0000] {processor.py:153} INFO - Started process (PID=284) to work on /home/airflow/.local/lib/python3.7/site-packages/airflow/example_dags/example_latest_only_with_trigger.py
[2023-03-12T13:09:59.891+0000] {processor.py:743} INFO - Processing file /home/airflow/.local/lib/python3.7/site-packages/airflow/example_dags/example_latest_only_with_trigger.py for tasks to queue
[2023-03-12T13:09:59.892+0000] {logging_mixin.py:137} INFO - [2023-03-12T13:09:59.892+0000] {dagbag.py:538} INFO - Filling up the DagBag from /home/airflow/.local/lib/python3.7/site-packages/airflow/example_dags/example_latest_only_with_trigger.py
[2023-03-12T13:09:59.906+0000] {processor.py:753} INFO - DAG(s) dict_keys(['latest_only_with_trigger']) retrieved from /home/airflow/.local/lib/python3.7/site-packages/airflow/example_dags/example_latest_only_with_trigger.py
[2023-03-12T13:09:59.929+0000] {logging_mixin.py:137} INFO - [2023-03-12T13:09:59.928+0000] {dag.py:2690} INFO - Sync 1 DAGs
[2023-03-12T13:09:59.961+0000] {logging_mixin.py:137} INFO - [2023-03-12T13:09:59.961+0000] {dag.py:3441} INFO - Setting next_dagrun for latest_only_with_trigger to 2023-03-12T09:09:59.960987+00:00, run_after=2023-03-12T13:09:59.960987+00:00
[2023-03-12T13:09:59.980+0000] {processor.py:175} INFO - Processing /home/airflow/.local/lib/python3.7/site-packages/airflow/example_dags/example_latest_only_with_trigger.py took 0.093 seconds
[2023-03-12T13:10:30.993+0000] {processor.py:153} INFO - Started process (PID=408) to work on /home/airflow/.local/lib/python3.7/site-packages/airflow/example_dags/example_latest_only_with_trigger.py
[2023-03-12T13:10:30.994+0000] {processor.py:743} INFO - Processing file /home/airflow/.local/lib/python3.7/site-packages/airflow/example_dags/example_latest_only_with_trigger.py for tasks to queue
[2023-03-12T13:10:30.995+0000] {logging_mixin.py:137} INFO - [2023-03-12T13:10:30.995+0000] {dagbag.py:538} INFO - Filling up the DagBag from /home/airflow/.local/lib/python3.7/site-packages/airflow/example_dags/example_latest_only_with_trigger.py
[2023-03-12T13:10:31.008+0000] {processor.py:753} INFO - DAG(s) dict_keys(['latest_only_with_trigger']) retrieved from /home/airflow/.local/lib/python3.7/site-packages/airflow/example_dags/example_latest_only_with_trigger.py
[2023-03-12T13:10:31.033+0000] {logging_mixin.py:137} INFO - [2023-03-12T13:10:31.033+0000] {dag.py:2690} INFO - Sync 1 DAGs
[2023-03-12T13:10:31.064+0000] {logging_mixin.py:137} INFO - [2023-03-12T13:10:31.064+0000] {dag.py:3441} INFO - Setting next_dagrun for latest_only_with_trigger to 2023-03-12T09:10:31.064094+00:00, run_after=2023-03-12T13:10:31.064094+00:00
[2023-03-12T13:10:31.086+0000] {processor.py:175} INFO - Processing /home/airflow/.local/lib/python3.7/site-packages/airflow/example_dags/example_latest_only_with_trigger.py took 0.096 seconds
[2023-03-12T13:11:01.994+0000] {processor.py:153} INFO - Started process (PID=502) to work on /home/airflow/.local/lib/python3.7/site-packages/airflow/example_dags/example_latest_only_with_trigger.py
[2023-03-12T13:11:01.995+0000] {processor.py:743} INFO - Processing file /home/airflow/.local/lib/python3.7/site-packages/airflow/example_dags/example_latest_only_with_trigger.py for tasks to queue
[2023-03-12T13:11:01.995+0000] {logging_mixin.py:137} INFO - [2023-03-12T13:11:01.995+0000] {dagbag.py:538} INFO - Filling up the DagBag from /home/airflow/.local/lib/python3.7/site-packages/airflow/example_dags/example_latest_only_with_trigger.py
[2023-03-12T13:11:02.008+0000] {processor.py:753} INFO - DAG(s) dict_keys(['latest_only_with_trigger']) retrieved from /home/airflow/.local/lib/python3.7/site-packages/airflow/example_dags/example_latest_only_with_trigger.py
[2023-03-12T13:11:02.031+0000] {logging_mixin.py:137} INFO - [2023-03-12T13:11:02.031+0000] {dag.py:2690} INFO - Sync 1 DAGs
[2023-03-12T13:11:02.059+0000] {logging_mixin.py:137} INFO - [2023-03-12T13:11:02.059+0000] {dag.py:3441} INFO - Setting next_dagrun for latest_only_with_trigger to 2023-03-12T09:11:02.058930+00:00, run_after=2023-03-12T13:11:02.058930+00:00
[2023-03-12T13:11:02.081+0000] {processor.py:175} INFO - Processing /home/airflow/.local/lib/python3.7/site-packages/airflow/example_dags/example_latest_only_with_trigger.py took 0.090 seconds
[2023-03-12T13:11:33.156+0000] {processor.py:153} INFO - Started process (PID=601) to work on /home/airflow/.local/lib/python3.7/site-packages/airflow/example_dags/example_latest_only_with_trigger.py
[2023-03-12T13:11:33.157+0000] {processor.py:743} INFO - Processing file /home/airflow/.local/lib/python3.7/site-packages/airflow/example_dags/example_latest_only_with_trigger.py for tasks to queue
[2023-03-12T13:11:33.158+0000] {logging_mixin.py:137} INFO - [2023-03-12T13:11:33.158+0000] {dagbag.py:538} INFO - Filling up the DagBag from /home/airflow/.local/lib/python3.7/site-packages/airflow/example_dags/example_latest_only_with_trigger.py
[2023-03-12T13:11:33.171+0000] {processor.py:753} INFO - DAG(s) dict_keys(['latest_only_with_trigger']) retrieved from /home/airflow/.local/lib/python3.7/site-packages/airflow/example_dags/example_latest_only_with_trigger.py
[2023-03-12T13:11:33.202+0000] {logging_mixin.py:137} INFO - [2023-03-12T13:11:33.202+0000] {dag.py:2690} INFO - Sync 1 DAGs
[2023-03-12T13:11:33.268+0000] {logging_mixin.py:137} INFO - [2023-03-12T13:11:33.268+0000] {dag.py:3441} INFO - Setting next_dagrun for latest_only_with_trigger to 2023-03-12T09:11:33.268237+00:00, run_after=2023-03-12T13:11:33.268237+00:00
[2023-03-12T13:11:33.296+0000] {processor.py:175} INFO - Processing /home/airflow/.local/lib/python3.7/site-packages/airflow/example_dags/example_latest_only_with_trigger.py took 0.146 seconds
[2023-03-12T13:12:03.424+0000] {processor.py:153} INFO - Started process (PID=710) to work on /home/airflow/.local/lib/python3.7/site-packages/airflow/example_dags/example_latest_only_with_trigger.py
[2023-03-12T13:12:03.424+0000] {processor.py:743} INFO - Processing file /home/airflow/.local/lib/python3.7/site-packages/airflow/example_dags/example_latest_only_with_trigger.py for tasks to queue
[2023-03-12T13:12:03.425+0000] {logging_mixin.py:137} INFO - [2023-03-12T13:12:03.425+0000] {dagbag.py:538} INFO - Filling up the DagBag from /home/airflow/.local/lib/python3.7/site-packages/airflow/example_dags/example_latest_only_with_trigger.py
[2023-03-12T13:12:03.437+0000] {processor.py:753} INFO - DAG(s) dict_keys(['latest_only_with_trigger']) retrieved from /home/airflow/.local/lib/python3.7/site-packages/airflow/example_dags/example_latest_only_with_trigger.py
[2023-03-12T13:12:03.460+0000] {logging_mixin.py:137} INFO - [2023-03-12T13:12:03.460+0000] {dag.py:2690} INFO - Sync 1 DAGs
[2023-03-12T13:12:03.485+0000] {logging_mixin.py:137} INFO - [2023-03-12T13:12:03.485+0000] {dag.py:3441} INFO - Setting next_dagrun for latest_only_with_trigger to 2023-03-12T09:12:03.485207+00:00, run_after=2023-03-12T13:12:03.485207+00:00
[2023-03-12T13:12:03.502+0000] {processor.py:175} INFO - Processing /home/airflow/.local/lib/python3.7/site-packages/airflow/example_dags/example_latest_only_with_trigger.py took 0.081 seconds
[2023-03-12T13:12:34.378+0000] {processor.py:153} INFO - Started process (PID=800) to work on /home/airflow/.local/lib/python3.7/site-packages/airflow/example_dags/example_latest_only_with_trigger.py
[2023-03-12T13:12:34.378+0000] {processor.py:743} INFO - Processing file /home/airflow/.local/lib/python3.7/site-packages/airflow/example_dags/example_latest_only_with_trigger.py for tasks to queue
[2023-03-12T13:12:34.379+0000] {logging_mixin.py:137} INFO - [2023-03-12T13:12:34.379+0000] {dagbag.py:538} INFO - Filling up the DagBag from /home/airflow/.local/lib/python3.7/site-packages/airflow/example_dags/example_latest_only_with_trigger.py
[2023-03-12T13:12:34.391+0000] {processor.py:753} INFO - DAG(s) dict_keys(['latest_only_with_trigger']) retrieved from /home/airflow/.local/lib/python3.7/site-packages/airflow/example_dags/example_latest_only_with_trigger.py
[2023-03-12T13:12:34.414+0000] {logging_mixin.py:137} INFO - [2023-03-12T13:12:34.414+0000] {dag.py:2690} INFO - Sync 1 DAGs
[2023-03-12T13:12:34.439+0000] {logging_mixin.py:137} INFO - [2023-03-12T13:12:34.439+0000] {dag.py:3441} INFO - Setting next_dagrun for latest_only_with_trigger to 2023-03-12T09:12:34.439522+00:00, run_after=2023-03-12T13:12:34.439522+00:00
[2023-03-12T13:12:34.465+0000] {processor.py:175} INFO - Processing /home/airflow/.local/lib/python3.7/site-packages/airflow/example_dags/example_latest_only_with_trigger.py took 0.090 seconds
[2023-03-12T13:13:04.702+0000] {processor.py:153} INFO - Started process (PID=918) to work on /home/airflow/.local/lib/python3.7/site-packages/airflow/example_dags/example_latest_only_with_trigger.py
[2023-03-12T13:13:04.703+0000] {processor.py:743} INFO - Processing file /home/airflow/.local/lib/python3.7/site-packages/airflow/example_dags/example_latest_only_with_trigger.py for tasks to queue
[2023-03-12T13:13:04.704+0000] {logging_mixin.py:137} INFO - [2023-03-12T13:13:04.704+0000] {dagbag.py:538} INFO - Filling up the DagBag from /home/airflow/.local/lib/python3.7/site-packages/airflow/example_dags/example_latest_only_with_trigger.py
[2023-03-12T13:13:04.717+0000] {processor.py:753} INFO - DAG(s) dict_keys(['latest_only_with_trigger']) retrieved from /home/airflow/.local/lib/python3.7/site-packages/airflow/example_dags/example_latest_only_with_trigger.py
[2023-03-12T13:13:04.743+0000] {logging_mixin.py:137} INFO - [2023-03-12T13:13:04.743+0000] {dag.py:2690} INFO - Sync 1 DAGs
[2023-03-12T13:13:04.779+0000] {logging_mixin.py:137} INFO - [2023-03-12T13:13:04.778+0000] {dag.py:3441} INFO - Setting next_dagrun for latest_only_with_trigger to 2023-03-12T09:13:04.778658+00:00, run_after=2023-03-12T13:13:04.778658+00:00
[2023-03-12T13:13:04.799+0000] {processor.py:175} INFO - Processing /home/airflow/.local/lib/python3.7/site-packages/airflow/example_dags/example_latest_only_with_trigger.py took 0.101 seconds
[2023-03-12T13:13:35.000+0000] {processor.py:153} INFO - Started process (PID=1008) to work on /home/airflow/.local/lib/python3.7/site-packages/airflow/example_dags/example_latest_only_with_trigger.py
[2023-03-12T13:13:35.001+0000] {processor.py:743} INFO - Processing file /home/airflow/.local/lib/python3.7/site-packages/airflow/example_dags/example_latest_only_with_trigger.py for tasks to queue
[2023-03-12T13:13:35.001+0000] {logging_mixin.py:137} INFO - [2023-03-12T13:13:35.001+0000] {dagbag.py:538} INFO - Filling up the DagBag from /home/airflow/.local/lib/python3.7/site-packages/airflow/example_dags/example_latest_only_with_trigger.py
[2023-03-12T13:13:35.013+0000] {processor.py:753} INFO - DAG(s) dict_keys(['latest_only_with_trigger']) retrieved from /home/airflow/.local/lib/python3.7/site-packages/airflow/example_dags/example_latest_only_with_trigger.py
[2023-03-12T13:13:35.037+0000] {logging_mixin.py:137} INFO - [2023-03-12T13:13:35.037+0000] {dag.py:2690} INFO - Sync 1 DAGs
[2023-03-12T13:13:35.066+0000] {logging_mixin.py:137} INFO - [2023-03-12T13:13:35.066+0000] {dag.py:3441} INFO - Setting next_dagrun for latest_only_with_trigger to 2023-03-12T09:13:35.065974+00:00, run_after=2023-03-12T13:13:35.065974+00:00
[2023-03-12T13:13:35.084+0000] {processor.py:175} INFO - Processing /home/airflow/.local/lib/python3.7/site-packages/airflow/example_dags/example_latest_only_with_trigger.py took 0.087 seconds
[2023-03-12T13:14:05.970+0000] {processor.py:153} INFO - Started process (PID=1126) to work on /home/airflow/.local/lib/python3.7/site-packages/airflow/example_dags/example_latest_only_with_trigger.py
[2023-03-12T13:14:05.971+0000] {processor.py:743} INFO - Processing file /home/airflow/.local/lib/python3.7/site-packages/airflow/example_dags/example_latest_only_with_trigger.py for tasks to queue
[2023-03-12T13:14:05.972+0000] {logging_mixin.py:137} INFO - [2023-03-12T13:14:05.972+0000] {dagbag.py:538} INFO - Filling up the DagBag from /home/airflow/.local/lib/python3.7/site-packages/airflow/example_dags/example_latest_only_with_trigger.py
[2023-03-12T13:14:05.987+0000] {processor.py:753} INFO - DAG(s) dict_keys(['latest_only_with_trigger']) retrieved from /home/airflow/.local/lib/python3.7/site-packages/airflow/example_dags/example_latest_only_with_trigger.py
[2023-03-12T13:14:06.012+0000] {logging_mixin.py:137} INFO - [2023-03-12T13:14:06.012+0000] {dag.py:2690} INFO - Sync 1 DAGs
[2023-03-12T13:14:06.038+0000] {logging_mixin.py:137} INFO - [2023-03-12T13:14:06.038+0000] {dag.py:3441} INFO - Setting next_dagrun for latest_only_with_trigger to 2023-03-12T09:14:06.038280+00:00, run_after=2023-03-12T13:14:06.038280+00:00
[2023-03-12T13:14:06.063+0000] {processor.py:175} INFO - Processing /home/airflow/.local/lib/python3.7/site-packages/airflow/example_dags/example_latest_only_with_trigger.py took 0.096 seconds
[2023-03-12T13:14:36.249+0000] {processor.py:153} INFO - Started process (PID=1216) to work on /home/airflow/.local/lib/python3.7/site-packages/airflow/example_dags/example_latest_only_with_trigger.py
[2023-03-12T13:14:36.254+0000] {processor.py:743} INFO - Processing file /home/airflow/.local/lib/python3.7/site-packages/airflow/example_dags/example_latest_only_with_trigger.py for tasks to queue
[2023-03-12T13:14:36.255+0000] {logging_mixin.py:137} INFO - [2023-03-12T13:14:36.255+0000] {dagbag.py:538} INFO - Filling up the DagBag from /home/airflow/.local/lib/python3.7/site-packages/airflow/example_dags/example_latest_only_with_trigger.py
[2023-03-12T13:14:36.272+0000] {processor.py:753} INFO - DAG(s) dict_keys(['latest_only_with_trigger']) retrieved from /home/airflow/.local/lib/python3.7/site-packages/airflow/example_dags/example_latest_only_with_trigger.py
[2023-03-12T13:14:36.300+0000] {logging_mixin.py:137} INFO - [2023-03-12T13:14:36.300+0000] {dag.py:2690} INFO - Sync 1 DAGs
[2023-03-12T13:14:36.330+0000] {logging_mixin.py:137} INFO - [2023-03-12T13:14:36.330+0000] {dag.py:3441} INFO - Setting next_dagrun for latest_only_with_trigger to 2023-03-12T09:14:36.330016+00:00, run_after=2023-03-12T13:14:36.330016+00:00
[2023-03-12T13:14:36.351+0000] {processor.py:175} INFO - Processing /home/airflow/.local/lib/python3.7/site-packages/airflow/example_dags/example_latest_only_with_trigger.py took 0.107 seconds
[2023-03-12T13:15:06.702+0000] {processor.py:153} INFO - Started process (PID=1310) to work on /home/airflow/.local/lib/python3.7/site-packages/airflow/example_dags/example_latest_only_with_trigger.py
[2023-03-12T13:15:06.704+0000] {processor.py:743} INFO - Processing file /home/airflow/.local/lib/python3.7/site-packages/airflow/example_dags/example_latest_only_with_trigger.py for tasks to queue
[2023-03-12T13:15:06.704+0000] {logging_mixin.py:137} INFO - [2023-03-12T13:15:06.704+0000] {dagbag.py:538} INFO - Filling up the DagBag from /home/airflow/.local/lib/python3.7/site-packages/airflow/example_dags/example_latest_only_with_trigger.py
[2023-03-12T13:15:06.719+0000] {processor.py:753} INFO - DAG(s) dict_keys(['latest_only_with_trigger']) retrieved from /home/airflow/.local/lib/python3.7/site-packages/airflow/example_dags/example_latest_only_with_trigger.py
[2023-03-12T13:15:06.748+0000] {logging_mixin.py:137} INFO - [2023-03-12T13:15:06.747+0000] {dag.py:2690} INFO - Sync 1 DAGs
[2023-03-12T13:15:06.778+0000] {logging_mixin.py:137} INFO - [2023-03-12T13:15:06.777+0000] {dag.py:3441} INFO - Setting next_dagrun for latest_only_with_trigger to 2023-03-12T09:15:06.777716+00:00, run_after=2023-03-12T13:15:06.777716+00:00
[2023-03-12T13:15:06.801+0000] {processor.py:175} INFO - Processing /home/airflow/.local/lib/python3.7/site-packages/airflow/example_dags/example_latest_only_with_trigger.py took 0.102 seconds
[2023-03-12T13:15:36.920+0000] {processor.py:153} INFO - Started process (PID=1424) to work on /home/airflow/.local/lib/python3.7/site-packages/airflow/example_dags/example_latest_only_with_trigger.py
[2023-03-12T13:15:36.920+0000] {processor.py:743} INFO - Processing file /home/airflow/.local/lib/python3.7/site-packages/airflow/example_dags/example_latest_only_with_trigger.py for tasks to queue
[2023-03-12T13:15:36.921+0000] {logging_mixin.py:137} INFO - [2023-03-12T13:15:36.921+0000] {dagbag.py:538} INFO - Filling up the DagBag from /home/airflow/.local/lib/python3.7/site-packages/airflow/example_dags/example_latest_only_with_trigger.py
[2023-03-12T13:15:36.934+0000] {processor.py:753} INFO - DAG(s) dict_keys(['latest_only_with_trigger']) retrieved from /home/airflow/.local/lib/python3.7/site-packages/airflow/example_dags/example_latest_only_with_trigger.py
[2023-03-12T13:15:36.959+0000] {logging_mixin.py:137} INFO - [2023-03-12T13:15:36.959+0000] {dag.py:2690} INFO - Sync 1 DAGs
[2023-03-12T13:15:36.985+0000] {logging_mixin.py:137} INFO - [2023-03-12T13:15:36.985+0000] {dag.py:3441} INFO - Setting next_dagrun for latest_only_with_trigger to 2023-03-12T09:15:36.984850+00:00, run_after=2023-03-12T13:15:36.984850+00:00
[2023-03-12T13:15:37.003+0000] {processor.py:175} INFO - Processing /home/airflow/.local/lib/python3.7/site-packages/airflow/example_dags/example_latest_only_with_trigger.py took 0.086 seconds
[2023-03-12T13:16:14.067+0000] {processor.py:153} INFO - Started process (PID=81) to work on /home/airflow/.local/lib/python3.7/site-packages/airflow/example_dags/example_latest_only_with_trigger.py
[2023-03-12T13:16:14.068+0000] {processor.py:743} INFO - Processing file /home/airflow/.local/lib/python3.7/site-packages/airflow/example_dags/example_latest_only_with_trigger.py for tasks to queue
[2023-03-12T13:16:14.069+0000] {logging_mixin.py:137} INFO - [2023-03-12T13:16:14.069+0000] {dagbag.py:538} INFO - Filling up the DagBag from /home/airflow/.local/lib/python3.7/site-packages/airflow/example_dags/example_latest_only_with_trigger.py
[2023-03-12T13:16:14.086+0000] {processor.py:753} INFO - DAG(s) dict_keys(['latest_only_with_trigger']) retrieved from /home/airflow/.local/lib/python3.7/site-packages/airflow/example_dags/example_latest_only_with_trigger.py
[2023-03-12T13:16:14.099+0000] {logging_mixin.py:137} INFO - [2023-03-12T13:16:14.099+0000] {dag.py:2690} INFO - Sync 1 DAGs
[2023-03-12T13:16:14.127+0000] {logging_mixin.py:137} INFO - [2023-03-12T13:16:14.127+0000] {dag.py:3441} INFO - Setting next_dagrun for latest_only_with_trigger to 2023-03-12T09:16:14.127393+00:00, run_after=2023-03-12T13:16:14.127393+00:00
[2023-03-12T13:16:14.147+0000] {processor.py:175} INFO - Processing /home/airflow/.local/lib/python3.7/site-packages/airflow/example_dags/example_latest_only_with_trigger.py took 0.083 seconds
[2023-03-12T13:16:44.984+0000] {processor.py:153} INFO - Started process (PID=196) to work on /home/airflow/.local/lib/python3.7/site-packages/airflow/example_dags/example_latest_only_with_trigger.py
[2023-03-12T13:16:44.985+0000] {processor.py:743} INFO - Processing file /home/airflow/.local/lib/python3.7/site-packages/airflow/example_dags/example_latest_only_with_trigger.py for tasks to queue
[2023-03-12T13:16:44.985+0000] {logging_mixin.py:137} INFO - [2023-03-12T13:16:44.985+0000] {dagbag.py:538} INFO - Filling up the DagBag from /home/airflow/.local/lib/python3.7/site-packages/airflow/example_dags/example_latest_only_with_trigger.py
[2023-03-12T13:16:44.999+0000] {processor.py:753} INFO - DAG(s) dict_keys(['latest_only_with_trigger']) retrieved from /home/airflow/.local/lib/python3.7/site-packages/airflow/example_dags/example_latest_only_with_trigger.py
[2023-03-12T13:16:45.033+0000] {logging_mixin.py:137} INFO - [2023-03-12T13:16:45.033+0000] {dag.py:2690} INFO - Sync 1 DAGs
[2023-03-12T13:16:45.077+0000] {logging_mixin.py:137} INFO - [2023-03-12T13:16:45.077+0000] {dag.py:3441} INFO - Setting next_dagrun for latest_only_with_trigger to 2023-03-12T09:16:45.077217+00:00, run_after=2023-03-12T13:16:45.077217+00:00
[2023-03-12T13:16:45.098+0000] {processor.py:175} INFO - Processing /home/airflow/.local/lib/python3.7/site-packages/airflow/example_dags/example_latest_only_with_trigger.py took 0.117 seconds
[2023-03-12T13:17:16.172+0000] {processor.py:153} INFO - Started process (PID=291) to work on /home/airflow/.local/lib/python3.7/site-packages/airflow/example_dags/example_latest_only_with_trigger.py
[2023-03-12T13:17:16.173+0000] {processor.py:743} INFO - Processing file /home/airflow/.local/lib/python3.7/site-packages/airflow/example_dags/example_latest_only_with_trigger.py for tasks to queue
[2023-03-12T13:17:16.173+0000] {logging_mixin.py:137} INFO - [2023-03-12T13:17:16.173+0000] {dagbag.py:538} INFO - Filling up the DagBag from /home/airflow/.local/lib/python3.7/site-packages/airflow/example_dags/example_latest_only_with_trigger.py
[2023-03-12T13:17:16.185+0000] {processor.py:753} INFO - DAG(s) dict_keys(['latest_only_with_trigger']) retrieved from /home/airflow/.local/lib/python3.7/site-packages/airflow/example_dags/example_latest_only_with_trigger.py
[2023-03-12T13:17:16.207+0000] {logging_mixin.py:137} INFO - [2023-03-12T13:17:16.207+0000] {dag.py:2690} INFO - Sync 1 DAGs
[2023-03-12T13:17:16.236+0000] {logging_mixin.py:137} INFO - [2023-03-12T13:17:16.236+0000] {dag.py:3441} INFO - Setting next_dagrun for latest_only_with_trigger to 2023-03-12T09:17:16.236397+00:00, run_after=2023-03-12T13:17:16.236397+00:00
[2023-03-12T13:17:16.261+0000] {processor.py:175} INFO - Processing /home/airflow/.local/lib/python3.7/site-packages/airflow/example_dags/example_latest_only_with_trigger.py took 0.091 seconds
[2023-03-12T13:17:46.689+0000] {processor.py:153} INFO - Started process (PID=406) to work on /home/airflow/.local/lib/python3.7/site-packages/airflow/example_dags/example_latest_only_with_trigger.py
[2023-03-12T13:17:46.690+0000] {processor.py:743} INFO - Processing file /home/airflow/.local/lib/python3.7/site-packages/airflow/example_dags/example_latest_only_with_trigger.py for tasks to queue
[2023-03-12T13:17:46.690+0000] {logging_mixin.py:137} INFO - [2023-03-12T13:17:46.690+0000] {dagbag.py:538} INFO - Filling up the DagBag from /home/airflow/.local/lib/python3.7/site-packages/airflow/example_dags/example_latest_only_with_trigger.py
[2023-03-12T13:17:46.703+0000] {processor.py:753} INFO - DAG(s) dict_keys(['latest_only_with_trigger']) retrieved from /home/airflow/.local/lib/python3.7/site-packages/airflow/example_dags/example_latest_only_with_trigger.py
[2023-03-12T13:17:46.726+0000] {logging_mixin.py:137} INFO - [2023-03-12T13:17:46.726+0000] {dag.py:2690} INFO - Sync 1 DAGs
[2023-03-12T13:17:46.760+0000] {logging_mixin.py:137} INFO - [2023-03-12T13:17:46.760+0000] {dag.py:3441} INFO - Setting next_dagrun for latest_only_with_trigger to 2023-03-12T09:17:46.760323+00:00, run_after=2023-03-12T13:17:46.760323+00:00
[2023-03-12T13:17:46.781+0000] {processor.py:175} INFO - Processing /home/airflow/.local/lib/python3.7/site-packages/airflow/example_dags/example_latest_only_with_trigger.py took 0.095 seconds
[2023-03-12T13:18:16.982+0000] {processor.py:153} INFO - Started process (PID=504) to work on /home/airflow/.local/lib/python3.7/site-packages/airflow/example_dags/example_latest_only_with_trigger.py
[2023-03-12T13:18:16.983+0000] {processor.py:743} INFO - Processing file /home/airflow/.local/lib/python3.7/site-packages/airflow/example_dags/example_latest_only_with_trigger.py for tasks to queue
[2023-03-12T13:18:16.983+0000] {logging_mixin.py:137} INFO - [2023-03-12T13:18:16.983+0000] {dagbag.py:538} INFO - Filling up the DagBag from /home/airflow/.local/lib/python3.7/site-packages/airflow/example_dags/example_latest_only_with_trigger.py
[2023-03-12T13:18:16.996+0000] {processor.py:753} INFO - DAG(s) dict_keys(['latest_only_with_trigger']) retrieved from /home/airflow/.local/lib/python3.7/site-packages/airflow/example_dags/example_latest_only_with_trigger.py
[2023-03-12T13:18:17.018+0000] {logging_mixin.py:137} INFO - [2023-03-12T13:18:17.017+0000] {dag.py:2690} INFO - Sync 1 DAGs
[2023-03-12T13:18:17.043+0000] {logging_mixin.py:137} INFO - [2023-03-12T13:18:17.043+0000] {dag.py:3441} INFO - Setting next_dagrun for latest_only_with_trigger to 2023-03-12T09:18:17.043196+00:00, run_after=2023-03-12T13:18:17.043196+00:00
[2023-03-12T13:18:17.065+0000] {processor.py:175} INFO - Processing /home/airflow/.local/lib/python3.7/site-packages/airflow/example_dags/example_latest_only_with_trigger.py took 0.087 seconds
[2023-03-12T13:18:47.804+0000] {processor.py:153} INFO - Started process (PID=603) to work on /home/airflow/.local/lib/python3.7/site-packages/airflow/example_dags/example_latest_only_with_trigger.py
[2023-03-12T13:18:47.805+0000] {processor.py:743} INFO - Processing file /home/airflow/.local/lib/python3.7/site-packages/airflow/example_dags/example_latest_only_with_trigger.py for tasks to queue
[2023-03-12T13:18:47.806+0000] {logging_mixin.py:137} INFO - [2023-03-12T13:18:47.806+0000] {dagbag.py:538} INFO - Filling up the DagBag from /home/airflow/.local/lib/python3.7/site-packages/airflow/example_dags/example_latest_only_with_trigger.py
[2023-03-12T13:18:47.819+0000] {processor.py:753} INFO - DAG(s) dict_keys(['latest_only_with_trigger']) retrieved from /home/airflow/.local/lib/python3.7/site-packages/airflow/example_dags/example_latest_only_with_trigger.py
[2023-03-12T13:18:47.846+0000] {logging_mixin.py:137} INFO - [2023-03-12T13:18:47.846+0000] {dag.py:2690} INFO - Sync 1 DAGs
[2023-03-12T13:18:47.885+0000] {logging_mixin.py:137} INFO - [2023-03-12T13:18:47.884+0000] {dag.py:3441} INFO - Setting next_dagrun for latest_only_with_trigger to 2023-03-12T09:18:47.884677+00:00, run_after=2023-03-12T13:18:47.884677+00:00
[2023-03-12T13:18:47.960+0000] {processor.py:175} INFO - Processing /home/airflow/.local/lib/python3.7/site-packages/airflow/example_dags/example_latest_only_with_trigger.py took 0.159 seconds
[2023-03-12T13:19:18.176+0000] {processor.py:153} INFO - Started process (PID=713) to work on /home/airflow/.local/lib/python3.7/site-packages/airflow/example_dags/example_latest_only_with_trigger.py
[2023-03-12T13:19:18.177+0000] {processor.py:743} INFO - Processing file /home/airflow/.local/lib/python3.7/site-packages/airflow/example_dags/example_latest_only_with_trigger.py for tasks to queue
[2023-03-12T13:19:18.177+0000] {logging_mixin.py:137} INFO - [2023-03-12T13:19:18.177+0000] {dagbag.py:538} INFO - Filling up the DagBag from /home/airflow/.local/lib/python3.7/site-packages/airflow/example_dags/example_latest_only_with_trigger.py
[2023-03-12T13:19:18.189+0000] {processor.py:753} INFO - DAG(s) dict_keys(['latest_only_with_trigger']) retrieved from /home/airflow/.local/lib/python3.7/site-packages/airflow/example_dags/example_latest_only_with_trigger.py
[2023-03-12T13:19:18.211+0000] {logging_mixin.py:137} INFO - [2023-03-12T13:19:18.211+0000] {dag.py:2690} INFO - Sync 1 DAGs
[2023-03-12T13:19:18.236+0000] {logging_mixin.py:137} INFO - [2023-03-12T13:19:18.236+0000] {dag.py:3441} INFO - Setting next_dagrun for latest_only_with_trigger to 2023-03-12T09:19:18.235929+00:00, run_after=2023-03-12T13:19:18.235929+00:00
[2023-03-12T13:19:18.256+0000] {processor.py:175} INFO - Processing /home/airflow/.local/lib/python3.7/site-packages/airflow/example_dags/example_latest_only_with_trigger.py took 0.082 seconds
