[2023-03-12T12:43:38.045+0000] {processor.py:153} INFO - Started process (PID=101) to work on /home/airflow/.local/lib/python3.7/site-packages/airflow/example_dags/example_latest_only.py
[2023-03-12T12:43:38.046+0000] {processor.py:743} INFO - Processing file /home/airflow/.local/lib/python3.7/site-packages/airflow/example_dags/example_latest_only.py for tasks to queue
[2023-03-12T12:43:38.046+0000] {logging_mixin.py:137} INFO - [2023-03-12T12:43:38.046+0000] {dagbag.py:538} INFO - Filling up the DagBag from /home/airflow/.local/lib/python3.7/site-packages/airflow/example_dags/example_latest_only.py
[2023-03-12T12:43:38.071+0000] {processor.py:753} INFO - DAG(s) dict_keys(['latest_only']) retrieved from /home/airflow/.local/lib/python3.7/site-packages/airflow/example_dags/example_latest_only.py
[2023-03-12T12:43:38.087+0000] {logging_mixin.py:137} INFO - [2023-03-12T12:43:38.087+0000] {dag.py:2690} INFO - Sync 1 DAGs
[2023-03-12T12:43:38.127+0000] {logging_mixin.py:137} INFO - [2023-03-12T12:43:38.127+0000] {dag.py:3441} INFO - Setting next_dagrun for latest_only to 2023-03-12T08:43:38.126936+00:00, run_after=2023-03-12T12:43:38.126936+00:00
[2023-03-12T12:43:38.148+0000] {processor.py:175} INFO - Processing /home/airflow/.local/lib/python3.7/site-packages/airflow/example_dags/example_latest_only.py took 0.106 seconds
[2023-03-12T12:44:08.240+0000] {processor.py:153} INFO - Started process (PID=189) to work on /home/airflow/.local/lib/python3.7/site-packages/airflow/example_dags/example_latest_only.py
[2023-03-12T12:44:08.241+0000] {processor.py:743} INFO - Processing file /home/airflow/.local/lib/python3.7/site-packages/airflow/example_dags/example_latest_only.py for tasks to queue
[2023-03-12T12:44:08.242+0000] {logging_mixin.py:137} INFO - [2023-03-12T12:44:08.242+0000] {dagbag.py:538} INFO - Filling up the DagBag from /home/airflow/.local/lib/python3.7/site-packages/airflow/example_dags/example_latest_only.py
[2023-03-12T12:44:08.256+0000] {processor.py:753} INFO - DAG(s) dict_keys(['latest_only']) retrieved from /home/airflow/.local/lib/python3.7/site-packages/airflow/example_dags/example_latest_only.py
[2023-03-12T12:44:08.280+0000] {logging_mixin.py:137} INFO - [2023-03-12T12:44:08.280+0000] {dag.py:2690} INFO - Sync 1 DAGs
[2023-03-12T12:44:08.306+0000] {logging_mixin.py:137} INFO - [2023-03-12T12:44:08.306+0000] {dag.py:3441} INFO - Setting next_dagrun for latest_only to 2023-03-12T08:44:08.305840+00:00, run_after=2023-03-12T12:44:08.305840+00:00
[2023-03-12T12:44:08.325+0000] {processor.py:175} INFO - Processing /home/airflow/.local/lib/python3.7/site-packages/airflow/example_dags/example_latest_only.py took 0.088 seconds
[2023-03-12T12:44:38.909+0000] {processor.py:153} INFO - Started process (PID=277) to work on /home/airflow/.local/lib/python3.7/site-packages/airflow/example_dags/example_latest_only.py
[2023-03-12T12:44:38.910+0000] {processor.py:743} INFO - Processing file /home/airflow/.local/lib/python3.7/site-packages/airflow/example_dags/example_latest_only.py for tasks to queue
[2023-03-12T12:44:38.910+0000] {logging_mixin.py:137} INFO - [2023-03-12T12:44:38.910+0000] {dagbag.py:538} INFO - Filling up the DagBag from /home/airflow/.local/lib/python3.7/site-packages/airflow/example_dags/example_latest_only.py
[2023-03-12T12:44:38.922+0000] {processor.py:753} INFO - DAG(s) dict_keys(['latest_only']) retrieved from /home/airflow/.local/lib/python3.7/site-packages/airflow/example_dags/example_latest_only.py
[2023-03-12T12:44:38.945+0000] {logging_mixin.py:137} INFO - [2023-03-12T12:44:38.945+0000] {dag.py:2690} INFO - Sync 1 DAGs
[2023-03-12T12:44:38.977+0000] {logging_mixin.py:137} INFO - [2023-03-12T12:44:38.976+0000] {dag.py:3441} INFO - Setting next_dagrun for latest_only to 2023-03-12T08:44:38.976449+00:00, run_after=2023-03-12T12:44:38.976449+00:00
[2023-03-12T12:44:38.997+0000] {processor.py:175} INFO - Processing /home/airflow/.local/lib/python3.7/site-packages/airflow/example_dags/example_latest_only.py took 0.091 seconds
[2023-03-12T12:45:09.813+0000] {processor.py:153} INFO - Started process (PID=389) to work on /home/airflow/.local/lib/python3.7/site-packages/airflow/example_dags/example_latest_only.py
[2023-03-12T12:45:09.814+0000] {processor.py:743} INFO - Processing file /home/airflow/.local/lib/python3.7/site-packages/airflow/example_dags/example_latest_only.py for tasks to queue
[2023-03-12T12:45:09.814+0000] {logging_mixin.py:137} INFO - [2023-03-12T12:45:09.814+0000] {dagbag.py:538} INFO - Filling up the DagBag from /home/airflow/.local/lib/python3.7/site-packages/airflow/example_dags/example_latest_only.py
[2023-03-12T12:45:09.826+0000] {processor.py:753} INFO - DAG(s) dict_keys(['latest_only']) retrieved from /home/airflow/.local/lib/python3.7/site-packages/airflow/example_dags/example_latest_only.py
[2023-03-12T12:45:09.852+0000] {logging_mixin.py:137} INFO - [2023-03-12T12:45:09.852+0000] {dag.py:2690} INFO - Sync 1 DAGs
[2023-03-12T12:45:09.878+0000] {logging_mixin.py:137} INFO - [2023-03-12T12:45:09.878+0000] {dag.py:3441} INFO - Setting next_dagrun for latest_only to 2023-03-12T08:45:09.878484+00:00, run_after=2023-03-12T12:45:09.878484+00:00
[2023-03-12T12:45:09.899+0000] {processor.py:175} INFO - Processing /home/airflow/.local/lib/python3.7/site-packages/airflow/example_dags/example_latest_only.py took 0.088 seconds
[2023-03-12T12:45:40.559+0000] {processor.py:153} INFO - Started process (PID=477) to work on /home/airflow/.local/lib/python3.7/site-packages/airflow/example_dags/example_latest_only.py
[2023-03-12T12:45:40.560+0000] {processor.py:743} INFO - Processing file /home/airflow/.local/lib/python3.7/site-packages/airflow/example_dags/example_latest_only.py for tasks to queue
[2023-03-12T12:45:40.560+0000] {logging_mixin.py:137} INFO - [2023-03-12T12:45:40.560+0000] {dagbag.py:538} INFO - Filling up the DagBag from /home/airflow/.local/lib/python3.7/site-packages/airflow/example_dags/example_latest_only.py
[2023-03-12T12:45:40.573+0000] {processor.py:753} INFO - DAG(s) dict_keys(['latest_only']) retrieved from /home/airflow/.local/lib/python3.7/site-packages/airflow/example_dags/example_latest_only.py
[2023-03-12T12:45:40.596+0000] {logging_mixin.py:137} INFO - [2023-03-12T12:45:40.596+0000] {dag.py:2690} INFO - Sync 1 DAGs
[2023-03-12T12:45:40.621+0000] {logging_mixin.py:137} INFO - [2023-03-12T12:45:40.621+0000] {dag.py:3441} INFO - Setting next_dagrun for latest_only to 2023-03-12T08:45:40.621528+00:00, run_after=2023-03-12T12:45:40.621528+00:00
[2023-03-12T12:45:40.641+0000] {processor.py:175} INFO - Processing /home/airflow/.local/lib/python3.7/site-packages/airflow/example_dags/example_latest_only.py took 0.085 seconds
[2023-03-12T12:46:11.327+0000] {processor.py:153} INFO - Started process (PID=589) to work on /home/airflow/.local/lib/python3.7/site-packages/airflow/example_dags/example_latest_only.py
[2023-03-12T12:46:11.328+0000] {processor.py:743} INFO - Processing file /home/airflow/.local/lib/python3.7/site-packages/airflow/example_dags/example_latest_only.py for tasks to queue
[2023-03-12T12:46:11.328+0000] {logging_mixin.py:137} INFO - [2023-03-12T12:46:11.328+0000] {dagbag.py:538} INFO - Filling up the DagBag from /home/airflow/.local/lib/python3.7/site-packages/airflow/example_dags/example_latest_only.py
[2023-03-12T12:46:11.340+0000] {processor.py:753} INFO - DAG(s) dict_keys(['latest_only']) retrieved from /home/airflow/.local/lib/python3.7/site-packages/airflow/example_dags/example_latest_only.py
[2023-03-12T12:46:11.370+0000] {logging_mixin.py:137} INFO - [2023-03-12T12:46:11.370+0000] {dag.py:2690} INFO - Sync 1 DAGs
[2023-03-12T12:46:11.395+0000] {logging_mixin.py:137} INFO - [2023-03-12T12:46:11.395+0000] {dag.py:3441} INFO - Setting next_dagrun for latest_only to 2023-03-12T08:46:11.395299+00:00, run_after=2023-03-12T12:46:11.395299+00:00
[2023-03-12T12:46:11.413+0000] {processor.py:175} INFO - Processing /home/airflow/.local/lib/python3.7/site-packages/airflow/example_dags/example_latest_only.py took 0.089 seconds
[2023-03-12T12:54:40.772+0000] {processor.py:153} INFO - Started process (PID=103) to work on /home/airflow/.local/lib/python3.7/site-packages/airflow/example_dags/example_latest_only.py
[2023-03-12T12:54:40.773+0000] {processor.py:743} INFO - Processing file /home/airflow/.local/lib/python3.7/site-packages/airflow/example_dags/example_latest_only.py for tasks to queue
[2023-03-12T12:54:40.774+0000] {logging_mixin.py:137} INFO - [2023-03-12T12:54:40.774+0000] {dagbag.py:538} INFO - Filling up the DagBag from /home/airflow/.local/lib/python3.7/site-packages/airflow/example_dags/example_latest_only.py
[2023-03-12T12:54:40.793+0000] {processor.py:753} INFO - DAG(s) dict_keys(['latest_only']) retrieved from /home/airflow/.local/lib/python3.7/site-packages/airflow/example_dags/example_latest_only.py
[2023-03-12T12:54:40.833+0000] {logging_mixin.py:137} INFO - [2023-03-12T12:54:40.833+0000] {dag.py:2690} INFO - Sync 1 DAGs
[2023-03-12T12:54:40.882+0000] {logging_mixin.py:137} INFO - [2023-03-12T12:54:40.881+0000] {dag.py:3441} INFO - Setting next_dagrun for latest_only to 2023-03-12T08:54:40.881518+00:00, run_after=2023-03-12T12:54:40.881518+00:00
[2023-03-12T12:54:40.908+0000] {processor.py:175} INFO - Processing /home/airflow/.local/lib/python3.7/site-packages/airflow/example_dags/example_latest_only.py took 0.140 seconds
[2023-03-12T12:55:11.806+0000] {processor.py:153} INFO - Started process (PID=193) to work on /home/airflow/.local/lib/python3.7/site-packages/airflow/example_dags/example_latest_only.py
[2023-03-12T12:55:11.807+0000] {processor.py:743} INFO - Processing file /home/airflow/.local/lib/python3.7/site-packages/airflow/example_dags/example_latest_only.py for tasks to queue
[2023-03-12T12:55:11.807+0000] {logging_mixin.py:137} INFO - [2023-03-12T12:55:11.807+0000] {dagbag.py:538} INFO - Filling up the DagBag from /home/airflow/.local/lib/python3.7/site-packages/airflow/example_dags/example_latest_only.py
[2023-03-12T12:55:11.822+0000] {processor.py:753} INFO - DAG(s) dict_keys(['latest_only']) retrieved from /home/airflow/.local/lib/python3.7/site-packages/airflow/example_dags/example_latest_only.py
[2023-03-12T12:55:11.846+0000] {logging_mixin.py:137} INFO - [2023-03-12T12:55:11.846+0000] {dag.py:2690} INFO - Sync 1 DAGs
[2023-03-12T12:55:11.878+0000] {logging_mixin.py:137} INFO - [2023-03-12T12:55:11.877+0000] {dag.py:3441} INFO - Setting next_dagrun for latest_only to 2023-03-12T08:55:11.877563+00:00, run_after=2023-03-12T12:55:11.877563+00:00
[2023-03-12T12:55:11.897+0000] {processor.py:175} INFO - Processing /home/airflow/.local/lib/python3.7/site-packages/airflow/example_dags/example_latest_only.py took 0.094 seconds
[2023-03-12T12:55:42.514+0000] {processor.py:153} INFO - Started process (PID=290) to work on /home/airflow/.local/lib/python3.7/site-packages/airflow/example_dags/example_latest_only.py
[2023-03-12T12:55:42.515+0000] {processor.py:743} INFO - Processing file /home/airflow/.local/lib/python3.7/site-packages/airflow/example_dags/example_latest_only.py for tasks to queue
[2023-03-12T12:55:42.515+0000] {logging_mixin.py:137} INFO - [2023-03-12T12:55:42.515+0000] {dagbag.py:538} INFO - Filling up the DagBag from /home/airflow/.local/lib/python3.7/site-packages/airflow/example_dags/example_latest_only.py
[2023-03-12T12:55:42.532+0000] {processor.py:753} INFO - DAG(s) dict_keys(['latest_only']) retrieved from /home/airflow/.local/lib/python3.7/site-packages/airflow/example_dags/example_latest_only.py
[2023-03-12T12:55:42.561+0000] {logging_mixin.py:137} INFO - [2023-03-12T12:55:42.561+0000] {dag.py:2690} INFO - Sync 1 DAGs
[2023-03-12T12:55:42.588+0000] {logging_mixin.py:137} INFO - [2023-03-12T12:55:42.588+0000] {dag.py:3441} INFO - Setting next_dagrun for latest_only to 2023-03-12T08:55:42.588468+00:00, run_after=2023-03-12T12:55:42.588468+00:00
[2023-03-12T12:55:42.607+0000] {processor.py:175} INFO - Processing /home/airflow/.local/lib/python3.7/site-packages/airflow/example_dags/example_latest_only.py took 0.097 seconds
[2023-03-12T12:56:12.877+0000] {processor.py:153} INFO - Started process (PID=397) to work on /home/airflow/.local/lib/python3.7/site-packages/airflow/example_dags/example_latest_only.py
[2023-03-12T12:56:12.878+0000] {processor.py:743} INFO - Processing file /home/airflow/.local/lib/python3.7/site-packages/airflow/example_dags/example_latest_only.py for tasks to queue
[2023-03-12T12:56:12.878+0000] {logging_mixin.py:137} INFO - [2023-03-12T12:56:12.878+0000] {dagbag.py:538} INFO - Filling up the DagBag from /home/airflow/.local/lib/python3.7/site-packages/airflow/example_dags/example_latest_only.py
[2023-03-12T12:56:12.890+0000] {processor.py:753} INFO - DAG(s) dict_keys(['latest_only']) retrieved from /home/airflow/.local/lib/python3.7/site-packages/airflow/example_dags/example_latest_only.py
[2023-03-12T12:56:12.916+0000] {logging_mixin.py:137} INFO - [2023-03-12T12:56:12.915+0000] {dag.py:2690} INFO - Sync 1 DAGs
[2023-03-12T12:56:12.941+0000] {logging_mixin.py:137} INFO - [2023-03-12T12:56:12.941+0000] {dag.py:3441} INFO - Setting next_dagrun for latest_only to 2023-03-12T08:56:12.940814+00:00, run_after=2023-03-12T12:56:12.940814+00:00
[2023-03-12T12:56:12.964+0000] {processor.py:175} INFO - Processing /home/airflow/.local/lib/python3.7/site-packages/airflow/example_dags/example_latest_only.py took 0.089 seconds
[2023-03-12T12:56:43.867+0000] {processor.py:153} INFO - Started process (PID=487) to work on /home/airflow/.local/lib/python3.7/site-packages/airflow/example_dags/example_latest_only.py
[2023-03-12T12:56:43.868+0000] {processor.py:743} INFO - Processing file /home/airflow/.local/lib/python3.7/site-packages/airflow/example_dags/example_latest_only.py for tasks to queue
[2023-03-12T12:56:43.868+0000] {logging_mixin.py:137} INFO - [2023-03-12T12:56:43.868+0000] {dagbag.py:538} INFO - Filling up the DagBag from /home/airflow/.local/lib/python3.7/site-packages/airflow/example_dags/example_latest_only.py
[2023-03-12T12:56:43.880+0000] {processor.py:753} INFO - DAG(s) dict_keys(['latest_only']) retrieved from /home/airflow/.local/lib/python3.7/site-packages/airflow/example_dags/example_latest_only.py
[2023-03-12T12:56:43.902+0000] {logging_mixin.py:137} INFO - [2023-03-12T12:56:43.902+0000] {dag.py:2690} INFO - Sync 1 DAGs
[2023-03-12T12:56:43.926+0000] {logging_mixin.py:137} INFO - [2023-03-12T12:56:43.926+0000] {dag.py:3441} INFO - Setting next_dagrun for latest_only to 2023-03-12T08:56:43.926072+00:00, run_after=2023-03-12T12:56:43.926072+00:00
[2023-03-12T12:56:43.943+0000] {processor.py:175} INFO - Processing /home/airflow/.local/lib/python3.7/site-packages/airflow/example_dags/example_latest_only.py took 0.078 seconds
[2023-03-12T12:57:14.620+0000] {processor.py:153} INFO - Started process (PID=601) to work on /home/airflow/.local/lib/python3.7/site-packages/airflow/example_dags/example_latest_only.py
[2023-03-12T12:57:14.621+0000] {processor.py:743} INFO - Processing file /home/airflow/.local/lib/python3.7/site-packages/airflow/example_dags/example_latest_only.py for tasks to queue
[2023-03-12T12:57:14.622+0000] {logging_mixin.py:137} INFO - [2023-03-12T12:57:14.622+0000] {dagbag.py:538} INFO - Filling up the DagBag from /home/airflow/.local/lib/python3.7/site-packages/airflow/example_dags/example_latest_only.py
[2023-03-12T12:57:14.634+0000] {processor.py:753} INFO - DAG(s) dict_keys(['latest_only']) retrieved from /home/airflow/.local/lib/python3.7/site-packages/airflow/example_dags/example_latest_only.py
[2023-03-12T12:57:14.659+0000] {logging_mixin.py:137} INFO - [2023-03-12T12:57:14.659+0000] {dag.py:2690} INFO - Sync 1 DAGs
[2023-03-12T12:57:14.685+0000] {logging_mixin.py:137} INFO - [2023-03-12T12:57:14.684+0000] {dag.py:3441} INFO - Setting next_dagrun for latest_only to 2023-03-12T08:57:14.684723+00:00, run_after=2023-03-12T12:57:14.684723+00:00
[2023-03-12T12:57:14.704+0000] {processor.py:175} INFO - Processing /home/airflow/.local/lib/python3.7/site-packages/airflow/example_dags/example_latest_only.py took 0.087 seconds
[2023-03-12T12:57:45.296+0000] {processor.py:153} INFO - Started process (PID=691) to work on /home/airflow/.local/lib/python3.7/site-packages/airflow/example_dags/example_latest_only.py
[2023-03-12T12:57:45.297+0000] {processor.py:743} INFO - Processing file /home/airflow/.local/lib/python3.7/site-packages/airflow/example_dags/example_latest_only.py for tasks to queue
[2023-03-12T12:57:45.297+0000] {logging_mixin.py:137} INFO - [2023-03-12T12:57:45.297+0000] {dagbag.py:538} INFO - Filling up the DagBag from /home/airflow/.local/lib/python3.7/site-packages/airflow/example_dags/example_latest_only.py
[2023-03-12T12:57:45.309+0000] {processor.py:753} INFO - DAG(s) dict_keys(['latest_only']) retrieved from /home/airflow/.local/lib/python3.7/site-packages/airflow/example_dags/example_latest_only.py
[2023-03-12T12:57:45.339+0000] {logging_mixin.py:137} INFO - [2023-03-12T12:57:45.339+0000] {dag.py:2690} INFO - Sync 1 DAGs
[2023-03-12T12:57:45.371+0000] {logging_mixin.py:137} INFO - [2023-03-12T12:57:45.371+0000] {dag.py:3441} INFO - Setting next_dagrun for latest_only to 2023-03-12T08:57:45.371092+00:00, run_after=2023-03-12T12:57:45.371092+00:00
[2023-03-12T12:57:45.389+0000] {processor.py:175} INFO - Processing /home/airflow/.local/lib/python3.7/site-packages/airflow/example_dags/example_latest_only.py took 0.096 seconds
[2023-03-12T12:58:16.460+0000] {processor.py:153} INFO - Started process (PID=805) to work on /home/airflow/.local/lib/python3.7/site-packages/airflow/example_dags/example_latest_only.py
[2023-03-12T12:58:16.461+0000] {processor.py:743} INFO - Processing file /home/airflow/.local/lib/python3.7/site-packages/airflow/example_dags/example_latest_only.py for tasks to queue
[2023-03-12T12:58:16.462+0000] {logging_mixin.py:137} INFO - [2023-03-12T12:58:16.462+0000] {dagbag.py:538} INFO - Filling up the DagBag from /home/airflow/.local/lib/python3.7/site-packages/airflow/example_dags/example_latest_only.py
[2023-03-12T12:58:16.488+0000] {processor.py:753} INFO - DAG(s) dict_keys(['latest_only']) retrieved from /home/airflow/.local/lib/python3.7/site-packages/airflow/example_dags/example_latest_only.py
[2023-03-12T12:58:16.530+0000] {logging_mixin.py:137} INFO - [2023-03-12T12:58:16.530+0000] {dag.py:2690} INFO - Sync 1 DAGs
[2023-03-12T12:58:16.587+0000] {logging_mixin.py:137} INFO - [2023-03-12T12:58:16.586+0000] {dag.py:3441} INFO - Setting next_dagrun for latest_only to 2023-03-12T08:58:16.586431+00:00, run_after=2023-03-12T12:58:16.586431+00:00
[2023-03-12T12:58:16.617+0000] {processor.py:175} INFO - Processing /home/airflow/.local/lib/python3.7/site-packages/airflow/example_dags/example_latest_only.py took 0.161 seconds
[2023-03-12T12:58:46.684+0000] {processor.py:153} INFO - Started process (PID=895) to work on /home/airflow/.local/lib/python3.7/site-packages/airflow/example_dags/example_latest_only.py
[2023-03-12T12:58:46.685+0000] {processor.py:743} INFO - Processing file /home/airflow/.local/lib/python3.7/site-packages/airflow/example_dags/example_latest_only.py for tasks to queue
[2023-03-12T12:58:46.685+0000] {logging_mixin.py:137} INFO - [2023-03-12T12:58:46.685+0000] {dagbag.py:538} INFO - Filling up the DagBag from /home/airflow/.local/lib/python3.7/site-packages/airflow/example_dags/example_latest_only.py
[2023-03-12T12:58:46.698+0000] {processor.py:753} INFO - DAG(s) dict_keys(['latest_only']) retrieved from /home/airflow/.local/lib/python3.7/site-packages/airflow/example_dags/example_latest_only.py
[2023-03-12T12:58:46.729+0000] {logging_mixin.py:137} INFO - [2023-03-12T12:58:46.729+0000] {dag.py:2690} INFO - Sync 1 DAGs
[2023-03-12T12:58:46.761+0000] {logging_mixin.py:137} INFO - [2023-03-12T12:58:46.761+0000] {dag.py:3441} INFO - Setting next_dagrun for latest_only to 2023-03-12T08:58:46.761156+00:00, run_after=2023-03-12T12:58:46.761156+00:00
[2023-03-12T12:58:46.784+0000] {processor.py:175} INFO - Processing /home/airflow/.local/lib/python3.7/site-packages/airflow/example_dags/example_latest_only.py took 0.103 seconds
[2023-03-12T13:00:36.915+0000] {processor.py:153} INFO - Started process (PID=103) to work on /home/airflow/.local/lib/python3.7/site-packages/airflow/example_dags/example_latest_only.py
[2023-03-12T13:00:36.916+0000] {processor.py:743} INFO - Processing file /home/airflow/.local/lib/python3.7/site-packages/airflow/example_dags/example_latest_only.py for tasks to queue
[2023-03-12T13:00:36.917+0000] {logging_mixin.py:137} INFO - [2023-03-12T13:00:36.916+0000] {dagbag.py:538} INFO - Filling up the DagBag from /home/airflow/.local/lib/python3.7/site-packages/airflow/example_dags/example_latest_only.py
[2023-03-12T13:00:36.933+0000] {processor.py:753} INFO - DAG(s) dict_keys(['latest_only']) retrieved from /home/airflow/.local/lib/python3.7/site-packages/airflow/example_dags/example_latest_only.py
[2023-03-12T13:00:36.946+0000] {logging_mixin.py:137} INFO - [2023-03-12T13:00:36.946+0000] {dag.py:2690} INFO - Sync 1 DAGs
[2023-03-12T13:00:36.983+0000] {logging_mixin.py:137} INFO - [2023-03-12T13:00:36.982+0000] {dag.py:3441} INFO - Setting next_dagrun for latest_only to 2023-03-12T09:00:36.982619+00:00, run_after=2023-03-12T13:00:36.982619+00:00
[2023-03-12T13:00:37.005+0000] {processor.py:175} INFO - Processing /home/airflow/.local/lib/python3.7/site-packages/airflow/example_dags/example_latest_only.py took 0.093 seconds
[2023-03-12T13:01:07.770+0000] {processor.py:153} INFO - Started process (PID=193) to work on /home/airflow/.local/lib/python3.7/site-packages/airflow/example_dags/example_latest_only.py
[2023-03-12T13:01:07.772+0000] {processor.py:743} INFO - Processing file /home/airflow/.local/lib/python3.7/site-packages/airflow/example_dags/example_latest_only.py for tasks to queue
[2023-03-12T13:01:07.772+0000] {logging_mixin.py:137} INFO - [2023-03-12T13:01:07.772+0000] {dagbag.py:538} INFO - Filling up the DagBag from /home/airflow/.local/lib/python3.7/site-packages/airflow/example_dags/example_latest_only.py
[2023-03-12T13:01:07.785+0000] {processor.py:753} INFO - DAG(s) dict_keys(['latest_only']) retrieved from /home/airflow/.local/lib/python3.7/site-packages/airflow/example_dags/example_latest_only.py
[2023-03-12T13:01:07.809+0000] {logging_mixin.py:137} INFO - [2023-03-12T13:01:07.808+0000] {dag.py:2690} INFO - Sync 1 DAGs
[2023-03-12T13:01:07.835+0000] {logging_mixin.py:137} INFO - [2023-03-12T13:01:07.834+0000] {dag.py:3441} INFO - Setting next_dagrun for latest_only to 2023-03-12T09:01:07.834616+00:00, run_after=2023-03-12T13:01:07.834616+00:00
[2023-03-12T13:01:07.862+0000] {processor.py:175} INFO - Processing /home/airflow/.local/lib/python3.7/site-packages/airflow/example_dags/example_latest_only.py took 0.094 seconds
[2023-03-12T13:01:38.701+0000] {processor.py:153} INFO - Started process (PID=283) to work on /home/airflow/.local/lib/python3.7/site-packages/airflow/example_dags/example_latest_only.py
[2023-03-12T13:01:38.702+0000] {processor.py:743} INFO - Processing file /home/airflow/.local/lib/python3.7/site-packages/airflow/example_dags/example_latest_only.py for tasks to queue
[2023-03-12T13:01:38.702+0000] {logging_mixin.py:137} INFO - [2023-03-12T13:01:38.702+0000] {dagbag.py:538} INFO - Filling up the DagBag from /home/airflow/.local/lib/python3.7/site-packages/airflow/example_dags/example_latest_only.py
[2023-03-12T13:01:38.716+0000] {processor.py:753} INFO - DAG(s) dict_keys(['latest_only']) retrieved from /home/airflow/.local/lib/python3.7/site-packages/airflow/example_dags/example_latest_only.py
[2023-03-12T13:01:38.742+0000] {logging_mixin.py:137} INFO - [2023-03-12T13:01:38.742+0000] {dag.py:2690} INFO - Sync 1 DAGs
[2023-03-12T13:01:38.772+0000] {logging_mixin.py:137} INFO - [2023-03-12T13:01:38.772+0000] {dag.py:3441} INFO - Setting next_dagrun for latest_only to 2023-03-12T09:01:38.772246+00:00, run_after=2023-03-12T13:01:38.772246+00:00
[2023-03-12T13:01:38.792+0000] {processor.py:175} INFO - Processing /home/airflow/.local/lib/python3.7/site-packages/airflow/example_dags/example_latest_only.py took 0.094 seconds
[2023-03-12T13:02:09.004+0000] {processor.py:153} INFO - Started process (PID=397) to work on /home/airflow/.local/lib/python3.7/site-packages/airflow/example_dags/example_latest_only.py
[2023-03-12T13:02:09.005+0000] {processor.py:743} INFO - Processing file /home/airflow/.local/lib/python3.7/site-packages/airflow/example_dags/example_latest_only.py for tasks to queue
[2023-03-12T13:02:09.005+0000] {logging_mixin.py:137} INFO - [2023-03-12T13:02:09.005+0000] {dagbag.py:538} INFO - Filling up the DagBag from /home/airflow/.local/lib/python3.7/site-packages/airflow/example_dags/example_latest_only.py
[2023-03-12T13:02:09.022+0000] {processor.py:753} INFO - DAG(s) dict_keys(['latest_only']) retrieved from /home/airflow/.local/lib/python3.7/site-packages/airflow/example_dags/example_latest_only.py
[2023-03-12T13:02:09.054+0000] {logging_mixin.py:137} INFO - [2023-03-12T13:02:09.054+0000] {dag.py:2690} INFO - Sync 1 DAGs
[2023-03-12T13:02:09.087+0000] {logging_mixin.py:137} INFO - [2023-03-12T13:02:09.087+0000] {dag.py:3441} INFO - Setting next_dagrun for latest_only to 2023-03-12T09:02:09.087237+00:00, run_after=2023-03-12T13:02:09.087237+00:00
[2023-03-12T13:02:09.106+0000] {processor.py:175} INFO - Processing /home/airflow/.local/lib/python3.7/site-packages/airflow/example_dags/example_latest_only.py took 0.106 seconds
[2023-03-12T13:02:39.912+0000] {processor.py:153} INFO - Started process (PID=487) to work on /home/airflow/.local/lib/python3.7/site-packages/airflow/example_dags/example_latest_only.py
[2023-03-12T13:02:39.913+0000] {processor.py:743} INFO - Processing file /home/airflow/.local/lib/python3.7/site-packages/airflow/example_dags/example_latest_only.py for tasks to queue
[2023-03-12T13:02:39.914+0000] {logging_mixin.py:137} INFO - [2023-03-12T13:02:39.914+0000] {dagbag.py:538} INFO - Filling up the DagBag from /home/airflow/.local/lib/python3.7/site-packages/airflow/example_dags/example_latest_only.py
[2023-03-12T13:02:39.926+0000] {processor.py:753} INFO - DAG(s) dict_keys(['latest_only']) retrieved from /home/airflow/.local/lib/python3.7/site-packages/airflow/example_dags/example_latest_only.py
[2023-03-12T13:02:39.948+0000] {logging_mixin.py:137} INFO - [2023-03-12T13:02:39.948+0000] {dag.py:2690} INFO - Sync 1 DAGs
[2023-03-12T13:02:39.976+0000] {logging_mixin.py:137} INFO - [2023-03-12T13:02:39.976+0000] {dag.py:3441} INFO - Setting next_dagrun for latest_only to 2023-03-12T09:02:39.976445+00:00, run_after=2023-03-12T13:02:39.976445+00:00
[2023-03-12T13:02:39.994+0000] {processor.py:175} INFO - Processing /home/airflow/.local/lib/python3.7/site-packages/airflow/example_dags/example_latest_only.py took 0.084 seconds
[2023-03-12T13:03:10.791+0000] {processor.py:153} INFO - Started process (PID=601) to work on /home/airflow/.local/lib/python3.7/site-packages/airflow/example_dags/example_latest_only.py
[2023-03-12T13:03:10.792+0000] {processor.py:743} INFO - Processing file /home/airflow/.local/lib/python3.7/site-packages/airflow/example_dags/example_latest_only.py for tasks to queue
[2023-03-12T13:03:10.792+0000] {logging_mixin.py:137} INFO - [2023-03-12T13:03:10.792+0000] {dagbag.py:538} INFO - Filling up the DagBag from /home/airflow/.local/lib/python3.7/site-packages/airflow/example_dags/example_latest_only.py
[2023-03-12T13:03:10.805+0000] {processor.py:753} INFO - DAG(s) dict_keys(['latest_only']) retrieved from /home/airflow/.local/lib/python3.7/site-packages/airflow/example_dags/example_latest_only.py
[2023-03-12T13:03:10.831+0000] {logging_mixin.py:137} INFO - [2023-03-12T13:03:10.830+0000] {dag.py:2690} INFO - Sync 1 DAGs
[2023-03-12T13:03:10.861+0000] {logging_mixin.py:137} INFO - [2023-03-12T13:03:10.860+0000] {dag.py:3441} INFO - Setting next_dagrun for latest_only to 2023-03-12T09:03:10.860733+00:00, run_after=2023-03-12T13:03:10.860733+00:00
[2023-03-12T13:03:10.882+0000] {processor.py:175} INFO - Processing /home/airflow/.local/lib/python3.7/site-packages/airflow/example_dags/example_latest_only.py took 0.094 seconds
[2023-03-12T13:03:41.746+0000] {processor.py:153} INFO - Started process (PID=691) to work on /home/airflow/.local/lib/python3.7/site-packages/airflow/example_dags/example_latest_only.py
[2023-03-12T13:03:41.747+0000] {processor.py:743} INFO - Processing file /home/airflow/.local/lib/python3.7/site-packages/airflow/example_dags/example_latest_only.py for tasks to queue
[2023-03-12T13:03:41.747+0000] {logging_mixin.py:137} INFO - [2023-03-12T13:03:41.747+0000] {dagbag.py:538} INFO - Filling up the DagBag from /home/airflow/.local/lib/python3.7/site-packages/airflow/example_dags/example_latest_only.py
[2023-03-12T13:03:41.764+0000] {processor.py:753} INFO - DAG(s) dict_keys(['latest_only']) retrieved from /home/airflow/.local/lib/python3.7/site-packages/airflow/example_dags/example_latest_only.py
[2023-03-12T13:03:41.786+0000] {logging_mixin.py:137} INFO - [2023-03-12T13:03:41.786+0000] {dag.py:2690} INFO - Sync 1 DAGs
[2023-03-12T13:03:41.812+0000] {logging_mixin.py:137} INFO - [2023-03-12T13:03:41.812+0000] {dag.py:3441} INFO - Setting next_dagrun for latest_only to 2023-03-12T09:03:41.812668+00:00, run_after=2023-03-12T13:03:41.812668+00:00
[2023-03-12T13:03:41.829+0000] {processor.py:175} INFO - Processing /home/airflow/.local/lib/python3.7/site-packages/airflow/example_dags/example_latest_only.py took 0.087 seconds
[2023-03-12T13:04:12.536+0000] {processor.py:153} INFO - Started process (PID=790) to work on /home/airflow/.local/lib/python3.7/site-packages/airflow/example_dags/example_latest_only.py
[2023-03-12T13:04:12.537+0000] {processor.py:743} INFO - Processing file /home/airflow/.local/lib/python3.7/site-packages/airflow/example_dags/example_latest_only.py for tasks to queue
[2023-03-12T13:04:12.537+0000] {logging_mixin.py:137} INFO - [2023-03-12T13:04:12.537+0000] {dagbag.py:538} INFO - Filling up the DagBag from /home/airflow/.local/lib/python3.7/site-packages/airflow/example_dags/example_latest_only.py
[2023-03-12T13:04:12.550+0000] {processor.py:753} INFO - DAG(s) dict_keys(['latest_only']) retrieved from /home/airflow/.local/lib/python3.7/site-packages/airflow/example_dags/example_latest_only.py
[2023-03-12T13:04:12.583+0000] {logging_mixin.py:137} INFO - [2023-03-12T13:04:12.582+0000] {dag.py:2690} INFO - Sync 1 DAGs
[2023-03-12T13:04:12.617+0000] {logging_mixin.py:137} INFO - [2023-03-12T13:04:12.617+0000] {dag.py:3441} INFO - Setting next_dagrun for latest_only to 2023-03-12T09:04:12.616759+00:00, run_after=2023-03-12T13:04:12.616759+00:00
[2023-03-12T13:04:12.635+0000] {processor.py:175} INFO - Processing /home/airflow/.local/lib/python3.7/site-packages/airflow/example_dags/example_latest_only.py took 0.102 seconds
[2023-03-12T13:04:43.250+0000] {processor.py:153} INFO - Started process (PID=895) to work on /home/airflow/.local/lib/python3.7/site-packages/airflow/example_dags/example_latest_only.py
[2023-03-12T13:04:43.252+0000] {processor.py:743} INFO - Processing file /home/airflow/.local/lib/python3.7/site-packages/airflow/example_dags/example_latest_only.py for tasks to queue
[2023-03-12T13:04:43.253+0000] {logging_mixin.py:137} INFO - [2023-03-12T13:04:43.253+0000] {dagbag.py:538} INFO - Filling up the DagBag from /home/airflow/.local/lib/python3.7/site-packages/airflow/example_dags/example_latest_only.py
[2023-03-12T13:04:43.265+0000] {processor.py:753} INFO - DAG(s) dict_keys(['latest_only']) retrieved from /home/airflow/.local/lib/python3.7/site-packages/airflow/example_dags/example_latest_only.py
[2023-03-12T13:04:43.288+0000] {logging_mixin.py:137} INFO - [2023-03-12T13:04:43.288+0000] {dag.py:2690} INFO - Sync 1 DAGs
[2023-03-12T13:04:43.312+0000] {logging_mixin.py:137} INFO - [2023-03-12T13:04:43.312+0000] {dag.py:3441} INFO - Setting next_dagrun for latest_only to 2023-03-12T09:04:43.312261+00:00, run_after=2023-03-12T13:04:43.312261+00:00
[2023-03-12T13:04:43.332+0000] {processor.py:175} INFO - Processing /home/airflow/.local/lib/python3.7/site-packages/airflow/example_dags/example_latest_only.py took 0.085 seconds
[2023-03-12T13:05:13.952+0000] {processor.py:153} INFO - Started process (PID=985) to work on /home/airflow/.local/lib/python3.7/site-packages/airflow/example_dags/example_latest_only.py
[2023-03-12T13:05:13.953+0000] {processor.py:743} INFO - Processing file /home/airflow/.local/lib/python3.7/site-packages/airflow/example_dags/example_latest_only.py for tasks to queue
[2023-03-12T13:05:13.954+0000] {logging_mixin.py:137} INFO - [2023-03-12T13:05:13.954+0000] {dagbag.py:538} INFO - Filling up the DagBag from /home/airflow/.local/lib/python3.7/site-packages/airflow/example_dags/example_latest_only.py
[2023-03-12T13:05:13.967+0000] {processor.py:753} INFO - DAG(s) dict_keys(['latest_only']) retrieved from /home/airflow/.local/lib/python3.7/site-packages/airflow/example_dags/example_latest_only.py
[2023-03-12T13:05:13.992+0000] {logging_mixin.py:137} INFO - [2023-03-12T13:05:13.992+0000] {dag.py:2690} INFO - Sync 1 DAGs
[2023-03-12T13:05:14.023+0000] {logging_mixin.py:137} INFO - [2023-03-12T13:05:14.022+0000] {dag.py:3441} INFO - Setting next_dagrun for latest_only to 2023-03-12T09:05:14.022554+00:00, run_after=2023-03-12T13:05:14.022554+00:00
[2023-03-12T13:05:14.042+0000] {processor.py:175} INFO - Processing /home/airflow/.local/lib/python3.7/site-packages/airflow/example_dags/example_latest_only.py took 0.093 seconds
[2023-03-12T13:05:44.703+0000] {processor.py:153} INFO - Started process (PID=1100) to work on /home/airflow/.local/lib/python3.7/site-packages/airflow/example_dags/example_latest_only.py
[2023-03-12T13:05:44.704+0000] {processor.py:743} INFO - Processing file /home/airflow/.local/lib/python3.7/site-packages/airflow/example_dags/example_latest_only.py for tasks to queue
[2023-03-12T13:05:44.704+0000] {logging_mixin.py:137} INFO - [2023-03-12T13:05:44.704+0000] {dagbag.py:538} INFO - Filling up the DagBag from /home/airflow/.local/lib/python3.7/site-packages/airflow/example_dags/example_latest_only.py
[2023-03-12T13:05:44.717+0000] {processor.py:753} INFO - DAG(s) dict_keys(['latest_only']) retrieved from /home/airflow/.local/lib/python3.7/site-packages/airflow/example_dags/example_latest_only.py
[2023-03-12T13:05:44.745+0000] {logging_mixin.py:137} INFO - [2023-03-12T13:05:44.744+0000] {dag.py:2690} INFO - Sync 1 DAGs
[2023-03-12T13:05:44.782+0000] {logging_mixin.py:137} INFO - [2023-03-12T13:05:44.782+0000] {dag.py:3441} INFO - Setting next_dagrun for latest_only to 2023-03-12T09:05:44.781797+00:00, run_after=2023-03-12T13:05:44.781797+00:00
[2023-03-12T13:05:44.800+0000] {processor.py:175} INFO - Processing /home/airflow/.local/lib/python3.7/site-packages/airflow/example_dags/example_latest_only.py took 0.100 seconds
[2023-03-12T13:06:15.511+0000] {processor.py:153} INFO - Started process (PID=1190) to work on /home/airflow/.local/lib/python3.7/site-packages/airflow/example_dags/example_latest_only.py
[2023-03-12T13:06:15.512+0000] {processor.py:743} INFO - Processing file /home/airflow/.local/lib/python3.7/site-packages/airflow/example_dags/example_latest_only.py for tasks to queue
[2023-03-12T13:06:15.512+0000] {logging_mixin.py:137} INFO - [2023-03-12T13:06:15.512+0000] {dagbag.py:538} INFO - Filling up the DagBag from /home/airflow/.local/lib/python3.7/site-packages/airflow/example_dags/example_latest_only.py
[2023-03-12T13:06:15.528+0000] {processor.py:753} INFO - DAG(s) dict_keys(['latest_only']) retrieved from /home/airflow/.local/lib/python3.7/site-packages/airflow/example_dags/example_latest_only.py
[2023-03-12T13:06:15.562+0000] {logging_mixin.py:137} INFO - [2023-03-12T13:06:15.562+0000] {dag.py:2690} INFO - Sync 1 DAGs
[2023-03-12T13:06:15.594+0000] {logging_mixin.py:137} INFO - [2023-03-12T13:06:15.594+0000] {dag.py:3441} INFO - Setting next_dagrun for latest_only to 2023-03-12T09:06:15.594078+00:00, run_after=2023-03-12T13:06:15.594078+00:00
[2023-03-12T13:06:15.615+0000] {processor.py:175} INFO - Processing /home/airflow/.local/lib/python3.7/site-packages/airflow/example_dags/example_latest_only.py took 0.107 seconds
[2023-03-12T13:06:46.331+0000] {processor.py:153} INFO - Started process (PID=1314) to work on /home/airflow/.local/lib/python3.7/site-packages/airflow/example_dags/example_latest_only.py
[2023-03-12T13:06:46.332+0000] {processor.py:743} INFO - Processing file /home/airflow/.local/lib/python3.7/site-packages/airflow/example_dags/example_latest_only.py for tasks to queue
[2023-03-12T13:06:46.333+0000] {logging_mixin.py:137} INFO - [2023-03-12T13:06:46.333+0000] {dagbag.py:538} INFO - Filling up the DagBag from /home/airflow/.local/lib/python3.7/site-packages/airflow/example_dags/example_latest_only.py
[2023-03-12T13:06:46.347+0000] {processor.py:753} INFO - DAG(s) dict_keys(['latest_only']) retrieved from /home/airflow/.local/lib/python3.7/site-packages/airflow/example_dags/example_latest_only.py
[2023-03-12T13:06:46.381+0000] {logging_mixin.py:137} INFO - [2023-03-12T13:06:46.381+0000] {dag.py:2690} INFO - Sync 1 DAGs
[2023-03-12T13:06:46.411+0000] {logging_mixin.py:137} INFO - [2023-03-12T13:06:46.411+0000] {dag.py:3441} INFO - Setting next_dagrun for latest_only to 2023-03-12T09:06:46.411111+00:00, run_after=2023-03-12T13:06:46.411111+00:00
[2023-03-12T13:06:46.433+0000] {processor.py:175} INFO - Processing /home/airflow/.local/lib/python3.7/site-packages/airflow/example_dags/example_latest_only.py took 0.105 seconds
[2023-03-12T13:07:03.865+0000] {processor.py:153} INFO - Started process (PID=79) to work on /home/airflow/.local/lib/python3.7/site-packages/airflow/example_dags/example_latest_only.py
[2023-03-12T13:07:03.866+0000] {processor.py:743} INFO - Processing file /home/airflow/.local/lib/python3.7/site-packages/airflow/example_dags/example_latest_only.py for tasks to queue
[2023-03-12T13:07:03.867+0000] {logging_mixin.py:137} INFO - [2023-03-12T13:07:03.866+0000] {dagbag.py:538} INFO - Filling up the DagBag from /home/airflow/.local/lib/python3.7/site-packages/airflow/example_dags/example_latest_only.py
[2023-03-12T13:07:03.883+0000] {processor.py:753} INFO - DAG(s) dict_keys(['latest_only']) retrieved from /home/airflow/.local/lib/python3.7/site-packages/airflow/example_dags/example_latest_only.py
[2023-03-12T13:07:03.971+0000] {logging_mixin.py:137} INFO - [2023-03-12T13:07:03.970+0000] {dag.py:2690} INFO - Sync 1 DAGs
[2023-03-12T13:07:04.063+0000] {logging_mixin.py:137} INFO - [2023-03-12T13:07:04.062+0000] {dag.py:3441} INFO - Setting next_dagrun for latest_only to 2023-03-12T09:07:04.062459+00:00, run_after=2023-03-12T13:07:04.062459+00:00
[2023-03-12T13:07:04.161+0000] {processor.py:175} INFO - Processing /home/airflow/.local/lib/python3.7/site-packages/airflow/example_dags/example_latest_only.py took 0.299 seconds
[2023-03-12T13:07:34.351+0000] {processor.py:153} INFO - Started process (PID=177) to work on /home/airflow/.local/lib/python3.7/site-packages/airflow/example_dags/example_latest_only.py
[2023-03-12T13:07:34.352+0000] {processor.py:743} INFO - Processing file /home/airflow/.local/lib/python3.7/site-packages/airflow/example_dags/example_latest_only.py for tasks to queue
[2023-03-12T13:07:34.353+0000] {logging_mixin.py:137} INFO - [2023-03-12T13:07:34.353+0000] {dagbag.py:538} INFO - Filling up the DagBag from /home/airflow/.local/lib/python3.7/site-packages/airflow/example_dags/example_latest_only.py
[2023-03-12T13:07:34.368+0000] {processor.py:753} INFO - DAG(s) dict_keys(['latest_only']) retrieved from /home/airflow/.local/lib/python3.7/site-packages/airflow/example_dags/example_latest_only.py
[2023-03-12T13:07:34.470+0000] {logging_mixin.py:137} INFO - [2023-03-12T13:07:34.469+0000] {dag.py:2690} INFO - Sync 1 DAGs
[2023-03-12T13:07:34.498+0000] {logging_mixin.py:137} INFO - [2023-03-12T13:07:34.498+0000] {dag.py:3441} INFO - Setting next_dagrun for latest_only to 2023-03-12T09:07:34.498246+00:00, run_after=2023-03-12T13:07:34.498246+00:00
[2023-03-12T13:07:34.570+0000] {processor.py:175} INFO - Processing /home/airflow/.local/lib/python3.7/site-packages/airflow/example_dags/example_latest_only.py took 0.284 seconds
[2023-03-12T13:08:05.190+0000] {processor.py:153} INFO - Started process (PID=282) to work on /home/airflow/.local/lib/python3.7/site-packages/airflow/example_dags/example_latest_only.py
[2023-03-12T13:08:05.191+0000] {processor.py:743} INFO - Processing file /home/airflow/.local/lib/python3.7/site-packages/airflow/example_dags/example_latest_only.py for tasks to queue
[2023-03-12T13:08:05.192+0000] {logging_mixin.py:137} INFO - [2023-03-12T13:08:05.192+0000] {dagbag.py:538} INFO - Filling up the DagBag from /home/airflow/.local/lib/python3.7/site-packages/airflow/example_dags/example_latest_only.py
[2023-03-12T13:08:05.205+0000] {processor.py:753} INFO - DAG(s) dict_keys(['latest_only']) retrieved from /home/airflow/.local/lib/python3.7/site-packages/airflow/example_dags/example_latest_only.py
[2023-03-12T13:08:05.228+0000] {logging_mixin.py:137} INFO - [2023-03-12T13:08:05.228+0000] {dag.py:2690} INFO - Sync 1 DAGs
[2023-03-12T13:08:05.258+0000] {logging_mixin.py:137} INFO - [2023-03-12T13:08:05.258+0000] {dag.py:3441} INFO - Setting next_dagrun for latest_only to 2023-03-12T09:08:05.258337+00:00, run_after=2023-03-12T13:08:05.258337+00:00
[2023-03-12T13:08:05.276+0000] {processor.py:175} INFO - Processing /home/airflow/.local/lib/python3.7/site-packages/airflow/example_dags/example_latest_only.py took 0.088 seconds
[2023-03-12T13:08:36.057+0000] {processor.py:153} INFO - Started process (PID=373) to work on /home/airflow/.local/lib/python3.7/site-packages/airflow/example_dags/example_latest_only.py
[2023-03-12T13:08:36.058+0000] {processor.py:743} INFO - Processing file /home/airflow/.local/lib/python3.7/site-packages/airflow/example_dags/example_latest_only.py for tasks to queue
[2023-03-12T13:08:36.059+0000] {logging_mixin.py:137} INFO - [2023-03-12T13:08:36.059+0000] {dagbag.py:538} INFO - Filling up the DagBag from /home/airflow/.local/lib/python3.7/site-packages/airflow/example_dags/example_latest_only.py
[2023-03-12T13:08:36.072+0000] {processor.py:753} INFO - DAG(s) dict_keys(['latest_only']) retrieved from /home/airflow/.local/lib/python3.7/site-packages/airflow/example_dags/example_latest_only.py
[2023-03-12T13:08:36.098+0000] {logging_mixin.py:137} INFO - [2023-03-12T13:08:36.098+0000] {dag.py:2690} INFO - Sync 1 DAGs
[2023-03-12T13:08:36.123+0000] {logging_mixin.py:137} INFO - [2023-03-12T13:08:36.123+0000] {dag.py:3441} INFO - Setting next_dagrun for latest_only to 2023-03-12T09:08:36.123452+00:00, run_after=2023-03-12T13:08:36.123452+00:00
[2023-03-12T13:08:36.145+0000] {processor.py:175} INFO - Processing /home/airflow/.local/lib/python3.7/site-packages/airflow/example_dags/example_latest_only.py took 0.091 seconds
[2023-03-12T13:08:58.059+0000] {processor.py:153} INFO - Started process (PID=79) to work on /home/airflow/.local/lib/python3.7/site-packages/airflow/example_dags/example_latest_only.py
[2023-03-12T13:08:58.060+0000] {processor.py:743} INFO - Processing file /home/airflow/.local/lib/python3.7/site-packages/airflow/example_dags/example_latest_only.py for tasks to queue
[2023-03-12T13:08:58.061+0000] {logging_mixin.py:137} INFO - [2023-03-12T13:08:58.061+0000] {dagbag.py:538} INFO - Filling up the DagBag from /home/airflow/.local/lib/python3.7/site-packages/airflow/example_dags/example_latest_only.py
[2023-03-12T13:08:58.072+0000] {processor.py:753} INFO - DAG(s) dict_keys(['latest_only']) retrieved from /home/airflow/.local/lib/python3.7/site-packages/airflow/example_dags/example_latest_only.py
[2023-03-12T13:08:58.084+0000] {logging_mixin.py:137} INFO - [2023-03-12T13:08:58.084+0000] {dag.py:2690} INFO - Sync 1 DAGs
[2023-03-12T13:08:58.110+0000] {logging_mixin.py:137} INFO - [2023-03-12T13:08:58.110+0000] {dag.py:3441} INFO - Setting next_dagrun for latest_only to 2023-03-12T09:08:58.110385+00:00, run_after=2023-03-12T13:08:58.110385+00:00
[2023-03-12T13:08:58.133+0000] {processor.py:175} INFO - Processing /home/airflow/.local/lib/python3.7/site-packages/airflow/example_dags/example_latest_only.py took 0.077 seconds
[2023-03-12T13:09:28.858+0000] {processor.py:153} INFO - Started process (PID=193) to work on /home/airflow/.local/lib/python3.7/site-packages/airflow/example_dags/example_latest_only.py
[2023-03-12T13:09:28.859+0000] {processor.py:743} INFO - Processing file /home/airflow/.local/lib/python3.7/site-packages/airflow/example_dags/example_latest_only.py for tasks to queue
[2023-03-12T13:09:28.860+0000] {logging_mixin.py:137} INFO - [2023-03-12T13:09:28.860+0000] {dagbag.py:538} INFO - Filling up the DagBag from /home/airflow/.local/lib/python3.7/site-packages/airflow/example_dags/example_latest_only.py
[2023-03-12T13:09:28.872+0000] {processor.py:753} INFO - DAG(s) dict_keys(['latest_only']) retrieved from /home/airflow/.local/lib/python3.7/site-packages/airflow/example_dags/example_latest_only.py
[2023-03-12T13:09:28.894+0000] {logging_mixin.py:137} INFO - [2023-03-12T13:09:28.894+0000] {dag.py:2690} INFO - Sync 1 DAGs
[2023-03-12T13:09:28.919+0000] {logging_mixin.py:137} INFO - [2023-03-12T13:09:28.919+0000] {dag.py:3441} INFO - Setting next_dagrun for latest_only to 2023-03-12T09:09:28.919223+00:00, run_after=2023-03-12T13:09:28.919223+00:00
[2023-03-12T13:09:28.937+0000] {processor.py:175} INFO - Processing /home/airflow/.local/lib/python3.7/site-packages/airflow/example_dags/example_latest_only.py took 0.083 seconds
[2023-03-12T13:09:59.820+0000] {processor.py:153} INFO - Started process (PID=283) to work on /home/airflow/.local/lib/python3.7/site-packages/airflow/example_dags/example_latest_only.py
[2023-03-12T13:09:59.821+0000] {processor.py:743} INFO - Processing file /home/airflow/.local/lib/python3.7/site-packages/airflow/example_dags/example_latest_only.py for tasks to queue
[2023-03-12T13:09:59.821+0000] {logging_mixin.py:137} INFO - [2023-03-12T13:09:59.821+0000] {dagbag.py:538} INFO - Filling up the DagBag from /home/airflow/.local/lib/python3.7/site-packages/airflow/example_dags/example_latest_only.py
[2023-03-12T13:09:59.833+0000] {processor.py:753} INFO - DAG(s) dict_keys(['latest_only']) retrieved from /home/airflow/.local/lib/python3.7/site-packages/airflow/example_dags/example_latest_only.py
[2023-03-12T13:09:59.862+0000] {logging_mixin.py:137} INFO - [2023-03-12T13:09:59.861+0000] {dag.py:2690} INFO - Sync 1 DAGs
[2023-03-12T13:09:59.889+0000] {logging_mixin.py:137} INFO - [2023-03-12T13:09:59.889+0000] {dag.py:3441} INFO - Setting next_dagrun for latest_only to 2023-03-12T09:09:59.889269+00:00, run_after=2023-03-12T13:09:59.889269+00:00
[2023-03-12T13:09:59.909+0000] {processor.py:175} INFO - Processing /home/airflow/.local/lib/python3.7/site-packages/airflow/example_dags/example_latest_only.py took 0.092 seconds
[2023-03-12T13:10:30.975+0000] {processor.py:153} INFO - Started process (PID=407) to work on /home/airflow/.local/lib/python3.7/site-packages/airflow/example_dags/example_latest_only.py
[2023-03-12T13:10:30.976+0000] {processor.py:743} INFO - Processing file /home/airflow/.local/lib/python3.7/site-packages/airflow/example_dags/example_latest_only.py for tasks to queue
[2023-03-12T13:10:30.976+0000] {logging_mixin.py:137} INFO - [2023-03-12T13:10:30.976+0000] {dagbag.py:538} INFO - Filling up the DagBag from /home/airflow/.local/lib/python3.7/site-packages/airflow/example_dags/example_latest_only.py
[2023-03-12T13:10:30.989+0000] {processor.py:753} INFO - DAG(s) dict_keys(['latest_only']) retrieved from /home/airflow/.local/lib/python3.7/site-packages/airflow/example_dags/example_latest_only.py
[2023-03-12T13:10:31.012+0000] {logging_mixin.py:137} INFO - [2023-03-12T13:10:31.012+0000] {dag.py:2690} INFO - Sync 1 DAGs
[2023-03-12T13:10:31.041+0000] {logging_mixin.py:137} INFO - [2023-03-12T13:10:31.041+0000] {dag.py:3441} INFO - Setting next_dagrun for latest_only to 2023-03-12T09:10:31.041262+00:00, run_after=2023-03-12T13:10:31.041262+00:00
[2023-03-12T13:10:31.066+0000] {processor.py:175} INFO - Processing /home/airflow/.local/lib/python3.7/site-packages/airflow/example_dags/example_latest_only.py took 0.094 seconds
[2023-03-12T13:11:01.977+0000] {processor.py:153} INFO - Started process (PID=501) to work on /home/airflow/.local/lib/python3.7/site-packages/airflow/example_dags/example_latest_only.py
[2023-03-12T13:11:01.978+0000] {processor.py:743} INFO - Processing file /home/airflow/.local/lib/python3.7/site-packages/airflow/example_dags/example_latest_only.py for tasks to queue
[2023-03-12T13:11:01.978+0000] {logging_mixin.py:137} INFO - [2023-03-12T13:11:01.978+0000] {dagbag.py:538} INFO - Filling up the DagBag from /home/airflow/.local/lib/python3.7/site-packages/airflow/example_dags/example_latest_only.py
[2023-03-12T13:11:01.991+0000] {processor.py:753} INFO - DAG(s) dict_keys(['latest_only']) retrieved from /home/airflow/.local/lib/python3.7/site-packages/airflow/example_dags/example_latest_only.py
[2023-03-12T13:11:02.018+0000] {logging_mixin.py:137} INFO - [2023-03-12T13:11:02.017+0000] {dag.py:2690} INFO - Sync 1 DAGs
[2023-03-12T13:11:02.045+0000] {logging_mixin.py:137} INFO - [2023-03-12T13:11:02.045+0000] {dag.py:3441} INFO - Setting next_dagrun for latest_only to 2023-03-12T09:11:02.044808+00:00, run_after=2023-03-12T13:11:02.044808+00:00
[2023-03-12T13:11:02.072+0000] {processor.py:175} INFO - Processing /home/airflow/.local/lib/python3.7/site-packages/airflow/example_dags/example_latest_only.py took 0.098 seconds
[2023-03-12T13:11:33.144+0000] {processor.py:153} INFO - Started process (PID=600) to work on /home/airflow/.local/lib/python3.7/site-packages/airflow/example_dags/example_latest_only.py
[2023-03-12T13:11:33.145+0000] {processor.py:743} INFO - Processing file /home/airflow/.local/lib/python3.7/site-packages/airflow/example_dags/example_latest_only.py for tasks to queue
[2023-03-12T13:11:33.145+0000] {logging_mixin.py:137} INFO - [2023-03-12T13:11:33.145+0000] {dagbag.py:538} INFO - Filling up the DagBag from /home/airflow/.local/lib/python3.7/site-packages/airflow/example_dags/example_latest_only.py
[2023-03-12T13:11:33.159+0000] {processor.py:753} INFO - DAG(s) dict_keys(['latest_only']) retrieved from /home/airflow/.local/lib/python3.7/site-packages/airflow/example_dags/example_latest_only.py
[2023-03-12T13:11:33.191+0000] {logging_mixin.py:137} INFO - [2023-03-12T13:11:33.191+0000] {dag.py:2690} INFO - Sync 1 DAGs
[2023-03-12T13:11:33.254+0000] {logging_mixin.py:137} INFO - [2023-03-12T13:11:33.254+0000] {dag.py:3441} INFO - Setting next_dagrun for latest_only to 2023-03-12T09:11:33.253788+00:00, run_after=2023-03-12T13:11:33.253788+00:00
[2023-03-12T13:11:33.287+0000] {processor.py:175} INFO - Processing /home/airflow/.local/lib/python3.7/site-packages/airflow/example_dags/example_latest_only.py took 0.146 seconds
[2023-03-12T13:12:03.325+0000] {processor.py:153} INFO - Started process (PID=709) to work on /home/airflow/.local/lib/python3.7/site-packages/airflow/example_dags/example_latest_only.py
[2023-03-12T13:12:03.326+0000] {processor.py:743} INFO - Processing file /home/airflow/.local/lib/python3.7/site-packages/airflow/example_dags/example_latest_only.py for tasks to queue
[2023-03-12T13:12:03.327+0000] {logging_mixin.py:137} INFO - [2023-03-12T13:12:03.326+0000] {dagbag.py:538} INFO - Filling up the DagBag from /home/airflow/.local/lib/python3.7/site-packages/airflow/example_dags/example_latest_only.py
[2023-03-12T13:12:03.338+0000] {processor.py:753} INFO - DAG(s) dict_keys(['latest_only']) retrieved from /home/airflow/.local/lib/python3.7/site-packages/airflow/example_dags/example_latest_only.py
[2023-03-12T13:12:03.364+0000] {logging_mixin.py:137} INFO - [2023-03-12T13:12:03.364+0000] {dag.py:2690} INFO - Sync 1 DAGs
[2023-03-12T13:12:03.389+0000] {logging_mixin.py:137} INFO - [2023-03-12T13:12:03.388+0000] {dag.py:3441} INFO - Setting next_dagrun for latest_only to 2023-03-12T09:12:03.388708+00:00, run_after=2023-03-12T13:12:03.388708+00:00
[2023-03-12T13:12:03.405+0000] {processor.py:175} INFO - Processing /home/airflow/.local/lib/python3.7/site-packages/airflow/example_dags/example_latest_only.py took 0.082 seconds
[2023-03-12T13:12:34.357+0000] {processor.py:153} INFO - Started process (PID=799) to work on /home/airflow/.local/lib/python3.7/site-packages/airflow/example_dags/example_latest_only.py
[2023-03-12T13:12:34.358+0000] {processor.py:743} INFO - Processing file /home/airflow/.local/lib/python3.7/site-packages/airflow/example_dags/example_latest_only.py for tasks to queue
[2023-03-12T13:12:34.358+0000] {logging_mixin.py:137} INFO - [2023-03-12T13:12:34.358+0000] {dagbag.py:538} INFO - Filling up the DagBag from /home/airflow/.local/lib/python3.7/site-packages/airflow/example_dags/example_latest_only.py
[2023-03-12T13:12:34.371+0000] {processor.py:753} INFO - DAG(s) dict_keys(['latest_only']) retrieved from /home/airflow/.local/lib/python3.7/site-packages/airflow/example_dags/example_latest_only.py
[2023-03-12T13:12:34.392+0000] {logging_mixin.py:137} INFO - [2023-03-12T13:12:34.392+0000] {dag.py:2690} INFO - Sync 1 DAGs
[2023-03-12T13:12:34.418+0000] {logging_mixin.py:137} INFO - [2023-03-12T13:12:34.418+0000] {dag.py:3441} INFO - Setting next_dagrun for latest_only to 2023-03-12T09:12:34.417818+00:00, run_after=2023-03-12T13:12:34.417818+00:00
[2023-03-12T13:12:34.436+0000] {processor.py:175} INFO - Processing /home/airflow/.local/lib/python3.7/site-packages/airflow/example_dags/example_latest_only.py took 0.083 seconds
[2023-03-12T13:13:04.658+0000] {processor.py:153} INFO - Started process (PID=917) to work on /home/airflow/.local/lib/python3.7/site-packages/airflow/example_dags/example_latest_only.py
[2023-03-12T13:13:04.659+0000] {processor.py:743} INFO - Processing file /home/airflow/.local/lib/python3.7/site-packages/airflow/example_dags/example_latest_only.py for tasks to queue
[2023-03-12T13:13:04.660+0000] {logging_mixin.py:137} INFO - [2023-03-12T13:13:04.660+0000] {dagbag.py:538} INFO - Filling up the DagBag from /home/airflow/.local/lib/python3.7/site-packages/airflow/example_dags/example_latest_only.py
[2023-03-12T13:13:04.674+0000] {processor.py:753} INFO - DAG(s) dict_keys(['latest_only']) retrieved from /home/airflow/.local/lib/python3.7/site-packages/airflow/example_dags/example_latest_only.py
[2023-03-12T13:13:04.701+0000] {logging_mixin.py:137} INFO - [2023-03-12T13:13:04.700+0000] {dag.py:2690} INFO - Sync 1 DAGs
[2023-03-12T13:13:04.730+0000] {logging_mixin.py:137} INFO - [2023-03-12T13:13:04.730+0000] {dag.py:3441} INFO - Setting next_dagrun for latest_only to 2023-03-12T09:13:04.729769+00:00, run_after=2023-03-12T13:13:04.729769+00:00
[2023-03-12T13:13:04.752+0000] {processor.py:175} INFO - Processing /home/airflow/.local/lib/python3.7/site-packages/airflow/example_dags/example_latest_only.py took 0.097 seconds
[2023-03-12T13:13:34.904+0000] {processor.py:153} INFO - Started process (PID=1007) to work on /home/airflow/.local/lib/python3.7/site-packages/airflow/example_dags/example_latest_only.py
[2023-03-12T13:13:34.905+0000] {processor.py:743} INFO - Processing file /home/airflow/.local/lib/python3.7/site-packages/airflow/example_dags/example_latest_only.py for tasks to queue
[2023-03-12T13:13:34.906+0000] {logging_mixin.py:137} INFO - [2023-03-12T13:13:34.906+0000] {dagbag.py:538} INFO - Filling up the DagBag from /home/airflow/.local/lib/python3.7/site-packages/airflow/example_dags/example_latest_only.py
[2023-03-12T13:13:34.917+0000] {processor.py:753} INFO - DAG(s) dict_keys(['latest_only']) retrieved from /home/airflow/.local/lib/python3.7/site-packages/airflow/example_dags/example_latest_only.py
[2023-03-12T13:13:34.940+0000] {logging_mixin.py:137} INFO - [2023-03-12T13:13:34.940+0000] {dag.py:2690} INFO - Sync 1 DAGs
[2023-03-12T13:13:34.969+0000] {logging_mixin.py:137} INFO - [2023-03-12T13:13:34.968+0000] {dag.py:3441} INFO - Setting next_dagrun for latest_only to 2023-03-12T09:13:34.968736+00:00, run_after=2023-03-12T13:13:34.968736+00:00
[2023-03-12T13:13:34.987+0000] {processor.py:175} INFO - Processing /home/airflow/.local/lib/python3.7/site-packages/airflow/example_dags/example_latest_only.py took 0.086 seconds
[2023-03-12T13:14:05.965+0000] {processor.py:153} INFO - Started process (PID=1125) to work on /home/airflow/.local/lib/python3.7/site-packages/airflow/example_dags/example_latest_only.py
[2023-03-12T13:14:05.966+0000] {processor.py:743} INFO - Processing file /home/airflow/.local/lib/python3.7/site-packages/airflow/example_dags/example_latest_only.py for tasks to queue
[2023-03-12T13:14:05.967+0000] {logging_mixin.py:137} INFO - [2023-03-12T13:14:05.967+0000] {dagbag.py:538} INFO - Filling up the DagBag from /home/airflow/.local/lib/python3.7/site-packages/airflow/example_dags/example_latest_only.py
[2023-03-12T13:14:05.980+0000] {processor.py:753} INFO - DAG(s) dict_keys(['latest_only']) retrieved from /home/airflow/.local/lib/python3.7/site-packages/airflow/example_dags/example_latest_only.py
[2023-03-12T13:14:06.008+0000] {logging_mixin.py:137} INFO - [2023-03-12T13:14:06.008+0000] {dag.py:2690} INFO - Sync 1 DAGs
[2023-03-12T13:14:06.036+0000] {logging_mixin.py:137} INFO - [2023-03-12T13:14:06.036+0000] {dag.py:3441} INFO - Setting next_dagrun for latest_only to 2023-03-12T09:14:06.036151+00:00, run_after=2023-03-12T13:14:06.036151+00:00
[2023-03-12T13:14:06.061+0000] {processor.py:175} INFO - Processing /home/airflow/.local/lib/python3.7/site-packages/airflow/example_dags/example_latest_only.py took 0.100 seconds
[2023-03-12T13:14:36.236+0000] {processor.py:153} INFO - Started process (PID=1215) to work on /home/airflow/.local/lib/python3.7/site-packages/airflow/example_dags/example_latest_only.py
[2023-03-12T13:14:36.237+0000] {processor.py:743} INFO - Processing file /home/airflow/.local/lib/python3.7/site-packages/airflow/example_dags/example_latest_only.py for tasks to queue
[2023-03-12T13:14:36.237+0000] {logging_mixin.py:137} INFO - [2023-03-12T13:14:36.237+0000] {dagbag.py:538} INFO - Filling up the DagBag from /home/airflow/.local/lib/python3.7/site-packages/airflow/example_dags/example_latest_only.py
[2023-03-12T13:14:36.251+0000] {processor.py:753} INFO - DAG(s) dict_keys(['latest_only']) retrieved from /home/airflow/.local/lib/python3.7/site-packages/airflow/example_dags/example_latest_only.py
[2023-03-12T13:14:36.282+0000] {logging_mixin.py:137} INFO - [2023-03-12T13:14:36.282+0000] {dag.py:2690} INFO - Sync 1 DAGs
[2023-03-12T13:14:36.312+0000] {logging_mixin.py:137} INFO - [2023-03-12T13:14:36.312+0000] {dag.py:3441} INFO - Setting next_dagrun for latest_only to 2023-03-12T09:14:36.312280+00:00, run_after=2023-03-12T13:14:36.312280+00:00
[2023-03-12T13:14:36.337+0000] {processor.py:175} INFO - Processing /home/airflow/.local/lib/python3.7/site-packages/airflow/example_dags/example_latest_only.py took 0.104 seconds
[2023-03-12T13:15:06.558+0000] {processor.py:153} INFO - Started process (PID=1309) to work on /home/airflow/.local/lib/python3.7/site-packages/airflow/example_dags/example_latest_only.py
[2023-03-12T13:15:06.559+0000] {processor.py:743} INFO - Processing file /home/airflow/.local/lib/python3.7/site-packages/airflow/example_dags/example_latest_only.py for tasks to queue
[2023-03-12T13:15:06.560+0000] {logging_mixin.py:137} INFO - [2023-03-12T13:15:06.560+0000] {dagbag.py:538} INFO - Filling up the DagBag from /home/airflow/.local/lib/python3.7/site-packages/airflow/example_dags/example_latest_only.py
[2023-03-12T13:15:06.574+0000] {processor.py:753} INFO - DAG(s) dict_keys(['latest_only']) retrieved from /home/airflow/.local/lib/python3.7/site-packages/airflow/example_dags/example_latest_only.py
[2023-03-12T13:15:06.609+0000] {logging_mixin.py:137} INFO - [2023-03-12T13:15:06.609+0000] {dag.py:2690} INFO - Sync 1 DAGs
[2023-03-12T13:15:06.643+0000] {logging_mixin.py:137} INFO - [2023-03-12T13:15:06.642+0000] {dag.py:3441} INFO - Setting next_dagrun for latest_only to 2023-03-12T09:15:06.642559+00:00, run_after=2023-03-12T13:15:06.642559+00:00
[2023-03-12T13:15:06.671+0000] {processor.py:175} INFO - Processing /home/airflow/.local/lib/python3.7/site-packages/airflow/example_dags/example_latest_only.py took 0.116 seconds
[2023-03-12T13:15:36.816+0000] {processor.py:153} INFO - Started process (PID=1423) to work on /home/airflow/.local/lib/python3.7/site-packages/airflow/example_dags/example_latest_only.py
[2023-03-12T13:15:36.816+0000] {processor.py:743} INFO - Processing file /home/airflow/.local/lib/python3.7/site-packages/airflow/example_dags/example_latest_only.py for tasks to queue
[2023-03-12T13:15:36.817+0000] {logging_mixin.py:137} INFO - [2023-03-12T13:15:36.817+0000] {dagbag.py:538} INFO - Filling up the DagBag from /home/airflow/.local/lib/python3.7/site-packages/airflow/example_dags/example_latest_only.py
[2023-03-12T13:15:36.829+0000] {processor.py:753} INFO - DAG(s) dict_keys(['latest_only']) retrieved from /home/airflow/.local/lib/python3.7/site-packages/airflow/example_dags/example_latest_only.py
[2023-03-12T13:15:36.853+0000] {logging_mixin.py:137} INFO - [2023-03-12T13:15:36.853+0000] {dag.py:2690} INFO - Sync 1 DAGs
[2023-03-12T13:15:36.881+0000] {logging_mixin.py:137} INFO - [2023-03-12T13:15:36.880+0000] {dag.py:3441} INFO - Setting next_dagrun for latest_only to 2023-03-12T09:15:36.880720+00:00, run_after=2023-03-12T13:15:36.880720+00:00
[2023-03-12T13:15:36.898+0000] {processor.py:175} INFO - Processing /home/airflow/.local/lib/python3.7/site-packages/airflow/example_dags/example_latest_only.py took 0.085 seconds
[2023-03-12T13:16:13.965+0000] {processor.py:153} INFO - Started process (PID=80) to work on /home/airflow/.local/lib/python3.7/site-packages/airflow/example_dags/example_latest_only.py
[2023-03-12T13:16:13.966+0000] {processor.py:743} INFO - Processing file /home/airflow/.local/lib/python3.7/site-packages/airflow/example_dags/example_latest_only.py for tasks to queue
[2023-03-12T13:16:13.966+0000] {logging_mixin.py:137} INFO - [2023-03-12T13:16:13.966+0000] {dagbag.py:538} INFO - Filling up the DagBag from /home/airflow/.local/lib/python3.7/site-packages/airflow/example_dags/example_latest_only.py
[2023-03-12T13:16:13.981+0000] {processor.py:753} INFO - DAG(s) dict_keys(['latest_only']) retrieved from /home/airflow/.local/lib/python3.7/site-packages/airflow/example_dags/example_latest_only.py
[2023-03-12T13:16:13.994+0000] {logging_mixin.py:137} INFO - [2023-03-12T13:16:13.994+0000] {dag.py:2690} INFO - Sync 1 DAGs
[2023-03-12T13:16:14.024+0000] {logging_mixin.py:137} INFO - [2023-03-12T13:16:14.024+0000] {dag.py:3441} INFO - Setting next_dagrun for latest_only to 2023-03-12T09:16:14.023692+00:00, run_after=2023-03-12T13:16:14.023692+00:00
[2023-03-12T13:16:14.042+0000] {processor.py:175} INFO - Processing /home/airflow/.local/lib/python3.7/site-packages/airflow/example_dags/example_latest_only.py took 0.081 seconds
[2023-03-12T13:16:44.873+0000] {processor.py:153} INFO - Started process (PID=195) to work on /home/airflow/.local/lib/python3.7/site-packages/airflow/example_dags/example_latest_only.py
[2023-03-12T13:16:44.874+0000] {processor.py:743} INFO - Processing file /home/airflow/.local/lib/python3.7/site-packages/airflow/example_dags/example_latest_only.py for tasks to queue
[2023-03-12T13:16:44.875+0000] {logging_mixin.py:137} INFO - [2023-03-12T13:16:44.875+0000] {dagbag.py:538} INFO - Filling up the DagBag from /home/airflow/.local/lib/python3.7/site-packages/airflow/example_dags/example_latest_only.py
[2023-03-12T13:16:44.889+0000] {processor.py:753} INFO - DAG(s) dict_keys(['latest_only']) retrieved from /home/airflow/.local/lib/python3.7/site-packages/airflow/example_dags/example_latest_only.py
[2023-03-12T13:16:44.916+0000] {logging_mixin.py:137} INFO - [2023-03-12T13:16:44.916+0000] {dag.py:2690} INFO - Sync 1 DAGs
[2023-03-12T13:16:44.941+0000] {logging_mixin.py:137} INFO - [2023-03-12T13:16:44.941+0000] {dag.py:3441} INFO - Setting next_dagrun for latest_only to 2023-03-12T09:16:44.941484+00:00, run_after=2023-03-12T13:16:44.941484+00:00
[2023-03-12T13:16:44.962+0000] {processor.py:175} INFO - Processing /home/airflow/.local/lib/python3.7/site-packages/airflow/example_dags/example_latest_only.py took 0.092 seconds
[2023-03-12T13:17:16.166+0000] {processor.py:153} INFO - Started process (PID=290) to work on /home/airflow/.local/lib/python3.7/site-packages/airflow/example_dags/example_latest_only.py
[2023-03-12T13:17:16.166+0000] {processor.py:743} INFO - Processing file /home/airflow/.local/lib/python3.7/site-packages/airflow/example_dags/example_latest_only.py for tasks to queue
[2023-03-12T13:17:16.167+0000] {logging_mixin.py:137} INFO - [2023-03-12T13:17:16.167+0000] {dagbag.py:538} INFO - Filling up the DagBag from /home/airflow/.local/lib/python3.7/site-packages/airflow/example_dags/example_latest_only.py
[2023-03-12T13:17:16.178+0000] {processor.py:753} INFO - DAG(s) dict_keys(['latest_only']) retrieved from /home/airflow/.local/lib/python3.7/site-packages/airflow/example_dags/example_latest_only.py
[2023-03-12T13:17:16.203+0000] {logging_mixin.py:137} INFO - [2023-03-12T13:17:16.202+0000] {dag.py:2690} INFO - Sync 1 DAGs
[2023-03-12T13:17:16.232+0000] {logging_mixin.py:137} INFO - [2023-03-12T13:17:16.232+0000] {dag.py:3441} INFO - Setting next_dagrun for latest_only to 2023-03-12T09:17:16.232269+00:00, run_after=2023-03-12T13:17:16.232269+00:00
[2023-03-12T13:17:16.257+0000] {processor.py:175} INFO - Processing /home/airflow/.local/lib/python3.7/site-packages/airflow/example_dags/example_latest_only.py took 0.094 seconds
[2023-03-12T13:17:46.683+0000] {processor.py:153} INFO - Started process (PID=405) to work on /home/airflow/.local/lib/python3.7/site-packages/airflow/example_dags/example_latest_only.py
[2023-03-12T13:17:46.685+0000] {processor.py:743} INFO - Processing file /home/airflow/.local/lib/python3.7/site-packages/airflow/example_dags/example_latest_only.py for tasks to queue
[2023-03-12T13:17:46.685+0000] {logging_mixin.py:137} INFO - [2023-03-12T13:17:46.685+0000] {dagbag.py:538} INFO - Filling up the DagBag from /home/airflow/.local/lib/python3.7/site-packages/airflow/example_dags/example_latest_only.py
[2023-03-12T13:17:46.698+0000] {processor.py:753} INFO - DAG(s) dict_keys(['latest_only']) retrieved from /home/airflow/.local/lib/python3.7/site-packages/airflow/example_dags/example_latest_only.py
[2023-03-12T13:17:46.725+0000] {logging_mixin.py:137} INFO - [2023-03-12T13:17:46.725+0000] {dag.py:2690} INFO - Sync 1 DAGs
[2023-03-12T13:17:46.758+0000] {logging_mixin.py:137} INFO - [2023-03-12T13:17:46.758+0000] {dag.py:3441} INFO - Setting next_dagrun for latest_only to 2023-03-12T09:17:46.757750+00:00, run_after=2023-03-12T13:17:46.757750+00:00
[2023-03-12T13:17:46.779+0000] {processor.py:175} INFO - Processing /home/airflow/.local/lib/python3.7/site-packages/airflow/example_dags/example_latest_only.py took 0.099 seconds
[2023-03-12T13:18:16.862+0000] {processor.py:153} INFO - Started process (PID=503) to work on /home/airflow/.local/lib/python3.7/site-packages/airflow/example_dags/example_latest_only.py
[2023-03-12T13:18:16.863+0000] {processor.py:743} INFO - Processing file /home/airflow/.local/lib/python3.7/site-packages/airflow/example_dags/example_latest_only.py for tasks to queue
[2023-03-12T13:18:16.864+0000] {logging_mixin.py:137} INFO - [2023-03-12T13:18:16.864+0000] {dagbag.py:538} INFO - Filling up the DagBag from /home/airflow/.local/lib/python3.7/site-packages/airflow/example_dags/example_latest_only.py
[2023-03-12T13:18:16.875+0000] {processor.py:753} INFO - DAG(s) dict_keys(['latest_only']) retrieved from /home/airflow/.local/lib/python3.7/site-packages/airflow/example_dags/example_latest_only.py
[2023-03-12T13:18:16.901+0000] {logging_mixin.py:137} INFO - [2023-03-12T13:18:16.901+0000] {dag.py:2690} INFO - Sync 1 DAGs
[2023-03-12T13:18:16.936+0000] {logging_mixin.py:137} INFO - [2023-03-12T13:18:16.936+0000] {dag.py:3441} INFO - Setting next_dagrun for latest_only to 2023-03-12T09:18:16.935752+00:00, run_after=2023-03-12T13:18:16.935752+00:00
[2023-03-12T13:18:16.956+0000] {processor.py:175} INFO - Processing /home/airflow/.local/lib/python3.7/site-packages/airflow/example_dags/example_latest_only.py took 0.096 seconds
[2023-03-12T13:18:47.754+0000] {processor.py:153} INFO - Started process (PID=602) to work on /home/airflow/.local/lib/python3.7/site-packages/airflow/example_dags/example_latest_only.py
[2023-03-12T13:18:47.755+0000] {processor.py:743} INFO - Processing file /home/airflow/.local/lib/python3.7/site-packages/airflow/example_dags/example_latest_only.py for tasks to queue
[2023-03-12T13:18:47.756+0000] {logging_mixin.py:137} INFO - [2023-03-12T13:18:47.756+0000] {dagbag.py:538} INFO - Filling up the DagBag from /home/airflow/.local/lib/python3.7/site-packages/airflow/example_dags/example_latest_only.py
[2023-03-12T13:18:47.772+0000] {processor.py:753} INFO - DAG(s) dict_keys(['latest_only']) retrieved from /home/airflow/.local/lib/python3.7/site-packages/airflow/example_dags/example_latest_only.py
[2023-03-12T13:18:47.797+0000] {logging_mixin.py:137} INFO - [2023-03-12T13:18:47.797+0000] {dag.py:2690} INFO - Sync 1 DAGs
[2023-03-12T13:18:47.824+0000] {logging_mixin.py:137} INFO - [2023-03-12T13:18:47.824+0000] {dag.py:3441} INFO - Setting next_dagrun for latest_only to 2023-03-12T09:18:47.824325+00:00, run_after=2023-03-12T13:18:47.824325+00:00
[2023-03-12T13:18:47.844+0000] {processor.py:175} INFO - Processing /home/airflow/.local/lib/python3.7/site-packages/airflow/example_dags/example_latest_only.py took 0.095 seconds
[2023-03-12T13:19:18.157+0000] {processor.py:153} INFO - Started process (PID=712) to work on /home/airflow/.local/lib/python3.7/site-packages/airflow/example_dags/example_latest_only.py
[2023-03-12T13:19:18.158+0000] {processor.py:743} INFO - Processing file /home/airflow/.local/lib/python3.7/site-packages/airflow/example_dags/example_latest_only.py for tasks to queue
[2023-03-12T13:19:18.158+0000] {logging_mixin.py:137} INFO - [2023-03-12T13:19:18.158+0000] {dagbag.py:538} INFO - Filling up the DagBag from /home/airflow/.local/lib/python3.7/site-packages/airflow/example_dags/example_latest_only.py
[2023-03-12T13:19:18.171+0000] {processor.py:753} INFO - DAG(s) dict_keys(['latest_only']) retrieved from /home/airflow/.local/lib/python3.7/site-packages/airflow/example_dags/example_latest_only.py
[2023-03-12T13:19:18.194+0000] {logging_mixin.py:137} INFO - [2023-03-12T13:19:18.194+0000] {dag.py:2690} INFO - Sync 1 DAGs
[2023-03-12T13:19:18.219+0000] {logging_mixin.py:137} INFO - [2023-03-12T13:19:18.219+0000] {dag.py:3441} INFO - Setting next_dagrun for latest_only to 2023-03-12T09:19:18.219551+00:00, run_after=2023-03-12T13:19:18.219551+00:00
[2023-03-12T13:19:18.237+0000] {processor.py:175} INFO - Processing /home/airflow/.local/lib/python3.7/site-packages/airflow/example_dags/example_latest_only.py took 0.086 seconds
