[2023-03-12T12:43:39.506+0000] {processor.py:153} INFO - Started process (PID=119) to work on /home/airflow/.local/lib/python3.7/site-packages/airflow/example_dags/example_xcom.py
[2023-03-12T12:43:39.507+0000] {processor.py:743} INFO - Processing file /home/airflow/.local/lib/python3.7/site-packages/airflow/example_dags/example_xcom.py for tasks to queue
[2023-03-12T12:43:39.507+0000] {logging_mixin.py:137} INFO - [2023-03-12T12:43:39.507+0000] {dagbag.py:538} INFO - Filling up the DagBag from /home/airflow/.local/lib/python3.7/site-packages/airflow/example_dags/example_xcom.py
[2023-03-12T12:43:39.535+0000] {processor.py:753} INFO - DAG(s) dict_keys(['example_xcom']) retrieved from /home/airflow/.local/lib/python3.7/site-packages/airflow/example_dags/example_xcom.py
[2023-03-12T12:43:39.547+0000] {logging_mixin.py:137} INFO - [2023-03-12T12:43:39.547+0000] {dag.py:2690} INFO - Sync 1 DAGs
[2023-03-12T12:43:39.580+0000] {logging_mixin.py:137} INFO - [2023-03-12T12:43:39.580+0000] {dag.py:3441} INFO - Setting next_dagrun for example_xcom to 2021-01-01T00:00:00+00:00, run_after=2021-01-01T00:00:00+00:00
[2023-03-12T12:43:39.598+0000] {processor.py:175} INFO - Processing /home/airflow/.local/lib/python3.7/site-packages/airflow/example_dags/example_xcom.py took 0.095 seconds
[2023-03-12T12:44:10.315+0000] {processor.py:153} INFO - Started process (PID=207) to work on /home/airflow/.local/lib/python3.7/site-packages/airflow/example_dags/example_xcom.py
[2023-03-12T12:44:10.316+0000] {processor.py:743} INFO - Processing file /home/airflow/.local/lib/python3.7/site-packages/airflow/example_dags/example_xcom.py for tasks to queue
[2023-03-12T12:44:10.317+0000] {logging_mixin.py:137} INFO - [2023-03-12T12:44:10.317+0000] {dagbag.py:538} INFO - Filling up the DagBag from /home/airflow/.local/lib/python3.7/site-packages/airflow/example_dags/example_xcom.py
[2023-03-12T12:44:10.341+0000] {processor.py:753} INFO - DAG(s) dict_keys(['example_xcom']) retrieved from /home/airflow/.local/lib/python3.7/site-packages/airflow/example_dags/example_xcom.py
[2023-03-12T12:44:10.370+0000] {logging_mixin.py:137} INFO - [2023-03-12T12:44:10.370+0000] {dag.py:2690} INFO - Sync 1 DAGs
[2023-03-12T12:44:10.400+0000] {logging_mixin.py:137} INFO - [2023-03-12T12:44:10.400+0000] {dag.py:3441} INFO - Setting next_dagrun for example_xcom to 2021-01-01T00:00:00+00:00, run_after=2021-01-01T00:00:00+00:00
[2023-03-12T12:44:10.419+0000] {processor.py:175} INFO - Processing /home/airflow/.local/lib/python3.7/site-packages/airflow/example_dags/example_xcom.py took 0.106 seconds
[2023-03-12T12:44:41.321+0000] {processor.py:153} INFO - Started process (PID=319) to work on /home/airflow/.local/lib/python3.7/site-packages/airflow/example_dags/example_xcom.py
[2023-03-12T12:44:41.322+0000] {processor.py:743} INFO - Processing file /home/airflow/.local/lib/python3.7/site-packages/airflow/example_dags/example_xcom.py for tasks to queue
[2023-03-12T12:44:41.323+0000] {logging_mixin.py:137} INFO - [2023-03-12T12:44:41.322+0000] {dagbag.py:538} INFO - Filling up the DagBag from /home/airflow/.local/lib/python3.7/site-packages/airflow/example_dags/example_xcom.py
[2023-03-12T12:44:41.368+0000] {processor.py:753} INFO - DAG(s) dict_keys(['example_xcom']) retrieved from /home/airflow/.local/lib/python3.7/site-packages/airflow/example_dags/example_xcom.py
[2023-03-12T12:44:41.395+0000] {logging_mixin.py:137} INFO - [2023-03-12T12:44:41.394+0000] {dag.py:2690} INFO - Sync 1 DAGs
[2023-03-12T12:44:41.422+0000] {logging_mixin.py:137} INFO - [2023-03-12T12:44:41.422+0000] {dag.py:3441} INFO - Setting next_dagrun for example_xcom to 2021-01-01T00:00:00+00:00, run_after=2021-01-01T00:00:00+00:00
[2023-03-12T12:44:41.442+0000] {processor.py:175} INFO - Processing /home/airflow/.local/lib/python3.7/site-packages/airflow/example_dags/example_xcom.py took 0.123 seconds
[2023-03-12T12:45:11.926+0000] {processor.py:153} INFO - Started process (PID=407) to work on /home/airflow/.local/lib/python3.7/site-packages/airflow/example_dags/example_xcom.py
[2023-03-12T12:45:11.927+0000] {processor.py:743} INFO - Processing file /home/airflow/.local/lib/python3.7/site-packages/airflow/example_dags/example_xcom.py for tasks to queue
[2023-03-12T12:45:11.927+0000] {logging_mixin.py:137} INFO - [2023-03-12T12:45:11.927+0000] {dagbag.py:538} INFO - Filling up the DagBag from /home/airflow/.local/lib/python3.7/site-packages/airflow/example_dags/example_xcom.py
[2023-03-12T12:45:11.950+0000] {processor.py:753} INFO - DAG(s) dict_keys(['example_xcom']) retrieved from /home/airflow/.local/lib/python3.7/site-packages/airflow/example_dags/example_xcom.py
[2023-03-12T12:45:11.976+0000] {logging_mixin.py:137} INFO - [2023-03-12T12:45:11.976+0000] {dag.py:2690} INFO - Sync 1 DAGs
[2023-03-12T12:45:12.001+0000] {logging_mixin.py:137} INFO - [2023-03-12T12:45:12.000+0000] {dag.py:3441} INFO - Setting next_dagrun for example_xcom to 2021-01-01T00:00:00+00:00, run_after=2021-01-01T00:00:00+00:00
[2023-03-12T12:45:12.018+0000] {processor.py:175} INFO - Processing /home/airflow/.local/lib/python3.7/site-packages/airflow/example_dags/example_xcom.py took 0.094 seconds
[2023-03-12T12:45:42.861+0000] {processor.py:153} INFO - Started process (PID=495) to work on /home/airflow/.local/lib/python3.7/site-packages/airflow/example_dags/example_xcom.py
[2023-03-12T12:45:42.862+0000] {processor.py:743} INFO - Processing file /home/airflow/.local/lib/python3.7/site-packages/airflow/example_dags/example_xcom.py for tasks to queue
[2023-03-12T12:45:42.863+0000] {logging_mixin.py:137} INFO - [2023-03-12T12:45:42.862+0000] {dagbag.py:538} INFO - Filling up the DagBag from /home/airflow/.local/lib/python3.7/site-packages/airflow/example_dags/example_xcom.py
[2023-03-12T12:45:42.891+0000] {processor.py:753} INFO - DAG(s) dict_keys(['example_xcom']) retrieved from /home/airflow/.local/lib/python3.7/site-packages/airflow/example_dags/example_xcom.py
[2023-03-12T12:45:42.919+0000] {logging_mixin.py:137} INFO - [2023-03-12T12:45:42.919+0000] {dag.py:2690} INFO - Sync 1 DAGs
[2023-03-12T12:45:42.947+0000] {logging_mixin.py:137} INFO - [2023-03-12T12:45:42.946+0000] {dag.py:3441} INFO - Setting next_dagrun for example_xcom to 2021-01-01T00:00:00+00:00, run_after=2021-01-01T00:00:00+00:00
[2023-03-12T12:45:42.969+0000] {processor.py:175} INFO - Processing /home/airflow/.local/lib/python3.7/site-packages/airflow/example_dags/example_xcom.py took 0.112 seconds
[2023-03-12T12:46:13.677+0000] {processor.py:153} INFO - Started process (PID=607) to work on /home/airflow/.local/lib/python3.7/site-packages/airflow/example_dags/example_xcom.py
[2023-03-12T12:46:13.678+0000] {processor.py:743} INFO - Processing file /home/airflow/.local/lib/python3.7/site-packages/airflow/example_dags/example_xcom.py for tasks to queue
[2023-03-12T12:46:13.678+0000] {logging_mixin.py:137} INFO - [2023-03-12T12:46:13.678+0000] {dagbag.py:538} INFO - Filling up the DagBag from /home/airflow/.local/lib/python3.7/site-packages/airflow/example_dags/example_xcom.py
[2023-03-12T12:46:13.701+0000] {processor.py:753} INFO - DAG(s) dict_keys(['example_xcom']) retrieved from /home/airflow/.local/lib/python3.7/site-packages/airflow/example_dags/example_xcom.py
[2023-03-12T12:46:13.733+0000] {logging_mixin.py:137} INFO - [2023-03-12T12:46:13.733+0000] {dag.py:2690} INFO - Sync 1 DAGs
[2023-03-12T12:46:13.769+0000] {logging_mixin.py:137} INFO - [2023-03-12T12:46:13.769+0000] {dag.py:3441} INFO - Setting next_dagrun for example_xcom to 2021-01-01T00:00:00+00:00, run_after=2021-01-01T00:00:00+00:00
[2023-03-12T12:46:13.789+0000] {processor.py:175} INFO - Processing /home/airflow/.local/lib/python3.7/site-packages/airflow/example_dags/example_xcom.py took 0.115 seconds
[2023-03-12T12:54:42.143+0000] {processor.py:153} INFO - Started process (PID=121) to work on /home/airflow/.local/lib/python3.7/site-packages/airflow/example_dags/example_xcom.py
[2023-03-12T12:54:42.144+0000] {processor.py:743} INFO - Processing file /home/airflow/.local/lib/python3.7/site-packages/airflow/example_dags/example_xcom.py for tasks to queue
[2023-03-12T12:54:42.144+0000] {logging_mixin.py:137} INFO - [2023-03-12T12:54:42.144+0000] {dagbag.py:538} INFO - Filling up the DagBag from /home/airflow/.local/lib/python3.7/site-packages/airflow/example_dags/example_xcom.py
[2023-03-12T12:54:42.174+0000] {processor.py:753} INFO - DAG(s) dict_keys(['example_xcom']) retrieved from /home/airflow/.local/lib/python3.7/site-packages/airflow/example_dags/example_xcom.py
[2023-03-12T12:54:42.188+0000] {logging_mixin.py:137} INFO - [2023-03-12T12:54:42.188+0000] {dag.py:2690} INFO - Sync 1 DAGs
[2023-03-12T12:54:42.218+0000] {logging_mixin.py:137} INFO - [2023-03-12T12:54:42.217+0000] {dag.py:3441} INFO - Setting next_dagrun for example_xcom to 2021-01-01T00:00:00+00:00, run_after=2021-01-01T00:00:00+00:00
[2023-03-12T12:54:42.237+0000] {processor.py:175} INFO - Processing /home/airflow/.local/lib/python3.7/site-packages/airflow/example_dags/example_xcom.py took 0.097 seconds
[2023-03-12T12:55:12.950+0000] {processor.py:153} INFO - Started process (PID=211) to work on /home/airflow/.local/lib/python3.7/site-packages/airflow/example_dags/example_xcom.py
[2023-03-12T12:55:12.952+0000] {processor.py:743} INFO - Processing file /home/airflow/.local/lib/python3.7/site-packages/airflow/example_dags/example_xcom.py for tasks to queue
[2023-03-12T12:55:12.952+0000] {logging_mixin.py:137} INFO - [2023-03-12T12:55:12.952+0000] {dagbag.py:538} INFO - Filling up the DagBag from /home/airflow/.local/lib/python3.7/site-packages/airflow/example_dags/example_xcom.py
[2023-03-12T12:55:12.979+0000] {processor.py:753} INFO - DAG(s) dict_keys(['example_xcom']) retrieved from /home/airflow/.local/lib/python3.7/site-packages/airflow/example_dags/example_xcom.py
[2023-03-12T12:55:13.012+0000] {logging_mixin.py:137} INFO - [2023-03-12T12:55:13.012+0000] {dag.py:2690} INFO - Sync 1 DAGs
[2023-03-12T12:55:13.049+0000] {logging_mixin.py:137} INFO - [2023-03-12T12:55:13.049+0000] {dag.py:3441} INFO - Setting next_dagrun for example_xcom to 2021-01-01T00:00:00+00:00, run_after=2021-01-01T00:00:00+00:00
[2023-03-12T12:55:13.072+0000] {processor.py:175} INFO - Processing /home/airflow/.local/lib/python3.7/site-packages/airflow/example_dags/example_xcom.py took 0.126 seconds
[2023-03-12T12:55:43.961+0000] {processor.py:153} INFO - Started process (PID=325) to work on /home/airflow/.local/lib/python3.7/site-packages/airflow/example_dags/example_xcom.py
[2023-03-12T12:55:43.962+0000] {processor.py:743} INFO - Processing file /home/airflow/.local/lib/python3.7/site-packages/airflow/example_dags/example_xcom.py for tasks to queue
[2023-03-12T12:55:43.963+0000] {logging_mixin.py:137} INFO - [2023-03-12T12:55:43.963+0000] {dagbag.py:538} INFO - Filling up the DagBag from /home/airflow/.local/lib/python3.7/site-packages/airflow/example_dags/example_xcom.py
[2023-03-12T12:55:43.996+0000] {processor.py:753} INFO - DAG(s) dict_keys(['example_xcom']) retrieved from /home/airflow/.local/lib/python3.7/site-packages/airflow/example_dags/example_xcom.py
[2023-03-12T12:55:44.021+0000] {logging_mixin.py:137} INFO - [2023-03-12T12:55:44.021+0000] {dag.py:2690} INFO - Sync 1 DAGs
[2023-03-12T12:55:44.048+0000] {logging_mixin.py:137} INFO - [2023-03-12T12:55:44.047+0000] {dag.py:3441} INFO - Setting next_dagrun for example_xcom to 2021-01-01T00:00:00+00:00, run_after=2021-01-01T00:00:00+00:00
[2023-03-12T12:55:44.073+0000] {processor.py:175} INFO - Processing /home/airflow/.local/lib/python3.7/site-packages/airflow/example_dags/example_xcom.py took 0.116 seconds
[2023-03-12T12:56:14.174+0000] {processor.py:153} INFO - Started process (PID=415) to work on /home/airflow/.local/lib/python3.7/site-packages/airflow/example_dags/example_xcom.py
[2023-03-12T12:56:14.175+0000] {processor.py:743} INFO - Processing file /home/airflow/.local/lib/python3.7/site-packages/airflow/example_dags/example_xcom.py for tasks to queue
[2023-03-12T12:56:14.175+0000] {logging_mixin.py:137} INFO - [2023-03-12T12:56:14.175+0000] {dagbag.py:538} INFO - Filling up the DagBag from /home/airflow/.local/lib/python3.7/site-packages/airflow/example_dags/example_xcom.py
[2023-03-12T12:56:14.198+0000] {processor.py:753} INFO - DAG(s) dict_keys(['example_xcom']) retrieved from /home/airflow/.local/lib/python3.7/site-packages/airflow/example_dags/example_xcom.py
[2023-03-12T12:56:14.225+0000] {logging_mixin.py:137} INFO - [2023-03-12T12:56:14.225+0000] {dag.py:2690} INFO - Sync 1 DAGs
[2023-03-12T12:56:14.252+0000] {logging_mixin.py:137} INFO - [2023-03-12T12:56:14.252+0000] {dag.py:3441} INFO - Setting next_dagrun for example_xcom to 2021-01-01T00:00:00+00:00, run_after=2021-01-01T00:00:00+00:00
[2023-03-12T12:56:14.270+0000] {processor.py:175} INFO - Processing /home/airflow/.local/lib/python3.7/site-packages/airflow/example_dags/example_xcom.py took 0.099 seconds
[2023-03-12T12:56:45.110+0000] {processor.py:153} INFO - Started process (PID=505) to work on /home/airflow/.local/lib/python3.7/site-packages/airflow/example_dags/example_xcom.py
[2023-03-12T12:56:45.111+0000] {processor.py:743} INFO - Processing file /home/airflow/.local/lib/python3.7/site-packages/airflow/example_dags/example_xcom.py for tasks to queue
[2023-03-12T12:56:45.112+0000] {logging_mixin.py:137} INFO - [2023-03-12T12:56:45.112+0000] {dagbag.py:538} INFO - Filling up the DagBag from /home/airflow/.local/lib/python3.7/site-packages/airflow/example_dags/example_xcom.py
[2023-03-12T12:56:45.135+0000] {processor.py:753} INFO - DAG(s) dict_keys(['example_xcom']) retrieved from /home/airflow/.local/lib/python3.7/site-packages/airflow/example_dags/example_xcom.py
[2023-03-12T12:56:45.161+0000] {logging_mixin.py:137} INFO - [2023-03-12T12:56:45.161+0000] {dag.py:2690} INFO - Sync 1 DAGs
[2023-03-12T12:56:45.188+0000] {logging_mixin.py:137} INFO - [2023-03-12T12:56:45.188+0000] {dag.py:3441} INFO - Setting next_dagrun for example_xcom to 2021-01-01T00:00:00+00:00, run_after=2021-01-01T00:00:00+00:00
[2023-03-12T12:56:45.207+0000] {processor.py:175} INFO - Processing /home/airflow/.local/lib/python3.7/site-packages/airflow/example_dags/example_xcom.py took 0.099 seconds
[2023-03-12T12:57:15.814+0000] {processor.py:153} INFO - Started process (PID=619) to work on /home/airflow/.local/lib/python3.7/site-packages/airflow/example_dags/example_xcom.py
[2023-03-12T12:57:15.815+0000] {processor.py:743} INFO - Processing file /home/airflow/.local/lib/python3.7/site-packages/airflow/example_dags/example_xcom.py for tasks to queue
[2023-03-12T12:57:15.815+0000] {logging_mixin.py:137} INFO - [2023-03-12T12:57:15.815+0000] {dagbag.py:538} INFO - Filling up the DagBag from /home/airflow/.local/lib/python3.7/site-packages/airflow/example_dags/example_xcom.py
[2023-03-12T12:57:15.837+0000] {processor.py:753} INFO - DAG(s) dict_keys(['example_xcom']) retrieved from /home/airflow/.local/lib/python3.7/site-packages/airflow/example_dags/example_xcom.py
[2023-03-12T12:57:15.866+0000] {logging_mixin.py:137} INFO - [2023-03-12T12:57:15.866+0000] {dag.py:2690} INFO - Sync 1 DAGs
[2023-03-12T12:57:15.892+0000] {logging_mixin.py:137} INFO - [2023-03-12T12:57:15.892+0000] {dag.py:3441} INFO - Setting next_dagrun for example_xcom to 2021-01-01T00:00:00+00:00, run_after=2021-01-01T00:00:00+00:00
[2023-03-12T12:57:15.911+0000] {processor.py:175} INFO - Processing /home/airflow/.local/lib/python3.7/site-packages/airflow/example_dags/example_xcom.py took 0.101 seconds
[2023-03-12T12:57:46.606+0000] {processor.py:153} INFO - Started process (PID=709) to work on /home/airflow/.local/lib/python3.7/site-packages/airflow/example_dags/example_xcom.py
[2023-03-12T12:57:46.607+0000] {processor.py:743} INFO - Processing file /home/airflow/.local/lib/python3.7/site-packages/airflow/example_dags/example_xcom.py for tasks to queue
[2023-03-12T12:57:46.607+0000] {logging_mixin.py:137} INFO - [2023-03-12T12:57:46.607+0000] {dagbag.py:538} INFO - Filling up the DagBag from /home/airflow/.local/lib/python3.7/site-packages/airflow/example_dags/example_xcom.py
[2023-03-12T12:57:46.630+0000] {processor.py:753} INFO - DAG(s) dict_keys(['example_xcom']) retrieved from /home/airflow/.local/lib/python3.7/site-packages/airflow/example_dags/example_xcom.py
[2023-03-12T12:57:46.655+0000] {logging_mixin.py:137} INFO - [2023-03-12T12:57:46.654+0000] {dag.py:2690} INFO - Sync 1 DAGs
[2023-03-12T12:57:46.679+0000] {logging_mixin.py:137} INFO - [2023-03-12T12:57:46.679+0000] {dag.py:3441} INFO - Setting next_dagrun for example_xcom to 2021-01-01T00:00:00+00:00, run_after=2021-01-01T00:00:00+00:00
[2023-03-12T12:57:46.697+0000] {processor.py:175} INFO - Processing /home/airflow/.local/lib/python3.7/site-packages/airflow/example_dags/example_xcom.py took 0.094 seconds
[2023-03-12T12:58:18.145+0000] {processor.py:153} INFO - Started process (PID=823) to work on /home/airflow/.local/lib/python3.7/site-packages/airflow/example_dags/example_xcom.py
[2023-03-12T12:58:18.146+0000] {processor.py:743} INFO - Processing file /home/airflow/.local/lib/python3.7/site-packages/airflow/example_dags/example_xcom.py for tasks to queue
[2023-03-12T12:58:18.147+0000] {logging_mixin.py:137} INFO - [2023-03-12T12:58:18.147+0000] {dagbag.py:538} INFO - Filling up the DagBag from /home/airflow/.local/lib/python3.7/site-packages/airflow/example_dags/example_xcom.py
[2023-03-12T12:58:18.170+0000] {processor.py:753} INFO - DAG(s) dict_keys(['example_xcom']) retrieved from /home/airflow/.local/lib/python3.7/site-packages/airflow/example_dags/example_xcom.py
[2023-03-12T12:58:18.194+0000] {logging_mixin.py:137} INFO - [2023-03-12T12:58:18.194+0000] {dag.py:2690} INFO - Sync 1 DAGs
[2023-03-12T12:58:18.219+0000] {logging_mixin.py:137} INFO - [2023-03-12T12:58:18.219+0000] {dag.py:3441} INFO - Setting next_dagrun for example_xcom to 2021-01-01T00:00:00+00:00, run_after=2021-01-01T00:00:00+00:00
[2023-03-12T12:58:18.242+0000] {processor.py:175} INFO - Processing /home/airflow/.local/lib/python3.7/site-packages/airflow/example_dags/example_xcom.py took 0.099 seconds
[2023-03-12T13:00:38.161+0000] {processor.py:153} INFO - Started process (PID=121) to work on /home/airflow/.local/lib/python3.7/site-packages/airflow/example_dags/example_xcom.py
[2023-03-12T13:00:38.162+0000] {processor.py:743} INFO - Processing file /home/airflow/.local/lib/python3.7/site-packages/airflow/example_dags/example_xcom.py for tasks to queue
[2023-03-12T13:00:38.162+0000] {logging_mixin.py:137} INFO - [2023-03-12T13:00:38.162+0000] {dagbag.py:538} INFO - Filling up the DagBag from /home/airflow/.local/lib/python3.7/site-packages/airflow/example_dags/example_xcom.py
[2023-03-12T13:00:38.187+0000] {processor.py:753} INFO - DAG(s) dict_keys(['example_xcom']) retrieved from /home/airflow/.local/lib/python3.7/site-packages/airflow/example_dags/example_xcom.py
[2023-03-12T13:00:38.200+0000] {logging_mixin.py:137} INFO - [2023-03-12T13:00:38.199+0000] {dag.py:2690} INFO - Sync 1 DAGs
[2023-03-12T13:00:38.225+0000] {logging_mixin.py:137} INFO - [2023-03-12T13:00:38.225+0000] {dag.py:3441} INFO - Setting next_dagrun for example_xcom to 2021-01-01T00:00:00+00:00, run_after=2021-01-01T00:00:00+00:00
[2023-03-12T13:00:38.246+0000] {processor.py:175} INFO - Processing /home/airflow/.local/lib/python3.7/site-packages/airflow/example_dags/example_xcom.py took 0.088 seconds
[2023-03-12T13:01:08.957+0000] {processor.py:153} INFO - Started process (PID=211) to work on /home/airflow/.local/lib/python3.7/site-packages/airflow/example_dags/example_xcom.py
[2023-03-12T13:01:08.958+0000] {processor.py:743} INFO - Processing file /home/airflow/.local/lib/python3.7/site-packages/airflow/example_dags/example_xcom.py for tasks to queue
[2023-03-12T13:01:08.959+0000] {logging_mixin.py:137} INFO - [2023-03-12T13:01:08.959+0000] {dagbag.py:538} INFO - Filling up the DagBag from /home/airflow/.local/lib/python3.7/site-packages/airflow/example_dags/example_xcom.py
[2023-03-12T13:01:08.985+0000] {processor.py:753} INFO - DAG(s) dict_keys(['example_xcom']) retrieved from /home/airflow/.local/lib/python3.7/site-packages/airflow/example_dags/example_xcom.py
[2023-03-12T13:01:09.009+0000] {logging_mixin.py:137} INFO - [2023-03-12T13:01:09.009+0000] {dag.py:2690} INFO - Sync 1 DAGs
[2023-03-12T13:01:09.036+0000] {logging_mixin.py:137} INFO - [2023-03-12T13:01:09.036+0000] {dag.py:3441} INFO - Setting next_dagrun for example_xcom to 2021-01-01T00:00:00+00:00, run_after=2021-01-01T00:00:00+00:00
[2023-03-12T13:01:09.063+0000] {processor.py:175} INFO - Processing /home/airflow/.local/lib/python3.7/site-packages/airflow/example_dags/example_xcom.py took 0.109 seconds
[2023-03-12T13:01:40.380+0000] {processor.py:153} INFO - Started process (PID=310) to work on /home/airflow/.local/lib/python3.7/site-packages/airflow/example_dags/example_xcom.py
[2023-03-12T13:01:40.381+0000] {processor.py:743} INFO - Processing file /home/airflow/.local/lib/python3.7/site-packages/airflow/example_dags/example_xcom.py for tasks to queue
[2023-03-12T13:01:40.382+0000] {logging_mixin.py:137} INFO - [2023-03-12T13:01:40.381+0000] {dagbag.py:538} INFO - Filling up the DagBag from /home/airflow/.local/lib/python3.7/site-packages/airflow/example_dags/example_xcom.py
[2023-03-12T13:01:40.407+0000] {processor.py:753} INFO - DAG(s) dict_keys(['example_xcom']) retrieved from /home/airflow/.local/lib/python3.7/site-packages/airflow/example_dags/example_xcom.py
[2023-03-12T13:01:40.440+0000] {logging_mixin.py:137} INFO - [2023-03-12T13:01:40.440+0000] {dag.py:2690} INFO - Sync 1 DAGs
[2023-03-12T13:01:40.472+0000] {logging_mixin.py:137} INFO - [2023-03-12T13:01:40.472+0000] {dag.py:3441} INFO - Setting next_dagrun for example_xcom to 2021-01-01T00:00:00+00:00, run_after=2021-01-01T00:00:00+00:00
[2023-03-12T13:01:40.494+0000] {processor.py:175} INFO - Processing /home/airflow/.local/lib/python3.7/site-packages/airflow/example_dags/example_xcom.py took 0.117 seconds
[2023-03-12T13:02:11.417+0000] {processor.py:153} INFO - Started process (PID=415) to work on /home/airflow/.local/lib/python3.7/site-packages/airflow/example_dags/example_xcom.py
[2023-03-12T13:02:11.418+0000] {processor.py:743} INFO - Processing file /home/airflow/.local/lib/python3.7/site-packages/airflow/example_dags/example_xcom.py for tasks to queue
[2023-03-12T13:02:11.419+0000] {logging_mixin.py:137} INFO - [2023-03-12T13:02:11.419+0000] {dagbag.py:538} INFO - Filling up the DagBag from /home/airflow/.local/lib/python3.7/site-packages/airflow/example_dags/example_xcom.py
[2023-03-12T13:02:11.443+0000] {processor.py:753} INFO - DAG(s) dict_keys(['example_xcom']) retrieved from /home/airflow/.local/lib/python3.7/site-packages/airflow/example_dags/example_xcom.py
[2023-03-12T13:02:11.474+0000] {logging_mixin.py:137} INFO - [2023-03-12T13:02:11.474+0000] {dag.py:2690} INFO - Sync 1 DAGs
[2023-03-12T13:02:11.501+0000] {logging_mixin.py:137} INFO - [2023-03-12T13:02:11.501+0000] {dag.py:3441} INFO - Setting next_dagrun for example_xcom to 2021-01-01T00:00:00+00:00, run_after=2021-01-01T00:00:00+00:00
[2023-03-12T13:02:11.524+0000] {processor.py:175} INFO - Processing /home/airflow/.local/lib/python3.7/site-packages/airflow/example_dags/example_xcom.py took 0.110 seconds
[2023-03-12T13:02:42.142+0000] {processor.py:153} INFO - Started process (PID=505) to work on /home/airflow/.local/lib/python3.7/site-packages/airflow/example_dags/example_xcom.py
[2023-03-12T13:02:42.143+0000] {processor.py:743} INFO - Processing file /home/airflow/.local/lib/python3.7/site-packages/airflow/example_dags/example_xcom.py for tasks to queue
[2023-03-12T13:02:42.143+0000] {logging_mixin.py:137} INFO - [2023-03-12T13:02:42.143+0000] {dagbag.py:538} INFO - Filling up the DagBag from /home/airflow/.local/lib/python3.7/site-packages/airflow/example_dags/example_xcom.py
[2023-03-12T13:02:42.167+0000] {processor.py:753} INFO - DAG(s) dict_keys(['example_xcom']) retrieved from /home/airflow/.local/lib/python3.7/site-packages/airflow/example_dags/example_xcom.py
[2023-03-12T13:02:42.192+0000] {logging_mixin.py:137} INFO - [2023-03-12T13:02:42.192+0000] {dag.py:2690} INFO - Sync 1 DAGs
[2023-03-12T13:02:42.218+0000] {logging_mixin.py:137} INFO - [2023-03-12T13:02:42.218+0000] {dag.py:3441} INFO - Setting next_dagrun for example_xcom to 2021-01-01T00:00:00+00:00, run_after=2021-01-01T00:00:00+00:00
[2023-03-12T13:02:42.236+0000] {processor.py:175} INFO - Processing /home/airflow/.local/lib/python3.7/site-packages/airflow/example_dags/example_xcom.py took 0.098 seconds
[2023-03-12T13:03:13.057+0000] {processor.py:153} INFO - Started process (PID=619) to work on /home/airflow/.local/lib/python3.7/site-packages/airflow/example_dags/example_xcom.py
[2023-03-12T13:03:13.058+0000] {processor.py:743} INFO - Processing file /home/airflow/.local/lib/python3.7/site-packages/airflow/example_dags/example_xcom.py for tasks to queue
[2023-03-12T13:03:13.058+0000] {logging_mixin.py:137} INFO - [2023-03-12T13:03:13.058+0000] {dagbag.py:538} INFO - Filling up the DagBag from /home/airflow/.local/lib/python3.7/site-packages/airflow/example_dags/example_xcom.py
[2023-03-12T13:03:13.081+0000] {processor.py:753} INFO - DAG(s) dict_keys(['example_xcom']) retrieved from /home/airflow/.local/lib/python3.7/site-packages/airflow/example_dags/example_xcom.py
[2023-03-12T13:03:13.107+0000] {logging_mixin.py:137} INFO - [2023-03-12T13:03:13.107+0000] {dag.py:2690} INFO - Sync 1 DAGs
[2023-03-12T13:03:13.137+0000] {logging_mixin.py:137} INFO - [2023-03-12T13:03:13.137+0000] {dag.py:3441} INFO - Setting next_dagrun for example_xcom to 2021-01-01T00:00:00+00:00, run_after=2021-01-01T00:00:00+00:00
[2023-03-12T13:03:13.160+0000] {processor.py:175} INFO - Processing /home/airflow/.local/lib/python3.7/site-packages/airflow/example_dags/example_xcom.py took 0.106 seconds
[2023-03-12T13:03:43.778+0000] {processor.py:153} INFO - Started process (PID=709) to work on /home/airflow/.local/lib/python3.7/site-packages/airflow/example_dags/example_xcom.py
[2023-03-12T13:03:43.779+0000] {processor.py:743} INFO - Processing file /home/airflow/.local/lib/python3.7/site-packages/airflow/example_dags/example_xcom.py for tasks to queue
[2023-03-12T13:03:43.780+0000] {logging_mixin.py:137} INFO - [2023-03-12T13:03:43.780+0000] {dagbag.py:538} INFO - Filling up the DagBag from /home/airflow/.local/lib/python3.7/site-packages/airflow/example_dags/example_xcom.py
[2023-03-12T13:03:43.804+0000] {processor.py:753} INFO - DAG(s) dict_keys(['example_xcom']) retrieved from /home/airflow/.local/lib/python3.7/site-packages/airflow/example_dags/example_xcom.py
[2023-03-12T13:03:43.832+0000] {logging_mixin.py:137} INFO - [2023-03-12T13:03:43.832+0000] {dag.py:2690} INFO - Sync 1 DAGs
[2023-03-12T13:03:43.861+0000] {logging_mixin.py:137} INFO - [2023-03-12T13:03:43.861+0000] {dag.py:3441} INFO - Setting next_dagrun for example_xcom to 2021-01-01T00:00:00+00:00, run_after=2021-01-01T00:00:00+00:00
[2023-03-12T13:03:43.878+0000] {processor.py:175} INFO - Processing /home/airflow/.local/lib/python3.7/site-packages/airflow/example_dags/example_xcom.py took 0.103 seconds
[2023-03-12T13:04:14.586+0000] {processor.py:153} INFO - Started process (PID=823) to work on /home/airflow/.local/lib/python3.7/site-packages/airflow/example_dags/example_xcom.py
[2023-03-12T13:04:14.587+0000] {processor.py:743} INFO - Processing file /home/airflow/.local/lib/python3.7/site-packages/airflow/example_dags/example_xcom.py for tasks to queue
[2023-03-12T13:04:14.587+0000] {logging_mixin.py:137} INFO - [2023-03-12T13:04:14.587+0000] {dagbag.py:538} INFO - Filling up the DagBag from /home/airflow/.local/lib/python3.7/site-packages/airflow/example_dags/example_xcom.py
[2023-03-12T13:04:14.611+0000] {processor.py:753} INFO - DAG(s) dict_keys(['example_xcom']) retrieved from /home/airflow/.local/lib/python3.7/site-packages/airflow/example_dags/example_xcom.py
[2023-03-12T13:04:14.637+0000] {logging_mixin.py:137} INFO - [2023-03-12T13:04:14.637+0000] {dag.py:2690} INFO - Sync 1 DAGs
[2023-03-12T13:04:14.666+0000] {logging_mixin.py:137} INFO - [2023-03-12T13:04:14.666+0000] {dag.py:3441} INFO - Setting next_dagrun for example_xcom to 2021-01-01T00:00:00+00:00, run_after=2021-01-01T00:00:00+00:00
[2023-03-12T13:04:14.684+0000] {processor.py:175} INFO - Processing /home/airflow/.local/lib/python3.7/site-packages/airflow/example_dags/example_xcom.py took 0.101 seconds
[2023-03-12T13:04:45.381+0000] {processor.py:153} INFO - Started process (PID=913) to work on /home/airflow/.local/lib/python3.7/site-packages/airflow/example_dags/example_xcom.py
[2023-03-12T13:04:45.381+0000] {processor.py:743} INFO - Processing file /home/airflow/.local/lib/python3.7/site-packages/airflow/example_dags/example_xcom.py for tasks to queue
[2023-03-12T13:04:45.382+0000] {logging_mixin.py:137} INFO - [2023-03-12T13:04:45.382+0000] {dagbag.py:538} INFO - Filling up the DagBag from /home/airflow/.local/lib/python3.7/site-packages/airflow/example_dags/example_xcom.py
[2023-03-12T13:04:45.404+0000] {processor.py:753} INFO - DAG(s) dict_keys(['example_xcom']) retrieved from /home/airflow/.local/lib/python3.7/site-packages/airflow/example_dags/example_xcom.py
[2023-03-12T13:04:45.439+0000] {logging_mixin.py:137} INFO - [2023-03-12T13:04:45.439+0000] {dag.py:2690} INFO - Sync 1 DAGs
[2023-03-12T13:04:45.476+0000] {logging_mixin.py:137} INFO - [2023-03-12T13:04:45.475+0000] {dag.py:3441} INFO - Setting next_dagrun for example_xcom to 2021-01-01T00:00:00+00:00, run_after=2021-01-01T00:00:00+00:00
[2023-03-12T13:04:45.499+0000] {processor.py:175} INFO - Processing /home/airflow/.local/lib/python3.7/site-packages/airflow/example_dags/example_xcom.py took 0.122 seconds
[2023-03-12T13:05:16.741+0000] {processor.py:153} INFO - Started process (PID=1013) to work on /home/airflow/.local/lib/python3.7/site-packages/airflow/example_dags/example_xcom.py
[2023-03-12T13:05:16.743+0000] {processor.py:743} INFO - Processing file /home/airflow/.local/lib/python3.7/site-packages/airflow/example_dags/example_xcom.py for tasks to queue
[2023-03-12T13:05:16.744+0000] {logging_mixin.py:137} INFO - [2023-03-12T13:05:16.744+0000] {dagbag.py:538} INFO - Filling up the DagBag from /home/airflow/.local/lib/python3.7/site-packages/airflow/example_dags/example_xcom.py
[2023-03-12T13:05:16.786+0000] {processor.py:753} INFO - DAG(s) dict_keys(['example_xcom']) retrieved from /home/airflow/.local/lib/python3.7/site-packages/airflow/example_dags/example_xcom.py
[2023-03-12T13:05:16.813+0000] {logging_mixin.py:137} INFO - [2023-03-12T13:05:16.813+0000] {dag.py:2690} INFO - Sync 1 DAGs
[2023-03-12T13:05:16.839+0000] {logging_mixin.py:137} INFO - [2023-03-12T13:05:16.839+0000] {dag.py:3441} INFO - Setting next_dagrun for example_xcom to 2021-01-01T00:00:00+00:00, run_after=2021-01-01T00:00:00+00:00
[2023-03-12T13:05:16.866+0000] {processor.py:175} INFO - Processing /home/airflow/.local/lib/python3.7/site-packages/airflow/example_dags/example_xcom.py took 0.130 seconds
[2023-03-12T13:05:46.922+0000] {processor.py:153} INFO - Started process (PID=1118) to work on /home/airflow/.local/lib/python3.7/site-packages/airflow/example_dags/example_xcom.py
[2023-03-12T13:05:46.923+0000] {processor.py:743} INFO - Processing file /home/airflow/.local/lib/python3.7/site-packages/airflow/example_dags/example_xcom.py for tasks to queue
[2023-03-12T13:05:46.924+0000] {logging_mixin.py:137} INFO - [2023-03-12T13:05:46.923+0000] {dagbag.py:538} INFO - Filling up the DagBag from /home/airflow/.local/lib/python3.7/site-packages/airflow/example_dags/example_xcom.py
[2023-03-12T13:05:46.946+0000] {processor.py:753} INFO - DAG(s) dict_keys(['example_xcom']) retrieved from /home/airflow/.local/lib/python3.7/site-packages/airflow/example_dags/example_xcom.py
[2023-03-12T13:05:46.988+0000] {logging_mixin.py:137} INFO - [2023-03-12T13:05:46.988+0000] {dag.py:2690} INFO - Sync 1 DAGs
[2023-03-12T13:05:47.022+0000] {logging_mixin.py:137} INFO - [2023-03-12T13:05:47.022+0000] {dag.py:3441} INFO - Setting next_dagrun for example_xcom to 2021-01-01T00:00:00+00:00, run_after=2021-01-01T00:00:00+00:00
[2023-03-12T13:05:47.046+0000] {processor.py:175} INFO - Processing /home/airflow/.local/lib/python3.7/site-packages/airflow/example_dags/example_xcom.py took 0.127 seconds
[2023-03-12T13:06:17.171+0000] {processor.py:153} INFO - Started process (PID=1208) to work on /home/airflow/.local/lib/python3.7/site-packages/airflow/example_dags/example_xcom.py
[2023-03-12T13:06:17.173+0000] {processor.py:743} INFO - Processing file /home/airflow/.local/lib/python3.7/site-packages/airflow/example_dags/example_xcom.py for tasks to queue
[2023-03-12T13:06:17.174+0000] {logging_mixin.py:137} INFO - [2023-03-12T13:06:17.174+0000] {dagbag.py:538} INFO - Filling up the DagBag from /home/airflow/.local/lib/python3.7/site-packages/airflow/example_dags/example_xcom.py
[2023-03-12T13:06:17.208+0000] {processor.py:753} INFO - DAG(s) dict_keys(['example_xcom']) retrieved from /home/airflow/.local/lib/python3.7/site-packages/airflow/example_dags/example_xcom.py
[2023-03-12T13:06:17.243+0000] {logging_mixin.py:137} INFO - [2023-03-12T13:06:17.242+0000] {dag.py:2690} INFO - Sync 1 DAGs
[2023-03-12T13:06:17.275+0000] {logging_mixin.py:137} INFO - [2023-03-12T13:06:17.275+0000] {dag.py:3441} INFO - Setting next_dagrun for example_xcom to 2021-01-01T00:00:00+00:00, run_after=2021-01-01T00:00:00+00:00
[2023-03-12T13:06:17.299+0000] {processor.py:175} INFO - Processing /home/airflow/.local/lib/python3.7/site-packages/airflow/example_dags/example_xcom.py took 0.131 seconds
[2023-03-12T13:06:47.897+0000] {processor.py:153} INFO - Started process (PID=1332) to work on /home/airflow/.local/lib/python3.7/site-packages/airflow/example_dags/example_xcom.py
[2023-03-12T13:06:47.898+0000] {processor.py:743} INFO - Processing file /home/airflow/.local/lib/python3.7/site-packages/airflow/example_dags/example_xcom.py for tasks to queue
[2023-03-12T13:06:47.899+0000] {logging_mixin.py:137} INFO - [2023-03-12T13:06:47.899+0000] {dagbag.py:538} INFO - Filling up the DagBag from /home/airflow/.local/lib/python3.7/site-packages/airflow/example_dags/example_xcom.py
[2023-03-12T13:06:47.969+0000] {processor.py:753} INFO - DAG(s) dict_keys(['example_xcom']) retrieved from /home/airflow/.local/lib/python3.7/site-packages/airflow/example_dags/example_xcom.py
[2023-03-12T13:06:47.997+0000] {logging_mixin.py:137} INFO - [2023-03-12T13:06:47.997+0000] {dag.py:2690} INFO - Sync 1 DAGs
[2023-03-12T13:06:48.026+0000] {logging_mixin.py:137} INFO - [2023-03-12T13:06:48.026+0000] {dag.py:3441} INFO - Setting next_dagrun for example_xcom to 2021-01-01T00:00:00+00:00, run_after=2021-01-01T00:00:00+00:00
[2023-03-12T13:06:48.044+0000] {processor.py:175} INFO - Processing /home/airflow/.local/lib/python3.7/site-packages/airflow/example_dags/example_xcom.py took 0.150 seconds
[2023-03-12T13:07:07.380+0000] {processor.py:153} INFO - Started process (PID=106) to work on /home/airflow/.local/lib/python3.7/site-packages/airflow/example_dags/example_xcom.py
[2023-03-12T13:07:07.382+0000] {processor.py:743} INFO - Processing file /home/airflow/.local/lib/python3.7/site-packages/airflow/example_dags/example_xcom.py for tasks to queue
[2023-03-12T13:07:07.383+0000] {logging_mixin.py:137} INFO - [2023-03-12T13:07:07.383+0000] {dagbag.py:538} INFO - Filling up the DagBag from /home/airflow/.local/lib/python3.7/site-packages/airflow/example_dags/example_xcom.py
[2023-03-12T13:07:07.459+0000] {processor.py:753} INFO - DAG(s) dict_keys(['example_xcom']) retrieved from /home/airflow/.local/lib/python3.7/site-packages/airflow/example_dags/example_xcom.py
[2023-03-12T13:07:07.474+0000] {logging_mixin.py:137} INFO - [2023-03-12T13:07:07.474+0000] {dag.py:2690} INFO - Sync 1 DAGs
[2023-03-12T13:07:07.668+0000] {logging_mixin.py:137} INFO - [2023-03-12T13:07:07.668+0000] {dag.py:3441} INFO - Setting next_dagrun for example_xcom to 2021-01-01T00:00:00+00:00, run_after=2021-01-01T00:00:00+00:00
[2023-03-12T13:07:07.692+0000] {processor.py:175} INFO - Processing /home/airflow/.local/lib/python3.7/site-packages/airflow/example_dags/example_xcom.py took 0.314 seconds
[2023-03-12T13:07:38.437+0000] {processor.py:153} INFO - Started process (PID=210) to work on /home/airflow/.local/lib/python3.7/site-packages/airflow/example_dags/example_xcom.py
[2023-03-12T13:07:38.438+0000] {processor.py:743} INFO - Processing file /home/airflow/.local/lib/python3.7/site-packages/airflow/example_dags/example_xcom.py for tasks to queue
[2023-03-12T13:07:38.438+0000] {logging_mixin.py:137} INFO - [2023-03-12T13:07:38.438+0000] {dagbag.py:538} INFO - Filling up the DagBag from /home/airflow/.local/lib/python3.7/site-packages/airflow/example_dags/example_xcom.py
[2023-03-12T13:07:38.463+0000] {processor.py:753} INFO - DAG(s) dict_keys(['example_xcom']) retrieved from /home/airflow/.local/lib/python3.7/site-packages/airflow/example_dags/example_xcom.py
[2023-03-12T13:07:38.488+0000] {logging_mixin.py:137} INFO - [2023-03-12T13:07:38.488+0000] {dag.py:2690} INFO - Sync 1 DAGs
[2023-03-12T13:07:38.514+0000] {logging_mixin.py:137} INFO - [2023-03-12T13:07:38.514+0000] {dag.py:3441} INFO - Setting next_dagrun for example_xcom to 2021-01-01T00:00:00+00:00, run_after=2021-01-01T00:00:00+00:00
[2023-03-12T13:07:38.532+0000] {processor.py:175} INFO - Processing /home/airflow/.local/lib/python3.7/site-packages/airflow/example_dags/example_xcom.py took 0.097 seconds
[2023-03-12T13:08:09.201+0000] {processor.py:153} INFO - Started process (PID=300) to work on /home/airflow/.local/lib/python3.7/site-packages/airflow/example_dags/example_xcom.py
[2023-03-12T13:08:09.201+0000] {processor.py:743} INFO - Processing file /home/airflow/.local/lib/python3.7/site-packages/airflow/example_dags/example_xcom.py for tasks to queue
[2023-03-12T13:08:09.202+0000] {logging_mixin.py:137} INFO - [2023-03-12T13:08:09.202+0000] {dagbag.py:538} INFO - Filling up the DagBag from /home/airflow/.local/lib/python3.7/site-packages/airflow/example_dags/example_xcom.py
[2023-03-12T13:08:09.224+0000] {processor.py:753} INFO - DAG(s) dict_keys(['example_xcom']) retrieved from /home/airflow/.local/lib/python3.7/site-packages/airflow/example_dags/example_xcom.py
[2023-03-12T13:08:09.248+0000] {logging_mixin.py:137} INFO - [2023-03-12T13:08:09.248+0000] {dag.py:2690} INFO - Sync 1 DAGs
[2023-03-12T13:08:09.275+0000] {logging_mixin.py:137} INFO - [2023-03-12T13:08:09.275+0000] {dag.py:3441} INFO - Setting next_dagrun for example_xcom to 2021-01-01T00:00:00+00:00, run_after=2021-01-01T00:00:00+00:00
[2023-03-12T13:08:09.295+0000] {processor.py:175} INFO - Processing /home/airflow/.local/lib/python3.7/site-packages/airflow/example_dags/example_xcom.py took 0.097 seconds
[2023-03-12T13:08:40.113+0000] {processor.py:153} INFO - Started process (PID=415) to work on /home/airflow/.local/lib/python3.7/site-packages/airflow/example_dags/example_xcom.py
[2023-03-12T13:08:40.114+0000] {processor.py:743} INFO - Processing file /home/airflow/.local/lib/python3.7/site-packages/airflow/example_dags/example_xcom.py for tasks to queue
[2023-03-12T13:08:40.115+0000] {logging_mixin.py:137} INFO - [2023-03-12T13:08:40.115+0000] {dagbag.py:538} INFO - Filling up the DagBag from /home/airflow/.local/lib/python3.7/site-packages/airflow/example_dags/example_xcom.py
[2023-03-12T13:08:40.138+0000] {processor.py:753} INFO - DAG(s) dict_keys(['example_xcom']) retrieved from /home/airflow/.local/lib/python3.7/site-packages/airflow/example_dags/example_xcom.py
[2023-03-12T13:08:40.174+0000] {logging_mixin.py:137} INFO - [2023-03-12T13:08:40.174+0000] {dag.py:2690} INFO - Sync 1 DAGs
[2023-03-12T13:08:40.205+0000] {logging_mixin.py:137} INFO - [2023-03-12T13:08:40.205+0000] {dag.py:3441} INFO - Setting next_dagrun for example_xcom to 2021-01-01T00:00:00+00:00, run_after=2021-01-01T00:00:00+00:00
[2023-03-12T13:08:40.226+0000] {processor.py:175} INFO - Processing /home/airflow/.local/lib/python3.7/site-packages/airflow/example_dags/example_xcom.py took 0.115 seconds
[2023-03-12T13:08:59.119+0000] {processor.py:153} INFO - Started process (PID=97) to work on /home/airflow/.local/lib/python3.7/site-packages/airflow/example_dags/example_xcom.py
[2023-03-12T13:08:59.120+0000] {processor.py:743} INFO - Processing file /home/airflow/.local/lib/python3.7/site-packages/airflow/example_dags/example_xcom.py for tasks to queue
[2023-03-12T13:08:59.120+0000] {logging_mixin.py:137} INFO - [2023-03-12T13:08:59.120+0000] {dagbag.py:538} INFO - Filling up the DagBag from /home/airflow/.local/lib/python3.7/site-packages/airflow/example_dags/example_xcom.py
[2023-03-12T13:08:59.144+0000] {processor.py:753} INFO - DAG(s) dict_keys(['example_xcom']) retrieved from /home/airflow/.local/lib/python3.7/site-packages/airflow/example_dags/example_xcom.py
[2023-03-12T13:08:59.165+0000] {logging_mixin.py:137} INFO - [2023-03-12T13:08:59.165+0000] {dag.py:2690} INFO - Sync 1 DAGs
[2023-03-12T13:08:59.205+0000] {logging_mixin.py:137} INFO - [2023-03-12T13:08:59.205+0000] {dag.py:3441} INFO - Setting next_dagrun for example_xcom to 2021-01-01T00:00:00+00:00, run_after=2021-01-01T00:00:00+00:00
[2023-03-12T13:08:59.224+0000] {processor.py:175} INFO - Processing /home/airflow/.local/lib/python3.7/site-packages/airflow/example_dags/example_xcom.py took 0.107 seconds
[2023-03-12T13:09:30.066+0000] {processor.py:153} INFO - Started process (PID=211) to work on /home/airflow/.local/lib/python3.7/site-packages/airflow/example_dags/example_xcom.py
[2023-03-12T13:09:30.067+0000] {processor.py:743} INFO - Processing file /home/airflow/.local/lib/python3.7/site-packages/airflow/example_dags/example_xcom.py for tasks to queue
[2023-03-12T13:09:30.067+0000] {logging_mixin.py:137} INFO - [2023-03-12T13:09:30.067+0000] {dagbag.py:538} INFO - Filling up the DagBag from /home/airflow/.local/lib/python3.7/site-packages/airflow/example_dags/example_xcom.py
[2023-03-12T13:09:30.092+0000] {processor.py:753} INFO - DAG(s) dict_keys(['example_xcom']) retrieved from /home/airflow/.local/lib/python3.7/site-packages/airflow/example_dags/example_xcom.py
[2023-03-12T13:09:30.116+0000] {logging_mixin.py:137} INFO - [2023-03-12T13:09:30.116+0000] {dag.py:2690} INFO - Sync 1 DAGs
[2023-03-12T13:09:30.144+0000] {logging_mixin.py:137} INFO - [2023-03-12T13:09:30.143+0000] {dag.py:3441} INFO - Setting next_dagrun for example_xcom to 2021-01-01T00:00:00+00:00, run_after=2021-01-01T00:00:00+00:00
[2023-03-12T13:09:30.166+0000] {processor.py:175} INFO - Processing /home/airflow/.local/lib/python3.7/site-packages/airflow/example_dags/example_xcom.py took 0.103 seconds
[2023-03-12T13:10:00.884+0000] {processor.py:153} INFO - Started process (PID=301) to work on /home/airflow/.local/lib/python3.7/site-packages/airflow/example_dags/example_xcom.py
[2023-03-12T13:10:00.885+0000] {processor.py:743} INFO - Processing file /home/airflow/.local/lib/python3.7/site-packages/airflow/example_dags/example_xcom.py for tasks to queue
[2023-03-12T13:10:00.885+0000] {logging_mixin.py:137} INFO - [2023-03-12T13:10:00.885+0000] {dagbag.py:538} INFO - Filling up the DagBag from /home/airflow/.local/lib/python3.7/site-packages/airflow/example_dags/example_xcom.py
[2023-03-12T13:10:00.908+0000] {processor.py:753} INFO - DAG(s) dict_keys(['example_xcom']) retrieved from /home/airflow/.local/lib/python3.7/site-packages/airflow/example_dags/example_xcom.py
[2023-03-12T13:10:00.936+0000] {logging_mixin.py:137} INFO - [2023-03-12T13:10:00.936+0000] {dag.py:2690} INFO - Sync 1 DAGs
[2023-03-12T13:10:00.964+0000] {logging_mixin.py:137} INFO - [2023-03-12T13:10:00.964+0000] {dag.py:3441} INFO - Setting next_dagrun for example_xcom to 2021-01-01T00:00:00+00:00, run_after=2021-01-01T00:00:00+00:00
[2023-03-12T13:10:00.984+0000] {processor.py:175} INFO - Processing /home/airflow/.local/lib/python3.7/site-packages/airflow/example_dags/example_xcom.py took 0.103 seconds
[2023-03-12T13:10:32.143+0000] {processor.py:153} INFO - Started process (PID=425) to work on /home/airflow/.local/lib/python3.7/site-packages/airflow/example_dags/example_xcom.py
[2023-03-12T13:10:32.144+0000] {processor.py:743} INFO - Processing file /home/airflow/.local/lib/python3.7/site-packages/airflow/example_dags/example_xcom.py for tasks to queue
[2023-03-12T13:10:32.145+0000] {logging_mixin.py:137} INFO - [2023-03-12T13:10:32.144+0000] {dagbag.py:538} INFO - Filling up the DagBag from /home/airflow/.local/lib/python3.7/site-packages/airflow/example_dags/example_xcom.py
[2023-03-12T13:10:32.169+0000] {processor.py:753} INFO - DAG(s) dict_keys(['example_xcom']) retrieved from /home/airflow/.local/lib/python3.7/site-packages/airflow/example_dags/example_xcom.py
[2023-03-12T13:10:32.196+0000] {logging_mixin.py:137} INFO - [2023-03-12T13:10:32.196+0000] {dag.py:2690} INFO - Sync 1 DAGs
[2023-03-12T13:10:32.226+0000] {logging_mixin.py:137} INFO - [2023-03-12T13:10:32.226+0000] {dag.py:3441} INFO - Setting next_dagrun for example_xcom to 2021-01-01T00:00:00+00:00, run_after=2021-01-01T00:00:00+00:00
[2023-03-12T13:10:32.246+0000] {processor.py:175} INFO - Processing /home/airflow/.local/lib/python3.7/site-packages/airflow/example_dags/example_xcom.py took 0.107 seconds
[2023-03-12T13:11:03.318+0000] {processor.py:153} INFO - Started process (PID=519) to work on /home/airflow/.local/lib/python3.7/site-packages/airflow/example_dags/example_xcom.py
[2023-03-12T13:11:03.319+0000] {processor.py:743} INFO - Processing file /home/airflow/.local/lib/python3.7/site-packages/airflow/example_dags/example_xcom.py for tasks to queue
[2023-03-12T13:11:03.320+0000] {logging_mixin.py:137} INFO - [2023-03-12T13:11:03.320+0000] {dagbag.py:538} INFO - Filling up the DagBag from /home/airflow/.local/lib/python3.7/site-packages/airflow/example_dags/example_xcom.py
[2023-03-12T13:11:03.341+0000] {processor.py:753} INFO - DAG(s) dict_keys(['example_xcom']) retrieved from /home/airflow/.local/lib/python3.7/site-packages/airflow/example_dags/example_xcom.py
[2023-03-12T13:11:03.370+0000] {logging_mixin.py:137} INFO - [2023-03-12T13:11:03.370+0000] {dag.py:2690} INFO - Sync 1 DAGs
[2023-03-12T13:11:03.396+0000] {logging_mixin.py:137} INFO - [2023-03-12T13:11:03.396+0000] {dag.py:3441} INFO - Setting next_dagrun for example_xcom to 2021-01-01T00:00:00+00:00, run_after=2021-01-01T00:00:00+00:00
[2023-03-12T13:11:03.414+0000] {processor.py:175} INFO - Processing /home/airflow/.local/lib/python3.7/site-packages/airflow/example_dags/example_xcom.py took 0.098 seconds
[2023-03-12T13:11:34.549+0000] {processor.py:153} INFO - Started process (PID=633) to work on /home/airflow/.local/lib/python3.7/site-packages/airflow/example_dags/example_xcom.py
[2023-03-12T13:11:34.552+0000] {processor.py:743} INFO - Processing file /home/airflow/.local/lib/python3.7/site-packages/airflow/example_dags/example_xcom.py for tasks to queue
[2023-03-12T13:11:34.553+0000] {logging_mixin.py:137} INFO - [2023-03-12T13:11:34.553+0000] {dagbag.py:538} INFO - Filling up the DagBag from /home/airflow/.local/lib/python3.7/site-packages/airflow/example_dags/example_xcom.py
[2023-03-12T13:11:34.577+0000] {processor.py:753} INFO - DAG(s) dict_keys(['example_xcom']) retrieved from /home/airflow/.local/lib/python3.7/site-packages/airflow/example_dags/example_xcom.py
[2023-03-12T13:11:34.603+0000] {logging_mixin.py:137} INFO - [2023-03-12T13:11:34.603+0000] {dag.py:2690} INFO - Sync 1 DAGs
[2023-03-12T13:11:34.629+0000] {logging_mixin.py:137} INFO - [2023-03-12T13:11:34.629+0000] {dag.py:3441} INFO - Setting next_dagrun for example_xcom to 2021-01-01T00:00:00+00:00, run_after=2021-01-01T00:00:00+00:00
[2023-03-12T13:11:34.647+0000] {processor.py:175} INFO - Processing /home/airflow/.local/lib/python3.7/site-packages/airflow/example_dags/example_xcom.py took 0.100 seconds
[2023-03-12T13:12:05.599+0000] {processor.py:153} INFO - Started process (PID=727) to work on /home/airflow/.local/lib/python3.7/site-packages/airflow/example_dags/example_xcom.py
[2023-03-12T13:12:05.600+0000] {processor.py:743} INFO - Processing file /home/airflow/.local/lib/python3.7/site-packages/airflow/example_dags/example_xcom.py for tasks to queue
[2023-03-12T13:12:05.600+0000] {logging_mixin.py:137} INFO - [2023-03-12T13:12:05.600+0000] {dagbag.py:538} INFO - Filling up the DagBag from /home/airflow/.local/lib/python3.7/site-packages/airflow/example_dags/example_xcom.py
[2023-03-12T13:12:05.621+0000] {processor.py:753} INFO - DAG(s) dict_keys(['example_xcom']) retrieved from /home/airflow/.local/lib/python3.7/site-packages/airflow/example_dags/example_xcom.py
[2023-03-12T13:12:05.645+0000] {logging_mixin.py:137} INFO - [2023-03-12T13:12:05.645+0000] {dag.py:2690} INFO - Sync 1 DAGs
[2023-03-12T13:12:05.673+0000] {logging_mixin.py:137} INFO - [2023-03-12T13:12:05.672+0000] {dag.py:3441} INFO - Setting next_dagrun for example_xcom to 2021-01-01T00:00:00+00:00, run_after=2021-01-01T00:00:00+00:00
[2023-03-12T13:12:05.691+0000] {processor.py:175} INFO - Processing /home/airflow/.local/lib/python3.7/site-packages/airflow/example_dags/example_xcom.py took 0.094 seconds
[2023-03-12T13:12:36.803+0000] {processor.py:153} INFO - Started process (PID=841) to work on /home/airflow/.local/lib/python3.7/site-packages/airflow/example_dags/example_xcom.py
[2023-03-12T13:12:36.804+0000] {processor.py:743} INFO - Processing file /home/airflow/.local/lib/python3.7/site-packages/airflow/example_dags/example_xcom.py for tasks to queue
[2023-03-12T13:12:36.805+0000] {logging_mixin.py:137} INFO - [2023-03-12T13:12:36.805+0000] {dagbag.py:538} INFO - Filling up the DagBag from /home/airflow/.local/lib/python3.7/site-packages/airflow/example_dags/example_xcom.py
[2023-03-12T13:12:36.834+0000] {processor.py:753} INFO - DAG(s) dict_keys(['example_xcom']) retrieved from /home/airflow/.local/lib/python3.7/site-packages/airflow/example_dags/example_xcom.py
[2023-03-12T13:12:36.901+0000] {logging_mixin.py:137} INFO - [2023-03-12T13:12:36.900+0000] {dag.py:2690} INFO - Sync 1 DAGs
[2023-03-12T13:12:36.974+0000] {logging_mixin.py:137} INFO - [2023-03-12T13:12:36.973+0000] {dag.py:3441} INFO - Setting next_dagrun for example_xcom to 2021-01-01T00:00:00+00:00, run_after=2021-01-01T00:00:00+00:00
[2023-03-12T13:12:36.992+0000] {processor.py:175} INFO - Processing /home/airflow/.local/lib/python3.7/site-packages/airflow/example_dags/example_xcom.py took 0.192 seconds
[2023-03-12T13:13:07.085+0000] {processor.py:153} INFO - Started process (PID=935) to work on /home/airflow/.local/lib/python3.7/site-packages/airflow/example_dags/example_xcom.py
[2023-03-12T13:13:07.086+0000] {processor.py:743} INFO - Processing file /home/airflow/.local/lib/python3.7/site-packages/airflow/example_dags/example_xcom.py for tasks to queue
[2023-03-12T13:13:07.086+0000] {logging_mixin.py:137} INFO - [2023-03-12T13:13:07.086+0000] {dagbag.py:538} INFO - Filling up the DagBag from /home/airflow/.local/lib/python3.7/site-packages/airflow/example_dags/example_xcom.py
[2023-03-12T13:13:07.109+0000] {processor.py:753} INFO - DAG(s) dict_keys(['example_xcom']) retrieved from /home/airflow/.local/lib/python3.7/site-packages/airflow/example_dags/example_xcom.py
[2023-03-12T13:13:07.135+0000] {logging_mixin.py:137} INFO - [2023-03-12T13:13:07.135+0000] {dag.py:2690} INFO - Sync 1 DAGs
[2023-03-12T13:13:07.162+0000] {logging_mixin.py:137} INFO - [2023-03-12T13:13:07.162+0000] {dag.py:3441} INFO - Setting next_dagrun for example_xcom to 2021-01-01T00:00:00+00:00, run_after=2021-01-01T00:00:00+00:00
[2023-03-12T13:13:07.182+0000] {processor.py:175} INFO - Processing /home/airflow/.local/lib/python3.7/site-packages/airflow/example_dags/example_xcom.py took 0.100 seconds
[2023-03-12T13:13:38.156+0000] {processor.py:153} INFO - Started process (PID=1031) to work on /home/airflow/.local/lib/python3.7/site-packages/airflow/example_dags/example_xcom.py
[2023-03-12T13:13:38.157+0000] {processor.py:743} INFO - Processing file /home/airflow/.local/lib/python3.7/site-packages/airflow/example_dags/example_xcom.py for tasks to queue
[2023-03-12T13:13:38.157+0000] {logging_mixin.py:137} INFO - [2023-03-12T13:13:38.157+0000] {dagbag.py:538} INFO - Filling up the DagBag from /home/airflow/.local/lib/python3.7/site-packages/airflow/example_dags/example_xcom.py
[2023-03-12T13:13:38.181+0000] {processor.py:753} INFO - DAG(s) dict_keys(['example_xcom']) retrieved from /home/airflow/.local/lib/python3.7/site-packages/airflow/example_dags/example_xcom.py
[2023-03-12T13:13:38.214+0000] {logging_mixin.py:137} INFO - [2023-03-12T13:13:38.214+0000] {dag.py:2690} INFO - Sync 1 DAGs
[2023-03-12T13:13:38.254+0000] {logging_mixin.py:137} INFO - [2023-03-12T13:13:38.254+0000] {dag.py:3441} INFO - Setting next_dagrun for example_xcom to 2021-01-01T00:00:00+00:00, run_after=2021-01-01T00:00:00+00:00
[2023-03-12T13:13:38.277+0000] {processor.py:175} INFO - Processing /home/airflow/.local/lib/python3.7/site-packages/airflow/example_dags/example_xcom.py took 0.124 seconds
[2023-03-12T13:14:08.388+0000] {processor.py:153} INFO - Started process (PID=1143) to work on /home/airflow/.local/lib/python3.7/site-packages/airflow/example_dags/example_xcom.py
[2023-03-12T13:14:08.389+0000] {processor.py:743} INFO - Processing file /home/airflow/.local/lib/python3.7/site-packages/airflow/example_dags/example_xcom.py for tasks to queue
[2023-03-12T13:14:08.389+0000] {logging_mixin.py:137} INFO - [2023-03-12T13:14:08.389+0000] {dagbag.py:538} INFO - Filling up the DagBag from /home/airflow/.local/lib/python3.7/site-packages/airflow/example_dags/example_xcom.py
[2023-03-12T13:14:08.412+0000] {processor.py:753} INFO - DAG(s) dict_keys(['example_xcom']) retrieved from /home/airflow/.local/lib/python3.7/site-packages/airflow/example_dags/example_xcom.py
[2023-03-12T13:14:08.437+0000] {logging_mixin.py:137} INFO - [2023-03-12T13:14:08.437+0000] {dag.py:2690} INFO - Sync 1 DAGs
[2023-03-12T13:14:08.467+0000] {logging_mixin.py:137} INFO - [2023-03-12T13:14:08.467+0000] {dag.py:3441} INFO - Setting next_dagrun for example_xcom to 2021-01-01T00:00:00+00:00, run_after=2021-01-01T00:00:00+00:00
[2023-03-12T13:14:08.485+0000] {processor.py:175} INFO - Processing /home/airflow/.local/lib/python3.7/site-packages/airflow/example_dags/example_xcom.py took 0.100 seconds
[2023-03-12T13:14:38.605+0000] {processor.py:153} INFO - Started process (PID=1233) to work on /home/airflow/.local/lib/python3.7/site-packages/airflow/example_dags/example_xcom.py
[2023-03-12T13:14:38.606+0000] {processor.py:743} INFO - Processing file /home/airflow/.local/lib/python3.7/site-packages/airflow/example_dags/example_xcom.py for tasks to queue
[2023-03-12T13:14:38.606+0000] {logging_mixin.py:137} INFO - [2023-03-12T13:14:38.606+0000] {dagbag.py:538} INFO - Filling up the DagBag from /home/airflow/.local/lib/python3.7/site-packages/airflow/example_dags/example_xcom.py
[2023-03-12T13:14:38.628+0000] {processor.py:753} INFO - DAG(s) dict_keys(['example_xcom']) retrieved from /home/airflow/.local/lib/python3.7/site-packages/airflow/example_dags/example_xcom.py
[2023-03-12T13:14:38.657+0000] {logging_mixin.py:137} INFO - [2023-03-12T13:14:38.657+0000] {dag.py:2690} INFO - Sync 1 DAGs
[2023-03-12T13:14:38.683+0000] {logging_mixin.py:137} INFO - [2023-03-12T13:14:38.682+0000] {dag.py:3441} INFO - Setting next_dagrun for example_xcom to 2021-01-01T00:00:00+00:00, run_after=2021-01-01T00:00:00+00:00
[2023-03-12T13:14:38.701+0000] {processor.py:175} INFO - Processing /home/airflow/.local/lib/python3.7/site-packages/airflow/example_dags/example_xcom.py took 0.099 seconds
[2023-03-12T13:15:09.081+0000] {processor.py:153} INFO - Started process (PID=1351) to work on /home/airflow/.local/lib/python3.7/site-packages/airflow/example_dags/example_xcom.py
[2023-03-12T13:15:09.082+0000] {processor.py:743} INFO - Processing file /home/airflow/.local/lib/python3.7/site-packages/airflow/example_dags/example_xcom.py for tasks to queue
[2023-03-12T13:15:09.083+0000] {logging_mixin.py:137} INFO - [2023-03-12T13:15:09.083+0000] {dagbag.py:538} INFO - Filling up the DagBag from /home/airflow/.local/lib/python3.7/site-packages/airflow/example_dags/example_xcom.py
[2023-03-12T13:15:09.106+0000] {processor.py:753} INFO - DAG(s) dict_keys(['example_xcom']) retrieved from /home/airflow/.local/lib/python3.7/site-packages/airflow/example_dags/example_xcom.py
[2023-03-12T13:15:09.136+0000] {logging_mixin.py:137} INFO - [2023-03-12T13:15:09.136+0000] {dag.py:2690} INFO - Sync 1 DAGs
[2023-03-12T13:15:09.167+0000] {logging_mixin.py:137} INFO - [2023-03-12T13:15:09.167+0000] {dag.py:3441} INFO - Setting next_dagrun for example_xcom to 2021-01-01T00:00:00+00:00, run_after=2021-01-01T00:00:00+00:00
[2023-03-12T13:15:09.192+0000] {processor.py:175} INFO - Processing /home/airflow/.local/lib/python3.7/site-packages/airflow/example_dags/example_xcom.py took 0.114 seconds
[2023-03-12T13:15:39.287+0000] {processor.py:153} INFO - Started process (PID=1441) to work on /home/airflow/.local/lib/python3.7/site-packages/airflow/example_dags/example_xcom.py
[2023-03-12T13:15:39.288+0000] {processor.py:743} INFO - Processing file /home/airflow/.local/lib/python3.7/site-packages/airflow/example_dags/example_xcom.py for tasks to queue
[2023-03-12T13:15:39.288+0000] {logging_mixin.py:137} INFO - [2023-03-12T13:15:39.288+0000] {dagbag.py:538} INFO - Filling up the DagBag from /home/airflow/.local/lib/python3.7/site-packages/airflow/example_dags/example_xcom.py
[2023-03-12T13:15:39.310+0000] {processor.py:753} INFO - DAG(s) dict_keys(['example_xcom']) retrieved from /home/airflow/.local/lib/python3.7/site-packages/airflow/example_dags/example_xcom.py
[2023-03-12T13:15:39.333+0000] {logging_mixin.py:137} INFO - [2023-03-12T13:15:39.333+0000] {dag.py:2690} INFO - Sync 1 DAGs
[2023-03-12T13:15:39.359+0000] {logging_mixin.py:137} INFO - [2023-03-12T13:15:39.359+0000] {dag.py:3441} INFO - Setting next_dagrun for example_xcom to 2021-01-01T00:00:00+00:00, run_after=2021-01-01T00:00:00+00:00
[2023-03-12T13:15:39.377+0000] {processor.py:175} INFO - Processing /home/airflow/.local/lib/python3.7/site-packages/airflow/example_dags/example_xcom.py took 0.093 seconds
[2023-03-12T13:16:15.144+0000] {processor.py:153} INFO - Started process (PID=98) to work on /home/airflow/.local/lib/python3.7/site-packages/airflow/example_dags/example_xcom.py
[2023-03-12T13:16:15.145+0000] {processor.py:743} INFO - Processing file /home/airflow/.local/lib/python3.7/site-packages/airflow/example_dags/example_xcom.py for tasks to queue
[2023-03-12T13:16:15.145+0000] {logging_mixin.py:137} INFO - [2023-03-12T13:16:15.145+0000] {dagbag.py:538} INFO - Filling up the DagBag from /home/airflow/.local/lib/python3.7/site-packages/airflow/example_dags/example_xcom.py
[2023-03-12T13:16:15.170+0000] {processor.py:753} INFO - DAG(s) dict_keys(['example_xcom']) retrieved from /home/airflow/.local/lib/python3.7/site-packages/airflow/example_dags/example_xcom.py
[2023-03-12T13:16:15.181+0000] {logging_mixin.py:137} INFO - [2023-03-12T13:16:15.181+0000] {dag.py:2690} INFO - Sync 1 DAGs
[2023-03-12T13:16:15.210+0000] {logging_mixin.py:137} INFO - [2023-03-12T13:16:15.210+0000] {dag.py:3441} INFO - Setting next_dagrun for example_xcom to 2021-01-01T00:00:00+00:00, run_after=2021-01-01T00:00:00+00:00
[2023-03-12T13:16:15.228+0000] {processor.py:175} INFO - Processing /home/airflow/.local/lib/python3.7/site-packages/airflow/example_dags/example_xcom.py took 0.087 seconds
[2023-03-12T13:16:46.043+0000] {processor.py:153} INFO - Started process (PID=213) to work on /home/airflow/.local/lib/python3.7/site-packages/airflow/example_dags/example_xcom.py
[2023-03-12T13:16:46.044+0000] {processor.py:743} INFO - Processing file /home/airflow/.local/lib/python3.7/site-packages/airflow/example_dags/example_xcom.py for tasks to queue
[2023-03-12T13:16:46.044+0000] {logging_mixin.py:137} INFO - [2023-03-12T13:16:46.044+0000] {dagbag.py:538} INFO - Filling up the DagBag from /home/airflow/.local/lib/python3.7/site-packages/airflow/example_dags/example_xcom.py
[2023-03-12T13:16:46.068+0000] {processor.py:753} INFO - DAG(s) dict_keys(['example_xcom']) retrieved from /home/airflow/.local/lib/python3.7/site-packages/airflow/example_dags/example_xcom.py
[2023-03-12T13:16:46.094+0000] {logging_mixin.py:137} INFO - [2023-03-12T13:16:46.094+0000] {dag.py:2690} INFO - Sync 1 DAGs
[2023-03-12T13:16:46.118+0000] {logging_mixin.py:137} INFO - [2023-03-12T13:16:46.118+0000] {dag.py:3441} INFO - Setting next_dagrun for example_xcom to 2021-01-01T00:00:00+00:00, run_after=2021-01-01T00:00:00+00:00
[2023-03-12T13:16:46.138+0000] {processor.py:175} INFO - Processing /home/airflow/.local/lib/python3.7/site-packages/airflow/example_dags/example_xcom.py took 0.098 seconds
[2023-03-12T13:17:17.410+0000] {processor.py:153} INFO - Started process (PID=308) to work on /home/airflow/.local/lib/python3.7/site-packages/airflow/example_dags/example_xcom.py
[2023-03-12T13:17:17.411+0000] {processor.py:743} INFO - Processing file /home/airflow/.local/lib/python3.7/site-packages/airflow/example_dags/example_xcom.py for tasks to queue
[2023-03-12T13:17:17.412+0000] {logging_mixin.py:137} INFO - [2023-03-12T13:17:17.412+0000] {dagbag.py:538} INFO - Filling up the DagBag from /home/airflow/.local/lib/python3.7/site-packages/airflow/example_dags/example_xcom.py
[2023-03-12T13:17:17.434+0000] {processor.py:753} INFO - DAG(s) dict_keys(['example_xcom']) retrieved from /home/airflow/.local/lib/python3.7/site-packages/airflow/example_dags/example_xcom.py
[2023-03-12T13:17:17.461+0000] {logging_mixin.py:137} INFO - [2023-03-12T13:17:17.461+0000] {dag.py:2690} INFO - Sync 1 DAGs
[2023-03-12T13:17:17.490+0000] {logging_mixin.py:137} INFO - [2023-03-12T13:17:17.490+0000] {dag.py:3441} INFO - Setting next_dagrun for example_xcom to 2021-01-01T00:00:00+00:00, run_after=2021-01-01T00:00:00+00:00
[2023-03-12T13:17:17.509+0000] {processor.py:175} INFO - Processing /home/airflow/.local/lib/python3.7/site-packages/airflow/example_dags/example_xcom.py took 0.101 seconds
[2023-03-12T13:17:47.972+0000] {processor.py:153} INFO - Started process (PID=423) to work on /home/airflow/.local/lib/python3.7/site-packages/airflow/example_dags/example_xcom.py
[2023-03-12T13:17:47.973+0000] {processor.py:743} INFO - Processing file /home/airflow/.local/lib/python3.7/site-packages/airflow/example_dags/example_xcom.py for tasks to queue
[2023-03-12T13:17:47.974+0000] {logging_mixin.py:137} INFO - [2023-03-12T13:17:47.973+0000] {dagbag.py:538} INFO - Filling up the DagBag from /home/airflow/.local/lib/python3.7/site-packages/airflow/example_dags/example_xcom.py
[2023-03-12T13:17:47.995+0000] {processor.py:753} INFO - DAG(s) dict_keys(['example_xcom']) retrieved from /home/airflow/.local/lib/python3.7/site-packages/airflow/example_dags/example_xcom.py
[2023-03-12T13:17:48.018+0000] {logging_mixin.py:137} INFO - [2023-03-12T13:17:48.017+0000] {dag.py:2690} INFO - Sync 1 DAGs
[2023-03-12T13:17:48.043+0000] {logging_mixin.py:137} INFO - [2023-03-12T13:17:48.043+0000] {dag.py:3441} INFO - Setting next_dagrun for example_xcom to 2021-01-01T00:00:00+00:00, run_after=2021-01-01T00:00:00+00:00
[2023-03-12T13:17:48.063+0000] {processor.py:175} INFO - Processing /home/airflow/.local/lib/python3.7/site-packages/airflow/example_dags/example_xcom.py took 0.093 seconds
[2023-03-12T13:18:18.100+0000] {processor.py:153} INFO - Started process (PID=521) to work on /home/airflow/.local/lib/python3.7/site-packages/airflow/example_dags/example_xcom.py
[2023-03-12T13:18:18.101+0000] {processor.py:743} INFO - Processing file /home/airflow/.local/lib/python3.7/site-packages/airflow/example_dags/example_xcom.py for tasks to queue
[2023-03-12T13:18:18.101+0000] {logging_mixin.py:137} INFO - [2023-03-12T13:18:18.101+0000] {dagbag.py:538} INFO - Filling up the DagBag from /home/airflow/.local/lib/python3.7/site-packages/airflow/example_dags/example_xcom.py
[2023-03-12T13:18:18.127+0000] {processor.py:753} INFO - DAG(s) dict_keys(['example_xcom']) retrieved from /home/airflow/.local/lib/python3.7/site-packages/airflow/example_dags/example_xcom.py
[2023-03-12T13:18:18.154+0000] {logging_mixin.py:137} INFO - [2023-03-12T13:18:18.154+0000] {dag.py:2690} INFO - Sync 1 DAGs
[2023-03-12T13:18:18.180+0000] {logging_mixin.py:137} INFO - [2023-03-12T13:18:18.180+0000] {dag.py:3441} INFO - Setting next_dagrun for example_xcom to 2021-01-01T00:00:00+00:00, run_after=2021-01-01T00:00:00+00:00
[2023-03-12T13:18:18.198+0000] {processor.py:175} INFO - Processing /home/airflow/.local/lib/python3.7/site-packages/airflow/example_dags/example_xcom.py took 0.101 seconds
[2023-03-12T13:18:49.209+0000] {processor.py:153} INFO - Started process (PID=635) to work on /home/airflow/.local/lib/python3.7/site-packages/airflow/example_dags/example_xcom.py
[2023-03-12T13:18:49.210+0000] {processor.py:743} INFO - Processing file /home/airflow/.local/lib/python3.7/site-packages/airflow/example_dags/example_xcom.py for tasks to queue
[2023-03-12T13:18:49.211+0000] {logging_mixin.py:137} INFO - [2023-03-12T13:18:49.211+0000] {dagbag.py:538} INFO - Filling up the DagBag from /home/airflow/.local/lib/python3.7/site-packages/airflow/example_dags/example_xcom.py
[2023-03-12T13:18:49.234+0000] {processor.py:753} INFO - DAG(s) dict_keys(['example_xcom']) retrieved from /home/airflow/.local/lib/python3.7/site-packages/airflow/example_dags/example_xcom.py
[2023-03-12T13:18:49.260+0000] {logging_mixin.py:137} INFO - [2023-03-12T13:18:49.260+0000] {dag.py:2690} INFO - Sync 1 DAGs
[2023-03-12T13:18:49.286+0000] {logging_mixin.py:137} INFO - [2023-03-12T13:18:49.286+0000] {dag.py:3441} INFO - Setting next_dagrun for example_xcom to 2021-01-01T00:00:00+00:00, run_after=2021-01-01T00:00:00+00:00
[2023-03-12T13:18:49.304+0000] {processor.py:175} INFO - Processing /home/airflow/.local/lib/python3.7/site-packages/airflow/example_dags/example_xcom.py took 0.097 seconds
[2023-03-12T13:19:19.397+0000] {processor.py:153} INFO - Started process (PID=730) to work on /home/airflow/.local/lib/python3.7/site-packages/airflow/example_dags/example_xcom.py
[2023-03-12T13:19:19.398+0000] {processor.py:743} INFO - Processing file /home/airflow/.local/lib/python3.7/site-packages/airflow/example_dags/example_xcom.py for tasks to queue
[2023-03-12T13:19:19.398+0000] {logging_mixin.py:137} INFO - [2023-03-12T13:19:19.398+0000] {dagbag.py:538} INFO - Filling up the DagBag from /home/airflow/.local/lib/python3.7/site-packages/airflow/example_dags/example_xcom.py
[2023-03-12T13:19:19.420+0000] {processor.py:753} INFO - DAG(s) dict_keys(['example_xcom']) retrieved from /home/airflow/.local/lib/python3.7/site-packages/airflow/example_dags/example_xcom.py
[2023-03-12T13:19:19.444+0000] {logging_mixin.py:137} INFO - [2023-03-12T13:19:19.443+0000] {dag.py:2690} INFO - Sync 1 DAGs
[2023-03-12T13:19:19.470+0000] {logging_mixin.py:137} INFO - [2023-03-12T13:19:19.470+0000] {dag.py:3441} INFO - Setting next_dagrun for example_xcom to 2021-01-01T00:00:00+00:00, run_after=2021-01-01T00:00:00+00:00
[2023-03-12T13:19:19.488+0000] {processor.py:175} INFO - Processing /home/airflow/.local/lib/python3.7/site-packages/airflow/example_dags/example_xcom.py took 0.094 seconds
