[2023-03-12T12:43:38.772+0000] {processor.py:153} INFO - Started process (PID=109) to work on /home/airflow/.local/lib/python3.7/site-packages/airflow/example_dags/example_short_circuit_decorator.py
[2023-03-12T12:43:38.772+0000] {processor.py:743} INFO - Processing file /home/airflow/.local/lib/python3.7/site-packages/airflow/example_dags/example_short_circuit_decorator.py for tasks to queue
[2023-03-12T12:43:38.773+0000] {logging_mixin.py:137} INFO - [2023-03-12T12:43:38.773+0000] {dagbag.py:538} INFO - Filling up the DagBag from /home/airflow/.local/lib/python3.7/site-packages/airflow/example_dags/example_short_circuit_decorator.py
[2023-03-12T12:43:38.799+0000] {processor.py:753} INFO - DAG(s) dict_keys(['example_short_circuit_decorator']) retrieved from /home/airflow/.local/lib/python3.7/site-packages/airflow/example_dags/example_short_circuit_decorator.py
[2023-03-12T12:43:38.811+0000] {logging_mixin.py:137} INFO - [2023-03-12T12:43:38.811+0000] {dag.py:2690} INFO - Sync 1 DAGs
[2023-03-12T12:43:38.839+0000] {logging_mixin.py:137} INFO - [2023-03-12T12:43:38.838+0000] {dag.py:3441} INFO - Setting next_dagrun for example_short_circuit_decorator to 2023-03-11T12:43:38.838725+00:00, run_after=2023-03-12T12:43:38.838725+00:00
[2023-03-12T12:43:38.864+0000] {processor.py:175} INFO - Processing /home/airflow/.local/lib/python3.7/site-packages/airflow/example_dags/example_short_circuit_decorator.py took 0.095 seconds
[2023-03-12T12:44:09.696+0000] {processor.py:153} INFO - Started process (PID=197) to work on /home/airflow/.local/lib/python3.7/site-packages/airflow/example_dags/example_short_circuit_decorator.py
[2023-03-12T12:44:09.697+0000] {processor.py:743} INFO - Processing file /home/airflow/.local/lib/python3.7/site-packages/airflow/example_dags/example_short_circuit_decorator.py for tasks to queue
[2023-03-12T12:44:09.698+0000] {logging_mixin.py:137} INFO - [2023-03-12T12:44:09.698+0000] {dagbag.py:538} INFO - Filling up the DagBag from /home/airflow/.local/lib/python3.7/site-packages/airflow/example_dags/example_short_circuit_decorator.py
[2023-03-12T12:44:09.721+0000] {processor.py:753} INFO - DAG(s) dict_keys(['example_short_circuit_decorator']) retrieved from /home/airflow/.local/lib/python3.7/site-packages/airflow/example_dags/example_short_circuit_decorator.py
[2023-03-12T12:44:09.747+0000] {logging_mixin.py:137} INFO - [2023-03-12T12:44:09.747+0000] {dag.py:2690} INFO - Sync 1 DAGs
[2023-03-12T12:44:09.775+0000] {logging_mixin.py:137} INFO - [2023-03-12T12:44:09.774+0000] {dag.py:3441} INFO - Setting next_dagrun for example_short_circuit_decorator to 2023-03-11T12:44:09.774617+00:00, run_after=2023-03-12T12:44:09.774617+00:00
[2023-03-12T12:44:09.792+0000] {processor.py:175} INFO - Processing /home/airflow/.local/lib/python3.7/site-packages/airflow/example_dags/example_short_circuit_decorator.py took 0.099 seconds
[2023-03-12T12:44:40.487+0000] {processor.py:153} INFO - Started process (PID=294) to work on /home/airflow/.local/lib/python3.7/site-packages/airflow/example_dags/example_short_circuit_decorator.py
[2023-03-12T12:44:40.488+0000] {processor.py:743} INFO - Processing file /home/airflow/.local/lib/python3.7/site-packages/airflow/example_dags/example_short_circuit_decorator.py for tasks to queue
[2023-03-12T12:44:40.489+0000] {logging_mixin.py:137} INFO - [2023-03-12T12:44:40.489+0000] {dagbag.py:538} INFO - Filling up the DagBag from /home/airflow/.local/lib/python3.7/site-packages/airflow/example_dags/example_short_circuit_decorator.py
[2023-03-12T12:44:40.513+0000] {processor.py:753} INFO - DAG(s) dict_keys(['example_short_circuit_decorator']) retrieved from /home/airflow/.local/lib/python3.7/site-packages/airflow/example_dags/example_short_circuit_decorator.py
[2023-03-12T12:44:40.542+0000] {logging_mixin.py:137} INFO - [2023-03-12T12:44:40.542+0000] {dag.py:2690} INFO - Sync 1 DAGs
[2023-03-12T12:44:40.571+0000] {logging_mixin.py:137} INFO - [2023-03-12T12:44:40.570+0000] {dag.py:3441} INFO - Setting next_dagrun for example_short_circuit_decorator to 2023-03-11T12:44:40.570710+00:00, run_after=2023-03-12T12:44:40.570710+00:00
[2023-03-12T12:44:40.591+0000] {processor.py:175} INFO - Processing /home/airflow/.local/lib/python3.7/site-packages/airflow/example_dags/example_short_circuit_decorator.py took 0.107 seconds
[2023-03-12T12:45:11.361+0000] {processor.py:153} INFO - Started process (PID=397) to work on /home/airflow/.local/lib/python3.7/site-packages/airflow/example_dags/example_short_circuit_decorator.py
[2023-03-12T12:45:11.362+0000] {processor.py:743} INFO - Processing file /home/airflow/.local/lib/python3.7/site-packages/airflow/example_dags/example_short_circuit_decorator.py for tasks to queue
[2023-03-12T12:45:11.362+0000] {logging_mixin.py:137} INFO - [2023-03-12T12:45:11.362+0000] {dagbag.py:538} INFO - Filling up the DagBag from /home/airflow/.local/lib/python3.7/site-packages/airflow/example_dags/example_short_circuit_decorator.py
[2023-03-12T12:45:11.386+0000] {processor.py:753} INFO - DAG(s) dict_keys(['example_short_circuit_decorator']) retrieved from /home/airflow/.local/lib/python3.7/site-packages/airflow/example_dags/example_short_circuit_decorator.py
[2023-03-12T12:45:11.413+0000] {logging_mixin.py:137} INFO - [2023-03-12T12:45:11.413+0000] {dag.py:2690} INFO - Sync 1 DAGs
[2023-03-12T12:45:11.439+0000] {logging_mixin.py:137} INFO - [2023-03-12T12:45:11.439+0000] {dag.py:3441} INFO - Setting next_dagrun for example_short_circuit_decorator to 2023-03-11T12:45:11.438890+00:00, run_after=2023-03-12T12:45:11.438890+00:00
[2023-03-12T12:45:11.466+0000] {processor.py:175} INFO - Processing /home/airflow/.local/lib/python3.7/site-packages/airflow/example_dags/example_short_circuit_decorator.py took 0.107 seconds
[2023-03-12T12:45:42.087+0000] {processor.py:153} INFO - Started process (PID=485) to work on /home/airflow/.local/lib/python3.7/site-packages/airflow/example_dags/example_short_circuit_decorator.py
[2023-03-12T12:45:42.088+0000] {processor.py:743} INFO - Processing file /home/airflow/.local/lib/python3.7/site-packages/airflow/example_dags/example_short_circuit_decorator.py for tasks to queue
[2023-03-12T12:45:42.089+0000] {logging_mixin.py:137} INFO - [2023-03-12T12:45:42.088+0000] {dagbag.py:538} INFO - Filling up the DagBag from /home/airflow/.local/lib/python3.7/site-packages/airflow/example_dags/example_short_circuit_decorator.py
[2023-03-12T12:45:42.112+0000] {processor.py:753} INFO - DAG(s) dict_keys(['example_short_circuit_decorator']) retrieved from /home/airflow/.local/lib/python3.7/site-packages/airflow/example_dags/example_short_circuit_decorator.py
[2023-03-12T12:45:42.136+0000] {logging_mixin.py:137} INFO - [2023-03-12T12:45:42.136+0000] {dag.py:2690} INFO - Sync 1 DAGs
[2023-03-12T12:45:42.162+0000] {logging_mixin.py:137} INFO - [2023-03-12T12:45:42.161+0000] {dag.py:3441} INFO - Setting next_dagrun for example_short_circuit_decorator to 2023-03-11T12:45:42.161756+00:00, run_after=2023-03-12T12:45:42.161756+00:00
[2023-03-12T12:45:42.181+0000] {processor.py:175} INFO - Processing /home/airflow/.local/lib/python3.7/site-packages/airflow/example_dags/example_short_circuit_decorator.py took 0.097 seconds
[2023-03-12T12:46:12.915+0000] {processor.py:153} INFO - Started process (PID=597) to work on /home/airflow/.local/lib/python3.7/site-packages/airflow/example_dags/example_short_circuit_decorator.py
[2023-03-12T12:46:12.916+0000] {processor.py:743} INFO - Processing file /home/airflow/.local/lib/python3.7/site-packages/airflow/example_dags/example_short_circuit_decorator.py for tasks to queue
[2023-03-12T12:46:12.917+0000] {logging_mixin.py:137} INFO - [2023-03-12T12:46:12.917+0000] {dagbag.py:538} INFO - Filling up the DagBag from /home/airflow/.local/lib/python3.7/site-packages/airflow/example_dags/example_short_circuit_decorator.py
[2023-03-12T12:46:12.942+0000] {processor.py:753} INFO - DAG(s) dict_keys(['example_short_circuit_decorator']) retrieved from /home/airflow/.local/lib/python3.7/site-packages/airflow/example_dags/example_short_circuit_decorator.py
[2023-03-12T12:46:12.971+0000] {logging_mixin.py:137} INFO - [2023-03-12T12:46:12.971+0000] {dag.py:2690} INFO - Sync 1 DAGs
[2023-03-12T12:46:12.999+0000] {logging_mixin.py:137} INFO - [2023-03-12T12:46:12.998+0000] {dag.py:3441} INFO - Setting next_dagrun for example_short_circuit_decorator to 2023-03-11T12:46:12.998644+00:00, run_after=2023-03-12T12:46:12.998644+00:00
[2023-03-12T12:46:13.017+0000] {processor.py:175} INFO - Processing /home/airflow/.local/lib/python3.7/site-packages/airflow/example_dags/example_short_circuit_decorator.py took 0.105 seconds
[2023-03-12T12:54:41.579+0000] {processor.py:153} INFO - Started process (PID=111) to work on /home/airflow/.local/lib/python3.7/site-packages/airflow/example_dags/example_short_circuit_decorator.py
[2023-03-12T12:54:41.581+0000] {processor.py:743} INFO - Processing file /home/airflow/.local/lib/python3.7/site-packages/airflow/example_dags/example_short_circuit_decorator.py for tasks to queue
[2023-03-12T12:54:41.581+0000] {logging_mixin.py:137} INFO - [2023-03-12T12:54:41.581+0000] {dagbag.py:538} INFO - Filling up the DagBag from /home/airflow/.local/lib/python3.7/site-packages/airflow/example_dags/example_short_circuit_decorator.py
[2023-03-12T12:54:41.609+0000] {processor.py:753} INFO - DAG(s) dict_keys(['example_short_circuit_decorator']) retrieved from /home/airflow/.local/lib/python3.7/site-packages/airflow/example_dags/example_short_circuit_decorator.py
[2023-03-12T12:54:41.622+0000] {logging_mixin.py:137} INFO - [2023-03-12T12:54:41.622+0000] {dag.py:2690} INFO - Sync 1 DAGs
[2023-03-12T12:54:41.651+0000] {logging_mixin.py:137} INFO - [2023-03-12T12:54:41.650+0000] {dag.py:3441} INFO - Setting next_dagrun for example_short_circuit_decorator to 2023-03-11T12:54:41.650579+00:00, run_after=2023-03-12T12:54:41.650579+00:00
[2023-03-12T12:54:41.674+0000] {processor.py:175} INFO - Processing /home/airflow/.local/lib/python3.7/site-packages/airflow/example_dags/example_short_circuit_decorator.py took 0.097 seconds
[2023-03-12T12:55:12.322+0000] {processor.py:153} INFO - Started process (PID=201) to work on /home/airflow/.local/lib/python3.7/site-packages/airflow/example_dags/example_short_circuit_decorator.py
[2023-03-12T12:55:12.323+0000] {processor.py:743} INFO - Processing file /home/airflow/.local/lib/python3.7/site-packages/airflow/example_dags/example_short_circuit_decorator.py for tasks to queue
[2023-03-12T12:55:12.324+0000] {logging_mixin.py:137} INFO - [2023-03-12T12:55:12.324+0000] {dagbag.py:538} INFO - Filling up the DagBag from /home/airflow/.local/lib/python3.7/site-packages/airflow/example_dags/example_short_circuit_decorator.py
[2023-03-12T12:55:12.348+0000] {processor.py:753} INFO - DAG(s) dict_keys(['example_short_circuit_decorator']) retrieved from /home/airflow/.local/lib/python3.7/site-packages/airflow/example_dags/example_short_circuit_decorator.py
[2023-03-12T12:55:12.375+0000] {logging_mixin.py:137} INFO - [2023-03-12T12:55:12.375+0000] {dag.py:2690} INFO - Sync 1 DAGs
[2023-03-12T12:55:12.401+0000] {logging_mixin.py:137} INFO - [2023-03-12T12:55:12.401+0000] {dag.py:3441} INFO - Setting next_dagrun for example_short_circuit_decorator to 2023-03-11T12:55:12.401406+00:00, run_after=2023-03-12T12:55:12.401406+00:00
[2023-03-12T12:55:12.424+0000] {processor.py:175} INFO - Processing /home/airflow/.local/lib/python3.7/site-packages/airflow/example_dags/example_short_circuit_decorator.py took 0.105 seconds
[2023-03-12T12:55:43.041+0000] {processor.py:153} INFO - Started process (PID=300) to work on /home/airflow/.local/lib/python3.7/site-packages/airflow/example_dags/example_short_circuit_decorator.py
[2023-03-12T12:55:43.042+0000] {processor.py:743} INFO - Processing file /home/airflow/.local/lib/python3.7/site-packages/airflow/example_dags/example_short_circuit_decorator.py for tasks to queue
[2023-03-12T12:55:43.043+0000] {logging_mixin.py:137} INFO - [2023-03-12T12:55:43.043+0000] {dagbag.py:538} INFO - Filling up the DagBag from /home/airflow/.local/lib/python3.7/site-packages/airflow/example_dags/example_short_circuit_decorator.py
[2023-03-12T12:55:43.070+0000] {processor.py:753} INFO - DAG(s) dict_keys(['example_short_circuit_decorator']) retrieved from /home/airflow/.local/lib/python3.7/site-packages/airflow/example_dags/example_short_circuit_decorator.py
[2023-03-12T12:55:43.099+0000] {logging_mixin.py:137} INFO - [2023-03-12T12:55:43.099+0000] {dag.py:2690} INFO - Sync 1 DAGs
[2023-03-12T12:55:43.127+0000] {logging_mixin.py:137} INFO - [2023-03-12T12:55:43.126+0000] {dag.py:3441} INFO - Setting next_dagrun for example_short_circuit_decorator to 2023-03-11T12:55:43.126481+00:00, run_after=2023-03-12T12:55:43.126481+00:00
[2023-03-12T12:55:43.152+0000] {processor.py:175} INFO - Processing /home/airflow/.local/lib/python3.7/site-packages/airflow/example_dags/example_short_circuit_decorator.py took 0.115 seconds
[2023-03-12T12:56:13.465+0000] {processor.py:153} INFO - Started process (PID=405) to work on /home/airflow/.local/lib/python3.7/site-packages/airflow/example_dags/example_short_circuit_decorator.py
[2023-03-12T12:56:13.466+0000] {processor.py:743} INFO - Processing file /home/airflow/.local/lib/python3.7/site-packages/airflow/example_dags/example_short_circuit_decorator.py for tasks to queue
[2023-03-12T12:56:13.467+0000] {logging_mixin.py:137} INFO - [2023-03-12T12:56:13.467+0000] {dagbag.py:538} INFO - Filling up the DagBag from /home/airflow/.local/lib/python3.7/site-packages/airflow/example_dags/example_short_circuit_decorator.py
[2023-03-12T12:56:13.494+0000] {processor.py:753} INFO - DAG(s) dict_keys(['example_short_circuit_decorator']) retrieved from /home/airflow/.local/lib/python3.7/site-packages/airflow/example_dags/example_short_circuit_decorator.py
[2023-03-12T12:56:13.521+0000] {logging_mixin.py:137} INFO - [2023-03-12T12:56:13.521+0000] {dag.py:2690} INFO - Sync 1 DAGs
[2023-03-12T12:56:13.547+0000] {logging_mixin.py:137} INFO - [2023-03-12T12:56:13.546+0000] {dag.py:3441} INFO - Setting next_dagrun for example_short_circuit_decorator to 2023-03-11T12:56:13.546643+00:00, run_after=2023-03-12T12:56:13.546643+00:00
[2023-03-12T12:56:13.570+0000] {processor.py:175} INFO - Processing /home/airflow/.local/lib/python3.7/site-packages/airflow/example_dags/example_short_circuit_decorator.py took 0.107 seconds
[2023-03-12T12:56:44.323+0000] {processor.py:153} INFO - Started process (PID=495) to work on /home/airflow/.local/lib/python3.7/site-packages/airflow/example_dags/example_short_circuit_decorator.py
[2023-03-12T12:56:44.324+0000] {processor.py:743} INFO - Processing file /home/airflow/.local/lib/python3.7/site-packages/airflow/example_dags/example_short_circuit_decorator.py for tasks to queue
[2023-03-12T12:56:44.324+0000] {logging_mixin.py:137} INFO - [2023-03-12T12:56:44.324+0000] {dagbag.py:538} INFO - Filling up the DagBag from /home/airflow/.local/lib/python3.7/site-packages/airflow/example_dags/example_short_circuit_decorator.py
[2023-03-12T12:56:44.348+0000] {processor.py:753} INFO - DAG(s) dict_keys(['example_short_circuit_decorator']) retrieved from /home/airflow/.local/lib/python3.7/site-packages/airflow/example_dags/example_short_circuit_decorator.py
[2023-03-12T12:56:44.378+0000] {logging_mixin.py:137} INFO - [2023-03-12T12:56:44.378+0000] {dag.py:2690} INFO - Sync 1 DAGs
[2023-03-12T12:56:44.404+0000] {logging_mixin.py:137} INFO - [2023-03-12T12:56:44.404+0000] {dag.py:3441} INFO - Setting next_dagrun for example_short_circuit_decorator to 2023-03-11T12:56:44.404447+00:00, run_after=2023-03-12T12:56:44.404447+00:00
[2023-03-12T12:56:44.423+0000] {processor.py:175} INFO - Processing /home/airflow/.local/lib/python3.7/site-packages/airflow/example_dags/example_short_circuit_decorator.py took 0.103 seconds
[2023-03-12T12:57:15.209+0000] {processor.py:153} INFO - Started process (PID=609) to work on /home/airflow/.local/lib/python3.7/site-packages/airflow/example_dags/example_short_circuit_decorator.py
[2023-03-12T12:57:15.210+0000] {processor.py:743} INFO - Processing file /home/airflow/.local/lib/python3.7/site-packages/airflow/example_dags/example_short_circuit_decorator.py for tasks to queue
[2023-03-12T12:57:15.210+0000] {logging_mixin.py:137} INFO - [2023-03-12T12:57:15.210+0000] {dagbag.py:538} INFO - Filling up the DagBag from /home/airflow/.local/lib/python3.7/site-packages/airflow/example_dags/example_short_circuit_decorator.py
[2023-03-12T12:57:15.236+0000] {processor.py:753} INFO - DAG(s) dict_keys(['example_short_circuit_decorator']) retrieved from /home/airflow/.local/lib/python3.7/site-packages/airflow/example_dags/example_short_circuit_decorator.py
[2023-03-12T12:57:15.261+0000] {logging_mixin.py:137} INFO - [2023-03-12T12:57:15.261+0000] {dag.py:2690} INFO - Sync 1 DAGs
[2023-03-12T12:57:15.285+0000] {logging_mixin.py:137} INFO - [2023-03-12T12:57:15.285+0000] {dag.py:3441} INFO - Setting next_dagrun for example_short_circuit_decorator to 2023-03-11T12:57:15.285675+00:00, run_after=2023-03-12T12:57:15.285675+00:00
[2023-03-12T12:57:15.302+0000] {processor.py:175} INFO - Processing /home/airflow/.local/lib/python3.7/site-packages/airflow/example_dags/example_short_circuit_decorator.py took 0.096 seconds
[2023-03-12T12:57:45.960+0000] {processor.py:153} INFO - Started process (PID=699) to work on /home/airflow/.local/lib/python3.7/site-packages/airflow/example_dags/example_short_circuit_decorator.py
[2023-03-12T12:57:45.961+0000] {processor.py:743} INFO - Processing file /home/airflow/.local/lib/python3.7/site-packages/airflow/example_dags/example_short_circuit_decorator.py for tasks to queue
[2023-03-12T12:57:45.961+0000] {logging_mixin.py:137} INFO - [2023-03-12T12:57:45.961+0000] {dagbag.py:538} INFO - Filling up the DagBag from /home/airflow/.local/lib/python3.7/site-packages/airflow/example_dags/example_short_circuit_decorator.py
[2023-03-12T12:57:45.986+0000] {processor.py:753} INFO - DAG(s) dict_keys(['example_short_circuit_decorator']) retrieved from /home/airflow/.local/lib/python3.7/site-packages/airflow/example_dags/example_short_circuit_decorator.py
[2023-03-12T12:57:46.014+0000] {logging_mixin.py:137} INFO - [2023-03-12T12:57:46.014+0000] {dag.py:2690} INFO - Sync 1 DAGs
[2023-03-12T12:57:46.040+0000] {logging_mixin.py:137} INFO - [2023-03-12T12:57:46.040+0000] {dag.py:3441} INFO - Setting next_dagrun for example_short_circuit_decorator to 2023-03-11T12:57:46.040045+00:00, run_after=2023-03-12T12:57:46.040045+00:00
[2023-03-12T12:57:46.063+0000] {processor.py:175} INFO - Processing /home/airflow/.local/lib/python3.7/site-packages/airflow/example_dags/example_short_circuit_decorator.py took 0.106 seconds
[2023-03-12T12:58:17.495+0000] {processor.py:153} INFO - Started process (PID=813) to work on /home/airflow/.local/lib/python3.7/site-packages/airflow/example_dags/example_short_circuit_decorator.py
[2023-03-12T12:58:17.496+0000] {processor.py:743} INFO - Processing file /home/airflow/.local/lib/python3.7/site-packages/airflow/example_dags/example_short_circuit_decorator.py for tasks to queue
[2023-03-12T12:58:17.497+0000] {logging_mixin.py:137} INFO - [2023-03-12T12:58:17.496+0000] {dagbag.py:538} INFO - Filling up the DagBag from /home/airflow/.local/lib/python3.7/site-packages/airflow/example_dags/example_short_circuit_decorator.py
[2023-03-12T12:58:17.520+0000] {processor.py:753} INFO - DAG(s) dict_keys(['example_short_circuit_decorator']) retrieved from /home/airflow/.local/lib/python3.7/site-packages/airflow/example_dags/example_short_circuit_decorator.py
[2023-03-12T12:58:17.545+0000] {logging_mixin.py:137} INFO - [2023-03-12T12:58:17.545+0000] {dag.py:2690} INFO - Sync 1 DAGs
[2023-03-12T12:58:17.573+0000] {logging_mixin.py:137} INFO - [2023-03-12T12:58:17.572+0000] {dag.py:3441} INFO - Setting next_dagrun for example_short_circuit_decorator to 2023-03-11T12:58:17.572650+00:00, run_after=2023-03-12T12:58:17.572650+00:00
[2023-03-12T12:58:17.592+0000] {processor.py:175} INFO - Processing /home/airflow/.local/lib/python3.7/site-packages/airflow/example_dags/example_short_circuit_decorator.py took 0.099 seconds
[2023-03-12T13:00:37.427+0000] {processor.py:153} INFO - Started process (PID=111) to work on /home/airflow/.local/lib/python3.7/site-packages/airflow/example_dags/example_short_circuit_decorator.py
[2023-03-12T13:00:37.428+0000] {processor.py:743} INFO - Processing file /home/airflow/.local/lib/python3.7/site-packages/airflow/example_dags/example_short_circuit_decorator.py for tasks to queue
[2023-03-12T13:00:37.429+0000] {logging_mixin.py:137} INFO - [2023-03-12T13:00:37.429+0000] {dagbag.py:538} INFO - Filling up the DagBag from /home/airflow/.local/lib/python3.7/site-packages/airflow/example_dags/example_short_circuit_decorator.py
[2023-03-12T13:00:37.461+0000] {processor.py:753} INFO - DAG(s) dict_keys(['example_short_circuit_decorator']) retrieved from /home/airflow/.local/lib/python3.7/site-packages/airflow/example_dags/example_short_circuit_decorator.py
[2023-03-12T13:00:37.477+0000] {logging_mixin.py:137} INFO - [2023-03-12T13:00:37.476+0000] {dag.py:2690} INFO - Sync 1 DAGs
[2023-03-12T13:00:37.512+0000] {logging_mixin.py:137} INFO - [2023-03-12T13:00:37.512+0000] {dag.py:3441} INFO - Setting next_dagrun for example_short_circuit_decorator to 2023-03-11T13:00:37.511996+00:00, run_after=2023-03-12T13:00:37.511996+00:00
[2023-03-12T13:00:37.537+0000] {processor.py:175} INFO - Processing /home/airflow/.local/lib/python3.7/site-packages/airflow/example_dags/example_short_circuit_decorator.py took 0.113 seconds
[2023-03-12T13:01:08.289+0000] {processor.py:153} INFO - Started process (PID=201) to work on /home/airflow/.local/lib/python3.7/site-packages/airflow/example_dags/example_short_circuit_decorator.py
[2023-03-12T13:01:08.290+0000] {processor.py:743} INFO - Processing file /home/airflow/.local/lib/python3.7/site-packages/airflow/example_dags/example_short_circuit_decorator.py for tasks to queue
[2023-03-12T13:01:08.291+0000] {logging_mixin.py:137} INFO - [2023-03-12T13:01:08.291+0000] {dagbag.py:538} INFO - Filling up the DagBag from /home/airflow/.local/lib/python3.7/site-packages/airflow/example_dags/example_short_circuit_decorator.py
[2023-03-12T13:01:08.318+0000] {processor.py:753} INFO - DAG(s) dict_keys(['example_short_circuit_decorator']) retrieved from /home/airflow/.local/lib/python3.7/site-packages/airflow/example_dags/example_short_circuit_decorator.py
[2023-03-12T13:01:08.346+0000] {logging_mixin.py:137} INFO - [2023-03-12T13:01:08.346+0000] {dag.py:2690} INFO - Sync 1 DAGs
[2023-03-12T13:01:08.380+0000] {logging_mixin.py:137} INFO - [2023-03-12T13:01:08.380+0000] {dag.py:3441} INFO - Setting next_dagrun for example_short_circuit_decorator to 2023-03-11T13:01:08.380092+00:00, run_after=2023-03-12T13:01:08.380092+00:00
[2023-03-12T13:01:08.403+0000] {processor.py:175} INFO - Processing /home/airflow/.local/lib/python3.7/site-packages/airflow/example_dags/example_short_circuit_decorator.py took 0.117 seconds
[2023-03-12T13:01:39.394+0000] {processor.py:153} INFO - Started process (PID=297) to work on /home/airflow/.local/lib/python3.7/site-packages/airflow/example_dags/example_short_circuit_decorator.py
[2023-03-12T13:01:39.395+0000] {processor.py:743} INFO - Processing file /home/airflow/.local/lib/python3.7/site-packages/airflow/example_dags/example_short_circuit_decorator.py for tasks to queue
[2023-03-12T13:01:39.396+0000] {logging_mixin.py:137} INFO - [2023-03-12T13:01:39.396+0000] {dagbag.py:538} INFO - Filling up the DagBag from /home/airflow/.local/lib/python3.7/site-packages/airflow/example_dags/example_short_circuit_decorator.py
[2023-03-12T13:01:39.454+0000] {processor.py:753} INFO - DAG(s) dict_keys(['example_short_circuit_decorator']) retrieved from /home/airflow/.local/lib/python3.7/site-packages/airflow/example_dags/example_short_circuit_decorator.py
[2023-03-12T13:01:39.492+0000] {logging_mixin.py:137} INFO - [2023-03-12T13:01:39.492+0000] {dag.py:2690} INFO - Sync 1 DAGs
[2023-03-12T13:01:39.517+0000] {logging_mixin.py:137} INFO - [2023-03-12T13:01:39.517+0000] {dag.py:3441} INFO - Setting next_dagrun for example_short_circuit_decorator to 2023-03-11T13:01:39.517522+00:00, run_after=2023-03-12T13:01:39.517522+00:00
[2023-03-12T13:01:39.536+0000] {processor.py:175} INFO - Processing /home/airflow/.local/lib/python3.7/site-packages/airflow/example_dags/example_short_circuit_decorator.py took 0.146 seconds
[2023-03-12T13:02:10.484+0000] {processor.py:153} INFO - Started process (PID=405) to work on /home/airflow/.local/lib/python3.7/site-packages/airflow/example_dags/example_short_circuit_decorator.py
[2023-03-12T13:02:10.485+0000] {processor.py:743} INFO - Processing file /home/airflow/.local/lib/python3.7/site-packages/airflow/example_dags/example_short_circuit_decorator.py for tasks to queue
[2023-03-12T13:02:10.485+0000] {logging_mixin.py:137} INFO - [2023-03-12T13:02:10.485+0000] {dagbag.py:538} INFO - Filling up the DagBag from /home/airflow/.local/lib/python3.7/site-packages/airflow/example_dags/example_short_circuit_decorator.py
[2023-03-12T13:02:10.509+0000] {processor.py:753} INFO - DAG(s) dict_keys(['example_short_circuit_decorator']) retrieved from /home/airflow/.local/lib/python3.7/site-packages/airflow/example_dags/example_short_circuit_decorator.py
[2023-03-12T13:02:10.531+0000] {logging_mixin.py:137} INFO - [2023-03-12T13:02:10.531+0000] {dag.py:2690} INFO - Sync 1 DAGs
[2023-03-12T13:02:10.557+0000] {logging_mixin.py:137} INFO - [2023-03-12T13:02:10.557+0000] {dag.py:3441} INFO - Setting next_dagrun for example_short_circuit_decorator to 2023-03-11T13:02:10.557022+00:00, run_after=2023-03-12T13:02:10.557022+00:00
[2023-03-12T13:02:10.575+0000] {processor.py:175} INFO - Processing /home/airflow/.local/lib/python3.7/site-packages/airflow/example_dags/example_short_circuit_decorator.py took 0.094 seconds
[2023-03-12T13:02:41.515+0000] {processor.py:153} INFO - Started process (PID=495) to work on /home/airflow/.local/lib/python3.7/site-packages/airflow/example_dags/example_short_circuit_decorator.py
[2023-03-12T13:02:41.516+0000] {processor.py:743} INFO - Processing file /home/airflow/.local/lib/python3.7/site-packages/airflow/example_dags/example_short_circuit_decorator.py for tasks to queue
[2023-03-12T13:02:41.517+0000] {logging_mixin.py:137} INFO - [2023-03-12T13:02:41.517+0000] {dagbag.py:538} INFO - Filling up the DagBag from /home/airflow/.local/lib/python3.7/site-packages/airflow/example_dags/example_short_circuit_decorator.py
[2023-03-12T13:02:41.541+0000] {processor.py:753} INFO - DAG(s) dict_keys(['example_short_circuit_decorator']) retrieved from /home/airflow/.local/lib/python3.7/site-packages/airflow/example_dags/example_short_circuit_decorator.py
[2023-03-12T13:02:41.581+0000] {logging_mixin.py:137} INFO - [2023-03-12T13:02:41.581+0000] {dag.py:2690} INFO - Sync 1 DAGs
[2023-03-12T13:02:41.617+0000] {logging_mixin.py:137} INFO - [2023-03-12T13:02:41.617+0000] {dag.py:3441} INFO - Setting next_dagrun for example_short_circuit_decorator to 2023-03-11T13:02:41.617335+00:00, run_after=2023-03-12T13:02:41.617335+00:00
[2023-03-12T13:02:41.639+0000] {processor.py:175} INFO - Processing /home/airflow/.local/lib/python3.7/site-packages/airflow/example_dags/example_short_circuit_decorator.py took 0.126 seconds
[2023-03-12T13:03:12.227+0000] {processor.py:153} INFO - Started process (PID=609) to work on /home/airflow/.local/lib/python3.7/site-packages/airflow/example_dags/example_short_circuit_decorator.py
[2023-03-12T13:03:12.228+0000] {processor.py:743} INFO - Processing file /home/airflow/.local/lib/python3.7/site-packages/airflow/example_dags/example_short_circuit_decorator.py for tasks to queue
[2023-03-12T13:03:12.229+0000] {logging_mixin.py:137} INFO - [2023-03-12T13:03:12.229+0000] {dagbag.py:538} INFO - Filling up the DagBag from /home/airflow/.local/lib/python3.7/site-packages/airflow/example_dags/example_short_circuit_decorator.py
[2023-03-12T13:03:12.255+0000] {processor.py:753} INFO - DAG(s) dict_keys(['example_short_circuit_decorator']) retrieved from /home/airflow/.local/lib/python3.7/site-packages/airflow/example_dags/example_short_circuit_decorator.py
[2023-03-12T13:03:12.280+0000] {logging_mixin.py:137} INFO - [2023-03-12T13:03:12.280+0000] {dag.py:2690} INFO - Sync 1 DAGs
[2023-03-12T13:03:12.305+0000] {logging_mixin.py:137} INFO - [2023-03-12T13:03:12.305+0000] {dag.py:3441} INFO - Setting next_dagrun for example_short_circuit_decorator to 2023-03-11T13:03:12.305144+00:00, run_after=2023-03-12T13:03:12.305144+00:00
[2023-03-12T13:03:12.323+0000] {processor.py:175} INFO - Processing /home/airflow/.local/lib/python3.7/site-packages/airflow/example_dags/example_short_circuit_decorator.py took 0.098 seconds
[2023-03-12T13:03:43.138+0000] {processor.py:153} INFO - Started process (PID=699) to work on /home/airflow/.local/lib/python3.7/site-packages/airflow/example_dags/example_short_circuit_decorator.py
[2023-03-12T13:03:43.139+0000] {processor.py:743} INFO - Processing file /home/airflow/.local/lib/python3.7/site-packages/airflow/example_dags/example_short_circuit_decorator.py for tasks to queue
[2023-03-12T13:03:43.139+0000] {logging_mixin.py:137} INFO - [2023-03-12T13:03:43.139+0000] {dagbag.py:538} INFO - Filling up the DagBag from /home/airflow/.local/lib/python3.7/site-packages/airflow/example_dags/example_short_circuit_decorator.py
[2023-03-12T13:03:43.165+0000] {processor.py:753} INFO - DAG(s) dict_keys(['example_short_circuit_decorator']) retrieved from /home/airflow/.local/lib/python3.7/site-packages/airflow/example_dags/example_short_circuit_decorator.py
[2023-03-12T13:03:43.191+0000] {logging_mixin.py:137} INFO - [2023-03-12T13:03:43.191+0000] {dag.py:2690} INFO - Sync 1 DAGs
[2023-03-12T13:03:43.215+0000] {logging_mixin.py:137} INFO - [2023-03-12T13:03:43.215+0000] {dag.py:3441} INFO - Setting next_dagrun for example_short_circuit_decorator to 2023-03-11T13:03:43.215097+00:00, run_after=2023-03-12T13:03:43.215097+00:00
[2023-03-12T13:03:43.235+0000] {processor.py:175} INFO - Processing /home/airflow/.local/lib/python3.7/site-packages/airflow/example_dags/example_short_circuit_decorator.py took 0.100 seconds
[2023-03-12T13:04:13.956+0000] {processor.py:153} INFO - Started process (PID=813) to work on /home/airflow/.local/lib/python3.7/site-packages/airflow/example_dags/example_short_circuit_decorator.py
[2023-03-12T13:04:13.957+0000] {processor.py:743} INFO - Processing file /home/airflow/.local/lib/python3.7/site-packages/airflow/example_dags/example_short_circuit_decorator.py for tasks to queue
[2023-03-12T13:04:13.958+0000] {logging_mixin.py:137} INFO - [2023-03-12T13:04:13.958+0000] {dagbag.py:538} INFO - Filling up the DagBag from /home/airflow/.local/lib/python3.7/site-packages/airflow/example_dags/example_short_circuit_decorator.py
[2023-03-12T13:04:13.982+0000] {processor.py:753} INFO - DAG(s) dict_keys(['example_short_circuit_decorator']) retrieved from /home/airflow/.local/lib/python3.7/site-packages/airflow/example_dags/example_short_circuit_decorator.py
[2023-03-12T13:04:14.006+0000] {logging_mixin.py:137} INFO - [2023-03-12T13:04:14.006+0000] {dag.py:2690} INFO - Sync 1 DAGs
[2023-03-12T13:04:14.029+0000] {logging_mixin.py:137} INFO - [2023-03-12T13:04:14.029+0000] {dag.py:3441} INFO - Setting next_dagrun for example_short_circuit_decorator to 2023-03-11T13:04:14.029563+00:00, run_after=2023-03-12T13:04:14.029563+00:00
[2023-03-12T13:04:14.057+0000] {processor.py:175} INFO - Processing /home/airflow/.local/lib/python3.7/site-packages/airflow/example_dags/example_short_circuit_decorator.py took 0.103 seconds
[2023-03-12T13:04:44.729+0000] {processor.py:153} INFO - Started process (PID=903) to work on /home/airflow/.local/lib/python3.7/site-packages/airflow/example_dags/example_short_circuit_decorator.py
[2023-03-12T13:04:44.730+0000] {processor.py:743} INFO - Processing file /home/airflow/.local/lib/python3.7/site-packages/airflow/example_dags/example_short_circuit_decorator.py for tasks to queue
[2023-03-12T13:04:44.730+0000] {logging_mixin.py:137} INFO - [2023-03-12T13:04:44.730+0000] {dagbag.py:538} INFO - Filling up the DagBag from /home/airflow/.local/lib/python3.7/site-packages/airflow/example_dags/example_short_circuit_decorator.py
[2023-03-12T13:04:44.761+0000] {processor.py:753} INFO - DAG(s) dict_keys(['example_short_circuit_decorator']) retrieved from /home/airflow/.local/lib/python3.7/site-packages/airflow/example_dags/example_short_circuit_decorator.py
[2023-03-12T13:04:44.793+0000] {logging_mixin.py:137} INFO - [2023-03-12T13:04:44.792+0000] {dag.py:2690} INFO - Sync 1 DAGs
[2023-03-12T13:04:44.823+0000] {logging_mixin.py:137} INFO - [2023-03-12T13:04:44.822+0000] {dag.py:3441} INFO - Setting next_dagrun for example_short_circuit_decorator to 2023-03-11T13:04:44.822683+00:00, run_after=2023-03-12T13:04:44.822683+00:00
[2023-03-12T13:04:44.843+0000] {processor.py:175} INFO - Processing /home/airflow/.local/lib/python3.7/site-packages/airflow/example_dags/example_short_circuit_decorator.py took 0.116 seconds
[2023-03-12T13:05:15.382+0000] {processor.py:153} INFO - Started process (PID=1001) to work on /home/airflow/.local/lib/python3.7/site-packages/airflow/example_dags/example_short_circuit_decorator.py
[2023-03-12T13:05:15.383+0000] {processor.py:743} INFO - Processing file /home/airflow/.local/lib/python3.7/site-packages/airflow/example_dags/example_short_circuit_decorator.py for tasks to queue
[2023-03-12T13:05:15.384+0000] {logging_mixin.py:137} INFO - [2023-03-12T13:05:15.384+0000] {dagbag.py:538} INFO - Filling up the DagBag from /home/airflow/.local/lib/python3.7/site-packages/airflow/example_dags/example_short_circuit_decorator.py
[2023-03-12T13:05:15.422+0000] {processor.py:753} INFO - DAG(s) dict_keys(['example_short_circuit_decorator']) retrieved from /home/airflow/.local/lib/python3.7/site-packages/airflow/example_dags/example_short_circuit_decorator.py
[2023-03-12T13:05:15.473+0000] {logging_mixin.py:137} INFO - [2023-03-12T13:05:15.473+0000] {dag.py:2690} INFO - Sync 1 DAGs
[2023-03-12T13:05:15.505+0000] {logging_mixin.py:137} INFO - [2023-03-12T13:05:15.505+0000] {dag.py:3441} INFO - Setting next_dagrun for example_short_circuit_decorator to 2023-03-11T13:05:15.504785+00:00, run_after=2023-03-12T13:05:15.504785+00:00
[2023-03-12T13:05:15.533+0000] {processor.py:175} INFO - Processing /home/airflow/.local/lib/python3.7/site-packages/airflow/example_dags/example_short_circuit_decorator.py took 0.155 seconds
[2023-03-12T13:05:46.161+0000] {processor.py:153} INFO - Started process (PID=1108) to work on /home/airflow/.local/lib/python3.7/site-packages/airflow/example_dags/example_short_circuit_decorator.py
[2023-03-12T13:05:46.162+0000] {processor.py:743} INFO - Processing file /home/airflow/.local/lib/python3.7/site-packages/airflow/example_dags/example_short_circuit_decorator.py for tasks to queue
[2023-03-12T13:05:46.162+0000] {logging_mixin.py:137} INFO - [2023-03-12T13:05:46.162+0000] {dagbag.py:538} INFO - Filling up the DagBag from /home/airflow/.local/lib/python3.7/site-packages/airflow/example_dags/example_short_circuit_decorator.py
[2023-03-12T13:05:46.188+0000] {processor.py:753} INFO - DAG(s) dict_keys(['example_short_circuit_decorator']) retrieved from /home/airflow/.local/lib/python3.7/site-packages/airflow/example_dags/example_short_circuit_decorator.py
[2023-03-12T13:05:46.213+0000] {logging_mixin.py:137} INFO - [2023-03-12T13:05:46.213+0000] {dag.py:2690} INFO - Sync 1 DAGs
[2023-03-12T13:05:46.239+0000] {logging_mixin.py:137} INFO - [2023-03-12T13:05:46.239+0000] {dag.py:3441} INFO - Setting next_dagrun for example_short_circuit_decorator to 2023-03-11T13:05:46.239131+00:00, run_after=2023-03-12T13:05:46.239131+00:00
[2023-03-12T13:05:46.267+0000] {processor.py:175} INFO - Processing /home/airflow/.local/lib/python3.7/site-packages/airflow/example_dags/example_short_circuit_decorator.py took 0.109 seconds
[2023-03-12T13:06:16.307+0000] {processor.py:153} INFO - Started process (PID=1198) to work on /home/airflow/.local/lib/python3.7/site-packages/airflow/example_dags/example_short_circuit_decorator.py
[2023-03-12T13:06:16.308+0000] {processor.py:743} INFO - Processing file /home/airflow/.local/lib/python3.7/site-packages/airflow/example_dags/example_short_circuit_decorator.py for tasks to queue
[2023-03-12T13:06:16.308+0000] {logging_mixin.py:137} INFO - [2023-03-12T13:06:16.308+0000] {dagbag.py:538} INFO - Filling up the DagBag from /home/airflow/.local/lib/python3.7/site-packages/airflow/example_dags/example_short_circuit_decorator.py
[2023-03-12T13:06:16.335+0000] {processor.py:753} INFO - DAG(s) dict_keys(['example_short_circuit_decorator']) retrieved from /home/airflow/.local/lib/python3.7/site-packages/airflow/example_dags/example_short_circuit_decorator.py
[2023-03-12T13:06:16.362+0000] {logging_mixin.py:137} INFO - [2023-03-12T13:06:16.362+0000] {dag.py:2690} INFO - Sync 1 DAGs
[2023-03-12T13:06:16.390+0000] {logging_mixin.py:137} INFO - [2023-03-12T13:06:16.390+0000] {dag.py:3441} INFO - Setting next_dagrun for example_short_circuit_decorator to 2023-03-11T13:06:16.390565+00:00, run_after=2023-03-12T13:06:16.390565+00:00
[2023-03-12T13:06:16.410+0000] {processor.py:175} INFO - Processing /home/airflow/.local/lib/python3.7/site-packages/airflow/example_dags/example_short_circuit_decorator.py took 0.106 seconds
[2023-03-12T13:06:47.095+0000] {processor.py:153} INFO - Started process (PID=1322) to work on /home/airflow/.local/lib/python3.7/site-packages/airflow/example_dags/example_short_circuit_decorator.py
[2023-03-12T13:06:47.095+0000] {processor.py:743} INFO - Processing file /home/airflow/.local/lib/python3.7/site-packages/airflow/example_dags/example_short_circuit_decorator.py for tasks to queue
[2023-03-12T13:06:47.096+0000] {logging_mixin.py:137} INFO - [2023-03-12T13:06:47.096+0000] {dagbag.py:538} INFO - Filling up the DagBag from /home/airflow/.local/lib/python3.7/site-packages/airflow/example_dags/example_short_circuit_decorator.py
[2023-03-12T13:06:47.121+0000] {processor.py:753} INFO - DAG(s) dict_keys(['example_short_circuit_decorator']) retrieved from /home/airflow/.local/lib/python3.7/site-packages/airflow/example_dags/example_short_circuit_decorator.py
[2023-03-12T13:06:47.148+0000] {logging_mixin.py:137} INFO - [2023-03-12T13:06:47.147+0000] {dag.py:2690} INFO - Sync 1 DAGs
[2023-03-12T13:06:47.180+0000] {logging_mixin.py:137} INFO - [2023-03-12T13:06:47.180+0000] {dag.py:3441} INFO - Setting next_dagrun for example_short_circuit_decorator to 2023-03-11T13:06:47.180373+00:00, run_after=2023-03-12T13:06:47.180373+00:00
[2023-03-12T13:06:47.198+0000] {processor.py:175} INFO - Processing /home/airflow/.local/lib/python3.7/site-packages/airflow/example_dags/example_short_circuit_decorator.py took 0.106 seconds
[2023-03-12T13:07:05.383+0000] {processor.py:153} INFO - Started process (PID=94) to work on /home/airflow/.local/lib/python3.7/site-packages/airflow/example_dags/example_short_circuit_decorator.py
[2023-03-12T13:07:05.384+0000] {processor.py:743} INFO - Processing file /home/airflow/.local/lib/python3.7/site-packages/airflow/example_dags/example_short_circuit_decorator.py for tasks to queue
[2023-03-12T13:07:05.384+0000] {logging_mixin.py:137} INFO - [2023-03-12T13:07:05.384+0000] {dagbag.py:538} INFO - Filling up the DagBag from /home/airflow/.local/lib/python3.7/site-packages/airflow/example_dags/example_short_circuit_decorator.py
[2023-03-12T13:07:05.467+0000] {processor.py:753} INFO - DAG(s) dict_keys(['example_short_circuit_decorator']) retrieved from /home/airflow/.local/lib/python3.7/site-packages/airflow/example_dags/example_short_circuit_decorator.py
[2023-03-12T13:07:05.480+0000] {logging_mixin.py:137} INFO - [2023-03-12T13:07:05.480+0000] {dag.py:2690} INFO - Sync 1 DAGs
[2023-03-12T13:07:05.582+0000] {logging_mixin.py:137} INFO - [2023-03-12T13:07:05.582+0000] {dag.py:3441} INFO - Setting next_dagrun for example_short_circuit_decorator to 2023-03-11T13:07:05.581816+00:00, run_after=2023-03-12T13:07:05.581816+00:00
[2023-03-12T13:07:05.666+0000] {processor.py:175} INFO - Processing /home/airflow/.local/lib/python3.7/site-packages/airflow/example_dags/example_short_circuit_decorator.py took 0.286 seconds
[2023-03-12T13:07:35.878+0000] {processor.py:153} INFO - Started process (PID=200) to work on /home/airflow/.local/lib/python3.7/site-packages/airflow/example_dags/example_short_circuit_decorator.py
[2023-03-12T13:07:35.879+0000] {processor.py:743} INFO - Processing file /home/airflow/.local/lib/python3.7/site-packages/airflow/example_dags/example_short_circuit_decorator.py for tasks to queue
[2023-03-12T13:07:35.880+0000] {logging_mixin.py:137} INFO - [2023-03-12T13:07:35.879+0000] {dagbag.py:538} INFO - Filling up the DagBag from /home/airflow/.local/lib/python3.7/site-packages/airflow/example_dags/example_short_circuit_decorator.py
[2023-03-12T13:07:35.908+0000] {processor.py:753} INFO - DAG(s) dict_keys(['example_short_circuit_decorator']) retrieved from /home/airflow/.local/lib/python3.7/site-packages/airflow/example_dags/example_short_circuit_decorator.py
[2023-03-12T13:07:35.962+0000] {logging_mixin.py:137} INFO - [2023-03-12T13:07:35.962+0000] {dag.py:2690} INFO - Sync 1 DAGs
[2023-03-12T13:07:35.991+0000] {logging_mixin.py:137} INFO - [2023-03-12T13:07:35.990+0000] {dag.py:3441} INFO - Setting next_dagrun for example_short_circuit_decorator to 2023-03-11T13:07:35.990622+00:00, run_after=2023-03-12T13:07:35.990622+00:00
[2023-03-12T13:07:36.011+0000] {processor.py:175} INFO - Processing /home/airflow/.local/lib/python3.7/site-packages/airflow/example_dags/example_short_circuit_decorator.py took 0.137 seconds
[2023-03-12T13:08:06.658+0000] {processor.py:153} INFO - Started process (PID=290) to work on /home/airflow/.local/lib/python3.7/site-packages/airflow/example_dags/example_short_circuit_decorator.py
[2023-03-12T13:08:06.659+0000] {processor.py:743} INFO - Processing file /home/airflow/.local/lib/python3.7/site-packages/airflow/example_dags/example_short_circuit_decorator.py for tasks to queue
[2023-03-12T13:08:06.660+0000] {logging_mixin.py:137} INFO - [2023-03-12T13:08:06.660+0000] {dagbag.py:538} INFO - Filling up the DagBag from /home/airflow/.local/lib/python3.7/site-packages/airflow/example_dags/example_short_circuit_decorator.py
[2023-03-12T13:08:06.688+0000] {processor.py:753} INFO - DAG(s) dict_keys(['example_short_circuit_decorator']) retrieved from /home/airflow/.local/lib/python3.7/site-packages/airflow/example_dags/example_short_circuit_decorator.py
[2023-03-12T13:08:06.713+0000] {logging_mixin.py:137} INFO - [2023-03-12T13:08:06.713+0000] {dag.py:2690} INFO - Sync 1 DAGs
[2023-03-12T13:08:06.737+0000] {logging_mixin.py:137} INFO - [2023-03-12T13:08:06.737+0000] {dag.py:3441} INFO - Setting next_dagrun for example_short_circuit_decorator to 2023-03-11T13:08:06.737499+00:00, run_after=2023-03-12T13:08:06.737499+00:00
[2023-03-12T13:08:06.761+0000] {processor.py:175} INFO - Processing /home/airflow/.local/lib/python3.7/site-packages/airflow/example_dags/example_short_circuit_decorator.py took 0.106 seconds
[2023-03-12T13:08:37.531+0000] {processor.py:153} INFO - Started process (PID=381) to work on /home/airflow/.local/lib/python3.7/site-packages/airflow/example_dags/example_short_circuit_decorator.py
[2023-03-12T13:08:37.531+0000] {processor.py:743} INFO - Processing file /home/airflow/.local/lib/python3.7/site-packages/airflow/example_dags/example_short_circuit_decorator.py for tasks to queue
[2023-03-12T13:08:37.532+0000] {logging_mixin.py:137} INFO - [2023-03-12T13:08:37.532+0000] {dagbag.py:538} INFO - Filling up the DagBag from /home/airflow/.local/lib/python3.7/site-packages/airflow/example_dags/example_short_circuit_decorator.py
[2023-03-12T13:08:37.557+0000] {processor.py:753} INFO - DAG(s) dict_keys(['example_short_circuit_decorator']) retrieved from /home/airflow/.local/lib/python3.7/site-packages/airflow/example_dags/example_short_circuit_decorator.py
[2023-03-12T13:08:37.582+0000] {logging_mixin.py:137} INFO - [2023-03-12T13:08:37.582+0000] {dag.py:2690} INFO - Sync 1 DAGs
[2023-03-12T13:08:37.608+0000] {logging_mixin.py:137} INFO - [2023-03-12T13:08:37.608+0000] {dag.py:3441} INFO - Setting next_dagrun for example_short_circuit_decorator to 2023-03-11T13:08:37.607788+00:00, run_after=2023-03-12T13:08:37.607788+00:00
[2023-03-12T13:08:37.629+0000] {processor.py:175} INFO - Processing /home/airflow/.local/lib/python3.7/site-packages/airflow/example_dags/example_short_circuit_decorator.py took 0.101 seconds
[2023-03-12T13:08:58.523+0000] {processor.py:153} INFO - Started process (PID=87) to work on /home/airflow/.local/lib/python3.7/site-packages/airflow/example_dags/example_short_circuit_decorator.py
[2023-03-12T13:08:58.524+0000] {processor.py:743} INFO - Processing file /home/airflow/.local/lib/python3.7/site-packages/airflow/example_dags/example_short_circuit_decorator.py for tasks to queue
[2023-03-12T13:08:58.524+0000] {logging_mixin.py:137} INFO - [2023-03-12T13:08:58.524+0000] {dagbag.py:538} INFO - Filling up the DagBag from /home/airflow/.local/lib/python3.7/site-packages/airflow/example_dags/example_short_circuit_decorator.py
[2023-03-12T13:08:58.548+0000] {processor.py:753} INFO - DAG(s) dict_keys(['example_short_circuit_decorator']) retrieved from /home/airflow/.local/lib/python3.7/site-packages/airflow/example_dags/example_short_circuit_decorator.py
[2023-03-12T13:08:58.562+0000] {logging_mixin.py:137} INFO - [2023-03-12T13:08:58.562+0000] {dag.py:2690} INFO - Sync 1 DAGs
[2023-03-12T13:08:58.598+0000] {logging_mixin.py:137} INFO - [2023-03-12T13:08:58.597+0000] {dag.py:3441} INFO - Setting next_dagrun for example_short_circuit_decorator to 2023-03-11T13:08:58.597745+00:00, run_after=2023-03-12T13:08:58.597745+00:00
[2023-03-12T13:08:58.616+0000] {processor.py:175} INFO - Processing /home/airflow/.local/lib/python3.7/site-packages/airflow/example_dags/example_short_circuit_decorator.py took 0.096 seconds
[2023-03-12T13:09:29.348+0000] {processor.py:153} INFO - Started process (PID=201) to work on /home/airflow/.local/lib/python3.7/site-packages/airflow/example_dags/example_short_circuit_decorator.py
[2023-03-12T13:09:29.352+0000] {processor.py:743} INFO - Processing file /home/airflow/.local/lib/python3.7/site-packages/airflow/example_dags/example_short_circuit_decorator.py for tasks to queue
[2023-03-12T13:09:29.352+0000] {logging_mixin.py:137} INFO - [2023-03-12T13:09:29.352+0000] {dagbag.py:538} INFO - Filling up the DagBag from /home/airflow/.local/lib/python3.7/site-packages/airflow/example_dags/example_short_circuit_decorator.py
[2023-03-12T13:09:29.377+0000] {processor.py:753} INFO - DAG(s) dict_keys(['example_short_circuit_decorator']) retrieved from /home/airflow/.local/lib/python3.7/site-packages/airflow/example_dags/example_short_circuit_decorator.py
[2023-03-12T13:09:29.401+0000] {logging_mixin.py:137} INFO - [2023-03-12T13:09:29.401+0000] {dag.py:2690} INFO - Sync 1 DAGs
[2023-03-12T13:09:29.427+0000] {logging_mixin.py:137} INFO - [2023-03-12T13:09:29.427+0000] {dag.py:3441} INFO - Setting next_dagrun for example_short_circuit_decorator to 2023-03-11T13:09:29.427303+00:00, run_after=2023-03-12T13:09:29.427303+00:00
[2023-03-12T13:09:29.445+0000] {processor.py:175} INFO - Processing /home/airflow/.local/lib/python3.7/site-packages/airflow/example_dags/example_short_circuit_decorator.py took 0.100 seconds
[2023-03-12T13:10:00.296+0000] {processor.py:153} INFO - Started process (PID=291) to work on /home/airflow/.local/lib/python3.7/site-packages/airflow/example_dags/example_short_circuit_decorator.py
[2023-03-12T13:10:00.297+0000] {processor.py:743} INFO - Processing file /home/airflow/.local/lib/python3.7/site-packages/airflow/example_dags/example_short_circuit_decorator.py for tasks to queue
[2023-03-12T13:10:00.298+0000] {logging_mixin.py:137} INFO - [2023-03-12T13:10:00.298+0000] {dagbag.py:538} INFO - Filling up the DagBag from /home/airflow/.local/lib/python3.7/site-packages/airflow/example_dags/example_short_circuit_decorator.py
[2023-03-12T13:10:00.321+0000] {processor.py:753} INFO - DAG(s) dict_keys(['example_short_circuit_decorator']) retrieved from /home/airflow/.local/lib/python3.7/site-packages/airflow/example_dags/example_short_circuit_decorator.py
[2023-03-12T13:10:00.345+0000] {logging_mixin.py:137} INFO - [2023-03-12T13:10:00.345+0000] {dag.py:2690} INFO - Sync 1 DAGs
[2023-03-12T13:10:00.376+0000] {logging_mixin.py:137} INFO - [2023-03-12T13:10:00.376+0000] {dag.py:3441} INFO - Setting next_dagrun for example_short_circuit_decorator to 2023-03-11T13:10:00.376549+00:00, run_after=2023-03-12T13:10:00.376549+00:00
[2023-03-12T13:10:00.395+0000] {processor.py:175} INFO - Processing /home/airflow/.local/lib/python3.7/site-packages/airflow/example_dags/example_short_circuit_decorator.py took 0.102 seconds
[2023-03-12T13:10:31.509+0000] {processor.py:153} INFO - Started process (PID=415) to work on /home/airflow/.local/lib/python3.7/site-packages/airflow/example_dags/example_short_circuit_decorator.py
[2023-03-12T13:10:31.510+0000] {processor.py:743} INFO - Processing file /home/airflow/.local/lib/python3.7/site-packages/airflow/example_dags/example_short_circuit_decorator.py for tasks to queue
[2023-03-12T13:10:31.511+0000] {logging_mixin.py:137} INFO - [2023-03-12T13:10:31.511+0000] {dagbag.py:538} INFO - Filling up the DagBag from /home/airflow/.local/lib/python3.7/site-packages/airflow/example_dags/example_short_circuit_decorator.py
[2023-03-12T13:10:31.534+0000] {processor.py:753} INFO - DAG(s) dict_keys(['example_short_circuit_decorator']) retrieved from /home/airflow/.local/lib/python3.7/site-packages/airflow/example_dags/example_short_circuit_decorator.py
[2023-03-12T13:10:31.561+0000] {logging_mixin.py:137} INFO - [2023-03-12T13:10:31.560+0000] {dag.py:2690} INFO - Sync 1 DAGs
[2023-03-12T13:10:31.590+0000] {logging_mixin.py:137} INFO - [2023-03-12T13:10:31.590+0000] {dag.py:3441} INFO - Setting next_dagrun for example_short_circuit_decorator to 2023-03-11T13:10:31.590059+00:00, run_after=2023-03-12T13:10:31.590059+00:00
[2023-03-12T13:10:31.609+0000] {processor.py:175} INFO - Processing /home/airflow/.local/lib/python3.7/site-packages/airflow/example_dags/example_short_circuit_decorator.py took 0.102 seconds
[2023-03-12T13:11:02.600+0000] {processor.py:153} INFO - Started process (PID=509) to work on /home/airflow/.local/lib/python3.7/site-packages/airflow/example_dags/example_short_circuit_decorator.py
[2023-03-12T13:11:02.601+0000] {processor.py:743} INFO - Processing file /home/airflow/.local/lib/python3.7/site-packages/airflow/example_dags/example_short_circuit_decorator.py for tasks to queue
[2023-03-12T13:11:02.602+0000] {logging_mixin.py:137} INFO - [2023-03-12T13:11:02.601+0000] {dagbag.py:538} INFO - Filling up the DagBag from /home/airflow/.local/lib/python3.7/site-packages/airflow/example_dags/example_short_circuit_decorator.py
[2023-03-12T13:11:02.628+0000] {processor.py:753} INFO - DAG(s) dict_keys(['example_short_circuit_decorator']) retrieved from /home/airflow/.local/lib/python3.7/site-packages/airflow/example_dags/example_short_circuit_decorator.py
[2023-03-12T13:11:02.658+0000] {logging_mixin.py:137} INFO - [2023-03-12T13:11:02.658+0000] {dag.py:2690} INFO - Sync 1 DAGs
[2023-03-12T13:11:02.700+0000] {logging_mixin.py:137} INFO - [2023-03-12T13:11:02.700+0000] {dag.py:3441} INFO - Setting next_dagrun for example_short_circuit_decorator to 2023-03-11T13:11:02.699948+00:00, run_after=2023-03-12T13:11:02.699948+00:00
[2023-03-12T13:11:02.721+0000] {processor.py:175} INFO - Processing /home/airflow/.local/lib/python3.7/site-packages/airflow/example_dags/example_short_circuit_decorator.py took 0.124 seconds
[2023-03-12T13:11:33.802+0000] {processor.py:153} INFO - Started process (PID=623) to work on /home/airflow/.local/lib/python3.7/site-packages/airflow/example_dags/example_short_circuit_decorator.py
[2023-03-12T13:11:33.803+0000] {processor.py:743} INFO - Processing file /home/airflow/.local/lib/python3.7/site-packages/airflow/example_dags/example_short_circuit_decorator.py for tasks to queue
[2023-03-12T13:11:33.804+0000] {logging_mixin.py:137} INFO - [2023-03-12T13:11:33.803+0000] {dagbag.py:538} INFO - Filling up the DagBag from /home/airflow/.local/lib/python3.7/site-packages/airflow/example_dags/example_short_circuit_decorator.py
[2023-03-12T13:11:33.828+0000] {processor.py:753} INFO - DAG(s) dict_keys(['example_short_circuit_decorator']) retrieved from /home/airflow/.local/lib/python3.7/site-packages/airflow/example_dags/example_short_circuit_decorator.py
[2023-03-12T13:11:33.852+0000] {logging_mixin.py:137} INFO - [2023-03-12T13:11:33.852+0000] {dag.py:2690} INFO - Sync 1 DAGs
[2023-03-12T13:11:33.878+0000] {logging_mixin.py:137} INFO - [2023-03-12T13:11:33.877+0000] {dag.py:3441} INFO - Setting next_dagrun for example_short_circuit_decorator to 2023-03-11T13:11:33.877721+00:00, run_after=2023-03-12T13:11:33.877721+00:00
[2023-03-12T13:11:33.895+0000] {processor.py:175} INFO - Processing /home/airflow/.local/lib/python3.7/site-packages/airflow/example_dags/example_short_circuit_decorator.py took 0.095 seconds
[2023-03-12T13:12:04.887+0000] {processor.py:153} INFO - Started process (PID=717) to work on /home/airflow/.local/lib/python3.7/site-packages/airflow/example_dags/example_short_circuit_decorator.py
[2023-03-12T13:12:04.888+0000] {processor.py:743} INFO - Processing file /home/airflow/.local/lib/python3.7/site-packages/airflow/example_dags/example_short_circuit_decorator.py for tasks to queue
[2023-03-12T13:12:04.888+0000] {logging_mixin.py:137} INFO - [2023-03-12T13:12:04.888+0000] {dagbag.py:538} INFO - Filling up the DagBag from /home/airflow/.local/lib/python3.7/site-packages/airflow/example_dags/example_short_circuit_decorator.py
[2023-03-12T13:12:04.911+0000] {processor.py:753} INFO - DAG(s) dict_keys(['example_short_circuit_decorator']) retrieved from /home/airflow/.local/lib/python3.7/site-packages/airflow/example_dags/example_short_circuit_decorator.py
[2023-03-12T13:12:04.934+0000] {logging_mixin.py:137} INFO - [2023-03-12T13:12:04.934+0000] {dag.py:2690} INFO - Sync 1 DAGs
[2023-03-12T13:12:04.961+0000] {logging_mixin.py:137} INFO - [2023-03-12T13:12:04.961+0000] {dag.py:3441} INFO - Setting next_dagrun for example_short_circuit_decorator to 2023-03-11T13:12:04.961362+00:00, run_after=2023-03-12T13:12:04.961362+00:00
[2023-03-12T13:12:04.979+0000] {processor.py:175} INFO - Processing /home/airflow/.local/lib/python3.7/site-packages/airflow/example_dags/example_short_circuit_decorator.py took 0.095 seconds
[2023-03-12T13:12:35.957+0000] {processor.py:153} INFO - Started process (PID=816) to work on /home/airflow/.local/lib/python3.7/site-packages/airflow/example_dags/example_short_circuit_decorator.py
[2023-03-12T13:12:35.958+0000] {processor.py:743} INFO - Processing file /home/airflow/.local/lib/python3.7/site-packages/airflow/example_dags/example_short_circuit_decorator.py for tasks to queue
[2023-03-12T13:12:35.958+0000] {logging_mixin.py:137} INFO - [2023-03-12T13:12:35.958+0000] {dagbag.py:538} INFO - Filling up the DagBag from /home/airflow/.local/lib/python3.7/site-packages/airflow/example_dags/example_short_circuit_decorator.py
[2023-03-12T13:12:35.986+0000] {processor.py:753} INFO - DAG(s) dict_keys(['example_short_circuit_decorator']) retrieved from /home/airflow/.local/lib/python3.7/site-packages/airflow/example_dags/example_short_circuit_decorator.py
[2023-03-12T13:12:36.012+0000] {logging_mixin.py:137} INFO - [2023-03-12T13:12:36.011+0000] {dag.py:2690} INFO - Sync 1 DAGs
[2023-03-12T13:12:36.042+0000] {logging_mixin.py:137} INFO - [2023-03-12T13:12:36.042+0000] {dag.py:3441} INFO - Setting next_dagrun for example_short_circuit_decorator to 2023-03-11T13:12:36.041871+00:00, run_after=2023-03-12T13:12:36.041871+00:00
[2023-03-12T13:12:36.068+0000] {processor.py:175} INFO - Processing /home/airflow/.local/lib/python3.7/site-packages/airflow/example_dags/example_short_circuit_decorator.py took 0.115 seconds
[2023-03-12T13:13:06.216+0000] {processor.py:153} INFO - Started process (PID=925) to work on /home/airflow/.local/lib/python3.7/site-packages/airflow/example_dags/example_short_circuit_decorator.py
[2023-03-12T13:13:06.217+0000] {processor.py:743} INFO - Processing file /home/airflow/.local/lib/python3.7/site-packages/airflow/example_dags/example_short_circuit_decorator.py for tasks to queue
[2023-03-12T13:13:06.217+0000] {logging_mixin.py:137} INFO - [2023-03-12T13:13:06.217+0000] {dagbag.py:538} INFO - Filling up the DagBag from /home/airflow/.local/lib/python3.7/site-packages/airflow/example_dags/example_short_circuit_decorator.py
[2023-03-12T13:13:06.244+0000] {processor.py:753} INFO - DAG(s) dict_keys(['example_short_circuit_decorator']) retrieved from /home/airflow/.local/lib/python3.7/site-packages/airflow/example_dags/example_short_circuit_decorator.py
[2023-03-12T13:13:06.274+0000] {logging_mixin.py:137} INFO - [2023-03-12T13:13:06.273+0000] {dag.py:2690} INFO - Sync 1 DAGs
[2023-03-12T13:13:06.300+0000] {logging_mixin.py:137} INFO - [2023-03-12T13:13:06.300+0000] {dag.py:3441} INFO - Setting next_dagrun for example_short_circuit_decorator to 2023-03-11T13:13:06.300060+00:00, run_after=2023-03-12T13:13:06.300060+00:00
[2023-03-12T13:13:06.318+0000] {processor.py:175} INFO - Processing /home/airflow/.local/lib/python3.7/site-packages/airflow/example_dags/example_short_circuit_decorator.py took 0.105 seconds
[2023-03-12T13:13:36.389+0000] {processor.py:153} INFO - Started process (PID=1015) to work on /home/airflow/.local/lib/python3.7/site-packages/airflow/example_dags/example_short_circuit_decorator.py
[2023-03-12T13:13:36.389+0000] {processor.py:743} INFO - Processing file /home/airflow/.local/lib/python3.7/site-packages/airflow/example_dags/example_short_circuit_decorator.py for tasks to queue
[2023-03-12T13:13:36.390+0000] {logging_mixin.py:137} INFO - [2023-03-12T13:13:36.390+0000] {dagbag.py:538} INFO - Filling up the DagBag from /home/airflow/.local/lib/python3.7/site-packages/airflow/example_dags/example_short_circuit_decorator.py
[2023-03-12T13:13:36.416+0000] {processor.py:753} INFO - DAG(s) dict_keys(['example_short_circuit_decorator']) retrieved from /home/airflow/.local/lib/python3.7/site-packages/airflow/example_dags/example_short_circuit_decorator.py
[2023-03-12T13:13:36.445+0000] {logging_mixin.py:137} INFO - [2023-03-12T13:13:36.445+0000] {dag.py:2690} INFO - Sync 1 DAGs
[2023-03-12T13:13:36.474+0000] {logging_mixin.py:137} INFO - [2023-03-12T13:13:36.473+0000] {dag.py:3441} INFO - Setting next_dagrun for example_short_circuit_decorator to 2023-03-11T13:13:36.473633+00:00, run_after=2023-03-12T13:13:36.473633+00:00
[2023-03-12T13:13:36.494+0000] {processor.py:175} INFO - Processing /home/airflow/.local/lib/python3.7/site-packages/airflow/example_dags/example_short_circuit_decorator.py took 0.107 seconds
[2023-03-12T13:14:07.486+0000] {processor.py:153} INFO - Started process (PID=1133) to work on /home/airflow/.local/lib/python3.7/site-packages/airflow/example_dags/example_short_circuit_decorator.py
[2023-03-12T13:14:07.487+0000] {processor.py:743} INFO - Processing file /home/airflow/.local/lib/python3.7/site-packages/airflow/example_dags/example_short_circuit_decorator.py for tasks to queue
[2023-03-12T13:14:07.488+0000] {logging_mixin.py:137} INFO - [2023-03-12T13:14:07.488+0000] {dagbag.py:538} INFO - Filling up the DagBag from /home/airflow/.local/lib/python3.7/site-packages/airflow/example_dags/example_short_circuit_decorator.py
[2023-03-12T13:14:07.511+0000] {processor.py:753} INFO - DAG(s) dict_keys(['example_short_circuit_decorator']) retrieved from /home/airflow/.local/lib/python3.7/site-packages/airflow/example_dags/example_short_circuit_decorator.py
[2023-03-12T13:14:07.536+0000] {logging_mixin.py:137} INFO - [2023-03-12T13:14:07.535+0000] {dag.py:2690} INFO - Sync 1 DAGs
[2023-03-12T13:14:07.567+0000] {logging_mixin.py:137} INFO - [2023-03-12T13:14:07.567+0000] {dag.py:3441} INFO - Setting next_dagrun for example_short_circuit_decorator to 2023-03-11T13:14:07.567205+00:00, run_after=2023-03-12T13:14:07.567205+00:00
[2023-03-12T13:14:07.585+0000] {processor.py:175} INFO - Processing /home/airflow/.local/lib/python3.7/site-packages/airflow/example_dags/example_short_circuit_decorator.py took 0.101 seconds
[2023-03-12T13:14:37.766+0000] {processor.py:153} INFO - Started process (PID=1223) to work on /home/airflow/.local/lib/python3.7/site-packages/airflow/example_dags/example_short_circuit_decorator.py
[2023-03-12T13:14:37.767+0000] {processor.py:743} INFO - Processing file /home/airflow/.local/lib/python3.7/site-packages/airflow/example_dags/example_short_circuit_decorator.py for tasks to queue
[2023-03-12T13:14:37.767+0000] {logging_mixin.py:137} INFO - [2023-03-12T13:14:37.767+0000] {dagbag.py:538} INFO - Filling up the DagBag from /home/airflow/.local/lib/python3.7/site-packages/airflow/example_dags/example_short_circuit_decorator.py
[2023-03-12T13:14:37.790+0000] {processor.py:753} INFO - DAG(s) dict_keys(['example_short_circuit_decorator']) retrieved from /home/airflow/.local/lib/python3.7/site-packages/airflow/example_dags/example_short_circuit_decorator.py
[2023-03-12T13:14:37.815+0000] {logging_mixin.py:137} INFO - [2023-03-12T13:14:37.815+0000] {dag.py:2690} INFO - Sync 1 DAGs
[2023-03-12T13:14:37.842+0000] {logging_mixin.py:137} INFO - [2023-03-12T13:14:37.842+0000] {dag.py:3441} INFO - Setting next_dagrun for example_short_circuit_decorator to 2023-03-11T13:14:37.842521+00:00, run_after=2023-03-12T13:14:37.842521+00:00
[2023-03-12T13:14:37.864+0000] {processor.py:175} INFO - Processing /home/airflow/.local/lib/python3.7/site-packages/airflow/example_dags/example_short_circuit_decorator.py took 0.101 seconds
[2023-03-12T13:15:08.241+0000] {processor.py:153} INFO - Started process (PID=1341) to work on /home/airflow/.local/lib/python3.7/site-packages/airflow/example_dags/example_short_circuit_decorator.py
[2023-03-12T13:15:08.242+0000] {processor.py:743} INFO - Processing file /home/airflow/.local/lib/python3.7/site-packages/airflow/example_dags/example_short_circuit_decorator.py for tasks to queue
[2023-03-12T13:15:08.242+0000] {logging_mixin.py:137} INFO - [2023-03-12T13:15:08.242+0000] {dagbag.py:538} INFO - Filling up the DagBag from /home/airflow/.local/lib/python3.7/site-packages/airflow/example_dags/example_short_circuit_decorator.py
[2023-03-12T13:15:08.268+0000] {processor.py:753} INFO - DAG(s) dict_keys(['example_short_circuit_decorator']) retrieved from /home/airflow/.local/lib/python3.7/site-packages/airflow/example_dags/example_short_circuit_decorator.py
[2023-03-12T13:15:08.295+0000] {logging_mixin.py:137} INFO - [2023-03-12T13:15:08.294+0000] {dag.py:2690} INFO - Sync 1 DAGs
[2023-03-12T13:15:08.325+0000] {logging_mixin.py:137} INFO - [2023-03-12T13:15:08.325+0000] {dag.py:3441} INFO - Setting next_dagrun for example_short_circuit_decorator to 2023-03-11T13:15:08.325418+00:00, run_after=2023-03-12T13:15:08.325418+00:00
[2023-03-12T13:15:08.349+0000] {processor.py:175} INFO - Processing /home/airflow/.local/lib/python3.7/site-packages/airflow/example_dags/example_short_circuit_decorator.py took 0.111 seconds
[2023-03-12T13:15:38.412+0000] {processor.py:153} INFO - Started process (PID=1431) to work on /home/airflow/.local/lib/python3.7/site-packages/airflow/example_dags/example_short_circuit_decorator.py
[2023-03-12T13:15:38.413+0000] {processor.py:743} INFO - Processing file /home/airflow/.local/lib/python3.7/site-packages/airflow/example_dags/example_short_circuit_decorator.py for tasks to queue
[2023-03-12T13:15:38.413+0000] {logging_mixin.py:137} INFO - [2023-03-12T13:15:38.413+0000] {dagbag.py:538} INFO - Filling up the DagBag from /home/airflow/.local/lib/python3.7/site-packages/airflow/example_dags/example_short_circuit_decorator.py
[2023-03-12T13:15:38.438+0000] {processor.py:753} INFO - DAG(s) dict_keys(['example_short_circuit_decorator']) retrieved from /home/airflow/.local/lib/python3.7/site-packages/airflow/example_dags/example_short_circuit_decorator.py
[2023-03-12T13:15:38.467+0000] {logging_mixin.py:137} INFO - [2023-03-12T13:15:38.466+0000] {dag.py:2690} INFO - Sync 1 DAGs
[2023-03-12T13:15:38.493+0000] {logging_mixin.py:137} INFO - [2023-03-12T13:15:38.493+0000] {dag.py:3441} INFO - Setting next_dagrun for example_short_circuit_decorator to 2023-03-11T13:15:38.493518+00:00, run_after=2023-03-12T13:15:38.493518+00:00
[2023-03-12T13:15:38.511+0000] {processor.py:175} INFO - Processing /home/airflow/.local/lib/python3.7/site-packages/airflow/example_dags/example_short_circuit_decorator.py took 0.102 seconds
[2023-03-12T13:16:14.545+0000] {processor.py:153} INFO - Started process (PID=88) to work on /home/airflow/.local/lib/python3.7/site-packages/airflow/example_dags/example_short_circuit_decorator.py
[2023-03-12T13:16:14.545+0000] {processor.py:743} INFO - Processing file /home/airflow/.local/lib/python3.7/site-packages/airflow/example_dags/example_short_circuit_decorator.py for tasks to queue
[2023-03-12T13:16:14.546+0000] {logging_mixin.py:137} INFO - [2023-03-12T13:16:14.546+0000] {dagbag.py:538} INFO - Filling up the DagBag from /home/airflow/.local/lib/python3.7/site-packages/airflow/example_dags/example_short_circuit_decorator.py
[2023-03-12T13:16:14.579+0000] {processor.py:753} INFO - DAG(s) dict_keys(['example_short_circuit_decorator']) retrieved from /home/airflow/.local/lib/python3.7/site-packages/airflow/example_dags/example_short_circuit_decorator.py
[2023-03-12T13:16:14.591+0000] {logging_mixin.py:137} INFO - [2023-03-12T13:16:14.591+0000] {dag.py:2690} INFO - Sync 1 DAGs
[2023-03-12T13:16:14.618+0000] {logging_mixin.py:137} INFO - [2023-03-12T13:16:14.618+0000] {dag.py:3441} INFO - Setting next_dagrun for example_short_circuit_decorator to 2023-03-11T13:16:14.617874+00:00, run_after=2023-03-12T13:16:14.617874+00:00
[2023-03-12T13:16:14.637+0000] {processor.py:175} INFO - Processing /home/airflow/.local/lib/python3.7/site-packages/airflow/example_dags/example_short_circuit_decorator.py took 0.095 seconds
[2023-03-12T13:16:45.435+0000] {processor.py:153} INFO - Started process (PID=203) to work on /home/airflow/.local/lib/python3.7/site-packages/airflow/example_dags/example_short_circuit_decorator.py
[2023-03-12T13:16:45.436+0000] {processor.py:743} INFO - Processing file /home/airflow/.local/lib/python3.7/site-packages/airflow/example_dags/example_short_circuit_decorator.py for tasks to queue
[2023-03-12T13:16:45.436+0000] {logging_mixin.py:137} INFO - [2023-03-12T13:16:45.436+0000] {dagbag.py:538} INFO - Filling up the DagBag from /home/airflow/.local/lib/python3.7/site-packages/airflow/example_dags/example_short_circuit_decorator.py
[2023-03-12T13:16:45.462+0000] {processor.py:753} INFO - DAG(s) dict_keys(['example_short_circuit_decorator']) retrieved from /home/airflow/.local/lib/python3.7/site-packages/airflow/example_dags/example_short_circuit_decorator.py
[2023-03-12T13:16:45.485+0000] {logging_mixin.py:137} INFO - [2023-03-12T13:16:45.485+0000] {dag.py:2690} INFO - Sync 1 DAGs
[2023-03-12T13:16:45.510+0000] {logging_mixin.py:137} INFO - [2023-03-12T13:16:45.510+0000] {dag.py:3441} INFO - Setting next_dagrun for example_short_circuit_decorator to 2023-03-11T13:16:45.510445+00:00, run_after=2023-03-12T13:16:45.510445+00:00
[2023-03-12T13:16:45.528+0000] {processor.py:175} INFO - Processing /home/airflow/.local/lib/python3.7/site-packages/airflow/example_dags/example_short_circuit_decorator.py took 0.096 seconds
[2023-03-12T13:17:16.809+0000] {processor.py:153} INFO - Started process (PID=298) to work on /home/airflow/.local/lib/python3.7/site-packages/airflow/example_dags/example_short_circuit_decorator.py
[2023-03-12T13:17:16.810+0000] {processor.py:743} INFO - Processing file /home/airflow/.local/lib/python3.7/site-packages/airflow/example_dags/example_short_circuit_decorator.py for tasks to queue
[2023-03-12T13:17:16.811+0000] {logging_mixin.py:137} INFO - [2023-03-12T13:17:16.810+0000] {dagbag.py:538} INFO - Filling up the DagBag from /home/airflow/.local/lib/python3.7/site-packages/airflow/example_dags/example_short_circuit_decorator.py
[2023-03-12T13:17:16.834+0000] {processor.py:753} INFO - DAG(s) dict_keys(['example_short_circuit_decorator']) retrieved from /home/airflow/.local/lib/python3.7/site-packages/airflow/example_dags/example_short_circuit_decorator.py
[2023-03-12T13:17:16.863+0000] {logging_mixin.py:137} INFO - [2023-03-12T13:17:16.863+0000] {dag.py:2690} INFO - Sync 1 DAGs
[2023-03-12T13:17:16.890+0000] {logging_mixin.py:137} INFO - [2023-03-12T13:17:16.890+0000] {dag.py:3441} INFO - Setting next_dagrun for example_short_circuit_decorator to 2023-03-11T13:17:16.890329+00:00, run_after=2023-03-12T13:17:16.890329+00:00
[2023-03-12T13:17:16.910+0000] {processor.py:175} INFO - Processing /home/airflow/.local/lib/python3.7/site-packages/airflow/example_dags/example_short_circuit_decorator.py took 0.104 seconds
[2023-03-12T13:17:47.297+0000] {processor.py:153} INFO - Started process (PID=413) to work on /home/airflow/.local/lib/python3.7/site-packages/airflow/example_dags/example_short_circuit_decorator.py
[2023-03-12T13:17:47.298+0000] {processor.py:743} INFO - Processing file /home/airflow/.local/lib/python3.7/site-packages/airflow/example_dags/example_short_circuit_decorator.py for tasks to queue
[2023-03-12T13:17:47.298+0000] {logging_mixin.py:137} INFO - [2023-03-12T13:17:47.298+0000] {dagbag.py:538} INFO - Filling up the DagBag from /home/airflow/.local/lib/python3.7/site-packages/airflow/example_dags/example_short_circuit_decorator.py
[2023-03-12T13:17:47.322+0000] {processor.py:753} INFO - DAG(s) dict_keys(['example_short_circuit_decorator']) retrieved from /home/airflow/.local/lib/python3.7/site-packages/airflow/example_dags/example_short_circuit_decorator.py
[2023-03-12T13:17:47.348+0000] {logging_mixin.py:137} INFO - [2023-03-12T13:17:47.348+0000] {dag.py:2690} INFO - Sync 1 DAGs
[2023-03-12T13:17:47.376+0000] {logging_mixin.py:137} INFO - [2023-03-12T13:17:47.376+0000] {dag.py:3441} INFO - Setting next_dagrun for example_short_circuit_decorator to 2023-03-11T13:17:47.375918+00:00, run_after=2023-03-12T13:17:47.375918+00:00
[2023-03-12T13:17:47.395+0000] {processor.py:175} INFO - Processing /home/airflow/.local/lib/python3.7/site-packages/airflow/example_dags/example_short_circuit_decorator.py took 0.101 seconds
[2023-03-12T13:18:17.428+0000] {processor.py:153} INFO - Started process (PID=511) to work on /home/airflow/.local/lib/python3.7/site-packages/airflow/example_dags/example_short_circuit_decorator.py
[2023-03-12T13:18:17.429+0000] {processor.py:743} INFO - Processing file /home/airflow/.local/lib/python3.7/site-packages/airflow/example_dags/example_short_circuit_decorator.py for tasks to queue
[2023-03-12T13:18:17.429+0000] {logging_mixin.py:137} INFO - [2023-03-12T13:18:17.429+0000] {dagbag.py:538} INFO - Filling up the DagBag from /home/airflow/.local/lib/python3.7/site-packages/airflow/example_dags/example_short_circuit_decorator.py
[2023-03-12T13:18:17.453+0000] {processor.py:753} INFO - DAG(s) dict_keys(['example_short_circuit_decorator']) retrieved from /home/airflow/.local/lib/python3.7/site-packages/airflow/example_dags/example_short_circuit_decorator.py
[2023-03-12T13:18:17.479+0000] {logging_mixin.py:137} INFO - [2023-03-12T13:18:17.478+0000] {dag.py:2690} INFO - Sync 1 DAGs
[2023-03-12T13:18:17.505+0000] {logging_mixin.py:137} INFO - [2023-03-12T13:18:17.505+0000] {dag.py:3441} INFO - Setting next_dagrun for example_short_circuit_decorator to 2023-03-11T13:18:17.505498+00:00, run_after=2023-03-12T13:18:17.505498+00:00
[2023-03-12T13:18:17.524+0000] {processor.py:175} INFO - Processing /home/airflow/.local/lib/python3.7/site-packages/airflow/example_dags/example_short_circuit_decorator.py took 0.098 seconds
[2023-03-12T13:18:48.366+0000] {processor.py:153} INFO - Started process (PID=625) to work on /home/airflow/.local/lib/python3.7/site-packages/airflow/example_dags/example_short_circuit_decorator.py
[2023-03-12T13:18:48.366+0000] {processor.py:743} INFO - Processing file /home/airflow/.local/lib/python3.7/site-packages/airflow/example_dags/example_short_circuit_decorator.py for tasks to queue
[2023-03-12T13:18:48.367+0000] {logging_mixin.py:137} INFO - [2023-03-12T13:18:48.367+0000] {dagbag.py:538} INFO - Filling up the DagBag from /home/airflow/.local/lib/python3.7/site-packages/airflow/example_dags/example_short_circuit_decorator.py
[2023-03-12T13:18:48.390+0000] {processor.py:753} INFO - DAG(s) dict_keys(['example_short_circuit_decorator']) retrieved from /home/airflow/.local/lib/python3.7/site-packages/airflow/example_dags/example_short_circuit_decorator.py
[2023-03-12T13:18:48.413+0000] {logging_mixin.py:137} INFO - [2023-03-12T13:18:48.413+0000] {dag.py:2690} INFO - Sync 1 DAGs
[2023-03-12T13:18:48.438+0000] {logging_mixin.py:137} INFO - [2023-03-12T13:18:48.437+0000] {dag.py:3441} INFO - Setting next_dagrun for example_short_circuit_decorator to 2023-03-11T13:18:48.437730+00:00, run_after=2023-03-12T13:18:48.437730+00:00
[2023-03-12T13:18:48.459+0000] {processor.py:175} INFO - Processing /home/airflow/.local/lib/python3.7/site-packages/airflow/example_dags/example_short_circuit_decorator.py took 0.096 seconds
[2023-03-12T13:19:18.614+0000] {processor.py:153} INFO - Started process (PID=720) to work on /home/airflow/.local/lib/python3.7/site-packages/airflow/example_dags/example_short_circuit_decorator.py
[2023-03-12T13:19:18.615+0000] {processor.py:743} INFO - Processing file /home/airflow/.local/lib/python3.7/site-packages/airflow/example_dags/example_short_circuit_decorator.py for tasks to queue
[2023-03-12T13:19:18.616+0000] {logging_mixin.py:137} INFO - [2023-03-12T13:19:18.615+0000] {dagbag.py:538} INFO - Filling up the DagBag from /home/airflow/.local/lib/python3.7/site-packages/airflow/example_dags/example_short_circuit_decorator.py
[2023-03-12T13:19:18.638+0000] {processor.py:753} INFO - DAG(s) dict_keys(['example_short_circuit_decorator']) retrieved from /home/airflow/.local/lib/python3.7/site-packages/airflow/example_dags/example_short_circuit_decorator.py
[2023-03-12T13:19:18.663+0000] {logging_mixin.py:137} INFO - [2023-03-12T13:19:18.663+0000] {dag.py:2690} INFO - Sync 1 DAGs
[2023-03-12T13:19:18.688+0000] {logging_mixin.py:137} INFO - [2023-03-12T13:19:18.688+0000] {dag.py:3441} INFO - Setting next_dagrun for example_short_circuit_decorator to 2023-03-11T13:19:18.688060+00:00, run_after=2023-03-12T13:19:18.688060+00:00
[2023-03-12T13:19:18.706+0000] {processor.py:175} INFO - Processing /home/airflow/.local/lib/python3.7/site-packages/airflow/example_dags/example_short_circuit_decorator.py took 0.095 seconds
