[2023-03-12T12:43:39.213+0000] {processor.py:153} INFO - Started process (PID=115) to work on /home/airflow/.local/lib/python3.7/site-packages/airflow/example_dags/example_task_group_decorator.py
[2023-03-12T12:43:39.213+0000] {processor.py:743} INFO - Processing file /home/airflow/.local/lib/python3.7/site-packages/airflow/example_dags/example_task_group_decorator.py for tasks to queue
[2023-03-12T12:43:39.214+0000] {logging_mixin.py:137} INFO - [2023-03-12T12:43:39.214+0000] {dagbag.py:538} INFO - Filling up the DagBag from /home/airflow/.local/lib/python3.7/site-packages/airflow/example_dags/example_task_group_decorator.py
[2023-03-12T12:43:39.247+0000] {processor.py:753} INFO - DAG(s) dict_keys(['example_task_group_decorator']) retrieved from /home/airflow/.local/lib/python3.7/site-packages/airflow/example_dags/example_task_group_decorator.py
[2023-03-12T12:43:39.266+0000] {logging_mixin.py:137} INFO - [2023-03-12T12:43:39.265+0000] {dag.py:2690} INFO - Sync 1 DAGs
[2023-03-12T12:43:39.297+0000] {logging_mixin.py:137} INFO - [2023-03-12T12:43:39.296+0000] {dag.py:3441} INFO - Setting next_dagrun for example_task_group_decorator to 2023-03-11T12:43:39.296454+00:00, run_after=2023-03-12T12:43:39.296454+00:00
[2023-03-12T12:43:39.324+0000] {processor.py:175} INFO - Processing /home/airflow/.local/lib/python3.7/site-packages/airflow/example_dags/example_task_group_decorator.py took 0.114 seconds
[2023-03-12T12:44:10.071+0000] {processor.py:153} INFO - Started process (PID=203) to work on /home/airflow/.local/lib/python3.7/site-packages/airflow/example_dags/example_task_group_decorator.py
[2023-03-12T12:44:10.072+0000] {processor.py:743} INFO - Processing file /home/airflow/.local/lib/python3.7/site-packages/airflow/example_dags/example_task_group_decorator.py for tasks to queue
[2023-03-12T12:44:10.073+0000] {logging_mixin.py:137} INFO - [2023-03-12T12:44:10.073+0000] {dagbag.py:538} INFO - Filling up the DagBag from /home/airflow/.local/lib/python3.7/site-packages/airflow/example_dags/example_task_group_decorator.py
[2023-03-12T12:44:10.103+0000] {processor.py:753} INFO - DAG(s) dict_keys(['example_task_group_decorator']) retrieved from /home/airflow/.local/lib/python3.7/site-packages/airflow/example_dags/example_task_group_decorator.py
[2023-03-12T12:44:10.136+0000] {logging_mixin.py:137} INFO - [2023-03-12T12:44:10.136+0000] {dag.py:2690} INFO - Sync 1 DAGs
[2023-03-12T12:44:10.168+0000] {logging_mixin.py:137} INFO - [2023-03-12T12:44:10.167+0000] {dag.py:3441} INFO - Setting next_dagrun for example_task_group_decorator to 2023-03-11T12:44:10.167596+00:00, run_after=2023-03-12T12:44:10.167596+00:00
[2023-03-12T12:44:10.187+0000] {processor.py:175} INFO - Processing /home/airflow/.local/lib/python3.7/site-packages/airflow/example_dags/example_task_group_decorator.py took 0.118 seconds
[2023-03-12T12:44:40.913+0000] {processor.py:153} INFO - Started process (PID=300) to work on /home/airflow/.local/lib/python3.7/site-packages/airflow/example_dags/example_task_group_decorator.py
[2023-03-12T12:44:40.914+0000] {processor.py:743} INFO - Processing file /home/airflow/.local/lib/python3.7/site-packages/airflow/example_dags/example_task_group_decorator.py for tasks to queue
[2023-03-12T12:44:40.914+0000] {logging_mixin.py:137} INFO - [2023-03-12T12:44:40.914+0000] {dagbag.py:538} INFO - Filling up the DagBag from /home/airflow/.local/lib/python3.7/site-packages/airflow/example_dags/example_task_group_decorator.py
[2023-03-12T12:44:40.942+0000] {processor.py:753} INFO - DAG(s) dict_keys(['example_task_group_decorator']) retrieved from /home/airflow/.local/lib/python3.7/site-packages/airflow/example_dags/example_task_group_decorator.py
[2023-03-12T12:44:40.978+0000] {logging_mixin.py:137} INFO - [2023-03-12T12:44:40.978+0000] {dag.py:2690} INFO - Sync 1 DAGs
[2023-03-12T12:44:41.004+0000] {logging_mixin.py:137} INFO - [2023-03-12T12:44:41.004+0000] {dag.py:3441} INFO - Setting next_dagrun for example_task_group_decorator to 2023-03-11T12:44:41.004056+00:00, run_after=2023-03-12T12:44:41.004056+00:00
[2023-03-12T12:44:41.026+0000] {processor.py:175} INFO - Processing /home/airflow/.local/lib/python3.7/site-packages/airflow/example_dags/example_task_group_decorator.py took 0.116 seconds
[2023-03-12T12:45:11.702+0000] {processor.py:153} INFO - Started process (PID=403) to work on /home/airflow/.local/lib/python3.7/site-packages/airflow/example_dags/example_task_group_decorator.py
[2023-03-12T12:45:11.703+0000] {processor.py:743} INFO - Processing file /home/airflow/.local/lib/python3.7/site-packages/airflow/example_dags/example_task_group_decorator.py for tasks to queue
[2023-03-12T12:45:11.703+0000] {logging_mixin.py:137} INFO - [2023-03-12T12:45:11.703+0000] {dagbag.py:538} INFO - Filling up the DagBag from /home/airflow/.local/lib/python3.7/site-packages/airflow/example_dags/example_task_group_decorator.py
[2023-03-12T12:45:11.731+0000] {processor.py:753} INFO - DAG(s) dict_keys(['example_task_group_decorator']) retrieved from /home/airflow/.local/lib/python3.7/site-packages/airflow/example_dags/example_task_group_decorator.py
[2023-03-12T12:45:11.758+0000] {logging_mixin.py:137} INFO - [2023-03-12T12:45:11.758+0000] {dag.py:2690} INFO - Sync 1 DAGs
[2023-03-12T12:45:11.785+0000] {logging_mixin.py:137} INFO - [2023-03-12T12:45:11.785+0000] {dag.py:3441} INFO - Setting next_dagrun for example_task_group_decorator to 2023-03-11T12:45:11.785179+00:00, run_after=2023-03-12T12:45:11.785179+00:00
[2023-03-12T12:45:11.804+0000] {processor.py:175} INFO - Processing /home/airflow/.local/lib/python3.7/site-packages/airflow/example_dags/example_task_group_decorator.py took 0.106 seconds
[2023-03-12T12:45:42.568+0000] {processor.py:153} INFO - Started process (PID=491) to work on /home/airflow/.local/lib/python3.7/site-packages/airflow/example_dags/example_task_group_decorator.py
[2023-03-12T12:45:42.569+0000] {processor.py:743} INFO - Processing file /home/airflow/.local/lib/python3.7/site-packages/airflow/example_dags/example_task_group_decorator.py for tasks to queue
[2023-03-12T12:45:42.570+0000] {logging_mixin.py:137} INFO - [2023-03-12T12:45:42.569+0000] {dagbag.py:538} INFO - Filling up the DagBag from /home/airflow/.local/lib/python3.7/site-packages/airflow/example_dags/example_task_group_decorator.py
[2023-03-12T12:45:42.606+0000] {processor.py:753} INFO - DAG(s) dict_keys(['example_task_group_decorator']) retrieved from /home/airflow/.local/lib/python3.7/site-packages/airflow/example_dags/example_task_group_decorator.py
[2023-03-12T12:45:42.684+0000] {logging_mixin.py:137} INFO - [2023-03-12T12:45:42.684+0000] {dag.py:2690} INFO - Sync 1 DAGs
[2023-03-12T12:45:42.712+0000] {logging_mixin.py:137} INFO - [2023-03-12T12:45:42.712+0000] {dag.py:3441} INFO - Setting next_dagrun for example_task_group_decorator to 2023-03-11T12:45:42.712307+00:00, run_after=2023-03-12T12:45:42.712307+00:00
[2023-03-12T12:45:42.733+0000] {processor.py:175} INFO - Processing /home/airflow/.local/lib/python3.7/site-packages/airflow/example_dags/example_task_group_decorator.py took 0.169 seconds
[2023-03-12T12:46:13.415+0000] {processor.py:153} INFO - Started process (PID=603) to work on /home/airflow/.local/lib/python3.7/site-packages/airflow/example_dags/example_task_group_decorator.py
[2023-03-12T12:46:13.416+0000] {processor.py:743} INFO - Processing file /home/airflow/.local/lib/python3.7/site-packages/airflow/example_dags/example_task_group_decorator.py for tasks to queue
[2023-03-12T12:46:13.417+0000] {logging_mixin.py:137} INFO - [2023-03-12T12:46:13.417+0000] {dagbag.py:538} INFO - Filling up the DagBag from /home/airflow/.local/lib/python3.7/site-packages/airflow/example_dags/example_task_group_decorator.py
[2023-03-12T12:46:13.445+0000] {processor.py:753} INFO - DAG(s) dict_keys(['example_task_group_decorator']) retrieved from /home/airflow/.local/lib/python3.7/site-packages/airflow/example_dags/example_task_group_decorator.py
[2023-03-12T12:46:13.477+0000] {logging_mixin.py:137} INFO - [2023-03-12T12:46:13.477+0000] {dag.py:2690} INFO - Sync 1 DAGs
[2023-03-12T12:46:13.504+0000] {logging_mixin.py:137} INFO - [2023-03-12T12:46:13.504+0000] {dag.py:3441} INFO - Setting next_dagrun for example_task_group_decorator to 2023-03-11T12:46:13.504416+00:00, run_after=2023-03-12T12:46:13.504416+00:00
[2023-03-12T12:46:13.526+0000] {processor.py:175} INFO - Processing /home/airflow/.local/lib/python3.7/site-packages/airflow/example_dags/example_task_group_decorator.py took 0.113 seconds
[2023-03-12T12:54:41.925+0000] {processor.py:153} INFO - Started process (PID=117) to work on /home/airflow/.local/lib/python3.7/site-packages/airflow/example_dags/example_task_group_decorator.py
[2023-03-12T12:54:41.926+0000] {processor.py:743} INFO - Processing file /home/airflow/.local/lib/python3.7/site-packages/airflow/example_dags/example_task_group_decorator.py for tasks to queue
[2023-03-12T12:54:41.927+0000] {logging_mixin.py:137} INFO - [2023-03-12T12:54:41.926+0000] {dagbag.py:538} INFO - Filling up the DagBag from /home/airflow/.local/lib/python3.7/site-packages/airflow/example_dags/example_task_group_decorator.py
[2023-03-12T12:54:41.958+0000] {processor.py:753} INFO - DAG(s) dict_keys(['example_task_group_decorator']) retrieved from /home/airflow/.local/lib/python3.7/site-packages/airflow/example_dags/example_task_group_decorator.py
[2023-03-12T12:54:41.970+0000] {logging_mixin.py:137} INFO - [2023-03-12T12:54:41.970+0000] {dag.py:2690} INFO - Sync 1 DAGs
[2023-03-12T12:54:41.995+0000] {logging_mixin.py:137} INFO - [2023-03-12T12:54:41.995+0000] {dag.py:3441} INFO - Setting next_dagrun for example_task_group_decorator to 2023-03-11T12:54:41.995419+00:00, run_after=2023-03-12T12:54:41.995419+00:00
[2023-03-12T12:54:42.017+0000] {processor.py:175} INFO - Processing /home/airflow/.local/lib/python3.7/site-packages/airflow/example_dags/example_task_group_decorator.py took 0.095 seconds
[2023-03-12T12:55:12.696+0000] {processor.py:153} INFO - Started process (PID=207) to work on /home/airflow/.local/lib/python3.7/site-packages/airflow/example_dags/example_task_group_decorator.py
[2023-03-12T12:55:12.697+0000] {processor.py:743} INFO - Processing file /home/airflow/.local/lib/python3.7/site-packages/airflow/example_dags/example_task_group_decorator.py for tasks to queue
[2023-03-12T12:55:12.697+0000] {logging_mixin.py:137} INFO - [2023-03-12T12:55:12.697+0000] {dagbag.py:538} INFO - Filling up the DagBag from /home/airflow/.local/lib/python3.7/site-packages/airflow/example_dags/example_task_group_decorator.py
[2023-03-12T12:55:12.727+0000] {processor.py:753} INFO - DAG(s) dict_keys(['example_task_group_decorator']) retrieved from /home/airflow/.local/lib/python3.7/site-packages/airflow/example_dags/example_task_group_decorator.py
[2023-03-12T12:55:12.759+0000] {logging_mixin.py:137} INFO - [2023-03-12T12:55:12.759+0000] {dag.py:2690} INFO - Sync 1 DAGs
[2023-03-12T12:55:12.789+0000] {logging_mixin.py:137} INFO - [2023-03-12T12:55:12.789+0000] {dag.py:3441} INFO - Setting next_dagrun for example_task_group_decorator to 2023-03-11T12:55:12.789355+00:00, run_after=2023-03-12T12:55:12.789355+00:00
[2023-03-12T12:55:12.810+0000] {processor.py:175} INFO - Processing /home/airflow/.local/lib/python3.7/site-packages/airflow/example_dags/example_task_group_decorator.py took 0.117 seconds
[2023-03-12T12:55:43.420+0000] {processor.py:153} INFO - Started process (PID=306) to work on /home/airflow/.local/lib/python3.7/site-packages/airflow/example_dags/example_task_group_decorator.py
[2023-03-12T12:55:43.422+0000] {processor.py:743} INFO - Processing file /home/airflow/.local/lib/python3.7/site-packages/airflow/example_dags/example_task_group_decorator.py for tasks to queue
[2023-03-12T12:55:43.423+0000] {logging_mixin.py:137} INFO - [2023-03-12T12:55:43.423+0000] {dagbag.py:538} INFO - Filling up the DagBag from /home/airflow/.local/lib/python3.7/site-packages/airflow/example_dags/example_task_group_decorator.py
[2023-03-12T12:55:43.574+0000] {processor.py:753} INFO - DAG(s) dict_keys(['example_task_group_decorator']) retrieved from /home/airflow/.local/lib/python3.7/site-packages/airflow/example_dags/example_task_group_decorator.py
[2023-03-12T12:55:43.609+0000] {logging_mixin.py:137} INFO - [2023-03-12T12:55:43.609+0000] {dag.py:2690} INFO - Sync 1 DAGs
[2023-03-12T12:55:43.635+0000] {logging_mixin.py:137} INFO - [2023-03-12T12:55:43.635+0000] {dag.py:3441} INFO - Setting next_dagrun for example_task_group_decorator to 2023-03-11T12:55:43.635052+00:00, run_after=2023-03-12T12:55:43.635052+00:00
[2023-03-12T12:55:43.657+0000] {processor.py:175} INFO - Processing /home/airflow/.local/lib/python3.7/site-packages/airflow/example_dags/example_task_group_decorator.py took 0.240 seconds
[2023-03-12T12:56:13.831+0000] {processor.py:153} INFO - Started process (PID=411) to work on /home/airflow/.local/lib/python3.7/site-packages/airflow/example_dags/example_task_group_decorator.py
[2023-03-12T12:56:13.832+0000] {processor.py:743} INFO - Processing file /home/airflow/.local/lib/python3.7/site-packages/airflow/example_dags/example_task_group_decorator.py for tasks to queue
[2023-03-12T12:56:13.832+0000] {logging_mixin.py:137} INFO - [2023-03-12T12:56:13.832+0000] {dagbag.py:538} INFO - Filling up the DagBag from /home/airflow/.local/lib/python3.7/site-packages/airflow/example_dags/example_task_group_decorator.py
[2023-03-12T12:56:13.861+0000] {processor.py:753} INFO - DAG(s) dict_keys(['example_task_group_decorator']) retrieved from /home/airflow/.local/lib/python3.7/site-packages/airflow/example_dags/example_task_group_decorator.py
[2023-03-12T12:56:13.891+0000] {logging_mixin.py:137} INFO - [2023-03-12T12:56:13.890+0000] {dag.py:2690} INFO - Sync 1 DAGs
[2023-03-12T12:56:13.915+0000] {logging_mixin.py:137} INFO - [2023-03-12T12:56:13.915+0000] {dag.py:3441} INFO - Setting next_dagrun for example_task_group_decorator to 2023-03-11T12:56:13.915479+00:00, run_after=2023-03-12T12:56:13.915479+00:00
[2023-03-12T12:56:13.934+0000] {processor.py:175} INFO - Processing /home/airflow/.local/lib/python3.7/site-packages/airflow/example_dags/example_task_group_decorator.py took 0.106 seconds
[2023-03-12T12:56:44.694+0000] {processor.py:153} INFO - Started process (PID=501) to work on /home/airflow/.local/lib/python3.7/site-packages/airflow/example_dags/example_task_group_decorator.py
[2023-03-12T12:56:44.695+0000] {processor.py:743} INFO - Processing file /home/airflow/.local/lib/python3.7/site-packages/airflow/example_dags/example_task_group_decorator.py for tasks to queue
[2023-03-12T12:56:44.695+0000] {logging_mixin.py:137} INFO - [2023-03-12T12:56:44.695+0000] {dagbag.py:538} INFO - Filling up the DagBag from /home/airflow/.local/lib/python3.7/site-packages/airflow/example_dags/example_task_group_decorator.py
[2023-03-12T12:56:44.724+0000] {processor.py:753} INFO - DAG(s) dict_keys(['example_task_group_decorator']) retrieved from /home/airflow/.local/lib/python3.7/site-packages/airflow/example_dags/example_task_group_decorator.py
[2023-03-12T12:56:44.761+0000] {logging_mixin.py:137} INFO - [2023-03-12T12:56:44.761+0000] {dag.py:2690} INFO - Sync 1 DAGs
[2023-03-12T12:56:44.795+0000] {logging_mixin.py:137} INFO - [2023-03-12T12:56:44.794+0000] {dag.py:3441} INFO - Setting next_dagrun for example_task_group_decorator to 2023-03-11T12:56:44.794657+00:00, run_after=2023-03-12T12:56:44.794657+00:00
[2023-03-12T12:56:44.858+0000] {processor.py:175} INFO - Processing /home/airflow/.local/lib/python3.7/site-packages/airflow/example_dags/example_task_group_decorator.py took 0.167 seconds
[2023-03-12T12:57:15.557+0000] {processor.py:153} INFO - Started process (PID=615) to work on /home/airflow/.local/lib/python3.7/site-packages/airflow/example_dags/example_task_group_decorator.py
[2023-03-12T12:57:15.558+0000] {processor.py:743} INFO - Processing file /home/airflow/.local/lib/python3.7/site-packages/airflow/example_dags/example_task_group_decorator.py for tasks to queue
[2023-03-12T12:57:15.558+0000] {logging_mixin.py:137} INFO - [2023-03-12T12:57:15.558+0000] {dagbag.py:538} INFO - Filling up the DagBag from /home/airflow/.local/lib/python3.7/site-packages/airflow/example_dags/example_task_group_decorator.py
[2023-03-12T12:57:15.587+0000] {processor.py:753} INFO - DAG(s) dict_keys(['example_task_group_decorator']) retrieved from /home/airflow/.local/lib/python3.7/site-packages/airflow/example_dags/example_task_group_decorator.py
[2023-03-12T12:57:15.615+0000] {logging_mixin.py:137} INFO - [2023-03-12T12:57:15.615+0000] {dag.py:2690} INFO - Sync 1 DAGs
[2023-03-12T12:57:15.642+0000] {logging_mixin.py:137} INFO - [2023-03-12T12:57:15.641+0000] {dag.py:3441} INFO - Setting next_dagrun for example_task_group_decorator to 2023-03-11T12:57:15.641751+00:00, run_after=2023-03-12T12:57:15.641751+00:00
[2023-03-12T12:57:15.663+0000] {processor.py:175} INFO - Processing /home/airflow/.local/lib/python3.7/site-packages/airflow/example_dags/example_task_group_decorator.py took 0.109 seconds
[2023-03-12T12:57:46.353+0000] {processor.py:153} INFO - Started process (PID=705) to work on /home/airflow/.local/lib/python3.7/site-packages/airflow/example_dags/example_task_group_decorator.py
[2023-03-12T12:57:46.354+0000] {processor.py:743} INFO - Processing file /home/airflow/.local/lib/python3.7/site-packages/airflow/example_dags/example_task_group_decorator.py for tasks to queue
[2023-03-12T12:57:46.355+0000] {logging_mixin.py:137} INFO - [2023-03-12T12:57:46.355+0000] {dagbag.py:538} INFO - Filling up the DagBag from /home/airflow/.local/lib/python3.7/site-packages/airflow/example_dags/example_task_group_decorator.py
[2023-03-12T12:57:46.392+0000] {processor.py:753} INFO - DAG(s) dict_keys(['example_task_group_decorator']) retrieved from /home/airflow/.local/lib/python3.7/site-packages/airflow/example_dags/example_task_group_decorator.py
[2023-03-12T12:57:46.423+0000] {logging_mixin.py:137} INFO - [2023-03-12T12:57:46.423+0000] {dag.py:2690} INFO - Sync 1 DAGs
[2023-03-12T12:57:46.448+0000] {logging_mixin.py:137} INFO - [2023-03-12T12:57:46.448+0000] {dag.py:3441} INFO - Setting next_dagrun for example_task_group_decorator to 2023-03-11T12:57:46.448270+00:00, run_after=2023-03-12T12:57:46.448270+00:00
[2023-03-12T12:57:46.470+0000] {processor.py:175} INFO - Processing /home/airflow/.local/lib/python3.7/site-packages/airflow/example_dags/example_task_group_decorator.py took 0.122 seconds
[2023-03-12T12:58:17.902+0000] {processor.py:153} INFO - Started process (PID=819) to work on /home/airflow/.local/lib/python3.7/site-packages/airflow/example_dags/example_task_group_decorator.py
[2023-03-12T12:58:17.903+0000] {processor.py:743} INFO - Processing file /home/airflow/.local/lib/python3.7/site-packages/airflow/example_dags/example_task_group_decorator.py for tasks to queue
[2023-03-12T12:58:17.904+0000] {logging_mixin.py:137} INFO - [2023-03-12T12:58:17.904+0000] {dagbag.py:538} INFO - Filling up the DagBag from /home/airflow/.local/lib/python3.7/site-packages/airflow/example_dags/example_task_group_decorator.py
[2023-03-12T12:58:17.935+0000] {processor.py:753} INFO - DAG(s) dict_keys(['example_task_group_decorator']) retrieved from /home/airflow/.local/lib/python3.7/site-packages/airflow/example_dags/example_task_group_decorator.py
[2023-03-12T12:58:17.965+0000] {logging_mixin.py:137} INFO - [2023-03-12T12:58:17.965+0000] {dag.py:2690} INFO - Sync 1 DAGs
[2023-03-12T12:58:17.997+0000] {logging_mixin.py:137} INFO - [2023-03-12T12:58:17.997+0000] {dag.py:3441} INFO - Setting next_dagrun for example_task_group_decorator to 2023-03-11T12:58:17.997099+00:00, run_after=2023-03-12T12:58:17.997099+00:00
[2023-03-12T12:58:18.017+0000] {processor.py:175} INFO - Processing /home/airflow/.local/lib/python3.7/site-packages/airflow/example_dags/example_task_group_decorator.py took 0.118 seconds
[2023-03-12T13:00:37.934+0000] {processor.py:153} INFO - Started process (PID=117) to work on /home/airflow/.local/lib/python3.7/site-packages/airflow/example_dags/example_task_group_decorator.py
[2023-03-12T13:00:37.935+0000] {processor.py:743} INFO - Processing file /home/airflow/.local/lib/python3.7/site-packages/airflow/example_dags/example_task_group_decorator.py for tasks to queue
[2023-03-12T13:00:37.936+0000] {logging_mixin.py:137} INFO - [2023-03-12T13:00:37.935+0000] {dagbag.py:538} INFO - Filling up the DagBag from /home/airflow/.local/lib/python3.7/site-packages/airflow/example_dags/example_task_group_decorator.py
[2023-03-12T13:00:37.977+0000] {processor.py:753} INFO - DAG(s) dict_keys(['example_task_group_decorator']) retrieved from /home/airflow/.local/lib/python3.7/site-packages/airflow/example_dags/example_task_group_decorator.py
[2023-03-12T13:00:37.990+0000] {logging_mixin.py:137} INFO - [2023-03-12T13:00:37.990+0000] {dag.py:2690} INFO - Sync 1 DAGs
[2023-03-12T13:00:38.021+0000] {logging_mixin.py:137} INFO - [2023-03-12T13:00:38.021+0000] {dag.py:3441} INFO - Setting next_dagrun for example_task_group_decorator to 2023-03-11T13:00:38.020747+00:00, run_after=2023-03-12T13:00:38.020747+00:00
[2023-03-12T13:00:38.043+0000] {processor.py:175} INFO - Processing /home/airflow/.local/lib/python3.7/site-packages/airflow/example_dags/example_task_group_decorator.py took 0.112 seconds
[2023-03-12T13:01:08.693+0000] {processor.py:153} INFO - Started process (PID=207) to work on /home/airflow/.local/lib/python3.7/site-packages/airflow/example_dags/example_task_group_decorator.py
[2023-03-12T13:01:08.694+0000] {processor.py:743} INFO - Processing file /home/airflow/.local/lib/python3.7/site-packages/airflow/example_dags/example_task_group_decorator.py for tasks to queue
[2023-03-12T13:01:08.695+0000] {logging_mixin.py:137} INFO - [2023-03-12T13:01:08.695+0000] {dagbag.py:538} INFO - Filling up the DagBag from /home/airflow/.local/lib/python3.7/site-packages/airflow/example_dags/example_task_group_decorator.py
[2023-03-12T13:01:08.726+0000] {processor.py:753} INFO - DAG(s) dict_keys(['example_task_group_decorator']) retrieved from /home/airflow/.local/lib/python3.7/site-packages/airflow/example_dags/example_task_group_decorator.py
[2023-03-12T13:01:08.759+0000] {logging_mixin.py:137} INFO - [2023-03-12T13:01:08.759+0000] {dag.py:2690} INFO - Sync 1 DAGs
[2023-03-12T13:01:08.788+0000] {logging_mixin.py:137} INFO - [2023-03-12T13:01:08.788+0000] {dag.py:3441} INFO - Setting next_dagrun for example_task_group_decorator to 2023-03-11T13:01:08.788204+00:00, run_after=2023-03-12T13:01:08.788204+00:00
[2023-03-12T13:01:08.808+0000] {processor.py:175} INFO - Processing /home/airflow/.local/lib/python3.7/site-packages/airflow/example_dags/example_task_group_decorator.py took 0.118 seconds
[2023-03-12T13:01:40.087+0000] {processor.py:153} INFO - Started process (PID=306) to work on /home/airflow/.local/lib/python3.7/site-packages/airflow/example_dags/example_task_group_decorator.py
[2023-03-12T13:01:40.088+0000] {processor.py:743} INFO - Processing file /home/airflow/.local/lib/python3.7/site-packages/airflow/example_dags/example_task_group_decorator.py for tasks to queue
[2023-03-12T13:01:40.089+0000] {logging_mixin.py:137} INFO - [2023-03-12T13:01:40.089+0000] {dagbag.py:538} INFO - Filling up the DagBag from /home/airflow/.local/lib/python3.7/site-packages/airflow/example_dags/example_task_group_decorator.py
[2023-03-12T13:01:40.125+0000] {processor.py:753} INFO - DAG(s) dict_keys(['example_task_group_decorator']) retrieved from /home/airflow/.local/lib/python3.7/site-packages/airflow/example_dags/example_task_group_decorator.py
[2023-03-12T13:01:40.159+0000] {logging_mixin.py:137} INFO - [2023-03-12T13:01:40.159+0000] {dag.py:2690} INFO - Sync 1 DAGs
[2023-03-12T13:01:40.187+0000] {logging_mixin.py:137} INFO - [2023-03-12T13:01:40.186+0000] {dag.py:3441} INFO - Setting next_dagrun for example_task_group_decorator to 2023-03-11T13:01:40.186657+00:00, run_after=2023-03-12T13:01:40.186657+00:00
[2023-03-12T13:01:40.207+0000] {processor.py:175} INFO - Processing /home/airflow/.local/lib/python3.7/site-packages/airflow/example_dags/example_task_group_decorator.py took 0.123 seconds
[2023-03-12T13:02:10.943+0000] {processor.py:153} INFO - Started process (PID=411) to work on /home/airflow/.local/lib/python3.7/site-packages/airflow/example_dags/example_task_group_decorator.py
[2023-03-12T13:02:10.944+0000] {processor.py:743} INFO - Processing file /home/airflow/.local/lib/python3.7/site-packages/airflow/example_dags/example_task_group_decorator.py for tasks to queue
[2023-03-12T13:02:10.945+0000] {logging_mixin.py:137} INFO - [2023-03-12T13:02:10.945+0000] {dagbag.py:538} INFO - Filling up the DagBag from /home/airflow/.local/lib/python3.7/site-packages/airflow/example_dags/example_task_group_decorator.py
[2023-03-12T13:02:10.987+0000] {processor.py:753} INFO - DAG(s) dict_keys(['example_task_group_decorator']) retrieved from /home/airflow/.local/lib/python3.7/site-packages/airflow/example_dags/example_task_group_decorator.py
[2023-03-12T13:02:11.022+0000] {logging_mixin.py:137} INFO - [2023-03-12T13:02:11.022+0000] {dag.py:2690} INFO - Sync 1 DAGs
[2023-03-12T13:02:11.060+0000] {logging_mixin.py:137} INFO - [2023-03-12T13:02:11.059+0000] {dag.py:3441} INFO - Setting next_dagrun for example_task_group_decorator to 2023-03-11T13:02:11.059515+00:00, run_after=2023-03-12T13:02:11.059515+00:00
[2023-03-12T13:02:11.085+0000] {processor.py:175} INFO - Processing /home/airflow/.local/lib/python3.7/site-packages/airflow/example_dags/example_task_group_decorator.py took 0.145 seconds
[2023-03-12T13:02:41.907+0000] {processor.py:153} INFO - Started process (PID=501) to work on /home/airflow/.local/lib/python3.7/site-packages/airflow/example_dags/example_task_group_decorator.py
[2023-03-12T13:02:41.908+0000] {processor.py:743} INFO - Processing file /home/airflow/.local/lib/python3.7/site-packages/airflow/example_dags/example_task_group_decorator.py for tasks to queue
[2023-03-12T13:02:41.908+0000] {logging_mixin.py:137} INFO - [2023-03-12T13:02:41.908+0000] {dagbag.py:538} INFO - Filling up the DagBag from /home/airflow/.local/lib/python3.7/site-packages/airflow/example_dags/example_task_group_decorator.py
[2023-03-12T13:02:41.937+0000] {processor.py:753} INFO - DAG(s) dict_keys(['example_task_group_decorator']) retrieved from /home/airflow/.local/lib/python3.7/site-packages/airflow/example_dags/example_task_group_decorator.py
[2023-03-12T13:02:41.964+0000] {logging_mixin.py:137} INFO - [2023-03-12T13:02:41.964+0000] {dag.py:2690} INFO - Sync 1 DAGs
[2023-03-12T13:02:41.991+0000] {logging_mixin.py:137} INFO - [2023-03-12T13:02:41.991+0000] {dag.py:3441} INFO - Setting next_dagrun for example_task_group_decorator to 2023-03-11T13:02:41.991201+00:00, run_after=2023-03-12T13:02:41.991201+00:00
[2023-03-12T13:02:42.011+0000] {processor.py:175} INFO - Processing /home/airflow/.local/lib/python3.7/site-packages/airflow/example_dags/example_task_group_decorator.py took 0.106 seconds
[2023-03-12T13:03:12.723+0000] {processor.py:153} INFO - Started process (PID=615) to work on /home/airflow/.local/lib/python3.7/site-packages/airflow/example_dags/example_task_group_decorator.py
[2023-03-12T13:03:12.724+0000] {processor.py:743} INFO - Processing file /home/airflow/.local/lib/python3.7/site-packages/airflow/example_dags/example_task_group_decorator.py for tasks to queue
[2023-03-12T13:03:12.725+0000] {logging_mixin.py:137} INFO - [2023-03-12T13:03:12.725+0000] {dagbag.py:538} INFO - Filling up the DagBag from /home/airflow/.local/lib/python3.7/site-packages/airflow/example_dags/example_task_group_decorator.py
[2023-03-12T13:03:12.753+0000] {processor.py:753} INFO - DAG(s) dict_keys(['example_task_group_decorator']) retrieved from /home/airflow/.local/lib/python3.7/site-packages/airflow/example_dags/example_task_group_decorator.py
[2023-03-12T13:03:12.779+0000] {logging_mixin.py:137} INFO - [2023-03-12T13:03:12.779+0000] {dag.py:2690} INFO - Sync 1 DAGs
[2023-03-12T13:03:12.804+0000] {logging_mixin.py:137} INFO - [2023-03-12T13:03:12.804+0000] {dag.py:3441} INFO - Setting next_dagrun for example_task_group_decorator to 2023-03-11T13:03:12.804190+00:00, run_after=2023-03-12T13:03:12.804190+00:00
[2023-03-12T13:03:12.822+0000] {processor.py:175} INFO - Processing /home/airflow/.local/lib/python3.7/site-packages/airflow/example_dags/example_task_group_decorator.py took 0.101 seconds
[2023-03-12T13:03:43.520+0000] {processor.py:153} INFO - Started process (PID=705) to work on /home/airflow/.local/lib/python3.7/site-packages/airflow/example_dags/example_task_group_decorator.py
[2023-03-12T13:03:43.521+0000] {processor.py:743} INFO - Processing file /home/airflow/.local/lib/python3.7/site-packages/airflow/example_dags/example_task_group_decorator.py for tasks to queue
[2023-03-12T13:03:43.522+0000] {logging_mixin.py:137} INFO - [2023-03-12T13:03:43.522+0000] {dagbag.py:538} INFO - Filling up the DagBag from /home/airflow/.local/lib/python3.7/site-packages/airflow/example_dags/example_task_group_decorator.py
[2023-03-12T13:03:43.556+0000] {processor.py:753} INFO - DAG(s) dict_keys(['example_task_group_decorator']) retrieved from /home/airflow/.local/lib/python3.7/site-packages/airflow/example_dags/example_task_group_decorator.py
[2023-03-12T13:03:43.590+0000] {logging_mixin.py:137} INFO - [2023-03-12T13:03:43.589+0000] {dag.py:2690} INFO - Sync 1 DAGs
[2023-03-12T13:03:43.620+0000] {logging_mixin.py:137} INFO - [2023-03-12T13:03:43.620+0000] {dag.py:3441} INFO - Setting next_dagrun for example_task_group_decorator to 2023-03-11T13:03:43.619929+00:00, run_after=2023-03-12T13:03:43.619929+00:00
[2023-03-12T13:03:43.639+0000] {processor.py:175} INFO - Processing /home/airflow/.local/lib/python3.7/site-packages/airflow/example_dags/example_task_group_decorator.py took 0.122 seconds
[2023-03-12T13:04:14.333+0000] {processor.py:153} INFO - Started process (PID=819) to work on /home/airflow/.local/lib/python3.7/site-packages/airflow/example_dags/example_task_group_decorator.py
[2023-03-12T13:04:14.333+0000] {processor.py:743} INFO - Processing file /home/airflow/.local/lib/python3.7/site-packages/airflow/example_dags/example_task_group_decorator.py for tasks to queue
[2023-03-12T13:04:14.334+0000] {logging_mixin.py:137} INFO - [2023-03-12T13:04:14.334+0000] {dagbag.py:538} INFO - Filling up the DagBag from /home/airflow/.local/lib/python3.7/site-packages/airflow/example_dags/example_task_group_decorator.py
[2023-03-12T13:04:14.363+0000] {processor.py:753} INFO - DAG(s) dict_keys(['example_task_group_decorator']) retrieved from /home/airflow/.local/lib/python3.7/site-packages/airflow/example_dags/example_task_group_decorator.py
[2023-03-12T13:04:14.390+0000] {logging_mixin.py:137} INFO - [2023-03-12T13:04:14.389+0000] {dag.py:2690} INFO - Sync 1 DAGs
[2023-03-12T13:04:14.419+0000] {logging_mixin.py:137} INFO - [2023-03-12T13:04:14.419+0000] {dag.py:3441} INFO - Setting next_dagrun for example_task_group_decorator to 2023-03-11T13:04:14.419222+00:00, run_after=2023-03-12T13:04:14.419222+00:00
[2023-03-12T13:04:14.439+0000] {processor.py:175} INFO - Processing /home/airflow/.local/lib/python3.7/site-packages/airflow/example_dags/example_task_group_decorator.py took 0.109 seconds
[2023-03-12T13:04:45.135+0000] {processor.py:153} INFO - Started process (PID=909) to work on /home/airflow/.local/lib/python3.7/site-packages/airflow/example_dags/example_task_group_decorator.py
[2023-03-12T13:04:45.136+0000] {processor.py:743} INFO - Processing file /home/airflow/.local/lib/python3.7/site-packages/airflow/example_dags/example_task_group_decorator.py for tasks to queue
[2023-03-12T13:04:45.137+0000] {logging_mixin.py:137} INFO - [2023-03-12T13:04:45.137+0000] {dagbag.py:538} INFO - Filling up the DagBag from /home/airflow/.local/lib/python3.7/site-packages/airflow/example_dags/example_task_group_decorator.py
[2023-03-12T13:04:45.171+0000] {processor.py:753} INFO - DAG(s) dict_keys(['example_task_group_decorator']) retrieved from /home/airflow/.local/lib/python3.7/site-packages/airflow/example_dags/example_task_group_decorator.py
[2023-03-12T13:04:45.199+0000] {logging_mixin.py:137} INFO - [2023-03-12T13:04:45.199+0000] {dag.py:2690} INFO - Sync 1 DAGs
[2023-03-12T13:04:45.227+0000] {logging_mixin.py:137} INFO - [2023-03-12T13:04:45.227+0000] {dag.py:3441} INFO - Setting next_dagrun for example_task_group_decorator to 2023-03-11T13:04:45.226938+00:00, run_after=2023-03-12T13:04:45.226938+00:00
[2023-03-12T13:04:45.246+0000] {processor.py:175} INFO - Processing /home/airflow/.local/lib/python3.7/site-packages/airflow/example_dags/example_task_group_decorator.py took 0.115 seconds
[2023-03-12T13:05:16.301+0000] {processor.py:153} INFO - Started process (PID=1009) to work on /home/airflow/.local/lib/python3.7/site-packages/airflow/example_dags/example_task_group_decorator.py
[2023-03-12T13:05:16.303+0000] {processor.py:743} INFO - Processing file /home/airflow/.local/lib/python3.7/site-packages/airflow/example_dags/example_task_group_decorator.py for tasks to queue
[2023-03-12T13:05:16.304+0000] {logging_mixin.py:137} INFO - [2023-03-12T13:05:16.304+0000] {dagbag.py:538} INFO - Filling up the DagBag from /home/airflow/.local/lib/python3.7/site-packages/airflow/example_dags/example_task_group_decorator.py
[2023-03-12T13:05:16.376+0000] {processor.py:753} INFO - DAG(s) dict_keys(['example_task_group_decorator']) retrieved from /home/airflow/.local/lib/python3.7/site-packages/airflow/example_dags/example_task_group_decorator.py
[2023-03-12T13:05:16.441+0000] {logging_mixin.py:137} INFO - [2023-03-12T13:05:16.441+0000] {dag.py:2690} INFO - Sync 1 DAGs
[2023-03-12T13:05:16.507+0000] {logging_mixin.py:137} INFO - [2023-03-12T13:05:16.507+0000] {dag.py:3441} INFO - Setting next_dagrun for example_task_group_decorator to 2023-03-11T13:05:16.506450+00:00, run_after=2023-03-12T13:05:16.506450+00:00
[2023-03-12T13:05:16.548+0000] {processor.py:175} INFO - Processing /home/airflow/.local/lib/python3.7/site-packages/airflow/example_dags/example_task_group_decorator.py took 0.257 seconds
[2023-03-12T13:05:46.636+0000] {processor.py:153} INFO - Started process (PID=1114) to work on /home/airflow/.local/lib/python3.7/site-packages/airflow/example_dags/example_task_group_decorator.py
[2023-03-12T13:05:46.636+0000] {processor.py:743} INFO - Processing file /home/airflow/.local/lib/python3.7/site-packages/airflow/example_dags/example_task_group_decorator.py for tasks to queue
[2023-03-12T13:05:46.637+0000] {logging_mixin.py:137} INFO - [2023-03-12T13:05:46.637+0000] {dagbag.py:538} INFO - Filling up the DagBag from /home/airflow/.local/lib/python3.7/site-packages/airflow/example_dags/example_task_group_decorator.py
[2023-03-12T13:05:46.668+0000] {processor.py:753} INFO - DAG(s) dict_keys(['example_task_group_decorator']) retrieved from /home/airflow/.local/lib/python3.7/site-packages/airflow/example_dags/example_task_group_decorator.py
[2023-03-12T13:05:46.704+0000] {logging_mixin.py:137} INFO - [2023-03-12T13:05:46.704+0000] {dag.py:2690} INFO - Sync 1 DAGs
[2023-03-12T13:05:46.733+0000] {logging_mixin.py:137} INFO - [2023-03-12T13:05:46.733+0000] {dag.py:3441} INFO - Setting next_dagrun for example_task_group_decorator to 2023-03-11T13:05:46.733178+00:00, run_after=2023-03-12T13:05:46.733178+00:00
[2023-03-12T13:05:46.759+0000] {processor.py:175} INFO - Processing /home/airflow/.local/lib/python3.7/site-packages/airflow/example_dags/example_task_group_decorator.py took 0.126 seconds
[2023-03-12T13:06:16.875+0000] {processor.py:153} INFO - Started process (PID=1204) to work on /home/airflow/.local/lib/python3.7/site-packages/airflow/example_dags/example_task_group_decorator.py
[2023-03-12T13:06:16.876+0000] {processor.py:743} INFO - Processing file /home/airflow/.local/lib/python3.7/site-packages/airflow/example_dags/example_task_group_decorator.py for tasks to queue
[2023-03-12T13:06:16.876+0000] {logging_mixin.py:137} INFO - [2023-03-12T13:06:16.876+0000] {dagbag.py:538} INFO - Filling up the DagBag from /home/airflow/.local/lib/python3.7/site-packages/airflow/example_dags/example_task_group_decorator.py
[2023-03-12T13:06:16.906+0000] {processor.py:753} INFO - DAG(s) dict_keys(['example_task_group_decorator']) retrieved from /home/airflow/.local/lib/python3.7/site-packages/airflow/example_dags/example_task_group_decorator.py
[2023-03-12T13:06:16.938+0000] {logging_mixin.py:137} INFO - [2023-03-12T13:06:16.937+0000] {dag.py:2690} INFO - Sync 1 DAGs
[2023-03-12T13:06:16.975+0000] {logging_mixin.py:137} INFO - [2023-03-12T13:06:16.975+0000] {dag.py:3441} INFO - Setting next_dagrun for example_task_group_decorator to 2023-03-11T13:06:16.975088+00:00, run_after=2023-03-12T13:06:16.975088+00:00
[2023-03-12T13:06:17.005+0000] {processor.py:175} INFO - Processing /home/airflow/.local/lib/python3.7/site-packages/airflow/example_dags/example_task_group_decorator.py took 0.133 seconds
[2023-03-12T13:06:47.573+0000] {processor.py:153} INFO - Started process (PID=1328) to work on /home/airflow/.local/lib/python3.7/site-packages/airflow/example_dags/example_task_group_decorator.py
[2023-03-12T13:06:47.574+0000] {processor.py:743} INFO - Processing file /home/airflow/.local/lib/python3.7/site-packages/airflow/example_dags/example_task_group_decorator.py for tasks to queue
[2023-03-12T13:06:47.575+0000] {logging_mixin.py:137} INFO - [2023-03-12T13:06:47.575+0000] {dagbag.py:538} INFO - Filling up the DagBag from /home/airflow/.local/lib/python3.7/site-packages/airflow/example_dags/example_task_group_decorator.py
[2023-03-12T13:06:47.608+0000] {processor.py:753} INFO - DAG(s) dict_keys(['example_task_group_decorator']) retrieved from /home/airflow/.local/lib/python3.7/site-packages/airflow/example_dags/example_task_group_decorator.py
[2023-03-12T13:06:47.704+0000] {logging_mixin.py:137} INFO - [2023-03-12T13:06:47.704+0000] {dag.py:2690} INFO - Sync 1 DAGs
[2023-03-12T13:06:47.730+0000] {logging_mixin.py:137} INFO - [2023-03-12T13:06:47.730+0000] {dag.py:3441} INFO - Setting next_dagrun for example_task_group_decorator to 2023-03-11T13:06:47.729960+00:00, run_after=2023-03-12T13:06:47.729960+00:00
[2023-03-12T13:06:47.755+0000] {processor.py:175} INFO - Processing /home/airflow/.local/lib/python3.7/site-packages/airflow/example_dags/example_task_group_decorator.py took 0.186 seconds
[2023-03-12T13:07:06.773+0000] {processor.py:153} INFO - Started process (PID=102) to work on /home/airflow/.local/lib/python3.7/site-packages/airflow/example_dags/example_task_group_decorator.py
[2023-03-12T13:07:06.774+0000] {processor.py:743} INFO - Processing file /home/airflow/.local/lib/python3.7/site-packages/airflow/example_dags/example_task_group_decorator.py for tasks to queue
[2023-03-12T13:07:06.775+0000] {logging_mixin.py:137} INFO - [2023-03-12T13:07:06.774+0000] {dagbag.py:538} INFO - Filling up the DagBag from /home/airflow/.local/lib/python3.7/site-packages/airflow/example_dags/example_task_group_decorator.py
[2023-03-12T13:07:06.867+0000] {processor.py:753} INFO - DAG(s) dict_keys(['example_task_group_decorator']) retrieved from /home/airflow/.local/lib/python3.7/site-packages/airflow/example_dags/example_task_group_decorator.py
[2023-03-12T13:07:06.882+0000] {logging_mixin.py:137} INFO - [2023-03-12T13:07:06.882+0000] {dag.py:2690} INFO - Sync 1 DAGs
[2023-03-12T13:07:06.976+0000] {logging_mixin.py:137} INFO - [2023-03-12T13:07:06.975+0000] {dag.py:3441} INFO - Setting next_dagrun for example_task_group_decorator to 2023-03-11T13:07:06.975619+00:00, run_after=2023-03-12T13:07:06.975619+00:00
[2023-03-12T13:07:07.067+0000] {processor.py:175} INFO - Processing /home/airflow/.local/lib/python3.7/site-packages/airflow/example_dags/example_task_group_decorator.py took 0.297 seconds
[2023-03-12T13:07:37.194+0000] {processor.py:153} INFO - Started process (PID=206) to work on /home/airflow/.local/lib/python3.7/site-packages/airflow/example_dags/example_task_group_decorator.py
[2023-03-12T13:07:37.195+0000] {processor.py:743} INFO - Processing file /home/airflow/.local/lib/python3.7/site-packages/airflow/example_dags/example_task_group_decorator.py for tasks to queue
[2023-03-12T13:07:37.196+0000] {logging_mixin.py:137} INFO - [2023-03-12T13:07:37.196+0000] {dagbag.py:538} INFO - Filling up the DagBag from /home/airflow/.local/lib/python3.7/site-packages/airflow/example_dags/example_task_group_decorator.py
[2023-03-12T13:07:37.229+0000] {processor.py:753} INFO - DAG(s) dict_keys(['example_task_group_decorator']) retrieved from /home/airflow/.local/lib/python3.7/site-packages/airflow/example_dags/example_task_group_decorator.py
[2023-03-12T13:07:37.266+0000] {logging_mixin.py:137} INFO - [2023-03-12T13:07:37.266+0000] {dag.py:2690} INFO - Sync 1 DAGs
[2023-03-12T13:07:37.294+0000] {logging_mixin.py:137} INFO - [2023-03-12T13:07:37.294+0000] {dag.py:3441} INFO - Setting next_dagrun for example_task_group_decorator to 2023-03-11T13:07:37.294333+00:00, run_after=2023-03-12T13:07:37.294333+00:00
[2023-03-12T13:07:37.315+0000] {processor.py:175} INFO - Processing /home/airflow/.local/lib/python3.7/site-packages/airflow/example_dags/example_task_group_decorator.py took 0.124 seconds
[2023-03-12T13:08:08.053+0000] {processor.py:153} INFO - Started process (PID=296) to work on /home/airflow/.local/lib/python3.7/site-packages/airflow/example_dags/example_task_group_decorator.py
[2023-03-12T13:08:08.054+0000] {processor.py:743} INFO - Processing file /home/airflow/.local/lib/python3.7/site-packages/airflow/example_dags/example_task_group_decorator.py for tasks to queue
[2023-03-12T13:08:08.055+0000] {logging_mixin.py:137} INFO - [2023-03-12T13:08:08.054+0000] {dagbag.py:538} INFO - Filling up the DagBag from /home/airflow/.local/lib/python3.7/site-packages/airflow/example_dags/example_task_group_decorator.py
[2023-03-12T13:08:08.083+0000] {processor.py:753} INFO - DAG(s) dict_keys(['example_task_group_decorator']) retrieved from /home/airflow/.local/lib/python3.7/site-packages/airflow/example_dags/example_task_group_decorator.py
[2023-03-12T13:08:08.109+0000] {logging_mixin.py:137} INFO - [2023-03-12T13:08:08.109+0000] {dag.py:2690} INFO - Sync 1 DAGs
[2023-03-12T13:08:08.136+0000] {logging_mixin.py:137} INFO - [2023-03-12T13:08:08.136+0000] {dag.py:3441} INFO - Setting next_dagrun for example_task_group_decorator to 2023-03-11T13:08:08.135995+00:00, run_after=2023-03-12T13:08:08.135995+00:00
[2023-03-12T13:08:08.160+0000] {processor.py:175} INFO - Processing /home/airflow/.local/lib/python3.7/site-packages/airflow/example_dags/example_task_group_decorator.py took 0.110 seconds
[2023-03-12T13:08:38.951+0000] {processor.py:153} INFO - Started process (PID=396) to work on /home/airflow/.local/lib/python3.7/site-packages/airflow/example_dags/example_task_group_decorator.py
[2023-03-12T13:08:38.952+0000] {processor.py:743} INFO - Processing file /home/airflow/.local/lib/python3.7/site-packages/airflow/example_dags/example_task_group_decorator.py for tasks to queue
[2023-03-12T13:08:38.953+0000] {logging_mixin.py:137} INFO - [2023-03-12T13:08:38.952+0000] {dagbag.py:538} INFO - Filling up the DagBag from /home/airflow/.local/lib/python3.7/site-packages/airflow/example_dags/example_task_group_decorator.py
[2023-03-12T13:08:38.984+0000] {processor.py:753} INFO - DAG(s) dict_keys(['example_task_group_decorator']) retrieved from /home/airflow/.local/lib/python3.7/site-packages/airflow/example_dags/example_task_group_decorator.py
[2023-03-12T13:08:39.016+0000] {logging_mixin.py:137} INFO - [2023-03-12T13:08:39.016+0000] {dag.py:2690} INFO - Sync 1 DAGs
[2023-03-12T13:08:39.052+0000] {logging_mixin.py:137} INFO - [2023-03-12T13:08:39.052+0000] {dag.py:3441} INFO - Setting next_dagrun for example_task_group_decorator to 2023-03-11T13:08:39.052398+00:00, run_after=2023-03-12T13:08:39.052398+00:00
[2023-03-12T13:08:39.073+0000] {processor.py:175} INFO - Processing /home/airflow/.local/lib/python3.7/site-packages/airflow/example_dags/example_task_group_decorator.py took 0.125 seconds
[2023-03-12T13:08:58.910+0000] {processor.py:153} INFO - Started process (PID=93) to work on /home/airflow/.local/lib/python3.7/site-packages/airflow/example_dags/example_task_group_decorator.py
[2023-03-12T13:08:58.911+0000] {processor.py:743} INFO - Processing file /home/airflow/.local/lib/python3.7/site-packages/airflow/example_dags/example_task_group_decorator.py for tasks to queue
[2023-03-12T13:08:58.911+0000] {logging_mixin.py:137} INFO - [2023-03-12T13:08:58.911+0000] {dagbag.py:538} INFO - Filling up the DagBag from /home/airflow/.local/lib/python3.7/site-packages/airflow/example_dags/example_task_group_decorator.py
[2023-03-12T13:08:58.940+0000] {processor.py:753} INFO - DAG(s) dict_keys(['example_task_group_decorator']) retrieved from /home/airflow/.local/lib/python3.7/site-packages/airflow/example_dags/example_task_group_decorator.py
[2023-03-12T13:08:58.961+0000] {logging_mixin.py:137} INFO - [2023-03-12T13:08:58.961+0000] {dag.py:2690} INFO - Sync 1 DAGs
[2023-03-12T13:08:58.989+0000] {logging_mixin.py:137} INFO - [2023-03-12T13:08:58.989+0000] {dag.py:3441} INFO - Setting next_dagrun for example_task_group_decorator to 2023-03-11T13:08:58.989260+00:00, run_after=2023-03-12T13:08:58.989260+00:00
[2023-03-12T13:08:59.007+0000] {processor.py:175} INFO - Processing /home/airflow/.local/lib/python3.7/site-packages/airflow/example_dags/example_task_group_decorator.py took 0.099 seconds
[2023-03-12T13:09:29.826+0000] {processor.py:153} INFO - Started process (PID=207) to work on /home/airflow/.local/lib/python3.7/site-packages/airflow/example_dags/example_task_group_decorator.py
[2023-03-12T13:09:29.827+0000] {processor.py:743} INFO - Processing file /home/airflow/.local/lib/python3.7/site-packages/airflow/example_dags/example_task_group_decorator.py for tasks to queue
[2023-03-12T13:09:29.828+0000] {logging_mixin.py:137} INFO - [2023-03-12T13:09:29.827+0000] {dagbag.py:538} INFO - Filling up the DagBag from /home/airflow/.local/lib/python3.7/site-packages/airflow/example_dags/example_task_group_decorator.py
[2023-03-12T13:09:29.858+0000] {processor.py:753} INFO - DAG(s) dict_keys(['example_task_group_decorator']) retrieved from /home/airflow/.local/lib/python3.7/site-packages/airflow/example_dags/example_task_group_decorator.py
[2023-03-12T13:09:29.895+0000] {logging_mixin.py:137} INFO - [2023-03-12T13:09:29.895+0000] {dag.py:2690} INFO - Sync 1 DAGs
[2023-03-12T13:09:29.923+0000] {logging_mixin.py:137} INFO - [2023-03-12T13:09:29.923+0000] {dag.py:3441} INFO - Setting next_dagrun for example_task_group_decorator to 2023-03-11T13:09:29.922986+00:00, run_after=2023-03-12T13:09:29.922986+00:00
[2023-03-12T13:09:29.941+0000] {processor.py:175} INFO - Processing /home/airflow/.local/lib/python3.7/site-packages/airflow/example_dags/example_task_group_decorator.py took 0.117 seconds
[2023-03-12T13:10:00.658+0000] {processor.py:153} INFO - Started process (PID=297) to work on /home/airflow/.local/lib/python3.7/site-packages/airflow/example_dags/example_task_group_decorator.py
[2023-03-12T13:10:00.659+0000] {processor.py:743} INFO - Processing file /home/airflow/.local/lib/python3.7/site-packages/airflow/example_dags/example_task_group_decorator.py for tasks to queue
[2023-03-12T13:10:00.660+0000] {logging_mixin.py:137} INFO - [2023-03-12T13:10:00.659+0000] {dagbag.py:538} INFO - Filling up the DagBag from /home/airflow/.local/lib/python3.7/site-packages/airflow/example_dags/example_task_group_decorator.py
[2023-03-12T13:10:00.687+0000] {processor.py:753} INFO - DAG(s) dict_keys(['example_task_group_decorator']) retrieved from /home/airflow/.local/lib/python3.7/site-packages/airflow/example_dags/example_task_group_decorator.py
[2023-03-12T13:10:00.713+0000] {logging_mixin.py:137} INFO - [2023-03-12T13:10:00.713+0000] {dag.py:2690} INFO - Sync 1 DAGs
[2023-03-12T13:10:00.738+0000] {logging_mixin.py:137} INFO - [2023-03-12T13:10:00.738+0000] {dag.py:3441} INFO - Setting next_dagrun for example_task_group_decorator to 2023-03-11T13:10:00.737826+00:00, run_after=2023-03-12T13:10:00.737826+00:00
[2023-03-12T13:10:00.759+0000] {processor.py:175} INFO - Processing /home/airflow/.local/lib/python3.7/site-packages/airflow/example_dags/example_task_group_decorator.py took 0.108 seconds
[2023-03-12T13:10:31.911+0000] {processor.py:153} INFO - Started process (PID=421) to work on /home/airflow/.local/lib/python3.7/site-packages/airflow/example_dags/example_task_group_decorator.py
[2023-03-12T13:10:31.912+0000] {processor.py:743} INFO - Processing file /home/airflow/.local/lib/python3.7/site-packages/airflow/example_dags/example_task_group_decorator.py for tasks to queue
[2023-03-12T13:10:31.912+0000] {logging_mixin.py:137} INFO - [2023-03-12T13:10:31.912+0000] {dagbag.py:538} INFO - Filling up the DagBag from /home/airflow/.local/lib/python3.7/site-packages/airflow/example_dags/example_task_group_decorator.py
[2023-03-12T13:10:31.940+0000] {processor.py:753} INFO - DAG(s) dict_keys(['example_task_group_decorator']) retrieved from /home/airflow/.local/lib/python3.7/site-packages/airflow/example_dags/example_task_group_decorator.py
[2023-03-12T13:10:31.974+0000] {logging_mixin.py:137} INFO - [2023-03-12T13:10:31.974+0000] {dag.py:2690} INFO - Sync 1 DAGs
[2023-03-12T13:10:32.012+0000] {logging_mixin.py:137} INFO - [2023-03-12T13:10:32.012+0000] {dag.py:3441} INFO - Setting next_dagrun for example_task_group_decorator to 2023-03-11T13:10:32.011758+00:00, run_after=2023-03-12T13:10:32.011758+00:00
[2023-03-12T13:10:32.032+0000] {processor.py:175} INFO - Processing /home/airflow/.local/lib/python3.7/site-packages/airflow/example_dags/example_task_group_decorator.py took 0.123 seconds
[2023-03-12T13:11:03.096+0000] {processor.py:153} INFO - Started process (PID=515) to work on /home/airflow/.local/lib/python3.7/site-packages/airflow/example_dags/example_task_group_decorator.py
[2023-03-12T13:11:03.097+0000] {processor.py:743} INFO - Processing file /home/airflow/.local/lib/python3.7/site-packages/airflow/example_dags/example_task_group_decorator.py for tasks to queue
[2023-03-12T13:11:03.097+0000] {logging_mixin.py:137} INFO - [2023-03-12T13:11:03.097+0000] {dagbag.py:538} INFO - Filling up the DagBag from /home/airflow/.local/lib/python3.7/site-packages/airflow/example_dags/example_task_group_decorator.py
[2023-03-12T13:11:03.126+0000] {processor.py:753} INFO - DAG(s) dict_keys(['example_task_group_decorator']) retrieved from /home/airflow/.local/lib/python3.7/site-packages/airflow/example_dags/example_task_group_decorator.py
[2023-03-12T13:11:03.157+0000] {logging_mixin.py:137} INFO - [2023-03-12T13:11:03.157+0000] {dag.py:2690} INFO - Sync 1 DAGs
[2023-03-12T13:11:03.182+0000] {logging_mixin.py:137} INFO - [2023-03-12T13:11:03.182+0000] {dag.py:3441} INFO - Setting next_dagrun for example_task_group_decorator to 2023-03-11T13:11:03.182489+00:00, run_after=2023-03-12T13:11:03.182489+00:00
[2023-03-12T13:11:03.201+0000] {processor.py:175} INFO - Processing /home/airflow/.local/lib/python3.7/site-packages/airflow/example_dags/example_task_group_decorator.py took 0.108 seconds
[2023-03-12T13:11:34.324+0000] {processor.py:153} INFO - Started process (PID=629) to work on /home/airflow/.local/lib/python3.7/site-packages/airflow/example_dags/example_task_group_decorator.py
[2023-03-12T13:11:34.325+0000] {processor.py:743} INFO - Processing file /home/airflow/.local/lib/python3.7/site-packages/airflow/example_dags/example_task_group_decorator.py for tasks to queue
[2023-03-12T13:11:34.326+0000] {logging_mixin.py:137} INFO - [2023-03-12T13:11:34.326+0000] {dagbag.py:538} INFO - Filling up the DagBag from /home/airflow/.local/lib/python3.7/site-packages/airflow/example_dags/example_task_group_decorator.py
[2023-03-12T13:11:34.371+0000] {processor.py:753} INFO - DAG(s) dict_keys(['example_task_group_decorator']) retrieved from /home/airflow/.local/lib/python3.7/site-packages/airflow/example_dags/example_task_group_decorator.py
[2023-03-12T13:11:34.402+0000] {logging_mixin.py:137} INFO - [2023-03-12T13:11:34.402+0000] {dag.py:2690} INFO - Sync 1 DAGs
[2023-03-12T13:11:34.430+0000] {logging_mixin.py:137} INFO - [2023-03-12T13:11:34.430+0000] {dag.py:3441} INFO - Setting next_dagrun for example_task_group_decorator to 2023-03-11T13:11:34.430261+00:00, run_after=2023-03-12T13:11:34.430261+00:00
[2023-03-12T13:11:34.453+0000] {processor.py:175} INFO - Processing /home/airflow/.local/lib/python3.7/site-packages/airflow/example_dags/example_task_group_decorator.py took 0.131 seconds
[2023-03-12T13:12:05.344+0000] {processor.py:153} INFO - Started process (PID=723) to work on /home/airflow/.local/lib/python3.7/site-packages/airflow/example_dags/example_task_group_decorator.py
[2023-03-12T13:12:05.345+0000] {processor.py:743} INFO - Processing file /home/airflow/.local/lib/python3.7/site-packages/airflow/example_dags/example_task_group_decorator.py for tasks to queue
[2023-03-12T13:12:05.345+0000] {logging_mixin.py:137} INFO - [2023-03-12T13:12:05.345+0000] {dagbag.py:538} INFO - Filling up the DagBag from /home/airflow/.local/lib/python3.7/site-packages/airflow/example_dags/example_task_group_decorator.py
[2023-03-12T13:12:05.375+0000] {processor.py:753} INFO - DAG(s) dict_keys(['example_task_group_decorator']) retrieved from /home/airflow/.local/lib/python3.7/site-packages/airflow/example_dags/example_task_group_decorator.py
[2023-03-12T13:12:05.402+0000] {logging_mixin.py:137} INFO - [2023-03-12T13:12:05.402+0000] {dag.py:2690} INFO - Sync 1 DAGs
[2023-03-12T13:12:05.428+0000] {logging_mixin.py:137} INFO - [2023-03-12T13:12:05.428+0000] {dag.py:3441} INFO - Setting next_dagrun for example_task_group_decorator to 2023-03-11T13:12:05.427921+00:00, run_after=2023-03-12T13:12:05.427921+00:00
[2023-03-12T13:12:05.447+0000] {processor.py:175} INFO - Processing /home/airflow/.local/lib/python3.7/site-packages/airflow/example_dags/example_task_group_decorator.py took 0.106 seconds
[2023-03-12T13:12:36.565+0000] {processor.py:153} INFO - Started process (PID=837) to work on /home/airflow/.local/lib/python3.7/site-packages/airflow/example_dags/example_task_group_decorator.py
[2023-03-12T13:12:36.566+0000] {processor.py:743} INFO - Processing file /home/airflow/.local/lib/python3.7/site-packages/airflow/example_dags/example_task_group_decorator.py for tasks to queue
[2023-03-12T13:12:36.567+0000] {logging_mixin.py:137} INFO - [2023-03-12T13:12:36.567+0000] {dagbag.py:538} INFO - Filling up the DagBag from /home/airflow/.local/lib/python3.7/site-packages/airflow/example_dags/example_task_group_decorator.py
[2023-03-12T13:12:36.600+0000] {processor.py:753} INFO - DAG(s) dict_keys(['example_task_group_decorator']) retrieved from /home/airflow/.local/lib/python3.7/site-packages/airflow/example_dags/example_task_group_decorator.py
[2023-03-12T13:12:36.628+0000] {logging_mixin.py:137} INFO - [2023-03-12T13:12:36.628+0000] {dag.py:2690} INFO - Sync 1 DAGs
[2023-03-12T13:12:36.660+0000] {logging_mixin.py:137} INFO - [2023-03-12T13:12:36.659+0000] {dag.py:3441} INFO - Setting next_dagrun for example_task_group_decorator to 2023-03-11T13:12:36.659613+00:00, run_after=2023-03-12T13:12:36.659613+00:00
[2023-03-12T13:12:36.681+0000] {processor.py:175} INFO - Processing /home/airflow/.local/lib/python3.7/site-packages/airflow/example_dags/example_task_group_decorator.py took 0.119 seconds
[2023-03-12T13:13:06.745+0000] {processor.py:153} INFO - Started process (PID=931) to work on /home/airflow/.local/lib/python3.7/site-packages/airflow/example_dags/example_task_group_decorator.py
[2023-03-12T13:13:06.746+0000] {processor.py:743} INFO - Processing file /home/airflow/.local/lib/python3.7/site-packages/airflow/example_dags/example_task_group_decorator.py for tasks to queue
[2023-03-12T13:13:06.747+0000] {logging_mixin.py:137} INFO - [2023-03-12T13:13:06.747+0000] {dagbag.py:538} INFO - Filling up the DagBag from /home/airflow/.local/lib/python3.7/site-packages/airflow/example_dags/example_task_group_decorator.py
[2023-03-12T13:13:06.781+0000] {processor.py:753} INFO - DAG(s) dict_keys(['example_task_group_decorator']) retrieved from /home/airflow/.local/lib/python3.7/site-packages/airflow/example_dags/example_task_group_decorator.py
[2023-03-12T13:13:06.808+0000] {logging_mixin.py:137} INFO - [2023-03-12T13:13:06.808+0000] {dag.py:2690} INFO - Sync 1 DAGs
[2023-03-12T13:13:06.833+0000] {logging_mixin.py:137} INFO - [2023-03-12T13:13:06.833+0000] {dag.py:3441} INFO - Setting next_dagrun for example_task_group_decorator to 2023-03-11T13:13:06.832968+00:00, run_after=2023-03-12T13:13:06.832968+00:00
[2023-03-12T13:13:06.856+0000] {processor.py:175} INFO - Processing /home/airflow/.local/lib/python3.7/site-packages/airflow/example_dags/example_task_group_decorator.py took 0.114 seconds
[2023-03-12T13:13:37.796+0000] {processor.py:153} INFO - Started process (PID=1021) to work on /home/airflow/.local/lib/python3.7/site-packages/airflow/example_dags/example_task_group_decorator.py
[2023-03-12T13:13:37.797+0000] {processor.py:743} INFO - Processing file /home/airflow/.local/lib/python3.7/site-packages/airflow/example_dags/example_task_group_decorator.py for tasks to queue
[2023-03-12T13:13:37.797+0000] {logging_mixin.py:137} INFO - [2023-03-12T13:13:37.797+0000] {dagbag.py:538} INFO - Filling up the DagBag from /home/airflow/.local/lib/python3.7/site-packages/airflow/example_dags/example_task_group_decorator.py
[2023-03-12T13:13:37.825+0000] {processor.py:753} INFO - DAG(s) dict_keys(['example_task_group_decorator']) retrieved from /home/airflow/.local/lib/python3.7/site-packages/airflow/example_dags/example_task_group_decorator.py
[2023-03-12T13:13:37.852+0000] {logging_mixin.py:137} INFO - [2023-03-12T13:13:37.852+0000] {dag.py:2690} INFO - Sync 1 DAGs
[2023-03-12T13:13:37.878+0000] {logging_mixin.py:137} INFO - [2023-03-12T13:13:37.878+0000] {dag.py:3441} INFO - Setting next_dagrun for example_task_group_decorator to 2023-03-11T13:13:37.878455+00:00, run_after=2023-03-12T13:13:37.878455+00:00
[2023-03-12T13:13:37.898+0000] {processor.py:175} INFO - Processing /home/airflow/.local/lib/python3.7/site-packages/airflow/example_dags/example_task_group_decorator.py took 0.105 seconds
[2023-03-12T13:14:08.011+0000] {processor.py:153} INFO - Started process (PID=1139) to work on /home/airflow/.local/lib/python3.7/site-packages/airflow/example_dags/example_task_group_decorator.py
[2023-03-12T13:14:08.012+0000] {processor.py:743} INFO - Processing file /home/airflow/.local/lib/python3.7/site-packages/airflow/example_dags/example_task_group_decorator.py for tasks to queue
[2023-03-12T13:14:08.013+0000] {logging_mixin.py:137} INFO - [2023-03-12T13:14:08.013+0000] {dagbag.py:538} INFO - Filling up the DagBag from /home/airflow/.local/lib/python3.7/site-packages/airflow/example_dags/example_task_group_decorator.py
[2023-03-12T13:14:08.041+0000] {processor.py:753} INFO - DAG(s) dict_keys(['example_task_group_decorator']) retrieved from /home/airflow/.local/lib/python3.7/site-packages/airflow/example_dags/example_task_group_decorator.py
[2023-03-12T13:14:08.071+0000] {logging_mixin.py:137} INFO - [2023-03-12T13:14:08.071+0000] {dag.py:2690} INFO - Sync 1 DAGs
[2023-03-12T13:14:08.099+0000] {logging_mixin.py:137} INFO - [2023-03-12T13:14:08.099+0000] {dag.py:3441} INFO - Setting next_dagrun for example_task_group_decorator to 2023-03-11T13:14:08.099246+00:00, run_after=2023-03-12T13:14:08.099246+00:00
[2023-03-12T13:14:08.118+0000] {processor.py:175} INFO - Processing /home/airflow/.local/lib/python3.7/site-packages/airflow/example_dags/example_task_group_decorator.py took 0.109 seconds
[2023-03-12T13:14:38.242+0000] {processor.py:153} INFO - Started process (PID=1229) to work on /home/airflow/.local/lib/python3.7/site-packages/airflow/example_dags/example_task_group_decorator.py
[2023-03-12T13:14:38.243+0000] {processor.py:743} INFO - Processing file /home/airflow/.local/lib/python3.7/site-packages/airflow/example_dags/example_task_group_decorator.py for tasks to queue
[2023-03-12T13:14:38.244+0000] {logging_mixin.py:137} INFO - [2023-03-12T13:14:38.244+0000] {dagbag.py:538} INFO - Filling up the DagBag from /home/airflow/.local/lib/python3.7/site-packages/airflow/example_dags/example_task_group_decorator.py
[2023-03-12T13:14:38.274+0000] {processor.py:753} INFO - DAG(s) dict_keys(['example_task_group_decorator']) retrieved from /home/airflow/.local/lib/python3.7/site-packages/airflow/example_dags/example_task_group_decorator.py
[2023-03-12T13:14:38.303+0000] {logging_mixin.py:137} INFO - [2023-03-12T13:14:38.303+0000] {dag.py:2690} INFO - Sync 1 DAGs
[2023-03-12T13:14:38.329+0000] {logging_mixin.py:137} INFO - [2023-03-12T13:14:38.329+0000] {dag.py:3441} INFO - Setting next_dagrun for example_task_group_decorator to 2023-03-11T13:14:38.328864+00:00, run_after=2023-03-12T13:14:38.328864+00:00
[2023-03-12T13:14:38.353+0000] {processor.py:175} INFO - Processing /home/airflow/.local/lib/python3.7/site-packages/airflow/example_dags/example_task_group_decorator.py took 0.114 seconds
[2023-03-12T13:15:08.836+0000] {processor.py:153} INFO - Started process (PID=1347) to work on /home/airflow/.local/lib/python3.7/site-packages/airflow/example_dags/example_task_group_decorator.py
[2023-03-12T13:15:08.837+0000] {processor.py:743} INFO - Processing file /home/airflow/.local/lib/python3.7/site-packages/airflow/example_dags/example_task_group_decorator.py for tasks to queue
[2023-03-12T13:15:08.838+0000] {logging_mixin.py:137} INFO - [2023-03-12T13:15:08.838+0000] {dagbag.py:538} INFO - Filling up the DagBag from /home/airflow/.local/lib/python3.7/site-packages/airflow/example_dags/example_task_group_decorator.py
[2023-03-12T13:15:08.870+0000] {processor.py:753} INFO - DAG(s) dict_keys(['example_task_group_decorator']) retrieved from /home/airflow/.local/lib/python3.7/site-packages/airflow/example_dags/example_task_group_decorator.py
[2023-03-12T13:15:08.898+0000] {logging_mixin.py:137} INFO - [2023-03-12T13:15:08.897+0000] {dag.py:2690} INFO - Sync 1 DAGs
[2023-03-12T13:15:08.925+0000] {logging_mixin.py:137} INFO - [2023-03-12T13:15:08.925+0000] {dag.py:3441} INFO - Setting next_dagrun for example_task_group_decorator to 2023-03-11T13:15:08.925256+00:00, run_after=2023-03-12T13:15:08.925256+00:00
[2023-03-12T13:15:08.946+0000] {processor.py:175} INFO - Processing /home/airflow/.local/lib/python3.7/site-packages/airflow/example_dags/example_task_group_decorator.py took 0.113 seconds
[2023-03-12T13:15:39.067+0000] {processor.py:153} INFO - Started process (PID=1438) to work on /home/airflow/.local/lib/python3.7/site-packages/airflow/example_dags/example_task_group_decorator.py
[2023-03-12T13:15:39.068+0000] {processor.py:743} INFO - Processing file /home/airflow/.local/lib/python3.7/site-packages/airflow/example_dags/example_task_group_decorator.py for tasks to queue
[2023-03-12T13:15:39.068+0000] {logging_mixin.py:137} INFO - [2023-03-12T13:15:39.068+0000] {dagbag.py:538} INFO - Filling up the DagBag from /home/airflow/.local/lib/python3.7/site-packages/airflow/example_dags/example_task_group_decorator.py
[2023-03-12T13:15:39.095+0000] {processor.py:753} INFO - DAG(s) dict_keys(['example_task_group_decorator']) retrieved from /home/airflow/.local/lib/python3.7/site-packages/airflow/example_dags/example_task_group_decorator.py
[2023-03-12T13:15:39.120+0000] {logging_mixin.py:137} INFO - [2023-03-12T13:15:39.120+0000] {dag.py:2690} INFO - Sync 1 DAGs
[2023-03-12T13:15:39.147+0000] {logging_mixin.py:137} INFO - [2023-03-12T13:15:39.147+0000] {dag.py:3441} INFO - Setting next_dagrun for example_task_group_decorator to 2023-03-11T13:15:39.147076+00:00, run_after=2023-03-12T13:15:39.147076+00:00
[2023-03-12T13:15:39.169+0000] {processor.py:175} INFO - Processing /home/airflow/.local/lib/python3.7/site-packages/airflow/example_dags/example_task_group_decorator.py took 0.105 seconds
[2023-03-12T13:16:14.907+0000] {processor.py:153} INFO - Started process (PID=94) to work on /home/airflow/.local/lib/python3.7/site-packages/airflow/example_dags/example_task_group_decorator.py
[2023-03-12T13:16:14.908+0000] {processor.py:743} INFO - Processing file /home/airflow/.local/lib/python3.7/site-packages/airflow/example_dags/example_task_group_decorator.py for tasks to queue
[2023-03-12T13:16:14.909+0000] {logging_mixin.py:137} INFO - [2023-03-12T13:16:14.909+0000] {dagbag.py:538} INFO - Filling up the DagBag from /home/airflow/.local/lib/python3.7/site-packages/airflow/example_dags/example_task_group_decorator.py
[2023-03-12T13:16:14.938+0000] {processor.py:753} INFO - DAG(s) dict_keys(['example_task_group_decorator']) retrieved from /home/airflow/.local/lib/python3.7/site-packages/airflow/example_dags/example_task_group_decorator.py
[2023-03-12T13:16:14.964+0000] {logging_mixin.py:137} INFO - [2023-03-12T13:16:14.963+0000] {dag.py:2690} INFO - Sync 1 DAGs
[2023-03-12T13:16:14.994+0000] {logging_mixin.py:137} INFO - [2023-03-12T13:16:14.994+0000] {dag.py:3441} INFO - Setting next_dagrun for example_task_group_decorator to 2023-03-11T13:16:14.994344+00:00, run_after=2023-03-12T13:16:14.994344+00:00
[2023-03-12T13:16:15.014+0000] {processor.py:175} INFO - Processing /home/airflow/.local/lib/python3.7/site-packages/airflow/example_dags/example_task_group_decorator.py took 0.110 seconds
[2023-03-12T13:16:45.806+0000] {processor.py:153} INFO - Started process (PID=209) to work on /home/airflow/.local/lib/python3.7/site-packages/airflow/example_dags/example_task_group_decorator.py
[2023-03-12T13:16:45.806+0000] {processor.py:743} INFO - Processing file /home/airflow/.local/lib/python3.7/site-packages/airflow/example_dags/example_task_group_decorator.py for tasks to queue
[2023-03-12T13:16:45.807+0000] {logging_mixin.py:137} INFO - [2023-03-12T13:16:45.807+0000] {dagbag.py:538} INFO - Filling up the DagBag from /home/airflow/.local/lib/python3.7/site-packages/airflow/example_dags/example_task_group_decorator.py
[2023-03-12T13:16:45.836+0000] {processor.py:753} INFO - DAG(s) dict_keys(['example_task_group_decorator']) retrieved from /home/airflow/.local/lib/python3.7/site-packages/airflow/example_dags/example_task_group_decorator.py
[2023-03-12T13:16:45.865+0000] {logging_mixin.py:137} INFO - [2023-03-12T13:16:45.864+0000] {dag.py:2690} INFO - Sync 1 DAGs
[2023-03-12T13:16:45.890+0000] {logging_mixin.py:137} INFO - [2023-03-12T13:16:45.890+0000] {dag.py:3441} INFO - Setting next_dagrun for example_task_group_decorator to 2023-03-11T13:16:45.890082+00:00, run_after=2023-03-12T13:16:45.890082+00:00
[2023-03-12T13:16:45.907+0000] {processor.py:175} INFO - Processing /home/airflow/.local/lib/python3.7/site-packages/airflow/example_dags/example_task_group_decorator.py took 0.105 seconds
[2023-03-12T13:17:17.165+0000] {processor.py:153} INFO - Started process (PID=304) to work on /home/airflow/.local/lib/python3.7/site-packages/airflow/example_dags/example_task_group_decorator.py
[2023-03-12T13:17:17.166+0000] {processor.py:743} INFO - Processing file /home/airflow/.local/lib/python3.7/site-packages/airflow/example_dags/example_task_group_decorator.py for tasks to queue
[2023-03-12T13:17:17.167+0000] {logging_mixin.py:137} INFO - [2023-03-12T13:17:17.166+0000] {dagbag.py:538} INFO - Filling up the DagBag from /home/airflow/.local/lib/python3.7/site-packages/airflow/example_dags/example_task_group_decorator.py
[2023-03-12T13:17:17.194+0000] {processor.py:753} INFO - DAG(s) dict_keys(['example_task_group_decorator']) retrieved from /home/airflow/.local/lib/python3.7/site-packages/airflow/example_dags/example_task_group_decorator.py
[2023-03-12T13:17:17.228+0000] {logging_mixin.py:137} INFO - [2023-03-12T13:17:17.228+0000] {dag.py:2690} INFO - Sync 1 DAGs
[2023-03-12T13:17:17.261+0000] {logging_mixin.py:137} INFO - [2023-03-12T13:17:17.260+0000] {dag.py:3441} INFO - Setting next_dagrun for example_task_group_decorator to 2023-03-11T13:17:17.260680+00:00, run_after=2023-03-12T13:17:17.260680+00:00
[2023-03-12T13:17:17.279+0000] {processor.py:175} INFO - Processing /home/airflow/.local/lib/python3.7/site-packages/airflow/example_dags/example_task_group_decorator.py took 0.117 seconds
[2023-03-12T13:17:47.766+0000] {processor.py:153} INFO - Started process (PID=419) to work on /home/airflow/.local/lib/python3.7/site-packages/airflow/example_dags/example_task_group_decorator.py
[2023-03-12T13:17:47.767+0000] {processor.py:743} INFO - Processing file /home/airflow/.local/lib/python3.7/site-packages/airflow/example_dags/example_task_group_decorator.py for tasks to queue
[2023-03-12T13:17:47.768+0000] {logging_mixin.py:137} INFO - [2023-03-12T13:17:47.768+0000] {dagbag.py:538} INFO - Filling up the DagBag from /home/airflow/.local/lib/python3.7/site-packages/airflow/example_dags/example_task_group_decorator.py
[2023-03-12T13:17:47.797+0000] {processor.py:753} INFO - DAG(s) dict_keys(['example_task_group_decorator']) retrieved from /home/airflow/.local/lib/python3.7/site-packages/airflow/example_dags/example_task_group_decorator.py
[2023-03-12T13:17:47.822+0000] {logging_mixin.py:137} INFO - [2023-03-12T13:17:47.822+0000] {dag.py:2690} INFO - Sync 1 DAGs
[2023-03-12T13:17:47.849+0000] {logging_mixin.py:137} INFO - [2023-03-12T13:17:47.848+0000] {dag.py:3441} INFO - Setting next_dagrun for example_task_group_decorator to 2023-03-11T13:17:47.848597+00:00, run_after=2023-03-12T13:17:47.848597+00:00
[2023-03-12T13:17:47.867+0000] {processor.py:175} INFO - Processing /home/airflow/.local/lib/python3.7/site-packages/airflow/example_dags/example_task_group_decorator.py took 0.104 seconds
[2023-03-12T13:18:17.893+0000] {processor.py:153} INFO - Started process (PID=518) to work on /home/airflow/.local/lib/python3.7/site-packages/airflow/example_dags/example_task_group_decorator.py
[2023-03-12T13:18:17.894+0000] {processor.py:743} INFO - Processing file /home/airflow/.local/lib/python3.7/site-packages/airflow/example_dags/example_task_group_decorator.py for tasks to queue
[2023-03-12T13:18:17.894+0000] {logging_mixin.py:137} INFO - [2023-03-12T13:18:17.894+0000] {dagbag.py:538} INFO - Filling up the DagBag from /home/airflow/.local/lib/python3.7/site-packages/airflow/example_dags/example_task_group_decorator.py
[2023-03-12T13:18:17.922+0000] {processor.py:753} INFO - DAG(s) dict_keys(['example_task_group_decorator']) retrieved from /home/airflow/.local/lib/python3.7/site-packages/airflow/example_dags/example_task_group_decorator.py
[2023-03-12T13:18:17.950+0000] {logging_mixin.py:137} INFO - [2023-03-12T13:18:17.950+0000] {dag.py:2690} INFO - Sync 1 DAGs
[2023-03-12T13:18:17.977+0000] {logging_mixin.py:137} INFO - [2023-03-12T13:18:17.976+0000] {dag.py:3441} INFO - Setting next_dagrun for example_task_group_decorator to 2023-03-11T13:18:17.976515+00:00, run_after=2023-03-12T13:18:17.976515+00:00
[2023-03-12T13:18:17.997+0000] {processor.py:175} INFO - Processing /home/airflow/.local/lib/python3.7/site-packages/airflow/example_dags/example_task_group_decorator.py took 0.107 seconds
[2023-03-12T13:18:48.852+0000] {processor.py:153} INFO - Started process (PID=631) to work on /home/airflow/.local/lib/python3.7/site-packages/airflow/example_dags/example_task_group_decorator.py
[2023-03-12T13:18:48.853+0000] {processor.py:743} INFO - Processing file /home/airflow/.local/lib/python3.7/site-packages/airflow/example_dags/example_task_group_decorator.py for tasks to queue
[2023-03-12T13:18:48.854+0000] {logging_mixin.py:137} INFO - [2023-03-12T13:18:48.854+0000] {dagbag.py:538} INFO - Filling up the DagBag from /home/airflow/.local/lib/python3.7/site-packages/airflow/example_dags/example_task_group_decorator.py
[2023-03-12T13:18:48.882+0000] {processor.py:753} INFO - DAG(s) dict_keys(['example_task_group_decorator']) retrieved from /home/airflow/.local/lib/python3.7/site-packages/airflow/example_dags/example_task_group_decorator.py
[2023-03-12T13:18:48.909+0000] {logging_mixin.py:137} INFO - [2023-03-12T13:18:48.909+0000] {dag.py:2690} INFO - Sync 1 DAGs
[2023-03-12T13:18:48.937+0000] {logging_mixin.py:137} INFO - [2023-03-12T13:18:48.936+0000] {dag.py:3441} INFO - Setting next_dagrun for example_task_group_decorator to 2023-03-11T13:18:48.936688+00:00, run_after=2023-03-12T13:18:48.936688+00:00
[2023-03-12T13:18:48.957+0000] {processor.py:175} INFO - Processing /home/airflow/.local/lib/python3.7/site-packages/airflow/example_dags/example_task_group_decorator.py took 0.108 seconds
[2023-03-12T13:19:19.072+0000] {processor.py:153} INFO - Started process (PID=726) to work on /home/airflow/.local/lib/python3.7/site-packages/airflow/example_dags/example_task_group_decorator.py
[2023-03-12T13:19:19.072+0000] {processor.py:743} INFO - Processing file /home/airflow/.local/lib/python3.7/site-packages/airflow/example_dags/example_task_group_decorator.py for tasks to queue
[2023-03-12T13:19:19.073+0000] {logging_mixin.py:137} INFO - [2023-03-12T13:19:19.073+0000] {dagbag.py:538} INFO - Filling up the DagBag from /home/airflow/.local/lib/python3.7/site-packages/airflow/example_dags/example_task_group_decorator.py
[2023-03-12T13:19:19.101+0000] {processor.py:753} INFO - DAG(s) dict_keys(['example_task_group_decorator']) retrieved from /home/airflow/.local/lib/python3.7/site-packages/airflow/example_dags/example_task_group_decorator.py
[2023-03-12T13:19:19.128+0000] {logging_mixin.py:137} INFO - [2023-03-12T13:19:19.127+0000] {dag.py:2690} INFO - Sync 1 DAGs
[2023-03-12T13:19:19.156+0000] {logging_mixin.py:137} INFO - [2023-03-12T13:19:19.156+0000] {dag.py:3441} INFO - Setting next_dagrun for example_task_group_decorator to 2023-03-11T13:19:19.156351+00:00, run_after=2023-03-12T13:19:19.156351+00:00
[2023-03-12T13:19:19.177+0000] {processor.py:175} INFO - Processing /home/airflow/.local/lib/python3.7/site-packages/airflow/example_dags/example_task_group_decorator.py took 0.108 seconds
