[2023-03-12T12:43:39.624+0000] {processor.py:153} INFO - Started process (PID=121) to work on /home/airflow/.local/lib/python3.7/site-packages/airflow/example_dags/tutorial.py
[2023-03-12T12:43:39.624+0000] {processor.py:743} INFO - Processing file /home/airflow/.local/lib/python3.7/site-packages/airflow/example_dags/tutorial.py for tasks to queue
[2023-03-12T12:43:39.625+0000] {logging_mixin.py:137} INFO - [2023-03-12T12:43:39.625+0000] {dagbag.py:538} INFO - Filling up the DagBag from /home/airflow/.local/lib/python3.7/site-packages/airflow/example_dags/tutorial.py
[2023-03-12T12:43:39.640+0000] {processor.py:753} INFO - DAG(s) dict_keys(['tutorial']) retrieved from /home/airflow/.local/lib/python3.7/site-packages/airflow/example_dags/tutorial.py
[2023-03-12T12:43:39.656+0000] {logging_mixin.py:137} INFO - [2023-03-12T12:43:39.656+0000] {dag.py:2690} INFO - Sync 1 DAGs
[2023-03-12T12:43:39.684+0000] {logging_mixin.py:137} INFO - [2023-03-12T12:43:39.684+0000] {dag.py:3441} INFO - Setting next_dagrun for tutorial to 2023-03-11T12:43:39.683926+00:00, run_after=2023-03-12T12:43:39.683926+00:00
[2023-03-12T12:43:39.702+0000] {processor.py:175} INFO - Processing /home/airflow/.local/lib/python3.7/site-packages/airflow/example_dags/tutorial.py took 0.081 seconds
[2023-03-12T12:44:10.442+0000] {processor.py:153} INFO - Started process (PID=209) to work on /home/airflow/.local/lib/python3.7/site-packages/airflow/example_dags/tutorial.py
[2023-03-12T12:44:10.443+0000] {processor.py:743} INFO - Processing file /home/airflow/.local/lib/python3.7/site-packages/airflow/example_dags/tutorial.py for tasks to queue
[2023-03-12T12:44:10.444+0000] {logging_mixin.py:137} INFO - [2023-03-12T12:44:10.444+0000] {dagbag.py:538} INFO - Filling up the DagBag from /home/airflow/.local/lib/python3.7/site-packages/airflow/example_dags/tutorial.py
[2023-03-12T12:44:10.460+0000] {processor.py:753} INFO - DAG(s) dict_keys(['tutorial']) retrieved from /home/airflow/.local/lib/python3.7/site-packages/airflow/example_dags/tutorial.py
[2023-03-12T12:44:10.487+0000] {logging_mixin.py:137} INFO - [2023-03-12T12:44:10.487+0000] {dag.py:2690} INFO - Sync 1 DAGs
[2023-03-12T12:44:10.514+0000] {logging_mixin.py:137} INFO - [2023-03-12T12:44:10.514+0000] {dag.py:3441} INFO - Setting next_dagrun for tutorial to 2023-03-11T12:44:10.514173+00:00, run_after=2023-03-12T12:44:10.514173+00:00
[2023-03-12T12:44:10.533+0000] {processor.py:175} INFO - Processing /home/airflow/.local/lib/python3.7/site-packages/airflow/example_dags/tutorial.py took 0.093 seconds
[2023-03-12T12:44:41.470+0000] {processor.py:153} INFO - Started process (PID=321) to work on /home/airflow/.local/lib/python3.7/site-packages/airflow/example_dags/tutorial.py
[2023-03-12T12:44:41.471+0000] {processor.py:743} INFO - Processing file /home/airflow/.local/lib/python3.7/site-packages/airflow/example_dags/tutorial.py for tasks to queue
[2023-03-12T12:44:41.472+0000] {logging_mixin.py:137} INFO - [2023-03-12T12:44:41.471+0000] {dagbag.py:538} INFO - Filling up the DagBag from /home/airflow/.local/lib/python3.7/site-packages/airflow/example_dags/tutorial.py
[2023-03-12T12:44:41.485+0000] {processor.py:753} INFO - DAG(s) dict_keys(['tutorial']) retrieved from /home/airflow/.local/lib/python3.7/site-packages/airflow/example_dags/tutorial.py
[2023-03-12T12:44:41.510+0000] {logging_mixin.py:137} INFO - [2023-03-12T12:44:41.510+0000] {dag.py:2690} INFO - Sync 1 DAGs
[2023-03-12T12:44:41.537+0000] {logging_mixin.py:137} INFO - [2023-03-12T12:44:41.537+0000] {dag.py:3441} INFO - Setting next_dagrun for tutorial to 2023-03-11T12:44:41.537074+00:00, run_after=2023-03-12T12:44:41.537074+00:00
[2023-03-12T12:44:41.560+0000] {processor.py:175} INFO - Processing /home/airflow/.local/lib/python3.7/site-packages/airflow/example_dags/tutorial.py took 0.093 seconds
[2023-03-12T12:45:12.152+0000] {processor.py:153} INFO - Started process (PID=409) to work on /home/airflow/.local/lib/python3.7/site-packages/airflow/example_dags/tutorial.py
[2023-03-12T12:45:12.153+0000] {processor.py:743} INFO - Processing file /home/airflow/.local/lib/python3.7/site-packages/airflow/example_dags/tutorial.py for tasks to queue
[2023-03-12T12:45:12.154+0000] {logging_mixin.py:137} INFO - [2023-03-12T12:45:12.154+0000] {dagbag.py:538} INFO - Filling up the DagBag from /home/airflow/.local/lib/python3.7/site-packages/airflow/example_dags/tutorial.py
[2023-03-12T12:45:12.166+0000] {processor.py:753} INFO - DAG(s) dict_keys(['tutorial']) retrieved from /home/airflow/.local/lib/python3.7/site-packages/airflow/example_dags/tutorial.py
[2023-03-12T12:45:12.194+0000] {logging_mixin.py:137} INFO - [2023-03-12T12:45:12.194+0000] {dag.py:2690} INFO - Sync 1 DAGs
[2023-03-12T12:45:12.222+0000] {logging_mixin.py:137} INFO - [2023-03-12T12:45:12.222+0000] {dag.py:3441} INFO - Setting next_dagrun for tutorial to 2023-03-11T12:45:12.221934+00:00, run_after=2023-03-12T12:45:12.221934+00:00
[2023-03-12T12:45:12.241+0000] {processor.py:175} INFO - Processing /home/airflow/.local/lib/python3.7/site-packages/airflow/example_dags/tutorial.py took 0.091 seconds
[2023-03-12T12:45:42.994+0000] {processor.py:153} INFO - Started process (PID=497) to work on /home/airflow/.local/lib/python3.7/site-packages/airflow/example_dags/tutorial.py
[2023-03-12T12:45:42.995+0000] {processor.py:743} INFO - Processing file /home/airflow/.local/lib/python3.7/site-packages/airflow/example_dags/tutorial.py for tasks to queue
[2023-03-12T12:45:42.996+0000] {logging_mixin.py:137} INFO - [2023-03-12T12:45:42.996+0000] {dagbag.py:538} INFO - Filling up the DagBag from /home/airflow/.local/lib/python3.7/site-packages/airflow/example_dags/tutorial.py
[2023-03-12T12:45:43.009+0000] {processor.py:753} INFO - DAG(s) dict_keys(['tutorial']) retrieved from /home/airflow/.local/lib/python3.7/site-packages/airflow/example_dags/tutorial.py
[2023-03-12T12:45:43.034+0000] {logging_mixin.py:137} INFO - [2023-03-12T12:45:43.034+0000] {dag.py:2690} INFO - Sync 1 DAGs
[2023-03-12T12:45:43.062+0000] {logging_mixin.py:137} INFO - [2023-03-12T12:45:43.062+0000] {dag.py:3441} INFO - Setting next_dagrun for tutorial to 2023-03-11T12:45:43.062146+00:00, run_after=2023-03-12T12:45:43.062146+00:00
[2023-03-12T12:45:43.084+0000] {processor.py:175} INFO - Processing /home/airflow/.local/lib/python3.7/site-packages/airflow/example_dags/tutorial.py took 0.093 seconds
[2023-03-12T12:46:13.811+0000] {processor.py:153} INFO - Started process (PID=609) to work on /home/airflow/.local/lib/python3.7/site-packages/airflow/example_dags/tutorial.py
[2023-03-12T12:46:13.812+0000] {processor.py:743} INFO - Processing file /home/airflow/.local/lib/python3.7/site-packages/airflow/example_dags/tutorial.py for tasks to queue
[2023-03-12T12:46:13.813+0000] {logging_mixin.py:137} INFO - [2023-03-12T12:46:13.813+0000] {dagbag.py:538} INFO - Filling up the DagBag from /home/airflow/.local/lib/python3.7/site-packages/airflow/example_dags/tutorial.py
[2023-03-12T12:46:13.825+0000] {processor.py:753} INFO - DAG(s) dict_keys(['tutorial']) retrieved from /home/airflow/.local/lib/python3.7/site-packages/airflow/example_dags/tutorial.py
[2023-03-12T12:46:13.854+0000] {logging_mixin.py:137} INFO - [2023-03-12T12:46:13.853+0000] {dag.py:2690} INFO - Sync 1 DAGs
[2023-03-12T12:46:13.882+0000] {logging_mixin.py:137} INFO - [2023-03-12T12:46:13.882+0000] {dag.py:3441} INFO - Setting next_dagrun for tutorial to 2023-03-11T12:46:13.882090+00:00, run_after=2023-03-12T12:46:13.882090+00:00
[2023-03-12T12:46:13.901+0000] {processor.py:175} INFO - Processing /home/airflow/.local/lib/python3.7/site-packages/airflow/example_dags/tutorial.py took 0.093 seconds
[2023-03-12T12:54:42.263+0000] {processor.py:153} INFO - Started process (PID=123) to work on /home/airflow/.local/lib/python3.7/site-packages/airflow/example_dags/tutorial.py
[2023-03-12T12:54:42.264+0000] {processor.py:743} INFO - Processing file /home/airflow/.local/lib/python3.7/site-packages/airflow/example_dags/tutorial.py for tasks to queue
[2023-03-12T12:54:42.264+0000] {logging_mixin.py:137} INFO - [2023-03-12T12:54:42.264+0000] {dagbag.py:538} INFO - Filling up the DagBag from /home/airflow/.local/lib/python3.7/site-packages/airflow/example_dags/tutorial.py
[2023-03-12T12:54:42.280+0000] {processor.py:753} INFO - DAG(s) dict_keys(['tutorial']) retrieved from /home/airflow/.local/lib/python3.7/site-packages/airflow/example_dags/tutorial.py
[2023-03-12T12:54:42.293+0000] {logging_mixin.py:137} INFO - [2023-03-12T12:54:42.293+0000] {dag.py:2690} INFO - Sync 1 DAGs
[2023-03-12T12:54:42.321+0000] {logging_mixin.py:137} INFO - [2023-03-12T12:54:42.321+0000] {dag.py:3441} INFO - Setting next_dagrun for tutorial to 2023-03-11T12:54:42.321280+00:00, run_after=2023-03-12T12:54:42.321280+00:00
[2023-03-12T12:54:42.340+0000] {processor.py:175} INFO - Processing /home/airflow/.local/lib/python3.7/site-packages/airflow/example_dags/tutorial.py took 0.080 seconds
[2023-03-12T12:55:13.097+0000] {processor.py:153} INFO - Started process (PID=213) to work on /home/airflow/.local/lib/python3.7/site-packages/airflow/example_dags/tutorial.py
[2023-03-12T12:55:13.098+0000] {processor.py:743} INFO - Processing file /home/airflow/.local/lib/python3.7/site-packages/airflow/example_dags/tutorial.py for tasks to queue
[2023-03-12T12:55:13.098+0000] {logging_mixin.py:137} INFO - [2023-03-12T12:55:13.098+0000] {dagbag.py:538} INFO - Filling up the DagBag from /home/airflow/.local/lib/python3.7/site-packages/airflow/example_dags/tutorial.py
[2023-03-12T12:55:13.111+0000] {processor.py:753} INFO - DAG(s) dict_keys(['tutorial']) retrieved from /home/airflow/.local/lib/python3.7/site-packages/airflow/example_dags/tutorial.py
[2023-03-12T12:55:13.136+0000] {logging_mixin.py:137} INFO - [2023-03-12T12:55:13.136+0000] {dag.py:2690} INFO - Sync 1 DAGs
[2023-03-12T12:55:13.173+0000] {logging_mixin.py:137} INFO - [2023-03-12T12:55:13.173+0000] {dag.py:3441} INFO - Setting next_dagrun for tutorial to 2023-03-11T12:55:13.173542+00:00, run_after=2023-03-12T12:55:13.173542+00:00
[2023-03-12T12:55:13.196+0000] {processor.py:175} INFO - Processing /home/airflow/.local/lib/python3.7/site-packages/airflow/example_dags/tutorial.py took 0.102 seconds
[2023-03-12T12:55:44.093+0000] {processor.py:153} INFO - Started process (PID=327) to work on /home/airflow/.local/lib/python3.7/site-packages/airflow/example_dags/tutorial.py
[2023-03-12T12:55:44.094+0000] {processor.py:743} INFO - Processing file /home/airflow/.local/lib/python3.7/site-packages/airflow/example_dags/tutorial.py for tasks to queue
[2023-03-12T12:55:44.094+0000] {logging_mixin.py:137} INFO - [2023-03-12T12:55:44.094+0000] {dagbag.py:538} INFO - Filling up the DagBag from /home/airflow/.local/lib/python3.7/site-packages/airflow/example_dags/tutorial.py
[2023-03-12T12:55:44.106+0000] {processor.py:753} INFO - DAG(s) dict_keys(['tutorial']) retrieved from /home/airflow/.local/lib/python3.7/site-packages/airflow/example_dags/tutorial.py
[2023-03-12T12:55:44.129+0000] {logging_mixin.py:137} INFO - [2023-03-12T12:55:44.129+0000] {dag.py:2690} INFO - Sync 1 DAGs
[2023-03-12T12:55:44.161+0000] {logging_mixin.py:137} INFO - [2023-03-12T12:55:44.161+0000] {dag.py:3441} INFO - Setting next_dagrun for tutorial to 2023-03-11T12:55:44.161232+00:00, run_after=2023-03-12T12:55:44.161232+00:00
[2023-03-12T12:55:44.182+0000] {processor.py:175} INFO - Processing /home/airflow/.local/lib/python3.7/site-packages/airflow/example_dags/tutorial.py took 0.092 seconds
[2023-03-12T12:56:14.292+0000] {processor.py:153} INFO - Started process (PID=417) to work on /home/airflow/.local/lib/python3.7/site-packages/airflow/example_dags/tutorial.py
[2023-03-12T12:56:14.293+0000] {processor.py:743} INFO - Processing file /home/airflow/.local/lib/python3.7/site-packages/airflow/example_dags/tutorial.py for tasks to queue
[2023-03-12T12:56:14.294+0000] {logging_mixin.py:137} INFO - [2023-03-12T12:56:14.294+0000] {dagbag.py:538} INFO - Filling up the DagBag from /home/airflow/.local/lib/python3.7/site-packages/airflow/example_dags/tutorial.py
[2023-03-12T12:56:14.306+0000] {processor.py:753} INFO - DAG(s) dict_keys(['tutorial']) retrieved from /home/airflow/.local/lib/python3.7/site-packages/airflow/example_dags/tutorial.py
[2023-03-12T12:56:14.330+0000] {logging_mixin.py:137} INFO - [2023-03-12T12:56:14.330+0000] {dag.py:2690} INFO - Sync 1 DAGs
[2023-03-12T12:56:14.356+0000] {logging_mixin.py:137} INFO - [2023-03-12T12:56:14.356+0000] {dag.py:3441} INFO - Setting next_dagrun for tutorial to 2023-03-11T12:56:14.356619+00:00, run_after=2023-03-12T12:56:14.356619+00:00
[2023-03-12T12:56:14.374+0000] {processor.py:175} INFO - Processing /home/airflow/.local/lib/python3.7/site-packages/airflow/example_dags/tutorial.py took 0.084 seconds
[2023-03-12T12:56:45.230+0000] {processor.py:153} INFO - Started process (PID=507) to work on /home/airflow/.local/lib/python3.7/site-packages/airflow/example_dags/tutorial.py
[2023-03-12T12:56:45.231+0000] {processor.py:743} INFO - Processing file /home/airflow/.local/lib/python3.7/site-packages/airflow/example_dags/tutorial.py for tasks to queue
[2023-03-12T12:56:45.232+0000] {logging_mixin.py:137} INFO - [2023-03-12T12:56:45.232+0000] {dagbag.py:538} INFO - Filling up the DagBag from /home/airflow/.local/lib/python3.7/site-packages/airflow/example_dags/tutorial.py
[2023-03-12T12:56:45.245+0000] {processor.py:753} INFO - DAG(s) dict_keys(['tutorial']) retrieved from /home/airflow/.local/lib/python3.7/site-packages/airflow/example_dags/tutorial.py
[2023-03-12T12:56:45.272+0000] {logging_mixin.py:137} INFO - [2023-03-12T12:56:45.272+0000] {dag.py:2690} INFO - Sync 1 DAGs
[2023-03-12T12:56:45.299+0000] {logging_mixin.py:137} INFO - [2023-03-12T12:56:45.299+0000] {dag.py:3441} INFO - Setting next_dagrun for tutorial to 2023-03-11T12:56:45.299498+00:00, run_after=2023-03-12T12:56:45.299498+00:00
[2023-03-12T12:56:45.320+0000] {processor.py:175} INFO - Processing /home/airflow/.local/lib/python3.7/site-packages/airflow/example_dags/tutorial.py took 0.093 seconds
[2023-03-12T12:57:15.936+0000] {processor.py:153} INFO - Started process (PID=621) to work on /home/airflow/.local/lib/python3.7/site-packages/airflow/example_dags/tutorial.py
[2023-03-12T12:57:15.937+0000] {processor.py:743} INFO - Processing file /home/airflow/.local/lib/python3.7/site-packages/airflow/example_dags/tutorial.py for tasks to queue
[2023-03-12T12:57:15.938+0000] {logging_mixin.py:137} INFO - [2023-03-12T12:57:15.938+0000] {dagbag.py:538} INFO - Filling up the DagBag from /home/airflow/.local/lib/python3.7/site-packages/airflow/example_dags/tutorial.py
[2023-03-12T12:57:15.951+0000] {processor.py:753} INFO - DAG(s) dict_keys(['tutorial']) retrieved from /home/airflow/.local/lib/python3.7/site-packages/airflow/example_dags/tutorial.py
[2023-03-12T12:57:15.977+0000] {logging_mixin.py:137} INFO - [2023-03-12T12:57:15.976+0000] {dag.py:2690} INFO - Sync 1 DAGs
[2023-03-12T12:57:16.004+0000] {logging_mixin.py:137} INFO - [2023-03-12T12:57:16.003+0000] {dag.py:3441} INFO - Setting next_dagrun for tutorial to 2023-03-11T12:57:16.003492+00:00, run_after=2023-03-12T12:57:16.003492+00:00
[2023-03-12T12:57:16.021+0000] {processor.py:175} INFO - Processing /home/airflow/.local/lib/python3.7/site-packages/airflow/example_dags/tutorial.py took 0.088 seconds
[2023-03-12T12:57:46.720+0000] {processor.py:153} INFO - Started process (PID=711) to work on /home/airflow/.local/lib/python3.7/site-packages/airflow/example_dags/tutorial.py
[2023-03-12T12:57:46.720+0000] {processor.py:743} INFO - Processing file /home/airflow/.local/lib/python3.7/site-packages/airflow/example_dags/tutorial.py for tasks to queue
[2023-03-12T12:57:46.721+0000] {logging_mixin.py:137} INFO - [2023-03-12T12:57:46.721+0000] {dagbag.py:538} INFO - Filling up the DagBag from /home/airflow/.local/lib/python3.7/site-packages/airflow/example_dags/tutorial.py
[2023-03-12T12:57:46.734+0000] {processor.py:753} INFO - DAG(s) dict_keys(['tutorial']) retrieved from /home/airflow/.local/lib/python3.7/site-packages/airflow/example_dags/tutorial.py
[2023-03-12T12:57:46.759+0000] {logging_mixin.py:137} INFO - [2023-03-12T12:57:46.759+0000] {dag.py:2690} INFO - Sync 1 DAGs
[2023-03-12T12:57:46.783+0000] {logging_mixin.py:137} INFO - [2023-03-12T12:57:46.783+0000] {dag.py:3441} INFO - Setting next_dagrun for tutorial to 2023-03-11T12:57:46.782890+00:00, run_after=2023-03-12T12:57:46.782890+00:00
[2023-03-12T12:57:46.800+0000] {processor.py:175} INFO - Processing /home/airflow/.local/lib/python3.7/site-packages/airflow/example_dags/tutorial.py took 0.083 seconds
[2023-03-12T12:58:18.268+0000] {processor.py:153} INFO - Started process (PID=825) to work on /home/airflow/.local/lib/python3.7/site-packages/airflow/example_dags/tutorial.py
[2023-03-12T12:58:18.268+0000] {processor.py:743} INFO - Processing file /home/airflow/.local/lib/python3.7/site-packages/airflow/example_dags/tutorial.py for tasks to queue
[2023-03-12T12:58:18.269+0000] {logging_mixin.py:137} INFO - [2023-03-12T12:58:18.269+0000] {dagbag.py:538} INFO - Filling up the DagBag from /home/airflow/.local/lib/python3.7/site-packages/airflow/example_dags/tutorial.py
[2023-03-12T12:58:18.283+0000] {processor.py:753} INFO - DAG(s) dict_keys(['tutorial']) retrieved from /home/airflow/.local/lib/python3.7/site-packages/airflow/example_dags/tutorial.py
[2023-03-12T12:58:18.308+0000] {logging_mixin.py:137} INFO - [2023-03-12T12:58:18.308+0000] {dag.py:2690} INFO - Sync 1 DAGs
[2023-03-12T12:58:18.334+0000] {logging_mixin.py:137} INFO - [2023-03-12T12:58:18.334+0000] {dag.py:3441} INFO - Setting next_dagrun for tutorial to 2023-03-11T12:58:18.334008+00:00, run_after=2023-03-12T12:58:18.334008+00:00
[2023-03-12T12:58:18.359+0000] {processor.py:175} INFO - Processing /home/airflow/.local/lib/python3.7/site-packages/airflow/example_dags/tutorial.py took 0.094 seconds
[2023-03-12T13:00:38.273+0000] {processor.py:153} INFO - Started process (PID=123) to work on /home/airflow/.local/lib/python3.7/site-packages/airflow/example_dags/tutorial.py
[2023-03-12T13:00:38.274+0000] {processor.py:743} INFO - Processing file /home/airflow/.local/lib/python3.7/site-packages/airflow/example_dags/tutorial.py for tasks to queue
[2023-03-12T13:00:38.275+0000] {logging_mixin.py:137} INFO - [2023-03-12T13:00:38.274+0000] {dagbag.py:538} INFO - Filling up the DagBag from /home/airflow/.local/lib/python3.7/site-packages/airflow/example_dags/tutorial.py
[2023-03-12T13:00:38.289+0000] {processor.py:753} INFO - DAG(s) dict_keys(['tutorial']) retrieved from /home/airflow/.local/lib/python3.7/site-packages/airflow/example_dags/tutorial.py
[2023-03-12T13:00:38.301+0000] {logging_mixin.py:137} INFO - [2023-03-12T13:00:38.301+0000] {dag.py:2690} INFO - Sync 1 DAGs
[2023-03-12T13:00:38.326+0000] {logging_mixin.py:137} INFO - [2023-03-12T13:00:38.326+0000] {dag.py:3441} INFO - Setting next_dagrun for tutorial to 2023-03-11T13:00:38.326078+00:00, run_after=2023-03-12T13:00:38.326078+00:00
[2023-03-12T13:00:38.344+0000] {processor.py:175} INFO - Processing /home/airflow/.local/lib/python3.7/site-packages/airflow/example_dags/tutorial.py took 0.074 seconds
[2023-03-12T13:01:09.087+0000] {processor.py:153} INFO - Started process (PID=213) to work on /home/airflow/.local/lib/python3.7/site-packages/airflow/example_dags/tutorial.py
[2023-03-12T13:01:09.088+0000] {processor.py:743} INFO - Processing file /home/airflow/.local/lib/python3.7/site-packages/airflow/example_dags/tutorial.py for tasks to queue
[2023-03-12T13:01:09.089+0000] {logging_mixin.py:137} INFO - [2023-03-12T13:01:09.089+0000] {dagbag.py:538} INFO - Filling up the DagBag from /home/airflow/.local/lib/python3.7/site-packages/airflow/example_dags/tutorial.py
[2023-03-12T13:01:09.107+0000] {processor.py:753} INFO - DAG(s) dict_keys(['tutorial']) retrieved from /home/airflow/.local/lib/python3.7/site-packages/airflow/example_dags/tutorial.py
[2023-03-12T13:01:09.135+0000] {logging_mixin.py:137} INFO - [2023-03-12T13:01:09.135+0000] {dag.py:2690} INFO - Sync 1 DAGs
[2023-03-12T13:01:09.164+0000] {logging_mixin.py:137} INFO - [2023-03-12T13:01:09.164+0000] {dag.py:3441} INFO - Setting next_dagrun for tutorial to 2023-03-11T13:01:09.164187+00:00, run_after=2023-03-12T13:01:09.164187+00:00
[2023-03-12T13:01:09.186+0000] {processor.py:175} INFO - Processing /home/airflow/.local/lib/python3.7/site-packages/airflow/example_dags/tutorial.py took 0.103 seconds
[2023-03-12T13:01:40.519+0000] {processor.py:153} INFO - Started process (PID=312) to work on /home/airflow/.local/lib/python3.7/site-packages/airflow/example_dags/tutorial.py
[2023-03-12T13:01:40.520+0000] {processor.py:743} INFO - Processing file /home/airflow/.local/lib/python3.7/site-packages/airflow/example_dags/tutorial.py for tasks to queue
[2023-03-12T13:01:40.521+0000] {logging_mixin.py:137} INFO - [2023-03-12T13:01:40.521+0000] {dagbag.py:538} INFO - Filling up the DagBag from /home/airflow/.local/lib/python3.7/site-packages/airflow/example_dags/tutorial.py
[2023-03-12T13:01:40.534+0000] {processor.py:753} INFO - DAG(s) dict_keys(['tutorial']) retrieved from /home/airflow/.local/lib/python3.7/site-packages/airflow/example_dags/tutorial.py
[2023-03-12T13:01:40.567+0000] {logging_mixin.py:137} INFO - [2023-03-12T13:01:40.567+0000] {dag.py:2690} INFO - Sync 1 DAGs
[2023-03-12T13:01:40.607+0000] {logging_mixin.py:137} INFO - [2023-03-12T13:01:40.607+0000] {dag.py:3441} INFO - Setting next_dagrun for tutorial to 2023-03-11T13:01:40.606879+00:00, run_after=2023-03-12T13:01:40.606879+00:00
[2023-03-12T13:01:40.635+0000] {processor.py:175} INFO - Processing /home/airflow/.local/lib/python3.7/site-packages/airflow/example_dags/tutorial.py took 0.118 seconds
[2023-03-12T13:02:11.545+0000] {processor.py:153} INFO - Started process (PID=417) to work on /home/airflow/.local/lib/python3.7/site-packages/airflow/example_dags/tutorial.py
[2023-03-12T13:02:11.545+0000] {processor.py:743} INFO - Processing file /home/airflow/.local/lib/python3.7/site-packages/airflow/example_dags/tutorial.py for tasks to queue
[2023-03-12T13:02:11.546+0000] {logging_mixin.py:137} INFO - [2023-03-12T13:02:11.546+0000] {dagbag.py:538} INFO - Filling up the DagBag from /home/airflow/.local/lib/python3.7/site-packages/airflow/example_dags/tutorial.py
[2023-03-12T13:02:11.561+0000] {processor.py:753} INFO - DAG(s) dict_keys(['tutorial']) retrieved from /home/airflow/.local/lib/python3.7/site-packages/airflow/example_dags/tutorial.py
[2023-03-12T13:02:11.587+0000] {logging_mixin.py:137} INFO - [2023-03-12T13:02:11.587+0000] {dag.py:2690} INFO - Sync 1 DAGs
[2023-03-12T13:02:11.613+0000] {logging_mixin.py:137} INFO - [2023-03-12T13:02:11.613+0000] {dag.py:3441} INFO - Setting next_dagrun for tutorial to 2023-03-11T13:02:11.612815+00:00, run_after=2023-03-12T13:02:11.612815+00:00
[2023-03-12T13:02:11.631+0000] {processor.py:175} INFO - Processing /home/airflow/.local/lib/python3.7/site-packages/airflow/example_dags/tutorial.py took 0.089 seconds
[2023-03-12T13:02:42.257+0000] {processor.py:153} INFO - Started process (PID=507) to work on /home/airflow/.local/lib/python3.7/site-packages/airflow/example_dags/tutorial.py
[2023-03-12T13:02:42.258+0000] {processor.py:743} INFO - Processing file /home/airflow/.local/lib/python3.7/site-packages/airflow/example_dags/tutorial.py for tasks to queue
[2023-03-12T13:02:42.258+0000] {logging_mixin.py:137} INFO - [2023-03-12T13:02:42.258+0000] {dagbag.py:538} INFO - Filling up the DagBag from /home/airflow/.local/lib/python3.7/site-packages/airflow/example_dags/tutorial.py
[2023-03-12T13:02:42.271+0000] {processor.py:753} INFO - DAG(s) dict_keys(['tutorial']) retrieved from /home/airflow/.local/lib/python3.7/site-packages/airflow/example_dags/tutorial.py
[2023-03-12T13:02:42.294+0000] {logging_mixin.py:137} INFO - [2023-03-12T13:02:42.294+0000] {dag.py:2690} INFO - Sync 1 DAGs
[2023-03-12T13:02:42.320+0000] {logging_mixin.py:137} INFO - [2023-03-12T13:02:42.320+0000] {dag.py:3441} INFO - Setting next_dagrun for tutorial to 2023-03-11T13:02:42.320267+00:00, run_after=2023-03-12T13:02:42.320267+00:00
[2023-03-12T13:02:42.339+0000] {processor.py:175} INFO - Processing /home/airflow/.local/lib/python3.7/site-packages/airflow/example_dags/tutorial.py took 0.085 seconds
[2023-03-12T13:03:13.182+0000] {processor.py:153} INFO - Started process (PID=621) to work on /home/airflow/.local/lib/python3.7/site-packages/airflow/example_dags/tutorial.py
[2023-03-12T13:03:13.183+0000] {processor.py:743} INFO - Processing file /home/airflow/.local/lib/python3.7/site-packages/airflow/example_dags/tutorial.py for tasks to queue
[2023-03-12T13:03:13.183+0000] {logging_mixin.py:137} INFO - [2023-03-12T13:03:13.183+0000] {dagbag.py:538} INFO - Filling up the DagBag from /home/airflow/.local/lib/python3.7/site-packages/airflow/example_dags/tutorial.py
[2023-03-12T13:03:13.195+0000] {processor.py:753} INFO - DAG(s) dict_keys(['tutorial']) retrieved from /home/airflow/.local/lib/python3.7/site-packages/airflow/example_dags/tutorial.py
[2023-03-12T13:03:13.220+0000] {logging_mixin.py:137} INFO - [2023-03-12T13:03:13.220+0000] {dag.py:2690} INFO - Sync 1 DAGs
[2023-03-12T13:03:13.246+0000] {logging_mixin.py:137} INFO - [2023-03-12T13:03:13.246+0000] {dag.py:3441} INFO - Setting next_dagrun for tutorial to 2023-03-11T13:03:13.246044+00:00, run_after=2023-03-12T13:03:13.246044+00:00
[2023-03-12T13:03:13.269+0000] {processor.py:175} INFO - Processing /home/airflow/.local/lib/python3.7/site-packages/airflow/example_dags/tutorial.py took 0.090 seconds
[2023-03-12T13:03:43.902+0000] {processor.py:153} INFO - Started process (PID=711) to work on /home/airflow/.local/lib/python3.7/site-packages/airflow/example_dags/tutorial.py
[2023-03-12T13:03:43.903+0000] {processor.py:743} INFO - Processing file /home/airflow/.local/lib/python3.7/site-packages/airflow/example_dags/tutorial.py for tasks to queue
[2023-03-12T13:03:43.904+0000] {logging_mixin.py:137} INFO - [2023-03-12T13:03:43.904+0000] {dagbag.py:538} INFO - Filling up the DagBag from /home/airflow/.local/lib/python3.7/site-packages/airflow/example_dags/tutorial.py
[2023-03-12T13:03:43.915+0000] {processor.py:753} INFO - DAG(s) dict_keys(['tutorial']) retrieved from /home/airflow/.local/lib/python3.7/site-packages/airflow/example_dags/tutorial.py
[2023-03-12T13:03:43.939+0000] {logging_mixin.py:137} INFO - [2023-03-12T13:03:43.939+0000] {dag.py:2690} INFO - Sync 1 DAGs
[2023-03-12T13:03:43.965+0000] {logging_mixin.py:137} INFO - [2023-03-12T13:03:43.965+0000] {dag.py:3441} INFO - Setting next_dagrun for tutorial to 2023-03-11T13:03:43.965588+00:00, run_after=2023-03-12T13:03:43.965588+00:00
[2023-03-12T13:03:43.982+0000] {processor.py:175} INFO - Processing /home/airflow/.local/lib/python3.7/site-packages/airflow/example_dags/tutorial.py took 0.083 seconds
[2023-03-12T13:04:14.707+0000] {processor.py:153} INFO - Started process (PID=825) to work on /home/airflow/.local/lib/python3.7/site-packages/airflow/example_dags/tutorial.py
[2023-03-12T13:04:14.708+0000] {processor.py:743} INFO - Processing file /home/airflow/.local/lib/python3.7/site-packages/airflow/example_dags/tutorial.py for tasks to queue
[2023-03-12T13:04:14.708+0000] {logging_mixin.py:137} INFO - [2023-03-12T13:04:14.708+0000] {dagbag.py:538} INFO - Filling up the DagBag from /home/airflow/.local/lib/python3.7/site-packages/airflow/example_dags/tutorial.py
[2023-03-12T13:04:14.722+0000] {processor.py:753} INFO - DAG(s) dict_keys(['tutorial']) retrieved from /home/airflow/.local/lib/python3.7/site-packages/airflow/example_dags/tutorial.py
[2023-03-12T13:04:14.746+0000] {logging_mixin.py:137} INFO - [2023-03-12T13:04:14.746+0000] {dag.py:2690} INFO - Sync 1 DAGs
[2023-03-12T13:04:14.782+0000] {logging_mixin.py:137} INFO - [2023-03-12T13:04:14.782+0000] {dag.py:3441} INFO - Setting next_dagrun for tutorial to 2023-03-11T13:04:14.781962+00:00, run_after=2023-03-12T13:04:14.781962+00:00
[2023-03-12T13:04:14.801+0000] {processor.py:175} INFO - Processing /home/airflow/.local/lib/python3.7/site-packages/airflow/example_dags/tutorial.py took 0.097 seconds
[2023-03-12T13:04:45.524+0000] {processor.py:153} INFO - Started process (PID=915) to work on /home/airflow/.local/lib/python3.7/site-packages/airflow/example_dags/tutorial.py
[2023-03-12T13:04:45.525+0000] {processor.py:743} INFO - Processing file /home/airflow/.local/lib/python3.7/site-packages/airflow/example_dags/tutorial.py for tasks to queue
[2023-03-12T13:04:45.526+0000] {logging_mixin.py:137} INFO - [2023-03-12T13:04:45.526+0000] {dagbag.py:538} INFO - Filling up the DagBag from /home/airflow/.local/lib/python3.7/site-packages/airflow/example_dags/tutorial.py
[2023-03-12T13:04:45.540+0000] {processor.py:753} INFO - DAG(s) dict_keys(['tutorial']) retrieved from /home/airflow/.local/lib/python3.7/site-packages/airflow/example_dags/tutorial.py
[2023-03-12T13:04:45.565+0000] {logging_mixin.py:137} INFO - [2023-03-12T13:04:45.565+0000] {dag.py:2690} INFO - Sync 1 DAGs
[2023-03-12T13:04:45.591+0000] {logging_mixin.py:137} INFO - [2023-03-12T13:04:45.591+0000] {dag.py:3441} INFO - Setting next_dagrun for tutorial to 2023-03-11T13:04:45.591009+00:00, run_after=2023-03-12T13:04:45.591009+00:00
[2023-03-12T13:04:45.610+0000] {processor.py:175} INFO - Processing /home/airflow/.local/lib/python3.7/site-packages/airflow/example_dags/tutorial.py took 0.089 seconds
[2023-03-12T13:05:16.902+0000] {processor.py:153} INFO - Started process (PID=1015) to work on /home/airflow/.local/lib/python3.7/site-packages/airflow/example_dags/tutorial.py
[2023-03-12T13:05:16.903+0000] {processor.py:743} INFO - Processing file /home/airflow/.local/lib/python3.7/site-packages/airflow/example_dags/tutorial.py for tasks to queue
[2023-03-12T13:05:16.903+0000] {logging_mixin.py:137} INFO - [2023-03-12T13:05:16.903+0000] {dagbag.py:538} INFO - Filling up the DagBag from /home/airflow/.local/lib/python3.7/site-packages/airflow/example_dags/tutorial.py
[2023-03-12T13:05:16.926+0000] {processor.py:753} INFO - DAG(s) dict_keys(['tutorial']) retrieved from /home/airflow/.local/lib/python3.7/site-packages/airflow/example_dags/tutorial.py
[2023-03-12T13:05:16.965+0000] {logging_mixin.py:137} INFO - [2023-03-12T13:05:16.964+0000] {dag.py:2690} INFO - Sync 1 DAGs
[2023-03-12T13:05:17.020+0000] {logging_mixin.py:137} INFO - [2023-03-12T13:05:17.020+0000] {dag.py:3441} INFO - Setting next_dagrun for tutorial to 2023-03-11T13:05:17.019616+00:00, run_after=2023-03-12T13:05:17.019616+00:00
[2023-03-12T13:05:17.056+0000] {processor.py:175} INFO - Processing /home/airflow/.local/lib/python3.7/site-packages/airflow/example_dags/tutorial.py took 0.157 seconds
[2023-03-12T13:05:48.068+0000] {processor.py:153} INFO - Started process (PID=1120) to work on /home/airflow/.local/lib/python3.7/site-packages/airflow/example_dags/tutorial.py
[2023-03-12T13:05:48.069+0000] {processor.py:743} INFO - Processing file /home/airflow/.local/lib/python3.7/site-packages/airflow/example_dags/tutorial.py for tasks to queue
[2023-03-12T13:05:48.070+0000] {logging_mixin.py:137} INFO - [2023-03-12T13:05:48.070+0000] {dagbag.py:538} INFO - Filling up the DagBag from /home/airflow/.local/lib/python3.7/site-packages/airflow/example_dags/tutorial.py
[2023-03-12T13:05:48.082+0000] {processor.py:753} INFO - DAG(s) dict_keys(['tutorial']) retrieved from /home/airflow/.local/lib/python3.7/site-packages/airflow/example_dags/tutorial.py
[2023-03-12T13:05:48.106+0000] {logging_mixin.py:137} INFO - [2023-03-12T13:05:48.106+0000] {dag.py:2690} INFO - Sync 1 DAGs
[2023-03-12T13:05:48.131+0000] {logging_mixin.py:137} INFO - [2023-03-12T13:05:48.131+0000] {dag.py:3441} INFO - Setting next_dagrun for tutorial to 2023-03-11T13:05:48.131002+00:00, run_after=2023-03-12T13:05:48.131002+00:00
[2023-03-12T13:05:48.151+0000] {processor.py:175} INFO - Processing /home/airflow/.local/lib/python3.7/site-packages/airflow/example_dags/tutorial.py took 0.084 seconds
[2023-03-12T13:06:18.285+0000] {processor.py:153} INFO - Started process (PID=1210) to work on /home/airflow/.local/lib/python3.7/site-packages/airflow/example_dags/tutorial.py
[2023-03-12T13:06:18.286+0000] {processor.py:743} INFO - Processing file /home/airflow/.local/lib/python3.7/site-packages/airflow/example_dags/tutorial.py for tasks to queue
[2023-03-12T13:06:18.287+0000] {logging_mixin.py:137} INFO - [2023-03-12T13:06:18.287+0000] {dagbag.py:538} INFO - Filling up the DagBag from /home/airflow/.local/lib/python3.7/site-packages/airflow/example_dags/tutorial.py
[2023-03-12T13:06:18.302+0000] {processor.py:753} INFO - DAG(s) dict_keys(['tutorial']) retrieved from /home/airflow/.local/lib/python3.7/site-packages/airflow/example_dags/tutorial.py
[2023-03-12T13:06:18.331+0000] {logging_mixin.py:137} INFO - [2023-03-12T13:06:18.330+0000] {dag.py:2690} INFO - Sync 1 DAGs
[2023-03-12T13:06:18.364+0000] {logging_mixin.py:137} INFO - [2023-03-12T13:06:18.364+0000] {dag.py:3441} INFO - Setting next_dagrun for tutorial to 2023-03-11T13:06:18.364084+00:00, run_after=2023-03-12T13:06:18.364084+00:00
[2023-03-12T13:06:18.387+0000] {processor.py:175} INFO - Processing /home/airflow/.local/lib/python3.7/site-packages/airflow/example_dags/tutorial.py took 0.106 seconds
[2023-03-12T13:06:49.073+0000] {processor.py:153} INFO - Started process (PID=1334) to work on /home/airflow/.local/lib/python3.7/site-packages/airflow/example_dags/tutorial.py
[2023-03-12T13:06:49.073+0000] {processor.py:743} INFO - Processing file /home/airflow/.local/lib/python3.7/site-packages/airflow/example_dags/tutorial.py for tasks to queue
[2023-03-12T13:06:49.074+0000] {logging_mixin.py:137} INFO - [2023-03-12T13:06:49.074+0000] {dagbag.py:538} INFO - Filling up the DagBag from /home/airflow/.local/lib/python3.7/site-packages/airflow/example_dags/tutorial.py
[2023-03-12T13:06:49.087+0000] {processor.py:753} INFO - DAG(s) dict_keys(['tutorial']) retrieved from /home/airflow/.local/lib/python3.7/site-packages/airflow/example_dags/tutorial.py
[2023-03-12T13:06:49.114+0000] {logging_mixin.py:137} INFO - [2023-03-12T13:06:49.114+0000] {dag.py:2690} INFO - Sync 1 DAGs
[2023-03-12T13:06:49.148+0000] {logging_mixin.py:137} INFO - [2023-03-12T13:06:49.148+0000] {dag.py:3441} INFO - Setting next_dagrun for tutorial to 2023-03-11T13:06:49.148192+00:00, run_after=2023-03-12T13:06:49.148192+00:00
[2023-03-12T13:06:49.170+0000] {processor.py:175} INFO - Processing /home/airflow/.local/lib/python3.7/site-packages/airflow/example_dags/tutorial.py took 0.101 seconds
[2023-03-12T13:07:07.861+0000] {processor.py:153} INFO - Started process (PID=108) to work on /home/airflow/.local/lib/python3.7/site-packages/airflow/example_dags/tutorial.py
[2023-03-12T13:07:07.863+0000] {processor.py:743} INFO - Processing file /home/airflow/.local/lib/python3.7/site-packages/airflow/example_dags/tutorial.py for tasks to queue
[2023-03-12T13:07:07.864+0000] {logging_mixin.py:137} INFO - [2023-03-12T13:07:07.863+0000] {dagbag.py:538} INFO - Filling up the DagBag from /home/airflow/.local/lib/python3.7/site-packages/airflow/example_dags/tutorial.py
[2023-03-12T13:07:07.878+0000] {processor.py:753} INFO - DAG(s) dict_keys(['tutorial']) retrieved from /home/airflow/.local/lib/python3.7/site-packages/airflow/example_dags/tutorial.py
[2023-03-12T13:07:07.954+0000] {logging_mixin.py:137} INFO - [2023-03-12T13:07:07.954+0000] {dag.py:2690} INFO - Sync 1 DAGs
[2023-03-12T13:07:08.065+0000] {logging_mixin.py:137} INFO - [2023-03-12T13:07:08.065+0000] {dag.py:3441} INFO - Setting next_dagrun for tutorial to 2023-03-11T13:07:08.065186+00:00, run_after=2023-03-12T13:07:08.065186+00:00
[2023-03-12T13:07:08.182+0000] {processor.py:175} INFO - Processing /home/airflow/.local/lib/python3.7/site-packages/airflow/example_dags/tutorial.py took 0.324 seconds
[2023-03-12T13:07:38.680+0000] {processor.py:153} INFO - Started process (PID=212) to work on /home/airflow/.local/lib/python3.7/site-packages/airflow/example_dags/tutorial.py
[2023-03-12T13:07:38.681+0000] {processor.py:743} INFO - Processing file /home/airflow/.local/lib/python3.7/site-packages/airflow/example_dags/tutorial.py for tasks to queue
[2023-03-12T13:07:38.682+0000] {logging_mixin.py:137} INFO - [2023-03-12T13:07:38.682+0000] {dagbag.py:538} INFO - Filling up the DagBag from /home/airflow/.local/lib/python3.7/site-packages/airflow/example_dags/tutorial.py
[2023-03-12T13:07:38.694+0000] {processor.py:753} INFO - DAG(s) dict_keys(['tutorial']) retrieved from /home/airflow/.local/lib/python3.7/site-packages/airflow/example_dags/tutorial.py
[2023-03-12T13:07:38.721+0000] {logging_mixin.py:137} INFO - [2023-03-12T13:07:38.720+0000] {dag.py:2690} INFO - Sync 1 DAGs
[2023-03-12T13:07:38.748+0000] {logging_mixin.py:137} INFO - [2023-03-12T13:07:38.748+0000] {dag.py:3441} INFO - Setting next_dagrun for tutorial to 2023-03-11T13:07:38.748545+00:00, run_after=2023-03-12T13:07:38.748545+00:00
[2023-03-12T13:07:38.769+0000] {processor.py:175} INFO - Processing /home/airflow/.local/lib/python3.7/site-packages/airflow/example_dags/tutorial.py took 0.092 seconds
[2023-03-12T13:08:09.429+0000] {processor.py:153} INFO - Started process (PID=302) to work on /home/airflow/.local/lib/python3.7/site-packages/airflow/example_dags/tutorial.py
[2023-03-12T13:08:09.430+0000] {processor.py:743} INFO - Processing file /home/airflow/.local/lib/python3.7/site-packages/airflow/example_dags/tutorial.py for tasks to queue
[2023-03-12T13:08:09.431+0000] {logging_mixin.py:137} INFO - [2023-03-12T13:08:09.431+0000] {dagbag.py:538} INFO - Filling up the DagBag from /home/airflow/.local/lib/python3.7/site-packages/airflow/example_dags/tutorial.py
[2023-03-12T13:08:09.443+0000] {processor.py:753} INFO - DAG(s) dict_keys(['tutorial']) retrieved from /home/airflow/.local/lib/python3.7/site-packages/airflow/example_dags/tutorial.py
[2023-03-12T13:08:09.478+0000] {logging_mixin.py:137} INFO - [2023-03-12T13:08:09.478+0000] {dag.py:2690} INFO - Sync 1 DAGs
[2023-03-12T13:08:09.508+0000] {logging_mixin.py:137} INFO - [2023-03-12T13:08:09.508+0000] {dag.py:3441} INFO - Setting next_dagrun for tutorial to 2023-03-11T13:08:09.508425+00:00, run_after=2023-03-12T13:08:09.508425+00:00
[2023-03-12T13:08:09.526+0000] {processor.py:175} INFO - Processing /home/airflow/.local/lib/python3.7/site-packages/airflow/example_dags/tutorial.py took 0.099 seconds
[2023-03-12T13:08:40.391+0000] {processor.py:153} INFO - Started process (PID=417) to work on /home/airflow/.local/lib/python3.7/site-packages/airflow/example_dags/tutorial.py
[2023-03-12T13:08:40.392+0000] {processor.py:743} INFO - Processing file /home/airflow/.local/lib/python3.7/site-packages/airflow/example_dags/tutorial.py for tasks to queue
[2023-03-12T13:08:40.393+0000] {logging_mixin.py:137} INFO - [2023-03-12T13:08:40.393+0000] {dagbag.py:538} INFO - Filling up the DagBag from /home/airflow/.local/lib/python3.7/site-packages/airflow/example_dags/tutorial.py
[2023-03-12T13:08:40.406+0000] {processor.py:753} INFO - DAG(s) dict_keys(['tutorial']) retrieved from /home/airflow/.local/lib/python3.7/site-packages/airflow/example_dags/tutorial.py
[2023-03-12T13:08:40.433+0000] {logging_mixin.py:137} INFO - [2023-03-12T13:08:40.433+0000] {dag.py:2690} INFO - Sync 1 DAGs
[2023-03-12T13:08:40.459+0000] {logging_mixin.py:137} INFO - [2023-03-12T13:08:40.459+0000] {dag.py:3441} INFO - Setting next_dagrun for tutorial to 2023-03-11T13:08:40.459430+00:00, run_after=2023-03-12T13:08:40.459430+00:00
[2023-03-12T13:08:40.478+0000] {processor.py:175} INFO - Processing /home/airflow/.local/lib/python3.7/site-packages/airflow/example_dags/tutorial.py took 0.090 seconds
[2023-03-12T13:08:59.250+0000] {processor.py:153} INFO - Started process (PID=99) to work on /home/airflow/.local/lib/python3.7/site-packages/airflow/example_dags/tutorial.py
[2023-03-12T13:08:59.256+0000] {processor.py:743} INFO - Processing file /home/airflow/.local/lib/python3.7/site-packages/airflow/example_dags/tutorial.py for tasks to queue
[2023-03-12T13:08:59.256+0000] {logging_mixin.py:137} INFO - [2023-03-12T13:08:59.256+0000] {dagbag.py:538} INFO - Filling up the DagBag from /home/airflow/.local/lib/python3.7/site-packages/airflow/example_dags/tutorial.py
[2023-03-12T13:08:59.270+0000] {processor.py:753} INFO - DAG(s) dict_keys(['tutorial']) retrieved from /home/airflow/.local/lib/python3.7/site-packages/airflow/example_dags/tutorial.py
[2023-03-12T13:08:59.282+0000] {logging_mixin.py:137} INFO - [2023-03-12T13:08:59.282+0000] {dag.py:2690} INFO - Sync 1 DAGs
[2023-03-12T13:08:59.320+0000] {logging_mixin.py:137} INFO - [2023-03-12T13:08:59.320+0000] {dag.py:3441} INFO - Setting next_dagrun for tutorial to 2023-03-11T13:08:59.320206+00:00, run_after=2023-03-12T13:08:59.320206+00:00
[2023-03-12T13:08:59.339+0000] {processor.py:175} INFO - Processing /home/airflow/.local/lib/python3.7/site-packages/airflow/example_dags/tutorial.py took 0.092 seconds
[2023-03-12T13:09:30.188+0000] {processor.py:153} INFO - Started process (PID=213) to work on /home/airflow/.local/lib/python3.7/site-packages/airflow/example_dags/tutorial.py
[2023-03-12T13:09:30.189+0000] {processor.py:743} INFO - Processing file /home/airflow/.local/lib/python3.7/site-packages/airflow/example_dags/tutorial.py for tasks to queue
[2023-03-12T13:09:30.189+0000] {logging_mixin.py:137} INFO - [2023-03-12T13:09:30.189+0000] {dagbag.py:538} INFO - Filling up the DagBag from /home/airflow/.local/lib/python3.7/site-packages/airflow/example_dags/tutorial.py
[2023-03-12T13:09:30.201+0000] {processor.py:753} INFO - DAG(s) dict_keys(['tutorial']) retrieved from /home/airflow/.local/lib/python3.7/site-packages/airflow/example_dags/tutorial.py
[2023-03-12T13:09:30.226+0000] {logging_mixin.py:137} INFO - [2023-03-12T13:09:30.225+0000] {dag.py:2690} INFO - Sync 1 DAGs
[2023-03-12T13:09:30.253+0000] {logging_mixin.py:137} INFO - [2023-03-12T13:09:30.252+0000] {dag.py:3441} INFO - Setting next_dagrun for tutorial to 2023-03-11T13:09:30.252654+00:00, run_after=2023-03-12T13:09:30.252654+00:00
[2023-03-12T13:09:30.270+0000] {processor.py:175} INFO - Processing /home/airflow/.local/lib/python3.7/site-packages/airflow/example_dags/tutorial.py took 0.085 seconds
[2023-03-12T13:10:01.006+0000] {processor.py:153} INFO - Started process (PID=303) to work on /home/airflow/.local/lib/python3.7/site-packages/airflow/example_dags/tutorial.py
[2023-03-12T13:10:01.007+0000] {processor.py:743} INFO - Processing file /home/airflow/.local/lib/python3.7/site-packages/airflow/example_dags/tutorial.py for tasks to queue
[2023-03-12T13:10:01.007+0000] {logging_mixin.py:137} INFO - [2023-03-12T13:10:01.007+0000] {dagbag.py:538} INFO - Filling up the DagBag from /home/airflow/.local/lib/python3.7/site-packages/airflow/example_dags/tutorial.py
[2023-03-12T13:10:01.019+0000] {processor.py:753} INFO - DAG(s) dict_keys(['tutorial']) retrieved from /home/airflow/.local/lib/python3.7/site-packages/airflow/example_dags/tutorial.py
[2023-03-12T13:10:01.041+0000] {logging_mixin.py:137} INFO - [2023-03-12T13:10:01.041+0000] {dag.py:2690} INFO - Sync 1 DAGs
[2023-03-12T13:10:01.072+0000] {logging_mixin.py:137} INFO - [2023-03-12T13:10:01.072+0000] {dag.py:3441} INFO - Setting next_dagrun for tutorial to 2023-03-11T13:10:01.071958+00:00, run_after=2023-03-12T13:10:01.071958+00:00
[2023-03-12T13:10:01.091+0000] {processor.py:175} INFO - Processing /home/airflow/.local/lib/python3.7/site-packages/airflow/example_dags/tutorial.py took 0.088 seconds
[2023-03-12T13:10:32.281+0000] {processor.py:153} INFO - Started process (PID=427) to work on /home/airflow/.local/lib/python3.7/site-packages/airflow/example_dags/tutorial.py
[2023-03-12T13:10:32.282+0000] {processor.py:743} INFO - Processing file /home/airflow/.local/lib/python3.7/site-packages/airflow/example_dags/tutorial.py for tasks to queue
[2023-03-12T13:10:32.283+0000] {logging_mixin.py:137} INFO - [2023-03-12T13:10:32.282+0000] {dagbag.py:538} INFO - Filling up the DagBag from /home/airflow/.local/lib/python3.7/site-packages/airflow/example_dags/tutorial.py
[2023-03-12T13:10:32.297+0000] {processor.py:753} INFO - DAG(s) dict_keys(['tutorial']) retrieved from /home/airflow/.local/lib/python3.7/site-packages/airflow/example_dags/tutorial.py
[2023-03-12T13:10:32.324+0000] {logging_mixin.py:137} INFO - [2023-03-12T13:10:32.323+0000] {dag.py:2690} INFO - Sync 1 DAGs
[2023-03-12T13:10:32.354+0000] {logging_mixin.py:137} INFO - [2023-03-12T13:10:32.354+0000] {dag.py:3441} INFO - Setting next_dagrun for tutorial to 2023-03-11T13:10:32.353810+00:00, run_after=2023-03-12T13:10:32.353810+00:00
[2023-03-12T13:10:32.372+0000] {processor.py:175} INFO - Processing /home/airflow/.local/lib/python3.7/site-packages/airflow/example_dags/tutorial.py took 0.094 seconds
[2023-03-12T13:11:03.432+0000] {processor.py:153} INFO - Started process (PID=521) to work on /home/airflow/.local/lib/python3.7/site-packages/airflow/example_dags/tutorial.py
[2023-03-12T13:11:03.433+0000] {processor.py:743} INFO - Processing file /home/airflow/.local/lib/python3.7/site-packages/airflow/example_dags/tutorial.py for tasks to queue
[2023-03-12T13:11:03.433+0000] {logging_mixin.py:137} INFO - [2023-03-12T13:11:03.433+0000] {dagbag.py:538} INFO - Filling up the DagBag from /home/airflow/.local/lib/python3.7/site-packages/airflow/example_dags/tutorial.py
[2023-03-12T13:11:03.445+0000] {processor.py:753} INFO - DAG(s) dict_keys(['tutorial']) retrieved from /home/airflow/.local/lib/python3.7/site-packages/airflow/example_dags/tutorial.py
[2023-03-12T13:11:03.474+0000] {logging_mixin.py:137} INFO - [2023-03-12T13:11:03.473+0000] {dag.py:2690} INFO - Sync 1 DAGs
[2023-03-12T13:11:03.502+0000] {logging_mixin.py:137} INFO - [2023-03-12T13:11:03.502+0000] {dag.py:3441} INFO - Setting next_dagrun for tutorial to 2023-03-11T13:11:03.501872+00:00, run_after=2023-03-12T13:11:03.501872+00:00
[2023-03-12T13:11:03.520+0000] {processor.py:175} INFO - Processing /home/airflow/.local/lib/python3.7/site-packages/airflow/example_dags/tutorial.py took 0.090 seconds
[2023-03-12T13:11:34.675+0000] {processor.py:153} INFO - Started process (PID=635) to work on /home/airflow/.local/lib/python3.7/site-packages/airflow/example_dags/tutorial.py
[2023-03-12T13:11:34.676+0000] {processor.py:743} INFO - Processing file /home/airflow/.local/lib/python3.7/site-packages/airflow/example_dags/tutorial.py for tasks to queue
[2023-03-12T13:11:34.677+0000] {logging_mixin.py:137} INFO - [2023-03-12T13:11:34.677+0000] {dagbag.py:538} INFO - Filling up the DagBag from /home/airflow/.local/lib/python3.7/site-packages/airflow/example_dags/tutorial.py
[2023-03-12T13:11:34.689+0000] {processor.py:753} INFO - DAG(s) dict_keys(['tutorial']) retrieved from /home/airflow/.local/lib/python3.7/site-packages/airflow/example_dags/tutorial.py
[2023-03-12T13:11:34.715+0000] {logging_mixin.py:137} INFO - [2023-03-12T13:11:34.714+0000] {dag.py:2690} INFO - Sync 1 DAGs
[2023-03-12T13:11:34.745+0000] {logging_mixin.py:137} INFO - [2023-03-12T13:11:34.745+0000] {dag.py:3441} INFO - Setting next_dagrun for tutorial to 2023-03-11T13:11:34.745539+00:00, run_after=2023-03-12T13:11:34.745539+00:00
[2023-03-12T13:11:34.768+0000] {processor.py:175} INFO - Processing /home/airflow/.local/lib/python3.7/site-packages/airflow/example_dags/tutorial.py took 0.096 seconds
[2023-03-12T13:12:05.831+0000] {processor.py:153} INFO - Started process (PID=729) to work on /home/airflow/.local/lib/python3.7/site-packages/airflow/example_dags/tutorial.py
[2023-03-12T13:12:05.831+0000] {processor.py:743} INFO - Processing file /home/airflow/.local/lib/python3.7/site-packages/airflow/example_dags/tutorial.py for tasks to queue
[2023-03-12T13:12:05.832+0000] {logging_mixin.py:137} INFO - [2023-03-12T13:12:05.832+0000] {dagbag.py:538} INFO - Filling up the DagBag from /home/airflow/.local/lib/python3.7/site-packages/airflow/example_dags/tutorial.py
[2023-03-12T13:12:05.846+0000] {processor.py:753} INFO - DAG(s) dict_keys(['tutorial']) retrieved from /home/airflow/.local/lib/python3.7/site-packages/airflow/example_dags/tutorial.py
[2023-03-12T13:12:05.872+0000] {logging_mixin.py:137} INFO - [2023-03-12T13:12:05.872+0000] {dag.py:2690} INFO - Sync 1 DAGs
[2023-03-12T13:12:05.899+0000] {logging_mixin.py:137} INFO - [2023-03-12T13:12:05.899+0000] {dag.py:3441} INFO - Setting next_dagrun for tutorial to 2023-03-11T13:12:05.899177+00:00, run_after=2023-03-12T13:12:05.899177+00:00
[2023-03-12T13:12:05.918+0000] {processor.py:175} INFO - Processing /home/airflow/.local/lib/python3.7/site-packages/airflow/example_dags/tutorial.py took 0.090 seconds
[2023-03-12T13:12:37.012+0000] {processor.py:153} INFO - Started process (PID=843) to work on /home/airflow/.local/lib/python3.7/site-packages/airflow/example_dags/tutorial.py
[2023-03-12T13:12:37.013+0000] {processor.py:743} INFO - Processing file /home/airflow/.local/lib/python3.7/site-packages/airflow/example_dags/tutorial.py for tasks to queue
[2023-03-12T13:12:37.014+0000] {logging_mixin.py:137} INFO - [2023-03-12T13:12:37.014+0000] {dagbag.py:538} INFO - Filling up the DagBag from /home/airflow/.local/lib/python3.7/site-packages/airflow/example_dags/tutorial.py
[2023-03-12T13:12:37.026+0000] {processor.py:753} INFO - DAG(s) dict_keys(['tutorial']) retrieved from /home/airflow/.local/lib/python3.7/site-packages/airflow/example_dags/tutorial.py
[2023-03-12T13:12:37.054+0000] {logging_mixin.py:137} INFO - [2023-03-12T13:12:37.053+0000] {dag.py:2690} INFO - Sync 1 DAGs
[2023-03-12T13:12:37.081+0000] {logging_mixin.py:137} INFO - [2023-03-12T13:12:37.081+0000] {dag.py:3441} INFO - Setting next_dagrun for tutorial to 2023-03-11T13:12:37.081325+00:00, run_after=2023-03-12T13:12:37.081325+00:00
[2023-03-12T13:12:37.099+0000] {processor.py:175} INFO - Processing /home/airflow/.local/lib/python3.7/site-packages/airflow/example_dags/tutorial.py took 0.090 seconds
[2023-03-12T13:13:07.206+0000] {processor.py:153} INFO - Started process (PID=937) to work on /home/airflow/.local/lib/python3.7/site-packages/airflow/example_dags/tutorial.py
[2023-03-12T13:13:07.207+0000] {processor.py:743} INFO - Processing file /home/airflow/.local/lib/python3.7/site-packages/airflow/example_dags/tutorial.py for tasks to queue
[2023-03-12T13:13:07.207+0000] {logging_mixin.py:137} INFO - [2023-03-12T13:13:07.207+0000] {dagbag.py:538} INFO - Filling up the DagBag from /home/airflow/.local/lib/python3.7/site-packages/airflow/example_dags/tutorial.py
[2023-03-12T13:13:07.220+0000] {processor.py:753} INFO - DAG(s) dict_keys(['tutorial']) retrieved from /home/airflow/.local/lib/python3.7/site-packages/airflow/example_dags/tutorial.py
[2023-03-12T13:13:07.244+0000] {logging_mixin.py:137} INFO - [2023-03-12T13:13:07.244+0000] {dag.py:2690} INFO - Sync 1 DAGs
[2023-03-12T13:13:07.272+0000] {logging_mixin.py:137} INFO - [2023-03-12T13:13:07.272+0000] {dag.py:3441} INFO - Setting next_dagrun for tutorial to 2023-03-11T13:13:07.271880+00:00, run_after=2023-03-12T13:13:07.271880+00:00
[2023-03-12T13:13:07.289+0000] {processor.py:175} INFO - Processing /home/airflow/.local/lib/python3.7/site-packages/airflow/example_dags/tutorial.py took 0.086 seconds
[2023-03-12T13:13:38.304+0000] {processor.py:153} INFO - Started process (PID=1034) to work on /home/airflow/.local/lib/python3.7/site-packages/airflow/example_dags/tutorial.py
[2023-03-12T13:13:38.305+0000] {processor.py:743} INFO - Processing file /home/airflow/.local/lib/python3.7/site-packages/airflow/example_dags/tutorial.py for tasks to queue
[2023-03-12T13:13:38.306+0000] {logging_mixin.py:137} INFO - [2023-03-12T13:13:38.305+0000] {dagbag.py:538} INFO - Filling up the DagBag from /home/airflow/.local/lib/python3.7/site-packages/airflow/example_dags/tutorial.py
[2023-03-12T13:13:38.319+0000] {processor.py:753} INFO - DAG(s) dict_keys(['tutorial']) retrieved from /home/airflow/.local/lib/python3.7/site-packages/airflow/example_dags/tutorial.py
[2023-03-12T13:13:38.344+0000] {logging_mixin.py:137} INFO - [2023-03-12T13:13:38.343+0000] {dag.py:2690} INFO - Sync 1 DAGs
[2023-03-12T13:13:38.372+0000] {logging_mixin.py:137} INFO - [2023-03-12T13:13:38.372+0000] {dag.py:3441} INFO - Setting next_dagrun for tutorial to 2023-03-11T13:13:38.371950+00:00, run_after=2023-03-12T13:13:38.371950+00:00
[2023-03-12T13:13:38.390+0000] {processor.py:175} INFO - Processing /home/airflow/.local/lib/python3.7/site-packages/airflow/example_dags/tutorial.py took 0.090 seconds
[2023-03-12T13:14:08.512+0000] {processor.py:153} INFO - Started process (PID=1145) to work on /home/airflow/.local/lib/python3.7/site-packages/airflow/example_dags/tutorial.py
[2023-03-12T13:14:08.512+0000] {processor.py:743} INFO - Processing file /home/airflow/.local/lib/python3.7/site-packages/airflow/example_dags/tutorial.py for tasks to queue
[2023-03-12T13:14:08.513+0000] {logging_mixin.py:137} INFO - [2023-03-12T13:14:08.513+0000] {dagbag.py:538} INFO - Filling up the DagBag from /home/airflow/.local/lib/python3.7/site-packages/airflow/example_dags/tutorial.py
[2023-03-12T13:14:08.525+0000] {processor.py:753} INFO - DAG(s) dict_keys(['tutorial']) retrieved from /home/airflow/.local/lib/python3.7/site-packages/airflow/example_dags/tutorial.py
[2023-03-12T13:14:08.553+0000] {logging_mixin.py:137} INFO - [2023-03-12T13:14:08.553+0000] {dag.py:2690} INFO - Sync 1 DAGs
[2023-03-12T13:14:08.579+0000] {logging_mixin.py:137} INFO - [2023-03-12T13:14:08.579+0000] {dag.py:3441} INFO - Setting next_dagrun for tutorial to 2023-03-11T13:14:08.579526+00:00, run_after=2023-03-12T13:14:08.579526+00:00
[2023-03-12T13:14:08.598+0000] {processor.py:175} INFO - Processing /home/airflow/.local/lib/python3.7/site-packages/airflow/example_dags/tutorial.py took 0.089 seconds
[2023-03-12T13:14:38.740+0000] {processor.py:153} INFO - Started process (PID=1235) to work on /home/airflow/.local/lib/python3.7/site-packages/airflow/example_dags/tutorial.py
[2023-03-12T13:14:38.741+0000] {processor.py:743} INFO - Processing file /home/airflow/.local/lib/python3.7/site-packages/airflow/example_dags/tutorial.py for tasks to queue
[2023-03-12T13:14:38.742+0000] {logging_mixin.py:137} INFO - [2023-03-12T13:14:38.741+0000] {dagbag.py:538} INFO - Filling up the DagBag from /home/airflow/.local/lib/python3.7/site-packages/airflow/example_dags/tutorial.py
[2023-03-12T13:14:38.755+0000] {processor.py:753} INFO - DAG(s) dict_keys(['tutorial']) retrieved from /home/airflow/.local/lib/python3.7/site-packages/airflow/example_dags/tutorial.py
[2023-03-12T13:14:38.780+0000] {logging_mixin.py:137} INFO - [2023-03-12T13:14:38.780+0000] {dag.py:2690} INFO - Sync 1 DAGs
[2023-03-12T13:14:38.809+0000] {logging_mixin.py:137} INFO - [2023-03-12T13:14:38.809+0000] {dag.py:3441} INFO - Setting next_dagrun for tutorial to 2023-03-11T13:14:38.808898+00:00, run_after=2023-03-12T13:14:38.808898+00:00
[2023-03-12T13:14:38.829+0000] {processor.py:175} INFO - Processing /home/airflow/.local/lib/python3.7/site-packages/airflow/example_dags/tutorial.py took 0.092 seconds
[2023-03-12T13:15:09.219+0000] {processor.py:153} INFO - Started process (PID=1353) to work on /home/airflow/.local/lib/python3.7/site-packages/airflow/example_dags/tutorial.py
[2023-03-12T13:15:09.220+0000] {processor.py:743} INFO - Processing file /home/airflow/.local/lib/python3.7/site-packages/airflow/example_dags/tutorial.py for tasks to queue
[2023-03-12T13:15:09.220+0000] {logging_mixin.py:137} INFO - [2023-03-12T13:15:09.220+0000] {dagbag.py:538} INFO - Filling up the DagBag from /home/airflow/.local/lib/python3.7/site-packages/airflow/example_dags/tutorial.py
[2023-03-12T13:15:09.233+0000] {processor.py:753} INFO - DAG(s) dict_keys(['tutorial']) retrieved from /home/airflow/.local/lib/python3.7/site-packages/airflow/example_dags/tutorial.py
[2023-03-12T13:15:09.264+0000] {logging_mixin.py:137} INFO - [2023-03-12T13:15:09.263+0000] {dag.py:2690} INFO - Sync 1 DAGs
[2023-03-12T13:15:09.295+0000] {logging_mixin.py:137} INFO - [2023-03-12T13:15:09.295+0000] {dag.py:3441} INFO - Setting next_dagrun for tutorial to 2023-03-11T13:15:09.295242+00:00, run_after=2023-03-12T13:15:09.295242+00:00
[2023-03-12T13:15:09.315+0000] {processor.py:175} INFO - Processing /home/airflow/.local/lib/python3.7/site-packages/airflow/example_dags/tutorial.py took 0.099 seconds
[2023-03-12T13:15:39.399+0000] {processor.py:153} INFO - Started process (PID=1443) to work on /home/airflow/.local/lib/python3.7/site-packages/airflow/example_dags/tutorial.py
[2023-03-12T13:15:39.400+0000] {processor.py:743} INFO - Processing file /home/airflow/.local/lib/python3.7/site-packages/airflow/example_dags/tutorial.py for tasks to queue
[2023-03-12T13:15:39.401+0000] {logging_mixin.py:137} INFO - [2023-03-12T13:15:39.401+0000] {dagbag.py:538} INFO - Filling up the DagBag from /home/airflow/.local/lib/python3.7/site-packages/airflow/example_dags/tutorial.py
[2023-03-12T13:15:39.415+0000] {processor.py:753} INFO - DAG(s) dict_keys(['tutorial']) retrieved from /home/airflow/.local/lib/python3.7/site-packages/airflow/example_dags/tutorial.py
[2023-03-12T13:15:39.439+0000] {logging_mixin.py:137} INFO - [2023-03-12T13:15:39.438+0000] {dag.py:2690} INFO - Sync 1 DAGs
[2023-03-12T13:15:39.467+0000] {logging_mixin.py:137} INFO - [2023-03-12T13:15:39.467+0000] {dag.py:3441} INFO - Setting next_dagrun for tutorial to 2023-03-11T13:15:39.467296+00:00, run_after=2023-03-12T13:15:39.467296+00:00
[2023-03-12T13:15:39.487+0000] {processor.py:175} INFO - Processing /home/airflow/.local/lib/python3.7/site-packages/airflow/example_dags/tutorial.py took 0.090 seconds
[2023-03-12T13:16:15.255+0000] {processor.py:153} INFO - Started process (PID=100) to work on /home/airflow/.local/lib/python3.7/site-packages/airflow/example_dags/tutorial.py
[2023-03-12T13:16:15.256+0000] {processor.py:743} INFO - Processing file /home/airflow/.local/lib/python3.7/site-packages/airflow/example_dags/tutorial.py for tasks to queue
[2023-03-12T13:16:15.257+0000] {logging_mixin.py:137} INFO - [2023-03-12T13:16:15.257+0000] {dagbag.py:538} INFO - Filling up the DagBag from /home/airflow/.local/lib/python3.7/site-packages/airflow/example_dags/tutorial.py
[2023-03-12T13:16:15.273+0000] {processor.py:753} INFO - DAG(s) dict_keys(['tutorial']) retrieved from /home/airflow/.local/lib/python3.7/site-packages/airflow/example_dags/tutorial.py
[2023-03-12T13:16:15.288+0000] {logging_mixin.py:137} INFO - [2023-03-12T13:16:15.287+0000] {dag.py:2690} INFO - Sync 1 DAGs
[2023-03-12T13:16:15.326+0000] {logging_mixin.py:137} INFO - [2023-03-12T13:16:15.326+0000] {dag.py:3441} INFO - Setting next_dagrun for tutorial to 2023-03-11T13:16:15.326392+00:00, run_after=2023-03-12T13:16:15.326392+00:00
[2023-03-12T13:16:15.355+0000] {processor.py:175} INFO - Processing /home/airflow/.local/lib/python3.7/site-packages/airflow/example_dags/tutorial.py took 0.105 seconds
[2023-03-12T13:16:46.165+0000] {processor.py:153} INFO - Started process (PID=215) to work on /home/airflow/.local/lib/python3.7/site-packages/airflow/example_dags/tutorial.py
[2023-03-12T13:16:46.166+0000] {processor.py:743} INFO - Processing file /home/airflow/.local/lib/python3.7/site-packages/airflow/example_dags/tutorial.py for tasks to queue
[2023-03-12T13:16:46.166+0000] {logging_mixin.py:137} INFO - [2023-03-12T13:16:46.166+0000] {dagbag.py:538} INFO - Filling up the DagBag from /home/airflow/.local/lib/python3.7/site-packages/airflow/example_dags/tutorial.py
[2023-03-12T13:16:46.179+0000] {processor.py:753} INFO - DAG(s) dict_keys(['tutorial']) retrieved from /home/airflow/.local/lib/python3.7/site-packages/airflow/example_dags/tutorial.py
[2023-03-12T13:16:46.204+0000] {logging_mixin.py:137} INFO - [2023-03-12T13:16:46.204+0000] {dag.py:2690} INFO - Sync 1 DAGs
[2023-03-12T13:16:46.230+0000] {logging_mixin.py:137} INFO - [2023-03-12T13:16:46.230+0000] {dag.py:3441} INFO - Setting next_dagrun for tutorial to 2023-03-11T13:16:46.230150+00:00, run_after=2023-03-12T13:16:46.230150+00:00
[2023-03-12T13:16:46.249+0000] {processor.py:175} INFO - Processing /home/airflow/.local/lib/python3.7/site-packages/airflow/example_dags/tutorial.py took 0.087 seconds
[2023-03-12T13:17:17.544+0000] {processor.py:153} INFO - Started process (PID=310) to work on /home/airflow/.local/lib/python3.7/site-packages/airflow/example_dags/tutorial.py
[2023-03-12T13:17:17.545+0000] {processor.py:743} INFO - Processing file /home/airflow/.local/lib/python3.7/site-packages/airflow/example_dags/tutorial.py for tasks to queue
[2023-03-12T13:17:17.546+0000] {logging_mixin.py:137} INFO - [2023-03-12T13:17:17.545+0000] {dagbag.py:538} INFO - Filling up the DagBag from /home/airflow/.local/lib/python3.7/site-packages/airflow/example_dags/tutorial.py
[2023-03-12T13:17:17.563+0000] {processor.py:753} INFO - DAG(s) dict_keys(['tutorial']) retrieved from /home/airflow/.local/lib/python3.7/site-packages/airflow/example_dags/tutorial.py
[2023-03-12T13:17:17.587+0000] {logging_mixin.py:137} INFO - [2023-03-12T13:17:17.587+0000] {dag.py:2690} INFO - Sync 1 DAGs
[2023-03-12T13:17:17.617+0000] {logging_mixin.py:137} INFO - [2023-03-12T13:17:17.616+0000] {dag.py:3441} INFO - Setting next_dagrun for tutorial to 2023-03-11T13:17:17.616701+00:00, run_after=2023-03-12T13:17:17.616701+00:00
[2023-03-12T13:17:17.634+0000] {processor.py:175} INFO - Processing /home/airflow/.local/lib/python3.7/site-packages/airflow/example_dags/tutorial.py took 0.092 seconds
[2023-03-12T13:17:48.084+0000] {processor.py:153} INFO - Started process (PID=425) to work on /home/airflow/.local/lib/python3.7/site-packages/airflow/example_dags/tutorial.py
[2023-03-12T13:17:48.085+0000] {processor.py:743} INFO - Processing file /home/airflow/.local/lib/python3.7/site-packages/airflow/example_dags/tutorial.py for tasks to queue
[2023-03-12T13:17:48.085+0000] {logging_mixin.py:137} INFO - [2023-03-12T13:17:48.085+0000] {dagbag.py:538} INFO - Filling up the DagBag from /home/airflow/.local/lib/python3.7/site-packages/airflow/example_dags/tutorial.py
[2023-03-12T13:17:48.098+0000] {processor.py:753} INFO - DAG(s) dict_keys(['tutorial']) retrieved from /home/airflow/.local/lib/python3.7/site-packages/airflow/example_dags/tutorial.py
[2023-03-12T13:17:48.121+0000] {logging_mixin.py:137} INFO - [2023-03-12T13:17:48.121+0000] {dag.py:2690} INFO - Sync 1 DAGs
[2023-03-12T13:17:48.150+0000] {logging_mixin.py:137} INFO - [2023-03-12T13:17:48.149+0000] {dag.py:3441} INFO - Setting next_dagrun for tutorial to 2023-03-11T13:17:48.149740+00:00, run_after=2023-03-12T13:17:48.149740+00:00
[2023-03-12T13:17:48.172+0000] {processor.py:175} INFO - Processing /home/airflow/.local/lib/python3.7/site-packages/airflow/example_dags/tutorial.py took 0.090 seconds
[2023-03-12T13:18:18.221+0000] {processor.py:153} INFO - Started process (PID=523) to work on /home/airflow/.local/lib/python3.7/site-packages/airflow/example_dags/tutorial.py
[2023-03-12T13:18:18.221+0000] {processor.py:743} INFO - Processing file /home/airflow/.local/lib/python3.7/site-packages/airflow/example_dags/tutorial.py for tasks to queue
[2023-03-12T13:18:18.222+0000] {logging_mixin.py:137} INFO - [2023-03-12T13:18:18.222+0000] {dagbag.py:538} INFO - Filling up the DagBag from /home/airflow/.local/lib/python3.7/site-packages/airflow/example_dags/tutorial.py
[2023-03-12T13:18:18.234+0000] {processor.py:753} INFO - DAG(s) dict_keys(['tutorial']) retrieved from /home/airflow/.local/lib/python3.7/site-packages/airflow/example_dags/tutorial.py
[2023-03-12T13:18:18.259+0000] {logging_mixin.py:137} INFO - [2023-03-12T13:18:18.259+0000] {dag.py:2690} INFO - Sync 1 DAGs
[2023-03-12T13:18:18.285+0000] {logging_mixin.py:137} INFO - [2023-03-12T13:18:18.285+0000] {dag.py:3441} INFO - Setting next_dagrun for tutorial to 2023-03-11T13:18:18.285386+00:00, run_after=2023-03-12T13:18:18.285386+00:00
[2023-03-12T13:18:18.302+0000] {processor.py:175} INFO - Processing /home/airflow/.local/lib/python3.7/site-packages/airflow/example_dags/tutorial.py took 0.084 seconds
[2023-03-12T13:18:49.330+0000] {processor.py:153} INFO - Started process (PID=637) to work on /home/airflow/.local/lib/python3.7/site-packages/airflow/example_dags/tutorial.py
[2023-03-12T13:18:49.330+0000] {processor.py:743} INFO - Processing file /home/airflow/.local/lib/python3.7/site-packages/airflow/example_dags/tutorial.py for tasks to queue
[2023-03-12T13:18:49.331+0000] {logging_mixin.py:137} INFO - [2023-03-12T13:18:49.331+0000] {dagbag.py:538} INFO - Filling up the DagBag from /home/airflow/.local/lib/python3.7/site-packages/airflow/example_dags/tutorial.py
[2023-03-12T13:18:49.343+0000] {processor.py:753} INFO - DAG(s) dict_keys(['tutorial']) retrieved from /home/airflow/.local/lib/python3.7/site-packages/airflow/example_dags/tutorial.py
[2023-03-12T13:18:49.366+0000] {logging_mixin.py:137} INFO - [2023-03-12T13:18:49.366+0000] {dag.py:2690} INFO - Sync 1 DAGs
[2023-03-12T13:18:49.391+0000] {logging_mixin.py:137} INFO - [2023-03-12T13:18:49.391+0000] {dag.py:3441} INFO - Setting next_dagrun for tutorial to 2023-03-11T13:18:49.390944+00:00, run_after=2023-03-12T13:18:49.390944+00:00
[2023-03-12T13:18:49.408+0000] {processor.py:175} INFO - Processing /home/airflow/.local/lib/python3.7/site-packages/airflow/example_dags/tutorial.py took 0.081 seconds
[2023-03-12T13:19:19.513+0000] {processor.py:153} INFO - Started process (PID=732) to work on /home/airflow/.local/lib/python3.7/site-packages/airflow/example_dags/tutorial.py
[2023-03-12T13:19:19.514+0000] {processor.py:743} INFO - Processing file /home/airflow/.local/lib/python3.7/site-packages/airflow/example_dags/tutorial.py for tasks to queue
[2023-03-12T13:19:19.514+0000] {logging_mixin.py:137} INFO - [2023-03-12T13:19:19.514+0000] {dagbag.py:538} INFO - Filling up the DagBag from /home/airflow/.local/lib/python3.7/site-packages/airflow/example_dags/tutorial.py
[2023-03-12T13:19:19.526+0000] {processor.py:753} INFO - DAG(s) dict_keys(['tutorial']) retrieved from /home/airflow/.local/lib/python3.7/site-packages/airflow/example_dags/tutorial.py
[2023-03-12T13:19:19.552+0000] {logging_mixin.py:137} INFO - [2023-03-12T13:19:19.552+0000] {dag.py:2690} INFO - Sync 1 DAGs
[2023-03-12T13:19:19.577+0000] {logging_mixin.py:137} INFO - [2023-03-12T13:19:19.577+0000] {dag.py:3441} INFO - Setting next_dagrun for tutorial to 2023-03-11T13:19:19.577389+00:00, run_after=2023-03-12T13:19:19.577389+00:00
[2023-03-12T13:19:19.594+0000] {processor.py:175} INFO - Processing /home/airflow/.local/lib/python3.7/site-packages/airflow/example_dags/tutorial.py took 0.083 seconds
