[2023-03-12T12:43:39.647+0000] {processor.py:153} INFO - Started process (PID=122) to work on /home/airflow/.local/lib/python3.7/site-packages/airflow/example_dags/tutorial_dag.py
[2023-03-12T12:43:39.648+0000] {processor.py:743} INFO - Processing file /home/airflow/.local/lib/python3.7/site-packages/airflow/example_dags/tutorial_dag.py for tasks to queue
[2023-03-12T12:43:39.649+0000] {logging_mixin.py:137} INFO - [2023-03-12T12:43:39.649+0000] {dagbag.py:538} INFO - Filling up the DagBag from /home/airflow/.local/lib/python3.7/site-packages/airflow/example_dags/tutorial_dag.py
[2023-03-12T12:43:39.664+0000] {processor.py:753} INFO - DAG(s) dict_keys(['tutorial_dag']) retrieved from /home/airflow/.local/lib/python3.7/site-packages/airflow/example_dags/tutorial_dag.py
[2023-03-12T12:43:39.676+0000] {logging_mixin.py:137} INFO - [2023-03-12T12:43:39.676+0000] {dag.py:2690} INFO - Sync 1 DAGs
[2023-03-12T12:43:39.701+0000] {logging_mixin.py:137} INFO - [2023-03-12T12:43:39.701+0000] {dag.py:3441} INFO - Setting next_dagrun for tutorial_dag to None, run_after=None
[2023-03-12T12:43:39.720+0000] {processor.py:175} INFO - Processing /home/airflow/.local/lib/python3.7/site-packages/airflow/example_dags/tutorial_dag.py took 0.076 seconds
[2023-03-12T12:44:10.533+0000] {processor.py:153} INFO - Started process (PID=210) to work on /home/airflow/.local/lib/python3.7/site-packages/airflow/example_dags/tutorial_dag.py
[2023-03-12T12:44:10.534+0000] {processor.py:743} INFO - Processing file /home/airflow/.local/lib/python3.7/site-packages/airflow/example_dags/tutorial_dag.py for tasks to queue
[2023-03-12T12:44:10.534+0000] {logging_mixin.py:137} INFO - [2023-03-12T12:44:10.534+0000] {dagbag.py:538} INFO - Filling up the DagBag from /home/airflow/.local/lib/python3.7/site-packages/airflow/example_dags/tutorial_dag.py
[2023-03-12T12:44:10.548+0000] {processor.py:753} INFO - DAG(s) dict_keys(['tutorial_dag']) retrieved from /home/airflow/.local/lib/python3.7/site-packages/airflow/example_dags/tutorial_dag.py
[2023-03-12T12:44:10.578+0000] {logging_mixin.py:137} INFO - [2023-03-12T12:44:10.578+0000] {dag.py:2690} INFO - Sync 1 DAGs
[2023-03-12T12:44:10.603+0000] {logging_mixin.py:137} INFO - [2023-03-12T12:44:10.603+0000] {dag.py:3441} INFO - Setting next_dagrun for tutorial_dag to None, run_after=None
[2023-03-12T12:44:10.621+0000] {processor.py:175} INFO - Processing /home/airflow/.local/lib/python3.7/site-packages/airflow/example_dags/tutorial_dag.py took 0.091 seconds
[2023-03-12T12:44:41.561+0000] {processor.py:153} INFO - Started process (PID=322) to work on /home/airflow/.local/lib/python3.7/site-packages/airflow/example_dags/tutorial_dag.py
[2023-03-12T12:44:41.562+0000] {processor.py:743} INFO - Processing file /home/airflow/.local/lib/python3.7/site-packages/airflow/example_dags/tutorial_dag.py for tasks to queue
[2023-03-12T12:44:41.562+0000] {logging_mixin.py:137} INFO - [2023-03-12T12:44:41.562+0000] {dagbag.py:538} INFO - Filling up the DagBag from /home/airflow/.local/lib/python3.7/site-packages/airflow/example_dags/tutorial_dag.py
[2023-03-12T12:44:41.577+0000] {processor.py:753} INFO - DAG(s) dict_keys(['tutorial_dag']) retrieved from /home/airflow/.local/lib/python3.7/site-packages/airflow/example_dags/tutorial_dag.py
[2023-03-12T12:44:41.603+0000] {logging_mixin.py:137} INFO - [2023-03-12T12:44:41.603+0000] {dag.py:2690} INFO - Sync 1 DAGs
[2023-03-12T12:44:41.629+0000] {logging_mixin.py:137} INFO - [2023-03-12T12:44:41.629+0000] {dag.py:3441} INFO - Setting next_dagrun for tutorial_dag to None, run_after=None
[2023-03-12T12:44:41.653+0000] {processor.py:175} INFO - Processing /home/airflow/.local/lib/python3.7/site-packages/airflow/example_dags/tutorial_dag.py took 0.094 seconds
[2023-03-12T12:45:12.265+0000] {processor.py:153} INFO - Started process (PID=410) to work on /home/airflow/.local/lib/python3.7/site-packages/airflow/example_dags/tutorial_dag.py
[2023-03-12T12:45:12.266+0000] {processor.py:743} INFO - Processing file /home/airflow/.local/lib/python3.7/site-packages/airflow/example_dags/tutorial_dag.py for tasks to queue
[2023-03-12T12:45:12.266+0000] {logging_mixin.py:137} INFO - [2023-03-12T12:45:12.266+0000] {dagbag.py:538} INFO - Filling up the DagBag from /home/airflow/.local/lib/python3.7/site-packages/airflow/example_dags/tutorial_dag.py
[2023-03-12T12:45:12.279+0000] {processor.py:753} INFO - DAG(s) dict_keys(['tutorial_dag']) retrieved from /home/airflow/.local/lib/python3.7/site-packages/airflow/example_dags/tutorial_dag.py
[2023-03-12T12:45:12.306+0000] {logging_mixin.py:137} INFO - [2023-03-12T12:45:12.306+0000] {dag.py:2690} INFO - Sync 1 DAGs
[2023-03-12T12:45:12.331+0000] {logging_mixin.py:137} INFO - [2023-03-12T12:45:12.331+0000] {dag.py:3441} INFO - Setting next_dagrun for tutorial_dag to None, run_after=None
[2023-03-12T12:45:12.352+0000] {processor.py:175} INFO - Processing /home/airflow/.local/lib/python3.7/site-packages/airflow/example_dags/tutorial_dag.py took 0.090 seconds
[2023-03-12T12:45:43.044+0000] {processor.py:153} INFO - Started process (PID=498) to work on /home/airflow/.local/lib/python3.7/site-packages/airflow/example_dags/tutorial_dag.py
[2023-03-12T12:45:43.045+0000] {processor.py:743} INFO - Processing file /home/airflow/.local/lib/python3.7/site-packages/airflow/example_dags/tutorial_dag.py for tasks to queue
[2023-03-12T12:45:43.046+0000] {logging_mixin.py:137} INFO - [2023-03-12T12:45:43.046+0000] {dagbag.py:538} INFO - Filling up the DagBag from /home/airflow/.local/lib/python3.7/site-packages/airflow/example_dags/tutorial_dag.py
[2023-03-12T12:45:43.059+0000] {processor.py:753} INFO - DAG(s) dict_keys(['tutorial_dag']) retrieved from /home/airflow/.local/lib/python3.7/site-packages/airflow/example_dags/tutorial_dag.py
[2023-03-12T12:45:43.083+0000] {logging_mixin.py:137} INFO - [2023-03-12T12:45:43.083+0000] {dag.py:2690} INFO - Sync 1 DAGs
[2023-03-12T12:45:43.110+0000] {logging_mixin.py:137} INFO - [2023-03-12T12:45:43.110+0000] {dag.py:3441} INFO - Setting next_dagrun for tutorial_dag to None, run_after=None
[2023-03-12T12:45:43.129+0000] {processor.py:175} INFO - Processing /home/airflow/.local/lib/python3.7/site-packages/airflow/example_dags/tutorial_dag.py took 0.088 seconds
[2023-03-12T12:46:13.914+0000] {processor.py:153} INFO - Started process (PID=610) to work on /home/airflow/.local/lib/python3.7/site-packages/airflow/example_dags/tutorial_dag.py
[2023-03-12T12:46:13.915+0000] {processor.py:743} INFO - Processing file /home/airflow/.local/lib/python3.7/site-packages/airflow/example_dags/tutorial_dag.py for tasks to queue
[2023-03-12T12:46:13.916+0000] {logging_mixin.py:137} INFO - [2023-03-12T12:46:13.916+0000] {dagbag.py:538} INFO - Filling up the DagBag from /home/airflow/.local/lib/python3.7/site-packages/airflow/example_dags/tutorial_dag.py
[2023-03-12T12:46:13.927+0000] {processor.py:753} INFO - DAG(s) dict_keys(['tutorial_dag']) retrieved from /home/airflow/.local/lib/python3.7/site-packages/airflow/example_dags/tutorial_dag.py
[2023-03-12T12:46:13.953+0000] {logging_mixin.py:137} INFO - [2023-03-12T12:46:13.952+0000] {dag.py:2690} INFO - Sync 1 DAGs
[2023-03-12T12:46:13.978+0000] {logging_mixin.py:137} INFO - [2023-03-12T12:46:13.978+0000] {dag.py:3441} INFO - Setting next_dagrun for tutorial_dag to None, run_after=None
[2023-03-12T12:46:13.996+0000] {processor.py:175} INFO - Processing /home/airflow/.local/lib/python3.7/site-packages/airflow/example_dags/tutorial_dag.py took 0.084 seconds
[2023-03-12T12:54:42.341+0000] {processor.py:153} INFO - Started process (PID=124) to work on /home/airflow/.local/lib/python3.7/site-packages/airflow/example_dags/tutorial_dag.py
[2023-03-12T12:54:42.342+0000] {processor.py:743} INFO - Processing file /home/airflow/.local/lib/python3.7/site-packages/airflow/example_dags/tutorial_dag.py for tasks to queue
[2023-03-12T12:54:42.343+0000] {logging_mixin.py:137} INFO - [2023-03-12T12:54:42.343+0000] {dagbag.py:538} INFO - Filling up the DagBag from /home/airflow/.local/lib/python3.7/site-packages/airflow/example_dags/tutorial_dag.py
[2023-03-12T12:54:42.358+0000] {processor.py:753} INFO - DAG(s) dict_keys(['tutorial_dag']) retrieved from /home/airflow/.local/lib/python3.7/site-packages/airflow/example_dags/tutorial_dag.py
[2023-03-12T12:54:42.371+0000] {logging_mixin.py:137} INFO - [2023-03-12T12:54:42.371+0000] {dag.py:2690} INFO - Sync 1 DAGs
[2023-03-12T12:54:42.396+0000] {logging_mixin.py:137} INFO - [2023-03-12T12:54:42.396+0000] {dag.py:3441} INFO - Setting next_dagrun for tutorial_dag to None, run_after=None
[2023-03-12T12:54:42.415+0000] {processor.py:175} INFO - Processing /home/airflow/.local/lib/python3.7/site-packages/airflow/example_dags/tutorial_dag.py took 0.076 seconds
[2023-03-12T12:55:13.111+0000] {processor.py:153} INFO - Started process (PID=214) to work on /home/airflow/.local/lib/python3.7/site-packages/airflow/example_dags/tutorial_dag.py
[2023-03-12T12:55:13.112+0000] {processor.py:743} INFO - Processing file /home/airflow/.local/lib/python3.7/site-packages/airflow/example_dags/tutorial_dag.py for tasks to queue
[2023-03-12T12:55:13.113+0000] {logging_mixin.py:137} INFO - [2023-03-12T12:55:13.112+0000] {dagbag.py:538} INFO - Filling up the DagBag from /home/airflow/.local/lib/python3.7/site-packages/airflow/example_dags/tutorial_dag.py
[2023-03-12T12:55:13.124+0000] {processor.py:753} INFO - DAG(s) dict_keys(['tutorial_dag']) retrieved from /home/airflow/.local/lib/python3.7/site-packages/airflow/example_dags/tutorial_dag.py
[2023-03-12T12:55:13.157+0000] {logging_mixin.py:137} INFO - [2023-03-12T12:55:13.156+0000] {dag.py:2690} INFO - Sync 1 DAGs
[2023-03-12T12:55:13.191+0000] {logging_mixin.py:137} INFO - [2023-03-12T12:55:13.191+0000] {dag.py:3441} INFO - Setting next_dagrun for tutorial_dag to None, run_after=None
[2023-03-12T12:55:13.213+0000] {processor.py:175} INFO - Processing /home/airflow/.local/lib/python3.7/site-packages/airflow/example_dags/tutorial_dag.py took 0.105 seconds
[2023-03-12T12:55:44.204+0000] {processor.py:153} INFO - Started process (PID=328) to work on /home/airflow/.local/lib/python3.7/site-packages/airflow/example_dags/tutorial_dag.py
[2023-03-12T12:55:44.204+0000] {processor.py:743} INFO - Processing file /home/airflow/.local/lib/python3.7/site-packages/airflow/example_dags/tutorial_dag.py for tasks to queue
[2023-03-12T12:55:44.205+0000] {logging_mixin.py:137} INFO - [2023-03-12T12:55:44.205+0000] {dagbag.py:538} INFO - Filling up the DagBag from /home/airflow/.local/lib/python3.7/site-packages/airflow/example_dags/tutorial_dag.py
[2023-03-12T12:55:44.216+0000] {processor.py:753} INFO - DAG(s) dict_keys(['tutorial_dag']) retrieved from /home/airflow/.local/lib/python3.7/site-packages/airflow/example_dags/tutorial_dag.py
[2023-03-12T12:55:44.243+0000] {logging_mixin.py:137} INFO - [2023-03-12T12:55:44.242+0000] {dag.py:2690} INFO - Sync 1 DAGs
[2023-03-12T12:55:44.274+0000] {logging_mixin.py:137} INFO - [2023-03-12T12:55:44.273+0000] {dag.py:3441} INFO - Setting next_dagrun for tutorial_dag to None, run_after=None
[2023-03-12T12:55:44.292+0000] {processor.py:175} INFO - Processing /home/airflow/.local/lib/python3.7/site-packages/airflow/example_dags/tutorial_dag.py took 0.091 seconds
[2023-03-12T12:56:14.395+0000] {processor.py:153} INFO - Started process (PID=418) to work on /home/airflow/.local/lib/python3.7/site-packages/airflow/example_dags/tutorial_dag.py
[2023-03-12T12:56:14.396+0000] {processor.py:743} INFO - Processing file /home/airflow/.local/lib/python3.7/site-packages/airflow/example_dags/tutorial_dag.py for tasks to queue
[2023-03-12T12:56:14.397+0000] {logging_mixin.py:137} INFO - [2023-03-12T12:56:14.397+0000] {dagbag.py:538} INFO - Filling up the DagBag from /home/airflow/.local/lib/python3.7/site-packages/airflow/example_dags/tutorial_dag.py
[2023-03-12T12:56:14.410+0000] {processor.py:753} INFO - DAG(s) dict_keys(['tutorial_dag']) retrieved from /home/airflow/.local/lib/python3.7/site-packages/airflow/example_dags/tutorial_dag.py
[2023-03-12T12:56:14.436+0000] {logging_mixin.py:137} INFO - [2023-03-12T12:56:14.436+0000] {dag.py:2690} INFO - Sync 1 DAGs
[2023-03-12T12:56:14.462+0000] {logging_mixin.py:137} INFO - [2023-03-12T12:56:14.462+0000] {dag.py:3441} INFO - Setting next_dagrun for tutorial_dag to None, run_after=None
[2023-03-12T12:56:14.481+0000] {processor.py:175} INFO - Processing /home/airflow/.local/lib/python3.7/site-packages/airflow/example_dags/tutorial_dag.py took 0.089 seconds
[2023-03-12T12:56:45.344+0000] {processor.py:153} INFO - Started process (PID=515) to work on /home/airflow/.local/lib/python3.7/site-packages/airflow/example_dags/tutorial_dag.py
[2023-03-12T12:56:45.345+0000] {processor.py:743} INFO - Processing file /home/airflow/.local/lib/python3.7/site-packages/airflow/example_dags/tutorial_dag.py for tasks to queue
[2023-03-12T12:56:45.345+0000] {logging_mixin.py:137} INFO - [2023-03-12T12:56:45.345+0000] {dagbag.py:538} INFO - Filling up the DagBag from /home/airflow/.local/lib/python3.7/site-packages/airflow/example_dags/tutorial_dag.py
[2023-03-12T12:56:45.359+0000] {processor.py:753} INFO - DAG(s) dict_keys(['tutorial_dag']) retrieved from /home/airflow/.local/lib/python3.7/site-packages/airflow/example_dags/tutorial_dag.py
[2023-03-12T12:56:45.384+0000] {logging_mixin.py:137} INFO - [2023-03-12T12:56:45.384+0000] {dag.py:2690} INFO - Sync 1 DAGs
[2023-03-12T12:56:45.410+0000] {logging_mixin.py:137} INFO - [2023-03-12T12:56:45.410+0000] {dag.py:3441} INFO - Setting next_dagrun for tutorial_dag to None, run_after=None
[2023-03-12T12:56:45.432+0000] {processor.py:175} INFO - Processing /home/airflow/.local/lib/python3.7/site-packages/airflow/example_dags/tutorial_dag.py took 0.091 seconds
[2023-03-12T12:57:16.004+0000] {processor.py:153} INFO - Started process (PID=622) to work on /home/airflow/.local/lib/python3.7/site-packages/airflow/example_dags/tutorial_dag.py
[2023-03-12T12:57:16.005+0000] {processor.py:743} INFO - Processing file /home/airflow/.local/lib/python3.7/site-packages/airflow/example_dags/tutorial_dag.py for tasks to queue
[2023-03-12T12:57:16.005+0000] {logging_mixin.py:137} INFO - [2023-03-12T12:57:16.005+0000] {dagbag.py:538} INFO - Filling up the DagBag from /home/airflow/.local/lib/python3.7/site-packages/airflow/example_dags/tutorial_dag.py
[2023-03-12T12:57:16.017+0000] {processor.py:753} INFO - DAG(s) dict_keys(['tutorial_dag']) retrieved from /home/airflow/.local/lib/python3.7/site-packages/airflow/example_dags/tutorial_dag.py
[2023-03-12T12:57:16.042+0000] {logging_mixin.py:137} INFO - [2023-03-12T12:57:16.042+0000] {dag.py:2690} INFO - Sync 1 DAGs
[2023-03-12T12:57:16.072+0000] {logging_mixin.py:137} INFO - [2023-03-12T12:57:16.072+0000] {dag.py:3441} INFO - Setting next_dagrun for tutorial_dag to None, run_after=None
[2023-03-12T12:57:16.089+0000] {processor.py:175} INFO - Processing /home/airflow/.local/lib/python3.7/site-packages/airflow/example_dags/tutorial_dag.py took 0.088 seconds
[2023-03-12T12:57:46.789+0000] {processor.py:153} INFO - Started process (PID=712) to work on /home/airflow/.local/lib/python3.7/site-packages/airflow/example_dags/tutorial_dag.py
[2023-03-12T12:57:46.790+0000] {processor.py:743} INFO - Processing file /home/airflow/.local/lib/python3.7/site-packages/airflow/example_dags/tutorial_dag.py for tasks to queue
[2023-03-12T12:57:46.790+0000] {logging_mixin.py:137} INFO - [2023-03-12T12:57:46.790+0000] {dagbag.py:538} INFO - Filling up the DagBag from /home/airflow/.local/lib/python3.7/site-packages/airflow/example_dags/tutorial_dag.py
[2023-03-12T12:57:46.802+0000] {processor.py:753} INFO - DAG(s) dict_keys(['tutorial_dag']) retrieved from /home/airflow/.local/lib/python3.7/site-packages/airflow/example_dags/tutorial_dag.py
[2023-03-12T12:57:46.826+0000] {logging_mixin.py:137} INFO - [2023-03-12T12:57:46.826+0000] {dag.py:2690} INFO - Sync 1 DAGs
[2023-03-12T12:57:46.852+0000] {logging_mixin.py:137} INFO - [2023-03-12T12:57:46.852+0000] {dag.py:3441} INFO - Setting next_dagrun for tutorial_dag to None, run_after=None
[2023-03-12T12:57:46.871+0000] {processor.py:175} INFO - Processing /home/airflow/.local/lib/python3.7/site-packages/airflow/example_dags/tutorial_dag.py took 0.084 seconds
[2023-03-12T12:58:18.346+0000] {processor.py:153} INFO - Started process (PID=826) to work on /home/airflow/.local/lib/python3.7/site-packages/airflow/example_dags/tutorial_dag.py
[2023-03-12T12:58:18.347+0000] {processor.py:743} INFO - Processing file /home/airflow/.local/lib/python3.7/site-packages/airflow/example_dags/tutorial_dag.py for tasks to queue
[2023-03-12T12:58:18.348+0000] {logging_mixin.py:137} INFO - [2023-03-12T12:58:18.348+0000] {dagbag.py:538} INFO - Filling up the DagBag from /home/airflow/.local/lib/python3.7/site-packages/airflow/example_dags/tutorial_dag.py
[2023-03-12T12:58:18.361+0000] {processor.py:753} INFO - DAG(s) dict_keys(['tutorial_dag']) retrieved from /home/airflow/.local/lib/python3.7/site-packages/airflow/example_dags/tutorial_dag.py
[2023-03-12T12:58:18.387+0000] {logging_mixin.py:137} INFO - [2023-03-12T12:58:18.387+0000] {dag.py:2690} INFO - Sync 1 DAGs
[2023-03-12T12:58:18.414+0000] {logging_mixin.py:137} INFO - [2023-03-12T12:58:18.414+0000] {dag.py:3441} INFO - Setting next_dagrun for tutorial_dag to None, run_after=None
[2023-03-12T12:58:18.433+0000] {processor.py:175} INFO - Processing /home/airflow/.local/lib/python3.7/site-packages/airflow/example_dags/tutorial_dag.py took 0.089 seconds
[2023-03-12T13:00:38.312+0000] {processor.py:153} INFO - Started process (PID=124) to work on /home/airflow/.local/lib/python3.7/site-packages/airflow/example_dags/tutorial_dag.py
[2023-03-12T13:00:38.313+0000] {processor.py:743} INFO - Processing file /home/airflow/.local/lib/python3.7/site-packages/airflow/example_dags/tutorial_dag.py for tasks to queue
[2023-03-12T13:00:38.314+0000] {logging_mixin.py:137} INFO - [2023-03-12T13:00:38.314+0000] {dagbag.py:538} INFO - Filling up the DagBag from /home/airflow/.local/lib/python3.7/site-packages/airflow/example_dags/tutorial_dag.py
[2023-03-12T13:00:38.329+0000] {processor.py:753} INFO - DAG(s) dict_keys(['tutorial_dag']) retrieved from /home/airflow/.local/lib/python3.7/site-packages/airflow/example_dags/tutorial_dag.py
[2023-03-12T13:00:38.341+0000] {logging_mixin.py:137} INFO - [2023-03-12T13:00:38.341+0000] {dag.py:2690} INFO - Sync 1 DAGs
[2023-03-12T13:00:38.371+0000] {logging_mixin.py:137} INFO - [2023-03-12T13:00:38.371+0000] {dag.py:3441} INFO - Setting next_dagrun for tutorial_dag to None, run_after=None
[2023-03-12T13:00:38.394+0000] {processor.py:175} INFO - Processing /home/airflow/.local/lib/python3.7/site-packages/airflow/example_dags/tutorial_dag.py took 0.085 seconds
[2023-03-12T13:01:09.149+0000] {processor.py:153} INFO - Started process (PID=214) to work on /home/airflow/.local/lib/python3.7/site-packages/airflow/example_dags/tutorial_dag.py
[2023-03-12T13:01:09.150+0000] {processor.py:743} INFO - Processing file /home/airflow/.local/lib/python3.7/site-packages/airflow/example_dags/tutorial_dag.py for tasks to queue
[2023-03-12T13:01:09.150+0000] {logging_mixin.py:137} INFO - [2023-03-12T13:01:09.150+0000] {dagbag.py:538} INFO - Filling up the DagBag from /home/airflow/.local/lib/python3.7/site-packages/airflow/example_dags/tutorial_dag.py
[2023-03-12T13:01:09.162+0000] {processor.py:753} INFO - DAG(s) dict_keys(['tutorial_dag']) retrieved from /home/airflow/.local/lib/python3.7/site-packages/airflow/example_dags/tutorial_dag.py
[2023-03-12T13:01:09.186+0000] {logging_mixin.py:137} INFO - [2023-03-12T13:01:09.186+0000] {dag.py:2690} INFO - Sync 1 DAGs
[2023-03-12T13:01:09.213+0000] {logging_mixin.py:137} INFO - [2023-03-12T13:01:09.213+0000] {dag.py:3441} INFO - Setting next_dagrun for tutorial_dag to None, run_after=None
[2023-03-12T13:01:09.232+0000] {processor.py:175} INFO - Processing /home/airflow/.local/lib/python3.7/site-packages/airflow/example_dags/tutorial_dag.py took 0.086 seconds
[2023-03-12T13:01:40.567+0000] {processor.py:153} INFO - Started process (PID=313) to work on /home/airflow/.local/lib/python3.7/site-packages/airflow/example_dags/tutorial_dag.py
[2023-03-12T13:01:40.568+0000] {processor.py:743} INFO - Processing file /home/airflow/.local/lib/python3.7/site-packages/airflow/example_dags/tutorial_dag.py for tasks to queue
[2023-03-12T13:01:40.569+0000] {logging_mixin.py:137} INFO - [2023-03-12T13:01:40.569+0000] {dagbag.py:538} INFO - Filling up the DagBag from /home/airflow/.local/lib/python3.7/site-packages/airflow/example_dags/tutorial_dag.py
[2023-03-12T13:01:40.581+0000] {processor.py:753} INFO - DAG(s) dict_keys(['tutorial_dag']) retrieved from /home/airflow/.local/lib/python3.7/site-packages/airflow/example_dags/tutorial_dag.py
[2023-03-12T13:01:40.610+0000] {logging_mixin.py:137} INFO - [2023-03-12T13:01:40.610+0000] {dag.py:2690} INFO - Sync 1 DAGs
[2023-03-12T13:01:40.646+0000] {logging_mixin.py:137} INFO - [2023-03-12T13:01:40.646+0000] {dag.py:3441} INFO - Setting next_dagrun for tutorial_dag to None, run_after=None
[2023-03-12T13:01:40.677+0000] {processor.py:175} INFO - Processing /home/airflow/.local/lib/python3.7/site-packages/airflow/example_dags/tutorial_dag.py took 0.113 seconds
[2023-03-12T13:02:11.662+0000] {processor.py:153} INFO - Started process (PID=418) to work on /home/airflow/.local/lib/python3.7/site-packages/airflow/example_dags/tutorial_dag.py
[2023-03-12T13:02:11.663+0000] {processor.py:743} INFO - Processing file /home/airflow/.local/lib/python3.7/site-packages/airflow/example_dags/tutorial_dag.py for tasks to queue
[2023-03-12T13:02:11.664+0000] {logging_mixin.py:137} INFO - [2023-03-12T13:02:11.664+0000] {dagbag.py:538} INFO - Filling up the DagBag from /home/airflow/.local/lib/python3.7/site-packages/airflow/example_dags/tutorial_dag.py
[2023-03-12T13:02:11.676+0000] {processor.py:753} INFO - DAG(s) dict_keys(['tutorial_dag']) retrieved from /home/airflow/.local/lib/python3.7/site-packages/airflow/example_dags/tutorial_dag.py
[2023-03-12T13:02:11.702+0000] {logging_mixin.py:137} INFO - [2023-03-12T13:02:11.702+0000] {dag.py:2690} INFO - Sync 1 DAGs
[2023-03-12T13:02:11.729+0000] {logging_mixin.py:137} INFO - [2023-03-12T13:02:11.729+0000] {dag.py:3441} INFO - Setting next_dagrun for tutorial_dag to None, run_after=None
[2023-03-12T13:02:11.747+0000] {processor.py:175} INFO - Processing /home/airflow/.local/lib/python3.7/site-packages/airflow/example_dags/tutorial_dag.py took 0.088 seconds
[2023-03-12T13:02:42.357+0000] {processor.py:153} INFO - Started process (PID=508) to work on /home/airflow/.local/lib/python3.7/site-packages/airflow/example_dags/tutorial_dag.py
[2023-03-12T13:02:42.358+0000] {processor.py:743} INFO - Processing file /home/airflow/.local/lib/python3.7/site-packages/airflow/example_dags/tutorial_dag.py for tasks to queue
[2023-03-12T13:02:42.359+0000] {logging_mixin.py:137} INFO - [2023-03-12T13:02:42.359+0000] {dagbag.py:538} INFO - Filling up the DagBag from /home/airflow/.local/lib/python3.7/site-packages/airflow/example_dags/tutorial_dag.py
[2023-03-12T13:02:42.370+0000] {processor.py:753} INFO - DAG(s) dict_keys(['tutorial_dag']) retrieved from /home/airflow/.local/lib/python3.7/site-packages/airflow/example_dags/tutorial_dag.py
[2023-03-12T13:02:42.393+0000] {logging_mixin.py:137} INFO - [2023-03-12T13:02:42.393+0000] {dag.py:2690} INFO - Sync 1 DAGs
[2023-03-12T13:02:42.420+0000] {logging_mixin.py:137} INFO - [2023-03-12T13:02:42.420+0000] {dag.py:3441} INFO - Setting next_dagrun for tutorial_dag to None, run_after=None
[2023-03-12T13:02:42.438+0000] {processor.py:175} INFO - Processing /home/airflow/.local/lib/python3.7/site-packages/airflow/example_dags/tutorial_dag.py took 0.083 seconds
[2023-03-12T13:03:13.292+0000] {processor.py:153} INFO - Started process (PID=622) to work on /home/airflow/.local/lib/python3.7/site-packages/airflow/example_dags/tutorial_dag.py
[2023-03-12T13:03:13.293+0000] {processor.py:743} INFO - Processing file /home/airflow/.local/lib/python3.7/site-packages/airflow/example_dags/tutorial_dag.py for tasks to queue
[2023-03-12T13:03:13.293+0000] {logging_mixin.py:137} INFO - [2023-03-12T13:03:13.293+0000] {dagbag.py:538} INFO - Filling up the DagBag from /home/airflow/.local/lib/python3.7/site-packages/airflow/example_dags/tutorial_dag.py
[2023-03-12T13:03:13.304+0000] {processor.py:753} INFO - DAG(s) dict_keys(['tutorial_dag']) retrieved from /home/airflow/.local/lib/python3.7/site-packages/airflow/example_dags/tutorial_dag.py
[2023-03-12T13:03:13.370+0000] {logging_mixin.py:137} INFO - [2023-03-12T13:03:13.370+0000] {dag.py:2690} INFO - Sync 1 DAGs
[2023-03-12T13:03:13.396+0000] {logging_mixin.py:137} INFO - [2023-03-12T13:03:13.396+0000] {dag.py:3441} INFO - Setting next_dagrun for tutorial_dag to None, run_after=None
[2023-03-12T13:03:13.416+0000] {processor.py:175} INFO - Processing /home/airflow/.local/lib/python3.7/site-packages/airflow/example_dags/tutorial_dag.py took 0.128 seconds
[2023-03-12T13:03:43.977+0000] {processor.py:153} INFO - Started process (PID=712) to work on /home/airflow/.local/lib/python3.7/site-packages/airflow/example_dags/tutorial_dag.py
[2023-03-12T13:03:43.978+0000] {processor.py:743} INFO - Processing file /home/airflow/.local/lib/python3.7/site-packages/airflow/example_dags/tutorial_dag.py for tasks to queue
[2023-03-12T13:03:43.979+0000] {logging_mixin.py:137} INFO - [2023-03-12T13:03:43.979+0000] {dagbag.py:538} INFO - Filling up the DagBag from /home/airflow/.local/lib/python3.7/site-packages/airflow/example_dags/tutorial_dag.py
[2023-03-12T13:03:43.990+0000] {processor.py:753} INFO - DAG(s) dict_keys(['tutorial_dag']) retrieved from /home/airflow/.local/lib/python3.7/site-packages/airflow/example_dags/tutorial_dag.py
[2023-03-12T13:03:44.014+0000] {logging_mixin.py:137} INFO - [2023-03-12T13:03:44.014+0000] {dag.py:2690} INFO - Sync 1 DAGs
[2023-03-12T13:03:44.039+0000] {logging_mixin.py:137} INFO - [2023-03-12T13:03:44.038+0000] {dag.py:3441} INFO - Setting next_dagrun for tutorial_dag to None, run_after=None
[2023-03-12T13:03:44.062+0000] {processor.py:175} INFO - Processing /home/airflow/.local/lib/python3.7/site-packages/airflow/example_dags/tutorial_dag.py took 0.087 seconds
[2023-03-12T13:04:14.802+0000] {processor.py:153} INFO - Started process (PID=826) to work on /home/airflow/.local/lib/python3.7/site-packages/airflow/example_dags/tutorial_dag.py
[2023-03-12T13:04:14.802+0000] {processor.py:743} INFO - Processing file /home/airflow/.local/lib/python3.7/site-packages/airflow/example_dags/tutorial_dag.py for tasks to queue
[2023-03-12T13:04:14.803+0000] {logging_mixin.py:137} INFO - [2023-03-12T13:04:14.803+0000] {dagbag.py:538} INFO - Filling up the DagBag from /home/airflow/.local/lib/python3.7/site-packages/airflow/example_dags/tutorial_dag.py
[2023-03-12T13:04:14.814+0000] {processor.py:753} INFO - DAG(s) dict_keys(['tutorial_dag']) retrieved from /home/airflow/.local/lib/python3.7/site-packages/airflow/example_dags/tutorial_dag.py
[2023-03-12T13:04:14.838+0000] {logging_mixin.py:137} INFO - [2023-03-12T13:04:14.838+0000] {dag.py:2690} INFO - Sync 1 DAGs
[2023-03-12T13:04:14.867+0000] {logging_mixin.py:137} INFO - [2023-03-12T13:04:14.866+0000] {dag.py:3441} INFO - Setting next_dagrun for tutorial_dag to None, run_after=None
[2023-03-12T13:04:14.884+0000] {processor.py:175} INFO - Processing /home/airflow/.local/lib/python3.7/site-packages/airflow/example_dags/tutorial_dag.py took 0.085 seconds
[2023-03-12T13:04:45.601+0000] {processor.py:153} INFO - Started process (PID=916) to work on /home/airflow/.local/lib/python3.7/site-packages/airflow/example_dags/tutorial_dag.py
[2023-03-12T13:04:45.602+0000] {processor.py:743} INFO - Processing file /home/airflow/.local/lib/python3.7/site-packages/airflow/example_dags/tutorial_dag.py for tasks to queue
[2023-03-12T13:04:45.603+0000] {logging_mixin.py:137} INFO - [2023-03-12T13:04:45.603+0000] {dagbag.py:538} INFO - Filling up the DagBag from /home/airflow/.local/lib/python3.7/site-packages/airflow/example_dags/tutorial_dag.py
[2023-03-12T13:04:45.616+0000] {processor.py:753} INFO - DAG(s) dict_keys(['tutorial_dag']) retrieved from /home/airflow/.local/lib/python3.7/site-packages/airflow/example_dags/tutorial_dag.py
[2023-03-12T13:04:45.640+0000] {logging_mixin.py:137} INFO - [2023-03-12T13:04:45.640+0000] {dag.py:2690} INFO - Sync 1 DAGs
[2023-03-12T13:04:45.671+0000] {logging_mixin.py:137} INFO - [2023-03-12T13:04:45.671+0000] {dag.py:3441} INFO - Setting next_dagrun for tutorial_dag to None, run_after=None
[2023-03-12T13:04:45.690+0000] {processor.py:175} INFO - Processing /home/airflow/.local/lib/python3.7/site-packages/airflow/example_dags/tutorial_dag.py took 0.092 seconds
[2023-03-12T13:05:17.086+0000] {processor.py:153} INFO - Started process (PID=1016) to work on /home/airflow/.local/lib/python3.7/site-packages/airflow/example_dags/tutorial_dag.py
[2023-03-12T13:05:17.087+0000] {processor.py:743} INFO - Processing file /home/airflow/.local/lib/python3.7/site-packages/airflow/example_dags/tutorial_dag.py for tasks to queue
[2023-03-12T13:05:17.088+0000] {logging_mixin.py:137} INFO - [2023-03-12T13:05:17.088+0000] {dagbag.py:538} INFO - Filling up the DagBag from /home/airflow/.local/lib/python3.7/site-packages/airflow/example_dags/tutorial_dag.py
[2023-03-12T13:05:17.109+0000] {processor.py:753} INFO - DAG(s) dict_keys(['tutorial_dag']) retrieved from /home/airflow/.local/lib/python3.7/site-packages/airflow/example_dags/tutorial_dag.py
[2023-03-12T13:05:17.161+0000] {logging_mixin.py:137} INFO - [2023-03-12T13:05:17.161+0000] {dag.py:2690} INFO - Sync 1 DAGs
[2023-03-12T13:05:17.273+0000] {logging_mixin.py:137} INFO - [2023-03-12T13:05:17.272+0000] {dag.py:3441} INFO - Setting next_dagrun for tutorial_dag to None, run_after=None
[2023-03-12T13:05:17.301+0000] {processor.py:175} INFO - Processing /home/airflow/.local/lib/python3.7/site-packages/airflow/example_dags/tutorial_dag.py took 0.220 seconds
[2023-03-12T13:05:48.171+0000] {processor.py:153} INFO - Started process (PID=1121) to work on /home/airflow/.local/lib/python3.7/site-packages/airflow/example_dags/tutorial_dag.py
[2023-03-12T13:05:48.171+0000] {processor.py:743} INFO - Processing file /home/airflow/.local/lib/python3.7/site-packages/airflow/example_dags/tutorial_dag.py for tasks to queue
[2023-03-12T13:05:48.172+0000] {logging_mixin.py:137} INFO - [2023-03-12T13:05:48.172+0000] {dagbag.py:538} INFO - Filling up the DagBag from /home/airflow/.local/lib/python3.7/site-packages/airflow/example_dags/tutorial_dag.py
[2023-03-12T13:05:48.183+0000] {processor.py:753} INFO - DAG(s) dict_keys(['tutorial_dag']) retrieved from /home/airflow/.local/lib/python3.7/site-packages/airflow/example_dags/tutorial_dag.py
[2023-03-12T13:05:48.206+0000] {logging_mixin.py:137} INFO - [2023-03-12T13:05:48.206+0000] {dag.py:2690} INFO - Sync 1 DAGs
[2023-03-12T13:05:48.232+0000] {logging_mixin.py:137} INFO - [2023-03-12T13:05:48.231+0000] {dag.py:3441} INFO - Setting next_dagrun for tutorial_dag to None, run_after=None
[2023-03-12T13:05:48.249+0000] {processor.py:175} INFO - Processing /home/airflow/.local/lib/python3.7/site-packages/airflow/example_dags/tutorial_dag.py took 0.081 seconds
[2023-03-12T13:06:18.411+0000] {processor.py:153} INFO - Started process (PID=1211) to work on /home/airflow/.local/lib/python3.7/site-packages/airflow/example_dags/tutorial_dag.py
[2023-03-12T13:06:18.412+0000] {processor.py:743} INFO - Processing file /home/airflow/.local/lib/python3.7/site-packages/airflow/example_dags/tutorial_dag.py for tasks to queue
[2023-03-12T13:06:18.413+0000] {logging_mixin.py:137} INFO - [2023-03-12T13:06:18.412+0000] {dagbag.py:538} INFO - Filling up the DagBag from /home/airflow/.local/lib/python3.7/site-packages/airflow/example_dags/tutorial_dag.py
[2023-03-12T13:06:18.426+0000] {processor.py:753} INFO - DAG(s) dict_keys(['tutorial_dag']) retrieved from /home/airflow/.local/lib/python3.7/site-packages/airflow/example_dags/tutorial_dag.py
[2023-03-12T13:06:18.459+0000] {logging_mixin.py:137} INFO - [2023-03-12T13:06:18.459+0000] {dag.py:2690} INFO - Sync 1 DAGs
[2023-03-12T13:06:18.491+0000] {logging_mixin.py:137} INFO - [2023-03-12T13:06:18.491+0000] {dag.py:3441} INFO - Setting next_dagrun for tutorial_dag to None, run_after=None
[2023-03-12T13:06:18.512+0000] {processor.py:175} INFO - Processing /home/airflow/.local/lib/python3.7/site-packages/airflow/example_dags/tutorial_dag.py took 0.104 seconds
[2023-03-12T13:06:49.190+0000] {processor.py:153} INFO - Started process (PID=1335) to work on /home/airflow/.local/lib/python3.7/site-packages/airflow/example_dags/tutorial_dag.py
[2023-03-12T13:06:49.191+0000] {processor.py:743} INFO - Processing file /home/airflow/.local/lib/python3.7/site-packages/airflow/example_dags/tutorial_dag.py for tasks to queue
[2023-03-12T13:06:49.192+0000] {logging_mixin.py:137} INFO - [2023-03-12T13:06:49.192+0000] {dagbag.py:538} INFO - Filling up the DagBag from /home/airflow/.local/lib/python3.7/site-packages/airflow/example_dags/tutorial_dag.py
[2023-03-12T13:06:49.202+0000] {processor.py:753} INFO - DAG(s) dict_keys(['tutorial_dag']) retrieved from /home/airflow/.local/lib/python3.7/site-packages/airflow/example_dags/tutorial_dag.py
[2023-03-12T13:06:49.227+0000] {logging_mixin.py:137} INFO - [2023-03-12T13:06:49.227+0000] {dag.py:2690} INFO - Sync 1 DAGs
[2023-03-12T13:06:49.256+0000] {logging_mixin.py:137} INFO - [2023-03-12T13:06:49.256+0000] {dag.py:3441} INFO - Setting next_dagrun for tutorial_dag to None, run_after=None
[2023-03-12T13:06:49.274+0000] {processor.py:175} INFO - Processing /home/airflow/.local/lib/python3.7/site-packages/airflow/example_dags/tutorial_dag.py took 0.086 seconds
[2023-03-12T13:07:08.260+0000] {processor.py:153} INFO - Started process (PID=124) to work on /home/airflow/.local/lib/python3.7/site-packages/airflow/example_dags/tutorial_dag.py
[2023-03-12T13:07:08.261+0000] {processor.py:743} INFO - Processing file /home/airflow/.local/lib/python3.7/site-packages/airflow/example_dags/tutorial_dag.py for tasks to queue
[2023-03-12T13:07:08.262+0000] {logging_mixin.py:137} INFO - [2023-03-12T13:07:08.262+0000] {dagbag.py:538} INFO - Filling up the DagBag from /home/airflow/.local/lib/python3.7/site-packages/airflow/example_dags/tutorial_dag.py
[2023-03-12T13:07:08.275+0000] {processor.py:753} INFO - DAG(s) dict_keys(['tutorial_dag']) retrieved from /home/airflow/.local/lib/python3.7/site-packages/airflow/example_dags/tutorial_dag.py
[2023-03-12T13:07:08.360+0000] {logging_mixin.py:137} INFO - [2023-03-12T13:07:08.360+0000] {dag.py:2690} INFO - Sync 1 DAGs
[2023-03-12T13:07:08.474+0000] {logging_mixin.py:137} INFO - [2023-03-12T13:07:08.474+0000] {dag.py:3441} INFO - Setting next_dagrun for tutorial_dag to None, run_after=None
[2023-03-12T13:07:08.555+0000] {processor.py:175} INFO - Processing /home/airflow/.local/lib/python3.7/site-packages/airflow/example_dags/tutorial_dag.py took 0.299 seconds
[2023-03-12T13:07:38.791+0000] {processor.py:153} INFO - Started process (PID=213) to work on /home/airflow/.local/lib/python3.7/site-packages/airflow/example_dags/tutorial_dag.py
[2023-03-12T13:07:38.792+0000] {processor.py:743} INFO - Processing file /home/airflow/.local/lib/python3.7/site-packages/airflow/example_dags/tutorial_dag.py for tasks to queue
[2023-03-12T13:07:38.793+0000] {logging_mixin.py:137} INFO - [2023-03-12T13:07:38.793+0000] {dagbag.py:538} INFO - Filling up the DagBag from /home/airflow/.local/lib/python3.7/site-packages/airflow/example_dags/tutorial_dag.py
[2023-03-12T13:07:38.805+0000] {processor.py:753} INFO - DAG(s) dict_keys(['tutorial_dag']) retrieved from /home/airflow/.local/lib/python3.7/site-packages/airflow/example_dags/tutorial_dag.py
[2023-03-12T13:07:38.833+0000] {logging_mixin.py:137} INFO - [2023-03-12T13:07:38.833+0000] {dag.py:2690} INFO - Sync 1 DAGs
[2023-03-12T13:07:38.864+0000] {logging_mixin.py:137} INFO - [2023-03-12T13:07:38.864+0000] {dag.py:3441} INFO - Setting next_dagrun for tutorial_dag to None, run_after=None
[2023-03-12T13:07:38.884+0000] {processor.py:175} INFO - Processing /home/airflow/.local/lib/python3.7/site-packages/airflow/example_dags/tutorial_dag.py took 0.095 seconds
[2023-03-12T13:08:09.434+0000] {processor.py:153} INFO - Started process (PID=303) to work on /home/airflow/.local/lib/python3.7/site-packages/airflow/example_dags/tutorial_dag.py
[2023-03-12T13:08:09.434+0000] {processor.py:743} INFO - Processing file /home/airflow/.local/lib/python3.7/site-packages/airflow/example_dags/tutorial_dag.py for tasks to queue
[2023-03-12T13:08:09.435+0000] {logging_mixin.py:137} INFO - [2023-03-12T13:08:09.435+0000] {dagbag.py:538} INFO - Filling up the DagBag from /home/airflow/.local/lib/python3.7/site-packages/airflow/example_dags/tutorial_dag.py
[2023-03-12T13:08:09.446+0000] {processor.py:753} INFO - DAG(s) dict_keys(['tutorial_dag']) retrieved from /home/airflow/.local/lib/python3.7/site-packages/airflow/example_dags/tutorial_dag.py
[2023-03-12T13:08:09.478+0000] {logging_mixin.py:137} INFO - [2023-03-12T13:08:09.478+0000] {dag.py:2690} INFO - Sync 1 DAGs
[2023-03-12T13:08:09.508+0000] {logging_mixin.py:137} INFO - [2023-03-12T13:08:09.508+0000] {dag.py:3441} INFO - Setting next_dagrun for tutorial_dag to None, run_after=None
[2023-03-12T13:08:09.526+0000] {processor.py:175} INFO - Processing /home/airflow/.local/lib/python3.7/site-packages/airflow/example_dags/tutorial_dag.py took 0.095 seconds
[2023-03-12T13:08:40.399+0000] {processor.py:153} INFO - Started process (PID=418) to work on /home/airflow/.local/lib/python3.7/site-packages/airflow/example_dags/tutorial_dag.py
[2023-03-12T13:08:40.400+0000] {processor.py:743} INFO - Processing file /home/airflow/.local/lib/python3.7/site-packages/airflow/example_dags/tutorial_dag.py for tasks to queue
[2023-03-12T13:08:40.401+0000] {logging_mixin.py:137} INFO - [2023-03-12T13:08:40.401+0000] {dagbag.py:538} INFO - Filling up the DagBag from /home/airflow/.local/lib/python3.7/site-packages/airflow/example_dags/tutorial_dag.py
[2023-03-12T13:08:40.414+0000] {processor.py:753} INFO - DAG(s) dict_keys(['tutorial_dag']) retrieved from /home/airflow/.local/lib/python3.7/site-packages/airflow/example_dags/tutorial_dag.py
[2023-03-12T13:08:40.437+0000] {logging_mixin.py:137} INFO - [2023-03-12T13:08:40.437+0000] {dag.py:2690} INFO - Sync 1 DAGs
[2023-03-12T13:08:40.464+0000] {logging_mixin.py:137} INFO - [2023-03-12T13:08:40.464+0000] {dag.py:3441} INFO - Setting next_dagrun for tutorial_dag to None, run_after=None
[2023-03-12T13:08:40.481+0000] {processor.py:175} INFO - Processing /home/airflow/.local/lib/python3.7/site-packages/airflow/example_dags/tutorial_dag.py took 0.085 seconds
[2023-03-12T13:08:59.290+0000] {processor.py:153} INFO - Started process (PID=100) to work on /home/airflow/.local/lib/python3.7/site-packages/airflow/example_dags/tutorial_dag.py
[2023-03-12T13:08:59.291+0000] {processor.py:743} INFO - Processing file /home/airflow/.local/lib/python3.7/site-packages/airflow/example_dags/tutorial_dag.py for tasks to queue
[2023-03-12T13:08:59.292+0000] {logging_mixin.py:137} INFO - [2023-03-12T13:08:59.292+0000] {dagbag.py:538} INFO - Filling up the DagBag from /home/airflow/.local/lib/python3.7/site-packages/airflow/example_dags/tutorial_dag.py
[2023-03-12T13:08:59.303+0000] {processor.py:753} INFO - DAG(s) dict_keys(['tutorial_dag']) retrieved from /home/airflow/.local/lib/python3.7/site-packages/airflow/example_dags/tutorial_dag.py
[2023-03-12T13:08:59.315+0000] {logging_mixin.py:137} INFO - [2023-03-12T13:08:59.315+0000] {dag.py:2690} INFO - Sync 1 DAGs
[2023-03-12T13:08:59.342+0000] {logging_mixin.py:137} INFO - [2023-03-12T13:08:59.342+0000] {dag.py:3441} INFO - Setting next_dagrun for tutorial_dag to None, run_after=None
[2023-03-12T13:08:59.375+0000] {processor.py:175} INFO - Processing /home/airflow/.local/lib/python3.7/site-packages/airflow/example_dags/tutorial_dag.py took 0.088 seconds
[2023-03-12T13:09:30.279+0000] {processor.py:153} INFO - Started process (PID=214) to work on /home/airflow/.local/lib/python3.7/site-packages/airflow/example_dags/tutorial_dag.py
[2023-03-12T13:09:30.279+0000] {processor.py:743} INFO - Processing file /home/airflow/.local/lib/python3.7/site-packages/airflow/example_dags/tutorial_dag.py for tasks to queue
[2023-03-12T13:09:30.280+0000] {logging_mixin.py:137} INFO - [2023-03-12T13:09:30.280+0000] {dagbag.py:538} INFO - Filling up the DagBag from /home/airflow/.local/lib/python3.7/site-packages/airflow/example_dags/tutorial_dag.py
[2023-03-12T13:09:30.291+0000] {processor.py:753} INFO - DAG(s) dict_keys(['tutorial_dag']) retrieved from /home/airflow/.local/lib/python3.7/site-packages/airflow/example_dags/tutorial_dag.py
[2023-03-12T13:09:30.315+0000] {logging_mixin.py:137} INFO - [2023-03-12T13:09:30.315+0000] {dag.py:2690} INFO - Sync 1 DAGs
[2023-03-12T13:09:30.340+0000] {logging_mixin.py:137} INFO - [2023-03-12T13:09:30.340+0000] {dag.py:3441} INFO - Setting next_dagrun for tutorial_dag to None, run_after=None
[2023-03-12T13:09:30.361+0000] {processor.py:175} INFO - Processing /home/airflow/.local/lib/python3.7/site-packages/airflow/example_dags/tutorial_dag.py took 0.085 seconds
[2023-03-12T13:10:01.089+0000] {processor.py:153} INFO - Started process (PID=304) to work on /home/airflow/.local/lib/python3.7/site-packages/airflow/example_dags/tutorial_dag.py
[2023-03-12T13:10:01.090+0000] {processor.py:743} INFO - Processing file /home/airflow/.local/lib/python3.7/site-packages/airflow/example_dags/tutorial_dag.py for tasks to queue
[2023-03-12T13:10:01.091+0000] {logging_mixin.py:137} INFO - [2023-03-12T13:10:01.090+0000] {dagbag.py:538} INFO - Filling up the DagBag from /home/airflow/.local/lib/python3.7/site-packages/airflow/example_dags/tutorial_dag.py
[2023-03-12T13:10:01.102+0000] {processor.py:753} INFO - DAG(s) dict_keys(['tutorial_dag']) retrieved from /home/airflow/.local/lib/python3.7/site-packages/airflow/example_dags/tutorial_dag.py
[2023-03-12T13:10:01.126+0000] {logging_mixin.py:137} INFO - [2023-03-12T13:10:01.126+0000] {dag.py:2690} INFO - Sync 1 DAGs
[2023-03-12T13:10:01.157+0000] {logging_mixin.py:137} INFO - [2023-03-12T13:10:01.157+0000] {dag.py:3441} INFO - Setting next_dagrun for tutorial_dag to None, run_after=None
[2023-03-12T13:10:01.177+0000] {processor.py:175} INFO - Processing /home/airflow/.local/lib/python3.7/site-packages/airflow/example_dags/tutorial_dag.py took 0.091 seconds
[2023-03-12T13:10:32.322+0000] {processor.py:153} INFO - Started process (PID=428) to work on /home/airflow/.local/lib/python3.7/site-packages/airflow/example_dags/tutorial_dag.py
[2023-03-12T13:10:32.323+0000] {processor.py:743} INFO - Processing file /home/airflow/.local/lib/python3.7/site-packages/airflow/example_dags/tutorial_dag.py for tasks to queue
[2023-03-12T13:10:32.323+0000] {logging_mixin.py:137} INFO - [2023-03-12T13:10:32.323+0000] {dagbag.py:538} INFO - Filling up the DagBag from /home/airflow/.local/lib/python3.7/site-packages/airflow/example_dags/tutorial_dag.py
[2023-03-12T13:10:32.334+0000] {processor.py:753} INFO - DAG(s) dict_keys(['tutorial_dag']) retrieved from /home/airflow/.local/lib/python3.7/site-packages/airflow/example_dags/tutorial_dag.py
[2023-03-12T13:10:32.359+0000] {logging_mixin.py:137} INFO - [2023-03-12T13:10:32.359+0000] {dag.py:2690} INFO - Sync 1 DAGs
[2023-03-12T13:10:32.385+0000] {logging_mixin.py:137} INFO - [2023-03-12T13:10:32.385+0000] {dag.py:3441} INFO - Setting next_dagrun for tutorial_dag to None, run_after=None
[2023-03-12T13:10:32.402+0000] {processor.py:175} INFO - Processing /home/airflow/.local/lib/python3.7/site-packages/airflow/example_dags/tutorial_dag.py took 0.083 seconds
[2023-03-12T13:11:03.539+0000] {processor.py:153} INFO - Started process (PID=522) to work on /home/airflow/.local/lib/python3.7/site-packages/airflow/example_dags/tutorial_dag.py
[2023-03-12T13:11:03.539+0000] {processor.py:743} INFO - Processing file /home/airflow/.local/lib/python3.7/site-packages/airflow/example_dags/tutorial_dag.py for tasks to queue
[2023-03-12T13:11:03.540+0000] {logging_mixin.py:137} INFO - [2023-03-12T13:11:03.540+0000] {dagbag.py:538} INFO - Filling up the DagBag from /home/airflow/.local/lib/python3.7/site-packages/airflow/example_dags/tutorial_dag.py
[2023-03-12T13:11:03.551+0000] {processor.py:753} INFO - DAG(s) dict_keys(['tutorial_dag']) retrieved from /home/airflow/.local/lib/python3.7/site-packages/airflow/example_dags/tutorial_dag.py
[2023-03-12T13:11:03.574+0000] {logging_mixin.py:137} INFO - [2023-03-12T13:11:03.574+0000] {dag.py:2690} INFO - Sync 1 DAGs
[2023-03-12T13:11:03.599+0000] {logging_mixin.py:137} INFO - [2023-03-12T13:11:03.599+0000] {dag.py:3441} INFO - Setting next_dagrun for tutorial_dag to None, run_after=None
[2023-03-12T13:11:03.615+0000] {processor.py:175} INFO - Processing /home/airflow/.local/lib/python3.7/site-packages/airflow/example_dags/tutorial_dag.py took 0.079 seconds
[2023-03-12T13:11:34.735+0000] {processor.py:153} INFO - Started process (PID=636) to work on /home/airflow/.local/lib/python3.7/site-packages/airflow/example_dags/tutorial_dag.py
[2023-03-12T13:11:34.736+0000] {processor.py:743} INFO - Processing file /home/airflow/.local/lib/python3.7/site-packages/airflow/example_dags/tutorial_dag.py for tasks to queue
[2023-03-12T13:11:34.736+0000] {logging_mixin.py:137} INFO - [2023-03-12T13:11:34.736+0000] {dagbag.py:538} INFO - Filling up the DagBag from /home/airflow/.local/lib/python3.7/site-packages/airflow/example_dags/tutorial_dag.py
[2023-03-12T13:11:34.748+0000] {processor.py:753} INFO - DAG(s) dict_keys(['tutorial_dag']) retrieved from /home/airflow/.local/lib/python3.7/site-packages/airflow/example_dags/tutorial_dag.py
[2023-03-12T13:11:34.781+0000] {logging_mixin.py:137} INFO - [2023-03-12T13:11:34.781+0000] {dag.py:2690} INFO - Sync 1 DAGs
[2023-03-12T13:11:34.807+0000] {logging_mixin.py:137} INFO - [2023-03-12T13:11:34.806+0000] {dag.py:3441} INFO - Setting next_dagrun for tutorial_dag to None, run_after=None
[2023-03-12T13:11:34.825+0000] {processor.py:175} INFO - Processing /home/airflow/.local/lib/python3.7/site-packages/airflow/example_dags/tutorial_dag.py took 0.094 seconds
[2023-03-12T13:12:05.838+0000] {processor.py:153} INFO - Started process (PID=730) to work on /home/airflow/.local/lib/python3.7/site-packages/airflow/example_dags/tutorial_dag.py
[2023-03-12T13:12:05.838+0000] {processor.py:743} INFO - Processing file /home/airflow/.local/lib/python3.7/site-packages/airflow/example_dags/tutorial_dag.py for tasks to queue
[2023-03-12T13:12:05.839+0000] {logging_mixin.py:137} INFO - [2023-03-12T13:12:05.839+0000] {dagbag.py:538} INFO - Filling up the DagBag from /home/airflow/.local/lib/python3.7/site-packages/airflow/example_dags/tutorial_dag.py
[2023-03-12T13:12:05.856+0000] {processor.py:753} INFO - DAG(s) dict_keys(['tutorial_dag']) retrieved from /home/airflow/.local/lib/python3.7/site-packages/airflow/example_dags/tutorial_dag.py
[2023-03-12T13:12:05.881+0000] {logging_mixin.py:137} INFO - [2023-03-12T13:12:05.881+0000] {dag.py:2690} INFO - Sync 1 DAGs
[2023-03-12T13:12:05.908+0000] {logging_mixin.py:137} INFO - [2023-03-12T13:12:05.908+0000] {dag.py:3441} INFO - Setting next_dagrun for tutorial_dag to None, run_after=None
[2023-03-12T13:12:05.926+0000] {processor.py:175} INFO - Processing /home/airflow/.local/lib/python3.7/site-packages/airflow/example_dags/tutorial_dag.py took 0.091 seconds
[2023-03-12T13:12:37.067+0000] {processor.py:153} INFO - Started process (PID=844) to work on /home/airflow/.local/lib/python3.7/site-packages/airflow/example_dags/tutorial_dag.py
[2023-03-12T13:12:37.068+0000] {processor.py:743} INFO - Processing file /home/airflow/.local/lib/python3.7/site-packages/airflow/example_dags/tutorial_dag.py for tasks to queue
[2023-03-12T13:12:37.068+0000] {logging_mixin.py:137} INFO - [2023-03-12T13:12:37.068+0000] {dagbag.py:538} INFO - Filling up the DagBag from /home/airflow/.local/lib/python3.7/site-packages/airflow/example_dags/tutorial_dag.py
[2023-03-12T13:12:37.080+0000] {processor.py:753} INFO - DAG(s) dict_keys(['tutorial_dag']) retrieved from /home/airflow/.local/lib/python3.7/site-packages/airflow/example_dags/tutorial_dag.py
[2023-03-12T13:12:37.106+0000] {logging_mixin.py:137} INFO - [2023-03-12T13:12:37.106+0000] {dag.py:2690} INFO - Sync 1 DAGs
[2023-03-12T13:12:37.135+0000] {logging_mixin.py:137} INFO - [2023-03-12T13:12:37.134+0000] {dag.py:3441} INFO - Setting next_dagrun for tutorial_dag to None, run_after=None
[2023-03-12T13:12:37.154+0000] {processor.py:175} INFO - Processing /home/airflow/.local/lib/python3.7/site-packages/airflow/example_dags/tutorial_dag.py took 0.091 seconds
[2023-03-12T13:13:07.222+0000] {processor.py:153} INFO - Started process (PID=938) to work on /home/airflow/.local/lib/python3.7/site-packages/airflow/example_dags/tutorial_dag.py
[2023-03-12T13:13:07.223+0000] {processor.py:743} INFO - Processing file /home/airflow/.local/lib/python3.7/site-packages/airflow/example_dags/tutorial_dag.py for tasks to queue
[2023-03-12T13:13:07.223+0000] {logging_mixin.py:137} INFO - [2023-03-12T13:13:07.223+0000] {dagbag.py:538} INFO - Filling up the DagBag from /home/airflow/.local/lib/python3.7/site-packages/airflow/example_dags/tutorial_dag.py
[2023-03-12T13:13:07.235+0000] {processor.py:753} INFO - DAG(s) dict_keys(['tutorial_dag']) retrieved from /home/airflow/.local/lib/python3.7/site-packages/airflow/example_dags/tutorial_dag.py
[2023-03-12T13:13:07.259+0000] {logging_mixin.py:137} INFO - [2023-03-12T13:13:07.259+0000] {dag.py:2690} INFO - Sync 1 DAGs
[2023-03-12T13:13:07.285+0000] {logging_mixin.py:137} INFO - [2023-03-12T13:13:07.285+0000] {dag.py:3441} INFO - Setting next_dagrun for tutorial_dag to None, run_after=None
[2023-03-12T13:13:07.304+0000] {processor.py:175} INFO - Processing /home/airflow/.local/lib/python3.7/site-packages/airflow/example_dags/tutorial_dag.py took 0.085 seconds
[2023-03-12T13:13:38.418+0000] {processor.py:153} INFO - Started process (PID=1037) to work on /home/airflow/.local/lib/python3.7/site-packages/airflow/example_dags/tutorial_dag.py
[2023-03-12T13:13:38.419+0000] {processor.py:743} INFO - Processing file /home/airflow/.local/lib/python3.7/site-packages/airflow/example_dags/tutorial_dag.py for tasks to queue
[2023-03-12T13:13:38.420+0000] {logging_mixin.py:137} INFO - [2023-03-12T13:13:38.420+0000] {dagbag.py:538} INFO - Filling up the DagBag from /home/airflow/.local/lib/python3.7/site-packages/airflow/example_dags/tutorial_dag.py
[2023-03-12T13:13:38.432+0000] {processor.py:753} INFO - DAG(s) dict_keys(['tutorial_dag']) retrieved from /home/airflow/.local/lib/python3.7/site-packages/airflow/example_dags/tutorial_dag.py
[2023-03-12T13:13:38.462+0000] {logging_mixin.py:137} INFO - [2023-03-12T13:13:38.462+0000] {dag.py:2690} INFO - Sync 1 DAGs
[2023-03-12T13:13:38.488+0000] {logging_mixin.py:137} INFO - [2023-03-12T13:13:38.488+0000] {dag.py:3441} INFO - Setting next_dagrun for tutorial_dag to None, run_after=None
[2023-03-12T13:13:38.507+0000] {processor.py:175} INFO - Processing /home/airflow/.local/lib/python3.7/site-packages/airflow/example_dags/tutorial_dag.py took 0.091 seconds
[2023-03-12T13:14:08.618+0000] {processor.py:153} INFO - Started process (PID=1146) to work on /home/airflow/.local/lib/python3.7/site-packages/airflow/example_dags/tutorial_dag.py
[2023-03-12T13:14:08.619+0000] {processor.py:743} INFO - Processing file /home/airflow/.local/lib/python3.7/site-packages/airflow/example_dags/tutorial_dag.py for tasks to queue
[2023-03-12T13:14:08.620+0000] {logging_mixin.py:137} INFO - [2023-03-12T13:14:08.620+0000] {dagbag.py:538} INFO - Filling up the DagBag from /home/airflow/.local/lib/python3.7/site-packages/airflow/example_dags/tutorial_dag.py
[2023-03-12T13:14:08.631+0000] {processor.py:753} INFO - DAG(s) dict_keys(['tutorial_dag']) retrieved from /home/airflow/.local/lib/python3.7/site-packages/airflow/example_dags/tutorial_dag.py
[2023-03-12T13:14:08.656+0000] {logging_mixin.py:137} INFO - [2023-03-12T13:14:08.656+0000] {dag.py:2690} INFO - Sync 1 DAGs
[2023-03-12T13:14:08.682+0000] {logging_mixin.py:137} INFO - [2023-03-12T13:14:08.682+0000] {dag.py:3441} INFO - Setting next_dagrun for tutorial_dag to None, run_after=None
[2023-03-12T13:14:08.700+0000] {processor.py:175} INFO - Processing /home/airflow/.local/lib/python3.7/site-packages/airflow/example_dags/tutorial_dag.py took 0.084 seconds
[2023-03-12T13:14:38.854+0000] {processor.py:153} INFO - Started process (PID=1236) to work on /home/airflow/.local/lib/python3.7/site-packages/airflow/example_dags/tutorial_dag.py
[2023-03-12T13:14:38.855+0000] {processor.py:743} INFO - Processing file /home/airflow/.local/lib/python3.7/site-packages/airflow/example_dags/tutorial_dag.py for tasks to queue
[2023-03-12T13:14:38.856+0000] {logging_mixin.py:137} INFO - [2023-03-12T13:14:38.856+0000] {dagbag.py:538} INFO - Filling up the DagBag from /home/airflow/.local/lib/python3.7/site-packages/airflow/example_dags/tutorial_dag.py
[2023-03-12T13:14:38.868+0000] {processor.py:753} INFO - DAG(s) dict_keys(['tutorial_dag']) retrieved from /home/airflow/.local/lib/python3.7/site-packages/airflow/example_dags/tutorial_dag.py
[2023-03-12T13:14:38.893+0000] {logging_mixin.py:137} INFO - [2023-03-12T13:14:38.893+0000] {dag.py:2690} INFO - Sync 1 DAGs
[2023-03-12T13:14:38.919+0000] {logging_mixin.py:137} INFO - [2023-03-12T13:14:38.919+0000] {dag.py:3441} INFO - Setting next_dagrun for tutorial_dag to None, run_after=None
[2023-03-12T13:14:38.937+0000] {processor.py:175} INFO - Processing /home/airflow/.local/lib/python3.7/site-packages/airflow/example_dags/tutorial_dag.py took 0.086 seconds
[2023-03-12T13:15:09.311+0000] {processor.py:153} INFO - Started process (PID=1354) to work on /home/airflow/.local/lib/python3.7/site-packages/airflow/example_dags/tutorial_dag.py
[2023-03-12T13:15:09.312+0000] {processor.py:743} INFO - Processing file /home/airflow/.local/lib/python3.7/site-packages/airflow/example_dags/tutorial_dag.py for tasks to queue
[2023-03-12T13:15:09.312+0000] {logging_mixin.py:137} INFO - [2023-03-12T13:15:09.312+0000] {dagbag.py:538} INFO - Filling up the DagBag from /home/airflow/.local/lib/python3.7/site-packages/airflow/example_dags/tutorial_dag.py
[2023-03-12T13:15:09.326+0000] {processor.py:753} INFO - DAG(s) dict_keys(['tutorial_dag']) retrieved from /home/airflow/.local/lib/python3.7/site-packages/airflow/example_dags/tutorial_dag.py
[2023-03-12T13:15:09.354+0000] {logging_mixin.py:137} INFO - [2023-03-12T13:15:09.354+0000] {dag.py:2690} INFO - Sync 1 DAGs
[2023-03-12T13:15:09.382+0000] {logging_mixin.py:137} INFO - [2023-03-12T13:15:09.382+0000] {dag.py:3441} INFO - Setting next_dagrun for tutorial_dag to None, run_after=None
[2023-03-12T13:15:09.405+0000] {processor.py:175} INFO - Processing /home/airflow/.local/lib/python3.7/site-packages/airflow/example_dags/tutorial_dag.py took 0.098 seconds
[2023-03-12T13:15:39.430+0000] {processor.py:153} INFO - Started process (PID=1444) to work on /home/airflow/.local/lib/python3.7/site-packages/airflow/example_dags/tutorial_dag.py
[2023-03-12T13:15:39.431+0000] {processor.py:743} INFO - Processing file /home/airflow/.local/lib/python3.7/site-packages/airflow/example_dags/tutorial_dag.py for tasks to queue
[2023-03-12T13:15:39.431+0000] {logging_mixin.py:137} INFO - [2023-03-12T13:15:39.431+0000] {dagbag.py:538} INFO - Filling up the DagBag from /home/airflow/.local/lib/python3.7/site-packages/airflow/example_dags/tutorial_dag.py
[2023-03-12T13:15:39.443+0000] {processor.py:753} INFO - DAG(s) dict_keys(['tutorial_dag']) retrieved from /home/airflow/.local/lib/python3.7/site-packages/airflow/example_dags/tutorial_dag.py
[2023-03-12T13:15:39.468+0000] {logging_mixin.py:137} INFO - [2023-03-12T13:15:39.468+0000] {dag.py:2690} INFO - Sync 1 DAGs
[2023-03-12T13:15:39.494+0000] {logging_mixin.py:137} INFO - [2023-03-12T13:15:39.493+0000] {dag.py:3441} INFO - Setting next_dagrun for tutorial_dag to None, run_after=None
[2023-03-12T13:15:39.511+0000] {processor.py:175} INFO - Processing /home/airflow/.local/lib/python3.7/site-packages/airflow/example_dags/tutorial_dag.py took 0.084 seconds
[2023-03-12T13:16:15.339+0000] {processor.py:153} INFO - Started process (PID=101) to work on /home/airflow/.local/lib/python3.7/site-packages/airflow/example_dags/tutorial_dag.py
[2023-03-12T13:16:15.340+0000] {processor.py:743} INFO - Processing file /home/airflow/.local/lib/python3.7/site-packages/airflow/example_dags/tutorial_dag.py for tasks to queue
[2023-03-12T13:16:15.341+0000] {logging_mixin.py:137} INFO - [2023-03-12T13:16:15.340+0000] {dagbag.py:538} INFO - Filling up the DagBag from /home/airflow/.local/lib/python3.7/site-packages/airflow/example_dags/tutorial_dag.py
[2023-03-12T13:16:15.352+0000] {processor.py:753} INFO - DAG(s) dict_keys(['tutorial_dag']) retrieved from /home/airflow/.local/lib/python3.7/site-packages/airflow/example_dags/tutorial_dag.py
[2023-03-12T13:16:15.365+0000] {logging_mixin.py:137} INFO - [2023-03-12T13:16:15.364+0000] {dag.py:2690} INFO - Sync 1 DAGs
[2023-03-12T13:16:15.392+0000] {logging_mixin.py:137} INFO - [2023-03-12T13:16:15.392+0000] {dag.py:3441} INFO - Setting next_dagrun for tutorial_dag to None, run_after=None
[2023-03-12T13:16:15.412+0000] {processor.py:175} INFO - Processing /home/airflow/.local/lib/python3.7/site-packages/airflow/example_dags/tutorial_dag.py took 0.075 seconds
[2023-03-12T13:16:46.220+0000] {processor.py:153} INFO - Started process (PID=216) to work on /home/airflow/.local/lib/python3.7/site-packages/airflow/example_dags/tutorial_dag.py
[2023-03-12T13:16:46.221+0000] {processor.py:743} INFO - Processing file /home/airflow/.local/lib/python3.7/site-packages/airflow/example_dags/tutorial_dag.py for tasks to queue
[2023-03-12T13:16:46.221+0000] {logging_mixin.py:137} INFO - [2023-03-12T13:16:46.221+0000] {dagbag.py:538} INFO - Filling up the DagBag from /home/airflow/.local/lib/python3.7/site-packages/airflow/example_dags/tutorial_dag.py
[2023-03-12T13:16:46.232+0000] {processor.py:753} INFO - DAG(s) dict_keys(['tutorial_dag']) retrieved from /home/airflow/.local/lib/python3.7/site-packages/airflow/example_dags/tutorial_dag.py
[2023-03-12T13:16:46.257+0000] {logging_mixin.py:137} INFO - [2023-03-12T13:16:46.257+0000] {dag.py:2690} INFO - Sync 1 DAGs
[2023-03-12T13:16:46.282+0000] {logging_mixin.py:137} INFO - [2023-03-12T13:16:46.282+0000] {dag.py:3441} INFO - Setting next_dagrun for tutorial_dag to None, run_after=None
[2023-03-12T13:16:46.299+0000] {processor.py:175} INFO - Processing /home/airflow/.local/lib/python3.7/site-packages/airflow/example_dags/tutorial_dag.py took 0.082 seconds
[2023-03-12T13:17:17.667+0000] {processor.py:153} INFO - Started process (PID=311) to work on /home/airflow/.local/lib/python3.7/site-packages/airflow/example_dags/tutorial_dag.py
[2023-03-12T13:17:17.668+0000] {processor.py:743} INFO - Processing file /home/airflow/.local/lib/python3.7/site-packages/airflow/example_dags/tutorial_dag.py for tasks to queue
[2023-03-12T13:17:17.669+0000] {logging_mixin.py:137} INFO - [2023-03-12T13:17:17.669+0000] {dagbag.py:538} INFO - Filling up the DagBag from /home/airflow/.local/lib/python3.7/site-packages/airflow/example_dags/tutorial_dag.py
[2023-03-12T13:17:17.681+0000] {processor.py:753} INFO - DAG(s) dict_keys(['tutorial_dag']) retrieved from /home/airflow/.local/lib/python3.7/site-packages/airflow/example_dags/tutorial_dag.py
[2023-03-12T13:17:17.704+0000] {logging_mixin.py:137} INFO - [2023-03-12T13:17:17.704+0000] {dag.py:2690} INFO - Sync 1 DAGs
[2023-03-12T13:17:17.729+0000] {logging_mixin.py:137} INFO - [2023-03-12T13:17:17.729+0000] {dag.py:3441} INFO - Setting next_dagrun for tutorial_dag to None, run_after=None
[2023-03-12T13:17:17.748+0000] {processor.py:175} INFO - Processing /home/airflow/.local/lib/python3.7/site-packages/airflow/example_dags/tutorial_dag.py took 0.083 seconds
[2023-03-12T13:17:48.128+0000] {processor.py:153} INFO - Started process (PID=426) to work on /home/airflow/.local/lib/python3.7/site-packages/airflow/example_dags/tutorial_dag.py
[2023-03-12T13:17:48.129+0000] {processor.py:743} INFO - Processing file /home/airflow/.local/lib/python3.7/site-packages/airflow/example_dags/tutorial_dag.py for tasks to queue
[2023-03-12T13:17:48.130+0000] {logging_mixin.py:137} INFO - [2023-03-12T13:17:48.129+0000] {dagbag.py:538} INFO - Filling up the DagBag from /home/airflow/.local/lib/python3.7/site-packages/airflow/example_dags/tutorial_dag.py
[2023-03-12T13:17:48.141+0000] {processor.py:753} INFO - DAG(s) dict_keys(['tutorial_dag']) retrieved from /home/airflow/.local/lib/python3.7/site-packages/airflow/example_dags/tutorial_dag.py
[2023-03-12T13:17:48.169+0000] {logging_mixin.py:137} INFO - [2023-03-12T13:17:48.169+0000] {dag.py:2690} INFO - Sync 1 DAGs
[2023-03-12T13:17:48.194+0000] {logging_mixin.py:137} INFO - [2023-03-12T13:17:48.194+0000] {dag.py:3441} INFO - Setting next_dagrun for tutorial_dag to None, run_after=None
[2023-03-12T13:17:48.217+0000] {processor.py:175} INFO - Processing /home/airflow/.local/lib/python3.7/site-packages/airflow/example_dags/tutorial_dag.py took 0.091 seconds
[2023-03-12T13:18:18.252+0000] {processor.py:153} INFO - Started process (PID=524) to work on /home/airflow/.local/lib/python3.7/site-packages/airflow/example_dags/tutorial_dag.py
[2023-03-12T13:18:18.253+0000] {processor.py:743} INFO - Processing file /home/airflow/.local/lib/python3.7/site-packages/airflow/example_dags/tutorial_dag.py for tasks to queue
[2023-03-12T13:18:18.254+0000] {logging_mixin.py:137} INFO - [2023-03-12T13:18:18.254+0000] {dagbag.py:538} INFO - Filling up the DagBag from /home/airflow/.local/lib/python3.7/site-packages/airflow/example_dags/tutorial_dag.py
[2023-03-12T13:18:18.266+0000] {processor.py:753} INFO - DAG(s) dict_keys(['tutorial_dag']) retrieved from /home/airflow/.local/lib/python3.7/site-packages/airflow/example_dags/tutorial_dag.py
[2023-03-12T13:18:18.290+0000] {logging_mixin.py:137} INFO - [2023-03-12T13:18:18.290+0000] {dag.py:2690} INFO - Sync 1 DAGs
[2023-03-12T13:18:18.316+0000] {logging_mixin.py:137} INFO - [2023-03-12T13:18:18.316+0000] {dag.py:3441} INFO - Setting next_dagrun for tutorial_dag to None, run_after=None
[2023-03-12T13:18:18.334+0000] {processor.py:175} INFO - Processing /home/airflow/.local/lib/python3.7/site-packages/airflow/example_dags/tutorial_dag.py took 0.085 seconds
[2023-03-12T13:18:49.345+0000] {processor.py:153} INFO - Started process (PID=638) to work on /home/airflow/.local/lib/python3.7/site-packages/airflow/example_dags/tutorial_dag.py
[2023-03-12T13:18:49.345+0000] {processor.py:743} INFO - Processing file /home/airflow/.local/lib/python3.7/site-packages/airflow/example_dags/tutorial_dag.py for tasks to queue
[2023-03-12T13:18:49.346+0000] {logging_mixin.py:137} INFO - [2023-03-12T13:18:49.346+0000] {dagbag.py:538} INFO - Filling up the DagBag from /home/airflow/.local/lib/python3.7/site-packages/airflow/example_dags/tutorial_dag.py
[2023-03-12T13:18:49.358+0000] {processor.py:753} INFO - DAG(s) dict_keys(['tutorial_dag']) retrieved from /home/airflow/.local/lib/python3.7/site-packages/airflow/example_dags/tutorial_dag.py
[2023-03-12T13:18:49.382+0000] {logging_mixin.py:137} INFO - [2023-03-12T13:18:49.382+0000] {dag.py:2690} INFO - Sync 1 DAGs
[2023-03-12T13:18:49.407+0000] {logging_mixin.py:137} INFO - [2023-03-12T13:18:49.407+0000] {dag.py:3441} INFO - Setting next_dagrun for tutorial_dag to None, run_after=None
[2023-03-12T13:18:49.425+0000] {processor.py:175} INFO - Processing /home/airflow/.local/lib/python3.7/site-packages/airflow/example_dags/tutorial_dag.py took 0.083 seconds
[2023-03-12T13:19:19.612+0000] {processor.py:153} INFO - Started process (PID=733) to work on /home/airflow/.local/lib/python3.7/site-packages/airflow/example_dags/tutorial_dag.py
[2023-03-12T13:19:19.613+0000] {processor.py:743} INFO - Processing file /home/airflow/.local/lib/python3.7/site-packages/airflow/example_dags/tutorial_dag.py for tasks to queue
[2023-03-12T13:19:19.613+0000] {logging_mixin.py:137} INFO - [2023-03-12T13:19:19.613+0000] {dagbag.py:538} INFO - Filling up the DagBag from /home/airflow/.local/lib/python3.7/site-packages/airflow/example_dags/tutorial_dag.py
[2023-03-12T13:19:19.624+0000] {processor.py:753} INFO - DAG(s) dict_keys(['tutorial_dag']) retrieved from /home/airflow/.local/lib/python3.7/site-packages/airflow/example_dags/tutorial_dag.py
[2023-03-12T13:19:19.647+0000] {logging_mixin.py:137} INFO - [2023-03-12T13:19:19.646+0000] {dag.py:2690} INFO - Sync 1 DAGs
[2023-03-12T13:19:19.672+0000] {logging_mixin.py:137} INFO - [2023-03-12T13:19:19.672+0000] {dag.py:3441} INFO - Setting next_dagrun for tutorial_dag to None, run_after=None
[2023-03-12T13:19:19.689+0000] {processor.py:175} INFO - Processing /home/airflow/.local/lib/python3.7/site-packages/airflow/example_dags/tutorial_dag.py took 0.079 seconds
